<?xml version="1.0" encoding="UTF-8"?>
<testsuite xmlns:xsi="http://www.w3.org/2001/XMLSchema-instance" xsi:noNamespaceSchemaLocation="https://maven.apache.org/surefire/maven-surefire-plugin/xsd/surefire-test-report-3.0.xsd" version="3.0" name="emissary.core.FactoryTest" time="0.164" tests="19" errors="0" skipped="0" failures="0">
  <properties>
    <property name="git.tags" value="8.0.0-M10"/>
    <property name="java.specification.version" value="17"/>
    <property name="sun.jnu.encoding" value="UTF-8"/>
    <property name="git.build.version" value="8.0.0-M10"/>
    <property name="java.class.path" value="/Users/connor/Projects/work/emissary/target/test-classes:/Users/connor/Projects/work/emissary/target/classes:/Users/connor/.m2/repository/ch/qos/logback/logback-classic/1.3.12/logback-classic-1.3.12.jar:/Users/connor/.m2/repository/ch/qos/logback/logback-core/1.3.12/logback-core-1.3.12.jar:/Users/connor/.m2/repository/com/fasterxml/jackson/core/jackson-databind/2.13.4.2/jackson-databind-2.13.4.2.jar:/Users/connor/.m2/repository/com/fasterxml/jackson/core/jackson-annotations/2.13.4/jackson-annotations-2.13.4.jar:/Users/connor/.m2/repository/com/fasterxml/jackson/core/jackson-core/2.13.4/jackson-core-2.13.4.jar:/Users/connor/.m2/repository/com/github/spullara/mustache/java/compiler/0.9.10/compiler-0.9.10.jar:/Users/connor/.m2/repository/com/google/code/gson/gson/2.8.9/gson-2.8.9.jar:/Users/connor/.m2/repository/com/google/guava/guava/32.0.0-jre/guava-32.0.0-jre.jar:/Users/connor/.m2/repository/com/google/guava/failureaccess/1.0.1/failureaccess-1.0.1.jar:/Users/connor/.m2/repository/com/google/guava/listenablefuture/9999.0-empty-to-avoid-conflict-with-guava/listenablefuture-9999.0-empty-to-avoid-conflict-with-guava.jar:/Users/connor/.m2/repository/com/google/code/findbugs/jsr305/3.0.2/jsr305-3.0.2.jar:/Users/connor/.m2/repository/org/checkerframework/checker-qual/3.33.0/checker-qual-3.33.0.jar:/Users/connor/.m2/repository/com/google/errorprone/error_prone_annotations/2.18.0/error_prone_annotations-2.18.0.jar:/Users/connor/.m2/repository/com/google/j2objc/j2objc-annotations/2.8/j2objc-annotations-2.8.jar:/Users/connor/.m2/repository/commons-cli/commons-cli/1.5.0/commons-cli-1.5.0.jar:/Users/connor/.m2/repository/commons-codec/commons-codec/1.15/commons-codec-1.15.jar:/Users/connor/.m2/repository/commons-io/commons-io/2.11.0/commons-io-2.11.0.jar:/Users/connor/.m2/repository/info/picocli/picocli/4.7.4/picocli-4.7.4.jar:/Users/connor/.m2/repository/io/dropwizard/metrics/metrics-graphite/4.2.4/metrics-graphite-4.2.4.jar:/Users/connor/.m2/repository/io/dropwizard/metrics/metrics-core/4.2.4/metrics-core-4.2.4.jar:/Users/connor/.m2/repository/com/rabbitmq/amqp-client/5.13.1/amqp-client-5.13.1.jar:/Users/connor/.m2/repository/io/dropwizard/metrics/metrics-healthchecks/4.2.4/metrics-healthchecks-4.2.4.jar:/Users/connor/.m2/repository/io/dropwizard/metrics/metrics-jmx/4.2.4/metrics-jmx-4.2.4.jar:/Users/connor/.m2/repository/io/dropwizard/metrics/metrics-jvm/4.2.4/metrics-jvm-4.2.4.jar:/Users/connor/.m2/repository/io/dropwizard/metrics/metrics-servlets/4.2.4/metrics-servlets-4.2.4.jar:/Users/connor/.m2/repository/io/dropwizard/metrics/metrics-json/4.2.4/metrics-json-4.2.4.jar:/Users/connor/.m2/repository/com/helger/profiler/1.1.1/profiler-1.1.1.jar:/Users/connor/.m2/repository/jakarta/activation/jakarta.activation-api/1.2.2/jakarta.activation-api-1.2.2.jar:/Users/connor/.m2/repository/jakarta/servlet/jakarta.servlet-api/4.0.3/jakarta.servlet-api-4.0.3.jar:/Users/connor/.m2/repository/jakarta/xml/bind/jakarta.xml.bind-api/2.3.3/jakarta.xml.bind-api-2.3.3.jar:/Users/connor/.m2/repository/net/logstash/logback/logstash-logback-encoder/7.2/logstash-logback-encoder-7.2.jar:/Users/connor/.m2/repository/net/spy/spymemcached/2.12.3/spymemcached-2.12.3.jar:/Users/connor/.m2/repository/org/apache/commons/commons-collections4/4.4/commons-collections4-4.4.jar:/Users/connor/.m2/repository/org/apache/commons/commons-compress/1.21/commons-compress-1.21.jar:/Users/connor/.m2/repository/org/apache/commons/commons-exec/1.3/commons-exec-1.3.jar:/Users/connor/.m2/repository/org/apache/commons/commons-lang3/3.12.0/commons-lang3-3.12.0.jar:/Users/connor/.m2/repository/org/apache/commons/commons-pool2/2.11.1/commons-pool2-2.11.1.jar:/Users/connor/.m2/repository/org/apache/httpcomponents/client5/httpclient5/5.2.1/httpclient5-5.2.1.jar:/Users/connor/.m2/repository/org/apache/httpcomponents/core5/httpcore5/5.2.1/httpcore5-5.2.1.jar:/Users/connor/.m2/repository/org/apache/httpcomponents/core5/httpcore5-h2/5.2/httpcore5-h2-5.2.jar:/Users/connor/.m2/repository/org/codehaus/janino/janino/3.1.7/janino-3.1.7.jar:/Users/connor/.m2/repository/org/codehaus/janino/commons-compiler/3.1.7/commons-compiler-3.1.7.jar:/Users/connor/.m2/repository/org/eclipse/jetty/jetty-plus/10.0.15/jetty-plus-10.0.15.jar:/Users/connor/.m2/repository/jakarta/transaction/jakarta.transaction-api/1.3.3/jakarta.transaction-api-1.3.3.jar:/Users/connor/.m2/repository/org/eclipse/jetty/jetty-jndi/10.0.15/jetty-jndi-10.0.15.jar:/Users/connor/.m2/repository/org/eclipse/jetty/jetty-security/10.0.15/jetty-security-10.0.15.jar:/Users/connor/.m2/repository/org/eclipse/jetty/jetty-server/10.0.15/jetty-server-10.0.15.jar:/Users/connor/.m2/repository/org/eclipse/jetty/jetty-http/10.0.15/jetty-http-10.0.15.jar:/Users/connor/.m2/repository/org/eclipse/jetty/jetty-io/10.0.15/jetty-io-10.0.15.jar:/Users/connor/.m2/repository/org/eclipse/jetty/jetty-util/10.0.15/jetty-util-10.0.15.jar:/Users/connor/.m2/repository/org/eclipse/jetty/jetty-webapp/10.0.15/jetty-webapp-10.0.15.jar:/Users/connor/.m2/repository/org/eclipse/jetty/jetty-servlet/10.0.15/jetty-servlet-10.0.15.jar:/Users/connor/.m2/repository/org/eclipse/jetty/jetty-xml/10.0.15/jetty-xml-10.0.15.jar:/Users/connor/.m2/repository/org/glassfish/jaxb/jaxb-runtime/2.3.8/jaxb-runtime-2.3.8.jar:/Users/connor/.m2/repository/org/glassfish/jaxb/txw2/2.3.8/txw2-2.3.8.jar:/Users/connor/.m2/repository/com/sun/istack/istack-commons-runtime/3.0.12/istack-commons-runtime-3.0.12.jar:/Users/connor/.m2/repository/com/sun/activation/jakarta.activation/1.2.2/jakarta.activation-1.2.2.jar:/Users/connor/.m2/repository/org/glassfish/jersey/containers/jersey-container-jetty-http/2.40/jersey-container-jetty-http-2.40.jar:/Users/connor/.m2/repository/org/glassfish/hk2/external/jakarta.inject/2.6.1/jakarta.inject-2.6.1.jar:/Users/connor/.m2/repository/org/eclipse/jetty/jetty-continuation/9.4.51.v20230217/jetty-continuation-9.4.51.v20230217.jar:/Users/connor/.m2/repository/jakarta/ws/rs/jakarta.ws.rs-api/2.1.6/jakarta.ws.rs-api-2.1.6.jar:/Users/connor/.m2/repository/org/glassfish/jersey/containers/jersey-container-servlet-core/2.40/jersey-container-servlet-core-2.40.jar:/Users/connor/.m2/repository/org/glassfish/jersey/core/jersey-common/2.40/jersey-common-2.40.jar:/Users/connor/.m2/repository/jakarta/annotation/jakarta.annotation-api/1.3.5/jakarta.annotation-api-1.3.5.jar:/Users/connor/.m2/repository/org/glassfish/hk2/osgi-resource-locator/1.0.3/osgi-resource-locator-1.0.3.jar:/Users/connor/.m2/repository/org/glassfish/jersey/core/jersey-server/2.40/jersey-server-2.40.jar:/Users/connor/.m2/repository/org/glassfish/jersey/core/jersey-client/2.40/jersey-client-2.40.jar:/Users/connor/.m2/repository/jakarta/validation/jakarta.validation-api/2.0.2/jakarta.validation-api-2.0.2.jar:/Users/connor/.m2/repository/org/glassfish/jersey/ext/jersey-mvc/2.40/jersey-mvc-2.40.jar:/Users/connor/.m2/repository/org/glassfish/jersey/ext/jersey-mvc-mustache/2.40/jersey-mvc-mustache-2.40.jar:/Users/connor/.m2/repository/org/glassfish/jersey/inject/jersey-hk2/2.40/jersey-hk2-2.40.jar:/Users/connor/.m2/repository/org/glassfish/hk2/hk2-locator/2.6.1/hk2-locator-2.6.1.jar:/Users/connor/.m2/repository/org/glassfish/hk2/external/aopalliance-repackaged/2.6.1/aopalliance-repackaged-2.6.1.jar:/Users/connor/.m2/repository/org/glassfish/hk2/hk2-api/2.6.1/hk2-api-2.6.1.jar:/Users/connor/.m2/repository/org/glassfish/hk2/hk2-utils/2.6.1/hk2-utils-2.6.1.jar:/Users/connor/.m2/repository/org/javassist/javassist/3.29.2-GA/javassist-3.29.2-GA.jar:/Users/connor/.m2/repository/org/glassfish/jersey/media/jersey-media-json-jackson/2.40/jersey-media-json-jackson-2.40.jar:/Users/connor/.m2/repository/org/glassfish/jersey/ext/jersey-entity-filtering/2.40/jersey-entity-filtering-2.40.jar:/Users/connor/.m2/repository/com/fasterxml/jackson/module/jackson-module-jaxb-annotations/2.13.4/jackson-module-jaxb-annotations-2.13.4.jar:/Users/connor/.m2/repository/org/glassfish/jersey/media/jersey-media-multipart/2.40/jersey-media-multipart-2.40.jar:/Users/connor/.m2/repository/org/jvnet/mimepull/mimepull/1.9.15/mimepull-1.9.15.jar:/Users/connor/.m2/repository/org/jdom/jdom2/2.0.6.1/jdom2-2.0.6.1.jar:/Users/connor/.m2/repository/org/slf4j/log4j-over-slf4j/2.0.7/log4j-over-slf4j-2.0.7.jar:/Users/connor/.m2/repository/org/slf4j/slf4j-api/2.0.7/slf4j-api-2.0.7.jar:/Users/connor/.m2/repository/org/glassfish/jersey/test-framework/providers/jersey-test-framework-provider-jetty/2.40/jersey-test-framework-provider-jetty-2.40.jar:/Users/connor/.m2/repository/org/glassfish/jersey/test-framework/jersey-test-framework-core/2.40/jersey-test-framework-core-2.40.jar:/Users/connor/.m2/repository/org/glassfish/jersey/media/jersey-media-jaxb/2.40/jersey-media-jaxb-2.40.jar:/Users/connor/.m2/repository/org/hamcrest/hamcrest/2.2/hamcrest-2.2.jar:/Users/connor/.m2/repository/org/junit/jupiter/junit-jupiter/5.8.2/junit-jupiter-5.8.2.jar:/Users/connor/.m2/repository/org/junit/jupiter/junit-jupiter-api/5.8.2/junit-jupiter-api-5.8.2.jar:/Users/connor/.m2/repository/org/opentest4j/opentest4j/1.2.0/opentest4j-1.2.0.jar:/Users/connor/.m2/repository/org/junit/platform/junit-platform-commons/1.8.2/junit-platform-commons-1.8.2.jar:/Users/connor/.m2/repository/org/junit/jupiter/junit-jupiter-params/5.8.2/junit-jupiter-params-5.8.2.jar:/Users/connor/.m2/repository/org/junit/jupiter/junit-jupiter-engine/5.8.2/junit-jupiter-engine-5.8.2.jar:/Users/connor/.m2/repository/org/junit/vintage/junit-vintage-engine/5.8.2/junit-vintage-engine-5.8.2.jar:/Users/connor/.m2/repository/org/junit/platform/junit-platform-engine/1.8.2/junit-platform-engine-1.8.2.jar:/Users/connor/.m2/repository/junit/junit/4.13.2/junit-4.13.2.jar:/Users/connor/.m2/repository/org/apiguardian/apiguardian-api/1.1.2/apiguardian-api-1.1.2.jar:/Users/connor/.m2/repository/org/mockito/mockito-core/5.4.0/mockito-core-5.4.0.jar:/Users/connor/.m2/repository/net/bytebuddy/byte-buddy/1.14.5/byte-buddy-1.14.5.jar:/Users/connor/.m2/repository/net/bytebuddy/byte-buddy-agent/1.14.5/byte-buddy-agent-1.14.5.jar:/Users/connor/.m2/repository/org/objenesis/objenesis/3.3/objenesis-3.3.jar:/Users/connor/.m2/repository/org/mockito/mockito-junit-jupiter/5.4.0/mockito-junit-jupiter-5.4.0.jar:"/>
    <property name="git.branch" value="ff82d3005ccb4ef8091d2c5b0fd31b049ef697ab"/>
    <property name="git.build.host" value="Connors-MacBook-Pro.local"/>
    <property name="java.vm.vendor" value="Azul Systems, Inc."/>
    <property name="sun.arch.data.model" value="64"/>
    <property name="emissary.config.pkg" value="emissary.util"/>
    <property name="java.vendor.url" value="http://www.azul.com/"/>
    <property name="java.locale.providers" value="COMPAT"/>
    <property name="user.timezone" value="GMT"/>
    <property name="java.vm.specification.version" value="17"/>
    <property name="os.name" value="Mac OS X"/>
    <property name="git.commit.author.time" value="2023-12-04T14:17:17-0500"/>
    <property name="sun.java.launcher" value="SUN_STANDARD"/>
    <property name="user.country" value="US"/>
    <property name="git.build.user.name" value="Connor Koehler"/>
    <property name="sun.boot.library.path" value="/Users/connor/.sdkman/candidates/java/17.0.3.fx-zulu/zulu-17.jdk/Contents/Home/lib"/>
    <property name="sun.java.command" value="/Users/connor/Projects/work/emissary/target/surefire/surefirebooter-20231211194348699_13.jar /Users/connor/Projects/work/emissary/target/surefire 2023-12-11T19-43-48_360-jvmRun2 surefire-20231211194348699_2tmp surefire_0-20231211194348699_6tmp"/>
    <property name="http.nonProxyHosts" value="local|*.local|169.254/16|*.169.254/16"/>
    <property name="jdk.debug" value="release"/>
    <property name="surefire.test.class.path" value="/Users/connor/Projects/work/emissary/target/test-classes:/Users/connor/Projects/work/emissary/target/classes:/Users/connor/.m2/repository/ch/qos/logback/logback-classic/1.3.12/logback-classic-1.3.12.jar:/Users/connor/.m2/repository/ch/qos/logback/logback-core/1.3.12/logback-core-1.3.12.jar:/Users/connor/.m2/repository/com/fasterxml/jackson/core/jackson-databind/2.13.4.2/jackson-databind-2.13.4.2.jar:/Users/connor/.m2/repository/com/fasterxml/jackson/core/jackson-annotations/2.13.4/jackson-annotations-2.13.4.jar:/Users/connor/.m2/repository/com/fasterxml/jackson/core/jackson-core/2.13.4/jackson-core-2.13.4.jar:/Users/connor/.m2/repository/com/github/spullara/mustache/java/compiler/0.9.10/compiler-0.9.10.jar:/Users/connor/.m2/repository/com/google/code/gson/gson/2.8.9/gson-2.8.9.jar:/Users/connor/.m2/repository/com/google/guava/guava/32.0.0-jre/guava-32.0.0-jre.jar:/Users/connor/.m2/repository/com/google/guava/failureaccess/1.0.1/failureaccess-1.0.1.jar:/Users/connor/.m2/repository/com/google/guava/listenablefuture/9999.0-empty-to-avoid-conflict-with-guava/listenablefuture-9999.0-empty-to-avoid-conflict-with-guava.jar:/Users/connor/.m2/repository/com/google/code/findbugs/jsr305/3.0.2/jsr305-3.0.2.jar:/Users/connor/.m2/repository/org/checkerframework/checker-qual/3.33.0/checker-qual-3.33.0.jar:/Users/connor/.m2/repository/com/google/errorprone/error_prone_annotations/2.18.0/error_prone_annotations-2.18.0.jar:/Users/connor/.m2/repository/com/google/j2objc/j2objc-annotations/2.8/j2objc-annotations-2.8.jar:/Users/connor/.m2/repository/commons-cli/commons-cli/1.5.0/commons-cli-1.5.0.jar:/Users/connor/.m2/repository/commons-codec/commons-codec/1.15/commons-codec-1.15.jar:/Users/connor/.m2/repository/commons-io/commons-io/2.11.0/commons-io-2.11.0.jar:/Users/connor/.m2/repository/info/picocli/picocli/4.7.4/picocli-4.7.4.jar:/Users/connor/.m2/repository/io/dropwizard/metrics/metrics-graphite/4.2.4/metrics-graphite-4.2.4.jar:/Users/connor/.m2/repository/io/dropwizard/metrics/metrics-core/4.2.4/metrics-core-4.2.4.jar:/Users/connor/.m2/repository/com/rabbitmq/amqp-client/5.13.1/amqp-client-5.13.1.jar:/Users/connor/.m2/repository/io/dropwizard/metrics/metrics-healthchecks/4.2.4/metrics-healthchecks-4.2.4.jar:/Users/connor/.m2/repository/io/dropwizard/metrics/metrics-jmx/4.2.4/metrics-jmx-4.2.4.jar:/Users/connor/.m2/repository/io/dropwizard/metrics/metrics-jvm/4.2.4/metrics-jvm-4.2.4.jar:/Users/connor/.m2/repository/io/dropwizard/metrics/metrics-servlets/4.2.4/metrics-servlets-4.2.4.jar:/Users/connor/.m2/repository/io/dropwizard/metrics/metrics-json/4.2.4/metrics-json-4.2.4.jar:/Users/connor/.m2/repository/com/helger/profiler/1.1.1/profiler-1.1.1.jar:/Users/connor/.m2/repository/jakarta/activation/jakarta.activation-api/1.2.2/jakarta.activation-api-1.2.2.jar:/Users/connor/.m2/repository/jakarta/servlet/jakarta.servlet-api/4.0.3/jakarta.servlet-api-4.0.3.jar:/Users/connor/.m2/repository/jakarta/xml/bind/jakarta.xml.bind-api/2.3.3/jakarta.xml.bind-api-2.3.3.jar:/Users/connor/.m2/repository/net/logstash/logback/logstash-logback-encoder/7.2/logstash-logback-encoder-7.2.jar:/Users/connor/.m2/repository/net/spy/spymemcached/2.12.3/spymemcached-2.12.3.jar:/Users/connor/.m2/repository/org/apache/commons/commons-collections4/4.4/commons-collections4-4.4.jar:/Users/connor/.m2/repository/org/apache/commons/commons-compress/1.21/commons-compress-1.21.jar:/Users/connor/.m2/repository/org/apache/commons/commons-exec/1.3/commons-exec-1.3.jar:/Users/connor/.m2/repository/org/apache/commons/commons-lang3/3.12.0/commons-lang3-3.12.0.jar:/Users/connor/.m2/repository/org/apache/commons/commons-pool2/2.11.1/commons-pool2-2.11.1.jar:/Users/connor/.m2/repository/org/apache/httpcomponents/client5/httpclient5/5.2.1/httpclient5-5.2.1.jar:/Users/connor/.m2/repository/org/apache/httpcomponents/core5/httpcore5/5.2.1/httpcore5-5.2.1.jar:/Users/connor/.m2/repository/org/apache/httpcomponents/core5/httpcore5-h2/5.2/httpcore5-h2-5.2.jar:/Users/connor/.m2/repository/org/codehaus/janino/janino/3.1.7/janino-3.1.7.jar:/Users/connor/.m2/repository/org/codehaus/janino/commons-compiler/3.1.7/commons-compiler-3.1.7.jar:/Users/connor/.m2/repository/org/eclipse/jetty/jetty-plus/10.0.15/jetty-plus-10.0.15.jar:/Users/connor/.m2/repository/jakarta/transaction/jakarta.transaction-api/1.3.3/jakarta.transaction-api-1.3.3.jar:/Users/connor/.m2/repository/org/eclipse/jetty/jetty-jndi/10.0.15/jetty-jndi-10.0.15.jar:/Users/connor/.m2/repository/org/eclipse/jetty/jetty-security/10.0.15/jetty-security-10.0.15.jar:/Users/connor/.m2/repository/org/eclipse/jetty/jetty-server/10.0.15/jetty-server-10.0.15.jar:/Users/connor/.m2/repository/org/eclipse/jetty/jetty-http/10.0.15/jetty-http-10.0.15.jar:/Users/connor/.m2/repository/org/eclipse/jetty/jetty-io/10.0.15/jetty-io-10.0.15.jar:/Users/connor/.m2/repository/org/eclipse/jetty/jetty-util/10.0.15/jetty-util-10.0.15.jar:/Users/connor/.m2/repository/org/eclipse/jetty/jetty-webapp/10.0.15/jetty-webapp-10.0.15.jar:/Users/connor/.m2/repository/org/eclipse/jetty/jetty-servlet/10.0.15/jetty-servlet-10.0.15.jar:/Users/connor/.m2/repository/org/eclipse/jetty/jetty-xml/10.0.15/jetty-xml-10.0.15.jar:/Users/connor/.m2/repository/org/glassfish/jaxb/jaxb-runtime/2.3.8/jaxb-runtime-2.3.8.jar:/Users/connor/.m2/repository/org/glassfish/jaxb/txw2/2.3.8/txw2-2.3.8.jar:/Users/connor/.m2/repository/com/sun/istack/istack-commons-runtime/3.0.12/istack-commons-runtime-3.0.12.jar:/Users/connor/.m2/repository/com/sun/activation/jakarta.activation/1.2.2/jakarta.activation-1.2.2.jar:/Users/connor/.m2/repository/org/glassfish/jersey/containers/jersey-container-jetty-http/2.40/jersey-container-jetty-http-2.40.jar:/Users/connor/.m2/repository/org/glassfish/hk2/external/jakarta.inject/2.6.1/jakarta.inject-2.6.1.jar:/Users/connor/.m2/repository/org/eclipse/jetty/jetty-continuation/9.4.51.v20230217/jetty-continuation-9.4.51.v20230217.jar:/Users/connor/.m2/repository/jakarta/ws/rs/jakarta.ws.rs-api/2.1.6/jakarta.ws.rs-api-2.1.6.jar:/Users/connor/.m2/repository/org/glassfish/jersey/containers/jersey-container-servlet-core/2.40/jersey-container-servlet-core-2.40.jar:/Users/connor/.m2/repository/org/glassfish/jersey/core/jersey-common/2.40/jersey-common-2.40.jar:/Users/connor/.m2/repository/jakarta/annotation/jakarta.annotation-api/1.3.5/jakarta.annotation-api-1.3.5.jar:/Users/connor/.m2/repository/org/glassfish/hk2/osgi-resource-locator/1.0.3/osgi-resource-locator-1.0.3.jar:/Users/connor/.m2/repository/org/glassfish/jersey/core/jersey-server/2.40/jersey-server-2.40.jar:/Users/connor/.m2/repository/org/glassfish/jersey/core/jersey-client/2.40/jersey-client-2.40.jar:/Users/connor/.m2/repository/jakarta/validation/jakarta.validation-api/2.0.2/jakarta.validation-api-2.0.2.jar:/Users/connor/.m2/repository/org/glassfish/jersey/ext/jersey-mvc/2.40/jersey-mvc-2.40.jar:/Users/connor/.m2/repository/org/glassfish/jersey/ext/jersey-mvc-mustache/2.40/jersey-mvc-mustache-2.40.jar:/Users/connor/.m2/repository/org/glassfish/jersey/inject/jersey-hk2/2.40/jersey-hk2-2.40.jar:/Users/connor/.m2/repository/org/glassfish/hk2/hk2-locator/2.6.1/hk2-locator-2.6.1.jar:/Users/connor/.m2/repository/org/glassfish/hk2/external/aopalliance-repackaged/2.6.1/aopalliance-repackaged-2.6.1.jar:/Users/connor/.m2/repository/org/glassfish/hk2/hk2-api/2.6.1/hk2-api-2.6.1.jar:/Users/connor/.m2/repository/org/glassfish/hk2/hk2-utils/2.6.1/hk2-utils-2.6.1.jar:/Users/connor/.m2/repository/org/javassist/javassist/3.29.2-GA/javassist-3.29.2-GA.jar:/Users/connor/.m2/repository/org/glassfish/jersey/media/jersey-media-json-jackson/2.40/jersey-media-json-jackson-2.40.jar:/Users/connor/.m2/repository/org/glassfish/jersey/ext/jersey-entity-filtering/2.40/jersey-entity-filtering-2.40.jar:/Users/connor/.m2/repository/com/fasterxml/jackson/module/jackson-module-jaxb-annotations/2.13.4/jackson-module-jaxb-annotations-2.13.4.jar:/Users/connor/.m2/repository/org/glassfish/jersey/media/jersey-media-multipart/2.40/jersey-media-multipart-2.40.jar:/Users/connor/.m2/repository/org/jvnet/mimepull/mimepull/1.9.15/mimepull-1.9.15.jar:/Users/connor/.m2/repository/org/jdom/jdom2/2.0.6.1/jdom2-2.0.6.1.jar:/Users/connor/.m2/repository/org/slf4j/log4j-over-slf4j/2.0.7/log4j-over-slf4j-2.0.7.jar:/Users/connor/.m2/repository/org/slf4j/slf4j-api/2.0.7/slf4j-api-2.0.7.jar:/Users/connor/.m2/repository/org/glassfish/jersey/test-framework/providers/jersey-test-framework-provider-jetty/2.40/jersey-test-framework-provider-jetty-2.40.jar:/Users/connor/.m2/repository/org/glassfish/jersey/test-framework/jersey-test-framework-core/2.40/jersey-test-framework-core-2.40.jar:/Users/connor/.m2/repository/org/glassfish/jersey/media/jersey-media-jaxb/2.40/jersey-media-jaxb-2.40.jar:/Users/connor/.m2/repository/org/hamcrest/hamcrest/2.2/hamcrest-2.2.jar:/Users/connor/.m2/repository/org/junit/jupiter/junit-jupiter/5.8.2/junit-jupiter-5.8.2.jar:/Users/connor/.m2/repository/org/junit/jupiter/junit-jupiter-api/5.8.2/junit-jupiter-api-5.8.2.jar:/Users/connor/.m2/repository/org/opentest4j/opentest4j/1.2.0/opentest4j-1.2.0.jar:/Users/connor/.m2/repository/org/junit/platform/junit-platform-commons/1.8.2/junit-platform-commons-1.8.2.jar:/Users/connor/.m2/repository/org/junit/jupiter/junit-jupiter-params/5.8.2/junit-jupiter-params-5.8.2.jar:/Users/connor/.m2/repository/org/junit/jupiter/junit-jupiter-engine/5.8.2/junit-jupiter-engine-5.8.2.jar:/Users/connor/.m2/repository/org/junit/vintage/junit-vintage-engine/5.8.2/junit-vintage-engine-5.8.2.jar:/Users/connor/.m2/repository/org/junit/platform/junit-platform-engine/1.8.2/junit-platform-engine-1.8.2.jar:/Users/connor/.m2/repository/junit/junit/4.13.2/junit-4.13.2.jar:/Users/connor/.m2/repository/org/apiguardian/apiguardian-api/1.1.2/apiguardian-api-1.1.2.jar:/Users/connor/.m2/repository/org/mockito/mockito-core/5.4.0/mockito-core-5.4.0.jar:/Users/connor/.m2/repository/net/bytebuddy/byte-buddy/1.14.5/byte-buddy-1.14.5.jar:/Users/connor/.m2/repository/net/bytebuddy/byte-buddy-agent/1.14.5/byte-buddy-agent-1.14.5.jar:/Users/connor/.m2/repository/org/objenesis/objenesis/3.3/objenesis-3.3.jar:/Users/connor/.m2/repository/org/mockito/mockito-junit-jupiter/5.4.0/mockito-junit-jupiter-5.4.0.jar:"/>
    <property name="sun.cpu.endian" value="little"/>
    <property name="emissary.node.port" value="8001"/>
    <property name="user.home" value="/Users/connor"/>
    <property name="user.language" value="en"/>
    <property name="git.closest.tag.commit.count" value="0"/>
    <property name="emissary.bin.dir" value="/Users/connor/Projects/work/emissary/target/bin"/>
    <property name="java.specification.vendor" value="Oracle Corporation"/>
    <property name="emissary.config.flavor" value="CLUSTER"/>
    <property name="emissary.node.service.type" value="server"/>
    <property name="java.version.date" value="2022-04-19"/>
    <property name="java.home" value="/Users/connor/.sdkman/candidates/java/17.0.3.fx-zulu/zulu-17.jdk/Contents/Home"/>
    <property name="git.total.commit.count" value="623"/>
    <property name="file.separator" value="/"/>
    <property name="basedir" value="/Users/connor/Projects/work/emissary"/>
    <property name="java.vm.compressedOopsMode" value="Zero based"/>
    <property name="line.separator" value="&#10;"/>
    <property name="emissary.node.name" value="localhost"/>
    <property name="git.build.user.email" value="connor@connortech.me"/>
    <property name="git.commit.committer.time" value="2023-12-04T14:17:17-0500"/>
    <property name="java.vm.specification.vendor" value="Oracle Corporation"/>
    <property name="java.specification.name" value="Java Platform API Specification"/>
    <property name="emissary.node.scheme" value="http"/>
    <property name="java.awt.headless" value="true"/>
    <property name="git.commit.id.full" value="ff82d3005ccb4ef8091d2c5b0fd31b049ef697ab"/>
    <property name="git.closest.tag.name" value="8.0.0-M10"/>
    <property name="git.local.branch.ahead" value="NO_REMOTE"/>
    <property name="git.build.time" value="2023-12-11T19:43:39-0500"/>
    <property name="surefire.real.class.path" value="/Users/connor/Projects/work/emissary/target/surefire/surefirebooter-20231211194348699_13.jar"/>
    <property name="logback.configurationFile" value="/Users/connor/Projects/work/emissary/target/test-classes/logback-test.xml"/>
    <property name="git.commit.message.full" value="[github_actions](jpdahlke) release 8.0.0-M10"/>
    <property name="emissary.config.dir" value="/Users/connor/Projects/work/emissary/target/config"/>
    <property name="sun.management.compiler" value="HotSpot 64-Bit Tiered Compilers"/>
    <property name="ftp.nonProxyHosts" value="local|*.local|169.254/16|*.169.254/16"/>
    <property name="java.runtime.version" value="17.0.3+7-LTS"/>
    <property name="java.net.preferIPv4Stack" value="true"/>
    <property name="user.name" value="connor"/>
    <property name="path.separator" value=":"/>
    <property name="os.version" value="14.1.2"/>
    <property name="java.runtime.name" value="OpenJDK Runtime Environment"/>
    <property name="emissary.output.root" value="/Users/connor/Projects/work/emissary/target/localoutput"/>
    <property name="file.encoding" value="UTF-8"/>
    <property name="git.commit.user.email" value="jpdahlke@users.noreply.github.com"/>
    <property name="java.vm.name" value="OpenJDK 64-Bit Server VM"/>
    <property name="java.vendor.version" value="Zulu17.34+19-CA"/>
    <property name="git.local.branch.behind" value="NO_REMOTE"/>
    <property name="git.dirty" value="true"/>
    <property name="localRepository" value="/Users/connor/.m2/repository"/>
    <property name="java.vendor.url.bug" value="http://www.azul.com/support/"/>
    <property name="jetty.git.hash" value="68017dbd00236bb7e187330d7585a059610f661d"/>
    <property name="java.io.tmpdir" value="/var/folders/c5/1cbn13_j3t150_4w0t6rdtd00000gn/T/"/>
    <property name="java.version" value="17.0.3"/>
    <property name="user.dir" value="/Users/connor/Projects/work/emissary"/>
    <property name="os.arch" value="aarch64"/>
    <property name="git.commit.user.name" value="jpdahlke"/>
    <property name="git.commit.id.abbrev" value="ff82d30"/>
    <property name="java.vm.specification.name" value="Java Virtual Machine Specification"/>
    <property name="git.commit.id.describe-short" value="8.0.0-M10-dirty"/>
    <property name="git.commit.id.describe" value="8.0.0-M10-dirty"/>
    <property name="native.encoding" value="UTF-8"/>
    <property name="java.library.path" value="/Users/connor/Library/Java/Extensions:/Library/Java/Extensions:/Network/Library/Java/Extensions:/System/Library/Java/Extensions:/usr/lib/java:."/>
    <property name="git.commit.message.short" value="[github_actions](jpdahlke) release 8.0.0-M10"/>
    <property name="java.vm.info" value="mixed mode, sharing"/>
    <property name="java.vendor" value="Azul Systems, Inc."/>
    <property name="java.vm.version" value="17.0.3+7-LTS"/>
    <property name="sun.io.unicode.encoding" value="UnicodeBig"/>
    <property name="socksNonProxyHosts" value="local|*.local|169.254/16|*.169.254/16"/>
    <property name="java.class.version" value="61.0"/>
    <property name="git.commit.time" value="2023-12-04T14:17:17-0500"/>
    <property name="git.remote.origin.url" value="git@github.com:cfkoehler/emissary.git"/>
  </properties>
  <testcase name="testWithVarArgsAndNull" classname="emissary.core.FactoryTest" time="0.003">
    <system-out><![CDATA[2023-12-12 00:43:52,892 [using logback-test.xml]  INFO emissary.command.BaseCommand -   - PROJECT_BASE is set to /Users/connor/Projects/work/emissary/target 
2023-12-12 00:43:52,892 [using logback-test.xml]  INFO emissary.command.BaseCommand -   - Setting emissary.config.dir to /Users/connor/Projects/work/emissary/target/config 
2023-12-12 00:43:52,892 [using logback-test.xml]  INFO emissary.command.BaseCommand -   - Setting emissary.bin.dir to /Users/connor/Projects/work/emissary/target/bin 
2023-12-12 00:43:52,892 [using logback-test.xml]  INFO emissary.command.BaseCommand -   - Setting emissary.output.root to /Users/connor/Projects/work/emissary/target/localoutput 
2023-12-12 00:43:52,892 [using logback-test.xml]  INFO emissary.command.BaseCommand -   - Emissary error dir set to /Users/connor/Projects/work/emissary/target/localerror 
2023-12-12 00:43:52,892 [using logback-test.xml]  INFO emissary.command.BaseCommand -   - Setting emissary.node.name to localhost 
2023-12-12 00:43:52,892 [using logback-test.xml]  INFO emissary.command.BaseCommand -   - Setting emissary.node.port to 8001 
2023-12-12 00:43:52,892 [using logback-test.xml]  INFO emissary.command.BaseCommand -   - Setting emissary.node.scheme to http 
2023-12-12 00:43:52,892 [using logback-test.xml]  WARN emissary.command.BaseCommand -   - Not using /Users/connor/Projects/work/emissary/target/config/logback.xml, staying with test config file:/Users/connor/Projects/work/emissary/target/test-classes/logback-test.xml
2023-12-12 00:43:52,893 [using logback-test.xml]  INFO emissary.command.BaseCommand -   - Overriding current emissary.config.flavor null to CLUSTER 
2023-12-12 00:43:52,893 [using logback-test.xml]  INFO emissary.command.BaseCommand -   - PROJECT_BASE is set to /Users/connor/Projects/work/emissary/target 
2023-12-12 00:43:52,893 [using logback-test.xml]  INFO emissary.command.BaseCommand -   - Setting emissary.config.dir to /Users/connor/Projects/work/emissary/target/config 
2023-12-12 00:43:52,893 [using logback-test.xml]  INFO emissary.command.BaseCommand -   - Setting emissary.bin.dir to /Users/connor/Projects/work/emissary/target/bin 
2023-12-12 00:43:52,893 [using logback-test.xml]  INFO emissary.command.BaseCommand -   - Setting emissary.output.root to /Users/connor/Projects/work/emissary/target/localoutput 
2023-12-12 00:43:52,893 [using logback-test.xml]  INFO emissary.command.BaseCommand -   - Emissary error dir set to /Users/connor/Projects/work/emissary/target/localerror 
2023-12-12 00:43:52,893 [using logback-test.xml]  INFO emissary.command.BaseCommand -   - Setting emissary.config.flavor to CLUSTER 
2023-12-12 00:43:52,893 [using logback-test.xml]  INFO emissary.command.BaseCommand -   - Setting emissary.node.name to localhost 
2023-12-12 00:43:52,893 [using logback-test.xml]  INFO emissary.command.BaseCommand -   - Setting emissary.node.port to 8001 
2023-12-12 00:43:52,893 [using logback-test.xml]  INFO emissary.command.BaseCommand -   - Setting emissary.node.scheme to http 
2023-12-12 00:43:52,893 [using logback-test.xml]  WARN emissary.command.BaseCommand -   - Not using /Users/connor/Projects/work/emissary/target/config/logback.xml, staying with test config file:/Users/connor/Projects/work/emissary/target/test-classes/logback-test.xml
2023-12-12 00:43:52,894 [using logback-test.xml]  INFO emissary.command.BaseCommand -   - Overriding current emissary.config.flavor CLUSTER to CLUSTER 
2023-12-12 00:43:52,894 [using logback-test.xml] DEBUG emissary.config.ConfigUtil -   - Configured configDirProperty /Users/connor/Projects/work/emissary/target/config
]]></system-out>
  </testcase>
  <testcase name="testSelfBindingInstanceWithVarargsButNoFactoryKey" classname="emissary.core.FactoryTest" time="0.003">
    <system-out><![CDATA[2023-12-12 00:43:52,899 [using logback-test.xml]  INFO emissary.command.BaseCommand -   - PROJECT_BASE is set to /Users/connor/Projects/work/emissary/target 
2023-12-12 00:43:52,899 [using logback-test.xml]  INFO emissary.command.BaseCommand -   - Setting emissary.config.dir to /Users/connor/Projects/work/emissary/target/config 
2023-12-12 00:43:52,899 [using logback-test.xml]  INFO emissary.command.BaseCommand -   - Setting emissary.bin.dir to /Users/connor/Projects/work/emissary/target/bin 
2023-12-12 00:43:52,899 [using logback-test.xml]  INFO emissary.command.BaseCommand -   - Setting emissary.output.root to /Users/connor/Projects/work/emissary/target/localoutput 
2023-12-12 00:43:52,899 [using logback-test.xml]  INFO emissary.command.BaseCommand -   - Emissary error dir set to /Users/connor/Projects/work/emissary/target/localerror 
2023-12-12 00:43:52,899 [using logback-test.xml]  INFO emissary.command.BaseCommand -   - Setting emissary.node.name to localhost 
2023-12-12 00:43:52,899 [using logback-test.xml]  INFO emissary.command.BaseCommand -   - Setting emissary.node.port to 8001 
2023-12-12 00:43:52,899 [using logback-test.xml]  INFO emissary.command.BaseCommand -   - Setting emissary.node.scheme to http 
2023-12-12 00:43:52,899 [using logback-test.xml]  WARN emissary.command.BaseCommand -   - Not using /Users/connor/Projects/work/emissary/target/config/logback.xml, staying with test config file:/Users/connor/Projects/work/emissary/target/test-classes/logback-test.xml
2023-12-12 00:43:52,900 [using logback-test.xml]  INFO emissary.command.BaseCommand -   - Overriding current emissary.config.flavor null to CLUSTER 
2023-12-12 00:43:52,900 [using logback-test.xml]  INFO emissary.command.BaseCommand -   - PROJECT_BASE is set to /Users/connor/Projects/work/emissary/target 
2023-12-12 00:43:52,900 [using logback-test.xml]  INFO emissary.command.BaseCommand -   - Setting emissary.config.dir to /Users/connor/Projects/work/emissary/target/config 
2023-12-12 00:43:52,900 [using logback-test.xml]  INFO emissary.command.BaseCommand -   - Setting emissary.bin.dir to /Users/connor/Projects/work/emissary/target/bin 
2023-12-12 00:43:52,900 [using logback-test.xml]  INFO emissary.command.BaseCommand -   - Setting emissary.output.root to /Users/connor/Projects/work/emissary/target/localoutput 
2023-12-12 00:43:52,900 [using logback-test.xml]  INFO emissary.command.BaseCommand -   - Emissary error dir set to /Users/connor/Projects/work/emissary/target/localerror 
2023-12-12 00:43:52,900 [using logback-test.xml]  INFO emissary.command.BaseCommand -   - Setting emissary.config.flavor to CLUSTER 
2023-12-12 00:43:52,900 [using logback-test.xml]  INFO emissary.command.BaseCommand -   - Setting emissary.node.name to localhost 
2023-12-12 00:43:52,900 [using logback-test.xml]  INFO emissary.command.BaseCommand -   - Setting emissary.node.port to 8001 
2023-12-12 00:43:52,900 [using logback-test.xml]  INFO emissary.command.BaseCommand -   - Setting emissary.node.scheme to http 
2023-12-12 00:43:52,900 [using logback-test.xml]  WARN emissary.command.BaseCommand -   - Not using /Users/connor/Projects/work/emissary/target/config/logback.xml, staying with test config file:/Users/connor/Projects/work/emissary/target/test-classes/logback-test.xml
2023-12-12 00:43:52,901 [using logback-test.xml]  INFO emissary.command.BaseCommand -   - Overriding current emissary.config.flavor CLUSTER to CLUSTER 
2023-12-12 00:43:52,901 [using logback-test.xml] DEBUG emissary.config.ConfigUtil -   - Configured configDirProperty /Users/connor/Projects/work/emissary/target/config
]]></system-out>
  </testcase>
  <testcase name="testFactoryBindingInstanceWithVarargs" classname="emissary.core.FactoryTest" time="0.003">
    <system-out><![CDATA[2023-12-12 00:43:52,907 [using logback-test.xml]  INFO emissary.command.BaseCommand -   - PROJECT_BASE is set to /Users/connor/Projects/work/emissary/target 
2023-12-12 00:43:52,907 [using logback-test.xml]  INFO emissary.command.BaseCommand -   - Setting emissary.config.dir to /Users/connor/Projects/work/emissary/target/config 
2023-12-12 00:43:52,907 [using logback-test.xml]  INFO emissary.command.BaseCommand -   - Setting emissary.bin.dir to /Users/connor/Projects/work/emissary/target/bin 
2023-12-12 00:43:52,907 [using logback-test.xml]  INFO emissary.command.BaseCommand -   - Setting emissary.output.root to /Users/connor/Projects/work/emissary/target/localoutput 
2023-12-12 00:43:52,907 [using logback-test.xml]  INFO emissary.command.BaseCommand -   - Emissary error dir set to /Users/connor/Projects/work/emissary/target/localerror 
2023-12-12 00:43:52,907 [using logback-test.xml]  INFO emissary.command.BaseCommand -   - Setting emissary.node.name to localhost 
2023-12-12 00:43:52,907 [using logback-test.xml]  INFO emissary.command.BaseCommand -   - Setting emissary.node.port to 8001 
2023-12-12 00:43:52,907 [using logback-test.xml]  INFO emissary.command.BaseCommand -   - Setting emissary.node.scheme to http 
2023-12-12 00:43:52,907 [using logback-test.xml]  WARN emissary.command.BaseCommand -   - Not using /Users/connor/Projects/work/emissary/target/config/logback.xml, staying with test config file:/Users/connor/Projects/work/emissary/target/test-classes/logback-test.xml
2023-12-12 00:43:52,909 [using logback-test.xml]  INFO emissary.command.BaseCommand -   - Overriding current emissary.config.flavor null to CLUSTER 
2023-12-12 00:43:52,909 [using logback-test.xml]  INFO emissary.command.BaseCommand -   - PROJECT_BASE is set to /Users/connor/Projects/work/emissary/target 
2023-12-12 00:43:52,909 [using logback-test.xml]  INFO emissary.command.BaseCommand -   - Setting emissary.config.dir to /Users/connor/Projects/work/emissary/target/config 
2023-12-12 00:43:52,909 [using logback-test.xml]  INFO emissary.command.BaseCommand -   - Setting emissary.bin.dir to /Users/connor/Projects/work/emissary/target/bin 
2023-12-12 00:43:52,909 [using logback-test.xml]  INFO emissary.command.BaseCommand -   - Setting emissary.output.root to /Users/connor/Projects/work/emissary/target/localoutput 
2023-12-12 00:43:52,909 [using logback-test.xml]  INFO emissary.command.BaseCommand -   - Emissary error dir set to /Users/connor/Projects/work/emissary/target/localerror 
2023-12-12 00:43:52,909 [using logback-test.xml]  INFO emissary.command.BaseCommand -   - Setting emissary.config.flavor to CLUSTER 
2023-12-12 00:43:52,909 [using logback-test.xml]  INFO emissary.command.BaseCommand -   - Setting emissary.node.name to localhost 
2023-12-12 00:43:52,909 [using logback-test.xml]  INFO emissary.command.BaseCommand -   - Setting emissary.node.port to 8001 
2023-12-12 00:43:52,909 [using logback-test.xml]  INFO emissary.command.BaseCommand -   - Setting emissary.node.scheme to http 
2023-12-12 00:43:52,909 [using logback-test.xml]  WARN emissary.command.BaseCommand -   - Not using /Users/connor/Projects/work/emissary/target/config/logback.xml, staying with test config file:/Users/connor/Projects/work/emissary/target/test-classes/logback-test.xml
2023-12-12 00:43:52,910 [using logback-test.xml]  INFO emissary.command.BaseCommand -   - Overriding current emissary.config.flavor CLUSTER to CLUSTER 
2023-12-12 00:43:52,910 [using logback-test.xml] DEBUG emissary.config.ConfigUtil -   - Configured configDirProperty /Users/connor/Projects/work/emissary/target/config
]]></system-out>
  </testcase>
  <testcase name="testCreatingFromAPrivateConstructor" classname="emissary.core.FactoryTest" time="0.004">
    <system-out><![CDATA[2023-12-12 00:43:52,915 [using logback-test.xml]  INFO emissary.command.BaseCommand -   - PROJECT_BASE is set to /Users/connor/Projects/work/emissary/target 
2023-12-12 00:43:52,915 [using logback-test.xml]  INFO emissary.command.BaseCommand -   - Setting emissary.config.dir to /Users/connor/Projects/work/emissary/target/config 
2023-12-12 00:43:52,915 [using logback-test.xml]  INFO emissary.command.BaseCommand -   - Setting emissary.bin.dir to /Users/connor/Projects/work/emissary/target/bin 
2023-12-12 00:43:52,915 [using logback-test.xml]  INFO emissary.command.BaseCommand -   - Setting emissary.output.root to /Users/connor/Projects/work/emissary/target/localoutput 
2023-12-12 00:43:52,915 [using logback-test.xml]  INFO emissary.command.BaseCommand -   - Emissary error dir set to /Users/connor/Projects/work/emissary/target/localerror 
2023-12-12 00:43:52,915 [using logback-test.xml]  INFO emissary.command.BaseCommand -   - Setting emissary.node.name to localhost 
2023-12-12 00:43:52,915 [using logback-test.xml]  INFO emissary.command.BaseCommand -   - Setting emissary.node.port to 8001 
2023-12-12 00:43:52,915 [using logback-test.xml]  INFO emissary.command.BaseCommand -   - Setting emissary.node.scheme to http 
2023-12-12 00:43:52,915 [using logback-test.xml]  WARN emissary.command.BaseCommand -   - Not using /Users/connor/Projects/work/emissary/target/config/logback.xml, staying with test config file:/Users/connor/Projects/work/emissary/target/test-classes/logback-test.xml
2023-12-12 00:43:52,916 [using logback-test.xml]  INFO emissary.command.BaseCommand -   - Overriding current emissary.config.flavor null to CLUSTER 
2023-12-12 00:43:52,916 [using logback-test.xml]  INFO emissary.command.BaseCommand -   - PROJECT_BASE is set to /Users/connor/Projects/work/emissary/target 
2023-12-12 00:43:52,916 [using logback-test.xml]  INFO emissary.command.BaseCommand -   - Setting emissary.config.dir to /Users/connor/Projects/work/emissary/target/config 
2023-12-12 00:43:52,916 [using logback-test.xml]  INFO emissary.command.BaseCommand -   - Setting emissary.bin.dir to /Users/connor/Projects/work/emissary/target/bin 
2023-12-12 00:43:52,916 [using logback-test.xml]  INFO emissary.command.BaseCommand -   - Setting emissary.output.root to /Users/connor/Projects/work/emissary/target/localoutput 
2023-12-12 00:43:52,916 [using logback-test.xml]  INFO emissary.command.BaseCommand -   - Emissary error dir set to /Users/connor/Projects/work/emissary/target/localerror 
2023-12-12 00:43:52,916 [using logback-test.xml]  INFO emissary.command.BaseCommand -   - Setting emissary.config.flavor to CLUSTER 
2023-12-12 00:43:52,916 [using logback-test.xml]  INFO emissary.command.BaseCommand -   - Setting emissary.node.name to localhost 
2023-12-12 00:43:52,916 [using logback-test.xml]  INFO emissary.command.BaseCommand -   - Setting emissary.node.port to 8001 
2023-12-12 00:43:52,916 [using logback-test.xml]  INFO emissary.command.BaseCommand -   - Setting emissary.node.scheme to http 
2023-12-12 00:43:52,916 [using logback-test.xml]  WARN emissary.command.BaseCommand -   - Not using /Users/connor/Projects/work/emissary/target/config/logback.xml, staying with test config file:/Users/connor/Projects/work/emissary/target/test-classes/logback-test.xml
2023-12-12 00:43:52,917 [using logback-test.xml]  INFO emissary.command.BaseCommand -   - Overriding current emissary.config.flavor CLUSTER to CLUSTER 
2023-12-12 00:43:52,918 [using logback-test.xml] DEBUG emissary.config.ConfigUtil -   - Configured configDirProperty /Users/connor/Projects/work/emissary/target/config
]]></system-out>
  </testcase>
  <testcase name="testCreateAndRegister" classname="emissary.core.FactoryTest" time="0.003">
    <system-out><![CDATA[2023-12-12 00:43:52,923 [using logback-test.xml]  INFO emissary.command.BaseCommand -   - PROJECT_BASE is set to /Users/connor/Projects/work/emissary/target 
2023-12-12 00:43:52,923 [using logback-test.xml]  INFO emissary.command.BaseCommand -   - Setting emissary.config.dir to /Users/connor/Projects/work/emissary/target/config 
2023-12-12 00:43:52,923 [using logback-test.xml]  INFO emissary.command.BaseCommand -   - Setting emissary.bin.dir to /Users/connor/Projects/work/emissary/target/bin 
2023-12-12 00:43:52,923 [using logback-test.xml]  INFO emissary.command.BaseCommand -   - Setting emissary.output.root to /Users/connor/Projects/work/emissary/target/localoutput 
2023-12-12 00:43:52,923 [using logback-test.xml]  INFO emissary.command.BaseCommand -   - Emissary error dir set to /Users/connor/Projects/work/emissary/target/localerror 
2023-12-12 00:43:52,923 [using logback-test.xml]  INFO emissary.command.BaseCommand -   - Setting emissary.node.name to localhost 
2023-12-12 00:43:52,923 [using logback-test.xml]  INFO emissary.command.BaseCommand -   - Setting emissary.node.port to 8001 
2023-12-12 00:43:52,923 [using logback-test.xml]  INFO emissary.command.BaseCommand -   - Setting emissary.node.scheme to http 
2023-12-12 00:43:52,923 [using logback-test.xml]  WARN emissary.command.BaseCommand -   - Not using /Users/connor/Projects/work/emissary/target/config/logback.xml, staying with test config file:/Users/connor/Projects/work/emissary/target/test-classes/logback-test.xml
2023-12-12 00:43:52,925 [using logback-test.xml]  INFO emissary.command.BaseCommand -   - Overriding current emissary.config.flavor null to CLUSTER 
2023-12-12 00:43:52,925 [using logback-test.xml]  INFO emissary.command.BaseCommand -   - PROJECT_BASE is set to /Users/connor/Projects/work/emissary/target 
2023-12-12 00:43:52,925 [using logback-test.xml]  INFO emissary.command.BaseCommand -   - Setting emissary.config.dir to /Users/connor/Projects/work/emissary/target/config 
2023-12-12 00:43:52,925 [using logback-test.xml]  INFO emissary.command.BaseCommand -   - Setting emissary.bin.dir to /Users/connor/Projects/work/emissary/target/bin 
2023-12-12 00:43:52,925 [using logback-test.xml]  INFO emissary.command.BaseCommand -   - Setting emissary.output.root to /Users/connor/Projects/work/emissary/target/localoutput 
2023-12-12 00:43:52,925 [using logback-test.xml]  INFO emissary.command.BaseCommand -   - Emissary error dir set to /Users/connor/Projects/work/emissary/target/localerror 
2023-12-12 00:43:52,925 [using logback-test.xml]  INFO emissary.command.BaseCommand -   - Setting emissary.config.flavor to CLUSTER 
2023-12-12 00:43:52,925 [using logback-test.xml]  INFO emissary.command.BaseCommand -   - Setting emissary.node.name to localhost 
2023-12-12 00:43:52,925 [using logback-test.xml]  INFO emissary.command.BaseCommand -   - Setting emissary.node.port to 8001 
2023-12-12 00:43:52,925 [using logback-test.xml]  INFO emissary.command.BaseCommand -   - Setting emissary.node.scheme to http 
2023-12-12 00:43:52,925 [using logback-test.xml]  WARN emissary.command.BaseCommand -   - Not using /Users/connor/Projects/work/emissary/target/config/logback.xml, staying with test config file:/Users/connor/Projects/work/emissary/target/test-classes/logback-test.xml
2023-12-12 00:43:52,926 [using logback-test.xml]  INFO emissary.command.BaseCommand -   - Overriding current emissary.config.flavor CLUSTER to CLUSTER 
2023-12-12 00:43:52,926 [using logback-test.xml] DEBUG emissary.config.ConfigUtil -   - Configured configDirProperty /Users/connor/Projects/work/emissary/target/config
]]></system-out>
  </testcase>
  <testcase name="testWithBogusSubclassArg" classname="emissary.core.FactoryTest" time="0.008">
    <system-out><![CDATA[2023-12-12 00:43:52,930 [using logback-test.xml]  INFO emissary.command.BaseCommand -   - PROJECT_BASE is set to /Users/connor/Projects/work/emissary/target 
2023-12-12 00:43:52,931 [using logback-test.xml]  INFO emissary.command.BaseCommand -   - Setting emissary.config.dir to /Users/connor/Projects/work/emissary/target/config 
2023-12-12 00:43:52,931 [using logback-test.xml]  INFO emissary.command.BaseCommand -   - Setting emissary.bin.dir to /Users/connor/Projects/work/emissary/target/bin 
2023-12-12 00:43:52,931 [using logback-test.xml]  INFO emissary.command.BaseCommand -   - Setting emissary.output.root to /Users/connor/Projects/work/emissary/target/localoutput 
2023-12-12 00:43:52,931 [using logback-test.xml]  INFO emissary.command.BaseCommand -   - Emissary error dir set to /Users/connor/Projects/work/emissary/target/localerror 
2023-12-12 00:43:52,931 [using logback-test.xml]  INFO emissary.command.BaseCommand -   - Setting emissary.node.name to localhost 
2023-12-12 00:43:52,931 [using logback-test.xml]  INFO emissary.command.BaseCommand -   - Setting emissary.node.port to 8001 
2023-12-12 00:43:52,931 [using logback-test.xml]  INFO emissary.command.BaseCommand -   - Setting emissary.node.scheme to http 
2023-12-12 00:43:52,931 [using logback-test.xml]  WARN emissary.command.BaseCommand -   - Not using /Users/connor/Projects/work/emissary/target/config/logback.xml, staying with test config file:/Users/connor/Projects/work/emissary/target/test-classes/logback-test.xml
2023-12-12 00:43:52,932 [using logback-test.xml]  INFO emissary.command.BaseCommand -   - Overriding current emissary.config.flavor null to CLUSTER 
2023-12-12 00:43:52,932 [using logback-test.xml]  INFO emissary.command.BaseCommand -   - PROJECT_BASE is set to /Users/connor/Projects/work/emissary/target 
2023-12-12 00:43:52,932 [using logback-test.xml]  INFO emissary.command.BaseCommand -   - Setting emissary.config.dir to /Users/connor/Projects/work/emissary/target/config 
2023-12-12 00:43:52,932 [using logback-test.xml]  INFO emissary.command.BaseCommand -   - Setting emissary.bin.dir to /Users/connor/Projects/work/emissary/target/bin 
2023-12-12 00:43:52,932 [using logback-test.xml]  INFO emissary.command.BaseCommand -   - Setting emissary.output.root to /Users/connor/Projects/work/emissary/target/localoutput 
2023-12-12 00:43:52,932 [using logback-test.xml]  INFO emissary.command.BaseCommand -   - Emissary error dir set to /Users/connor/Projects/work/emissary/target/localerror 
2023-12-12 00:43:52,932 [using logback-test.xml]  INFO emissary.command.BaseCommand -   - Setting emissary.config.flavor to CLUSTER 
2023-12-12 00:43:52,932 [using logback-test.xml]  INFO emissary.command.BaseCommand -   - Setting emissary.node.name to localhost 
2023-12-12 00:43:52,932 [using logback-test.xml]  INFO emissary.command.BaseCommand -   - Setting emissary.node.port to 8001 
2023-12-12 00:43:52,932 [using logback-test.xml]  INFO emissary.command.BaseCommand -   - Setting emissary.node.scheme to http 
2023-12-12 00:43:52,932 [using logback-test.xml]  WARN emissary.command.BaseCommand -   - Not using /Users/connor/Projects/work/emissary/target/config/logback.xml, staying with test config file:/Users/connor/Projects/work/emissary/target/test-classes/logback-test.xml
2023-12-12 00:43:52,933 [using logback-test.xml]  INFO emissary.command.BaseCommand -   - Overriding current emissary.config.flavor CLUSTER to CLUSTER 
2023-12-12 00:43:52,934 [using logback-test.xml]  INFO emissary.core.Factory -   - Failed to find constructor for args(2) types (2) : [class java.lang.String, class java.lang.Integer]
2023-12-12 00:43:52,934 [using logback-test.xml] ERROR emissary.core.Factory -   - Problem in factory
java.lang.Error: failed to find suitable constructor for class java.lang.Throwable
	at emissary.core.Factory.create(Factory.java:66)
	at emissary.core.FactoryTest.lambda$testWithBogusSubclassArg$1(FactoryTest.java:71)
	at org.junit.jupiter.api.AssertThrows.assertThrows(AssertThrows.java:55)
	at org.junit.jupiter.api.AssertThrows.assertThrows(AssertThrows.java:37)
	at org.junit.jupiter.api.Assertions.assertThrows(Assertions.java:3082)
	at emissary.core.FactoryTest.testWithBogusSubclassArg(FactoryTest.java:71)
	at java.base/jdk.internal.reflect.NativeMethodAccessorImpl.invoke0(Native Method)
	at java.base/jdk.internal.reflect.NativeMethodAccessorImpl.invoke(NativeMethodAccessorImpl.java:77)
	at java.base/jdk.internal.reflect.DelegatingMethodAccessorImpl.invoke(DelegatingMethodAccessorImpl.java:43)
	at java.base/java.lang.reflect.Method.invoke(Method.java:568)
	at org.junit.platform.commons.util.ReflectionUtils.invokeMethod(ReflectionUtils.java:725)
	at org.junit.jupiter.engine.execution.MethodInvocation.proceed(MethodInvocation.java:60)
	at org.junit.jupiter.engine.execution.InvocationInterceptorChain$ValidatingInvocation.proceed(InvocationInterceptorChain.java:131)
	at org.junit.jupiter.engine.extension.TimeoutExtension.intercept(TimeoutExtension.java:149)
	at org.junit.jupiter.engine.extension.TimeoutExtension.interceptTestableMethod(TimeoutExtension.java:140)
	at org.junit.jupiter.engine.extension.TimeoutExtension.interceptTestMethod(TimeoutExtension.java:84)
	at org.junit.jupiter.engine.execution.ExecutableInvoker$ReflectiveInterceptorCall.lambda$ofVoidMethod$0(ExecutableInvoker.java:115)
	at org.junit.jupiter.engine.execution.ExecutableInvoker.lambda$invoke$0(ExecutableInvoker.java:105)
	at org.junit.jupiter.engine.execution.InvocationInterceptorChain$InterceptedInvocation.proceed(InvocationInterceptorChain.java:106)
	at org.junit.jupiter.engine.execution.InvocationInterceptorChain.proceed(InvocationInterceptorChain.java:64)
	at org.junit.jupiter.engine.execution.InvocationInterceptorChain.chainAndInvoke(InvocationInterceptorChain.java:45)
	at org.junit.jupiter.engine.execution.InvocationInterceptorChain.invoke(InvocationInterceptorChain.java:37)
	at org.junit.jupiter.engine.execution.ExecutableInvoker.invoke(ExecutableInvoker.java:104)
	at org.junit.jupiter.engine.execution.ExecutableInvoker.invoke(ExecutableInvoker.java:98)
	at org.junit.jupiter.engine.descriptor.TestMethodTestDescriptor.lambda$invokeTestMethod$7(TestMethodTestDescriptor.java:214)
	at org.junit.platform.engine.support.hierarchical.ThrowableCollector.execute(ThrowableCollector.java:73)
	at org.junit.jupiter.engine.descriptor.TestMethodTestDescriptor.invokeTestMethod(TestMethodTestDescriptor.java:210)
	at org.junit.jupiter.engine.descriptor.TestMethodTestDescriptor.execute(TestMethodTestDescriptor.java:135)
	at org.junit.jupiter.engine.descriptor.TestMethodTestDescriptor.execute(TestMethodTestDescriptor.java:66)
	at org.junit.platform.engine.support.hierarchical.NodeTestTask.lambda$executeRecursively$6(NodeTestTask.java:151)
	at org.junit.platform.engine.support.hierarchical.ThrowableCollector.execute(ThrowableCollector.java:73)
	at org.junit.platform.engine.support.hierarchical.NodeTestTask.lambda$executeRecursively$8(NodeTestTask.java:141)
	at org.junit.platform.engine.support.hierarchical.Node.around(Node.java:137)
	at org.junit.platform.engine.support.hierarchical.NodeTestTask.lambda$executeRecursively$9(NodeTestTask.java:139)
	at org.junit.platform.engine.support.hierarchical.ThrowableCollector.execute(ThrowableCollector.java:73)
	at org.junit.platform.engine.support.hierarchical.NodeTestTask.executeRecursively(NodeTestTask.java:138)
	at org.junit.platform.engine.support.hierarchical.NodeTestTask.execute(NodeTestTask.java:95)
	at java.base/java.util.ArrayList.forEach(ArrayList.java:1511)
	at org.junit.platform.engine.support.hierarchical.SameThreadHierarchicalTestExecutorService.invokeAll(SameThreadHierarchicalTestExecutorService.java:41)
	at org.junit.platform.engine.support.hierarchical.NodeTestTask.lambda$executeRecursively$6(NodeTestTask.java:155)
	at org.junit.platform.engine.support.hierarchical.ThrowableCollector.execute(ThrowableCollector.java:73)
	at org.junit.platform.engine.support.hierarchical.NodeTestTask.lambda$executeRecursively$8(NodeTestTask.java:141)
	at org.junit.platform.engine.support.hierarchical.Node.around(Node.java:137)
	at org.junit.platform.engine.support.hierarchical.NodeTestTask.lambda$executeRecursively$9(NodeTestTask.java:139)
	at org.junit.platform.engine.support.hierarchical.ThrowableCollector.execute(ThrowableCollector.java:73)
	at org.junit.platform.engine.support.hierarchical.NodeTestTask.executeRecursively(NodeTestTask.java:138)
	at org.junit.platform.engine.support.hierarchical.NodeTestTask.execute(NodeTestTask.java:95)
	at java.base/java.util.ArrayList.forEach(ArrayList.java:1511)
	at org.junit.platform.engine.support.hierarchical.SameThreadHierarchicalTestExecutorService.invokeAll(SameThreadHierarchicalTestExecutorService.java:41)
	at org.junit.platform.engine.support.hierarchical.NodeTestTask.lambda$executeRecursively$6(NodeTestTask.java:155)
	at org.junit.platform.engine.support.hierarchical.ThrowableCollector.execute(ThrowableCollector.java:73)
	at org.junit.platform.engine.support.hierarchical.NodeTestTask.lambda$executeRecursively$8(NodeTestTask.java:141)
	at org.junit.platform.engine.support.hierarchical.Node.around(Node.java:137)
	at org.junit.platform.engine.support.hierarchical.NodeTestTask.lambda$executeRecursively$9(NodeTestTask.java:139)
	at org.junit.platform.engine.support.hierarchical.ThrowableCollector.execute(ThrowableCollector.java:73)
	at org.junit.platform.engine.support.hierarchical.NodeTestTask.executeRecursively(NodeTestTask.java:138)
	at org.junit.platform.engine.support.hierarchical.NodeTestTask.execute(NodeTestTask.java:95)
	at org.junit.platform.engine.support.hierarchical.SameThreadHierarchicalTestExecutorService.submit(SameThreadHierarchicalTestExecutorService.java:35)
	at org.junit.platform.engine.support.hierarchical.HierarchicalTestExecutor.execute(HierarchicalTestExecutor.java:57)
	at org.junit.platform.engine.support.hierarchical.HierarchicalTestEngine.execute(HierarchicalTestEngine.java:54)
	at org.junit.platform.launcher.core.EngineExecutionOrchestrator.execute(EngineExecutionOrchestrator.java:107)
	at org.junit.platform.launcher.core.EngineExecutionOrchestrator.execute(EngineExecutionOrchestrator.java:88)
	at org.junit.platform.launcher.core.EngineExecutionOrchestrator.lambda$execute$0(EngineExecutionOrchestrator.java:54)
	at org.junit.platform.launcher.core.EngineExecutionOrchestrator.withInterceptedStreams(EngineExecutionOrchestrator.java:67)
	at org.junit.platform.launcher.core.EngineExecutionOrchestrator.execute(EngineExecutionOrchestrator.java:52)
	at org.junit.platform.launcher.core.DefaultLauncher.execute(DefaultLauncher.java:114)
	at org.junit.platform.launcher.core.DefaultLauncher.execute(DefaultLauncher.java:86)
	at org.junit.platform.launcher.core.DefaultLauncherSession$DelegatingLauncher.execute(DefaultLauncherSession.java:86)
	at org.apache.maven.surefire.junitplatform.LazyLauncher.execute(LazyLauncher.java:50)
	at org.apache.maven.surefire.junitplatform.JUnitPlatformProvider.lambda$execute$1(JUnitPlatformProvider.java:191)
	at java.base/java.util.Iterator.forEachRemaining(Iterator.java:133)
	at org.apache.maven.surefire.junitplatform.JUnitPlatformProvider.execute(JUnitPlatformProvider.java:186)
	at org.apache.maven.surefire.junitplatform.JUnitPlatformProvider.invokeAllTests(JUnitPlatformProvider.java:148)
	at org.apache.maven.surefire.junitplatform.JUnitPlatformProvider.invoke(JUnitPlatformProvider.java:118)
	at org.apache.maven.surefire.booter.ForkedBooter.runSuitesInProcess(ForkedBooter.java:385)
	at org.apache.maven.surefire.booter.ForkedBooter.execute(ForkedBooter.java:162)
	at org.apache.maven.surefire.booter.ForkedBooter.run(ForkedBooter.java:507)
	at org.apache.maven.surefire.booter.ForkedBooter.main(ForkedBooter.java:495)
2023-12-12 00:43:52,936 [using logback-test.xml] DEBUG emissary.config.ConfigUtil -   - Configured configDirProperty /Users/connor/Projects/work/emissary/target/config
]]></system-out>
  </testcase>
  <testcase name="testNonExistentClassName" classname="emissary.core.FactoryTest" time="0.003">
    <system-out><![CDATA[2023-12-12 00:43:52,942 [using logback-test.xml]  INFO emissary.command.BaseCommand -   - PROJECT_BASE is set to /Users/connor/Projects/work/emissary/target 
2023-12-12 00:43:52,942 [using logback-test.xml]  INFO emissary.command.BaseCommand -   - Setting emissary.config.dir to /Users/connor/Projects/work/emissary/target/config 
2023-12-12 00:43:52,942 [using logback-test.xml]  INFO emissary.command.BaseCommand -   - Setting emissary.bin.dir to /Users/connor/Projects/work/emissary/target/bin 
2023-12-12 00:43:52,942 [using logback-test.xml]  INFO emissary.command.BaseCommand -   - Setting emissary.output.root to /Users/connor/Projects/work/emissary/target/localoutput 
2023-12-12 00:43:52,942 [using logback-test.xml]  INFO emissary.command.BaseCommand -   - Emissary error dir set to /Users/connor/Projects/work/emissary/target/localerror 
2023-12-12 00:43:52,942 [using logback-test.xml]  INFO emissary.command.BaseCommand -   - Setting emissary.node.name to localhost 
2023-12-12 00:43:52,942 [using logback-test.xml]  INFO emissary.command.BaseCommand -   - Setting emissary.node.port to 8001 
2023-12-12 00:43:52,942 [using logback-test.xml]  INFO emissary.command.BaseCommand -   - Setting emissary.node.scheme to http 
2023-12-12 00:43:52,942 [using logback-test.xml]  WARN emissary.command.BaseCommand -   - Not using /Users/connor/Projects/work/emissary/target/config/logback.xml, staying with test config file:/Users/connor/Projects/work/emissary/target/test-classes/logback-test.xml
2023-12-12 00:43:52,944 [using logback-test.xml]  INFO emissary.command.BaseCommand -   - Overriding current emissary.config.flavor null to CLUSTER 
2023-12-12 00:43:52,944 [using logback-test.xml]  INFO emissary.command.BaseCommand -   - PROJECT_BASE is set to /Users/connor/Projects/work/emissary/target 
2023-12-12 00:43:52,944 [using logback-test.xml]  INFO emissary.command.BaseCommand -   - Setting emissary.config.dir to /Users/connor/Projects/work/emissary/target/config 
2023-12-12 00:43:52,944 [using logback-test.xml]  INFO emissary.command.BaseCommand -   - Setting emissary.bin.dir to /Users/connor/Projects/work/emissary/target/bin 
2023-12-12 00:43:52,944 [using logback-test.xml]  INFO emissary.command.BaseCommand -   - Setting emissary.output.root to /Users/connor/Projects/work/emissary/target/localoutput 
2023-12-12 00:43:52,944 [using logback-test.xml]  INFO emissary.command.BaseCommand -   - Emissary error dir set to /Users/connor/Projects/work/emissary/target/localerror 
2023-12-12 00:43:52,944 [using logback-test.xml]  INFO emissary.command.BaseCommand -   - Setting emissary.config.flavor to CLUSTER 
2023-12-12 00:43:52,944 [using logback-test.xml]  INFO emissary.command.BaseCommand -   - Setting emissary.node.name to localhost 
2023-12-12 00:43:52,944 [using logback-test.xml]  INFO emissary.command.BaseCommand -   - Setting emissary.node.port to 8001 
2023-12-12 00:43:52,944 [using logback-test.xml]  INFO emissary.command.BaseCommand -   - Setting emissary.node.scheme to http 
2023-12-12 00:43:52,944 [using logback-test.xml]  WARN emissary.command.BaseCommand -   - Not using /Users/connor/Projects/work/emissary/target/config/logback.xml, staying with test config file:/Users/connor/Projects/work/emissary/target/test-classes/logback-test.xml
2023-12-12 00:43:52,946 [using logback-test.xml]  INFO emissary.command.BaseCommand -   - Overriding current emissary.config.flavor CLUSTER to CLUSTER 
2023-12-12 00:43:52,947 [using logback-test.xml] ERROR emissary.core.Factory -   - Could not find class
java.lang.ClassNotFoundException: foo.bar.baz.Quux
	at java.base/jdk.internal.loader.BuiltinClassLoader.loadClass(BuiltinClassLoader.java:641)
	at java.base/jdk.internal.loader.ClassLoaders$AppClassLoader.loadClass(ClassLoaders.java:188)
	at java.base/java.lang.ClassLoader.loadClass(ClassLoader.java:520)
	at java.base/java.lang.Class.forName0(Native Method)
	at java.base/java.lang.Class.forName(Class.java:375)
	at emissary.util.ClassLookupCache.lookup(ClassLookupCache.java:131)
	at emissary.core.Factory.create(Factory.java:52)
	at emissary.core.Factory.create(Factory.java:107)
	at emissary.core.FactoryTest.lambda$testNonExistentClassName$3(FactoryTest.java:150)
	at org.junit.jupiter.api.AssertThrows.assertThrows(AssertThrows.java:55)
	at org.junit.jupiter.api.AssertThrows.assertThrows(AssertThrows.java:37)
	at org.junit.jupiter.api.Assertions.assertThrows(Assertions.java:3082)
	at emissary.core.FactoryTest.testNonExistentClassName(FactoryTest.java:150)
	at java.base/jdk.internal.reflect.NativeMethodAccessorImpl.invoke0(Native Method)
	at java.base/jdk.internal.reflect.NativeMethodAccessorImpl.invoke(NativeMethodAccessorImpl.java:77)
	at java.base/jdk.internal.reflect.DelegatingMethodAccessorImpl.invoke(DelegatingMethodAccessorImpl.java:43)
	at java.base/java.lang.reflect.Method.invoke(Method.java:568)
	at org.junit.platform.commons.util.ReflectionUtils.invokeMethod(ReflectionUtils.java:725)
	at org.junit.jupiter.engine.execution.MethodInvocation.proceed(MethodInvocation.java:60)
	at org.junit.jupiter.engine.execution.InvocationInterceptorChain$ValidatingInvocation.proceed(InvocationInterceptorChain.java:131)
	at org.junit.jupiter.engine.extension.TimeoutExtension.intercept(TimeoutExtension.java:149)
	at org.junit.jupiter.engine.extension.TimeoutExtension.interceptTestableMethod(TimeoutExtension.java:140)
	at org.junit.jupiter.engine.extension.TimeoutExtension.interceptTestMethod(TimeoutExtension.java:84)
	at org.junit.jupiter.engine.execution.ExecutableInvoker$ReflectiveInterceptorCall.lambda$ofVoidMethod$0(ExecutableInvoker.java:115)
	at org.junit.jupiter.engine.execution.ExecutableInvoker.lambda$invoke$0(ExecutableInvoker.java:105)
	at org.junit.jupiter.engine.execution.InvocationInterceptorChain$InterceptedInvocation.proceed(InvocationInterceptorChain.java:106)
	at org.junit.jupiter.engine.execution.InvocationInterceptorChain.proceed(InvocationInterceptorChain.java:64)
	at org.junit.jupiter.engine.execution.InvocationInterceptorChain.chainAndInvoke(InvocationInterceptorChain.java:45)
	at org.junit.jupiter.engine.execution.InvocationInterceptorChain.invoke(InvocationInterceptorChain.java:37)
	at org.junit.jupiter.engine.execution.ExecutableInvoker.invoke(ExecutableInvoker.java:104)
	at org.junit.jupiter.engine.execution.ExecutableInvoker.invoke(ExecutableInvoker.java:98)
	at org.junit.jupiter.engine.descriptor.TestMethodTestDescriptor.lambda$invokeTestMethod$7(TestMethodTestDescriptor.java:214)
	at org.junit.platform.engine.support.hierarchical.ThrowableCollector.execute(ThrowableCollector.java:73)
	at org.junit.jupiter.engine.descriptor.TestMethodTestDescriptor.invokeTestMethod(TestMethodTestDescriptor.java:210)
	at org.junit.jupiter.engine.descriptor.TestMethodTestDescriptor.execute(TestMethodTestDescriptor.java:135)
	at org.junit.jupiter.engine.descriptor.TestMethodTestDescriptor.execute(TestMethodTestDescriptor.java:66)
	at org.junit.platform.engine.support.hierarchical.NodeTestTask.lambda$executeRecursively$6(NodeTestTask.java:151)
	at org.junit.platform.engine.support.hierarchical.ThrowableCollector.execute(ThrowableCollector.java:73)
	at org.junit.platform.engine.support.hierarchical.NodeTestTask.lambda$executeRecursively$8(NodeTestTask.java:141)
	at org.junit.platform.engine.support.hierarchical.Node.around(Node.java:137)
	at org.junit.platform.engine.support.hierarchical.NodeTestTask.lambda$executeRecursively$9(NodeTestTask.java:139)
	at org.junit.platform.engine.support.hierarchical.ThrowableCollector.execute(ThrowableCollector.java:73)
	at org.junit.platform.engine.support.hierarchical.NodeTestTask.executeRecursively(NodeTestTask.java:138)
	at org.junit.platform.engine.support.hierarchical.NodeTestTask.execute(NodeTestTask.java:95)
	at java.base/java.util.ArrayList.forEach(ArrayList.java:1511)
	at org.junit.platform.engine.support.hierarchical.SameThreadHierarchicalTestExecutorService.invokeAll(SameThreadHierarchicalTestExecutorService.java:41)
	at org.junit.platform.engine.support.hierarchical.NodeTestTask.lambda$executeRecursively$6(NodeTestTask.java:155)
	at org.junit.platform.engine.support.hierarchical.ThrowableCollector.execute(ThrowableCollector.java:73)
	at org.junit.platform.engine.support.hierarchical.NodeTestTask.lambda$executeRecursively$8(NodeTestTask.java:141)
	at org.junit.platform.engine.support.hierarchical.Node.around(Node.java:137)
	at org.junit.platform.engine.support.hierarchical.NodeTestTask.lambda$executeRecursively$9(NodeTestTask.java:139)
	at org.junit.platform.engine.support.hierarchical.ThrowableCollector.execute(ThrowableCollector.java:73)
	at org.junit.platform.engine.support.hierarchical.NodeTestTask.executeRecursively(NodeTestTask.java:138)
	at org.junit.platform.engine.support.hierarchical.NodeTestTask.execute(NodeTestTask.java:95)
	at java.base/java.util.ArrayList.forEach(ArrayList.java:1511)
	at org.junit.platform.engine.support.hierarchical.SameThreadHierarchicalTestExecutorService.invokeAll(SameThreadHierarchicalTestExecutorService.java:41)
	at org.junit.platform.engine.support.hierarchical.NodeTestTask.lambda$executeRecursively$6(NodeTestTask.java:155)
	at org.junit.platform.engine.support.hierarchical.ThrowableCollector.execute(ThrowableCollector.java:73)
	at org.junit.platform.engine.support.hierarchical.NodeTestTask.lambda$executeRecursively$8(NodeTestTask.java:141)
	at org.junit.platform.engine.support.hierarchical.Node.around(Node.java:137)
	at org.junit.platform.engine.support.hierarchical.NodeTestTask.lambda$executeRecursively$9(NodeTestTask.java:139)
	at org.junit.platform.engine.support.hierarchical.ThrowableCollector.execute(ThrowableCollector.java:73)
	at org.junit.platform.engine.support.hierarchical.NodeTestTask.executeRecursively(NodeTestTask.java:138)
	at org.junit.platform.engine.support.hierarchical.NodeTestTask.execute(NodeTestTask.java:95)
	at org.junit.platform.engine.support.hierarchical.SameThreadHierarchicalTestExecutorService.submit(SameThreadHierarchicalTestExecutorService.java:35)
	at org.junit.platform.engine.support.hierarchical.HierarchicalTestExecutor.execute(HierarchicalTestExecutor.java:57)
	at org.junit.platform.engine.support.hierarchical.HierarchicalTestEngine.execute(HierarchicalTestEngine.java:54)
	at org.junit.platform.launcher.core.EngineExecutionOrchestrator.execute(EngineExecutionOrchestrator.java:107)
	at org.junit.platform.launcher.core.EngineExecutionOrchestrator.execute(EngineExecutionOrchestrator.java:88)
	at org.junit.platform.launcher.core.EngineExecutionOrchestrator.lambda$execute$0(EngineExecutionOrchestrator.java:54)
	at org.junit.platform.launcher.core.EngineExecutionOrchestrator.withInterceptedStreams(EngineExecutionOrchestrator.java:67)
	at org.junit.platform.launcher.core.EngineExecutionOrchestrator.execute(EngineExecutionOrchestrator.java:52)
	at org.junit.platform.launcher.core.DefaultLauncher.execute(DefaultLauncher.java:114)
	at org.junit.platform.launcher.core.DefaultLauncher.execute(DefaultLauncher.java:86)
	at org.junit.platform.launcher.core.DefaultLauncherSession$DelegatingLauncher.execute(DefaultLauncherSession.java:86)
	at org.apache.maven.surefire.junitplatform.LazyLauncher.execute(LazyLauncher.java:50)
	at org.apache.maven.surefire.junitplatform.JUnitPlatformProvider.lambda$execute$1(JUnitPlatformProvider.java:191)
	at java.base/java.util.Iterator.forEachRemaining(Iterator.java:133)
	at org.apache.maven.surefire.junitplatform.JUnitPlatformProvider.execute(JUnitPlatformProvider.java:186)
	at org.apache.maven.surefire.junitplatform.JUnitPlatformProvider.invokeAllTests(JUnitPlatformProvider.java:148)
	at org.apache.maven.surefire.junitplatform.JUnitPlatformProvider.invoke(JUnitPlatformProvider.java:118)
	at org.apache.maven.surefire.booter.ForkedBooter.runSuitesInProcess(ForkedBooter.java:385)
	at org.apache.maven.surefire.booter.ForkedBooter.execute(ForkedBooter.java:162)
	at org.apache.maven.surefire.booter.ForkedBooter.run(ForkedBooter.java:507)
	at org.apache.maven.surefire.booter.ForkedBooter.main(ForkedBooter.java:495)
2023-12-12 00:43:52,947 [using logback-test.xml] DEBUG emissary.config.ConfigUtil -   - Configured configDirProperty /Users/connor/Projects/work/emissary/target/config
]]></system-out>
  </testcase>
  <testcase name="testWithVarArgsAndBogusCtor" classname="emissary.core.FactoryTest" time="0.002">
    <system-out><![CDATA[2023-12-12 00:43:52,952 [using logback-test.xml]  INFO emissary.command.BaseCommand -   - PROJECT_BASE is set to /Users/connor/Projects/work/emissary/target 
2023-12-12 00:43:52,952 [using logback-test.xml]  INFO emissary.command.BaseCommand -   - Setting emissary.config.dir to /Users/connor/Projects/work/emissary/target/config 
2023-12-12 00:43:52,952 [using logback-test.xml]  INFO emissary.command.BaseCommand -   - Setting emissary.bin.dir to /Users/connor/Projects/work/emissary/target/bin 
2023-12-12 00:43:52,952 [using logback-test.xml]  INFO emissary.command.BaseCommand -   - Setting emissary.output.root to /Users/connor/Projects/work/emissary/target/localoutput 
2023-12-12 00:43:52,952 [using logback-test.xml]  INFO emissary.command.BaseCommand -   - Emissary error dir set to /Users/connor/Projects/work/emissary/target/localerror 
2023-12-12 00:43:52,952 [using logback-test.xml]  INFO emissary.command.BaseCommand -   - Setting emissary.node.name to localhost 
2023-12-12 00:43:52,952 [using logback-test.xml]  INFO emissary.command.BaseCommand -   - Setting emissary.node.port to 8001 
2023-12-12 00:43:52,952 [using logback-test.xml]  INFO emissary.command.BaseCommand -   - Setting emissary.node.scheme to http 
2023-12-12 00:43:52,952 [using logback-test.xml]  WARN emissary.command.BaseCommand -   - Not using /Users/connor/Projects/work/emissary/target/config/logback.xml, staying with test config file:/Users/connor/Projects/work/emissary/target/test-classes/logback-test.xml
2023-12-12 00:43:52,953 [using logback-test.xml]  INFO emissary.command.BaseCommand -   - Overriding current emissary.config.flavor null to CLUSTER 
2023-12-12 00:43:52,953 [using logback-test.xml]  INFO emissary.command.BaseCommand -   - PROJECT_BASE is set to /Users/connor/Projects/work/emissary/target 
2023-12-12 00:43:52,953 [using logback-test.xml]  INFO emissary.command.BaseCommand -   - Setting emissary.config.dir to /Users/connor/Projects/work/emissary/target/config 
2023-12-12 00:43:52,953 [using logback-test.xml]  INFO emissary.command.BaseCommand -   - Setting emissary.bin.dir to /Users/connor/Projects/work/emissary/target/bin 
2023-12-12 00:43:52,953 [using logback-test.xml]  INFO emissary.command.BaseCommand -   - Setting emissary.output.root to /Users/connor/Projects/work/emissary/target/localoutput 
2023-12-12 00:43:52,953 [using logback-test.xml]  INFO emissary.command.BaseCommand -   - Emissary error dir set to /Users/connor/Projects/work/emissary/target/localerror 
2023-12-12 00:43:52,953 [using logback-test.xml]  INFO emissary.command.BaseCommand -   - Setting emissary.config.flavor to CLUSTER 
2023-12-12 00:43:52,953 [using logback-test.xml]  INFO emissary.command.BaseCommand -   - Setting emissary.node.name to localhost 
2023-12-12 00:43:52,953 [using logback-test.xml]  INFO emissary.command.BaseCommand -   - Setting emissary.node.port to 8001 
2023-12-12 00:43:52,953 [using logback-test.xml]  INFO emissary.command.BaseCommand -   - Setting emissary.node.scheme to http 
2023-12-12 00:43:52,953 [using logback-test.xml]  WARN emissary.command.BaseCommand -   - Not using /Users/connor/Projects/work/emissary/target/config/logback.xml, staying with test config file:/Users/connor/Projects/work/emissary/target/test-classes/logback-test.xml
2023-12-12 00:43:52,955 [using logback-test.xml]  INFO emissary.command.BaseCommand -   - Overriding current emissary.config.flavor CLUSTER to CLUSTER 
2023-12-12 00:43:52,955 [using logback-test.xml]  INFO emissary.core.Factory -   - Failed to find constructor for args(4) types (4) : [class java.lang.Integer, class java.lang.Integer, class java.lang.Integer, class java.lang.Integer]
2023-12-12 00:43:52,955 [using logback-test.xml] ERROR emissary.core.Factory -   - Problem in factory
java.lang.Error: failed to find suitable constructor for class java.lang.Throwable
	at emissary.core.Factory.create(Factory.java:66)
	at emissary.core.FactoryTest.lambda$testWithVarArgsAndBogusCtor$0(FactoryTest.java:65)
	at org.junit.jupiter.api.AssertThrows.assertThrows(AssertThrows.java:55)
	at org.junit.jupiter.api.AssertThrows.assertThrows(AssertThrows.java:37)
	at org.junit.jupiter.api.Assertions.assertThrows(Assertions.java:3082)
	at emissary.core.FactoryTest.testWithVarArgsAndBogusCtor(FactoryTest.java:65)
	at java.base/jdk.internal.reflect.NativeMethodAccessorImpl.invoke0(Native Method)
	at java.base/jdk.internal.reflect.NativeMethodAccessorImpl.invoke(NativeMethodAccessorImpl.java:77)
	at java.base/jdk.internal.reflect.DelegatingMethodAccessorImpl.invoke(DelegatingMethodAccessorImpl.java:43)
	at java.base/java.lang.reflect.Method.invoke(Method.java:568)
	at org.junit.platform.commons.util.ReflectionUtils.invokeMethod(ReflectionUtils.java:725)
	at org.junit.jupiter.engine.execution.MethodInvocation.proceed(MethodInvocation.java:60)
	at org.junit.jupiter.engine.execution.InvocationInterceptorChain$ValidatingInvocation.proceed(InvocationInterceptorChain.java:131)
	at org.junit.jupiter.engine.extension.TimeoutExtension.intercept(TimeoutExtension.java:149)
	at org.junit.jupiter.engine.extension.TimeoutExtension.interceptTestableMethod(TimeoutExtension.java:140)
	at org.junit.jupiter.engine.extension.TimeoutExtension.interceptTestMethod(TimeoutExtension.java:84)
	at org.junit.jupiter.engine.execution.ExecutableInvoker$ReflectiveInterceptorCall.lambda$ofVoidMethod$0(ExecutableInvoker.java:115)
	at org.junit.jupiter.engine.execution.ExecutableInvoker.lambda$invoke$0(ExecutableInvoker.java:105)
	at org.junit.jupiter.engine.execution.InvocationInterceptorChain$InterceptedInvocation.proceed(InvocationInterceptorChain.java:106)
	at org.junit.jupiter.engine.execution.InvocationInterceptorChain.proceed(InvocationInterceptorChain.java:64)
	at org.junit.jupiter.engine.execution.InvocationInterceptorChain.chainAndInvoke(InvocationInterceptorChain.java:45)
	at org.junit.jupiter.engine.execution.InvocationInterceptorChain.invoke(InvocationInterceptorChain.java:37)
	at org.junit.jupiter.engine.execution.ExecutableInvoker.invoke(ExecutableInvoker.java:104)
	at org.junit.jupiter.engine.execution.ExecutableInvoker.invoke(ExecutableInvoker.java:98)
	at org.junit.jupiter.engine.descriptor.TestMethodTestDescriptor.lambda$invokeTestMethod$7(TestMethodTestDescriptor.java:214)
	at org.junit.platform.engine.support.hierarchical.ThrowableCollector.execute(ThrowableCollector.java:73)
	at org.junit.jupiter.engine.descriptor.TestMethodTestDescriptor.invokeTestMethod(TestMethodTestDescriptor.java:210)
	at org.junit.jupiter.engine.descriptor.TestMethodTestDescriptor.execute(TestMethodTestDescriptor.java:135)
	at org.junit.jupiter.engine.descriptor.TestMethodTestDescriptor.execute(TestMethodTestDescriptor.java:66)
	at org.junit.platform.engine.support.hierarchical.NodeTestTask.lambda$executeRecursively$6(NodeTestTask.java:151)
	at org.junit.platform.engine.support.hierarchical.ThrowableCollector.execute(ThrowableCollector.java:73)
	at org.junit.platform.engine.support.hierarchical.NodeTestTask.lambda$executeRecursively$8(NodeTestTask.java:141)
	at org.junit.platform.engine.support.hierarchical.Node.around(Node.java:137)
	at org.junit.platform.engine.support.hierarchical.NodeTestTask.lambda$executeRecursively$9(NodeTestTask.java:139)
	at org.junit.platform.engine.support.hierarchical.ThrowableCollector.execute(ThrowableCollector.java:73)
	at org.junit.platform.engine.support.hierarchical.NodeTestTask.executeRecursively(NodeTestTask.java:138)
	at org.junit.platform.engine.support.hierarchical.NodeTestTask.execute(NodeTestTask.java:95)
	at java.base/java.util.ArrayList.forEach(ArrayList.java:1511)
	at org.junit.platform.engine.support.hierarchical.SameThreadHierarchicalTestExecutorService.invokeAll(SameThreadHierarchicalTestExecutorService.java:41)
	at org.junit.platform.engine.support.hierarchical.NodeTestTask.lambda$executeRecursively$6(NodeTestTask.java:155)
	at org.junit.platform.engine.support.hierarchical.ThrowableCollector.execute(ThrowableCollector.java:73)
	at org.junit.platform.engine.support.hierarchical.NodeTestTask.lambda$executeRecursively$8(NodeTestTask.java:141)
	at org.junit.platform.engine.support.hierarchical.Node.around(Node.java:137)
	at org.junit.platform.engine.support.hierarchical.NodeTestTask.lambda$executeRecursively$9(NodeTestTask.java:139)
	at org.junit.platform.engine.support.hierarchical.ThrowableCollector.execute(ThrowableCollector.java:73)
	at org.junit.platform.engine.support.hierarchical.NodeTestTask.executeRecursively(NodeTestTask.java:138)
	at org.junit.platform.engine.support.hierarchical.NodeTestTask.execute(NodeTestTask.java:95)
	at java.base/java.util.ArrayList.forEach(ArrayList.java:1511)
	at org.junit.platform.engine.support.hierarchical.SameThreadHierarchicalTestExecutorService.invokeAll(SameThreadHierarchicalTestExecutorService.java:41)
	at org.junit.platform.engine.support.hierarchical.NodeTestTask.lambda$executeRecursively$6(NodeTestTask.java:155)
	at org.junit.platform.engine.support.hierarchical.ThrowableCollector.execute(ThrowableCollector.java:73)
	at org.junit.platform.engine.support.hierarchical.NodeTestTask.lambda$executeRecursively$8(NodeTestTask.java:141)
	at org.junit.platform.engine.support.hierarchical.Node.around(Node.java:137)
	at org.junit.platform.engine.support.hierarchical.NodeTestTask.lambda$executeRecursively$9(NodeTestTask.java:139)
	at org.junit.platform.engine.support.hierarchical.ThrowableCollector.execute(ThrowableCollector.java:73)
	at org.junit.platform.engine.support.hierarchical.NodeTestTask.executeRecursively(NodeTestTask.java:138)
	at org.junit.platform.engine.support.hierarchical.NodeTestTask.execute(NodeTestTask.java:95)
	at org.junit.platform.engine.support.hierarchical.SameThreadHierarchicalTestExecutorService.submit(SameThreadHierarchicalTestExecutorService.java:35)
	at org.junit.platform.engine.support.hierarchical.HierarchicalTestExecutor.execute(HierarchicalTestExecutor.java:57)
	at org.junit.platform.engine.support.hierarchical.HierarchicalTestEngine.execute(HierarchicalTestEngine.java:54)
	at org.junit.platform.launcher.core.EngineExecutionOrchestrator.execute(EngineExecutionOrchestrator.java:107)
	at org.junit.platform.launcher.core.EngineExecutionOrchestrator.execute(EngineExecutionOrchestrator.java:88)
	at org.junit.platform.launcher.core.EngineExecutionOrchestrator.lambda$execute$0(EngineExecutionOrchestrator.java:54)
	at org.junit.platform.launcher.core.EngineExecutionOrchestrator.withInterceptedStreams(EngineExecutionOrchestrator.java:67)
	at org.junit.platform.launcher.core.EngineExecutionOrchestrator.execute(EngineExecutionOrchestrator.java:52)
	at org.junit.platform.launcher.core.DefaultLauncher.execute(DefaultLauncher.java:114)
	at org.junit.platform.launcher.core.DefaultLauncher.execute(DefaultLauncher.java:86)
	at org.junit.platform.launcher.core.DefaultLauncherSession$DelegatingLauncher.execute(DefaultLauncherSession.java:86)
	at org.apache.maven.surefire.junitplatform.LazyLauncher.execute(LazyLauncher.java:50)
	at org.apache.maven.surefire.junitplatform.JUnitPlatformProvider.lambda$execute$1(JUnitPlatformProvider.java:191)
	at java.base/java.util.Iterator.forEachRemaining(Iterator.java:133)
	at org.apache.maven.surefire.junitplatform.JUnitPlatformProvider.execute(JUnitPlatformProvider.java:186)
	at org.apache.maven.surefire.junitplatform.JUnitPlatformProvider.invokeAllTests(JUnitPlatformProvider.java:148)
	at org.apache.maven.surefire.junitplatform.JUnitPlatformProvider.invoke(JUnitPlatformProvider.java:118)
	at org.apache.maven.surefire.booter.ForkedBooter.runSuitesInProcess(ForkedBooter.java:385)
	at org.apache.maven.surefire.booter.ForkedBooter.execute(ForkedBooter.java:162)
	at org.apache.maven.surefire.booter.ForkedBooter.run(ForkedBooter.java:507)
	at org.apache.maven.surefire.booter.ForkedBooter.main(ForkedBooter.java:495)
2023-12-12 00:43:52,955 [using logback-test.xml] DEBUG emissary.config.ConfigUtil -   - Configured configDirProperty /Users/connor/Projects/work/emissary/target/config
]]></system-out>
  </testcase>
  <testcase name="testSelfBindingInstanceWithoutVarargs" classname="emissary.core.FactoryTest" time="0.002">
    <system-out><![CDATA[2023-12-12 00:43:52,958 [using logback-test.xml]  INFO emissary.command.BaseCommand -   - PROJECT_BASE is set to /Users/connor/Projects/work/emissary/target 
2023-12-12 00:43:52,958 [using logback-test.xml]  INFO emissary.command.BaseCommand -   - Setting emissary.config.dir to /Users/connor/Projects/work/emissary/target/config 
2023-12-12 00:43:52,958 [using logback-test.xml]  INFO emissary.command.BaseCommand -   - Setting emissary.bin.dir to /Users/connor/Projects/work/emissary/target/bin 
2023-12-12 00:43:52,958 [using logback-test.xml]  INFO emissary.command.BaseCommand -   - Setting emissary.output.root to /Users/connor/Projects/work/emissary/target/localoutput 
2023-12-12 00:43:52,958 [using logback-test.xml]  INFO emissary.command.BaseCommand -   - Emissary error dir set to /Users/connor/Projects/work/emissary/target/localerror 
2023-12-12 00:43:52,958 [using logback-test.xml]  INFO emissary.command.BaseCommand -   - Setting emissary.node.name to localhost 
2023-12-12 00:43:52,958 [using logback-test.xml]  INFO emissary.command.BaseCommand -   - Setting emissary.node.port to 8001 
2023-12-12 00:43:52,958 [using logback-test.xml]  INFO emissary.command.BaseCommand -   - Setting emissary.node.scheme to http 
2023-12-12 00:43:52,958 [using logback-test.xml]  WARN emissary.command.BaseCommand -   - Not using /Users/connor/Projects/work/emissary/target/config/logback.xml, staying with test config file:/Users/connor/Projects/work/emissary/target/test-classes/logback-test.xml
2023-12-12 00:43:52,960 [using logback-test.xml]  INFO emissary.command.BaseCommand -   - Overriding current emissary.config.flavor null to CLUSTER 
2023-12-12 00:43:52,960 [using logback-test.xml]  INFO emissary.command.BaseCommand -   - PROJECT_BASE is set to /Users/connor/Projects/work/emissary/target 
2023-12-12 00:43:52,960 [using logback-test.xml]  INFO emissary.command.BaseCommand -   - Setting emissary.config.dir to /Users/connor/Projects/work/emissary/target/config 
2023-12-12 00:43:52,960 [using logback-test.xml]  INFO emissary.command.BaseCommand -   - Setting emissary.bin.dir to /Users/connor/Projects/work/emissary/target/bin 
2023-12-12 00:43:52,960 [using logback-test.xml]  INFO emissary.command.BaseCommand -   - Setting emissary.output.root to /Users/connor/Projects/work/emissary/target/localoutput 
2023-12-12 00:43:52,960 [using logback-test.xml]  INFO emissary.command.BaseCommand -   - Emissary error dir set to /Users/connor/Projects/work/emissary/target/localerror 
2023-12-12 00:43:52,960 [using logback-test.xml]  INFO emissary.command.BaseCommand -   - Setting emissary.config.flavor to CLUSTER 
2023-12-12 00:43:52,960 [using logback-test.xml]  INFO emissary.command.BaseCommand -   - Setting emissary.node.name to localhost 
2023-12-12 00:43:52,960 [using logback-test.xml]  INFO emissary.command.BaseCommand -   - Setting emissary.node.port to 8001 
2023-12-12 00:43:52,960 [using logback-test.xml]  INFO emissary.command.BaseCommand -   - Setting emissary.node.scheme to http 
2023-12-12 00:43:52,960 [using logback-test.xml]  WARN emissary.command.BaseCommand -   - Not using /Users/connor/Projects/work/emissary/target/config/logback.xml, staying with test config file:/Users/connor/Projects/work/emissary/target/test-classes/logback-test.xml
2023-12-12 00:43:52,961 [using logback-test.xml]  INFO emissary.command.BaseCommand -   - Overriding current emissary.config.flavor CLUSTER to CLUSTER 
2023-12-12 00:43:52,961 [using logback-test.xml] DEBUG emissary.config.ConfigUtil -   - Configured configDirProperty /Users/connor/Projects/work/emissary/target/config
]]></system-out>
  </testcase>
  <testcase name="testWithVarArgs" classname="emissary.core.FactoryTest" time="0.003">
    <system-out><![CDATA[2023-12-12 00:43:52,966 [using logback-test.xml]  INFO emissary.command.BaseCommand -   - PROJECT_BASE is set to /Users/connor/Projects/work/emissary/target 
2023-12-12 00:43:52,966 [using logback-test.xml]  INFO emissary.command.BaseCommand -   - Setting emissary.config.dir to /Users/connor/Projects/work/emissary/target/config 
2023-12-12 00:43:52,966 [using logback-test.xml]  INFO emissary.command.BaseCommand -   - Setting emissary.bin.dir to /Users/connor/Projects/work/emissary/target/bin 
2023-12-12 00:43:52,966 [using logback-test.xml]  INFO emissary.command.BaseCommand -   - Setting emissary.output.root to /Users/connor/Projects/work/emissary/target/localoutput 
2023-12-12 00:43:52,966 [using logback-test.xml]  INFO emissary.command.BaseCommand -   - Emissary error dir set to /Users/connor/Projects/work/emissary/target/localerror 
2023-12-12 00:43:52,966 [using logback-test.xml]  INFO emissary.command.BaseCommand -   - Setting emissary.node.name to localhost 
2023-12-12 00:43:52,966 [using logback-test.xml]  INFO emissary.command.BaseCommand -   - Setting emissary.node.port to 8001 
2023-12-12 00:43:52,966 [using logback-test.xml]  INFO emissary.command.BaseCommand -   - Setting emissary.node.scheme to http 
2023-12-12 00:43:52,966 [using logback-test.xml]  WARN emissary.command.BaseCommand -   - Not using /Users/connor/Projects/work/emissary/target/config/logback.xml, staying with test config file:/Users/connor/Projects/work/emissary/target/test-classes/logback-test.xml
2023-12-12 00:43:52,968 [using logback-test.xml]  INFO emissary.command.BaseCommand -   - Overriding current emissary.config.flavor null to CLUSTER 
2023-12-12 00:43:52,968 [using logback-test.xml]  INFO emissary.command.BaseCommand -   - PROJECT_BASE is set to /Users/connor/Projects/work/emissary/target 
2023-12-12 00:43:52,968 [using logback-test.xml]  INFO emissary.command.BaseCommand -   - Setting emissary.config.dir to /Users/connor/Projects/work/emissary/target/config 
2023-12-12 00:43:52,968 [using logback-test.xml]  INFO emissary.command.BaseCommand -   - Setting emissary.bin.dir to /Users/connor/Projects/work/emissary/target/bin 
2023-12-12 00:43:52,968 [using logback-test.xml]  INFO emissary.command.BaseCommand -   - Setting emissary.output.root to /Users/connor/Projects/work/emissary/target/localoutput 
2023-12-12 00:43:52,968 [using logback-test.xml]  INFO emissary.command.BaseCommand -   - Emissary error dir set to /Users/connor/Projects/work/emissary/target/localerror 
2023-12-12 00:43:52,968 [using logback-test.xml]  INFO emissary.command.BaseCommand -   - Setting emissary.config.flavor to CLUSTER 
2023-12-12 00:43:52,968 [using logback-test.xml]  INFO emissary.command.BaseCommand -   - Setting emissary.node.name to localhost 
2023-12-12 00:43:52,968 [using logback-test.xml]  INFO emissary.command.BaseCommand -   - Setting emissary.node.port to 8001 
2023-12-12 00:43:52,968 [using logback-test.xml]  INFO emissary.command.BaseCommand -   - Setting emissary.node.scheme to http 
2023-12-12 00:43:52,968 [using logback-test.xml]  WARN emissary.command.BaseCommand -   - Not using /Users/connor/Projects/work/emissary/target/config/logback.xml, staying with test config file:/Users/connor/Projects/work/emissary/target/test-classes/logback-test.xml
2023-12-12 00:43:52,969 [using logback-test.xml]  INFO emissary.command.BaseCommand -   - Overriding current emissary.config.flavor CLUSTER to CLUSTER 
2023-12-12 00:43:52,969 [using logback-test.xml] DEBUG emissary.config.ConfigUtil -   - Configured configDirProperty /Users/connor/Projects/work/emissary/target/config
]]></system-out>
  </testcase>
  <testcase name="testCreatingAnAbstractClass" classname="emissary.core.FactoryTest" time="0.007">
    <system-out><![CDATA[2023-12-12 00:43:52,973 [using logback-test.xml]  INFO emissary.command.BaseCommand -   - PROJECT_BASE is set to /Users/connor/Projects/work/emissary/target 
2023-12-12 00:43:52,973 [using logback-test.xml]  INFO emissary.command.BaseCommand -   - Setting emissary.config.dir to /Users/connor/Projects/work/emissary/target/config 
2023-12-12 00:43:52,973 [using logback-test.xml]  INFO emissary.command.BaseCommand -   - Setting emissary.bin.dir to /Users/connor/Projects/work/emissary/target/bin 
2023-12-12 00:43:52,973 [using logback-test.xml]  INFO emissary.command.BaseCommand -   - Setting emissary.output.root to /Users/connor/Projects/work/emissary/target/localoutput 
2023-12-12 00:43:52,973 [using logback-test.xml]  INFO emissary.command.BaseCommand -   - Emissary error dir set to /Users/connor/Projects/work/emissary/target/localerror 
2023-12-12 00:43:52,973 [using logback-test.xml]  INFO emissary.command.BaseCommand -   - Setting emissary.node.name to localhost 
2023-12-12 00:43:52,973 [using logback-test.xml]  INFO emissary.command.BaseCommand -   - Setting emissary.node.port to 8001 
2023-12-12 00:43:52,973 [using logback-test.xml]  INFO emissary.command.BaseCommand -   - Setting emissary.node.scheme to http 
2023-12-12 00:43:52,973 [using logback-test.xml]  WARN emissary.command.BaseCommand -   - Not using /Users/connor/Projects/work/emissary/target/config/logback.xml, staying with test config file:/Users/connor/Projects/work/emissary/target/test-classes/logback-test.xml
2023-12-12 00:43:52,974 [using logback-test.xml]  INFO emissary.command.BaseCommand -   - Overriding current emissary.config.flavor null to CLUSTER 
2023-12-12 00:43:52,974 [using logback-test.xml]  INFO emissary.command.BaseCommand -   - PROJECT_BASE is set to /Users/connor/Projects/work/emissary/target 
2023-12-12 00:43:52,974 [using logback-test.xml]  INFO emissary.command.BaseCommand -   - Setting emissary.config.dir to /Users/connor/Projects/work/emissary/target/config 
2023-12-12 00:43:52,974 [using logback-test.xml]  INFO emissary.command.BaseCommand -   - Setting emissary.bin.dir to /Users/connor/Projects/work/emissary/target/bin 
2023-12-12 00:43:52,974 [using logback-test.xml]  INFO emissary.command.BaseCommand -   - Setting emissary.output.root to /Users/connor/Projects/work/emissary/target/localoutput 
2023-12-12 00:43:52,974 [using logback-test.xml]  INFO emissary.command.BaseCommand -   - Emissary error dir set to /Users/connor/Projects/work/emissary/target/localerror 
2023-12-12 00:43:52,974 [using logback-test.xml]  INFO emissary.command.BaseCommand -   - Setting emissary.config.flavor to CLUSTER 
2023-12-12 00:43:52,974 [using logback-test.xml]  INFO emissary.command.BaseCommand -   - Setting emissary.node.name to localhost 
2023-12-12 00:43:52,974 [using logback-test.xml]  INFO emissary.command.BaseCommand -   - Setting emissary.node.port to 8001 
2023-12-12 00:43:52,974 [using logback-test.xml]  INFO emissary.command.BaseCommand -   - Setting emissary.node.scheme to http 
2023-12-12 00:43:52,975 [using logback-test.xml]  WARN emissary.command.BaseCommand -   - Not using /Users/connor/Projects/work/emissary/target/config/logback.xml, staying with test config file:/Users/connor/Projects/work/emissary/target/test-classes/logback-test.xml
2023-12-12 00:43:52,975 [using logback-test.xml]  INFO emissary.command.BaseCommand -   - Overriding current emissary.config.flavor CLUSTER to CLUSTER 
2023-12-12 00:43:52,979 [using logback-test.xml]  INFO emissary.core.Factory -   - Failed to find constructor for args(0) types (0) : []
2023-12-12 00:43:52,979 [using logback-test.xml] ERROR emissary.core.Factory -   - Problem in factory
java.lang.Error: failed to find suitable constructor for class emissary.id.IdPlace
	at emissary.core.Factory.create(Factory.java:66)
	at emissary.core.Factory.create(Factory.java:107)
	at emissary.core.FactoryTest.lambda$testCreatingAnAbstractClass$5(FactoryTest.java:160)
	at org.junit.jupiter.api.AssertThrows.assertThrows(AssertThrows.java:55)
	at org.junit.jupiter.api.AssertThrows.assertThrows(AssertThrows.java:37)
	at org.junit.jupiter.api.Assertions.assertThrows(Assertions.java:3082)
	at emissary.core.FactoryTest.testCreatingAnAbstractClass(FactoryTest.java:160)
	at java.base/jdk.internal.reflect.NativeMethodAccessorImpl.invoke0(Native Method)
	at java.base/jdk.internal.reflect.NativeMethodAccessorImpl.invoke(NativeMethodAccessorImpl.java:77)
	at java.base/jdk.internal.reflect.DelegatingMethodAccessorImpl.invoke(DelegatingMethodAccessorImpl.java:43)
	at java.base/java.lang.reflect.Method.invoke(Method.java:568)
	at org.junit.platform.commons.util.ReflectionUtils.invokeMethod(ReflectionUtils.java:725)
	at org.junit.jupiter.engine.execution.MethodInvocation.proceed(MethodInvocation.java:60)
	at org.junit.jupiter.engine.execution.InvocationInterceptorChain$ValidatingInvocation.proceed(InvocationInterceptorChain.java:131)
	at org.junit.jupiter.engine.extension.TimeoutExtension.intercept(TimeoutExtension.java:149)
	at org.junit.jupiter.engine.extension.TimeoutExtension.interceptTestableMethod(TimeoutExtension.java:140)
	at org.junit.jupiter.engine.extension.TimeoutExtension.interceptTestMethod(TimeoutExtension.java:84)
	at org.junit.jupiter.engine.execution.ExecutableInvoker$ReflectiveInterceptorCall.lambda$ofVoidMethod$0(ExecutableInvoker.java:115)
	at org.junit.jupiter.engine.execution.ExecutableInvoker.lambda$invoke$0(ExecutableInvoker.java:105)
	at org.junit.jupiter.engine.execution.InvocationInterceptorChain$InterceptedInvocation.proceed(InvocationInterceptorChain.java:106)
	at org.junit.jupiter.engine.execution.InvocationInterceptorChain.proceed(InvocationInterceptorChain.java:64)
	at org.junit.jupiter.engine.execution.InvocationInterceptorChain.chainAndInvoke(InvocationInterceptorChain.java:45)
	at org.junit.jupiter.engine.execution.InvocationInterceptorChain.invoke(InvocationInterceptorChain.java:37)
	at org.junit.jupiter.engine.execution.ExecutableInvoker.invoke(ExecutableInvoker.java:104)
	at org.junit.jupiter.engine.execution.ExecutableInvoker.invoke(ExecutableInvoker.java:98)
	at org.junit.jupiter.engine.descriptor.TestMethodTestDescriptor.lambda$invokeTestMethod$7(TestMethodTestDescriptor.java:214)
	at org.junit.platform.engine.support.hierarchical.ThrowableCollector.execute(ThrowableCollector.java:73)
	at org.junit.jupiter.engine.descriptor.TestMethodTestDescriptor.invokeTestMethod(TestMethodTestDescriptor.java:210)
	at org.junit.jupiter.engine.descriptor.TestMethodTestDescriptor.execute(TestMethodTestDescriptor.java:135)
	at org.junit.jupiter.engine.descriptor.TestMethodTestDescriptor.execute(TestMethodTestDescriptor.java:66)
	at org.junit.platform.engine.support.hierarchical.NodeTestTask.lambda$executeRecursively$6(NodeTestTask.java:151)
	at org.junit.platform.engine.support.hierarchical.ThrowableCollector.execute(ThrowableCollector.java:73)
	at org.junit.platform.engine.support.hierarchical.NodeTestTask.lambda$executeRecursively$8(NodeTestTask.java:141)
	at org.junit.platform.engine.support.hierarchical.Node.around(Node.java:137)
	at org.junit.platform.engine.support.hierarchical.NodeTestTask.lambda$executeRecursively$9(NodeTestTask.java:139)
	at org.junit.platform.engine.support.hierarchical.ThrowableCollector.execute(ThrowableCollector.java:73)
	at org.junit.platform.engine.support.hierarchical.NodeTestTask.executeRecursively(NodeTestTask.java:138)
	at org.junit.platform.engine.support.hierarchical.NodeTestTask.execute(NodeTestTask.java:95)
	at java.base/java.util.ArrayList.forEach(ArrayList.java:1511)
	at org.junit.platform.engine.support.hierarchical.SameThreadHierarchicalTestExecutorService.invokeAll(SameThreadHierarchicalTestExecutorService.java:41)
	at org.junit.platform.engine.support.hierarchical.NodeTestTask.lambda$executeRecursively$6(NodeTestTask.java:155)
	at org.junit.platform.engine.support.hierarchical.ThrowableCollector.execute(ThrowableCollector.java:73)
	at org.junit.platform.engine.support.hierarchical.NodeTestTask.lambda$executeRecursively$8(NodeTestTask.java:141)
	at org.junit.platform.engine.support.hierarchical.Node.around(Node.java:137)
	at org.junit.platform.engine.support.hierarchical.NodeTestTask.lambda$executeRecursively$9(NodeTestTask.java:139)
	at org.junit.platform.engine.support.hierarchical.ThrowableCollector.execute(ThrowableCollector.java:73)
	at org.junit.platform.engine.support.hierarchical.NodeTestTask.executeRecursively(NodeTestTask.java:138)
	at org.junit.platform.engine.support.hierarchical.NodeTestTask.execute(NodeTestTask.java:95)
	at java.base/java.util.ArrayList.forEach(ArrayList.java:1511)
	at org.junit.platform.engine.support.hierarchical.SameThreadHierarchicalTestExecutorService.invokeAll(SameThreadHierarchicalTestExecutorService.java:41)
	at org.junit.platform.engine.support.hierarchical.NodeTestTask.lambda$executeRecursively$6(NodeTestTask.java:155)
	at org.junit.platform.engine.support.hierarchical.ThrowableCollector.execute(ThrowableCollector.java:73)
	at org.junit.platform.engine.support.hierarchical.NodeTestTask.lambda$executeRecursively$8(NodeTestTask.java:141)
	at org.junit.platform.engine.support.hierarchical.Node.around(Node.java:137)
	at org.junit.platform.engine.support.hierarchical.NodeTestTask.lambda$executeRecursively$9(NodeTestTask.java:139)
	at org.junit.platform.engine.support.hierarchical.ThrowableCollector.execute(ThrowableCollector.java:73)
	at org.junit.platform.engine.support.hierarchical.NodeTestTask.executeRecursively(NodeTestTask.java:138)
	at org.junit.platform.engine.support.hierarchical.NodeTestTask.execute(NodeTestTask.java:95)
	at org.junit.platform.engine.support.hierarchical.SameThreadHierarchicalTestExecutorService.submit(SameThreadHierarchicalTestExecutorService.java:35)
	at org.junit.platform.engine.support.hierarchical.HierarchicalTestExecutor.execute(HierarchicalTestExecutor.java:57)
	at org.junit.platform.engine.support.hierarchical.HierarchicalTestEngine.execute(HierarchicalTestEngine.java:54)
	at org.junit.platform.launcher.core.EngineExecutionOrchestrator.execute(EngineExecutionOrchestrator.java:107)
	at org.junit.platform.launcher.core.EngineExecutionOrchestrator.execute(EngineExecutionOrchestrator.java:88)
	at org.junit.platform.launcher.core.EngineExecutionOrchestrator.lambda$execute$0(EngineExecutionOrchestrator.java:54)
	at org.junit.platform.launcher.core.EngineExecutionOrchestrator.withInterceptedStreams(EngineExecutionOrchestrator.java:67)
	at org.junit.platform.launcher.core.EngineExecutionOrchestrator.execute(EngineExecutionOrchestrator.java:52)
	at org.junit.platform.launcher.core.DefaultLauncher.execute(DefaultLauncher.java:114)
	at org.junit.platform.launcher.core.DefaultLauncher.execute(DefaultLauncher.java:86)
	at org.junit.platform.launcher.core.DefaultLauncherSession$DelegatingLauncher.execute(DefaultLauncherSession.java:86)
	at org.apache.maven.surefire.junitplatform.LazyLauncher.execute(LazyLauncher.java:50)
	at org.apache.maven.surefire.junitplatform.JUnitPlatformProvider.lambda$execute$1(JUnitPlatformProvider.java:191)
	at java.base/java.util.Iterator.forEachRemaining(Iterator.java:133)
	at org.apache.maven.surefire.junitplatform.JUnitPlatformProvider.execute(JUnitPlatformProvider.java:186)
	at org.apache.maven.surefire.junitplatform.JUnitPlatformProvider.invokeAllTests(JUnitPlatformProvider.java:148)
	at org.apache.maven.surefire.junitplatform.JUnitPlatformProvider.invoke(JUnitPlatformProvider.java:118)
	at org.apache.maven.surefire.booter.ForkedBooter.runSuitesInProcess(ForkedBooter.java:385)
	at org.apache.maven.surefire.booter.ForkedBooter.execute(ForkedBooter.java:162)
	at org.apache.maven.surefire.booter.ForkedBooter.run(ForkedBooter.java:507)
	at org.apache.maven.surefire.booter.ForkedBooter.main(ForkedBooter.java:495)
2023-12-12 00:43:52,979 [using logback-test.xml] DEBUG emissary.config.ConfigUtil -   - Configured configDirProperty /Users/connor/Projects/work/emissary/target/config
]]></system-out>
  </testcase>
  <testcase name="testFactoryBindingInstanceWithoutVarargs" classname="emissary.core.FactoryTest" time="0.003">
    <system-out><![CDATA[2023-12-12 00:43:52,984 [using logback-test.xml]  INFO emissary.command.BaseCommand -   - PROJECT_BASE is set to /Users/connor/Projects/work/emissary/target 
2023-12-12 00:43:52,985 [using logback-test.xml]  INFO emissary.command.BaseCommand -   - Setting emissary.config.dir to /Users/connor/Projects/work/emissary/target/config 
2023-12-12 00:43:52,985 [using logback-test.xml]  INFO emissary.command.BaseCommand -   - Setting emissary.bin.dir to /Users/connor/Projects/work/emissary/target/bin 
2023-12-12 00:43:52,985 [using logback-test.xml]  INFO emissary.command.BaseCommand -   - Setting emissary.output.root to /Users/connor/Projects/work/emissary/target/localoutput 
2023-12-12 00:43:52,985 [using logback-test.xml]  INFO emissary.command.BaseCommand -   - Emissary error dir set to /Users/connor/Projects/work/emissary/target/localerror 
2023-12-12 00:43:52,985 [using logback-test.xml]  INFO emissary.command.BaseCommand -   - Setting emissary.node.name to localhost 
2023-12-12 00:43:52,985 [using logback-test.xml]  INFO emissary.command.BaseCommand -   - Setting emissary.node.port to 8001 
2023-12-12 00:43:52,985 [using logback-test.xml]  INFO emissary.command.BaseCommand -   - Setting emissary.node.scheme to http 
2023-12-12 00:43:52,985 [using logback-test.xml]  WARN emissary.command.BaseCommand -   - Not using /Users/connor/Projects/work/emissary/target/config/logback.xml, staying with test config file:/Users/connor/Projects/work/emissary/target/test-classes/logback-test.xml
2023-12-12 00:43:52,986 [using logback-test.xml]  INFO emissary.command.BaseCommand -   - Overriding current emissary.config.flavor null to CLUSTER 
2023-12-12 00:43:52,986 [using logback-test.xml]  INFO emissary.command.BaseCommand -   - PROJECT_BASE is set to /Users/connor/Projects/work/emissary/target 
2023-12-12 00:43:52,986 [using logback-test.xml]  INFO emissary.command.BaseCommand -   - Setting emissary.config.dir to /Users/connor/Projects/work/emissary/target/config 
2023-12-12 00:43:52,986 [using logback-test.xml]  INFO emissary.command.BaseCommand -   - Setting emissary.bin.dir to /Users/connor/Projects/work/emissary/target/bin 
2023-12-12 00:43:52,986 [using logback-test.xml]  INFO emissary.command.BaseCommand -   - Setting emissary.output.root to /Users/connor/Projects/work/emissary/target/localoutput 
2023-12-12 00:43:52,986 [using logback-test.xml]  INFO emissary.command.BaseCommand -   - Emissary error dir set to /Users/connor/Projects/work/emissary/target/localerror 
2023-12-12 00:43:52,986 [using logback-test.xml]  INFO emissary.command.BaseCommand -   - Setting emissary.config.flavor to CLUSTER 
2023-12-12 00:43:52,986 [using logback-test.xml]  INFO emissary.command.BaseCommand -   - Setting emissary.node.name to localhost 
2023-12-12 00:43:52,986 [using logback-test.xml]  INFO emissary.command.BaseCommand -   - Setting emissary.node.port to 8001 
2023-12-12 00:43:52,986 [using logback-test.xml]  INFO emissary.command.BaseCommand -   - Setting emissary.node.scheme to http 
2023-12-12 00:43:52,986 [using logback-test.xml]  WARN emissary.command.BaseCommand -   - Not using /Users/connor/Projects/work/emissary/target/config/logback.xml, staying with test config file:/Users/connor/Projects/work/emissary/target/test-classes/logback-test.xml
2023-12-12 00:43:52,987 [using logback-test.xml]  INFO emissary.command.BaseCommand -   - Overriding current emissary.config.flavor CLUSTER to CLUSTER 
2023-12-12 00:43:52,988 [using logback-test.xml] DEBUG emissary.config.ConfigUtil -   - Configured configDirProperty /Users/connor/Projects/work/emissary/target/config
]]></system-out>
  </testcase>
  <testcase name="testSelfBindingInstanceWithVarargs" classname="emissary.core.FactoryTest" time="0.003">
    <system-out><![CDATA[2023-12-12 00:43:52,993 [using logback-test.xml]  INFO emissary.command.BaseCommand -   - PROJECT_BASE is set to /Users/connor/Projects/work/emissary/target 
2023-12-12 00:43:52,993 [using logback-test.xml]  INFO emissary.command.BaseCommand -   - Setting emissary.config.dir to /Users/connor/Projects/work/emissary/target/config 
2023-12-12 00:43:52,993 [using logback-test.xml]  INFO emissary.command.BaseCommand -   - Setting emissary.bin.dir to /Users/connor/Projects/work/emissary/target/bin 
2023-12-12 00:43:52,993 [using logback-test.xml]  INFO emissary.command.BaseCommand -   - Setting emissary.output.root to /Users/connor/Projects/work/emissary/target/localoutput 
2023-12-12 00:43:52,993 [using logback-test.xml]  INFO emissary.command.BaseCommand -   - Emissary error dir set to /Users/connor/Projects/work/emissary/target/localerror 
2023-12-12 00:43:52,993 [using logback-test.xml]  INFO emissary.command.BaseCommand -   - Setting emissary.node.name to localhost 
2023-12-12 00:43:52,993 [using logback-test.xml]  INFO emissary.command.BaseCommand -   - Setting emissary.node.port to 8001 
2023-12-12 00:43:52,993 [using logback-test.xml]  INFO emissary.command.BaseCommand -   - Setting emissary.node.scheme to http 
2023-12-12 00:43:52,993 [using logback-test.xml]  WARN emissary.command.BaseCommand -   - Not using /Users/connor/Projects/work/emissary/target/config/logback.xml, staying with test config file:/Users/connor/Projects/work/emissary/target/test-classes/logback-test.xml
2023-12-12 00:43:52,994 [using logback-test.xml]  INFO emissary.command.BaseCommand -   - Overriding current emissary.config.flavor null to CLUSTER 
2023-12-12 00:43:52,994 [using logback-test.xml]  INFO emissary.command.BaseCommand -   - PROJECT_BASE is set to /Users/connor/Projects/work/emissary/target 
2023-12-12 00:43:52,994 [using logback-test.xml]  INFO emissary.command.BaseCommand -   - Setting emissary.config.dir to /Users/connor/Projects/work/emissary/target/config 
2023-12-12 00:43:52,994 [using logback-test.xml]  INFO emissary.command.BaseCommand -   - Setting emissary.bin.dir to /Users/connor/Projects/work/emissary/target/bin 
2023-12-12 00:43:52,994 [using logback-test.xml]  INFO emissary.command.BaseCommand -   - Setting emissary.output.root to /Users/connor/Projects/work/emissary/target/localoutput 
2023-12-12 00:43:52,994 [using logback-test.xml]  INFO emissary.command.BaseCommand -   - Emissary error dir set to /Users/connor/Projects/work/emissary/target/localerror 
2023-12-12 00:43:52,994 [using logback-test.xml]  INFO emissary.command.BaseCommand -   - Setting emissary.config.flavor to CLUSTER 
2023-12-12 00:43:52,994 [using logback-test.xml]  INFO emissary.command.BaseCommand -   - Setting emissary.node.name to localhost 
2023-12-12 00:43:52,994 [using logback-test.xml]  INFO emissary.command.BaseCommand -   - Setting emissary.node.port to 8001 
2023-12-12 00:43:52,994 [using logback-test.xml]  INFO emissary.command.BaseCommand -   - Setting emissary.node.scheme to http 
2023-12-12 00:43:52,994 [using logback-test.xml]  WARN emissary.command.BaseCommand -   - Not using /Users/connor/Projects/work/emissary/target/config/logback.xml, staying with test config file:/Users/connor/Projects/work/emissary/target/test-classes/logback-test.xml
2023-12-12 00:43:52,995 [using logback-test.xml]  INFO emissary.command.BaseCommand -   - Overriding current emissary.config.flavor CLUSTER to CLUSTER 
2023-12-12 00:43:52,995 [using logback-test.xml] DEBUG emissary.config.ConfigUtil -   - Configured configDirProperty /Users/connor/Projects/work/emissary/target/config
]]></system-out>
  </testcase>
  <testcase name="testCreatingFromConstructorThatThrowsThrowable" classname="emissary.core.FactoryTest" time="0.004">
    <system-out><![CDATA[2023-12-12 00:43:53,000 [using logback-test.xml]  INFO emissary.command.BaseCommand -   - PROJECT_BASE is set to /Users/connor/Projects/work/emissary/target 
2023-12-12 00:43:53,000 [using logback-test.xml]  INFO emissary.command.BaseCommand -   - Setting emissary.config.dir to /Users/connor/Projects/work/emissary/target/config 
2023-12-12 00:43:53,000 [using logback-test.xml]  INFO emissary.command.BaseCommand -   - Setting emissary.bin.dir to /Users/connor/Projects/work/emissary/target/bin 
2023-12-12 00:43:53,000 [using logback-test.xml]  INFO emissary.command.BaseCommand -   - Setting emissary.output.root to /Users/connor/Projects/work/emissary/target/localoutput 
2023-12-12 00:43:53,000 [using logback-test.xml]  INFO emissary.command.BaseCommand -   - Emissary error dir set to /Users/connor/Projects/work/emissary/target/localerror 
2023-12-12 00:43:53,000 [using logback-test.xml]  INFO emissary.command.BaseCommand -   - Setting emissary.node.name to localhost 
2023-12-12 00:43:53,000 [using logback-test.xml]  INFO emissary.command.BaseCommand -   - Setting emissary.node.port to 8001 
2023-12-12 00:43:53,000 [using logback-test.xml]  INFO emissary.command.BaseCommand -   - Setting emissary.node.scheme to http 
2023-12-12 00:43:53,000 [using logback-test.xml]  WARN emissary.command.BaseCommand -   - Not using /Users/connor/Projects/work/emissary/target/config/logback.xml, staying with test config file:/Users/connor/Projects/work/emissary/target/test-classes/logback-test.xml
2023-12-12 00:43:53,001 [using logback-test.xml]  INFO emissary.command.BaseCommand -   - Overriding current emissary.config.flavor null to CLUSTER 
2023-12-12 00:43:53,001 [using logback-test.xml]  INFO emissary.command.BaseCommand -   - PROJECT_BASE is set to /Users/connor/Projects/work/emissary/target 
2023-12-12 00:43:53,001 [using logback-test.xml]  INFO emissary.command.BaseCommand -   - Setting emissary.config.dir to /Users/connor/Projects/work/emissary/target/config 
2023-12-12 00:43:53,001 [using logback-test.xml]  INFO emissary.command.BaseCommand -   - Setting emissary.bin.dir to /Users/connor/Projects/work/emissary/target/bin 
2023-12-12 00:43:53,002 [using logback-test.xml]  INFO emissary.command.BaseCommand -   - Setting emissary.output.root to /Users/connor/Projects/work/emissary/target/localoutput 
2023-12-12 00:43:53,002 [using logback-test.xml]  INFO emissary.command.BaseCommand -   - Emissary error dir set to /Users/connor/Projects/work/emissary/target/localerror 
2023-12-12 00:43:53,002 [using logback-test.xml]  INFO emissary.command.BaseCommand -   - Setting emissary.config.flavor to CLUSTER 
2023-12-12 00:43:53,002 [using logback-test.xml]  INFO emissary.command.BaseCommand -   - Setting emissary.node.name to localhost 
2023-12-12 00:43:53,002 [using logback-test.xml]  INFO emissary.command.BaseCommand -   - Setting emissary.node.port to 8001 
2023-12-12 00:43:53,002 [using logback-test.xml]  INFO emissary.command.BaseCommand -   - Setting emissary.node.scheme to http 
2023-12-12 00:43:53,002 [using logback-test.xml]  WARN emissary.command.BaseCommand -   - Not using /Users/connor/Projects/work/emissary/target/config/logback.xml, staying with test config file:/Users/connor/Projects/work/emissary/target/test-classes/logback-test.xml
2023-12-12 00:43:53,003 [using logback-test.xml]  INFO emissary.command.BaseCommand -   - Overriding current emissary.config.flavor CLUSTER to CLUSTER 
2023-12-12 00:43:53,004 [using logback-test.xml] ERROR emissary.core.Factory -   - Constructor failed
java.lang.reflect.InvocationTargetException: null
	at java.base/jdk.internal.reflect.NativeConstructorAccessorImpl.newInstance0(Native Method)
	at java.base/jdk.internal.reflect.NativeConstructorAccessorImpl.newInstance(NativeConstructorAccessorImpl.java:77)
	at java.base/jdk.internal.reflect.DelegatingConstructorAccessorImpl.newInstance(DelegatingConstructorAccessorImpl.java:45)
	at java.base/java.lang.reflect.Constructor.newInstanceWithCaller(Constructor.java:499)
	at java.base/java.lang.reflect.Constructor.newInstance(Constructor.java:480)
	at emissary.core.Factory.create(Factory.java:68)
	at emissary.core.Factory.create(Factory.java:107)
	at emissary.core.FactoryTest.lambda$testCreatingFromConstructorThatThrowsThrowable$7(FactoryTest.java:170)
	at org.junit.jupiter.api.AssertThrows.assertThrows(AssertThrows.java:55)
	at org.junit.jupiter.api.AssertThrows.assertThrows(AssertThrows.java:37)
	at org.junit.jupiter.api.Assertions.assertThrows(Assertions.java:3082)
	at emissary.core.FactoryTest.testCreatingFromConstructorThatThrowsThrowable(FactoryTest.java:170)
	at java.base/jdk.internal.reflect.NativeMethodAccessorImpl.invoke0(Native Method)
	at java.base/jdk.internal.reflect.NativeMethodAccessorImpl.invoke(NativeMethodAccessorImpl.java:77)
	at java.base/jdk.internal.reflect.DelegatingMethodAccessorImpl.invoke(DelegatingMethodAccessorImpl.java:43)
	at java.base/java.lang.reflect.Method.invoke(Method.java:568)
	at org.junit.platform.commons.util.ReflectionUtils.invokeMethod(ReflectionUtils.java:725)
	at org.junit.jupiter.engine.execution.MethodInvocation.proceed(MethodInvocation.java:60)
	at org.junit.jupiter.engine.execution.InvocationInterceptorChain$ValidatingInvocation.proceed(InvocationInterceptorChain.java:131)
	at org.junit.jupiter.engine.extension.TimeoutExtension.intercept(TimeoutExtension.java:149)
	at org.junit.jupiter.engine.extension.TimeoutExtension.interceptTestableMethod(TimeoutExtension.java:140)
	at org.junit.jupiter.engine.extension.TimeoutExtension.interceptTestMethod(TimeoutExtension.java:84)
	at org.junit.jupiter.engine.execution.ExecutableInvoker$ReflectiveInterceptorCall.lambda$ofVoidMethod$0(ExecutableInvoker.java:115)
	at org.junit.jupiter.engine.execution.ExecutableInvoker.lambda$invoke$0(ExecutableInvoker.java:105)
	at org.junit.jupiter.engine.execution.InvocationInterceptorChain$InterceptedInvocation.proceed(InvocationInterceptorChain.java:106)
	at org.junit.jupiter.engine.execution.InvocationInterceptorChain.proceed(InvocationInterceptorChain.java:64)
	at org.junit.jupiter.engine.execution.InvocationInterceptorChain.chainAndInvoke(InvocationInterceptorChain.java:45)
	at org.junit.jupiter.engine.execution.InvocationInterceptorChain.invoke(InvocationInterceptorChain.java:37)
	at org.junit.jupiter.engine.execution.ExecutableInvoker.invoke(ExecutableInvoker.java:104)
	at org.junit.jupiter.engine.execution.ExecutableInvoker.invoke(ExecutableInvoker.java:98)
	at org.junit.jupiter.engine.descriptor.TestMethodTestDescriptor.lambda$invokeTestMethod$7(TestMethodTestDescriptor.java:214)
	at org.junit.platform.engine.support.hierarchical.ThrowableCollector.execute(ThrowableCollector.java:73)
	at org.junit.jupiter.engine.descriptor.TestMethodTestDescriptor.invokeTestMethod(TestMethodTestDescriptor.java:210)
	at org.junit.jupiter.engine.descriptor.TestMethodTestDescriptor.execute(TestMethodTestDescriptor.java:135)
	at org.junit.jupiter.engine.descriptor.TestMethodTestDescriptor.execute(TestMethodTestDescriptor.java:66)
	at org.junit.platform.engine.support.hierarchical.NodeTestTask.lambda$executeRecursively$6(NodeTestTask.java:151)
	at org.junit.platform.engine.support.hierarchical.ThrowableCollector.execute(ThrowableCollector.java:73)
	at org.junit.platform.engine.support.hierarchical.NodeTestTask.lambda$executeRecursively$8(NodeTestTask.java:141)
	at org.junit.platform.engine.support.hierarchical.Node.around(Node.java:137)
	at org.junit.platform.engine.support.hierarchical.NodeTestTask.lambda$executeRecursively$9(NodeTestTask.java:139)
	at org.junit.platform.engine.support.hierarchical.ThrowableCollector.execute(ThrowableCollector.java:73)
	at org.junit.platform.engine.support.hierarchical.NodeTestTask.executeRecursively(NodeTestTask.java:138)
	at org.junit.platform.engine.support.hierarchical.NodeTestTask.execute(NodeTestTask.java:95)
	at java.base/java.util.ArrayList.forEach(ArrayList.java:1511)
	at org.junit.platform.engine.support.hierarchical.SameThreadHierarchicalTestExecutorService.invokeAll(SameThreadHierarchicalTestExecutorService.java:41)
	at org.junit.platform.engine.support.hierarchical.NodeTestTask.lambda$executeRecursively$6(NodeTestTask.java:155)
	at org.junit.platform.engine.support.hierarchical.ThrowableCollector.execute(ThrowableCollector.java:73)
	at org.junit.platform.engine.support.hierarchical.NodeTestTask.lambda$executeRecursively$8(NodeTestTask.java:141)
	at org.junit.platform.engine.support.hierarchical.Node.around(Node.java:137)
	at org.junit.platform.engine.support.hierarchical.NodeTestTask.lambda$executeRecursively$9(NodeTestTask.java:139)
	at org.junit.platform.engine.support.hierarchical.ThrowableCollector.execute(ThrowableCollector.java:73)
	at org.junit.platform.engine.support.hierarchical.NodeTestTask.executeRecursively(NodeTestTask.java:138)
	at org.junit.platform.engine.support.hierarchical.NodeTestTask.execute(NodeTestTask.java:95)
	at java.base/java.util.ArrayList.forEach(ArrayList.java:1511)
	at org.junit.platform.engine.support.hierarchical.SameThreadHierarchicalTestExecutorService.invokeAll(SameThreadHierarchicalTestExecutorService.java:41)
	at org.junit.platform.engine.support.hierarchical.NodeTestTask.lambda$executeRecursively$6(NodeTestTask.java:155)
	at org.junit.platform.engine.support.hierarchical.ThrowableCollector.execute(ThrowableCollector.java:73)
	at org.junit.platform.engine.support.hierarchical.NodeTestTask.lambda$executeRecursively$8(NodeTestTask.java:141)
	at org.junit.platform.engine.support.hierarchical.Node.around(Node.java:137)
	at org.junit.platform.engine.support.hierarchical.NodeTestTask.lambda$executeRecursively$9(NodeTestTask.java:139)
	at org.junit.platform.engine.support.hierarchical.ThrowableCollector.execute(ThrowableCollector.java:73)
	at org.junit.platform.engine.support.hierarchical.NodeTestTask.executeRecursively(NodeTestTask.java:138)
	at org.junit.platform.engine.support.hierarchical.NodeTestTask.execute(NodeTestTask.java:95)
	at org.junit.platform.engine.support.hierarchical.SameThreadHierarchicalTestExecutorService.submit(SameThreadHierarchicalTestExecutorService.java:35)
	at org.junit.platform.engine.support.hierarchical.HierarchicalTestExecutor.execute(HierarchicalTestExecutor.java:57)
	at org.junit.platform.engine.support.hierarchical.HierarchicalTestEngine.execute(HierarchicalTestEngine.java:54)
	at org.junit.platform.launcher.core.EngineExecutionOrchestrator.execute(EngineExecutionOrchestrator.java:107)
	at org.junit.platform.launcher.core.EngineExecutionOrchestrator.execute(EngineExecutionOrchestrator.java:88)
	at org.junit.platform.launcher.core.EngineExecutionOrchestrator.lambda$execute$0(EngineExecutionOrchestrator.java:54)
	at org.junit.platform.launcher.core.EngineExecutionOrchestrator.withInterceptedStreams(EngineExecutionOrchestrator.java:67)
	at org.junit.platform.launcher.core.EngineExecutionOrchestrator.execute(EngineExecutionOrchestrator.java:52)
	at org.junit.platform.launcher.core.DefaultLauncher.execute(DefaultLauncher.java:114)
	at org.junit.platform.launcher.core.DefaultLauncher.execute(DefaultLauncher.java:86)
	at org.junit.platform.launcher.core.DefaultLauncherSession$DelegatingLauncher.execute(DefaultLauncherSession.java:86)
	at org.apache.maven.surefire.junitplatform.LazyLauncher.execute(LazyLauncher.java:50)
	at org.apache.maven.surefire.junitplatform.JUnitPlatformProvider.lambda$execute$1(JUnitPlatformProvider.java:191)
	at java.base/java.util.Iterator.forEachRemaining(Iterator.java:133)
	at org.apache.maven.surefire.junitplatform.JUnitPlatformProvider.execute(JUnitPlatformProvider.java:186)
	at org.apache.maven.surefire.junitplatform.JUnitPlatformProvider.invokeAllTests(JUnitPlatformProvider.java:148)
	at org.apache.maven.surefire.junitplatform.JUnitPlatformProvider.invoke(JUnitPlatformProvider.java:118)
	at org.apache.maven.surefire.booter.ForkedBooter.runSuitesInProcess(ForkedBooter.java:385)
	at org.apache.maven.surefire.booter.ForkedBooter.execute(ForkedBooter.java:162)
	at org.apache.maven.surefire.booter.ForkedBooter.run(ForkedBooter.java:507)
	at org.apache.maven.surefire.booter.ForkedBooter.main(ForkedBooter.java:495)
Caused by: java.lang.Throwable: Bogus
	at emissary.core.FactoryTest$DemoClassThatThrowsThrowableFromConstructor.<init>(FactoryTest.java:212)
	... 84 common frames omitted
2023-12-12 00:43:53,005 [using logback-test.xml] DEBUG emissary.config.ConfigUtil -   - Configured configDirProperty /Users/connor/Projects/work/emissary/target/config
]]></system-out>
  </testcase>
  <testcase name="testCreatingAnInterface" classname="emissary.core.FactoryTest" time="0.004">
    <system-out><![CDATA[2023-12-12 00:43:53,008 [using logback-test.xml]  INFO emissary.command.BaseCommand -   - PROJECT_BASE is set to /Users/connor/Projects/work/emissary/target 
2023-12-12 00:43:53,009 [using logback-test.xml]  INFO emissary.command.BaseCommand -   - Setting emissary.config.dir to /Users/connor/Projects/work/emissary/target/config 
2023-12-12 00:43:53,009 [using logback-test.xml]  INFO emissary.command.BaseCommand -   - Setting emissary.bin.dir to /Users/connor/Projects/work/emissary/target/bin 
2023-12-12 00:43:53,009 [using logback-test.xml]  INFO emissary.command.BaseCommand -   - Setting emissary.output.root to /Users/connor/Projects/work/emissary/target/localoutput 
2023-12-12 00:43:53,009 [using logback-test.xml]  INFO emissary.command.BaseCommand -   - Emissary error dir set to /Users/connor/Projects/work/emissary/target/localerror 
2023-12-12 00:43:53,009 [using logback-test.xml]  INFO emissary.command.BaseCommand -   - Setting emissary.node.name to localhost 
2023-12-12 00:43:53,009 [using logback-test.xml]  INFO emissary.command.BaseCommand -   - Setting emissary.node.port to 8001 
2023-12-12 00:43:53,009 [using logback-test.xml]  INFO emissary.command.BaseCommand -   - Setting emissary.node.scheme to http 
2023-12-12 00:43:53,009 [using logback-test.xml]  WARN emissary.command.BaseCommand -   - Not using /Users/connor/Projects/work/emissary/target/config/logback.xml, staying with test config file:/Users/connor/Projects/work/emissary/target/test-classes/logback-test.xml
2023-12-12 00:43:53,010 [using logback-test.xml]  INFO emissary.command.BaseCommand -   - Overriding current emissary.config.flavor null to CLUSTER 
2023-12-12 00:43:53,010 [using logback-test.xml]  INFO emissary.command.BaseCommand -   - PROJECT_BASE is set to /Users/connor/Projects/work/emissary/target 
2023-12-12 00:43:53,010 [using logback-test.xml]  INFO emissary.command.BaseCommand -   - Setting emissary.config.dir to /Users/connor/Projects/work/emissary/target/config 
2023-12-12 00:43:53,010 [using logback-test.xml]  INFO emissary.command.BaseCommand -   - Setting emissary.bin.dir to /Users/connor/Projects/work/emissary/target/bin 
2023-12-12 00:43:53,010 [using logback-test.xml]  INFO emissary.command.BaseCommand -   - Setting emissary.output.root to /Users/connor/Projects/work/emissary/target/localoutput 
2023-12-12 00:43:53,010 [using logback-test.xml]  INFO emissary.command.BaseCommand -   - Emissary error dir set to /Users/connor/Projects/work/emissary/target/localerror 
2023-12-12 00:43:53,010 [using logback-test.xml]  INFO emissary.command.BaseCommand -   - Setting emissary.config.flavor to CLUSTER 
2023-12-12 00:43:53,010 [using logback-test.xml]  INFO emissary.command.BaseCommand -   - Setting emissary.node.name to localhost 
2023-12-12 00:43:53,010 [using logback-test.xml]  INFO emissary.command.BaseCommand -   - Setting emissary.node.port to 8001 
2023-12-12 00:43:53,010 [using logback-test.xml]  INFO emissary.command.BaseCommand -   - Setting emissary.node.scheme to http 
2023-12-12 00:43:53,010 [using logback-test.xml]  WARN emissary.command.BaseCommand -   - Not using /Users/connor/Projects/work/emissary/target/config/logback.xml, staying with test config file:/Users/connor/Projects/work/emissary/target/test-classes/logback-test.xml
2023-12-12 00:43:53,011 [using logback-test.xml]  INFO emissary.command.BaseCommand -   - Overriding current emissary.config.flavor CLUSTER to CLUSTER 
2023-12-12 00:43:53,012 [using logback-test.xml]  INFO emissary.core.Factory -   - Failed to find constructor for args(0) types (0) : []
2023-12-12 00:43:53,012 [using logback-test.xml] ERROR emissary.core.Factory -   - Problem in factory
java.lang.Error: failed to find suitable constructor for class emissary.core.IBaseDataObject
	at emissary.core.Factory.create(Factory.java:66)
	at emissary.core.Factory.create(Factory.java:107)
	at emissary.core.FactoryTest.lambda$testCreatingAnInterface$4(FactoryTest.java:155)
	at org.junit.jupiter.api.AssertThrows.assertThrows(AssertThrows.java:55)
	at org.junit.jupiter.api.AssertThrows.assertThrows(AssertThrows.java:37)
	at org.junit.jupiter.api.Assertions.assertThrows(Assertions.java:3082)
	at emissary.core.FactoryTest.testCreatingAnInterface(FactoryTest.java:155)
	at java.base/jdk.internal.reflect.NativeMethodAccessorImpl.invoke0(Native Method)
	at java.base/jdk.internal.reflect.NativeMethodAccessorImpl.invoke(NativeMethodAccessorImpl.java:77)
	at java.base/jdk.internal.reflect.DelegatingMethodAccessorImpl.invoke(DelegatingMethodAccessorImpl.java:43)
	at java.base/java.lang.reflect.Method.invoke(Method.java:568)
	at org.junit.platform.commons.util.ReflectionUtils.invokeMethod(ReflectionUtils.java:725)
	at org.junit.jupiter.engine.execution.MethodInvocation.proceed(MethodInvocation.java:60)
	at org.junit.jupiter.engine.execution.InvocationInterceptorChain$ValidatingInvocation.proceed(InvocationInterceptorChain.java:131)
	at org.junit.jupiter.engine.extension.TimeoutExtension.intercept(TimeoutExtension.java:149)
	at org.junit.jupiter.engine.extension.TimeoutExtension.interceptTestableMethod(TimeoutExtension.java:140)
	at org.junit.jupiter.engine.extension.TimeoutExtension.interceptTestMethod(TimeoutExtension.java:84)
	at org.junit.jupiter.engine.execution.ExecutableInvoker$ReflectiveInterceptorCall.lambda$ofVoidMethod$0(ExecutableInvoker.java:115)
	at org.junit.jupiter.engine.execution.ExecutableInvoker.lambda$invoke$0(ExecutableInvoker.java:105)
	at org.junit.jupiter.engine.execution.InvocationInterceptorChain$InterceptedInvocation.proceed(InvocationInterceptorChain.java:106)
	at org.junit.jupiter.engine.execution.InvocationInterceptorChain.proceed(InvocationInterceptorChain.java:64)
	at org.junit.jupiter.engine.execution.InvocationInterceptorChain.chainAndInvoke(InvocationInterceptorChain.java:45)
	at org.junit.jupiter.engine.execution.InvocationInterceptorChain.invoke(InvocationInterceptorChain.java:37)
	at org.junit.jupiter.engine.execution.ExecutableInvoker.invoke(ExecutableInvoker.java:104)
	at org.junit.jupiter.engine.execution.ExecutableInvoker.invoke(ExecutableInvoker.java:98)
	at org.junit.jupiter.engine.descriptor.TestMethodTestDescriptor.lambda$invokeTestMethod$7(TestMethodTestDescriptor.java:214)
	at org.junit.platform.engine.support.hierarchical.ThrowableCollector.execute(ThrowableCollector.java:73)
	at org.junit.jupiter.engine.descriptor.TestMethodTestDescriptor.invokeTestMethod(TestMethodTestDescriptor.java:210)
	at org.junit.jupiter.engine.descriptor.TestMethodTestDescriptor.execute(TestMethodTestDescriptor.java:135)
	at org.junit.jupiter.engine.descriptor.TestMethodTestDescriptor.execute(TestMethodTestDescriptor.java:66)
	at org.junit.platform.engine.support.hierarchical.NodeTestTask.lambda$executeRecursively$6(NodeTestTask.java:151)
	at org.junit.platform.engine.support.hierarchical.ThrowableCollector.execute(ThrowableCollector.java:73)
	at org.junit.platform.engine.support.hierarchical.NodeTestTask.lambda$executeRecursively$8(NodeTestTask.java:141)
	at org.junit.platform.engine.support.hierarchical.Node.around(Node.java:137)
	at org.junit.platform.engine.support.hierarchical.NodeTestTask.lambda$executeRecursively$9(NodeTestTask.java:139)
	at org.junit.platform.engine.support.hierarchical.ThrowableCollector.execute(ThrowableCollector.java:73)
	at org.junit.platform.engine.support.hierarchical.NodeTestTask.executeRecursively(NodeTestTask.java:138)
	at org.junit.platform.engine.support.hierarchical.NodeTestTask.execute(NodeTestTask.java:95)
	at java.base/java.util.ArrayList.forEach(ArrayList.java:1511)
	at org.junit.platform.engine.support.hierarchical.SameThreadHierarchicalTestExecutorService.invokeAll(SameThreadHierarchicalTestExecutorService.java:41)
	at org.junit.platform.engine.support.hierarchical.NodeTestTask.lambda$executeRecursively$6(NodeTestTask.java:155)
	at org.junit.platform.engine.support.hierarchical.ThrowableCollector.execute(ThrowableCollector.java:73)
	at org.junit.platform.engine.support.hierarchical.NodeTestTask.lambda$executeRecursively$8(NodeTestTask.java:141)
	at org.junit.platform.engine.support.hierarchical.Node.around(Node.java:137)
	at org.junit.platform.engine.support.hierarchical.NodeTestTask.lambda$executeRecursively$9(NodeTestTask.java:139)
	at org.junit.platform.engine.support.hierarchical.ThrowableCollector.execute(ThrowableCollector.java:73)
	at org.junit.platform.engine.support.hierarchical.NodeTestTask.executeRecursively(NodeTestTask.java:138)
	at org.junit.platform.engine.support.hierarchical.NodeTestTask.execute(NodeTestTask.java:95)
	at java.base/java.util.ArrayList.forEach(ArrayList.java:1511)
	at org.junit.platform.engine.support.hierarchical.SameThreadHierarchicalTestExecutorService.invokeAll(SameThreadHierarchicalTestExecutorService.java:41)
	at org.junit.platform.engine.support.hierarchical.NodeTestTask.lambda$executeRecursively$6(NodeTestTask.java:155)
	at org.junit.platform.engine.support.hierarchical.ThrowableCollector.execute(ThrowableCollector.java:73)
	at org.junit.platform.engine.support.hierarchical.NodeTestTask.lambda$executeRecursively$8(NodeTestTask.java:141)
	at org.junit.platform.engine.support.hierarchical.Node.around(Node.java:137)
	at org.junit.platform.engine.support.hierarchical.NodeTestTask.lambda$executeRecursively$9(NodeTestTask.java:139)
	at org.junit.platform.engine.support.hierarchical.ThrowableCollector.execute(ThrowableCollector.java:73)
	at org.junit.platform.engine.support.hierarchical.NodeTestTask.executeRecursively(NodeTestTask.java:138)
	at org.junit.platform.engine.support.hierarchical.NodeTestTask.execute(NodeTestTask.java:95)
	at org.junit.platform.engine.support.hierarchical.SameThreadHierarchicalTestExecutorService.submit(SameThreadHierarchicalTestExecutorService.java:35)
	at org.junit.platform.engine.support.hierarchical.HierarchicalTestExecutor.execute(HierarchicalTestExecutor.java:57)
	at org.junit.platform.engine.support.hierarchical.HierarchicalTestEngine.execute(HierarchicalTestEngine.java:54)
	at org.junit.platform.launcher.core.EngineExecutionOrchestrator.execute(EngineExecutionOrchestrator.java:107)
	at org.junit.platform.launcher.core.EngineExecutionOrchestrator.execute(EngineExecutionOrchestrator.java:88)
	at org.junit.platform.launcher.core.EngineExecutionOrchestrator.lambda$execute$0(EngineExecutionOrchestrator.java:54)
	at org.junit.platform.launcher.core.EngineExecutionOrchestrator.withInterceptedStreams(EngineExecutionOrchestrator.java:67)
	at org.junit.platform.launcher.core.EngineExecutionOrchestrator.execute(EngineExecutionOrchestrator.java:52)
	at org.junit.platform.launcher.core.DefaultLauncher.execute(DefaultLauncher.java:114)
	at org.junit.platform.launcher.core.DefaultLauncher.execute(DefaultLauncher.java:86)
	at org.junit.platform.launcher.core.DefaultLauncherSession$DelegatingLauncher.execute(DefaultLauncherSession.java:86)
	at org.apache.maven.surefire.junitplatform.LazyLauncher.execute(LazyLauncher.java:50)
	at org.apache.maven.surefire.junitplatform.JUnitPlatformProvider.lambda$execute$1(JUnitPlatformProvider.java:191)
	at java.base/java.util.Iterator.forEachRemaining(Iterator.java:133)
	at org.apache.maven.surefire.junitplatform.JUnitPlatformProvider.execute(JUnitPlatformProvider.java:186)
	at org.apache.maven.surefire.junitplatform.JUnitPlatformProvider.invokeAllTests(JUnitPlatformProvider.java:148)
	at org.apache.maven.surefire.junitplatform.JUnitPlatformProvider.invoke(JUnitPlatformProvider.java:118)
	at org.apache.maven.surefire.booter.ForkedBooter.runSuitesInProcess(ForkedBooter.java:385)
	at org.apache.maven.surefire.booter.ForkedBooter.execute(ForkedBooter.java:162)
	at org.apache.maven.surefire.booter.ForkedBooter.run(ForkedBooter.java:507)
	at org.apache.maven.surefire.booter.ForkedBooter.main(ForkedBooter.java:495)
2023-12-12 00:43:53,012 [using logback-test.xml] DEBUG emissary.config.ConfigUtil -   - Configured configDirProperty /Users/connor/Projects/work/emissary/target/config
]]></system-out>
  </testcase>
  <testcase name="testCreateNoRegister" classname="emissary.core.FactoryTest" time="0.01">
    <system-out><![CDATA[2023-12-12 00:43:53,017 [using logback-test.xml]  INFO emissary.command.BaseCommand -   - PROJECT_BASE is set to /Users/connor/Projects/work/emissary/target 
2023-12-12 00:43:53,017 [using logback-test.xml]  INFO emissary.command.BaseCommand -   - Setting emissary.config.dir to /Users/connor/Projects/work/emissary/target/config 
2023-12-12 00:43:53,017 [using logback-test.xml]  INFO emissary.command.BaseCommand -   - Setting emissary.bin.dir to /Users/connor/Projects/work/emissary/target/bin 
2023-12-12 00:43:53,017 [using logback-test.xml]  INFO emissary.command.BaseCommand -   - Setting emissary.output.root to /Users/connor/Projects/work/emissary/target/localoutput 
2023-12-12 00:43:53,017 [using logback-test.xml]  INFO emissary.command.BaseCommand -   - Emissary error dir set to /Users/connor/Projects/work/emissary/target/localerror 
2023-12-12 00:43:53,017 [using logback-test.xml]  INFO emissary.command.BaseCommand -   - Setting emissary.node.name to localhost 
2023-12-12 00:43:53,017 [using logback-test.xml]  INFO emissary.command.BaseCommand -   - Setting emissary.node.port to 8001 
2023-12-12 00:43:53,017 [using logback-test.xml]  INFO emissary.command.BaseCommand -   - Setting emissary.node.scheme to http 
2023-12-12 00:43:53,017 [using logback-test.xml]  WARN emissary.command.BaseCommand -   - Not using /Users/connor/Projects/work/emissary/target/config/logback.xml, staying with test config file:/Users/connor/Projects/work/emissary/target/test-classes/logback-test.xml
2023-12-12 00:43:53,021 [using logback-test.xml]  INFO emissary.command.BaseCommand -   - Overriding current emissary.config.flavor null to CLUSTER 
2023-12-12 00:43:53,021 [using logback-test.xml]  INFO emissary.command.BaseCommand -   - PROJECT_BASE is set to /Users/connor/Projects/work/emissary/target 
2023-12-12 00:43:53,021 [using logback-test.xml]  INFO emissary.command.BaseCommand -   - Setting emissary.config.dir to /Users/connor/Projects/work/emissary/target/config 
2023-12-12 00:43:53,021 [using logback-test.xml]  INFO emissary.command.BaseCommand -   - Setting emissary.bin.dir to /Users/connor/Projects/work/emissary/target/bin 
2023-12-12 00:43:53,021 [using logback-test.xml]  INFO emissary.command.BaseCommand -   - Setting emissary.output.root to /Users/connor/Projects/work/emissary/target/localoutput 
2023-12-12 00:43:53,021 [using logback-test.xml]  INFO emissary.command.BaseCommand -   - Emissary error dir set to /Users/connor/Projects/work/emissary/target/localerror 
2023-12-12 00:43:53,021 [using logback-test.xml]  INFO emissary.command.BaseCommand -   - Setting emissary.config.flavor to CLUSTER 
2023-12-12 00:43:53,021 [using logback-test.xml]  INFO emissary.command.BaseCommand -   - Setting emissary.node.name to localhost 
2023-12-12 00:43:53,021 [using logback-test.xml]  INFO emissary.command.BaseCommand -   - Setting emissary.node.port to 8001 
2023-12-12 00:43:53,021 [using logback-test.xml]  INFO emissary.command.BaseCommand -   - Setting emissary.node.scheme to http 
2023-12-12 00:43:53,021 [using logback-test.xml]  WARN emissary.command.BaseCommand -   - Not using /Users/connor/Projects/work/emissary/target/config/logback.xml, staying with test config file:/Users/connor/Projects/work/emissary/target/test-classes/logback-test.xml
2023-12-12 00:43:53,022 [using logback-test.xml]  INFO emissary.command.BaseCommand -   - Overriding current emissary.config.flavor CLUSTER to CLUSTER 
2023-12-12 00:43:53,022 [using logback-test.xml] DEBUG emissary.config.ConfigUtil -   - Configured configDirProperty /Users/connor/Projects/work/emissary/target/config
]]></system-out>
  </testcase>
  <testcase name="testWithSubclassArg" classname="emissary.core.FactoryTest" time="0.004">
    <system-out><![CDATA[2023-12-12 00:43:53,033 [using logback-test.xml]  INFO emissary.command.BaseCommand -   - PROJECT_BASE is set to /Users/connor/Projects/work/emissary/target 
2023-12-12 00:43:53,033 [using logback-test.xml]  INFO emissary.command.BaseCommand -   - Setting emissary.config.dir to /Users/connor/Projects/work/emissary/target/config 
2023-12-12 00:43:53,033 [using logback-test.xml]  INFO emissary.command.BaseCommand -   - Setting emissary.bin.dir to /Users/connor/Projects/work/emissary/target/bin 
2023-12-12 00:43:53,033 [using logback-test.xml]  INFO emissary.command.BaseCommand -   - Setting emissary.output.root to /Users/connor/Projects/work/emissary/target/localoutput 
2023-12-12 00:43:53,033 [using logback-test.xml]  INFO emissary.command.BaseCommand -   - Emissary error dir set to /Users/connor/Projects/work/emissary/target/localerror 
2023-12-12 00:43:53,033 [using logback-test.xml]  INFO emissary.command.BaseCommand -   - Setting emissary.node.name to localhost 
2023-12-12 00:43:53,033 [using logback-test.xml]  INFO emissary.command.BaseCommand -   - Setting emissary.node.port to 8001 
2023-12-12 00:43:53,033 [using logback-test.xml]  INFO emissary.command.BaseCommand -   - Setting emissary.node.scheme to http 
2023-12-12 00:43:53,033 [using logback-test.xml]  WARN emissary.command.BaseCommand -   - Not using /Users/connor/Projects/work/emissary/target/config/logback.xml, staying with test config file:/Users/connor/Projects/work/emissary/target/test-classes/logback-test.xml
2023-12-12 00:43:53,035 [using logback-test.xml]  INFO emissary.command.BaseCommand -   - Overriding current emissary.config.flavor null to CLUSTER 
2023-12-12 00:43:53,035 [using logback-test.xml]  INFO emissary.command.BaseCommand -   - PROJECT_BASE is set to /Users/connor/Projects/work/emissary/target 
2023-12-12 00:43:53,035 [using logback-test.xml]  INFO emissary.command.BaseCommand -   - Setting emissary.config.dir to /Users/connor/Projects/work/emissary/target/config 
2023-12-12 00:43:53,035 [using logback-test.xml]  INFO emissary.command.BaseCommand -   - Setting emissary.bin.dir to /Users/connor/Projects/work/emissary/target/bin 
2023-12-12 00:43:53,035 [using logback-test.xml]  INFO emissary.command.BaseCommand -   - Setting emissary.output.root to /Users/connor/Projects/work/emissary/target/localoutput 
2023-12-12 00:43:53,035 [using logback-test.xml]  INFO emissary.command.BaseCommand -   - Emissary error dir set to /Users/connor/Projects/work/emissary/target/localerror 
2023-12-12 00:43:53,035 [using logback-test.xml]  INFO emissary.command.BaseCommand -   - Setting emissary.config.flavor to CLUSTER 
2023-12-12 00:43:53,035 [using logback-test.xml]  INFO emissary.command.BaseCommand -   - Setting emissary.node.name to localhost 
2023-12-12 00:43:53,035 [using logback-test.xml]  INFO emissary.command.BaseCommand -   - Setting emissary.node.port to 8001 
2023-12-12 00:43:53,035 [using logback-test.xml]  INFO emissary.command.BaseCommand -   - Setting emissary.node.scheme to http 
2023-12-12 00:43:53,035 [using logback-test.xml]  WARN emissary.command.BaseCommand -   - Not using /Users/connor/Projects/work/emissary/target/config/logback.xml, staying with test config file:/Users/connor/Projects/work/emissary/target/test-classes/logback-test.xml
2023-12-12 00:43:53,036 [using logback-test.xml]  INFO emissary.command.BaseCommand -   - Overriding current emissary.config.flavor CLUSTER to CLUSTER 
2023-12-12 00:43:53,036 [using logback-test.xml] DEBUG emissary.config.ConfigUtil -   - Configured configDirProperty /Users/connor/Projects/work/emissary/target/config
]]></system-out>
  </testcase>
  <testcase name="testBogusConstructor" classname="emissary.core.FactoryTest" time="0.004">
    <system-out><![CDATA[2023-12-12 00:43:53,041 [using logback-test.xml]  INFO emissary.command.BaseCommand -   - PROJECT_BASE is set to /Users/connor/Projects/work/emissary/target 
2023-12-12 00:43:53,041 [using logback-test.xml]  INFO emissary.command.BaseCommand -   - Setting emissary.config.dir to /Users/connor/Projects/work/emissary/target/config 
2023-12-12 00:43:53,041 [using logback-test.xml]  INFO emissary.command.BaseCommand -   - Setting emissary.bin.dir to /Users/connor/Projects/work/emissary/target/bin 
2023-12-12 00:43:53,041 [using logback-test.xml]  INFO emissary.command.BaseCommand -   - Setting emissary.output.root to /Users/connor/Projects/work/emissary/target/localoutput 
2023-12-12 00:43:53,041 [using logback-test.xml]  INFO emissary.command.BaseCommand -   - Emissary error dir set to /Users/connor/Projects/work/emissary/target/localerror 
2023-12-12 00:43:53,041 [using logback-test.xml]  INFO emissary.command.BaseCommand -   - Setting emissary.node.name to localhost 
2023-12-12 00:43:53,041 [using logback-test.xml]  INFO emissary.command.BaseCommand -   - Setting emissary.node.port to 8001 
2023-12-12 00:43:53,041 [using logback-test.xml]  INFO emissary.command.BaseCommand -   - Setting emissary.node.scheme to http 
2023-12-12 00:43:53,041 [using logback-test.xml]  WARN emissary.command.BaseCommand -   - Not using /Users/connor/Projects/work/emissary/target/config/logback.xml, staying with test config file:/Users/connor/Projects/work/emissary/target/test-classes/logback-test.xml
2023-12-12 00:43:53,042 [using logback-test.xml]  INFO emissary.command.BaseCommand -   - Overriding current emissary.config.flavor null to CLUSTER 
2023-12-12 00:43:53,042 [using logback-test.xml]  INFO emissary.command.BaseCommand -   - PROJECT_BASE is set to /Users/connor/Projects/work/emissary/target 
2023-12-12 00:43:53,042 [using logback-test.xml]  INFO emissary.command.BaseCommand -   - Setting emissary.config.dir to /Users/connor/Projects/work/emissary/target/config 
2023-12-12 00:43:53,042 [using logback-test.xml]  INFO emissary.command.BaseCommand -   - Setting emissary.bin.dir to /Users/connor/Projects/work/emissary/target/bin 
2023-12-12 00:43:53,042 [using logback-test.xml]  INFO emissary.command.BaseCommand -   - Setting emissary.output.root to /Users/connor/Projects/work/emissary/target/localoutput 
2023-12-12 00:43:53,042 [using logback-test.xml]  INFO emissary.command.BaseCommand -   - Emissary error dir set to /Users/connor/Projects/work/emissary/target/localerror 
2023-12-12 00:43:53,042 [using logback-test.xml]  INFO emissary.command.BaseCommand -   - Setting emissary.config.flavor to CLUSTER 
2023-12-12 00:43:53,042 [using logback-test.xml]  INFO emissary.command.BaseCommand -   - Setting emissary.node.name to localhost 
2023-12-12 00:43:53,042 [using logback-test.xml]  INFO emissary.command.BaseCommand -   - Setting emissary.node.port to 8001 
2023-12-12 00:43:53,042 [using logback-test.xml]  INFO emissary.command.BaseCommand -   - Setting emissary.node.scheme to http 
2023-12-12 00:43:53,042 [using logback-test.xml]  WARN emissary.command.BaseCommand -   - Not using /Users/connor/Projects/work/emissary/target/config/logback.xml, staying with test config file:/Users/connor/Projects/work/emissary/target/test-classes/logback-test.xml
2023-12-12 00:43:53,043 [using logback-test.xml]  INFO emissary.command.BaseCommand -   - Overriding current emissary.config.flavor CLUSTER to CLUSTER 
2023-12-12 00:43:53,044 [using logback-test.xml]  INFO emissary.core.Factory -   - Failed to find constructor for args(4) types (4) : [class java.lang.Integer, class java.lang.Integer, class java.lang.Integer, class java.lang.Integer]
2023-12-12 00:43:53,044 [using logback-test.xml] ERROR emissary.core.Factory -   - Problem in factory
java.lang.Error: failed to find suitable constructor for class java.lang.Integer
	at emissary.core.Factory.create(Factory.java:66)
	at emissary.core.FactoryTest.lambda$testBogusConstructor$2(FactoryTest.java:77)
	at org.junit.jupiter.api.AssertThrows.assertThrows(AssertThrows.java:55)
	at org.junit.jupiter.api.AssertThrows.assertThrows(AssertThrows.java:37)
	at org.junit.jupiter.api.Assertions.assertThrows(Assertions.java:3082)
	at emissary.core.FactoryTest.testBogusConstructor(FactoryTest.java:77)
	at java.base/jdk.internal.reflect.NativeMethodAccessorImpl.invoke0(Native Method)
	at java.base/jdk.internal.reflect.NativeMethodAccessorImpl.invoke(NativeMethodAccessorImpl.java:77)
	at java.base/jdk.internal.reflect.DelegatingMethodAccessorImpl.invoke(DelegatingMethodAccessorImpl.java:43)
	at java.base/java.lang.reflect.Method.invoke(Method.java:568)
	at org.junit.platform.commons.util.ReflectionUtils.invokeMethod(ReflectionUtils.java:725)
	at org.junit.jupiter.engine.execution.MethodInvocation.proceed(MethodInvocation.java:60)
	at org.junit.jupiter.engine.execution.InvocationInterceptorChain$ValidatingInvocation.proceed(InvocationInterceptorChain.java:131)
	at org.junit.jupiter.engine.extension.TimeoutExtension.intercept(TimeoutExtension.java:149)
	at org.junit.jupiter.engine.extension.TimeoutExtension.interceptTestableMethod(TimeoutExtension.java:140)
	at org.junit.jupiter.engine.extension.TimeoutExtension.interceptTestMethod(TimeoutExtension.java:84)
	at org.junit.jupiter.engine.execution.ExecutableInvoker$ReflectiveInterceptorCall.lambda$ofVoidMethod$0(ExecutableInvoker.java:115)
	at org.junit.jupiter.engine.execution.ExecutableInvoker.lambda$invoke$0(ExecutableInvoker.java:105)
	at org.junit.jupiter.engine.execution.InvocationInterceptorChain$InterceptedInvocation.proceed(InvocationInterceptorChain.java:106)
	at org.junit.jupiter.engine.execution.InvocationInterceptorChain.proceed(InvocationInterceptorChain.java:64)
	at org.junit.jupiter.engine.execution.InvocationInterceptorChain.chainAndInvoke(InvocationInterceptorChain.java:45)
	at org.junit.jupiter.engine.execution.InvocationInterceptorChain.invoke(InvocationInterceptorChain.java:37)
	at org.junit.jupiter.engine.execution.ExecutableInvoker.invoke(ExecutableInvoker.java:104)
	at org.junit.jupiter.engine.execution.ExecutableInvoker.invoke(ExecutableInvoker.java:98)
	at org.junit.jupiter.engine.descriptor.TestMethodTestDescriptor.lambda$invokeTestMethod$7(TestMethodTestDescriptor.java:214)
	at org.junit.platform.engine.support.hierarchical.ThrowableCollector.execute(ThrowableCollector.java:73)
	at org.junit.jupiter.engine.descriptor.TestMethodTestDescriptor.invokeTestMethod(TestMethodTestDescriptor.java:210)
	at org.junit.jupiter.engine.descriptor.TestMethodTestDescriptor.execute(TestMethodTestDescriptor.java:135)
	at org.junit.jupiter.engine.descriptor.TestMethodTestDescriptor.execute(TestMethodTestDescriptor.java:66)
	at org.junit.platform.engine.support.hierarchical.NodeTestTask.lambda$executeRecursively$6(NodeTestTask.java:151)
	at org.junit.platform.engine.support.hierarchical.ThrowableCollector.execute(ThrowableCollector.java:73)
	at org.junit.platform.engine.support.hierarchical.NodeTestTask.lambda$executeRecursively$8(NodeTestTask.java:141)
	at org.junit.platform.engine.support.hierarchical.Node.around(Node.java:137)
	at org.junit.platform.engine.support.hierarchical.NodeTestTask.lambda$executeRecursively$9(NodeTestTask.java:139)
	at org.junit.platform.engine.support.hierarchical.ThrowableCollector.execute(ThrowableCollector.java:73)
	at org.junit.platform.engine.support.hierarchical.NodeTestTask.executeRecursively(NodeTestTask.java:138)
	at org.junit.platform.engine.support.hierarchical.NodeTestTask.execute(NodeTestTask.java:95)
	at java.base/java.util.ArrayList.forEach(ArrayList.java:1511)
	at org.junit.platform.engine.support.hierarchical.SameThreadHierarchicalTestExecutorService.invokeAll(SameThreadHierarchicalTestExecutorService.java:41)
	at org.junit.platform.engine.support.hierarchical.NodeTestTask.lambda$executeRecursively$6(NodeTestTask.java:155)
	at org.junit.platform.engine.support.hierarchical.ThrowableCollector.execute(ThrowableCollector.java:73)
	at org.junit.platform.engine.support.hierarchical.NodeTestTask.lambda$executeRecursively$8(NodeTestTask.java:141)
	at org.junit.platform.engine.support.hierarchical.Node.around(Node.java:137)
	at org.junit.platform.engine.support.hierarchical.NodeTestTask.lambda$executeRecursively$9(NodeTestTask.java:139)
	at org.junit.platform.engine.support.hierarchical.ThrowableCollector.execute(ThrowableCollector.java:73)
	at org.junit.platform.engine.support.hierarchical.NodeTestTask.executeRecursively(NodeTestTask.java:138)
	at org.junit.platform.engine.support.hierarchical.NodeTestTask.execute(NodeTestTask.java:95)
	at java.base/java.util.ArrayList.forEach(ArrayList.java:1511)
	at org.junit.platform.engine.support.hierarchical.SameThreadHierarchicalTestExecutorService.invokeAll(SameThreadHierarchicalTestExecutorService.java:41)
	at org.junit.platform.engine.support.hierarchical.NodeTestTask.lambda$executeRecursively$6(NodeTestTask.java:155)
	at org.junit.platform.engine.support.hierarchical.ThrowableCollector.execute(ThrowableCollector.java:73)
	at org.junit.platform.engine.support.hierarchical.NodeTestTask.lambda$executeRecursively$8(NodeTestTask.java:141)
	at org.junit.platform.engine.support.hierarchical.Node.around(Node.java:137)
	at org.junit.platform.engine.support.hierarchical.NodeTestTask.lambda$executeRecursively$9(NodeTestTask.java:139)
	at org.junit.platform.engine.support.hierarchical.ThrowableCollector.execute(ThrowableCollector.java:73)
	at org.junit.platform.engine.support.hierarchical.NodeTestTask.executeRecursively(NodeTestTask.java:138)
	at org.junit.platform.engine.support.hierarchical.NodeTestTask.execute(NodeTestTask.java:95)
	at org.junit.platform.engine.support.hierarchical.SameThreadHierarchicalTestExecutorService.submit(SameThreadHierarchicalTestExecutorService.java:35)
	at org.junit.platform.engine.support.hierarchical.HierarchicalTestExecutor.execute(HierarchicalTestExecutor.java:57)
	at org.junit.platform.engine.support.hierarchical.HierarchicalTestEngine.execute(HierarchicalTestEngine.java:54)
	at org.junit.platform.launcher.core.EngineExecutionOrchestrator.execute(EngineExecutionOrchestrator.java:107)
	at org.junit.platform.launcher.core.EngineExecutionOrchestrator.execute(EngineExecutionOrchestrator.java:88)
	at org.junit.platform.launcher.core.EngineExecutionOrchestrator.lambda$execute$0(EngineExecutionOrchestrator.java:54)
	at org.junit.platform.launcher.core.EngineExecutionOrchestrator.withInterceptedStreams(EngineExecutionOrchestrator.java:67)
	at org.junit.platform.launcher.core.EngineExecutionOrchestrator.execute(EngineExecutionOrchestrator.java:52)
	at org.junit.platform.launcher.core.DefaultLauncher.execute(DefaultLauncher.java:114)
	at org.junit.platform.launcher.core.DefaultLauncher.execute(DefaultLauncher.java:86)
	at org.junit.platform.launcher.core.DefaultLauncherSession$DelegatingLauncher.execute(DefaultLauncherSession.java:86)
	at org.apache.maven.surefire.junitplatform.LazyLauncher.execute(LazyLauncher.java:50)
	at org.apache.maven.surefire.junitplatform.JUnitPlatformProvider.lambda$execute$1(JUnitPlatformProvider.java:191)
	at java.base/java.util.Iterator.forEachRemaining(Iterator.java:133)
	at org.apache.maven.surefire.junitplatform.JUnitPlatformProvider.execute(JUnitPlatformProvider.java:186)
	at org.apache.maven.surefire.junitplatform.JUnitPlatformProvider.invokeAllTests(JUnitPlatformProvider.java:148)
	at org.apache.maven.surefire.junitplatform.JUnitPlatformProvider.invoke(JUnitPlatformProvider.java:118)
	at org.apache.maven.surefire.booter.ForkedBooter.runSuitesInProcess(ForkedBooter.java:385)
	at org.apache.maven.surefire.booter.ForkedBooter.execute(ForkedBooter.java:162)
	at org.apache.maven.surefire.booter.ForkedBooter.run(ForkedBooter.java:507)
	at org.apache.maven.surefire.booter.ForkedBooter.main(ForkedBooter.java:495)
2023-12-12 00:43:53,044 [using logback-test.xml] DEBUG emissary.config.ConfigUtil -   - Configured configDirProperty /Users/connor/Projects/work/emissary/target/config
]]></system-out>
  </testcase>
  <testcase name="testNullArg" classname="emissary.core.FactoryTest" time="0.004">
    <system-out><![CDATA[2023-12-12 00:43:53,048 [using logback-test.xml]  INFO emissary.command.BaseCommand -   - PROJECT_BASE is set to /Users/connor/Projects/work/emissary/target 
2023-12-12 00:43:53,048 [using logback-test.xml]  INFO emissary.command.BaseCommand -   - Setting emissary.config.dir to /Users/connor/Projects/work/emissary/target/config 
2023-12-12 00:43:53,048 [using logback-test.xml]  INFO emissary.command.BaseCommand -   - Setting emissary.bin.dir to /Users/connor/Projects/work/emissary/target/bin 
2023-12-12 00:43:53,048 [using logback-test.xml]  INFO emissary.command.BaseCommand -   - Setting emissary.output.root to /Users/connor/Projects/work/emissary/target/localoutput 
2023-12-12 00:43:53,048 [using logback-test.xml]  INFO emissary.command.BaseCommand -   - Emissary error dir set to /Users/connor/Projects/work/emissary/target/localerror 
2023-12-12 00:43:53,048 [using logback-test.xml]  INFO emissary.command.BaseCommand -   - Setting emissary.node.name to localhost 
2023-12-12 00:43:53,048 [using logback-test.xml]  INFO emissary.command.BaseCommand -   - Setting emissary.node.port to 8001 
2023-12-12 00:43:53,048 [using logback-test.xml]  INFO emissary.command.BaseCommand -   - Setting emissary.node.scheme to http 
2023-12-12 00:43:53,048 [using logback-test.xml]  WARN emissary.command.BaseCommand -   - Not using /Users/connor/Projects/work/emissary/target/config/logback.xml, staying with test config file:/Users/connor/Projects/work/emissary/target/test-classes/logback-test.xml
2023-12-12 00:43:53,049 [using logback-test.xml]  INFO emissary.command.BaseCommand -   - Overriding current emissary.config.flavor null to CLUSTER 
2023-12-12 00:43:53,049 [using logback-test.xml]  INFO emissary.command.BaseCommand -   - PROJECT_BASE is set to /Users/connor/Projects/work/emissary/target 
2023-12-12 00:43:53,049 [using logback-test.xml]  INFO emissary.command.BaseCommand -   - Setting emissary.config.dir to /Users/connor/Projects/work/emissary/target/config 
2023-12-12 00:43:53,049 [using logback-test.xml]  INFO emissary.command.BaseCommand -   - Setting emissary.bin.dir to /Users/connor/Projects/work/emissary/target/bin 
2023-12-12 00:43:53,049 [using logback-test.xml]  INFO emissary.command.BaseCommand -   - Setting emissary.output.root to /Users/connor/Projects/work/emissary/target/localoutput 
2023-12-12 00:43:53,049 [using logback-test.xml]  INFO emissary.command.BaseCommand -   - Emissary error dir set to /Users/connor/Projects/work/emissary/target/localerror 
2023-12-12 00:43:53,049 [using logback-test.xml]  INFO emissary.command.BaseCommand -   - Setting emissary.config.flavor to CLUSTER 
2023-12-12 00:43:53,049 [using logback-test.xml]  INFO emissary.command.BaseCommand -   - Setting emissary.node.name to localhost 
2023-12-12 00:43:53,049 [using logback-test.xml]  INFO emissary.command.BaseCommand -   - Setting emissary.node.port to 8001 
2023-12-12 00:43:53,049 [using logback-test.xml]  INFO emissary.command.BaseCommand -   - Setting emissary.node.scheme to http 
2023-12-12 00:43:53,049 [using logback-test.xml]  WARN emissary.command.BaseCommand -   - Not using /Users/connor/Projects/work/emissary/target/config/logback.xml, staying with test config file:/Users/connor/Projects/work/emissary/target/test-classes/logback-test.xml
2023-12-12 00:43:53,050 [using logback-test.xml]  INFO emissary.command.BaseCommand -   - Overriding current emissary.config.flavor CLUSTER to CLUSTER 
2023-12-12 00:43:53,051 [using logback-test.xml] DEBUG emissary.config.ConfigUtil -   - Configured configDirProperty /Users/connor/Projects/work/emissary/target/config
]]></system-out>
  </testcase>
</testsuite>