<?xml version="1.0" encoding="UTF-8"?>
<testsuite xmlns:xsi="http://www.w3.org/2001/XMLSchema-instance" xsi:noNamespaceSchemaLocation="https://maven.apache.org/surefire/maven-surefire-plugin/xsd/surefire-test-report-3.0.xsd" version="3.0" name="emissary.config.ConfigUtilTest" time="0.372" tests="31" errors="0" skipped="0" failures="0">
  <properties>
    <property name="git.tags" value="8.0.0-M10"/>
    <property name="java.specification.version" value="17"/>
    <property name="sun.jnu.encoding" value="UTF-8"/>
    <property name="git.build.version" value="8.0.0-M10"/>
    <property name="java.class.path" value="/Users/connor/Projects/work/emissary/target/test-classes:/Users/connor/Projects/work/emissary/target/classes:/Users/connor/.m2/repository/ch/qos/logback/logback-classic/1.3.12/logback-classic-1.3.12.jar:/Users/connor/.m2/repository/ch/qos/logback/logback-core/1.3.12/logback-core-1.3.12.jar:/Users/connor/.m2/repository/com/fasterxml/jackson/core/jackson-databind/2.13.4.2/jackson-databind-2.13.4.2.jar:/Users/connor/.m2/repository/com/fasterxml/jackson/core/jackson-annotations/2.13.4/jackson-annotations-2.13.4.jar:/Users/connor/.m2/repository/com/fasterxml/jackson/core/jackson-core/2.13.4/jackson-core-2.13.4.jar:/Users/connor/.m2/repository/com/github/spullara/mustache/java/compiler/0.9.10/compiler-0.9.10.jar:/Users/connor/.m2/repository/com/google/code/gson/gson/2.8.9/gson-2.8.9.jar:/Users/connor/.m2/repository/com/google/guava/guava/32.0.0-jre/guava-32.0.0-jre.jar:/Users/connor/.m2/repository/com/google/guava/failureaccess/1.0.1/failureaccess-1.0.1.jar:/Users/connor/.m2/repository/com/google/guava/listenablefuture/9999.0-empty-to-avoid-conflict-with-guava/listenablefuture-9999.0-empty-to-avoid-conflict-with-guava.jar:/Users/connor/.m2/repository/com/google/code/findbugs/jsr305/3.0.2/jsr305-3.0.2.jar:/Users/connor/.m2/repository/org/checkerframework/checker-qual/3.33.0/checker-qual-3.33.0.jar:/Users/connor/.m2/repository/com/google/errorprone/error_prone_annotations/2.18.0/error_prone_annotations-2.18.0.jar:/Users/connor/.m2/repository/com/google/j2objc/j2objc-annotations/2.8/j2objc-annotations-2.8.jar:/Users/connor/.m2/repository/commons-cli/commons-cli/1.5.0/commons-cli-1.5.0.jar:/Users/connor/.m2/repository/commons-codec/commons-codec/1.15/commons-codec-1.15.jar:/Users/connor/.m2/repository/commons-io/commons-io/2.11.0/commons-io-2.11.0.jar:/Users/connor/.m2/repository/info/picocli/picocli/4.7.4/picocli-4.7.4.jar:/Users/connor/.m2/repository/io/dropwizard/metrics/metrics-graphite/4.2.4/metrics-graphite-4.2.4.jar:/Users/connor/.m2/repository/io/dropwizard/metrics/metrics-core/4.2.4/metrics-core-4.2.4.jar:/Users/connor/.m2/repository/com/rabbitmq/amqp-client/5.13.1/amqp-client-5.13.1.jar:/Users/connor/.m2/repository/io/dropwizard/metrics/metrics-healthchecks/4.2.4/metrics-healthchecks-4.2.4.jar:/Users/connor/.m2/repository/io/dropwizard/metrics/metrics-jmx/4.2.4/metrics-jmx-4.2.4.jar:/Users/connor/.m2/repository/io/dropwizard/metrics/metrics-jvm/4.2.4/metrics-jvm-4.2.4.jar:/Users/connor/.m2/repository/io/dropwizard/metrics/metrics-servlets/4.2.4/metrics-servlets-4.2.4.jar:/Users/connor/.m2/repository/io/dropwizard/metrics/metrics-json/4.2.4/metrics-json-4.2.4.jar:/Users/connor/.m2/repository/com/helger/profiler/1.1.1/profiler-1.1.1.jar:/Users/connor/.m2/repository/jakarta/activation/jakarta.activation-api/1.2.2/jakarta.activation-api-1.2.2.jar:/Users/connor/.m2/repository/jakarta/servlet/jakarta.servlet-api/4.0.3/jakarta.servlet-api-4.0.3.jar:/Users/connor/.m2/repository/jakarta/xml/bind/jakarta.xml.bind-api/2.3.3/jakarta.xml.bind-api-2.3.3.jar:/Users/connor/.m2/repository/net/logstash/logback/logstash-logback-encoder/7.2/logstash-logback-encoder-7.2.jar:/Users/connor/.m2/repository/net/spy/spymemcached/2.12.3/spymemcached-2.12.3.jar:/Users/connor/.m2/repository/org/apache/commons/commons-collections4/4.4/commons-collections4-4.4.jar:/Users/connor/.m2/repository/org/apache/commons/commons-compress/1.21/commons-compress-1.21.jar:/Users/connor/.m2/repository/org/apache/commons/commons-exec/1.3/commons-exec-1.3.jar:/Users/connor/.m2/repository/org/apache/commons/commons-lang3/3.12.0/commons-lang3-3.12.0.jar:/Users/connor/.m2/repository/org/apache/commons/commons-pool2/2.11.1/commons-pool2-2.11.1.jar:/Users/connor/.m2/repository/org/apache/httpcomponents/client5/httpclient5/5.2.1/httpclient5-5.2.1.jar:/Users/connor/.m2/repository/org/apache/httpcomponents/core5/httpcore5/5.2.1/httpcore5-5.2.1.jar:/Users/connor/.m2/repository/org/apache/httpcomponents/core5/httpcore5-h2/5.2/httpcore5-h2-5.2.jar:/Users/connor/.m2/repository/org/codehaus/janino/janino/3.1.7/janino-3.1.7.jar:/Users/connor/.m2/repository/org/codehaus/janino/commons-compiler/3.1.7/commons-compiler-3.1.7.jar:/Users/connor/.m2/repository/org/eclipse/jetty/jetty-plus/10.0.15/jetty-plus-10.0.15.jar:/Users/connor/.m2/repository/jakarta/transaction/jakarta.transaction-api/1.3.3/jakarta.transaction-api-1.3.3.jar:/Users/connor/.m2/repository/org/eclipse/jetty/jetty-jndi/10.0.15/jetty-jndi-10.0.15.jar:/Users/connor/.m2/repository/org/eclipse/jetty/jetty-security/10.0.15/jetty-security-10.0.15.jar:/Users/connor/.m2/repository/org/eclipse/jetty/jetty-server/10.0.15/jetty-server-10.0.15.jar:/Users/connor/.m2/repository/org/eclipse/jetty/jetty-http/10.0.15/jetty-http-10.0.15.jar:/Users/connor/.m2/repository/org/eclipse/jetty/jetty-io/10.0.15/jetty-io-10.0.15.jar:/Users/connor/.m2/repository/org/eclipse/jetty/jetty-util/10.0.15/jetty-util-10.0.15.jar:/Users/connor/.m2/repository/org/eclipse/jetty/jetty-webapp/10.0.15/jetty-webapp-10.0.15.jar:/Users/connor/.m2/repository/org/eclipse/jetty/jetty-servlet/10.0.15/jetty-servlet-10.0.15.jar:/Users/connor/.m2/repository/org/eclipse/jetty/jetty-xml/10.0.15/jetty-xml-10.0.15.jar:/Users/connor/.m2/repository/org/glassfish/jaxb/jaxb-runtime/2.3.8/jaxb-runtime-2.3.8.jar:/Users/connor/.m2/repository/org/glassfish/jaxb/txw2/2.3.8/txw2-2.3.8.jar:/Users/connor/.m2/repository/com/sun/istack/istack-commons-runtime/3.0.12/istack-commons-runtime-3.0.12.jar:/Users/connor/.m2/repository/com/sun/activation/jakarta.activation/1.2.2/jakarta.activation-1.2.2.jar:/Users/connor/.m2/repository/org/glassfish/jersey/containers/jersey-container-jetty-http/2.40/jersey-container-jetty-http-2.40.jar:/Users/connor/.m2/repository/org/glassfish/hk2/external/jakarta.inject/2.6.1/jakarta.inject-2.6.1.jar:/Users/connor/.m2/repository/org/eclipse/jetty/jetty-continuation/9.4.51.v20230217/jetty-continuation-9.4.51.v20230217.jar:/Users/connor/.m2/repository/jakarta/ws/rs/jakarta.ws.rs-api/2.1.6/jakarta.ws.rs-api-2.1.6.jar:/Users/connor/.m2/repository/org/glassfish/jersey/containers/jersey-container-servlet-core/2.40/jersey-container-servlet-core-2.40.jar:/Users/connor/.m2/repository/org/glassfish/jersey/core/jersey-common/2.40/jersey-common-2.40.jar:/Users/connor/.m2/repository/jakarta/annotation/jakarta.annotation-api/1.3.5/jakarta.annotation-api-1.3.5.jar:/Users/connor/.m2/repository/org/glassfish/hk2/osgi-resource-locator/1.0.3/osgi-resource-locator-1.0.3.jar:/Users/connor/.m2/repository/org/glassfish/jersey/core/jersey-server/2.40/jersey-server-2.40.jar:/Users/connor/.m2/repository/org/glassfish/jersey/core/jersey-client/2.40/jersey-client-2.40.jar:/Users/connor/.m2/repository/jakarta/validation/jakarta.validation-api/2.0.2/jakarta.validation-api-2.0.2.jar:/Users/connor/.m2/repository/org/glassfish/jersey/ext/jersey-mvc/2.40/jersey-mvc-2.40.jar:/Users/connor/.m2/repository/org/glassfish/jersey/ext/jersey-mvc-mustache/2.40/jersey-mvc-mustache-2.40.jar:/Users/connor/.m2/repository/org/glassfish/jersey/inject/jersey-hk2/2.40/jersey-hk2-2.40.jar:/Users/connor/.m2/repository/org/glassfish/hk2/hk2-locator/2.6.1/hk2-locator-2.6.1.jar:/Users/connor/.m2/repository/org/glassfish/hk2/external/aopalliance-repackaged/2.6.1/aopalliance-repackaged-2.6.1.jar:/Users/connor/.m2/repository/org/glassfish/hk2/hk2-api/2.6.1/hk2-api-2.6.1.jar:/Users/connor/.m2/repository/org/glassfish/hk2/hk2-utils/2.6.1/hk2-utils-2.6.1.jar:/Users/connor/.m2/repository/org/javassist/javassist/3.29.2-GA/javassist-3.29.2-GA.jar:/Users/connor/.m2/repository/org/glassfish/jersey/media/jersey-media-json-jackson/2.40/jersey-media-json-jackson-2.40.jar:/Users/connor/.m2/repository/org/glassfish/jersey/ext/jersey-entity-filtering/2.40/jersey-entity-filtering-2.40.jar:/Users/connor/.m2/repository/com/fasterxml/jackson/module/jackson-module-jaxb-annotations/2.13.4/jackson-module-jaxb-annotations-2.13.4.jar:/Users/connor/.m2/repository/org/glassfish/jersey/media/jersey-media-multipart/2.40/jersey-media-multipart-2.40.jar:/Users/connor/.m2/repository/org/jvnet/mimepull/mimepull/1.9.15/mimepull-1.9.15.jar:/Users/connor/.m2/repository/org/jdom/jdom2/2.0.6.1/jdom2-2.0.6.1.jar:/Users/connor/.m2/repository/org/slf4j/log4j-over-slf4j/2.0.7/log4j-over-slf4j-2.0.7.jar:/Users/connor/.m2/repository/org/slf4j/slf4j-api/2.0.7/slf4j-api-2.0.7.jar:/Users/connor/.m2/repository/org/glassfish/jersey/test-framework/providers/jersey-test-framework-provider-jetty/2.40/jersey-test-framework-provider-jetty-2.40.jar:/Users/connor/.m2/repository/org/glassfish/jersey/test-framework/jersey-test-framework-core/2.40/jersey-test-framework-core-2.40.jar:/Users/connor/.m2/repository/org/glassfish/jersey/media/jersey-media-jaxb/2.40/jersey-media-jaxb-2.40.jar:/Users/connor/.m2/repository/org/hamcrest/hamcrest/2.2/hamcrest-2.2.jar:/Users/connor/.m2/repository/org/junit/jupiter/junit-jupiter/5.8.2/junit-jupiter-5.8.2.jar:/Users/connor/.m2/repository/org/junit/jupiter/junit-jupiter-api/5.8.2/junit-jupiter-api-5.8.2.jar:/Users/connor/.m2/repository/org/opentest4j/opentest4j/1.2.0/opentest4j-1.2.0.jar:/Users/connor/.m2/repository/org/junit/platform/junit-platform-commons/1.8.2/junit-platform-commons-1.8.2.jar:/Users/connor/.m2/repository/org/junit/jupiter/junit-jupiter-params/5.8.2/junit-jupiter-params-5.8.2.jar:/Users/connor/.m2/repository/org/junit/jupiter/junit-jupiter-engine/5.8.2/junit-jupiter-engine-5.8.2.jar:/Users/connor/.m2/repository/org/junit/vintage/junit-vintage-engine/5.8.2/junit-vintage-engine-5.8.2.jar:/Users/connor/.m2/repository/org/junit/platform/junit-platform-engine/1.8.2/junit-platform-engine-1.8.2.jar:/Users/connor/.m2/repository/junit/junit/4.13.2/junit-4.13.2.jar:/Users/connor/.m2/repository/org/apiguardian/apiguardian-api/1.1.2/apiguardian-api-1.1.2.jar:/Users/connor/.m2/repository/org/mockito/mockito-core/5.4.0/mockito-core-5.4.0.jar:/Users/connor/.m2/repository/net/bytebuddy/byte-buddy/1.14.5/byte-buddy-1.14.5.jar:/Users/connor/.m2/repository/net/bytebuddy/byte-buddy-agent/1.14.5/byte-buddy-agent-1.14.5.jar:/Users/connor/.m2/repository/org/objenesis/objenesis/3.3/objenesis-3.3.jar:/Users/connor/.m2/repository/org/mockito/mockito-junit-jupiter/5.4.0/mockito-junit-jupiter-5.4.0.jar:"/>
    <property name="git.branch" value="ff82d3005ccb4ef8091d2c5b0fd31b049ef697ab"/>
    <property name="git.build.host" value="Connors-MacBook-Pro.local"/>
    <property name="java.vm.vendor" value="Azul Systems, Inc."/>
    <property name="sun.arch.data.model" value="64"/>
    <property name="java.vendor.url" value="http://www.azul.com/"/>
    <property name="java.locale.providers" value="COMPAT"/>
    <property name="user.timezone" value="GMT"/>
    <property name="java.vm.specification.version" value="17"/>
    <property name="os.name" value="Mac OS X"/>
    <property name="git.commit.author.time" value="2023-12-04T14:17:17-0500"/>
    <property name="sun.java.launcher" value="SUN_STANDARD"/>
    <property name="user.country" value="US"/>
    <property name="git.build.user.name" value="Connor Koehler"/>
    <property name="sun.boot.library.path" value="/Users/connor/.sdkman/candidates/java/17.0.3.fx-zulu/zulu-17.jdk/Contents/Home/lib"/>
    <property name="sun.java.command" value="/Users/connor/Projects/work/emissary/target/surefire/surefirebooter-20231211194348699_11.jar /Users/connor/Projects/work/emissary/target/surefire 2023-12-11T19-43-48_360-jvmRun3 surefire-20231211194348699_1tmp surefire_1-20231211194348699_8tmp"/>
    <property name="http.nonProxyHosts" value="local|*.local|169.254/16|*.169.254/16"/>
    <property name="jdk.debug" value="release"/>
    <property name="surefire.test.class.path" value="/Users/connor/Projects/work/emissary/target/test-classes:/Users/connor/Projects/work/emissary/target/classes:/Users/connor/.m2/repository/ch/qos/logback/logback-classic/1.3.12/logback-classic-1.3.12.jar:/Users/connor/.m2/repository/ch/qos/logback/logback-core/1.3.12/logback-core-1.3.12.jar:/Users/connor/.m2/repository/com/fasterxml/jackson/core/jackson-databind/2.13.4.2/jackson-databind-2.13.4.2.jar:/Users/connor/.m2/repository/com/fasterxml/jackson/core/jackson-annotations/2.13.4/jackson-annotations-2.13.4.jar:/Users/connor/.m2/repository/com/fasterxml/jackson/core/jackson-core/2.13.4/jackson-core-2.13.4.jar:/Users/connor/.m2/repository/com/github/spullara/mustache/java/compiler/0.9.10/compiler-0.9.10.jar:/Users/connor/.m2/repository/com/google/code/gson/gson/2.8.9/gson-2.8.9.jar:/Users/connor/.m2/repository/com/google/guava/guava/32.0.0-jre/guava-32.0.0-jre.jar:/Users/connor/.m2/repository/com/google/guava/failureaccess/1.0.1/failureaccess-1.0.1.jar:/Users/connor/.m2/repository/com/google/guava/listenablefuture/9999.0-empty-to-avoid-conflict-with-guava/listenablefuture-9999.0-empty-to-avoid-conflict-with-guava.jar:/Users/connor/.m2/repository/com/google/code/findbugs/jsr305/3.0.2/jsr305-3.0.2.jar:/Users/connor/.m2/repository/org/checkerframework/checker-qual/3.33.0/checker-qual-3.33.0.jar:/Users/connor/.m2/repository/com/google/errorprone/error_prone_annotations/2.18.0/error_prone_annotations-2.18.0.jar:/Users/connor/.m2/repository/com/google/j2objc/j2objc-annotations/2.8/j2objc-annotations-2.8.jar:/Users/connor/.m2/repository/commons-cli/commons-cli/1.5.0/commons-cli-1.5.0.jar:/Users/connor/.m2/repository/commons-codec/commons-codec/1.15/commons-codec-1.15.jar:/Users/connor/.m2/repository/commons-io/commons-io/2.11.0/commons-io-2.11.0.jar:/Users/connor/.m2/repository/info/picocli/picocli/4.7.4/picocli-4.7.4.jar:/Users/connor/.m2/repository/io/dropwizard/metrics/metrics-graphite/4.2.4/metrics-graphite-4.2.4.jar:/Users/connor/.m2/repository/io/dropwizard/metrics/metrics-core/4.2.4/metrics-core-4.2.4.jar:/Users/connor/.m2/repository/com/rabbitmq/amqp-client/5.13.1/amqp-client-5.13.1.jar:/Users/connor/.m2/repository/io/dropwizard/metrics/metrics-healthchecks/4.2.4/metrics-healthchecks-4.2.4.jar:/Users/connor/.m2/repository/io/dropwizard/metrics/metrics-jmx/4.2.4/metrics-jmx-4.2.4.jar:/Users/connor/.m2/repository/io/dropwizard/metrics/metrics-jvm/4.2.4/metrics-jvm-4.2.4.jar:/Users/connor/.m2/repository/io/dropwizard/metrics/metrics-servlets/4.2.4/metrics-servlets-4.2.4.jar:/Users/connor/.m2/repository/io/dropwizard/metrics/metrics-json/4.2.4/metrics-json-4.2.4.jar:/Users/connor/.m2/repository/com/helger/profiler/1.1.1/profiler-1.1.1.jar:/Users/connor/.m2/repository/jakarta/activation/jakarta.activation-api/1.2.2/jakarta.activation-api-1.2.2.jar:/Users/connor/.m2/repository/jakarta/servlet/jakarta.servlet-api/4.0.3/jakarta.servlet-api-4.0.3.jar:/Users/connor/.m2/repository/jakarta/xml/bind/jakarta.xml.bind-api/2.3.3/jakarta.xml.bind-api-2.3.3.jar:/Users/connor/.m2/repository/net/logstash/logback/logstash-logback-encoder/7.2/logstash-logback-encoder-7.2.jar:/Users/connor/.m2/repository/net/spy/spymemcached/2.12.3/spymemcached-2.12.3.jar:/Users/connor/.m2/repository/org/apache/commons/commons-collections4/4.4/commons-collections4-4.4.jar:/Users/connor/.m2/repository/org/apache/commons/commons-compress/1.21/commons-compress-1.21.jar:/Users/connor/.m2/repository/org/apache/commons/commons-exec/1.3/commons-exec-1.3.jar:/Users/connor/.m2/repository/org/apache/commons/commons-lang3/3.12.0/commons-lang3-3.12.0.jar:/Users/connor/.m2/repository/org/apache/commons/commons-pool2/2.11.1/commons-pool2-2.11.1.jar:/Users/connor/.m2/repository/org/apache/httpcomponents/client5/httpclient5/5.2.1/httpclient5-5.2.1.jar:/Users/connor/.m2/repository/org/apache/httpcomponents/core5/httpcore5/5.2.1/httpcore5-5.2.1.jar:/Users/connor/.m2/repository/org/apache/httpcomponents/core5/httpcore5-h2/5.2/httpcore5-h2-5.2.jar:/Users/connor/.m2/repository/org/codehaus/janino/janino/3.1.7/janino-3.1.7.jar:/Users/connor/.m2/repository/org/codehaus/janino/commons-compiler/3.1.7/commons-compiler-3.1.7.jar:/Users/connor/.m2/repository/org/eclipse/jetty/jetty-plus/10.0.15/jetty-plus-10.0.15.jar:/Users/connor/.m2/repository/jakarta/transaction/jakarta.transaction-api/1.3.3/jakarta.transaction-api-1.3.3.jar:/Users/connor/.m2/repository/org/eclipse/jetty/jetty-jndi/10.0.15/jetty-jndi-10.0.15.jar:/Users/connor/.m2/repository/org/eclipse/jetty/jetty-security/10.0.15/jetty-security-10.0.15.jar:/Users/connor/.m2/repository/org/eclipse/jetty/jetty-server/10.0.15/jetty-server-10.0.15.jar:/Users/connor/.m2/repository/org/eclipse/jetty/jetty-http/10.0.15/jetty-http-10.0.15.jar:/Users/connor/.m2/repository/org/eclipse/jetty/jetty-io/10.0.15/jetty-io-10.0.15.jar:/Users/connor/.m2/repository/org/eclipse/jetty/jetty-util/10.0.15/jetty-util-10.0.15.jar:/Users/connor/.m2/repository/org/eclipse/jetty/jetty-webapp/10.0.15/jetty-webapp-10.0.15.jar:/Users/connor/.m2/repository/org/eclipse/jetty/jetty-servlet/10.0.15/jetty-servlet-10.0.15.jar:/Users/connor/.m2/repository/org/eclipse/jetty/jetty-xml/10.0.15/jetty-xml-10.0.15.jar:/Users/connor/.m2/repository/org/glassfish/jaxb/jaxb-runtime/2.3.8/jaxb-runtime-2.3.8.jar:/Users/connor/.m2/repository/org/glassfish/jaxb/txw2/2.3.8/txw2-2.3.8.jar:/Users/connor/.m2/repository/com/sun/istack/istack-commons-runtime/3.0.12/istack-commons-runtime-3.0.12.jar:/Users/connor/.m2/repository/com/sun/activation/jakarta.activation/1.2.2/jakarta.activation-1.2.2.jar:/Users/connor/.m2/repository/org/glassfish/jersey/containers/jersey-container-jetty-http/2.40/jersey-container-jetty-http-2.40.jar:/Users/connor/.m2/repository/org/glassfish/hk2/external/jakarta.inject/2.6.1/jakarta.inject-2.6.1.jar:/Users/connor/.m2/repository/org/eclipse/jetty/jetty-continuation/9.4.51.v20230217/jetty-continuation-9.4.51.v20230217.jar:/Users/connor/.m2/repository/jakarta/ws/rs/jakarta.ws.rs-api/2.1.6/jakarta.ws.rs-api-2.1.6.jar:/Users/connor/.m2/repository/org/glassfish/jersey/containers/jersey-container-servlet-core/2.40/jersey-container-servlet-core-2.40.jar:/Users/connor/.m2/repository/org/glassfish/jersey/core/jersey-common/2.40/jersey-common-2.40.jar:/Users/connor/.m2/repository/jakarta/annotation/jakarta.annotation-api/1.3.5/jakarta.annotation-api-1.3.5.jar:/Users/connor/.m2/repository/org/glassfish/hk2/osgi-resource-locator/1.0.3/osgi-resource-locator-1.0.3.jar:/Users/connor/.m2/repository/org/glassfish/jersey/core/jersey-server/2.40/jersey-server-2.40.jar:/Users/connor/.m2/repository/org/glassfish/jersey/core/jersey-client/2.40/jersey-client-2.40.jar:/Users/connor/.m2/repository/jakarta/validation/jakarta.validation-api/2.0.2/jakarta.validation-api-2.0.2.jar:/Users/connor/.m2/repository/org/glassfish/jersey/ext/jersey-mvc/2.40/jersey-mvc-2.40.jar:/Users/connor/.m2/repository/org/glassfish/jersey/ext/jersey-mvc-mustache/2.40/jersey-mvc-mustache-2.40.jar:/Users/connor/.m2/repository/org/glassfish/jersey/inject/jersey-hk2/2.40/jersey-hk2-2.40.jar:/Users/connor/.m2/repository/org/glassfish/hk2/hk2-locator/2.6.1/hk2-locator-2.6.1.jar:/Users/connor/.m2/repository/org/glassfish/hk2/external/aopalliance-repackaged/2.6.1/aopalliance-repackaged-2.6.1.jar:/Users/connor/.m2/repository/org/glassfish/hk2/hk2-api/2.6.1/hk2-api-2.6.1.jar:/Users/connor/.m2/repository/org/glassfish/hk2/hk2-utils/2.6.1/hk2-utils-2.6.1.jar:/Users/connor/.m2/repository/org/javassist/javassist/3.29.2-GA/javassist-3.29.2-GA.jar:/Users/connor/.m2/repository/org/glassfish/jersey/media/jersey-media-json-jackson/2.40/jersey-media-json-jackson-2.40.jar:/Users/connor/.m2/repository/org/glassfish/jersey/ext/jersey-entity-filtering/2.40/jersey-entity-filtering-2.40.jar:/Users/connor/.m2/repository/com/fasterxml/jackson/module/jackson-module-jaxb-annotations/2.13.4/jackson-module-jaxb-annotations-2.13.4.jar:/Users/connor/.m2/repository/org/glassfish/jersey/media/jersey-media-multipart/2.40/jersey-media-multipart-2.40.jar:/Users/connor/.m2/repository/org/jvnet/mimepull/mimepull/1.9.15/mimepull-1.9.15.jar:/Users/connor/.m2/repository/org/jdom/jdom2/2.0.6.1/jdom2-2.0.6.1.jar:/Users/connor/.m2/repository/org/slf4j/log4j-over-slf4j/2.0.7/log4j-over-slf4j-2.0.7.jar:/Users/connor/.m2/repository/org/slf4j/slf4j-api/2.0.7/slf4j-api-2.0.7.jar:/Users/connor/.m2/repository/org/glassfish/jersey/test-framework/providers/jersey-test-framework-provider-jetty/2.40/jersey-test-framework-provider-jetty-2.40.jar:/Users/connor/.m2/repository/org/glassfish/jersey/test-framework/jersey-test-framework-core/2.40/jersey-test-framework-core-2.40.jar:/Users/connor/.m2/repository/org/glassfish/jersey/media/jersey-media-jaxb/2.40/jersey-media-jaxb-2.40.jar:/Users/connor/.m2/repository/org/hamcrest/hamcrest/2.2/hamcrest-2.2.jar:/Users/connor/.m2/repository/org/junit/jupiter/junit-jupiter/5.8.2/junit-jupiter-5.8.2.jar:/Users/connor/.m2/repository/org/junit/jupiter/junit-jupiter-api/5.8.2/junit-jupiter-api-5.8.2.jar:/Users/connor/.m2/repository/org/opentest4j/opentest4j/1.2.0/opentest4j-1.2.0.jar:/Users/connor/.m2/repository/org/junit/platform/junit-platform-commons/1.8.2/junit-platform-commons-1.8.2.jar:/Users/connor/.m2/repository/org/junit/jupiter/junit-jupiter-params/5.8.2/junit-jupiter-params-5.8.2.jar:/Users/connor/.m2/repository/org/junit/jupiter/junit-jupiter-engine/5.8.2/junit-jupiter-engine-5.8.2.jar:/Users/connor/.m2/repository/org/junit/vintage/junit-vintage-engine/5.8.2/junit-vintage-engine-5.8.2.jar:/Users/connor/.m2/repository/org/junit/platform/junit-platform-engine/1.8.2/junit-platform-engine-1.8.2.jar:/Users/connor/.m2/repository/junit/junit/4.13.2/junit-4.13.2.jar:/Users/connor/.m2/repository/org/apiguardian/apiguardian-api/1.1.2/apiguardian-api-1.1.2.jar:/Users/connor/.m2/repository/org/mockito/mockito-core/5.4.0/mockito-core-5.4.0.jar:/Users/connor/.m2/repository/net/bytebuddy/byte-buddy/1.14.5/byte-buddy-1.14.5.jar:/Users/connor/.m2/repository/net/bytebuddy/byte-buddy-agent/1.14.5/byte-buddy-agent-1.14.5.jar:/Users/connor/.m2/repository/org/objenesis/objenesis/3.3/objenesis-3.3.jar:/Users/connor/.m2/repository/org/mockito/mockito-junit-jupiter/5.4.0/mockito-junit-jupiter-5.4.0.jar:"/>
    <property name="sun.cpu.endian" value="little"/>
    <property name="emissary.node.port" value="8001"/>
    <property name="user.home" value="/Users/connor"/>
    <property name="user.language" value="en"/>
    <property name="git.closest.tag.commit.count" value="0"/>
    <property name="emissary.bin.dir" value="/Users/connor/Projects/work/emissary/target/bin"/>
    <property name="java.specification.vendor" value="Oracle Corporation"/>
    <property name="emissary.config.flavor" value="CLUSTER"/>
    <property name="emissary.node.service.type" value="server"/>
    <property name="java.version.date" value="2022-04-19"/>
    <property name="java.home" value="/Users/connor/.sdkman/candidates/java/17.0.3.fx-zulu/zulu-17.jdk/Contents/Home"/>
    <property name="git.total.commit.count" value="623"/>
    <property name="file.separator" value="/"/>
    <property name="basedir" value="/Users/connor/Projects/work/emissary"/>
    <property name="java.vm.compressedOopsMode" value="Zero based"/>
    <property name="line.separator" value="&#10;"/>
    <property name="emissary.node.name" value="localhost"/>
    <property name="git.build.user.email" value="connor@connortech.me"/>
    <property name="git.commit.committer.time" value="2023-12-04T14:17:17-0500"/>
    <property name="java.vm.specification.vendor" value="Oracle Corporation"/>
    <property name="java.specification.name" value="Java Platform API Specification"/>
    <property name="emissary.node.scheme" value="http"/>
    <property name="java.awt.headless" value="true"/>
    <property name="git.commit.id.full" value="ff82d3005ccb4ef8091d2c5b0fd31b049ef697ab"/>
    <property name="git.closest.tag.name" value="8.0.0-M10"/>
    <property name="git.local.branch.ahead" value="NO_REMOTE"/>
    <property name="git.build.time" value="2023-12-11T19:43:39-0500"/>
    <property name="surefire.real.class.path" value="/Users/connor/Projects/work/emissary/target/surefire/surefirebooter-20231211194348699_11.jar"/>
    <property name="logback.configurationFile" value="/Users/connor/Projects/work/emissary/target/test-classes/logback-test.xml"/>
    <property name="git.commit.message.full" value="[github_actions](jpdahlke) release 8.0.0-M10"/>
    <property name="emissary.config.dir" value="/Users/connor/Projects/work/emissary/target/config"/>
    <property name="sun.management.compiler" value="HotSpot 64-Bit Tiered Compilers"/>
    <property name="ftp.nonProxyHosts" value="local|*.local|169.254/16|*.169.254/16"/>
    <property name="java.runtime.version" value="17.0.3+7-LTS"/>
    <property name="java.net.preferIPv4Stack" value="true"/>
    <property name="user.name" value="connor"/>
    <property name="path.separator" value=":"/>
    <property name="os.version" value="14.1.2"/>
    <property name="java.runtime.name" value="OpenJDK Runtime Environment"/>
    <property name="emissary.output.root" value="/Users/connor/Projects/work/emissary/target/localoutput"/>
    <property name="file.encoding" value="UTF-8"/>
    <property name="git.commit.user.email" value="jpdahlke@users.noreply.github.com"/>
    <property name="java.vm.name" value="OpenJDK 64-Bit Server VM"/>
    <property name="java.vendor.version" value="Zulu17.34+19-CA"/>
    <property name="git.local.branch.behind" value="NO_REMOTE"/>
    <property name="git.dirty" value="true"/>
    <property name="localRepository" value="/Users/connor/.m2/repository"/>
    <property name="java.vendor.url.bug" value="http://www.azul.com/support/"/>
    <property name="java.io.tmpdir" value="/var/folders/c5/1cbn13_j3t150_4w0t6rdtd00000gn/T/"/>
    <property name="java.version" value="17.0.3"/>
    <property name="user.dir" value="/Users/connor/Projects/work/emissary"/>
    <property name="os.arch" value="aarch64"/>
    <property name="git.commit.user.name" value="jpdahlke"/>
    <property name="git.commit.id.abbrev" value="ff82d30"/>
    <property name="java.vm.specification.name" value="Java Virtual Machine Specification"/>
    <property name="git.commit.id.describe-short" value="8.0.0-M10-dirty"/>
    <property name="git.commit.id.describe" value="8.0.0-M10-dirty"/>
    <property name="native.encoding" value="UTF-8"/>
    <property name="java.library.path" value="/Users/connor/Library/Java/Extensions:/Library/Java/Extensions:/Network/Library/Java/Extensions:/System/Library/Java/Extensions:/usr/lib/java:."/>
    <property name="git.commit.message.short" value="[github_actions](jpdahlke) release 8.0.0-M10"/>
    <property name="java.vm.info" value="mixed mode, sharing"/>
    <property name="java.vendor" value="Azul Systems, Inc."/>
    <property name="java.vm.version" value="17.0.3+7-LTS"/>
    <property name="sun.io.unicode.encoding" value="UnicodeBig"/>
    <property name="socksNonProxyHosts" value="local|*.local|169.254/16|*.169.254/16"/>
    <property name="java.class.version" value="61.0"/>
    <property name="git.commit.time" value="2023-12-04T14:17:17-0500"/>
    <property name="git.remote.origin.url" value="git@github.com:cfkoehler/emissary.git"/>
  </properties>
  <testcase name="testDuplicateEntryInMasterClassNamesThrowsIOException" classname="emissary.config.ConfigUtilTest" time="0.011">
    <system-out><![CDATA[2023-12-12 00:43:55,525 [using logback-test.xml]  INFO emissary.command.BaseCommand -   - PROJECT_BASE is set to /Users/connor/Projects/work/emissary/target 
2023-12-12 00:43:55,525 [using logback-test.xml]  INFO emissary.command.BaseCommand -   - Setting emissary.config.dir to /Users/connor/Projects/work/emissary/target/config 
2023-12-12 00:43:55,525 [using logback-test.xml]  INFO emissary.command.BaseCommand -   - Setting emissary.bin.dir to /Users/connor/Projects/work/emissary/target/bin 
2023-12-12 00:43:55,525 [using logback-test.xml]  INFO emissary.command.BaseCommand -   - Setting emissary.output.root to /Users/connor/Projects/work/emissary/target/localoutput 
2023-12-12 00:43:55,525 [using logback-test.xml]  INFO emissary.command.BaseCommand -   - Emissary error dir set to /Users/connor/Projects/work/emissary/target/localerror 
2023-12-12 00:43:55,525 [using logback-test.xml]  INFO emissary.command.BaseCommand -   - Setting emissary.node.name to localhost 
2023-12-12 00:43:55,525 [using logback-test.xml]  INFO emissary.command.BaseCommand -   - Setting emissary.node.port to 8001 
2023-12-12 00:43:55,525 [using logback-test.xml]  INFO emissary.command.BaseCommand -   - Setting emissary.node.scheme to http 
2023-12-12 00:43:55,525 [using logback-test.xml]  WARN emissary.command.BaseCommand -   - Not using /Users/connor/Projects/work/emissary/target/config/logback.xml, staying with test config file:/Users/connor/Projects/work/emissary/target/test-classes/logback-test.xml
2023-12-12 00:43:55,527 [using logback-test.xml]  INFO emissary.command.BaseCommand -   - Overriding current emissary.config.flavor null to CLUSTER 
2023-12-12 00:43:55,527 [using logback-test.xml]  INFO emissary.command.BaseCommand -   - PROJECT_BASE is set to /Users/connor/Projects/work/emissary/target 
2023-12-12 00:43:55,527 [using logback-test.xml]  INFO emissary.command.BaseCommand -   - Setting emissary.config.dir to /Users/connor/Projects/work/emissary/target/config 
2023-12-12 00:43:55,527 [using logback-test.xml]  INFO emissary.command.BaseCommand -   - Setting emissary.bin.dir to /Users/connor/Projects/work/emissary/target/bin 
2023-12-12 00:43:55,527 [using logback-test.xml]  INFO emissary.command.BaseCommand -   - Setting emissary.output.root to /Users/connor/Projects/work/emissary/target/localoutput 
2023-12-12 00:43:55,527 [using logback-test.xml]  INFO emissary.command.BaseCommand -   - Emissary error dir set to /Users/connor/Projects/work/emissary/target/localerror 
2023-12-12 00:43:55,527 [using logback-test.xml]  INFO emissary.command.BaseCommand -   - Setting emissary.config.flavor to CLUSTER 
2023-12-12 00:43:55,527 [using logback-test.xml]  INFO emissary.command.BaseCommand -   - Setting emissary.node.name to localhost 
2023-12-12 00:43:55,527 [using logback-test.xml]  INFO emissary.command.BaseCommand -   - Setting emissary.node.port to 8001 
2023-12-12 00:43:55,527 [using logback-test.xml]  INFO emissary.command.BaseCommand -   - Setting emissary.node.scheme to http 
2023-12-12 00:43:55,527 [using logback-test.xml]  WARN emissary.command.BaseCommand -   - Not using /Users/connor/Projects/work/emissary/target/config/logback.xml, staying with test config file:/Users/connor/Projects/work/emissary/target/test-classes/logback-test.xml
2023-12-12 00:43:55,528 [using logback-test.xml]  INFO emissary.command.BaseCommand -   - Overriding current emissary.config.flavor CLUSTER to CLUSTER 
2023-12-12 00:43:55,529 [using logback-test.xml] DEBUG emissary.config.ConfigUtil -   - Configured configDirProperty /Users/connor/Projects/work/emissary/target/config/cfg1ABCDE,/Users/connor/Projects/work/emissary/target/config/cfg2ABCDE
2023-12-12 00:43:55,530 [using logback-test.xml] DEBUG emissary.config.ConfigUtil -   - Reading MasterClassNames from /Users/connor/Projects/work/emissary/target/config/cfg1ABCDE/emissary.admin.MasterClassNames.cfg
2023-12-12 00:43:55,530 [using logback-test.xml] DEBUG emissary.config.ConfigUtil -   - Reading MasterClassNames from /Users/connor/Projects/work/emissary/target/config/cfg2ABCDE/emissary.admin.MasterClassNames-hasdups.cfg
2023-12-12 00:43:55,530 [using logback-test.xml] ERROR emissary.config.ConfigUtil -   - Tried to overwrite existing key from MasterClassNames:DevNullPlace in /Users/connor/Projects/work/emissary/target/config/cfg2ABCDE/emissary.admin.MasterClassNames-hasdups.cfg
2023-12-12 00:43:55,530 [using logback-test.xml] DEBUG emissary.config.ConfigUtil -   - Configured configDirProperty /Users/connor/Projects/work/emissary/target/config
2023-12-12 00:43:55,530 [using logback-test.xml] DEBUG emissary.config.ConfigUtil -   - Configured configDirProperty /Users/connor/Projects/work/emissary/target/config
2023-12-12 00:43:55,538 [using logback-test.xml] DEBUG emissary.config.ConfigUtil -   - Configured configDirProperty /Users/connor/Projects/work/emissary/target/config
2023-12-12 00:43:55,538 [using logback-test.xml] DEBUG emissary.config.ConfigUtil -   - Configured configDirProperty /Users/connor/Projects/work/emissary/target/config
]]></system-out>
  </testcase>
  <testcase name="testMultipleConfigDirs" classname="emissary.config.ConfigUtilTest" time="0.004">
    <system-out><![CDATA[2023-12-12 00:43:55,541 [using logback-test.xml]  INFO emissary.command.BaseCommand -   - PROJECT_BASE is set to /Users/connor/Projects/work/emissary/target 
2023-12-12 00:43:55,541 [using logback-test.xml]  INFO emissary.command.BaseCommand -   - Setting emissary.config.dir to /Users/connor/Projects/work/emissary/target/config 
2023-12-12 00:43:55,541 [using logback-test.xml]  INFO emissary.command.BaseCommand -   - Setting emissary.bin.dir to /Users/connor/Projects/work/emissary/target/bin 
2023-12-12 00:43:55,541 [using logback-test.xml]  INFO emissary.command.BaseCommand -   - Setting emissary.output.root to /Users/connor/Projects/work/emissary/target/localoutput 
2023-12-12 00:43:55,541 [using logback-test.xml]  INFO emissary.command.BaseCommand -   - Emissary error dir set to /Users/connor/Projects/work/emissary/target/localerror 
2023-12-12 00:43:55,541 [using logback-test.xml]  INFO emissary.command.BaseCommand -   - Setting emissary.node.name to localhost 
2023-12-12 00:43:55,541 [using logback-test.xml]  INFO emissary.command.BaseCommand -   - Setting emissary.node.port to 8001 
2023-12-12 00:43:55,541 [using logback-test.xml]  INFO emissary.command.BaseCommand -   - Setting emissary.node.scheme to http 
2023-12-12 00:43:55,541 [using logback-test.xml]  WARN emissary.command.BaseCommand -   - Not using /Users/connor/Projects/work/emissary/target/config/logback.xml, staying with test config file:/Users/connor/Projects/work/emissary/target/test-classes/logback-test.xml
2023-12-12 00:43:55,542 [using logback-test.xml]  INFO emissary.command.BaseCommand -   - Overriding current emissary.config.flavor null to CLUSTER 
2023-12-12 00:43:55,542 [using logback-test.xml]  INFO emissary.command.BaseCommand -   - PROJECT_BASE is set to /Users/connor/Projects/work/emissary/target 
2023-12-12 00:43:55,542 [using logback-test.xml]  INFO emissary.command.BaseCommand -   - Setting emissary.config.dir to /Users/connor/Projects/work/emissary/target/config 
2023-12-12 00:43:55,542 [using logback-test.xml]  INFO emissary.command.BaseCommand -   - Setting emissary.bin.dir to /Users/connor/Projects/work/emissary/target/bin 
2023-12-12 00:43:55,542 [using logback-test.xml]  INFO emissary.command.BaseCommand -   - Setting emissary.output.root to /Users/connor/Projects/work/emissary/target/localoutput 
2023-12-12 00:43:55,542 [using logback-test.xml]  INFO emissary.command.BaseCommand -   - Emissary error dir set to /Users/connor/Projects/work/emissary/target/localerror 
2023-12-12 00:43:55,542 [using logback-test.xml]  INFO emissary.command.BaseCommand -   - Setting emissary.config.flavor to CLUSTER 
2023-12-12 00:43:55,542 [using logback-test.xml]  INFO emissary.command.BaseCommand -   - Setting emissary.node.name to localhost 
2023-12-12 00:43:55,542 [using logback-test.xml]  INFO emissary.command.BaseCommand -   - Setting emissary.node.port to 8001 
2023-12-12 00:43:55,542 [using logback-test.xml]  INFO emissary.command.BaseCommand -   - Setting emissary.node.scheme to http 
2023-12-12 00:43:55,542 [using logback-test.xml]  WARN emissary.command.BaseCommand -   - Not using /Users/connor/Projects/work/emissary/target/config/logback.xml, staying with test config file:/Users/connor/Projects/work/emissary/target/test-classes/logback-test.xml
2023-12-12 00:43:55,543 [using logback-test.xml]  INFO emissary.command.BaseCommand -   - Overriding current emissary.config.flavor CLUSTER to CLUSTER 
2023-12-12 00:43:55,544 [using logback-test.xml] DEBUG emissary.config.ConfigUtil -   - Configured configDirProperty /Users/connor/Projects/work/emissary/target/config/config1,/Users/connor/Projects/work/emissary/target/config/config2
2023-12-12 00:43:55,544 [using logback-test.xml] DEBUG emissary.config.ConfigUtil -   - Loading config for (string) emissary.chunky.Monkey.cfg
2023-12-12 00:43:55,545 [using logback-test.xml] DEBUG emissary.config.ConfigUtil -   - Found config data as file /Users/connor/Projects/work/emissary/target/config/config1/emissary.chunky.Monkey.cfg
2023-12-12 00:43:55,545 [using logback-test.xml] DEBUG emissary.config.ConfigUtil -   - Attempting flavor merge on emissary.chunky.Monkey-CLUSTER.cfg
2023-12-12 00:43:55,545 [using logback-test.xml] DEBUG emissary.config.ConfigUtil -   - Loading config for (string) emissary.chunky.Monkey-CLUSTER.cfg
2023-12-12 00:43:55,545 [using logback-test.xml] DEBUG emissary.config.ConfigUtil -   - No file found in any of the configured directories: emissary.chunky.Monkey-CLUSTER.cfg
2023-12-12 00:43:55,545 [using logback-test.xml] DEBUG emissary.config.ConfigUtil -   - No file config found using new style emissary.chunky.Monkey-CLUSTER.cfg
2023-12-12 00:43:55,545 [using logback-test.xml] DEBUG emissary.config.ConfigUtil -   - No config data as resource for emissary/chunky/Monkey-CLUSTER.cfg
2023-12-12 00:43:55,545 [using logback-test.xml] DEBUG emissary.config.ConfigUtil -   - No file found in any of the configured directories: Monkey-CLUSTER.cfg
2023-12-12 00:43:55,545 [using logback-test.xml] DEBUG emissary.config.ConfigUtil -   - No file config found using old style Monkey-CLUSTER.cfg
2023-12-12 00:43:55,545 [using logback-test.xml] DEBUG emissary.config.ConfigUtil -   - Unable to opt import flavor config emissary.chunky.Monkey-CLUSTER.cfg
2023-12-12 00:43:55,545 [using logback-test.xml] DEBUG emissary.config.ConfigUtil -   - Loading config for (string) emissary.chunky.Panda.cfg
2023-12-12 00:43:55,545 [using logback-test.xml] DEBUG emissary.config.ConfigUtil -   - Found config data as file /Users/connor/Projects/work/emissary/target/config/config2/emissary.chunky.Panda.cfg
2023-12-12 00:43:55,545 [using logback-test.xml] DEBUG emissary.config.ConfigUtil -   - Attempting flavor merge on emissary.chunky.Panda-CLUSTER.cfg
2023-12-12 00:43:55,545 [using logback-test.xml] DEBUG emissary.config.ConfigUtil -   - Loading config for (string) emissary.chunky.Panda-CLUSTER.cfg
2023-12-12 00:43:55,545 [using logback-test.xml] DEBUG emissary.config.ConfigUtil -   - No file found in any of the configured directories: emissary.chunky.Panda-CLUSTER.cfg
2023-12-12 00:43:55,545 [using logback-test.xml] DEBUG emissary.config.ConfigUtil -   - No file config found using new style emissary.chunky.Panda-CLUSTER.cfg
2023-12-12 00:43:55,545 [using logback-test.xml] DEBUG emissary.config.ConfigUtil -   - No config data as resource for emissary/chunky/Panda-CLUSTER.cfg
2023-12-12 00:43:55,545 [using logback-test.xml] DEBUG emissary.config.ConfigUtil -   - No file found in any of the configured directories: Panda-CLUSTER.cfg
2023-12-12 00:43:55,545 [using logback-test.xml] DEBUG emissary.config.ConfigUtil -   - No file config found using old style Panda-CLUSTER.cfg
2023-12-12 00:43:55,545 [using logback-test.xml] DEBUG emissary.config.ConfigUtil -   - Unable to opt import flavor config emissary.chunky.Panda-CLUSTER.cfg
2023-12-12 00:43:55,545 [using logback-test.xml] DEBUG emissary.config.ConfigUtil -   - Configured configDirProperty /Users/connor/Projects/work/emissary/target/config
2023-12-12 00:43:55,545 [using logback-test.xml] DEBUG emissary.config.ConfigUtil -   - Configured configDirProperty /Users/connor/Projects/work/emissary/target/config
2023-12-12 00:43:55,547 [using logback-test.xml] DEBUG emissary.config.ConfigUtil -   - Configured configDirProperty /Users/connor/Projects/work/emissary/target/config
2023-12-12 00:43:55,547 [using logback-test.xml] DEBUG emissary.config.ConfigUtil -   - Configured configDirProperty /Users/connor/Projects/work/emissary/target/config
]]></system-out>
  </testcase>
  <testcase name="testEmptyFlavorNaming" classname="emissary.config.ConfigUtilTest" time="0.004">
    <system-out><![CDATA[2023-12-12 00:43:55,550 [using logback-test.xml]  INFO emissary.command.BaseCommand -   - PROJECT_BASE is set to /Users/connor/Projects/work/emissary/target 
2023-12-12 00:43:55,550 [using logback-test.xml]  INFO emissary.command.BaseCommand -   - Setting emissary.config.dir to /Users/connor/Projects/work/emissary/target/config 
2023-12-12 00:43:55,550 [using logback-test.xml]  INFO emissary.command.BaseCommand -   - Setting emissary.bin.dir to /Users/connor/Projects/work/emissary/target/bin 
2023-12-12 00:43:55,550 [using logback-test.xml]  INFO emissary.command.BaseCommand -   - Setting emissary.output.root to /Users/connor/Projects/work/emissary/target/localoutput 
2023-12-12 00:43:55,550 [using logback-test.xml]  INFO emissary.command.BaseCommand -   - Emissary error dir set to /Users/connor/Projects/work/emissary/target/localerror 
2023-12-12 00:43:55,550 [using logback-test.xml]  INFO emissary.command.BaseCommand -   - Setting emissary.node.name to localhost 
2023-12-12 00:43:55,550 [using logback-test.xml]  INFO emissary.command.BaseCommand -   - Setting emissary.node.port to 8001 
2023-12-12 00:43:55,550 [using logback-test.xml]  INFO emissary.command.BaseCommand -   - Setting emissary.node.scheme to http 
2023-12-12 00:43:55,550 [using logback-test.xml]  WARN emissary.command.BaseCommand -   - Not using /Users/connor/Projects/work/emissary/target/config/logback.xml, staying with test config file:/Users/connor/Projects/work/emissary/target/test-classes/logback-test.xml
2023-12-12 00:43:55,552 [using logback-test.xml]  INFO emissary.command.BaseCommand -   - Overriding current emissary.config.flavor null to CLUSTER 
2023-12-12 00:43:55,552 [using logback-test.xml]  INFO emissary.command.BaseCommand -   - PROJECT_BASE is set to /Users/connor/Projects/work/emissary/target 
2023-12-12 00:43:55,552 [using logback-test.xml]  INFO emissary.command.BaseCommand -   - Setting emissary.config.dir to /Users/connor/Projects/work/emissary/target/config 
2023-12-12 00:43:55,552 [using logback-test.xml]  INFO emissary.command.BaseCommand -   - Setting emissary.bin.dir to /Users/connor/Projects/work/emissary/target/bin 
2023-12-12 00:43:55,552 [using logback-test.xml]  INFO emissary.command.BaseCommand -   - Setting emissary.output.root to /Users/connor/Projects/work/emissary/target/localoutput 
2023-12-12 00:43:55,552 [using logback-test.xml]  INFO emissary.command.BaseCommand -   - Emissary error dir set to /Users/connor/Projects/work/emissary/target/localerror 
2023-12-12 00:43:55,552 [using logback-test.xml]  INFO emissary.command.BaseCommand -   - Setting emissary.config.flavor to CLUSTER 
2023-12-12 00:43:55,552 [using logback-test.xml]  INFO emissary.command.BaseCommand -   - Setting emissary.node.name to localhost 
2023-12-12 00:43:55,552 [using logback-test.xml]  INFO emissary.command.BaseCommand -   - Setting emissary.node.port to 8001 
2023-12-12 00:43:55,552 [using logback-test.xml]  INFO emissary.command.BaseCommand -   - Setting emissary.node.scheme to http 
2023-12-12 00:43:55,552 [using logback-test.xml]  WARN emissary.command.BaseCommand -   - Not using /Users/connor/Projects/work/emissary/target/config/logback.xml, staying with test config file:/Users/connor/Projects/work/emissary/target/test-classes/logback-test.xml
2023-12-12 00:43:55,553 [using logback-test.xml]  INFO emissary.command.BaseCommand -   - Overriding current emissary.config.flavor CLUSTER to CLUSTER 
2023-12-12 00:43:55,553 [using logback-test.xml] DEBUG emissary.config.ConfigUtil -   - Configured configDirProperty /Users/connor/Projects/work/emissary/target/config
2023-12-12 00:43:55,553 [using logback-test.xml] DEBUG emissary.config.ConfigUtil -   - Configured configDirProperty /Users/connor/Projects/work/emissary/target/config
2023-12-12 00:43:55,554 [using logback-test.xml] DEBUG emissary.config.ConfigUtil -   - Configured configDirProperty /Users/connor/Projects/work/emissary/target/config
2023-12-12 00:43:55,554 [using logback-test.xml] DEBUG emissary.config.ConfigUtil -   - Configured configDirProperty /Users/connor/Projects/work/emissary/target/config
]]></system-out>
  </testcase>
  <testcase name="testMultipleMasterClassNamesMultipleDirs" classname="emissary.config.ConfigUtilTest" time="0.005">
    <system-out><![CDATA[2023-12-12 00:43:55,559 [using logback-test.xml]  INFO emissary.command.BaseCommand -   - PROJECT_BASE is set to /Users/connor/Projects/work/emissary/target 
2023-12-12 00:43:55,559 [using logback-test.xml]  INFO emissary.command.BaseCommand -   - Setting emissary.config.dir to /Users/connor/Projects/work/emissary/target/config 
2023-12-12 00:43:55,559 [using logback-test.xml]  INFO emissary.command.BaseCommand -   - Setting emissary.bin.dir to /Users/connor/Projects/work/emissary/target/bin 
2023-12-12 00:43:55,559 [using logback-test.xml]  INFO emissary.command.BaseCommand -   - Setting emissary.output.root to /Users/connor/Projects/work/emissary/target/localoutput 
2023-12-12 00:43:55,559 [using logback-test.xml]  INFO emissary.command.BaseCommand -   - Emissary error dir set to /Users/connor/Projects/work/emissary/target/localerror 
2023-12-12 00:43:55,559 [using logback-test.xml]  INFO emissary.command.BaseCommand -   - Setting emissary.node.name to localhost 
2023-12-12 00:43:55,559 [using logback-test.xml]  INFO emissary.command.BaseCommand -   - Setting emissary.node.port to 8001 
2023-12-12 00:43:55,559 [using logback-test.xml]  INFO emissary.command.BaseCommand -   - Setting emissary.node.scheme to http 
2023-12-12 00:43:55,559 [using logback-test.xml]  WARN emissary.command.BaseCommand -   - Not using /Users/connor/Projects/work/emissary/target/config/logback.xml, staying with test config file:/Users/connor/Projects/work/emissary/target/test-classes/logback-test.xml
2023-12-12 00:43:55,561 [using logback-test.xml]  INFO emissary.command.BaseCommand -   - Overriding current emissary.config.flavor null to CLUSTER 
2023-12-12 00:43:55,561 [using logback-test.xml]  INFO emissary.command.BaseCommand -   - PROJECT_BASE is set to /Users/connor/Projects/work/emissary/target 
2023-12-12 00:43:55,561 [using logback-test.xml]  INFO emissary.command.BaseCommand -   - Setting emissary.config.dir to /Users/connor/Projects/work/emissary/target/config 
2023-12-12 00:43:55,561 [using logback-test.xml]  INFO emissary.command.BaseCommand -   - Setting emissary.bin.dir to /Users/connor/Projects/work/emissary/target/bin 
2023-12-12 00:43:55,561 [using logback-test.xml]  INFO emissary.command.BaseCommand -   - Setting emissary.output.root to /Users/connor/Projects/work/emissary/target/localoutput 
2023-12-12 00:43:55,561 [using logback-test.xml]  INFO emissary.command.BaseCommand -   - Emissary error dir set to /Users/connor/Projects/work/emissary/target/localerror 
2023-12-12 00:43:55,561 [using logback-test.xml]  INFO emissary.command.BaseCommand -   - Setting emissary.config.flavor to CLUSTER 
2023-12-12 00:43:55,561 [using logback-test.xml]  INFO emissary.command.BaseCommand -   - Setting emissary.node.name to localhost 
2023-12-12 00:43:55,561 [using logback-test.xml]  INFO emissary.command.BaseCommand -   - Setting emissary.node.port to 8001 
2023-12-12 00:43:55,561 [using logback-test.xml]  INFO emissary.command.BaseCommand -   - Setting emissary.node.scheme to http 
2023-12-12 00:43:55,561 [using logback-test.xml]  WARN emissary.command.BaseCommand -   - Not using /Users/connor/Projects/work/emissary/target/config/logback.xml, staying with test config file:/Users/connor/Projects/work/emissary/target/test-classes/logback-test.xml
2023-12-12 00:43:55,562 [using logback-test.xml]  INFO emissary.command.BaseCommand -   - Overriding current emissary.config.flavor CLUSTER to CLUSTER 
2023-12-12 00:43:55,563 [using logback-test.xml] DEBUG emissary.config.ConfigUtil -   - Configured configDirProperty /Users/connor/Projects/work/emissary/target/config/cfg1ABCD,/Users/connor/Projects/work/emissary/target/config/cfg2ABCD,/Users/connor/Projects/work/emissary/target/config/cfg3ABCD
2023-12-12 00:43:55,564 [using logback-test.xml] DEBUG emissary.config.ConfigUtil -   - Reading MasterClassNames from /Users/connor/Projects/work/emissary/target/config/cfg1ABCD/emissary.admin.MasterClassNames-sames.cfg
2023-12-12 00:43:55,564 [using logback-test.xml] DEBUG emissary.config.ConfigUtil -   - Reading MasterClassNames from /Users/connor/Projects/work/emissary/target/config/cfg2ABCD/emissary.admin.MasterClassNames-sames-two.cfg
2023-12-12 00:43:55,564 [using logback-test.xml]  WARN emissary.config.ConfigUtil -   - Filename emissary.admin.MasterClassNames-sames-two.cfg had multiple - characters, using the last to determin the flavor
2023-12-12 00:43:55,564 [using logback-test.xml] DEBUG emissary.config.ConfigUtil -   - Reading MasterClassNames from /Users/connor/Projects/work/emissary/target/config/cfg2ABCD/emissary.admin.MasterClassNames-sames.cfg
2023-12-12 00:43:55,564 [using logback-test.xml] DEBUG emissary.config.ConfigUtil -   - Reading MasterClassNames from /Users/connor/Projects/work/emissary/target/config/cfg3ABCD/emissary.admin.MasterClassNames-three.cfg
2023-12-12 00:43:55,564 [using logback-test.xml] DEBUG emissary.config.ConfigUtil -   - Configured configDirProperty /Users/connor/Projects/work/emissary/target/config
2023-12-12 00:43:55,564 [using logback-test.xml] DEBUG emissary.config.ConfigUtil -   - Configured configDirProperty /Users/connor/Projects/work/emissary/target/config
2023-12-12 00:43:55,566 [using logback-test.xml] DEBUG emissary.config.ConfigUtil -   - Configured configDirProperty /Users/connor/Projects/work/emissary/target/config
2023-12-12 00:43:55,566 [using logback-test.xml] DEBUG emissary.config.ConfigUtil -   - Configured configDirProperty /Users/connor/Projects/work/emissary/target/config
]]></system-out>
  </testcase>
  <testcase name="testOldMasterClassNamesFileExistsButIsIgnored" classname="emissary.config.ConfigUtilTest" time="0.007">
    <system-out><![CDATA[2023-12-12 00:43:55,569 [using logback-test.xml]  INFO emissary.command.BaseCommand -   - PROJECT_BASE is set to /Users/connor/Projects/work/emissary/target 
2023-12-12 00:43:55,569 [using logback-test.xml]  INFO emissary.command.BaseCommand -   - Setting emissary.config.dir to /Users/connor/Projects/work/emissary/target/config 
2023-12-12 00:43:55,569 [using logback-test.xml]  INFO emissary.command.BaseCommand -   - Setting emissary.bin.dir to /Users/connor/Projects/work/emissary/target/bin 
2023-12-12 00:43:55,569 [using logback-test.xml]  INFO emissary.command.BaseCommand -   - Setting emissary.output.root to /Users/connor/Projects/work/emissary/target/localoutput 
2023-12-12 00:43:55,569 [using logback-test.xml]  INFO emissary.command.BaseCommand -   - Emissary error dir set to /Users/connor/Projects/work/emissary/target/localerror 
2023-12-12 00:43:55,569 [using logback-test.xml]  INFO emissary.command.BaseCommand -   - Setting emissary.node.name to localhost 
2023-12-12 00:43:55,569 [using logback-test.xml]  INFO emissary.command.BaseCommand -   - Setting emissary.node.port to 8001 
2023-12-12 00:43:55,569 [using logback-test.xml]  INFO emissary.command.BaseCommand -   - Setting emissary.node.scheme to http 
2023-12-12 00:43:55,569 [using logback-test.xml]  WARN emissary.command.BaseCommand -   - Not using /Users/connor/Projects/work/emissary/target/config/logback.xml, staying with test config file:/Users/connor/Projects/work/emissary/target/test-classes/logback-test.xml
2023-12-12 00:43:55,570 [using logback-test.xml]  INFO emissary.command.BaseCommand -   - Overriding current emissary.config.flavor null to CLUSTER 
2023-12-12 00:43:55,571 [using logback-test.xml]  INFO emissary.command.BaseCommand -   - PROJECT_BASE is set to /Users/connor/Projects/work/emissary/target 
2023-12-12 00:43:55,571 [using logback-test.xml]  INFO emissary.command.BaseCommand -   - Setting emissary.config.dir to /Users/connor/Projects/work/emissary/target/config 
2023-12-12 00:43:55,571 [using logback-test.xml]  INFO emissary.command.BaseCommand -   - Setting emissary.bin.dir to /Users/connor/Projects/work/emissary/target/bin 
2023-12-12 00:43:55,571 [using logback-test.xml]  INFO emissary.command.BaseCommand -   - Setting emissary.output.root to /Users/connor/Projects/work/emissary/target/localoutput 
2023-12-12 00:43:55,571 [using logback-test.xml]  INFO emissary.command.BaseCommand -   - Emissary error dir set to /Users/connor/Projects/work/emissary/target/localerror 
2023-12-12 00:43:55,571 [using logback-test.xml]  INFO emissary.command.BaseCommand -   - Setting emissary.config.flavor to CLUSTER 
2023-12-12 00:43:55,571 [using logback-test.xml]  INFO emissary.command.BaseCommand -   - Setting emissary.node.name to localhost 
2023-12-12 00:43:55,571 [using logback-test.xml]  INFO emissary.command.BaseCommand -   - Setting emissary.node.port to 8001 
2023-12-12 00:43:55,571 [using logback-test.xml]  INFO emissary.command.BaseCommand -   - Setting emissary.node.scheme to http 
2023-12-12 00:43:55,571 [using logback-test.xml]  WARN emissary.command.BaseCommand -   - Not using /Users/connor/Projects/work/emissary/target/config/logback.xml, staying with test config file:/Users/connor/Projects/work/emissary/target/test-classes/logback-test.xml
2023-12-12 00:43:55,572 [using logback-test.xml]  INFO emissary.command.BaseCommand -   - Overriding current emissary.config.flavor CLUSTER to CLUSTER 
2023-12-12 00:43:55,573 [using logback-test.xml] DEBUG emissary.config.ConfigUtil -   - Configured configDirProperty /Users/connor/Projects/work/emissary/target/config/folder_with_old_cfg_file_name
2023-12-12 00:43:55,574 [using logback-test.xml] DEBUG emissary.config.ConfigUtil -   - Configured configDirProperty /Users/connor/Projects/work/emissary/target/config/folder_with_old_cfg_file_name
2023-12-12 00:43:55,575 [using logback-test.xml] DEBUG emissary.config.ConfigUtil -   - Configured configDirProperty /Users/connor/Projects/work/emissary/target/config/folder_with_old_cfg_file_name
2023-12-12 00:43:55,575 [using logback-test.xml]  WARN emissary.config.ConfigUtil -   - Directory configured but didn't exist: /Users/connor/Projects/work/emissary/target/config/folder_with_old_cfg_file_name
2023-12-12 00:43:55,575 [using logback-test.xml] DEBUG emissary.config.ConfigUtil -   - Configured configDirProperty /Users/connor/Projects/work/emissary/target/config/folder_with_old_cfg_file_name
2023-12-12 00:43:55,575 [using logback-test.xml]  WARN emissary.config.ConfigUtil -   - Directory configured but didn't exist: /Users/connor/Projects/work/emissary/target/config/folder_with_old_cfg_file_name
]]></system-out>
  </testcase>
  <testcase name="testMasterClassNamesOneFile" classname="emissary.config.ConfigUtilTest" time="0.004">
    <system-out><![CDATA[2023-12-12 00:43:55,581 [using logback-test.xml]  INFO emissary.command.BaseCommand -   - PROJECT_BASE is set to /Users/connor/Projects/work/emissary/target 
2023-12-12 00:43:55,581 [using logback-test.xml]  INFO emissary.command.BaseCommand -   - Setting emissary.config.dir to /Users/connor/Projects/work/emissary/target/config 
2023-12-12 00:43:55,581 [using logback-test.xml]  INFO emissary.command.BaseCommand -   - Setting emissary.bin.dir to /Users/connor/Projects/work/emissary/target/bin 
2023-12-12 00:43:55,581 [using logback-test.xml]  INFO emissary.command.BaseCommand -   - Setting emissary.output.root to /Users/connor/Projects/work/emissary/target/localoutput 
2023-12-12 00:43:55,581 [using logback-test.xml]  INFO emissary.command.BaseCommand -   - Emissary error dir set to /Users/connor/Projects/work/emissary/target/localerror 
2023-12-12 00:43:55,581 [using logback-test.xml]  INFO emissary.command.BaseCommand -   - Setting emissary.node.name to localhost 
2023-12-12 00:43:55,581 [using logback-test.xml]  INFO emissary.command.BaseCommand -   - Setting emissary.node.port to 8001 
2023-12-12 00:43:55,581 [using logback-test.xml]  INFO emissary.command.BaseCommand -   - Setting emissary.node.scheme to http 
2023-12-12 00:43:55,581 [using logback-test.xml]  WARN emissary.command.BaseCommand -   - Not using /Users/connor/Projects/work/emissary/target/config/logback.xml, staying with test config file:/Users/connor/Projects/work/emissary/target/test-classes/logback-test.xml
2023-12-12 00:43:55,583 [using logback-test.xml]  INFO emissary.command.BaseCommand -   - Overriding current emissary.config.flavor null to CLUSTER 
2023-12-12 00:43:55,583 [using logback-test.xml]  INFO emissary.command.BaseCommand -   - PROJECT_BASE is set to /Users/connor/Projects/work/emissary/target 
2023-12-12 00:43:55,583 [using logback-test.xml]  INFO emissary.command.BaseCommand -   - Setting emissary.config.dir to /Users/connor/Projects/work/emissary/target/config 
2023-12-12 00:43:55,583 [using logback-test.xml]  INFO emissary.command.BaseCommand -   - Setting emissary.bin.dir to /Users/connor/Projects/work/emissary/target/bin 
2023-12-12 00:43:55,583 [using logback-test.xml]  INFO emissary.command.BaseCommand -   - Setting emissary.output.root to /Users/connor/Projects/work/emissary/target/localoutput 
2023-12-12 00:43:55,583 [using logback-test.xml]  INFO emissary.command.BaseCommand -   - Emissary error dir set to /Users/connor/Projects/work/emissary/target/localerror 
2023-12-12 00:43:55,583 [using logback-test.xml]  INFO emissary.command.BaseCommand -   - Setting emissary.config.flavor to CLUSTER 
2023-12-12 00:43:55,583 [using logback-test.xml]  INFO emissary.command.BaseCommand -   - Setting emissary.node.name to localhost 
2023-12-12 00:43:55,583 [using logback-test.xml]  INFO emissary.command.BaseCommand -   - Setting emissary.node.port to 8001 
2023-12-12 00:43:55,583 [using logback-test.xml]  INFO emissary.command.BaseCommand -   - Setting emissary.node.scheme to http 
2023-12-12 00:43:55,583 [using logback-test.xml]  WARN emissary.command.BaseCommand -   - Not using /Users/connor/Projects/work/emissary/target/config/logback.xml, staying with test config file:/Users/connor/Projects/work/emissary/target/test-classes/logback-test.xml
2023-12-12 00:43:55,584 [using logback-test.xml]  INFO emissary.command.BaseCommand -   - Overriding current emissary.config.flavor CLUSTER to CLUSTER 
2023-12-12 00:43:55,584 [using logback-test.xml] DEBUG emissary.config.ConfigUtil -   - Configured configDirProperty /Users/connor/Projects/work/emissary/target/config
2023-12-12 00:43:55,585 [using logback-test.xml] DEBUG emissary.config.ConfigUtil -   - Reading MasterClassNames from /Users/connor/Projects/work/emissary/target/config/emissary.admin.MasterClassNames.cfg
2023-12-12 00:43:55,586 [using logback-test.xml] DEBUG emissary.config.ConfigUtil -   - Configured configDirProperty /Users/connor/Projects/work/emissary/target/config
2023-12-12 00:43:55,587 [using logback-test.xml] DEBUG emissary.config.ConfigUtil -   - Configured configDirProperty /Users/connor/Projects/work/emissary/target/config
2023-12-12 00:43:55,587 [using logback-test.xml] DEBUG emissary.config.ConfigUtil -   - Configured configDirProperty /Users/connor/Projects/work/emissary/target/config
]]></system-out>
  </testcase>
  <testcase name="testMissingConfigInfo" classname="emissary.config.ConfigUtilTest" time="0.005">
    <system-out><![CDATA[2023-12-12 00:43:55,591 [using logback-test.xml]  INFO emissary.command.BaseCommand -   - PROJECT_BASE is set to /Users/connor/Projects/work/emissary/target 
2023-12-12 00:43:55,591 [using logback-test.xml]  INFO emissary.command.BaseCommand -   - Setting emissary.config.dir to /Users/connor/Projects/work/emissary/target/config 
2023-12-12 00:43:55,591 [using logback-test.xml]  INFO emissary.command.BaseCommand -   - Setting emissary.bin.dir to /Users/connor/Projects/work/emissary/target/bin 
2023-12-12 00:43:55,591 [using logback-test.xml]  INFO emissary.command.BaseCommand -   - Setting emissary.output.root to /Users/connor/Projects/work/emissary/target/localoutput 
2023-12-12 00:43:55,591 [using logback-test.xml]  INFO emissary.command.BaseCommand -   - Emissary error dir set to /Users/connor/Projects/work/emissary/target/localerror 
2023-12-12 00:43:55,591 [using logback-test.xml]  INFO emissary.command.BaseCommand -   - Setting emissary.node.name to localhost 
2023-12-12 00:43:55,591 [using logback-test.xml]  INFO emissary.command.BaseCommand -   - Setting emissary.node.port to 8001 
2023-12-12 00:43:55,591 [using logback-test.xml]  INFO emissary.command.BaseCommand -   - Setting emissary.node.scheme to http 
2023-12-12 00:43:55,591 [using logback-test.xml]  WARN emissary.command.BaseCommand -   - Not using /Users/connor/Projects/work/emissary/target/config/logback.xml, staying with test config file:/Users/connor/Projects/work/emissary/target/test-classes/logback-test.xml
2023-12-12 00:43:55,593 [using logback-test.xml]  INFO emissary.command.BaseCommand -   - Overriding current emissary.config.flavor null to CLUSTER 
2023-12-12 00:43:55,593 [using logback-test.xml]  INFO emissary.command.BaseCommand -   - PROJECT_BASE is set to /Users/connor/Projects/work/emissary/target 
2023-12-12 00:43:55,593 [using logback-test.xml]  INFO emissary.command.BaseCommand -   - Setting emissary.config.dir to /Users/connor/Projects/work/emissary/target/config 
2023-12-12 00:43:55,593 [using logback-test.xml]  INFO emissary.command.BaseCommand -   - Setting emissary.bin.dir to /Users/connor/Projects/work/emissary/target/bin 
2023-12-12 00:43:55,593 [using logback-test.xml]  INFO emissary.command.BaseCommand -   - Setting emissary.output.root to /Users/connor/Projects/work/emissary/target/localoutput 
2023-12-12 00:43:55,593 [using logback-test.xml]  INFO emissary.command.BaseCommand -   - Emissary error dir set to /Users/connor/Projects/work/emissary/target/localerror 
2023-12-12 00:43:55,593 [using logback-test.xml]  INFO emissary.command.BaseCommand -   - Setting emissary.config.flavor to CLUSTER 
2023-12-12 00:43:55,593 [using logback-test.xml]  INFO emissary.command.BaseCommand -   - Setting emissary.node.name to localhost 
2023-12-12 00:43:55,593 [using logback-test.xml]  INFO emissary.command.BaseCommand -   - Setting emissary.node.port to 8001 
2023-12-12 00:43:55,593 [using logback-test.xml]  INFO emissary.command.BaseCommand -   - Setting emissary.node.scheme to http 
2023-12-12 00:43:55,593 [using logback-test.xml]  WARN emissary.command.BaseCommand -   - Not using /Users/connor/Projects/work/emissary/target/config/logback.xml, staying with test config file:/Users/connor/Projects/work/emissary/target/test-classes/logback-test.xml
2023-12-12 00:43:55,594 [using logback-test.xml]  INFO emissary.command.BaseCommand -   - Overriding current emissary.config.flavor CLUSTER to CLUSTER 
2023-12-12 00:43:55,595 [using logback-test.xml] DEBUG emissary.config.ConfigUtil -   - Loading config for (string) emissary.i.am.gone.Missing-forever.cfg
2023-12-12 00:43:55,595 [using logback-test.xml] DEBUG emissary.config.ConfigUtil -   - No file config found using new style emissary.i.am.gone.Missing-forever.cfg
2023-12-12 00:43:55,595 [using logback-test.xml] DEBUG emissary.config.ConfigUtil -   - No config data as resource for emissary/i/am/gone/Missing-forever.cfg
2023-12-12 00:43:55,595 [using logback-test.xml] DEBUG emissary.config.ConfigUtil -   - No file config found using old style Missing-forever.cfg
2023-12-12 00:43:55,595 [using logback-test.xml] DEBUG emissary.config.ConfigUtil -   - Configured configDirProperty /Users/connor/Projects/work/emissary/target/config
2023-12-12 00:43:55,596 [using logback-test.xml] DEBUG emissary.config.ConfigUtil -   - Configured configDirProperty /Users/connor/Projects/work/emissary/target/config
2023-12-12 00:43:55,597 [using logback-test.xml] DEBUG emissary.config.ConfigUtil -   - Configured configDirProperty /Users/connor/Projects/work/emissary/target/config
]]></system-out>
  </testcase>
  <testcase name="testMissingImportFileInConfig(Path)" classname="emissary.config.ConfigUtilTest" time="0.019">
    <system-out><![CDATA[2023-12-12 00:43:55,601 [using logback-test.xml]  INFO emissary.command.BaseCommand -   - PROJECT_BASE is set to /Users/connor/Projects/work/emissary/target 
2023-12-12 00:43:55,601 [using logback-test.xml]  INFO emissary.command.BaseCommand -   - Setting emissary.config.dir to /Users/connor/Projects/work/emissary/target/config 
2023-12-12 00:43:55,601 [using logback-test.xml]  INFO emissary.command.BaseCommand -   - Setting emissary.bin.dir to /Users/connor/Projects/work/emissary/target/bin 
2023-12-12 00:43:55,601 [using logback-test.xml]  INFO emissary.command.BaseCommand -   - Setting emissary.output.root to /Users/connor/Projects/work/emissary/target/localoutput 
2023-12-12 00:43:55,601 [using logback-test.xml]  INFO emissary.command.BaseCommand -   - Emissary error dir set to /Users/connor/Projects/work/emissary/target/localerror 
2023-12-12 00:43:55,601 [using logback-test.xml]  INFO emissary.command.BaseCommand -   - Setting emissary.node.name to localhost 
2023-12-12 00:43:55,601 [using logback-test.xml]  INFO emissary.command.BaseCommand -   - Setting emissary.node.port to 8001 
2023-12-12 00:43:55,601 [using logback-test.xml]  INFO emissary.command.BaseCommand -   - Setting emissary.node.scheme to http 
2023-12-12 00:43:55,602 [using logback-test.xml]  WARN emissary.command.BaseCommand -   - Not using /Users/connor/Projects/work/emissary/target/config/logback.xml, staying with test config file:/Users/connor/Projects/work/emissary/target/test-classes/logback-test.xml
2023-12-12 00:43:55,605 [using logback-test.xml]  INFO emissary.command.BaseCommand -   - Overriding current emissary.config.flavor null to CLUSTER 
2023-12-12 00:43:55,605 [using logback-test.xml]  INFO emissary.command.BaseCommand -   - PROJECT_BASE is set to /Users/connor/Projects/work/emissary/target 
2023-12-12 00:43:55,605 [using logback-test.xml]  INFO emissary.command.BaseCommand -   - Setting emissary.config.dir to /Users/connor/Projects/work/emissary/target/config 
2023-12-12 00:43:55,605 [using logback-test.xml]  INFO emissary.command.BaseCommand -   - Setting emissary.bin.dir to /Users/connor/Projects/work/emissary/target/bin 
2023-12-12 00:43:55,605 [using logback-test.xml]  INFO emissary.command.BaseCommand -   - Setting emissary.output.root to /Users/connor/Projects/work/emissary/target/localoutput 
2023-12-12 00:43:55,605 [using logback-test.xml]  INFO emissary.command.BaseCommand -   - Emissary error dir set to /Users/connor/Projects/work/emissary/target/localerror 
2023-12-12 00:43:55,605 [using logback-test.xml]  INFO emissary.command.BaseCommand -   - Setting emissary.config.flavor to CLUSTER 
2023-12-12 00:43:55,605 [using logback-test.xml]  INFO emissary.command.BaseCommand -   - Setting emissary.node.name to localhost 
2023-12-12 00:43:55,605 [using logback-test.xml]  INFO emissary.command.BaseCommand -   - Setting emissary.node.port to 8001 
2023-12-12 00:43:55,605 [using logback-test.xml]  INFO emissary.command.BaseCommand -   - Setting emissary.node.scheme to http 
2023-12-12 00:43:55,605 [using logback-test.xml]  WARN emissary.command.BaseCommand -   - Not using /Users/connor/Projects/work/emissary/target/config/logback.xml, staying with test config file:/Users/connor/Projects/work/emissary/target/test-classes/logback-test.xml
2023-12-12 00:43:55,609 [using logback-test.xml]  INFO emissary.command.BaseCommand -   - Overriding current emissary.config.flavor CLUSTER to CLUSTER 
2023-12-12 00:43:55,620 [using logback-test.xml] DEBUG emissary.config.ConfigUtil -   - Loading config for (string) /var/folders/c5/1cbn13_j3t150_4w0t6rdtd00000gn/T/junit15019798931548092539/primary.cfg
2023-12-12 00:43:55,620 [using logback-test.xml] DEBUG emissary.config.ConfigUtil -   - Found config data as file /var/folders/c5/1cbn13_j3t150_4w0t6rdtd00000gn/T/junit15019798931548092539/primary.cfg
2023-12-12 00:43:55,620 [using logback-test.xml] DEBUG emissary.config.ConfigUtil -   - No file config found using new style import.cfg
2023-12-12 00:43:55,620 [using logback-test.xml] DEBUG emissary.config.ConfigUtil -   - No config data as resource for /var/folders/c5/1cbn13_j3t150_4w0t6rdtd00000gn/T/junit15019798931548092539/import.cfg
2023-12-12 00:43:55,620 [using logback-test.xml] DEBUG emissary.config.ConfigUtil -   - No file config found using old style import.cfg
2023-12-12 00:43:55,621 [using logback-test.xml] DEBUG emissary.config.ConfigUtil -   - IMPORT_FILE not found in /var/folders/c5/1cbn13_j3t150_4w0t6rdtd00000gn/T/junit15019798931548092539/primary.cfg
2023-12-12 00:43:55,621 [using logback-test.xml] DEBUG emissary.config.ConfigUtil -   - Configured configDirProperty /Users/connor/Projects/work/emissary/target/config
2023-12-12 00:43:55,625 [using logback-test.xml] DEBUG emissary.config.ConfigUtil -   - Configured configDirProperty /Users/connor/Projects/work/emissary/target/config
2023-12-12 00:43:55,625 [using logback-test.xml] DEBUG emissary.config.ConfigUtil -   - Configured configDirProperty /Users/connor/Projects/work/emissary/target/config
]]></system-out>
  </testcase>
  <testcase name="testMasterClassNamesMultipleFiles" classname="emissary.config.ConfigUtilTest" time="0.005">
    <system-out><![CDATA[2023-12-12 00:43:55,632 [using logback-test.xml]  INFO emissary.command.BaseCommand -   - PROJECT_BASE is set to /Users/connor/Projects/work/emissary/target 
2023-12-12 00:43:55,632 [using logback-test.xml]  INFO emissary.command.BaseCommand -   - Setting emissary.config.dir to /Users/connor/Projects/work/emissary/target/config 
2023-12-12 00:43:55,632 [using logback-test.xml]  INFO emissary.command.BaseCommand -   - Setting emissary.bin.dir to /Users/connor/Projects/work/emissary/target/bin 
2023-12-12 00:43:55,632 [using logback-test.xml]  INFO emissary.command.BaseCommand -   - Setting emissary.output.root to /Users/connor/Projects/work/emissary/target/localoutput 
2023-12-12 00:43:55,632 [using logback-test.xml]  INFO emissary.command.BaseCommand -   - Emissary error dir set to /Users/connor/Projects/work/emissary/target/localerror 
2023-12-12 00:43:55,632 [using logback-test.xml]  INFO emissary.command.BaseCommand -   - Setting emissary.node.name to localhost 
2023-12-12 00:43:55,632 [using logback-test.xml]  INFO emissary.command.BaseCommand -   - Setting emissary.node.port to 8001 
2023-12-12 00:43:55,632 [using logback-test.xml]  INFO emissary.command.BaseCommand -   - Setting emissary.node.scheme to http 
2023-12-12 00:43:55,632 [using logback-test.xml]  WARN emissary.command.BaseCommand -   - Not using /Users/connor/Projects/work/emissary/target/config/logback.xml, staying with test config file:/Users/connor/Projects/work/emissary/target/test-classes/logback-test.xml
2023-12-12 00:43:55,633 [using logback-test.xml]  INFO emissary.command.BaseCommand -   - Overriding current emissary.config.flavor null to CLUSTER 
2023-12-12 00:43:55,633 [using logback-test.xml]  INFO emissary.command.BaseCommand -   - PROJECT_BASE is set to /Users/connor/Projects/work/emissary/target 
2023-12-12 00:43:55,633 [using logback-test.xml]  INFO emissary.command.BaseCommand -   - Setting emissary.config.dir to /Users/connor/Projects/work/emissary/target/config 
2023-12-12 00:43:55,633 [using logback-test.xml]  INFO emissary.command.BaseCommand -   - Setting emissary.bin.dir to /Users/connor/Projects/work/emissary/target/bin 
2023-12-12 00:43:55,633 [using logback-test.xml]  INFO emissary.command.BaseCommand -   - Setting emissary.output.root to /Users/connor/Projects/work/emissary/target/localoutput 
2023-12-12 00:43:55,633 [using logback-test.xml]  INFO emissary.command.BaseCommand -   - Emissary error dir set to /Users/connor/Projects/work/emissary/target/localerror 
2023-12-12 00:43:55,633 [using logback-test.xml]  INFO emissary.command.BaseCommand -   - Setting emissary.config.flavor to CLUSTER 
2023-12-12 00:43:55,633 [using logback-test.xml]  INFO emissary.command.BaseCommand -   - Setting emissary.node.name to localhost 
2023-12-12 00:43:55,633 [using logback-test.xml]  INFO emissary.command.BaseCommand -   - Setting emissary.node.port to 8001 
2023-12-12 00:43:55,633 [using logback-test.xml]  INFO emissary.command.BaseCommand -   - Setting emissary.node.scheme to http 
2023-12-12 00:43:55,633 [using logback-test.xml]  WARN emissary.command.BaseCommand -   - Not using /Users/connor/Projects/work/emissary/target/config/logback.xml, staying with test config file:/Users/connor/Projects/work/emissary/target/test-classes/logback-test.xml
2023-12-12 00:43:55,634 [using logback-test.xml]  INFO emissary.command.BaseCommand -   - Overriding current emissary.config.flavor CLUSTER to CLUSTER 
2023-12-12 00:43:55,638 [using logback-test.xml] DEBUG emissary.config.ConfigUtil -   - Configured configDirProperty /Users/connor/Projects/work/emissary/target/config
2023-12-12 00:43:55,638 [using logback-test.xml] DEBUG emissary.config.ConfigUtil -   - Reading MasterClassNames from /Users/connor/Projects/work/emissary/target/config/emissary.admin.MasterClassNames-core.cfg
2023-12-12 00:43:55,638 [using logback-test.xml] DEBUG emissary.config.ConfigUtil -   - Reading MasterClassNames from /Users/connor/Projects/work/emissary/target/config/emissary.admin.MasterClassNames-modeone.cfg
2023-12-12 00:43:55,638 [using logback-test.xml] DEBUG emissary.config.ConfigUtil -   - Reading MasterClassNames from /Users/connor/Projects/work/emissary/target/config/emissary.admin.MasterClassNames-modetwo.cfg
2023-12-12 00:43:55,638 [using logback-test.xml] DEBUG emissary.config.ConfigUtil -   - Reading MasterClassNames from /Users/connor/Projects/work/emissary/target/config/emissary.admin.MasterClassNames.cfg
2023-12-12 00:43:55,638 [using logback-test.xml] ERROR emissary.config.ConfigUtil -   - Tried to overwrite existing key from MasterClassNames:DevNullPlace in /Users/connor/Projects/work/emissary/target/config/emissary.admin.MasterClassNames.cfg
2023-12-12 00:43:55,638 [using logback-test.xml] ERROR emissary.config.ConfigUtil -   - Tried to overwrite existing key from MasterClassNames:DirectoryPlace in /Users/connor/Projects/work/emissary/target/config/emissary.admin.MasterClassNames.cfg
2023-12-12 00:43:55,639 [using logback-test.xml] DEBUG emissary.config.ConfigUtil -   - Configured configDirProperty /Users/connor/Projects/work/emissary/target/config
2023-12-12 00:43:55,639 [using logback-test.xml] DEBUG emissary.config.ConfigUtil -   - Configured configDirProperty /Users/connor/Projects/work/emissary/target/config
2023-12-12 00:43:55,639 [using logback-test.xml] DEBUG emissary.config.ConfigUtil -   - Configured configDirProperty /Users/connor/Projects/work/emissary/target/config
]]></system-out>
  </testcase>
  <testcase name="testOneMasterClassNamesMultipleDirs" classname="emissary.config.ConfigUtilTest" time="0.008">
    <system-out><![CDATA[2023-12-12 00:43:55,641 [using logback-test.xml]  INFO emissary.command.BaseCommand -   - PROJECT_BASE is set to /Users/connor/Projects/work/emissary/target 
2023-12-12 00:43:55,641 [using logback-test.xml]  INFO emissary.command.BaseCommand -   - Setting emissary.config.dir to /Users/connor/Projects/work/emissary/target/config 
2023-12-12 00:43:55,641 [using logback-test.xml]  INFO emissary.command.BaseCommand -   - Setting emissary.bin.dir to /Users/connor/Projects/work/emissary/target/bin 
2023-12-12 00:43:55,641 [using logback-test.xml]  INFO emissary.command.BaseCommand -   - Setting emissary.output.root to /Users/connor/Projects/work/emissary/target/localoutput 
2023-12-12 00:43:55,641 [using logback-test.xml]  INFO emissary.command.BaseCommand -   - Emissary error dir set to /Users/connor/Projects/work/emissary/target/localerror 
2023-12-12 00:43:55,641 [using logback-test.xml]  INFO emissary.command.BaseCommand -   - Setting emissary.node.name to localhost 
2023-12-12 00:43:55,641 [using logback-test.xml]  INFO emissary.command.BaseCommand -   - Setting emissary.node.port to 8001 
2023-12-12 00:43:55,641 [using logback-test.xml]  INFO emissary.command.BaseCommand -   - Setting emissary.node.scheme to http 
2023-12-12 00:43:55,641 [using logback-test.xml]  WARN emissary.command.BaseCommand -   - Not using /Users/connor/Projects/work/emissary/target/config/logback.xml, staying with test config file:/Users/connor/Projects/work/emissary/target/test-classes/logback-test.xml
2023-12-12 00:43:55,642 [using logback-test.xml]  INFO emissary.command.BaseCommand -   - Overriding current emissary.config.flavor null to CLUSTER 
2023-12-12 00:43:55,642 [using logback-test.xml]  INFO emissary.command.BaseCommand -   - PROJECT_BASE is set to /Users/connor/Projects/work/emissary/target 
2023-12-12 00:43:55,642 [using logback-test.xml]  INFO emissary.command.BaseCommand -   - Setting emissary.config.dir to /Users/connor/Projects/work/emissary/target/config 
2023-12-12 00:43:55,642 [using logback-test.xml]  INFO emissary.command.BaseCommand -   - Setting emissary.bin.dir to /Users/connor/Projects/work/emissary/target/bin 
2023-12-12 00:43:55,642 [using logback-test.xml]  INFO emissary.command.BaseCommand -   - Setting emissary.output.root to /Users/connor/Projects/work/emissary/target/localoutput 
2023-12-12 00:43:55,642 [using logback-test.xml]  INFO emissary.command.BaseCommand -   - Emissary error dir set to /Users/connor/Projects/work/emissary/target/localerror 
2023-12-12 00:43:55,642 [using logback-test.xml]  INFO emissary.command.BaseCommand -   - Setting emissary.config.flavor to CLUSTER 
2023-12-12 00:43:55,642 [using logback-test.xml]  INFO emissary.command.BaseCommand -   - Setting emissary.node.name to localhost 
2023-12-12 00:43:55,642 [using logback-test.xml]  INFO emissary.command.BaseCommand -   - Setting emissary.node.port to 8001 
2023-12-12 00:43:55,642 [using logback-test.xml]  INFO emissary.command.BaseCommand -   - Setting emissary.node.scheme to http 
2023-12-12 00:43:55,643 [using logback-test.xml]  WARN emissary.command.BaseCommand -   - Not using /Users/connor/Projects/work/emissary/target/config/logback.xml, staying with test config file:/Users/connor/Projects/work/emissary/target/test-classes/logback-test.xml
2023-12-12 00:43:55,644 [using logback-test.xml]  INFO emissary.command.BaseCommand -   - Overriding current emissary.config.flavor CLUSTER to CLUSTER 
2023-12-12 00:43:55,644 [using logback-test.xml] DEBUG emissary.config.ConfigUtil -   - Configured configDirProperty /Users/connor/Projects/work/emissary/target/config/cfg1AB,/Users/connor/Projects/work/emissary/target/config/cfg2AB
2023-12-12 00:43:55,645 [using logback-test.xml] DEBUG emissary.config.ConfigUtil -   - Reading MasterClassNames from /Users/connor/Projects/work/emissary/target/config/cfg1AB/emissary.admin.MasterClassNames-cfgDir1.cfg
2023-12-12 00:43:55,645 [using logback-test.xml] DEBUG emissary.config.ConfigUtil -   - Reading MasterClassNames from /Users/connor/Projects/work/emissary/target/config/cfg2AB/emissary.admin.MasterClassNames-cfgDir2.cfg
2023-12-12 00:43:55,645 [using logback-test.xml] DEBUG emissary.config.ConfigUtil -   - Configured configDirProperty /Users/connor/Projects/work/emissary/target/config
2023-12-12 00:43:55,645 [using logback-test.xml] DEBUG emissary.config.ConfigUtil -   - Configured configDirProperty /Users/connor/Projects/work/emissary/target/config
2023-12-12 00:43:55,651 [using logback-test.xml] DEBUG emissary.config.ConfigUtil -   - Configured configDirProperty /Users/connor/Projects/work/emissary/target/config
2023-12-12 00:43:55,651 [using logback-test.xml] DEBUG emissary.config.ConfigUtil -   - Configured configDirProperty /Users/connor/Projects/work/emissary/target/config
]]></system-out>
  </testcase>
  <testcase name="testFlavorMerge" classname="emissary.config.ConfigUtilTest" time="0.003">
    <system-out><![CDATA[2023-12-12 00:43:55,653 [using logback-test.xml]  INFO emissary.command.BaseCommand -   - PROJECT_BASE is set to /Users/connor/Projects/work/emissary/target 
2023-12-12 00:43:55,653 [using logback-test.xml]  INFO emissary.command.BaseCommand -   - Setting emissary.config.dir to /Users/connor/Projects/work/emissary/target/config 
2023-12-12 00:43:55,653 [using logback-test.xml]  INFO emissary.command.BaseCommand -   - Setting emissary.bin.dir to /Users/connor/Projects/work/emissary/target/bin 
2023-12-12 00:43:55,653 [using logback-test.xml]  INFO emissary.command.BaseCommand -   - Setting emissary.output.root to /Users/connor/Projects/work/emissary/target/localoutput 
2023-12-12 00:43:55,653 [using logback-test.xml]  INFO emissary.command.BaseCommand -   - Emissary error dir set to /Users/connor/Projects/work/emissary/target/localerror 
2023-12-12 00:43:55,653 [using logback-test.xml]  INFO emissary.command.BaseCommand -   - Setting emissary.node.name to localhost 
2023-12-12 00:43:55,653 [using logback-test.xml]  INFO emissary.command.BaseCommand -   - Setting emissary.node.port to 8001 
2023-12-12 00:43:55,653 [using logback-test.xml]  INFO emissary.command.BaseCommand -   - Setting emissary.node.scheme to http 
2023-12-12 00:43:55,654 [using logback-test.xml]  WARN emissary.command.BaseCommand -   - Not using /Users/connor/Projects/work/emissary/target/config/logback.xml, staying with test config file:/Users/connor/Projects/work/emissary/target/test-classes/logback-test.xml
2023-12-12 00:43:55,655 [using logback-test.xml]  INFO emissary.command.BaseCommand -   - Overriding current emissary.config.flavor null to CLUSTER 
2023-12-12 00:43:55,655 [using logback-test.xml]  INFO emissary.command.BaseCommand -   - PROJECT_BASE is set to /Users/connor/Projects/work/emissary/target 
2023-12-12 00:43:55,655 [using logback-test.xml]  INFO emissary.command.BaseCommand -   - Setting emissary.config.dir to /Users/connor/Projects/work/emissary/target/config 
2023-12-12 00:43:55,655 [using logback-test.xml]  INFO emissary.command.BaseCommand -   - Setting emissary.bin.dir to /Users/connor/Projects/work/emissary/target/bin 
2023-12-12 00:43:55,655 [using logback-test.xml]  INFO emissary.command.BaseCommand -   - Setting emissary.output.root to /Users/connor/Projects/work/emissary/target/localoutput 
2023-12-12 00:43:55,655 [using logback-test.xml]  INFO emissary.command.BaseCommand -   - Emissary error dir set to /Users/connor/Projects/work/emissary/target/localerror 
2023-12-12 00:43:55,655 [using logback-test.xml]  INFO emissary.command.BaseCommand -   - Setting emissary.config.flavor to CLUSTER 
2023-12-12 00:43:55,655 [using logback-test.xml]  INFO emissary.command.BaseCommand -   - Setting emissary.node.name to localhost 
2023-12-12 00:43:55,655 [using logback-test.xml]  INFO emissary.command.BaseCommand -   - Setting emissary.node.port to 8001 
2023-12-12 00:43:55,655 [using logback-test.xml]  INFO emissary.command.BaseCommand -   - Setting emissary.node.scheme to http 
2023-12-12 00:43:55,655 [using logback-test.xml]  WARN emissary.command.BaseCommand -   - Not using /Users/connor/Projects/work/emissary/target/config/logback.xml, staying with test config file:/Users/connor/Projects/work/emissary/target/test-classes/logback-test.xml
2023-12-12 00:43:55,656 [using logback-test.xml]  INFO emissary.command.BaseCommand -   - Overriding current emissary.config.flavor CLUSTER to CLUSTER 
2023-12-12 00:43:55,657 [using logback-test.xml] DEBUG emissary.config.ConfigUtil -   - Configured configDirProperty /Users/connor/Projects/work/emissary/target/config
2023-12-12 00:43:55,657 [using logback-test.xml] DEBUG emissary.config.ConfigUtil -   - Loading config for (string) emissary.blubber.Whale.cfg
2023-12-12 00:43:55,657 [using logback-test.xml] DEBUG emissary.config.ConfigUtil -   - Found config data as file /Users/connor/Projects/work/emissary/target/config/emissary.blubber.Whale.cfg
2023-12-12 00:43:55,657 [using logback-test.xml] DEBUG emissary.config.ConfigUtil -   - Attempting flavor merge on emissary.blubber.Whale-TESTFLAVOR.cfg
2023-12-12 00:43:55,657 [using logback-test.xml] DEBUG emissary.config.ConfigUtil -   - Loading config for (string) emissary.blubber.Whale-TESTFLAVOR.cfg
2023-12-12 00:43:55,658 [using logback-test.xml] DEBUG emissary.config.ConfigUtil -   - Found config data as file /Users/connor/Projects/work/emissary/target/config/emissary.blubber.Whale-TESTFLAVOR.cfg
2023-12-12 00:43:55,658 [using logback-test.xml] DEBUG emissary.config.ConfigUtil -   - Attempting flavor merge on emissary.blubber.Whale-TESTFLAVOR-TESTFLAVOR.cfg
2023-12-12 00:43:55,658 [using logback-test.xml] DEBUG emissary.config.ConfigUtil -   - Loading config for (string) emissary.blubber.Whale-TESTFLAVOR-TESTFLAVOR.cfg
2023-12-12 00:43:55,658 [using logback-test.xml] DEBUG emissary.config.ConfigUtil -   - No file config found using new style emissary.blubber.Whale-TESTFLAVOR-TESTFLAVOR.cfg
2023-12-12 00:43:55,658 [using logback-test.xml] DEBUG emissary.config.ConfigUtil -   - No config data as resource for emissary/blubber/Whale-TESTFLAVOR-TESTFLAVOR.cfg
2023-12-12 00:43:55,658 [using logback-test.xml] DEBUG emissary.config.ConfigUtil -   - No file config found using old style Whale-TESTFLAVOR-TESTFLAVOR.cfg
2023-12-12 00:43:55,658 [using logback-test.xml] DEBUG emissary.config.ConfigUtil -   - Unable to opt import flavor config emissary.blubber.Whale-TESTFLAVOR-TESTFLAVOR.cfg
2023-12-12 00:43:55,658 [using logback-test.xml] DEBUG emissary.config.ConfigUtil -   - Merged config with emissary.blubber.Whale-TESTFLAVOR.cfg
2023-12-12 00:43:55,658 [using logback-test.xml] DEBUG emissary.config.ConfigUtil -   - Configured configDirProperty /Users/connor/Projects/work/emissary/target/config
2023-12-12 00:43:55,658 [using logback-test.xml] DEBUG emissary.config.ConfigUtil -   - Configured configDirProperty /Users/connor/Projects/work/emissary/target/config
2023-12-12 00:43:55,659 [using logback-test.xml] DEBUG emissary.config.ConfigUtil -   - Configured configDirProperty /Users/connor/Projects/work/emissary/target/config
2023-12-12 00:43:55,660 [using logback-test.xml] DEBUG emissary.config.ConfigUtil -   - Configured configDirProperty /Users/connor/Projects/work/emissary/target/config
]]></system-out>
  </testcase>
  <testcase name="testMasterClassNamesWarnsOnFlavor" classname="emissary.config.ConfigUtilTest" time="0.006">
    <system-out><![CDATA[2023-12-12 00:43:55,661 [using logback-test.xml]  INFO emissary.command.BaseCommand -   - PROJECT_BASE is set to /Users/connor/Projects/work/emissary/target 
2023-12-12 00:43:55,661 [using logback-test.xml]  INFO emissary.command.BaseCommand -   - Setting emissary.config.dir to /Users/connor/Projects/work/emissary/target/config 
2023-12-12 00:43:55,661 [using logback-test.xml]  INFO emissary.command.BaseCommand -   - Setting emissary.bin.dir to /Users/connor/Projects/work/emissary/target/bin 
2023-12-12 00:43:55,661 [using logback-test.xml]  INFO emissary.command.BaseCommand -   - Setting emissary.output.root to /Users/connor/Projects/work/emissary/target/localoutput 
2023-12-12 00:43:55,661 [using logback-test.xml]  INFO emissary.command.BaseCommand -   - Emissary error dir set to /Users/connor/Projects/work/emissary/target/localerror 
2023-12-12 00:43:55,661 [using logback-test.xml]  INFO emissary.command.BaseCommand -   - Setting emissary.node.name to localhost 
2023-12-12 00:43:55,661 [using logback-test.xml]  INFO emissary.command.BaseCommand -   - Setting emissary.node.port to 8001 
2023-12-12 00:43:55,661 [using logback-test.xml]  INFO emissary.command.BaseCommand -   - Setting emissary.node.scheme to http 
2023-12-12 00:43:55,661 [using logback-test.xml]  WARN emissary.command.BaseCommand -   - Not using /Users/connor/Projects/work/emissary/target/config/logback.xml, staying with test config file:/Users/connor/Projects/work/emissary/target/test-classes/logback-test.xml
2023-12-12 00:43:55,663 [using logback-test.xml]  INFO emissary.command.BaseCommand -   - Overriding current emissary.config.flavor null to CLUSTER 
2023-12-12 00:43:55,663 [using logback-test.xml]  INFO emissary.command.BaseCommand -   - PROJECT_BASE is set to /Users/connor/Projects/work/emissary/target 
2023-12-12 00:43:55,663 [using logback-test.xml]  INFO emissary.command.BaseCommand -   - Setting emissary.config.dir to /Users/connor/Projects/work/emissary/target/config 
2023-12-12 00:43:55,663 [using logback-test.xml]  INFO emissary.command.BaseCommand -   - Setting emissary.bin.dir to /Users/connor/Projects/work/emissary/target/bin 
2023-12-12 00:43:55,663 [using logback-test.xml]  INFO emissary.command.BaseCommand -   - Setting emissary.output.root to /Users/connor/Projects/work/emissary/target/localoutput 
2023-12-12 00:43:55,663 [using logback-test.xml]  INFO emissary.command.BaseCommand -   - Emissary error dir set to /Users/connor/Projects/work/emissary/target/localerror 
2023-12-12 00:43:55,663 [using logback-test.xml]  INFO emissary.command.BaseCommand -   - Setting emissary.config.flavor to CLUSTER 
2023-12-12 00:43:55,663 [using logback-test.xml]  INFO emissary.command.BaseCommand -   - Setting emissary.node.name to localhost 
2023-12-12 00:43:55,663 [using logback-test.xml]  INFO emissary.command.BaseCommand -   - Setting emissary.node.port to 8001 
2023-12-12 00:43:55,663 [using logback-test.xml]  INFO emissary.command.BaseCommand -   - Setting emissary.node.scheme to http 
2023-12-12 00:43:55,663 [using logback-test.xml]  WARN emissary.command.BaseCommand -   - Not using /Users/connor/Projects/work/emissary/target/config/logback.xml, staying with test config file:/Users/connor/Projects/work/emissary/target/test-classes/logback-test.xml
2023-12-12 00:43:55,664 [using logback-test.xml]  INFO emissary.command.BaseCommand -   - Overriding current emissary.config.flavor CLUSTER to CLUSTER 
2023-12-12 00:43:55,665 [using logback-test.xml] DEBUG emissary.config.ConfigUtil -   - Configured configDirProperty /Users/connor/Projects/work/emissary/target/config
2023-12-12 00:43:55,665 [using logback-test.xml] DEBUG emissary.config.ConfigUtil -   - Reading MasterClassNames from /Users/connor/Projects/work/emissary/target/config/emissary.admin.MasterClassNames-NORM.cfg
2023-12-12 00:43:55,665 [using logback-test.xml]  WARN emissary.config.ConfigUtil -   - Config file emissary.admin.MasterClassNames-NORM.cfg appeared to be flavored with NORM.
2023-12-12 00:43:55,665 [using logback-test.xml] DEBUG emissary.config.ConfigUtil -   - Reading MasterClassNames from /Users/connor/Projects/work/emissary/target/config/emissary.admin.MasterClassNames.cfg
2023-12-12 00:43:55,665 [using logback-test.xml] ERROR emissary.config.ConfigUtil -   - Tried to overwrite existing key from MasterClassNames:DevNullPlace in /Users/connor/Projects/work/emissary/target/config/emissary.admin.MasterClassNames.cfg
2023-12-12 00:43:55,666 [using logback-test.xml] DEBUG emissary.config.ConfigUtil -   - Configured configDirProperty /Users/connor/Projects/work/emissary/target/config
2023-12-12 00:43:55,666 [using logback-test.xml] DEBUG emissary.config.ConfigUtil -   - Configured configDirProperty /Users/connor/Projects/work/emissary/target/config
2023-12-12 00:43:55,669 [using logback-test.xml] DEBUG emissary.config.ConfigUtil -   - Configured configDirProperty /Users/connor/Projects/work/emissary/target/config
2023-12-12 00:43:55,669 [using logback-test.xml] DEBUG emissary.config.ConfigUtil -   - Configured configDirProperty /Users/connor/Projects/work/emissary/target/config
]]></system-out>
  </testcase>
  <testcase name="testOldStyleNestedClassConfig" classname="emissary.config.ConfigUtilTest" time="0.002">
    <system-out><![CDATA[2023-12-12 00:43:55,674 [using logback-test.xml]  INFO emissary.command.BaseCommand -   - PROJECT_BASE is set to /Users/connor/Projects/work/emissary/target 
2023-12-12 00:43:55,674 [using logback-test.xml]  INFO emissary.command.BaseCommand -   - Setting emissary.config.dir to /Users/connor/Projects/work/emissary/target/config 
2023-12-12 00:43:55,674 [using logback-test.xml]  INFO emissary.command.BaseCommand -   - Setting emissary.bin.dir to /Users/connor/Projects/work/emissary/target/bin 
2023-12-12 00:43:55,674 [using logback-test.xml]  INFO emissary.command.BaseCommand -   - Setting emissary.output.root to /Users/connor/Projects/work/emissary/target/localoutput 
2023-12-12 00:43:55,674 [using logback-test.xml]  INFO emissary.command.BaseCommand -   - Emissary error dir set to /Users/connor/Projects/work/emissary/target/localerror 
2023-12-12 00:43:55,674 [using logback-test.xml]  INFO emissary.command.BaseCommand -   - Setting emissary.node.name to localhost 
2023-12-12 00:43:55,674 [using logback-test.xml]  INFO emissary.command.BaseCommand -   - Setting emissary.node.port to 8001 
2023-12-12 00:43:55,674 [using logback-test.xml]  INFO emissary.command.BaseCommand -   - Setting emissary.node.scheme to http 
2023-12-12 00:43:55,674 [using logback-test.xml]  WARN emissary.command.BaseCommand -   - Not using /Users/connor/Projects/work/emissary/target/config/logback.xml, staying with test config file:/Users/connor/Projects/work/emissary/target/test-classes/logback-test.xml
2023-12-12 00:43:55,677 [using logback-test.xml]  INFO emissary.command.BaseCommand -   - Overriding current emissary.config.flavor null to CLUSTER 
2023-12-12 00:43:55,677 [using logback-test.xml]  INFO emissary.command.BaseCommand -   - PROJECT_BASE is set to /Users/connor/Projects/work/emissary/target 
2023-12-12 00:43:55,677 [using logback-test.xml]  INFO emissary.command.BaseCommand -   - Setting emissary.config.dir to /Users/connor/Projects/work/emissary/target/config 
2023-12-12 00:43:55,677 [using logback-test.xml]  INFO emissary.command.BaseCommand -   - Setting emissary.bin.dir to /Users/connor/Projects/work/emissary/target/bin 
2023-12-12 00:43:55,677 [using logback-test.xml]  INFO emissary.command.BaseCommand -   - Setting emissary.output.root to /Users/connor/Projects/work/emissary/target/localoutput 
2023-12-12 00:43:55,677 [using logback-test.xml]  INFO emissary.command.BaseCommand -   - Emissary error dir set to /Users/connor/Projects/work/emissary/target/localerror 
2023-12-12 00:43:55,677 [using logback-test.xml]  INFO emissary.command.BaseCommand -   - Setting emissary.config.flavor to CLUSTER 
2023-12-12 00:43:55,677 [using logback-test.xml]  INFO emissary.command.BaseCommand -   - Setting emissary.node.name to localhost 
2023-12-12 00:43:55,678 [using logback-test.xml]  INFO emissary.command.BaseCommand -   - Setting emissary.node.port to 8001 
2023-12-12 00:43:55,678 [using logback-test.xml]  INFO emissary.command.BaseCommand -   - Setting emissary.node.scheme to http 
2023-12-12 00:43:55,678 [using logback-test.xml]  WARN emissary.command.BaseCommand -   - Not using /Users/connor/Projects/work/emissary/target/config/logback.xml, staying with test config file:/Users/connor/Projects/work/emissary/target/test-classes/logback-test.xml
2023-12-12 00:43:55,680 [using logback-test.xml]  INFO emissary.command.BaseCommand -   - Overriding current emissary.config.flavor CLUSTER to CLUSTER 
2023-12-12 00:43:55,681 [using logback-test.xml] DEBUG emissary.config.ConfigUtil -   - Loading config for (class) emissary.config.ConfigUtilTest$Dummy.cfg
2023-12-12 00:43:55,681 [using logback-test.xml] DEBUG emissary.config.ConfigUtil -   - No file config found using new style emissary.config.ConfigUtilTest$Dummy.cfg
2023-12-12 00:43:55,681 [using logback-test.xml] DEBUG emissary.config.ConfigUtil -   - No config data as resource for emissary/config/ConfigUtilTest$Dummy.cfg
2023-12-12 00:43:55,681 [using logback-test.xml] DEBUG emissary.config.ConfigUtil -   - No file config found using old style ConfigUtilTest_Dummy.cfg
2023-12-12 00:43:55,681 [using logback-test.xml] DEBUG emissary.config.ConfigUtil -   - Configured configDirProperty /Users/connor/Projects/work/emissary/target/config
2023-12-12 00:43:55,682 [using logback-test.xml] DEBUG emissary.config.ConfigUtil -   - Configured configDirProperty /Users/connor/Projects/work/emissary/target/config
2023-12-12 00:43:55,682 [using logback-test.xml] DEBUG emissary.config.ConfigUtil -   - Configured configDirProperty /Users/connor/Projects/work/emissary/target/config
]]></system-out>
  </testcase>
  <testcase name="testPropertyInfo" classname="emissary.config.ConfigUtilTest" time="0.003">
    <system-out><![CDATA[2023-12-12 00:43:55,684 [using logback-test.xml]  INFO emissary.command.BaseCommand -   - PROJECT_BASE is set to /Users/connor/Projects/work/emissary/target 
2023-12-12 00:43:55,684 [using logback-test.xml]  INFO emissary.command.BaseCommand -   - Setting emissary.config.dir to /Users/connor/Projects/work/emissary/target/config 
2023-12-12 00:43:55,684 [using logback-test.xml]  INFO emissary.command.BaseCommand -   - Setting emissary.bin.dir to /Users/connor/Projects/work/emissary/target/bin 
2023-12-12 00:43:55,684 [using logback-test.xml]  INFO emissary.command.BaseCommand -   - Setting emissary.output.root to /Users/connor/Projects/work/emissary/target/localoutput 
2023-12-12 00:43:55,684 [using logback-test.xml]  INFO emissary.command.BaseCommand -   - Emissary error dir set to /Users/connor/Projects/work/emissary/target/localerror 
2023-12-12 00:43:55,684 [using logback-test.xml]  INFO emissary.command.BaseCommand -   - Setting emissary.node.name to localhost 
2023-12-12 00:43:55,684 [using logback-test.xml]  INFO emissary.command.BaseCommand -   - Setting emissary.node.port to 8001 
2023-12-12 00:43:55,684 [using logback-test.xml]  INFO emissary.command.BaseCommand -   - Setting emissary.node.scheme to http 
2023-12-12 00:43:55,684 [using logback-test.xml]  WARN emissary.command.BaseCommand -   - Not using /Users/connor/Projects/work/emissary/target/config/logback.xml, staying with test config file:/Users/connor/Projects/work/emissary/target/test-classes/logback-test.xml
2023-12-12 00:43:55,686 [using logback-test.xml]  INFO emissary.command.BaseCommand -   - Overriding current emissary.config.flavor null to CLUSTER 
2023-12-12 00:43:55,686 [using logback-test.xml]  INFO emissary.command.BaseCommand -   - PROJECT_BASE is set to /Users/connor/Projects/work/emissary/target 
2023-12-12 00:43:55,686 [using logback-test.xml]  INFO emissary.command.BaseCommand -   - Setting emissary.config.dir to /Users/connor/Projects/work/emissary/target/config 
2023-12-12 00:43:55,686 [using logback-test.xml]  INFO emissary.command.BaseCommand -   - Setting emissary.bin.dir to /Users/connor/Projects/work/emissary/target/bin 
2023-12-12 00:43:55,686 [using logback-test.xml]  INFO emissary.command.BaseCommand -   - Setting emissary.output.root to /Users/connor/Projects/work/emissary/target/localoutput 
2023-12-12 00:43:55,686 [using logback-test.xml]  INFO emissary.command.BaseCommand -   - Emissary error dir set to /Users/connor/Projects/work/emissary/target/localerror 
2023-12-12 00:43:55,686 [using logback-test.xml]  INFO emissary.command.BaseCommand -   - Setting emissary.config.flavor to CLUSTER 
2023-12-12 00:43:55,686 [using logback-test.xml]  INFO emissary.command.BaseCommand -   - Setting emissary.node.name to localhost 
2023-12-12 00:43:55,686 [using logback-test.xml]  INFO emissary.command.BaseCommand -   - Setting emissary.node.port to 8001 
2023-12-12 00:43:55,686 [using logback-test.xml]  INFO emissary.command.BaseCommand -   - Setting emissary.node.scheme to http 
2023-12-12 00:43:55,686 [using logback-test.xml]  WARN emissary.command.BaseCommand -   - Not using /Users/connor/Projects/work/emissary/target/config/logback.xml, staying with test config file:/Users/connor/Projects/work/emissary/target/test-classes/logback-test.xml
2023-12-12 00:43:55,687 [using logback-test.xml]  INFO emissary.command.BaseCommand -   - Overriding current emissary.config.flavor CLUSTER to CLUSTER 
2023-12-12 00:43:55,687 [using logback-test.xml] DEBUG emissary.config.ConfigUtil -   - Configured configDirProperty /Users/connor/Projects/work/emissary/target/config
2023-12-12 00:43:55,688 [using logback-test.xml] DEBUG emissary.config.ConfigUtil -   - Configured configDirProperty /Users/connor/Projects/work/emissary/target/config
2023-12-12 00:43:55,689 [using logback-test.xml] DEBUG emissary.config.ConfigUtil -   - Configured configDirProperty /Users/connor/Projects/work/emissary/target/config
]]></system-out>
  </testcase>
  <testcase name="testGetConfigDirWithMultipleConfigDirs" classname="emissary.config.ConfigUtilTest" time="0.005">
    <system-out><![CDATA[2023-12-12 00:43:55,691 [using logback-test.xml]  INFO emissary.command.BaseCommand -   - PROJECT_BASE is set to /Users/connor/Projects/work/emissary/target 
2023-12-12 00:43:55,691 [using logback-test.xml]  INFO emissary.command.BaseCommand -   - Setting emissary.config.dir to /Users/connor/Projects/work/emissary/target/config 
2023-12-12 00:43:55,691 [using logback-test.xml]  INFO emissary.command.BaseCommand -   - Setting emissary.bin.dir to /Users/connor/Projects/work/emissary/target/bin 
2023-12-12 00:43:55,691 [using logback-test.xml]  INFO emissary.command.BaseCommand -   - Setting emissary.output.root to /Users/connor/Projects/work/emissary/target/localoutput 
2023-12-12 00:43:55,691 [using logback-test.xml]  INFO emissary.command.BaseCommand -   - Emissary error dir set to /Users/connor/Projects/work/emissary/target/localerror 
2023-12-12 00:43:55,691 [using logback-test.xml]  INFO emissary.command.BaseCommand -   - Setting emissary.node.name to localhost 
2023-12-12 00:43:55,691 [using logback-test.xml]  INFO emissary.command.BaseCommand -   - Setting emissary.node.port to 8001 
2023-12-12 00:43:55,691 [using logback-test.xml]  INFO emissary.command.BaseCommand -   - Setting emissary.node.scheme to http 
2023-12-12 00:43:55,691 [using logback-test.xml]  WARN emissary.command.BaseCommand -   - Not using /Users/connor/Projects/work/emissary/target/config/logback.xml, staying with test config file:/Users/connor/Projects/work/emissary/target/test-classes/logback-test.xml
2023-12-12 00:43:55,693 [using logback-test.xml]  INFO emissary.command.BaseCommand -   - Overriding current emissary.config.flavor null to CLUSTER 
2023-12-12 00:43:55,693 [using logback-test.xml]  INFO emissary.command.BaseCommand -   - PROJECT_BASE is set to /Users/connor/Projects/work/emissary/target 
2023-12-12 00:43:55,693 [using logback-test.xml]  INFO emissary.command.BaseCommand -   - Setting emissary.config.dir to /Users/connor/Projects/work/emissary/target/config 
2023-12-12 00:43:55,693 [using logback-test.xml]  INFO emissary.command.BaseCommand -   - Setting emissary.bin.dir to /Users/connor/Projects/work/emissary/target/bin 
2023-12-12 00:43:55,693 [using logback-test.xml]  INFO emissary.command.BaseCommand -   - Setting emissary.output.root to /Users/connor/Projects/work/emissary/target/localoutput 
2023-12-12 00:43:55,693 [using logback-test.xml]  INFO emissary.command.BaseCommand -   - Emissary error dir set to /Users/connor/Projects/work/emissary/target/localerror 
2023-12-12 00:43:55,693 [using logback-test.xml]  INFO emissary.command.BaseCommand -   - Setting emissary.config.flavor to CLUSTER 
2023-12-12 00:43:55,693 [using logback-test.xml]  INFO emissary.command.BaseCommand -   - Setting emissary.node.name to localhost 
2023-12-12 00:43:55,693 [using logback-test.xml]  INFO emissary.command.BaseCommand -   - Setting emissary.node.port to 8001 
2023-12-12 00:43:55,693 [using logback-test.xml]  INFO emissary.command.BaseCommand -   - Setting emissary.node.scheme to http 
2023-12-12 00:43:55,693 [using logback-test.xml]  WARN emissary.command.BaseCommand -   - Not using /Users/connor/Projects/work/emissary/target/config/logback.xml, staying with test config file:/Users/connor/Projects/work/emissary/target/test-classes/logback-test.xml
2023-12-12 00:43:55,694 [using logback-test.xml]  INFO emissary.command.BaseCommand -   - Overriding current emissary.config.flavor CLUSTER to CLUSTER 
2023-12-12 00:43:55,695 [using logback-test.xml] DEBUG emissary.config.ConfigUtil -   - Configured configDirProperty /Users/connor/Projects/work/emissary/target/config/config1B,/Users/connor/Projects/work/emissary/target/config/config2B
2023-12-12 00:43:55,695 [using logback-test.xml] DEBUG emissary.config.ConfigUtil -   - Loading config for (string) emissary.phish.Food.cfg
2023-12-12 00:43:55,695 [using logback-test.xml] ERROR emissary.config.ConfigUtil -   - Multiple files found in the configured directories: emissary.phish.Food.cfg, returning the first.
2023-12-12 00:43:55,695 [using logback-test.xml] DEBUG emissary.config.ConfigUtil -   - Found config data as file /Users/connor/Projects/work/emissary/target/config/config1B/emissary.phish.Food.cfg
2023-12-12 00:43:55,695 [using logback-test.xml] DEBUG emissary.config.ConfigUtil -   - Attempting flavor merge on emissary.phish.Food-CLUSTER.cfg
2023-12-12 00:43:55,695 [using logback-test.xml] DEBUG emissary.config.ConfigUtil -   - Loading config for (string) emissary.phish.Food-CLUSTER.cfg
2023-12-12 00:43:55,695 [using logback-test.xml] DEBUG emissary.config.ConfigUtil -   - No file found in any of the configured directories: emissary.phish.Food-CLUSTER.cfg
2023-12-12 00:43:55,695 [using logback-test.xml] DEBUG emissary.config.ConfigUtil -   - No file config found using new style emissary.phish.Food-CLUSTER.cfg
2023-12-12 00:43:55,695 [using logback-test.xml] DEBUG emissary.config.ConfigUtil -   - No config data as resource for emissary/phish/Food-CLUSTER.cfg
2023-12-12 00:43:55,695 [using logback-test.xml] DEBUG emissary.config.ConfigUtil -   - No file found in any of the configured directories: Food-CLUSTER.cfg
2023-12-12 00:43:55,695 [using logback-test.xml] DEBUG emissary.config.ConfigUtil -   - No file config found using old style Food-CLUSTER.cfg
2023-12-12 00:43:55,695 [using logback-test.xml] DEBUG emissary.config.ConfigUtil -   - Unable to opt import flavor config emissary.phish.Food-CLUSTER.cfg
2023-12-12 00:43:55,695 [using logback-test.xml] DEBUG emissary.config.ConfigUtil -   - Configured configDirProperty /Users/connor/Projects/work/emissary/target/config
2023-12-12 00:43:55,695 [using logback-test.xml] DEBUG emissary.config.ConfigUtil -   - Configured configDirProperty /Users/connor/Projects/work/emissary/target/config
2023-12-12 00:43:55,698 [using logback-test.xml] DEBUG emissary.config.ConfigUtil -   - Configured configDirProperty /Users/connor/Projects/work/emissary/target/config
2023-12-12 00:43:55,698 [using logback-test.xml] DEBUG emissary.config.ConfigUtil -   - Configured configDirProperty /Users/connor/Projects/work/emissary/target/config
]]></system-out>
  </testcase>
  <testcase name="testMissingMultipleConfigDirs" classname="emissary.config.ConfigUtilTest" time="0.004">
    <system-out><![CDATA[2023-12-12 00:43:55,700 [using logback-test.xml]  INFO emissary.command.BaseCommand -   - PROJECT_BASE is set to /Users/connor/Projects/work/emissary/target 
2023-12-12 00:43:55,700 [using logback-test.xml]  INFO emissary.command.BaseCommand -   - Setting emissary.config.dir to /Users/connor/Projects/work/emissary/target/config 
2023-12-12 00:43:55,700 [using logback-test.xml]  INFO emissary.command.BaseCommand -   - Setting emissary.bin.dir to /Users/connor/Projects/work/emissary/target/bin 
2023-12-12 00:43:55,700 [using logback-test.xml]  INFO emissary.command.BaseCommand -   - Setting emissary.output.root to /Users/connor/Projects/work/emissary/target/localoutput 
2023-12-12 00:43:55,700 [using logback-test.xml]  INFO emissary.command.BaseCommand -   - Emissary error dir set to /Users/connor/Projects/work/emissary/target/localerror 
2023-12-12 00:43:55,700 [using logback-test.xml]  INFO emissary.command.BaseCommand -   - Setting emissary.node.name to localhost 
2023-12-12 00:43:55,700 [using logback-test.xml]  INFO emissary.command.BaseCommand -   - Setting emissary.node.port to 8001 
2023-12-12 00:43:55,700 [using logback-test.xml]  INFO emissary.command.BaseCommand -   - Setting emissary.node.scheme to http 
2023-12-12 00:43:55,700 [using logback-test.xml]  WARN emissary.command.BaseCommand -   - Not using /Users/connor/Projects/work/emissary/target/config/logback.xml, staying with test config file:/Users/connor/Projects/work/emissary/target/test-classes/logback-test.xml
2023-12-12 00:43:55,702 [using logback-test.xml]  INFO emissary.command.BaseCommand -   - Overriding current emissary.config.flavor null to CLUSTER 
2023-12-12 00:43:55,702 [using logback-test.xml]  INFO emissary.command.BaseCommand -   - PROJECT_BASE is set to /Users/connor/Projects/work/emissary/target 
2023-12-12 00:43:55,702 [using logback-test.xml]  INFO emissary.command.BaseCommand -   - Setting emissary.config.dir to /Users/connor/Projects/work/emissary/target/config 
2023-12-12 00:43:55,702 [using logback-test.xml]  INFO emissary.command.BaseCommand -   - Setting emissary.bin.dir to /Users/connor/Projects/work/emissary/target/bin 
2023-12-12 00:43:55,702 [using logback-test.xml]  INFO emissary.command.BaseCommand -   - Setting emissary.output.root to /Users/connor/Projects/work/emissary/target/localoutput 
2023-12-12 00:43:55,702 [using logback-test.xml]  INFO emissary.command.BaseCommand -   - Emissary error dir set to /Users/connor/Projects/work/emissary/target/localerror 
2023-12-12 00:43:55,702 [using logback-test.xml]  INFO emissary.command.BaseCommand -   - Setting emissary.config.flavor to CLUSTER 
2023-12-12 00:43:55,702 [using logback-test.xml]  INFO emissary.command.BaseCommand -   - Setting emissary.node.name to localhost 
2023-12-12 00:43:55,702 [using logback-test.xml]  INFO emissary.command.BaseCommand -   - Setting emissary.node.port to 8001 
2023-12-12 00:43:55,702 [using logback-test.xml]  INFO emissary.command.BaseCommand -   - Setting emissary.node.scheme to http 
2023-12-12 00:43:55,702 [using logback-test.xml]  WARN emissary.command.BaseCommand -   - Not using /Users/connor/Projects/work/emissary/target/config/logback.xml, staying with test config file:/Users/connor/Projects/work/emissary/target/test-classes/logback-test.xml
2023-12-12 00:43:55,703 [using logback-test.xml]  INFO emissary.command.BaseCommand -   - Overriding current emissary.config.flavor CLUSTER to CLUSTER 
2023-12-12 00:43:55,704 [using logback-test.xml] DEBUG emissary.config.ConfigUtil -   - Configured configDirProperty /Users/connor/Projects/work/emissary/target/config/config1A,/Users/connor/Projects/work/emissary/target/config/configgone
2023-12-12 00:43:55,705 [using logback-test.xml]  WARN emissary.config.ConfigUtil -   - Directory configured but didn't exist: /Users/connor/Projects/work/emissary/target/config/configgone
2023-12-12 00:43:55,705 [using logback-test.xml] DEBUG emissary.config.ConfigUtil -   - Loading config for (string) emissary.grapes.Monkey.cfg
2023-12-12 00:43:55,705 [using logback-test.xml] DEBUG emissary.config.ConfigUtil -   - Found config data as file /Users/connor/Projects/work/emissary/target/config/config1A/emissary.grapes.Monkey.cfg
2023-12-12 00:43:55,705 [using logback-test.xml] DEBUG emissary.config.ConfigUtil -   - Attempting flavor merge on emissary.grapes.Monkey-CLUSTER.cfg
2023-12-12 00:43:55,705 [using logback-test.xml] DEBUG emissary.config.ConfigUtil -   - Loading config for (string) emissary.grapes.Monkey-CLUSTER.cfg
2023-12-12 00:43:55,705 [using logback-test.xml] DEBUG emissary.config.ConfigUtil -   - No file config found using new style emissary.grapes.Monkey-CLUSTER.cfg
2023-12-12 00:43:55,705 [using logback-test.xml] DEBUG emissary.config.ConfigUtil -   - No config data as resource for emissary/grapes/Monkey-CLUSTER.cfg
2023-12-12 00:43:55,705 [using logback-test.xml] DEBUG emissary.config.ConfigUtil -   - No file config found using old style Monkey-CLUSTER.cfg
2023-12-12 00:43:55,705 [using logback-test.xml] DEBUG emissary.config.ConfigUtil -   - Unable to opt import flavor config emissary.grapes.Monkey-CLUSTER.cfg
2023-12-12 00:43:55,705 [using logback-test.xml] DEBUG emissary.config.ConfigUtil -   - Loading config for (string) emissary.grapes.Panda.cfg
2023-12-12 00:43:55,705 [using logback-test.xml] DEBUG emissary.config.ConfigUtil -   - No file config found using new style emissary.grapes.Panda.cfg
2023-12-12 00:43:55,705 [using logback-test.xml] DEBUG emissary.config.ConfigUtil -   - No config data as resource for emissary/grapes/Panda.cfg
2023-12-12 00:43:55,705 [using logback-test.xml] DEBUG emissary.config.ConfigUtil -   - No file config found using old style Panda.cfg
2023-12-12 00:43:55,705 [using logback-test.xml] DEBUG emissary.config.ConfigUtil -   - Configured configDirProperty /Users/connor/Projects/work/emissary/target/config
2023-12-12 00:43:55,706 [using logback-test.xml] DEBUG emissary.config.ConfigUtil -   - Configured configDirProperty /Users/connor/Projects/work/emissary/target/config
2023-12-12 00:43:55,707 [using logback-test.xml] DEBUG emissary.config.ConfigUtil -   - Configured configDirProperty /Users/connor/Projects/work/emissary/target/config
2023-12-12 00:43:55,707 [using logback-test.xml] DEBUG emissary.config.ConfigUtil -   - Configured configDirProperty /Users/connor/Projects/work/emissary/target/config
]]></system-out>
  </testcase>
  <testcase name="testDoubleFlavorNaming" classname="emissary.config.ConfigUtilTest" time="0.011">
    <system-out><![CDATA[2023-12-12 00:43:55,708 [using logback-test.xml]  INFO emissary.command.BaseCommand -   - PROJECT_BASE is set to /Users/connor/Projects/work/emissary/target 
2023-12-12 00:43:55,708 [using logback-test.xml]  INFO emissary.command.BaseCommand -   - Setting emissary.config.dir to /Users/connor/Projects/work/emissary/target/config 
2023-12-12 00:43:55,708 [using logback-test.xml]  INFO emissary.command.BaseCommand -   - Setting emissary.bin.dir to /Users/connor/Projects/work/emissary/target/bin 
2023-12-12 00:43:55,708 [using logback-test.xml]  INFO emissary.command.BaseCommand -   - Setting emissary.output.root to /Users/connor/Projects/work/emissary/target/localoutput 
2023-12-12 00:43:55,708 [using logback-test.xml]  INFO emissary.command.BaseCommand -   - Emissary error dir set to /Users/connor/Projects/work/emissary/target/localerror 
2023-12-12 00:43:55,708 [using logback-test.xml]  INFO emissary.command.BaseCommand -   - Setting emissary.node.name to localhost 
2023-12-12 00:43:55,708 [using logback-test.xml]  INFO emissary.command.BaseCommand -   - Setting emissary.node.port to 8001 
2023-12-12 00:43:55,708 [using logback-test.xml]  INFO emissary.command.BaseCommand -   - Setting emissary.node.scheme to http 
2023-12-12 00:43:55,708 [using logback-test.xml]  WARN emissary.command.BaseCommand -   - Not using /Users/connor/Projects/work/emissary/target/config/logback.xml, staying with test config file:/Users/connor/Projects/work/emissary/target/test-classes/logback-test.xml
2023-12-12 00:43:55,710 [using logback-test.xml]  INFO emissary.command.BaseCommand -   - Overriding current emissary.config.flavor null to CLUSTER 
2023-12-12 00:43:55,710 [using logback-test.xml]  INFO emissary.command.BaseCommand -   - PROJECT_BASE is set to /Users/connor/Projects/work/emissary/target 
2023-12-12 00:43:55,710 [using logback-test.xml]  INFO emissary.command.BaseCommand -   - Setting emissary.config.dir to /Users/connor/Projects/work/emissary/target/config 
2023-12-12 00:43:55,710 [using logback-test.xml]  INFO emissary.command.BaseCommand -   - Setting emissary.bin.dir to /Users/connor/Projects/work/emissary/target/bin 
2023-12-12 00:43:55,710 [using logback-test.xml]  INFO emissary.command.BaseCommand -   - Setting emissary.output.root to /Users/connor/Projects/work/emissary/target/localoutput 
2023-12-12 00:43:55,710 [using logback-test.xml]  INFO emissary.command.BaseCommand -   - Emissary error dir set to /Users/connor/Projects/work/emissary/target/localerror 
2023-12-12 00:43:55,710 [using logback-test.xml]  INFO emissary.command.BaseCommand -   - Setting emissary.config.flavor to CLUSTER 
2023-12-12 00:43:55,710 [using logback-test.xml]  INFO emissary.command.BaseCommand -   - Setting emissary.node.name to localhost 
2023-12-12 00:43:55,710 [using logback-test.xml]  INFO emissary.command.BaseCommand -   - Setting emissary.node.port to 8001 
2023-12-12 00:43:55,710 [using logback-test.xml]  INFO emissary.command.BaseCommand -   - Setting emissary.node.scheme to http 
2023-12-12 00:43:55,710 [using logback-test.xml]  WARN emissary.command.BaseCommand -   - Not using /Users/connor/Projects/work/emissary/target/config/logback.xml, staying with test config file:/Users/connor/Projects/work/emissary/target/test-classes/logback-test.xml
2023-12-12 00:43:55,711 [using logback-test.xml]  INFO emissary.command.BaseCommand -   - Overriding current emissary.config.flavor CLUSTER to CLUSTER 
2023-12-12 00:43:55,711 [using logback-test.xml] DEBUG emissary.config.ConfigUtil -   - Configured configDirProperty /Users/connor/Projects/work/emissary/target/config
2023-12-12 00:43:55,711 [using logback-test.xml] DEBUG emissary.config.ConfigUtil -   - Configured configDirProperty /Users/connor/Projects/work/emissary/target/config
2023-12-12 00:43:55,711 [using logback-test.xml] DEBUG emissary.config.ConfigUtil -   - Configured configDirProperty /Users/connor/Projects/work/emissary/target/config
2023-12-12 00:43:55,720 [using logback-test.xml] DEBUG emissary.config.ConfigUtil -   - Configured configDirProperty /Users/connor/Projects/work/emissary/target/config
2023-12-12 00:43:55,720 [using logback-test.xml] DEBUG emissary.config.ConfigUtil -   - Configured configDirProperty /Users/connor/Projects/work/emissary/target/config
]]></system-out>
  </testcase>
  <testcase name="testGetFlavorFromFile" classname="emissary.config.ConfigUtilTest" time="0.003">
    <system-out><![CDATA[2023-12-12 00:43:55,724 [using logback-test.xml]  INFO emissary.command.BaseCommand -   - PROJECT_BASE is set to /Users/connor/Projects/work/emissary/target 
2023-12-12 00:43:55,725 [using logback-test.xml]  INFO emissary.command.BaseCommand -   - Setting emissary.config.dir to /Users/connor/Projects/work/emissary/target/config 
2023-12-12 00:43:55,725 [using logback-test.xml]  INFO emissary.command.BaseCommand -   - Setting emissary.bin.dir to /Users/connor/Projects/work/emissary/target/bin 
2023-12-12 00:43:55,725 [using logback-test.xml]  INFO emissary.command.BaseCommand -   - Setting emissary.output.root to /Users/connor/Projects/work/emissary/target/localoutput 
2023-12-12 00:43:55,725 [using logback-test.xml]  INFO emissary.command.BaseCommand -   - Emissary error dir set to /Users/connor/Projects/work/emissary/target/localerror 
2023-12-12 00:43:55,725 [using logback-test.xml]  INFO emissary.command.BaseCommand -   - Setting emissary.node.name to localhost 
2023-12-12 00:43:55,725 [using logback-test.xml]  INFO emissary.command.BaseCommand -   - Setting emissary.node.port to 8001 
2023-12-12 00:43:55,725 [using logback-test.xml]  INFO emissary.command.BaseCommand -   - Setting emissary.node.scheme to http 
2023-12-12 00:43:55,725 [using logback-test.xml]  WARN emissary.command.BaseCommand -   - Not using /Users/connor/Projects/work/emissary/target/config/logback.xml, staying with test config file:/Users/connor/Projects/work/emissary/target/test-classes/logback-test.xml
2023-12-12 00:43:55,726 [using logback-test.xml]  INFO emissary.command.BaseCommand -   - Overriding current emissary.config.flavor null to CLUSTER 
2023-12-12 00:43:55,726 [using logback-test.xml]  INFO emissary.command.BaseCommand -   - PROJECT_BASE is set to /Users/connor/Projects/work/emissary/target 
2023-12-12 00:43:55,726 [using logback-test.xml]  INFO emissary.command.BaseCommand -   - Setting emissary.config.dir to /Users/connor/Projects/work/emissary/target/config 
2023-12-12 00:43:55,726 [using logback-test.xml]  INFO emissary.command.BaseCommand -   - Setting emissary.bin.dir to /Users/connor/Projects/work/emissary/target/bin 
2023-12-12 00:43:55,726 [using logback-test.xml]  INFO emissary.command.BaseCommand -   - Setting emissary.output.root to /Users/connor/Projects/work/emissary/target/localoutput 
2023-12-12 00:43:55,726 [using logback-test.xml]  INFO emissary.command.BaseCommand -   - Emissary error dir set to /Users/connor/Projects/work/emissary/target/localerror 
2023-12-12 00:43:55,726 [using logback-test.xml]  INFO emissary.command.BaseCommand -   - Setting emissary.config.flavor to CLUSTER 
2023-12-12 00:43:55,726 [using logback-test.xml]  INFO emissary.command.BaseCommand -   - Setting emissary.node.name to localhost 
2023-12-12 00:43:55,726 [using logback-test.xml]  INFO emissary.command.BaseCommand -   - Setting emissary.node.port to 8001 
2023-12-12 00:43:55,726 [using logback-test.xml]  INFO emissary.command.BaseCommand -   - Setting emissary.node.scheme to http 
2023-12-12 00:43:55,726 [using logback-test.xml]  WARN emissary.command.BaseCommand -   - Not using /Users/connor/Projects/work/emissary/target/config/logback.xml, staying with test config file:/Users/connor/Projects/work/emissary/target/test-classes/logback-test.xml
2023-12-12 00:43:55,727 [using logback-test.xml]  INFO emissary.command.BaseCommand -   - Overriding current emissary.config.flavor CLUSTER to CLUSTER 
2023-12-12 00:43:55,728 [using logback-test.xml] DEBUG emissary.config.ConfigUtil -   - Configured configDirProperty /Users/connor/Projects/work/emissary/target/config
2023-12-12 00:43:55,729 [using logback-test.xml] DEBUG emissary.config.ConfigUtil -   - Configured configDirProperty /Users/connor/Projects/work/emissary/target/config
2023-12-12 00:43:55,729 [using logback-test.xml] DEBUG emissary.config.ConfigUtil -   - Configured configDirProperty /Users/connor/Projects/work/emissary/target/config
]]></system-out>
  </testcase>
  <testcase name="testGetFlavorMultipleHyphens" classname="emissary.config.ConfigUtilTest" time="0.003">
    <system-out><![CDATA[2023-12-12 00:43:55,733 [using logback-test.xml]  INFO emissary.command.BaseCommand -   - PROJECT_BASE is set to /Users/connor/Projects/work/emissary/target 
2023-12-12 00:43:55,733 [using logback-test.xml]  INFO emissary.command.BaseCommand -   - Setting emissary.config.dir to /Users/connor/Projects/work/emissary/target/config 
2023-12-12 00:43:55,733 [using logback-test.xml]  INFO emissary.command.BaseCommand -   - Setting emissary.bin.dir to /Users/connor/Projects/work/emissary/target/bin 
2023-12-12 00:43:55,733 [using logback-test.xml]  INFO emissary.command.BaseCommand -   - Setting emissary.output.root to /Users/connor/Projects/work/emissary/target/localoutput 
2023-12-12 00:43:55,733 [using logback-test.xml]  INFO emissary.command.BaseCommand -   - Emissary error dir set to /Users/connor/Projects/work/emissary/target/localerror 
2023-12-12 00:43:55,733 [using logback-test.xml]  INFO emissary.command.BaseCommand -   - Setting emissary.node.name to localhost 
2023-12-12 00:43:55,733 [using logback-test.xml]  INFO emissary.command.BaseCommand -   - Setting emissary.node.port to 8001 
2023-12-12 00:43:55,733 [using logback-test.xml]  INFO emissary.command.BaseCommand -   - Setting emissary.node.scheme to http 
2023-12-12 00:43:55,733 [using logback-test.xml]  WARN emissary.command.BaseCommand -   - Not using /Users/connor/Projects/work/emissary/target/config/logback.xml, staying with test config file:/Users/connor/Projects/work/emissary/target/test-classes/logback-test.xml
2023-12-12 00:43:55,735 [using logback-test.xml]  INFO emissary.command.BaseCommand -   - Overriding current emissary.config.flavor null to CLUSTER 
2023-12-12 00:43:55,735 [using logback-test.xml]  INFO emissary.command.BaseCommand -   - PROJECT_BASE is set to /Users/connor/Projects/work/emissary/target 
2023-12-12 00:43:55,735 [using logback-test.xml]  INFO emissary.command.BaseCommand -   - Setting emissary.config.dir to /Users/connor/Projects/work/emissary/target/config 
2023-12-12 00:43:55,735 [using logback-test.xml]  INFO emissary.command.BaseCommand -   - Setting emissary.bin.dir to /Users/connor/Projects/work/emissary/target/bin 
2023-12-12 00:43:55,735 [using logback-test.xml]  INFO emissary.command.BaseCommand -   - Setting emissary.output.root to /Users/connor/Projects/work/emissary/target/localoutput 
2023-12-12 00:43:55,735 [using logback-test.xml]  INFO emissary.command.BaseCommand -   - Emissary error dir set to /Users/connor/Projects/work/emissary/target/localerror 
2023-12-12 00:43:55,735 [using logback-test.xml]  INFO emissary.command.BaseCommand -   - Setting emissary.config.flavor to CLUSTER 
2023-12-12 00:43:55,735 [using logback-test.xml]  INFO emissary.command.BaseCommand -   - Setting emissary.node.name to localhost 
2023-12-12 00:43:55,735 [using logback-test.xml]  INFO emissary.command.BaseCommand -   - Setting emissary.node.port to 8001 
2023-12-12 00:43:55,735 [using logback-test.xml]  INFO emissary.command.BaseCommand -   - Setting emissary.node.scheme to http 
2023-12-12 00:43:55,735 [using logback-test.xml]  WARN emissary.command.BaseCommand -   - Not using /Users/connor/Projects/work/emissary/target/config/logback.xml, staying with test config file:/Users/connor/Projects/work/emissary/target/test-classes/logback-test.xml
2023-12-12 00:43:55,736 [using logback-test.xml]  INFO emissary.command.BaseCommand -   - Overriding current emissary.config.flavor CLUSTER to CLUSTER 
2023-12-12 00:43:55,736 [using logback-test.xml]  WARN emissary.config.ConfigUtil -   - Filename emissary.util.DrPibbPlace-flavor1-flavor2-flavor3.cfg had multiple - characters, using the last to determin the flavor
2023-12-12 00:43:55,736 [using logback-test.xml] DEBUG emissary.config.ConfigUtil -   - Configured configDirProperty /Users/connor/Projects/work/emissary/target/config
2023-12-12 00:43:55,738 [using logback-test.xml] DEBUG emissary.config.ConfigUtil -   - Configured configDirProperty /Users/connor/Projects/work/emissary/target/config
2023-12-12 00:43:55,738 [using logback-test.xml] DEBUG emissary.config.ConfigUtil -   - Configured configDirProperty /Users/connor/Projects/work/emissary/target/config
]]></system-out>
  </testcase>
  <testcase name="testGetMultipleFlavorFromFile" classname="emissary.config.ConfigUtilTest" time="0.003">
    <system-out><![CDATA[2023-12-12 00:43:55,742 [using logback-test.xml]  INFO emissary.command.BaseCommand -   - PROJECT_BASE is set to /Users/connor/Projects/work/emissary/target 
2023-12-12 00:43:55,742 [using logback-test.xml]  INFO emissary.command.BaseCommand -   - Setting emissary.config.dir to /Users/connor/Projects/work/emissary/target/config 
2023-12-12 00:43:55,742 [using logback-test.xml]  INFO emissary.command.BaseCommand -   - Setting emissary.bin.dir to /Users/connor/Projects/work/emissary/target/bin 
2023-12-12 00:43:55,742 [using logback-test.xml]  INFO emissary.command.BaseCommand -   - Setting emissary.output.root to /Users/connor/Projects/work/emissary/target/localoutput 
2023-12-12 00:43:55,742 [using logback-test.xml]  INFO emissary.command.BaseCommand -   - Emissary error dir set to /Users/connor/Projects/work/emissary/target/localerror 
2023-12-12 00:43:55,742 [using logback-test.xml]  INFO emissary.command.BaseCommand -   - Setting emissary.node.name to localhost 
2023-12-12 00:43:55,742 [using logback-test.xml]  INFO emissary.command.BaseCommand -   - Setting emissary.node.port to 8001 
2023-12-12 00:43:55,742 [using logback-test.xml]  INFO emissary.command.BaseCommand -   - Setting emissary.node.scheme to http 
2023-12-12 00:43:55,742 [using logback-test.xml]  WARN emissary.command.BaseCommand -   - Not using /Users/connor/Projects/work/emissary/target/config/logback.xml, staying with test config file:/Users/connor/Projects/work/emissary/target/test-classes/logback-test.xml
2023-12-12 00:43:55,743 [using logback-test.xml]  INFO emissary.command.BaseCommand -   - Overriding current emissary.config.flavor null to CLUSTER 
2023-12-12 00:43:55,743 [using logback-test.xml]  INFO emissary.command.BaseCommand -   - PROJECT_BASE is set to /Users/connor/Projects/work/emissary/target 
2023-12-12 00:43:55,743 [using logback-test.xml]  INFO emissary.command.BaseCommand -   - Setting emissary.config.dir to /Users/connor/Projects/work/emissary/target/config 
2023-12-12 00:43:55,743 [using logback-test.xml]  INFO emissary.command.BaseCommand -   - Setting emissary.bin.dir to /Users/connor/Projects/work/emissary/target/bin 
2023-12-12 00:43:55,743 [using logback-test.xml]  INFO emissary.command.BaseCommand -   - Setting emissary.output.root to /Users/connor/Projects/work/emissary/target/localoutput 
2023-12-12 00:43:55,743 [using logback-test.xml]  INFO emissary.command.BaseCommand -   - Emissary error dir set to /Users/connor/Projects/work/emissary/target/localerror 
2023-12-12 00:43:55,743 [using logback-test.xml]  INFO emissary.command.BaseCommand -   - Setting emissary.config.flavor to CLUSTER 
2023-12-12 00:43:55,743 [using logback-test.xml]  INFO emissary.command.BaseCommand -   - Setting emissary.node.name to localhost 
2023-12-12 00:43:55,743 [using logback-test.xml]  INFO emissary.command.BaseCommand -   - Setting emissary.node.port to 8001 
2023-12-12 00:43:55,743 [using logback-test.xml]  INFO emissary.command.BaseCommand -   - Setting emissary.node.scheme to http 
2023-12-12 00:43:55,743 [using logback-test.xml]  WARN emissary.command.BaseCommand -   - Not using /Users/connor/Projects/work/emissary/target/config/logback.xml, staying with test config file:/Users/connor/Projects/work/emissary/target/test-classes/logback-test.xml
2023-12-12 00:43:55,744 [using logback-test.xml]  INFO emissary.command.BaseCommand -   - Overriding current emissary.config.flavor CLUSTER to CLUSTER 
2023-12-12 00:43:55,745 [using logback-test.xml] DEBUG emissary.config.ConfigUtil -   - Configured configDirProperty /Users/connor/Projects/work/emissary/target/config
2023-12-12 00:43:55,747 [using logback-test.xml] DEBUG emissary.config.ConfigUtil -   - Configured configDirProperty /Users/connor/Projects/work/emissary/target/config
2023-12-12 00:43:55,747 [using logback-test.xml] DEBUG emissary.config.ConfigUtil -   - Configured configDirProperty /Users/connor/Projects/work/emissary/target/config
]]></system-out>
  </testcase>
  <testcase name="testInitializeWithMultipleConfigDirs" classname="emissary.config.ConfigUtilTest" time="0.002">
    <system-out><![CDATA[2023-12-12 00:43:55,749 [using logback-test.xml]  INFO emissary.command.BaseCommand -   - PROJECT_BASE is set to /Users/connor/Projects/work/emissary/target 
2023-12-12 00:43:55,749 [using logback-test.xml]  INFO emissary.command.BaseCommand -   - Setting emissary.config.dir to /Users/connor/Projects/work/emissary/target/config 
2023-12-12 00:43:55,749 [using logback-test.xml]  INFO emissary.command.BaseCommand -   - Setting emissary.bin.dir to /Users/connor/Projects/work/emissary/target/bin 
2023-12-12 00:43:55,749 [using logback-test.xml]  INFO emissary.command.BaseCommand -   - Setting emissary.output.root to /Users/connor/Projects/work/emissary/target/localoutput 
2023-12-12 00:43:55,749 [using logback-test.xml]  INFO emissary.command.BaseCommand -   - Emissary error dir set to /Users/connor/Projects/work/emissary/target/localerror 
2023-12-12 00:43:55,749 [using logback-test.xml]  INFO emissary.command.BaseCommand -   - Setting emissary.node.name to localhost 
2023-12-12 00:43:55,749 [using logback-test.xml]  INFO emissary.command.BaseCommand -   - Setting emissary.node.port to 8001 
2023-12-12 00:43:55,749 [using logback-test.xml]  INFO emissary.command.BaseCommand -   - Setting emissary.node.scheme to http 
2023-12-12 00:43:55,749 [using logback-test.xml]  WARN emissary.command.BaseCommand -   - Not using /Users/connor/Projects/work/emissary/target/config/logback.xml, staying with test config file:/Users/connor/Projects/work/emissary/target/test-classes/logback-test.xml
2023-12-12 00:43:55,751 [using logback-test.xml]  INFO emissary.command.BaseCommand -   - Overriding current emissary.config.flavor null to CLUSTER 
2023-12-12 00:43:55,751 [using logback-test.xml]  INFO emissary.command.BaseCommand -   - PROJECT_BASE is set to /Users/connor/Projects/work/emissary/target 
2023-12-12 00:43:55,751 [using logback-test.xml]  INFO emissary.command.BaseCommand -   - Setting emissary.config.dir to /Users/connor/Projects/work/emissary/target/config 
2023-12-12 00:43:55,751 [using logback-test.xml]  INFO emissary.command.BaseCommand -   - Setting emissary.bin.dir to /Users/connor/Projects/work/emissary/target/bin 
2023-12-12 00:43:55,751 [using logback-test.xml]  INFO emissary.command.BaseCommand -   - Setting emissary.output.root to /Users/connor/Projects/work/emissary/target/localoutput 
2023-12-12 00:43:55,751 [using logback-test.xml]  INFO emissary.command.BaseCommand -   - Emissary error dir set to /Users/connor/Projects/work/emissary/target/localerror 
2023-12-12 00:43:55,751 [using logback-test.xml]  INFO emissary.command.BaseCommand -   - Setting emissary.config.flavor to CLUSTER 
2023-12-12 00:43:55,751 [using logback-test.xml]  INFO emissary.command.BaseCommand -   - Setting emissary.node.name to localhost 
2023-12-12 00:43:55,751 [using logback-test.xml]  INFO emissary.command.BaseCommand -   - Setting emissary.node.port to 8001 
2023-12-12 00:43:55,751 [using logback-test.xml]  INFO emissary.command.BaseCommand -   - Setting emissary.node.scheme to http 
2023-12-12 00:43:55,751 [using logback-test.xml]  WARN emissary.command.BaseCommand -   - Not using /Users/connor/Projects/work/emissary/target/config/logback.xml, staying with test config file:/Users/connor/Projects/work/emissary/target/test-classes/logback-test.xml
2023-12-12 00:43:55,752 [using logback-test.xml]  INFO emissary.command.BaseCommand -   - Overriding current emissary.config.flavor CLUSTER to CLUSTER 
2023-12-12 00:43:55,752 [using logback-test.xml] DEBUG emissary.config.ConfigUtil -   - Configured configDirProperty /Users/connor/Projects/work/emissary/target/config/config1D,/Users/connor/Projects/work/emissary/target/config/config2D
2023-12-12 00:43:55,752 [using logback-test.xml] DEBUG emissary.config.ConfigUtil -   - Configured configDirProperty /Users/connor/Projects/work/emissary/target/config/config1D,/Users/connor/Projects/work/emissary/target/config/config2D
2023-12-12 00:43:55,752 [using logback-test.xml] DEBUG emissary.config.ConfigUtil -   - Configured configDirProperty /Users/connor/Projects/work/emissary/target/config
2023-12-12 00:43:55,752 [using logback-test.xml] DEBUG emissary.config.ConfigUtil -   - Configured configDirProperty /Users/connor/Projects/work/emissary/target/config
2023-12-12 00:43:55,753 [using logback-test.xml] DEBUG emissary.config.ConfigUtil -   - Configured configDirProperty /Users/connor/Projects/work/emissary/target/config
2023-12-12 00:43:55,753 [using logback-test.xml] DEBUG emissary.config.ConfigUtil -   - Configured configDirProperty /Users/connor/Projects/work/emissary/target/config
]]></system-out>
  </testcase>
  <testcase name="testNoMasterClassNamesFilesExist" classname="emissary.config.ConfigUtilTest" time="0.003">
    <system-out><![CDATA[2023-12-12 00:43:55,755 [using logback-test.xml]  INFO emissary.command.BaseCommand -   - PROJECT_BASE is set to /Users/connor/Projects/work/emissary/target 
2023-12-12 00:43:55,755 [using logback-test.xml]  INFO emissary.command.BaseCommand -   - Setting emissary.config.dir to /Users/connor/Projects/work/emissary/target/config 
2023-12-12 00:43:55,755 [using logback-test.xml]  INFO emissary.command.BaseCommand -   - Setting emissary.bin.dir to /Users/connor/Projects/work/emissary/target/bin 
2023-12-12 00:43:55,755 [using logback-test.xml]  INFO emissary.command.BaseCommand -   - Setting emissary.output.root to /Users/connor/Projects/work/emissary/target/localoutput 
2023-12-12 00:43:55,755 [using logback-test.xml]  INFO emissary.command.BaseCommand -   - Emissary error dir set to /Users/connor/Projects/work/emissary/target/localerror 
2023-12-12 00:43:55,755 [using logback-test.xml]  INFO emissary.command.BaseCommand -   - Setting emissary.node.name to localhost 
2023-12-12 00:43:55,755 [using logback-test.xml]  INFO emissary.command.BaseCommand -   - Setting emissary.node.port to 8001 
2023-12-12 00:43:55,755 [using logback-test.xml]  INFO emissary.command.BaseCommand -   - Setting emissary.node.scheme to http 
2023-12-12 00:43:55,755 [using logback-test.xml]  WARN emissary.command.BaseCommand -   - Not using /Users/connor/Projects/work/emissary/target/config/logback.xml, staying with test config file:/Users/connor/Projects/work/emissary/target/test-classes/logback-test.xml
2023-12-12 00:43:55,757 [using logback-test.xml]  INFO emissary.command.BaseCommand -   - Overriding current emissary.config.flavor null to CLUSTER 
2023-12-12 00:43:55,757 [using logback-test.xml]  INFO emissary.command.BaseCommand -   - PROJECT_BASE is set to /Users/connor/Projects/work/emissary/target 
2023-12-12 00:43:55,757 [using logback-test.xml]  INFO emissary.command.BaseCommand -   - Setting emissary.config.dir to /Users/connor/Projects/work/emissary/target/config 
2023-12-12 00:43:55,757 [using logback-test.xml]  INFO emissary.command.BaseCommand -   - Setting emissary.bin.dir to /Users/connor/Projects/work/emissary/target/bin 
2023-12-12 00:43:55,757 [using logback-test.xml]  INFO emissary.command.BaseCommand -   - Setting emissary.output.root to /Users/connor/Projects/work/emissary/target/localoutput 
2023-12-12 00:43:55,757 [using logback-test.xml]  INFO emissary.command.BaseCommand -   - Emissary error dir set to /Users/connor/Projects/work/emissary/target/localerror 
2023-12-12 00:43:55,757 [using logback-test.xml]  INFO emissary.command.BaseCommand -   - Setting emissary.config.flavor to CLUSTER 
2023-12-12 00:43:55,757 [using logback-test.xml]  INFO emissary.command.BaseCommand -   - Setting emissary.node.name to localhost 
2023-12-12 00:43:55,757 [using logback-test.xml]  INFO emissary.command.BaseCommand -   - Setting emissary.node.port to 8001 
2023-12-12 00:43:55,757 [using logback-test.xml]  INFO emissary.command.BaseCommand -   - Setting emissary.node.scheme to http 
2023-12-12 00:43:55,757 [using logback-test.xml]  WARN emissary.command.BaseCommand -   - Not using /Users/connor/Projects/work/emissary/target/config/logback.xml, staying with test config file:/Users/connor/Projects/work/emissary/target/test-classes/logback-test.xml
2023-12-12 00:43:55,758 [using logback-test.xml]  INFO emissary.command.BaseCommand -   - Overriding current emissary.config.flavor CLUSTER to CLUSTER 
2023-12-12 00:43:55,758 [using logback-test.xml] DEBUG emissary.config.ConfigUtil -   - Configured configDirProperty /Users/connor/Projects/work/emissary/target/config/folder_with_no_cfg_files
2023-12-12 00:43:55,758 [using logback-test.xml] DEBUG emissary.config.ConfigUtil -   - Configured configDirProperty /Users/connor/Projects/work/emissary/target/config/folder_with_no_cfg_files
2023-12-12 00:43:55,760 [using logback-test.xml] DEBUG emissary.config.ConfigUtil -   - Configured configDirProperty /Users/connor/Projects/work/emissary/target/config/folder_with_no_cfg_files
2023-12-12 00:43:55,760 [using logback-test.xml]  WARN emissary.config.ConfigUtil -   - Directory configured but didn't exist: /Users/connor/Projects/work/emissary/target/config/folder_with_no_cfg_files
2023-12-12 00:43:55,760 [using logback-test.xml] DEBUG emissary.config.ConfigUtil -   - Configured configDirProperty /Users/connor/Projects/work/emissary/target/config/folder_with_no_cfg_files
2023-12-12 00:43:55,760 [using logback-test.xml]  WARN emissary.config.ConfigUtil -   - Directory configured but didn't exist: /Users/connor/Projects/work/emissary/target/config/folder_with_no_cfg_files
]]></system-out>
  </testcase>
  <testcase name="testGetFlavorsNotACfgFile" classname="emissary.config.ConfigUtilTest" time="0.007">
    <system-out><![CDATA[2023-12-12 00:43:55,762 [using logback-test.xml]  INFO emissary.command.BaseCommand -   - PROJECT_BASE is set to /Users/connor/Projects/work/emissary/target 
2023-12-12 00:43:55,762 [using logback-test.xml]  INFO emissary.command.BaseCommand -   - Setting emissary.config.dir to /Users/connor/Projects/work/emissary/target/config 
2023-12-12 00:43:55,762 [using logback-test.xml]  INFO emissary.command.BaseCommand -   - Setting emissary.bin.dir to /Users/connor/Projects/work/emissary/target/bin 
2023-12-12 00:43:55,762 [using logback-test.xml]  INFO emissary.command.BaseCommand -   - Setting emissary.output.root to /Users/connor/Projects/work/emissary/target/localoutput 
2023-12-12 00:43:55,762 [using logback-test.xml]  INFO emissary.command.BaseCommand -   - Emissary error dir set to /Users/connor/Projects/work/emissary/target/localerror 
2023-12-12 00:43:55,762 [using logback-test.xml]  INFO emissary.command.BaseCommand -   - Setting emissary.node.name to localhost 
2023-12-12 00:43:55,762 [using logback-test.xml]  INFO emissary.command.BaseCommand -   - Setting emissary.node.port to 8001 
2023-12-12 00:43:55,762 [using logback-test.xml]  INFO emissary.command.BaseCommand -   - Setting emissary.node.scheme to http 
2023-12-12 00:43:55,762 [using logback-test.xml]  WARN emissary.command.BaseCommand -   - Not using /Users/connor/Projects/work/emissary/target/config/logback.xml, staying with test config file:/Users/connor/Projects/work/emissary/target/test-classes/logback-test.xml
2023-12-12 00:43:55,763 [using logback-test.xml]  INFO emissary.command.BaseCommand -   - Overriding current emissary.config.flavor null to CLUSTER 
2023-12-12 00:43:55,763 [using logback-test.xml]  INFO emissary.command.BaseCommand -   - PROJECT_BASE is set to /Users/connor/Projects/work/emissary/target 
2023-12-12 00:43:55,763 [using logback-test.xml]  INFO emissary.command.BaseCommand -   - Setting emissary.config.dir to /Users/connor/Projects/work/emissary/target/config 
2023-12-12 00:43:55,763 [using logback-test.xml]  INFO emissary.command.BaseCommand -   - Setting emissary.bin.dir to /Users/connor/Projects/work/emissary/target/bin 
2023-12-12 00:43:55,763 [using logback-test.xml]  INFO emissary.command.BaseCommand -   - Setting emissary.output.root to /Users/connor/Projects/work/emissary/target/localoutput 
2023-12-12 00:43:55,763 [using logback-test.xml]  INFO emissary.command.BaseCommand -   - Emissary error dir set to /Users/connor/Projects/work/emissary/target/localerror 
2023-12-12 00:43:55,763 [using logback-test.xml]  INFO emissary.command.BaseCommand -   - Setting emissary.config.flavor to CLUSTER 
2023-12-12 00:43:55,763 [using logback-test.xml]  INFO emissary.command.BaseCommand -   - Setting emissary.node.name to localhost 
2023-12-12 00:43:55,763 [using logback-test.xml]  INFO emissary.command.BaseCommand -   - Setting emissary.node.port to 8001 
2023-12-12 00:43:55,763 [using logback-test.xml]  INFO emissary.command.BaseCommand -   - Setting emissary.node.scheme to http 
2023-12-12 00:43:55,763 [using logback-test.xml]  WARN emissary.command.BaseCommand -   - Not using /Users/connor/Projects/work/emissary/target/config/logback.xml, staying with test config file:/Users/connor/Projects/work/emissary/target/test-classes/logback-test.xml
2023-12-12 00:43:55,764 [using logback-test.xml]  INFO emissary.command.BaseCommand -   - Overriding current emissary.config.flavor CLUSTER to CLUSTER 
2023-12-12 00:43:55,765 [using logback-test.xml]  WARN emissary.config.ConfigUtil -   - Not a cfg file: emissary.util.JunkPlace-f1.config
2023-12-12 00:43:55,765 [using logback-test.xml] DEBUG emissary.config.ConfigUtil -   - Configured configDirProperty /Users/connor/Projects/work/emissary/target/config
2023-12-12 00:43:55,770 [using logback-test.xml] DEBUG emissary.config.ConfigUtil -   - Configured configDirProperty /Users/connor/Projects/work/emissary/target/config
2023-12-12 00:43:55,770 [using logback-test.xml] DEBUG emissary.config.ConfigUtil -   - Configured configDirProperty /Users/connor/Projects/work/emissary/target/config
]]></system-out>
  </testcase>
  <testcase name="testGetConfigDirWithMultiple" classname="emissary.config.ConfigUtilTest" time="0.003">
    <system-out><![CDATA[2023-12-12 00:43:55,774 [using logback-test.xml]  INFO emissary.command.BaseCommand -   - PROJECT_BASE is set to /Users/connor/Projects/work/emissary/target 
2023-12-12 00:43:55,774 [using logback-test.xml]  INFO emissary.command.BaseCommand -   - Setting emissary.config.dir to /Users/connor/Projects/work/emissary/target/config 
2023-12-12 00:43:55,774 [using logback-test.xml]  INFO emissary.command.BaseCommand -   - Setting emissary.bin.dir to /Users/connor/Projects/work/emissary/target/bin 
2023-12-12 00:43:55,774 [using logback-test.xml]  INFO emissary.command.BaseCommand -   - Setting emissary.output.root to /Users/connor/Projects/work/emissary/target/localoutput 
2023-12-12 00:43:55,774 [using logback-test.xml]  INFO emissary.command.BaseCommand -   - Emissary error dir set to /Users/connor/Projects/work/emissary/target/localerror 
2023-12-12 00:43:55,774 [using logback-test.xml]  INFO emissary.command.BaseCommand -   - Setting emissary.node.name to localhost 
2023-12-12 00:43:55,774 [using logback-test.xml]  INFO emissary.command.BaseCommand -   - Setting emissary.node.port to 8001 
2023-12-12 00:43:55,774 [using logback-test.xml]  INFO emissary.command.BaseCommand -   - Setting emissary.node.scheme to http 
2023-12-12 00:43:55,774 [using logback-test.xml]  WARN emissary.command.BaseCommand -   - Not using /Users/connor/Projects/work/emissary/target/config/logback.xml, staying with test config file:/Users/connor/Projects/work/emissary/target/test-classes/logback-test.xml
2023-12-12 00:43:55,775 [using logback-test.xml]  INFO emissary.command.BaseCommand -   - Overriding current emissary.config.flavor null to CLUSTER 
2023-12-12 00:43:55,775 [using logback-test.xml]  INFO emissary.command.BaseCommand -   - PROJECT_BASE is set to /Users/connor/Projects/work/emissary/target 
2023-12-12 00:43:55,775 [using logback-test.xml]  INFO emissary.command.BaseCommand -   - Setting emissary.config.dir to /Users/connor/Projects/work/emissary/target/config 
2023-12-12 00:43:55,775 [using logback-test.xml]  INFO emissary.command.BaseCommand -   - Setting emissary.bin.dir to /Users/connor/Projects/work/emissary/target/bin 
2023-12-12 00:43:55,775 [using logback-test.xml]  INFO emissary.command.BaseCommand -   - Setting emissary.output.root to /Users/connor/Projects/work/emissary/target/localoutput 
2023-12-12 00:43:55,775 [using logback-test.xml]  INFO emissary.command.BaseCommand -   - Emissary error dir set to /Users/connor/Projects/work/emissary/target/localerror 
2023-12-12 00:43:55,775 [using logback-test.xml]  INFO emissary.command.BaseCommand -   - Setting emissary.config.flavor to CLUSTER 
2023-12-12 00:43:55,775 [using logback-test.xml]  INFO emissary.command.BaseCommand -   - Setting emissary.node.name to localhost 
2023-12-12 00:43:55,775 [using logback-test.xml]  INFO emissary.command.BaseCommand -   - Setting emissary.node.port to 8001 
2023-12-12 00:43:55,775 [using logback-test.xml]  INFO emissary.command.BaseCommand -   - Setting emissary.node.scheme to http 
2023-12-12 00:43:55,775 [using logback-test.xml]  WARN emissary.command.BaseCommand -   - Not using /Users/connor/Projects/work/emissary/target/config/logback.xml, staying with test config file:/Users/connor/Projects/work/emissary/target/test-classes/logback-test.xml
2023-12-12 00:43:55,776 [using logback-test.xml]  INFO emissary.command.BaseCommand -   - Overriding current emissary.config.flavor CLUSTER to CLUSTER 
2023-12-12 00:43:55,777 [using logback-test.xml] DEBUG emissary.config.ConfigUtil -   - Configured configDirProperty /Users/connor/Projects/work/emissary/target/config/config1D,/Users/connor/Projects/work/emissary/target/config/config2D,/Users/connor/Projects/work/emissary/target/config/config3D
2023-12-12 00:43:55,777 [using logback-test.xml] DEBUG emissary.config.ConfigUtil -   - Configured configDirProperty /Users/connor/Projects/work/emissary/target/config
2023-12-12 00:43:55,777 [using logback-test.xml] DEBUG emissary.config.ConfigUtil -   - Configured configDirProperty /Users/connor/Projects/work/emissary/target/config
2023-12-12 00:43:55,778 [using logback-test.xml] DEBUG emissary.config.ConfigUtil -   - Configured configDirProperty /Users/connor/Projects/work/emissary/target/config
2023-12-12 00:43:55,778 [using logback-test.xml] DEBUG emissary.config.ConfigUtil -   - Configured configDirProperty /Users/connor/Projects/work/emissary/target/config
]]></system-out>
  </testcase>
  <testcase name="testMutlipleConfigDirsWithFlavors" classname="emissary.config.ConfigUtilTest" time="0.004">
    <system-out><![CDATA[2023-12-12 00:43:55,781 [using logback-test.xml]  INFO emissary.command.BaseCommand -   - PROJECT_BASE is set to /Users/connor/Projects/work/emissary/target 
2023-12-12 00:43:55,781 [using logback-test.xml]  INFO emissary.command.BaseCommand -   - Setting emissary.config.dir to /Users/connor/Projects/work/emissary/target/config 
2023-12-12 00:43:55,781 [using logback-test.xml]  INFO emissary.command.BaseCommand -   - Setting emissary.bin.dir to /Users/connor/Projects/work/emissary/target/bin 
2023-12-12 00:43:55,781 [using logback-test.xml]  INFO emissary.command.BaseCommand -   - Setting emissary.output.root to /Users/connor/Projects/work/emissary/target/localoutput 
2023-12-12 00:43:55,782 [using logback-test.xml]  INFO emissary.command.BaseCommand -   - Emissary error dir set to /Users/connor/Projects/work/emissary/target/localerror 
2023-12-12 00:43:55,782 [using logback-test.xml]  INFO emissary.command.BaseCommand -   - Setting emissary.node.name to localhost 
2023-12-12 00:43:55,782 [using logback-test.xml]  INFO emissary.command.BaseCommand -   - Setting emissary.node.port to 8001 
2023-12-12 00:43:55,782 [using logback-test.xml]  INFO emissary.command.BaseCommand -   - Setting emissary.node.scheme to http 
2023-12-12 00:43:55,782 [using logback-test.xml]  WARN emissary.command.BaseCommand -   - Not using /Users/connor/Projects/work/emissary/target/config/logback.xml, staying with test config file:/Users/connor/Projects/work/emissary/target/test-classes/logback-test.xml
2023-12-12 00:43:55,784 [using logback-test.xml]  INFO emissary.command.BaseCommand -   - Overriding current emissary.config.flavor null to CLUSTER 
2023-12-12 00:43:55,784 [using logback-test.xml]  INFO emissary.command.BaseCommand -   - PROJECT_BASE is set to /Users/connor/Projects/work/emissary/target 
2023-12-12 00:43:55,784 [using logback-test.xml]  INFO emissary.command.BaseCommand -   - Setting emissary.config.dir to /Users/connor/Projects/work/emissary/target/config 
2023-12-12 00:43:55,784 [using logback-test.xml]  INFO emissary.command.BaseCommand -   - Setting emissary.bin.dir to /Users/connor/Projects/work/emissary/target/bin 
2023-12-12 00:43:55,784 [using logback-test.xml]  INFO emissary.command.BaseCommand -   - Setting emissary.output.root to /Users/connor/Projects/work/emissary/target/localoutput 
2023-12-12 00:43:55,784 [using logback-test.xml]  INFO emissary.command.BaseCommand -   - Emissary error dir set to /Users/connor/Projects/work/emissary/target/localerror 
2023-12-12 00:43:55,784 [using logback-test.xml]  INFO emissary.command.BaseCommand -   - Setting emissary.config.flavor to CLUSTER 
2023-12-12 00:43:55,784 [using logback-test.xml]  INFO emissary.command.BaseCommand -   - Setting emissary.node.name to localhost 
2023-12-12 00:43:55,784 [using logback-test.xml]  INFO emissary.command.BaseCommand -   - Setting emissary.node.port to 8001 
2023-12-12 00:43:55,784 [using logback-test.xml]  INFO emissary.command.BaseCommand -   - Setting emissary.node.scheme to http 
2023-12-12 00:43:55,784 [using logback-test.xml]  WARN emissary.command.BaseCommand -   - Not using /Users/connor/Projects/work/emissary/target/config/logback.xml, staying with test config file:/Users/connor/Projects/work/emissary/target/test-classes/logback-test.xml
2023-12-12 00:43:55,785 [using logback-test.xml]  INFO emissary.command.BaseCommand -   - Overriding current emissary.config.flavor CLUSTER to CLUSTER 
2023-12-12 00:43:55,787 [using logback-test.xml] DEBUG emissary.config.ConfigUtil -   - Configured configDirProperty /Users/connor/Projects/work/emissary/target/config/config1S,/Users/connor/Projects/work/emissary/target/config/config2B
2023-12-12 00:43:55,787 [using logback-test.xml] DEBUG emissary.config.ConfigUtil -   - Loading config for (string) emissary.blubber.Shark.cfg
2023-12-12 00:43:55,787 [using logback-test.xml] DEBUG emissary.config.ConfigUtil -   - Found config data as file /Users/connor/Projects/work/emissary/target/config/config1S/emissary.blubber.Shark.cfg
2023-12-12 00:43:55,787 [using logback-test.xml] DEBUG emissary.config.ConfigUtil -   - Attempting flavor merge on emissary.blubber.Shark-TESTFLAVOR.cfg
2023-12-12 00:43:55,787 [using logback-test.xml] DEBUG emissary.config.ConfigUtil -   - Loading config for (string) emissary.blubber.Shark-TESTFLAVOR.cfg
2023-12-12 00:43:55,787 [using logback-test.xml] DEBUG emissary.config.ConfigUtil -   - Found config data as file /Users/connor/Projects/work/emissary/target/config/config2B/emissary.blubber.Shark-TESTFLAVOR.cfg
2023-12-12 00:43:55,787 [using logback-test.xml]  WARN emissary.config.ServiceConfigGuide -   - Did not find replacement for 'FOO' in file emissary.blubber.Shark-TESTFLAVOR.cfg at line 0
2023-12-12 00:43:55,787 [using logback-test.xml] DEBUG emissary.config.ConfigUtil -   - Attempting flavor merge on emissary.blubber.Shark-TESTFLAVOR-TESTFLAVOR.cfg
2023-12-12 00:43:55,787 [using logback-test.xml] DEBUG emissary.config.ConfigUtil -   - Loading config for (string) emissary.blubber.Shark-TESTFLAVOR-TESTFLAVOR.cfg
2023-12-12 00:43:55,787 [using logback-test.xml] DEBUG emissary.config.ConfigUtil -   - No file found in any of the configured directories: emissary.blubber.Shark-TESTFLAVOR-TESTFLAVOR.cfg
2023-12-12 00:43:55,787 [using logback-test.xml] DEBUG emissary.config.ConfigUtil -   - No file config found using new style emissary.blubber.Shark-TESTFLAVOR-TESTFLAVOR.cfg
2023-12-12 00:43:55,787 [using logback-test.xml] DEBUG emissary.config.ConfigUtil -   - No config data as resource for emissary/blubber/Shark-TESTFLAVOR-TESTFLAVOR.cfg
2023-12-12 00:43:55,787 [using logback-test.xml] DEBUG emissary.config.ConfigUtil -   - No file found in any of the configured directories: Shark-TESTFLAVOR-TESTFLAVOR.cfg
2023-12-12 00:43:55,787 [using logback-test.xml] DEBUG emissary.config.ConfigUtil -   - No file config found using old style Shark-TESTFLAVOR-TESTFLAVOR.cfg
2023-12-12 00:43:55,787 [using logback-test.xml] DEBUG emissary.config.ConfigUtil -   - Unable to opt import flavor config emissary.blubber.Shark-TESTFLAVOR-TESTFLAVOR.cfg
2023-12-12 00:43:55,787 [using logback-test.xml] DEBUG emissary.config.ConfigUtil -   - Merged config with emissary.blubber.Shark-TESTFLAVOR.cfg
2023-12-12 00:43:55,787 [using logback-test.xml] DEBUG emissary.config.ConfigUtil -   - Configured configDirProperty /Users/connor/Projects/work/emissary/target/config
2023-12-12 00:43:55,788 [using logback-test.xml] DEBUG emissary.config.ConfigUtil -   - Configured configDirProperty /Users/connor/Projects/work/emissary/target/config
2023-12-12 00:43:55,789 [using logback-test.xml] DEBUG emissary.config.ConfigUtil -   - Configured configDirProperty /Users/connor/Projects/work/emissary/target/config
2023-12-12 00:43:55,789 [using logback-test.xml] DEBUG emissary.config.ConfigUtil -   - Configured configDirProperty /Users/connor/Projects/work/emissary/target/config
]]></system-out>
  </testcase>
  <testcase name="testSameMasterClassNamesMultipleDirs" classname="emissary.config.ConfigUtilTest" time="0.007">
    <system-out><![CDATA[2023-12-12 00:43:55,793 [using logback-test.xml]  INFO emissary.command.BaseCommand -   - PROJECT_BASE is set to /Users/connor/Projects/work/emissary/target 
2023-12-12 00:43:55,793 [using logback-test.xml]  INFO emissary.command.BaseCommand -   - Setting emissary.config.dir to /Users/connor/Projects/work/emissary/target/config 
2023-12-12 00:43:55,793 [using logback-test.xml]  INFO emissary.command.BaseCommand -   - Setting emissary.bin.dir to /Users/connor/Projects/work/emissary/target/bin 
2023-12-12 00:43:55,793 [using logback-test.xml]  INFO emissary.command.BaseCommand -   - Setting emissary.output.root to /Users/connor/Projects/work/emissary/target/localoutput 
2023-12-12 00:43:55,793 [using logback-test.xml]  INFO emissary.command.BaseCommand -   - Emissary error dir set to /Users/connor/Projects/work/emissary/target/localerror 
2023-12-12 00:43:55,793 [using logback-test.xml]  INFO emissary.command.BaseCommand -   - Setting emissary.node.name to localhost 
2023-12-12 00:43:55,793 [using logback-test.xml]  INFO emissary.command.BaseCommand -   - Setting emissary.node.port to 8001 
2023-12-12 00:43:55,793 [using logback-test.xml]  INFO emissary.command.BaseCommand -   - Setting emissary.node.scheme to http 
2023-12-12 00:43:55,793 [using logback-test.xml]  WARN emissary.command.BaseCommand -   - Not using /Users/connor/Projects/work/emissary/target/config/logback.xml, staying with test config file:/Users/connor/Projects/work/emissary/target/test-classes/logback-test.xml
2023-12-12 00:43:55,795 [using logback-test.xml]  INFO emissary.command.BaseCommand -   - Overriding current emissary.config.flavor null to CLUSTER 
2023-12-12 00:43:55,795 [using logback-test.xml]  INFO emissary.command.BaseCommand -   - PROJECT_BASE is set to /Users/connor/Projects/work/emissary/target 
2023-12-12 00:43:55,795 [using logback-test.xml]  INFO emissary.command.BaseCommand -   - Setting emissary.config.dir to /Users/connor/Projects/work/emissary/target/config 
2023-12-12 00:43:55,795 [using logback-test.xml]  INFO emissary.command.BaseCommand -   - Setting emissary.bin.dir to /Users/connor/Projects/work/emissary/target/bin 
2023-12-12 00:43:55,795 [using logback-test.xml]  INFO emissary.command.BaseCommand -   - Setting emissary.output.root to /Users/connor/Projects/work/emissary/target/localoutput 
2023-12-12 00:43:55,795 [using logback-test.xml]  INFO emissary.command.BaseCommand -   - Emissary error dir set to /Users/connor/Projects/work/emissary/target/localerror 
2023-12-12 00:43:55,795 [using logback-test.xml]  INFO emissary.command.BaseCommand -   - Setting emissary.config.flavor to CLUSTER 
2023-12-12 00:43:55,795 [using logback-test.xml]  INFO emissary.command.BaseCommand -   - Setting emissary.node.name to localhost 
2023-12-12 00:43:55,795 [using logback-test.xml]  INFO emissary.command.BaseCommand -   - Setting emissary.node.port to 8001 
2023-12-12 00:43:55,795 [using logback-test.xml]  INFO emissary.command.BaseCommand -   - Setting emissary.node.scheme to http 
2023-12-12 00:43:55,795 [using logback-test.xml]  WARN emissary.command.BaseCommand -   - Not using /Users/connor/Projects/work/emissary/target/config/logback.xml, staying with test config file:/Users/connor/Projects/work/emissary/target/test-classes/logback-test.xml
2023-12-12 00:43:55,796 [using logback-test.xml]  INFO emissary.command.BaseCommand -   - Overriding current emissary.config.flavor CLUSTER to CLUSTER 
2023-12-12 00:43:55,797 [using logback-test.xml] DEBUG emissary.config.ConfigUtil -   - Configured configDirProperty /Users/connor/Projects/work/emissary/target/config/cfg1ABC,/Users/connor/Projects/work/emissary/target/config/cfg2ABC
2023-12-12 00:43:55,797 [using logback-test.xml] DEBUG emissary.config.ConfigUtil -   - Reading MasterClassNames from /Users/connor/Projects/work/emissary/target/config/cfg1ABC/emissary.admin.MasterClassNames-sames.cfg
2023-12-12 00:43:55,797 [using logback-test.xml] DEBUG emissary.config.ConfigUtil -   - Reading MasterClassNames from /Users/connor/Projects/work/emissary/target/config/cfg2ABC/emissary.admin.MasterClassNames-sames.cfg
2023-12-12 00:43:55,797 [using logback-test.xml] DEBUG emissary.config.ConfigUtil -   - Configured configDirProperty /Users/connor/Projects/work/emissary/target/config
2023-12-12 00:43:55,797 [using logback-test.xml] DEBUG emissary.config.ConfigUtil -   - Configured configDirProperty /Users/connor/Projects/work/emissary/target/config
2023-12-12 00:43:55,800 [using logback-test.xml] DEBUG emissary.config.ConfigUtil -   - Configured configDirProperty /Users/connor/Projects/work/emissary/target/config
2023-12-12 00:43:55,800 [using logback-test.xml] DEBUG emissary.config.ConfigUtil -   - Configured configDirProperty /Users/connor/Projects/work/emissary/target/config
]]></system-out>
  </testcase>
  <testcase name="testGetNoFlavor" classname="emissary.config.ConfigUtilTest" time="0.034">
    <system-out><![CDATA[2023-12-12 00:43:55,805 [using logback-test.xml]  INFO emissary.command.BaseCommand -   - PROJECT_BASE is set to /Users/connor/Projects/work/emissary/target 
2023-12-12 00:43:55,805 [using logback-test.xml]  INFO emissary.command.BaseCommand -   - Setting emissary.config.dir to /Users/connor/Projects/work/emissary/target/config 
2023-12-12 00:43:55,805 [using logback-test.xml]  INFO emissary.command.BaseCommand -   - Setting emissary.bin.dir to /Users/connor/Projects/work/emissary/target/bin 
2023-12-12 00:43:55,805 [using logback-test.xml]  INFO emissary.command.BaseCommand -   - Setting emissary.output.root to /Users/connor/Projects/work/emissary/target/localoutput 
2023-12-12 00:43:55,805 [using logback-test.xml]  INFO emissary.command.BaseCommand -   - Emissary error dir set to /Users/connor/Projects/work/emissary/target/localerror 
2023-12-12 00:43:55,805 [using logback-test.xml]  INFO emissary.command.BaseCommand -   - Setting emissary.node.name to localhost 
2023-12-12 00:43:55,805 [using logback-test.xml]  INFO emissary.command.BaseCommand -   - Setting emissary.node.port to 8001 
2023-12-12 00:43:55,805 [using logback-test.xml]  INFO emissary.command.BaseCommand -   - Setting emissary.node.scheme to http 
2023-12-12 00:43:55,805 [using logback-test.xml]  WARN emissary.command.BaseCommand -   - Not using /Users/connor/Projects/work/emissary/target/config/logback.xml, staying with test config file:/Users/connor/Projects/work/emissary/target/test-classes/logback-test.xml
2023-12-12 00:43:55,806 [using logback-test.xml]  INFO emissary.command.BaseCommand -   - Overriding current emissary.config.flavor null to CLUSTER 
2023-12-12 00:43:55,806 [using logback-test.xml]  INFO emissary.command.BaseCommand -   - PROJECT_BASE is set to /Users/connor/Projects/work/emissary/target 
2023-12-12 00:43:55,806 [using logback-test.xml]  INFO emissary.command.BaseCommand -   - Setting emissary.config.dir to /Users/connor/Projects/work/emissary/target/config 
2023-12-12 00:43:55,806 [using logback-test.xml]  INFO emissary.command.BaseCommand -   - Setting emissary.bin.dir to /Users/connor/Projects/work/emissary/target/bin 
2023-12-12 00:43:55,806 [using logback-test.xml]  INFO emissary.command.BaseCommand -   - Setting emissary.output.root to /Users/connor/Projects/work/emissary/target/localoutput 
2023-12-12 00:43:55,806 [using logback-test.xml]  INFO emissary.command.BaseCommand -   - Emissary error dir set to /Users/connor/Projects/work/emissary/target/localerror 
2023-12-12 00:43:55,806 [using logback-test.xml]  INFO emissary.command.BaseCommand -   - Setting emissary.config.flavor to CLUSTER 
2023-12-12 00:43:55,806 [using logback-test.xml]  INFO emissary.command.BaseCommand -   - Setting emissary.node.name to localhost 
2023-12-12 00:43:55,806 [using logback-test.xml]  INFO emissary.command.BaseCommand -   - Setting emissary.node.port to 8001 
2023-12-12 00:43:55,806 [using logback-test.xml]  INFO emissary.command.BaseCommand -   - Setting emissary.node.scheme to http 
2023-12-12 00:43:55,806 [using logback-test.xml]  WARN emissary.command.BaseCommand -   - Not using /Users/connor/Projects/work/emissary/target/config/logback.xml, staying with test config file:/Users/connor/Projects/work/emissary/target/test-classes/logback-test.xml
2023-12-12 00:43:55,807 [using logback-test.xml]  INFO emissary.command.BaseCommand -   - Overriding current emissary.config.flavor CLUSTER to CLUSTER 
2023-12-12 00:43:55,807 [using logback-test.xml]  WARN emissary.config.ConfigUtil -   - Not a cfg file: emissary.util.PepperPlace.config
2023-12-12 00:43:55,807 [using logback-test.xml] DEBUG emissary.config.ConfigUtil -   - Configured configDirProperty /Users/connor/Projects/work/emissary/target/config
2023-12-12 00:43:55,834 [using logback-test.xml] DEBUG emissary.config.ConfigUtil -   - Configured configDirProperty /Users/connor/Projects/work/emissary/target/config
2023-12-12 00:43:55,835 [using logback-test.xml] DEBUG emissary.config.ConfigUtil -   - Configured configDirProperty /Users/connor/Projects/work/emissary/target/config
]]></system-out>
  </testcase>
  <testcase name="testBadPreferences" classname="emissary.config.ConfigUtilTest" time="0.017">
    <system-out><![CDATA[2023-12-12 00:43:55,842 [using logback-test.xml]  INFO emissary.command.BaseCommand -   - PROJECT_BASE is set to /Users/connor/Projects/work/emissary/target 
2023-12-12 00:43:55,842 [using logback-test.xml]  INFO emissary.command.BaseCommand -   - Setting emissary.config.dir to /Users/connor/Projects/work/emissary/target/config 
2023-12-12 00:43:55,842 [using logback-test.xml]  INFO emissary.command.BaseCommand -   - Setting emissary.bin.dir to /Users/connor/Projects/work/emissary/target/bin 
2023-12-12 00:43:55,842 [using logback-test.xml]  INFO emissary.command.BaseCommand -   - Setting emissary.output.root to /Users/connor/Projects/work/emissary/target/localoutput 
2023-12-12 00:43:55,842 [using logback-test.xml]  INFO emissary.command.BaseCommand -   - Emissary error dir set to /Users/connor/Projects/work/emissary/target/localerror 
2023-12-12 00:43:55,842 [using logback-test.xml]  INFO emissary.command.BaseCommand -   - Setting emissary.node.name to localhost 
2023-12-12 00:43:55,842 [using logback-test.xml]  INFO emissary.command.BaseCommand -   - Setting emissary.node.port to 8001 
2023-12-12 00:43:55,842 [using logback-test.xml]  INFO emissary.command.BaseCommand -   - Setting emissary.node.scheme to http 
2023-12-12 00:43:55,842 [using logback-test.xml]  WARN emissary.command.BaseCommand -   - Not using /Users/connor/Projects/work/emissary/target/config/logback.xml, staying with test config file:/Users/connor/Projects/work/emissary/target/test-classes/logback-test.xml
2023-12-12 00:43:55,845 [using logback-test.xml]  INFO emissary.command.BaseCommand -   - Overriding current emissary.config.flavor null to CLUSTER 
2023-12-12 00:43:55,845 [using logback-test.xml]  INFO emissary.command.BaseCommand -   - PROJECT_BASE is set to /Users/connor/Projects/work/emissary/target 
2023-12-12 00:43:55,845 [using logback-test.xml]  INFO emissary.command.BaseCommand -   - Setting emissary.config.dir to /Users/connor/Projects/work/emissary/target/config 
2023-12-12 00:43:55,845 [using logback-test.xml]  INFO emissary.command.BaseCommand -   - Setting emissary.bin.dir to /Users/connor/Projects/work/emissary/target/bin 
2023-12-12 00:43:55,845 [using logback-test.xml]  INFO emissary.command.BaseCommand -   - Setting emissary.output.root to /Users/connor/Projects/work/emissary/target/localoutput 
2023-12-12 00:43:55,845 [using logback-test.xml]  INFO emissary.command.BaseCommand -   - Emissary error dir set to /Users/connor/Projects/work/emissary/target/localerror 
2023-12-12 00:43:55,845 [using logback-test.xml]  INFO emissary.command.BaseCommand -   - Setting emissary.config.flavor to CLUSTER 
2023-12-12 00:43:55,845 [using logback-test.xml]  INFO emissary.command.BaseCommand -   - Setting emissary.node.name to localhost 
2023-12-12 00:43:55,845 [using logback-test.xml]  INFO emissary.command.BaseCommand -   - Setting emissary.node.port to 8001 
2023-12-12 00:43:55,845 [using logback-test.xml]  INFO emissary.command.BaseCommand -   - Setting emissary.node.scheme to http 
2023-12-12 00:43:55,845 [using logback-test.xml]  WARN emissary.command.BaseCommand -   - Not using /Users/connor/Projects/work/emissary/target/config/logback.xml, staying with test config file:/Users/connor/Projects/work/emissary/target/test-classes/logback-test.xml
2023-12-12 00:43:55,846 [using logback-test.xml]  INFO emissary.command.BaseCommand -   - Overriding current emissary.config.flavor CLUSTER to CLUSTER 
2023-12-12 00:43:55,847 [using logback-test.xml] DEBUG emissary.config.ConfigUtil -   - Loading config for (string) foo
2023-12-12 00:43:55,847 [using logback-test.xml] DEBUG emissary.config.ConfigUtil -   - No file config found using new style foo
2023-12-12 00:43:55,847 [using logback-test.xml] DEBUG emissary.config.ConfigUtil -   - No config data as resource for foo
2023-12-12 00:43:55,847 [using logback-test.xml] DEBUG emissary.config.ConfigUtil -   - No file config found using old style foo.cfg
2023-12-12 00:43:55,847 [using logback-test.xml] DEBUG emissary.config.ConfigUtil -   - Preference foo not found
2023-12-12 00:43:55,847 [using logback-test.xml] DEBUG emissary.config.ConfigUtil -   - Loading config for (string) bar
2023-12-12 00:43:55,847 [using logback-test.xml] DEBUG emissary.config.ConfigUtil -   - No file config found using new style bar
2023-12-12 00:43:55,847 [using logback-test.xml] DEBUG emissary.config.ConfigUtil -   - No config data as resource for bar
2023-12-12 00:43:55,847 [using logback-test.xml] DEBUG emissary.config.ConfigUtil -   - No file config found using old style bar.cfg
2023-12-12 00:43:55,847 [using logback-test.xml] DEBUG emissary.config.ConfigUtil -   - Preference bar not found
2023-12-12 00:43:55,847 [using logback-test.xml] DEBUG emissary.config.ConfigUtil -   - Loading config for (string) quuz
2023-12-12 00:43:55,847 [using logback-test.xml] DEBUG emissary.config.ConfigUtil -   - No file config found using new style quuz
2023-12-12 00:43:55,847 [using logback-test.xml] DEBUG emissary.config.ConfigUtil -   - No config data as resource for quuz
2023-12-12 00:43:55,847 [using logback-test.xml] DEBUG emissary.config.ConfigUtil -   - No file config found using old style quuz.cfg
2023-12-12 00:43:55,847 [using logback-test.xml] DEBUG emissary.config.ConfigUtil -   - Preference quuz not found
2023-12-12 00:43:55,848 [using logback-test.xml] DEBUG emissary.config.ConfigUtil -   - Configured configDirProperty /Users/connor/Projects/work/emissary/target/config
2023-12-12 00:43:55,862 [using logback-test.xml] DEBUG emissary.config.ConfigUtil -   - Configured configDirProperty /Users/connor/Projects/work/emissary/target/config
2023-12-12 00:43:55,862 [using logback-test.xml] DEBUG emissary.config.ConfigUtil -   - Configured configDirProperty /Users/connor/Projects/work/emissary/target/config
]]></system-out>
  </testcase>
  <testcase name="testPathGeneration" classname="emissary.config.ConfigUtilTest" time="0.007">
    <system-out><![CDATA[2023-12-12 00:43:55,864 [using logback-test.xml]  INFO emissary.command.BaseCommand -   - PROJECT_BASE is set to /Users/connor/Projects/work/emissary/target 
2023-12-12 00:43:55,864 [using logback-test.xml]  INFO emissary.command.BaseCommand -   - Setting emissary.config.dir to /Users/connor/Projects/work/emissary/target/config 
2023-12-12 00:43:55,864 [using logback-test.xml]  INFO emissary.command.BaseCommand -   - Setting emissary.bin.dir to /Users/connor/Projects/work/emissary/target/bin 
2023-12-12 00:43:55,864 [using logback-test.xml]  INFO emissary.command.BaseCommand -   - Setting emissary.output.root to /Users/connor/Projects/work/emissary/target/localoutput 
2023-12-12 00:43:55,864 [using logback-test.xml]  INFO emissary.command.BaseCommand -   - Emissary error dir set to /Users/connor/Projects/work/emissary/target/localerror 
2023-12-12 00:43:55,864 [using logback-test.xml]  INFO emissary.command.BaseCommand -   - Setting emissary.node.name to localhost 
2023-12-12 00:43:55,864 [using logback-test.xml]  INFO emissary.command.BaseCommand -   - Setting emissary.node.port to 8001 
2023-12-12 00:43:55,864 [using logback-test.xml]  INFO emissary.command.BaseCommand -   - Setting emissary.node.scheme to http 
2023-12-12 00:43:55,864 [using logback-test.xml]  WARN emissary.command.BaseCommand -   - Not using /Users/connor/Projects/work/emissary/target/config/logback.xml, staying with test config file:/Users/connor/Projects/work/emissary/target/test-classes/logback-test.xml
2023-12-12 00:43:55,865 [using logback-test.xml]  INFO emissary.command.BaseCommand -   - Overriding current emissary.config.flavor null to CLUSTER 
2023-12-12 00:43:55,865 [using logback-test.xml]  INFO emissary.command.BaseCommand -   - PROJECT_BASE is set to /Users/connor/Projects/work/emissary/target 
2023-12-12 00:43:55,865 [using logback-test.xml]  INFO emissary.command.BaseCommand -   - Setting emissary.config.dir to /Users/connor/Projects/work/emissary/target/config 
2023-12-12 00:43:55,865 [using logback-test.xml]  INFO emissary.command.BaseCommand -   - Setting emissary.bin.dir to /Users/connor/Projects/work/emissary/target/bin 
2023-12-12 00:43:55,865 [using logback-test.xml]  INFO emissary.command.BaseCommand -   - Setting emissary.output.root to /Users/connor/Projects/work/emissary/target/localoutput 
2023-12-12 00:43:55,865 [using logback-test.xml]  INFO emissary.command.BaseCommand -   - Emissary error dir set to /Users/connor/Projects/work/emissary/target/localerror 
2023-12-12 00:43:55,865 [using logback-test.xml]  INFO emissary.command.BaseCommand -   - Setting emissary.config.flavor to CLUSTER 
2023-12-12 00:43:55,865 [using logback-test.xml]  INFO emissary.command.BaseCommand -   - Setting emissary.node.name to localhost 
2023-12-12 00:43:55,865 [using logback-test.xml]  INFO emissary.command.BaseCommand -   - Setting emissary.node.port to 8001 
2023-12-12 00:43:55,865 [using logback-test.xml]  INFO emissary.command.BaseCommand -   - Setting emissary.node.scheme to http 
2023-12-12 00:43:55,865 [using logback-test.xml]  WARN emissary.command.BaseCommand -   - Not using /Users/connor/Projects/work/emissary/target/config/logback.xml, staying with test config file:/Users/connor/Projects/work/emissary/target/test-classes/logback-test.xml
2023-12-12 00:43:55,866 [using logback-test.xml]  INFO emissary.command.BaseCommand -   - Overriding current emissary.config.flavor CLUSTER to CLUSTER 
2023-12-12 00:43:55,867 [using logback-test.xml] DEBUG emissary.config.ConfigUtil -   - Configured configDirProperty /Users/connor/Projects/work/emissary/target/config
2023-12-12 00:43:55,870 [using logback-test.xml] DEBUG emissary.config.ConfigUtil -   - Configured configDirProperty /Users/connor/Projects/work/emissary/target/config
2023-12-12 00:43:55,871 [using logback-test.xml] DEBUG emissary.config.ConfigUtil -   - Configured configDirProperty /Users/connor/Projects/work/emissary/target/config
]]></system-out>
  </testcase>
  <testcase name="testSingleFlavorNaming" classname="emissary.config.ConfigUtilTest" time="0.004">
    <system-out><![CDATA[2023-12-12 00:43:55,874 [using logback-test.xml]  INFO emissary.command.BaseCommand -   - PROJECT_BASE is set to /Users/connor/Projects/work/emissary/target 
2023-12-12 00:43:55,874 [using logback-test.xml]  INFO emissary.command.BaseCommand -   - Setting emissary.config.dir to /Users/connor/Projects/work/emissary/target/config 
2023-12-12 00:43:55,874 [using logback-test.xml]  INFO emissary.command.BaseCommand -   - Setting emissary.bin.dir to /Users/connor/Projects/work/emissary/target/bin 
2023-12-12 00:43:55,874 [using logback-test.xml]  INFO emissary.command.BaseCommand -   - Setting emissary.output.root to /Users/connor/Projects/work/emissary/target/localoutput 
2023-12-12 00:43:55,874 [using logback-test.xml]  INFO emissary.command.BaseCommand -   - Emissary error dir set to /Users/connor/Projects/work/emissary/target/localerror 
2023-12-12 00:43:55,874 [using logback-test.xml]  INFO emissary.command.BaseCommand -   - Setting emissary.node.name to localhost 
2023-12-12 00:43:55,874 [using logback-test.xml]  INFO emissary.command.BaseCommand -   - Setting emissary.node.port to 8001 
2023-12-12 00:43:55,874 [using logback-test.xml]  INFO emissary.command.BaseCommand -   - Setting emissary.node.scheme to http 
2023-12-12 00:43:55,874 [using logback-test.xml]  WARN emissary.command.BaseCommand -   - Not using /Users/connor/Projects/work/emissary/target/config/logback.xml, staying with test config file:/Users/connor/Projects/work/emissary/target/test-classes/logback-test.xml
2023-12-12 00:43:55,875 [using logback-test.xml]  INFO emissary.command.BaseCommand -   - Overriding current emissary.config.flavor null to CLUSTER 
2023-12-12 00:43:55,875 [using logback-test.xml]  INFO emissary.command.BaseCommand -   - PROJECT_BASE is set to /Users/connor/Projects/work/emissary/target 
2023-12-12 00:43:55,875 [using logback-test.xml]  INFO emissary.command.BaseCommand -   - Setting emissary.config.dir to /Users/connor/Projects/work/emissary/target/config 
2023-12-12 00:43:55,875 [using logback-test.xml]  INFO emissary.command.BaseCommand -   - Setting emissary.bin.dir to /Users/connor/Projects/work/emissary/target/bin 
2023-12-12 00:43:55,875 [using logback-test.xml]  INFO emissary.command.BaseCommand -   - Setting emissary.output.root to /Users/connor/Projects/work/emissary/target/localoutput 
2023-12-12 00:43:55,875 [using logback-test.xml]  INFO emissary.command.BaseCommand -   - Emissary error dir set to /Users/connor/Projects/work/emissary/target/localerror 
2023-12-12 00:43:55,875 [using logback-test.xml]  INFO emissary.command.BaseCommand -   - Setting emissary.config.flavor to CLUSTER 
2023-12-12 00:43:55,875 [using logback-test.xml]  INFO emissary.command.BaseCommand -   - Setting emissary.node.name to localhost 
2023-12-12 00:43:55,875 [using logback-test.xml]  INFO emissary.command.BaseCommand -   - Setting emissary.node.port to 8001 
2023-12-12 00:43:55,875 [using logback-test.xml]  INFO emissary.command.BaseCommand -   - Setting emissary.node.scheme to http 
2023-12-12 00:43:55,875 [using logback-test.xml]  WARN emissary.command.BaseCommand -   - Not using /Users/connor/Projects/work/emissary/target/config/logback.xml, staying with test config file:/Users/connor/Projects/work/emissary/target/test-classes/logback-test.xml
2023-12-12 00:43:55,876 [using logback-test.xml]  INFO emissary.command.BaseCommand -   - Overriding current emissary.config.flavor CLUSTER to CLUSTER 
2023-12-12 00:43:55,877 [using logback-test.xml] DEBUG emissary.config.ConfigUtil -   - Configured configDirProperty /Users/connor/Projects/work/emissary/target/config
2023-12-12 00:43:55,877 [using logback-test.xml] DEBUG emissary.config.ConfigUtil -   - Configured configDirProperty /Users/connor/Projects/work/emissary/target/config
2023-12-12 00:43:55,877 [using logback-test.xml] DEBUG emissary.config.ConfigUtil -   - Configured configDirProperty /Users/connor/Projects/work/emissary/target/config
2023-12-12 00:43:55,878 [using logback-test.xml] DEBUG emissary.config.ConfigUtil -   - Configured configDirProperty /Users/connor/Projects/work/emissary/target/config
2023-12-12 00:43:55,878 [using logback-test.xml] DEBUG emissary.config.ConfigUtil -   - Configured configDirProperty /Users/connor/Projects/work/emissary/target/config
]]></system-out>
  </testcase>
  <testcase name="testFlavorMergeWithVariableExpansion" classname="emissary.config.ConfigUtilTest" time="0.011">
    <system-out><![CDATA[2023-12-12 00:43:55,881 [using logback-test.xml]  INFO emissary.command.BaseCommand -   - PROJECT_BASE is set to /Users/connor/Projects/work/emissary/target 
2023-12-12 00:43:55,881 [using logback-test.xml]  INFO emissary.command.BaseCommand -   - Setting emissary.config.dir to /Users/connor/Projects/work/emissary/target/config 
2023-12-12 00:43:55,881 [using logback-test.xml]  INFO emissary.command.BaseCommand -   - Setting emissary.bin.dir to /Users/connor/Projects/work/emissary/target/bin 
2023-12-12 00:43:55,881 [using logback-test.xml]  INFO emissary.command.BaseCommand -   - Setting emissary.output.root to /Users/connor/Projects/work/emissary/target/localoutput 
2023-12-12 00:43:55,881 [using logback-test.xml]  INFO emissary.command.BaseCommand -   - Emissary error dir set to /Users/connor/Projects/work/emissary/target/localerror 
2023-12-12 00:43:55,881 [using logback-test.xml]  INFO emissary.command.BaseCommand -   - Setting emissary.node.name to localhost 
2023-12-12 00:43:55,881 [using logback-test.xml]  INFO emissary.command.BaseCommand -   - Setting emissary.node.port to 8001 
2023-12-12 00:43:55,881 [using logback-test.xml]  INFO emissary.command.BaseCommand -   - Setting emissary.node.scheme to http 
2023-12-12 00:43:55,881 [using logback-test.xml]  WARN emissary.command.BaseCommand -   - Not using /Users/connor/Projects/work/emissary/target/config/logback.xml, staying with test config file:/Users/connor/Projects/work/emissary/target/test-classes/logback-test.xml
2023-12-12 00:43:55,882 [using logback-test.xml]  INFO emissary.command.BaseCommand -   - Overriding current emissary.config.flavor null to CLUSTER 
2023-12-12 00:43:55,882 [using logback-test.xml]  INFO emissary.command.BaseCommand -   - PROJECT_BASE is set to /Users/connor/Projects/work/emissary/target 
2023-12-12 00:43:55,882 [using logback-test.xml]  INFO emissary.command.BaseCommand -   - Setting emissary.config.dir to /Users/connor/Projects/work/emissary/target/config 
2023-12-12 00:43:55,882 [using logback-test.xml]  INFO emissary.command.BaseCommand -   - Setting emissary.bin.dir to /Users/connor/Projects/work/emissary/target/bin 
2023-12-12 00:43:55,882 [using logback-test.xml]  INFO emissary.command.BaseCommand -   - Setting emissary.output.root to /Users/connor/Projects/work/emissary/target/localoutput 
2023-12-12 00:43:55,882 [using logback-test.xml]  INFO emissary.command.BaseCommand -   - Emissary error dir set to /Users/connor/Projects/work/emissary/target/localerror 
2023-12-12 00:43:55,882 [using logback-test.xml]  INFO emissary.command.BaseCommand -   - Setting emissary.config.flavor to CLUSTER 
2023-12-12 00:43:55,882 [using logback-test.xml]  INFO emissary.command.BaseCommand -   - Setting emissary.node.name to localhost 
2023-12-12 00:43:55,882 [using logback-test.xml]  INFO emissary.command.BaseCommand -   - Setting emissary.node.port to 8001 
2023-12-12 00:43:55,882 [using logback-test.xml]  INFO emissary.command.BaseCommand -   - Setting emissary.node.scheme to http 
2023-12-12 00:43:55,882 [using logback-test.xml]  WARN emissary.command.BaseCommand -   - Not using /Users/connor/Projects/work/emissary/target/config/logback.xml, staying with test config file:/Users/connor/Projects/work/emissary/target/test-classes/logback-test.xml
2023-12-12 00:43:55,883 [using logback-test.xml]  INFO emissary.command.BaseCommand -   - Overriding current emissary.config.flavor CLUSTER to CLUSTER 
2023-12-12 00:43:55,884 [using logback-test.xml] DEBUG emissary.config.ConfigUtil -   - Configured configDirProperty /Users/connor/Projects/work/emissary/target/config
2023-12-12 00:43:55,884 [using logback-test.xml] DEBUG emissary.config.ConfigUtil -   - Loading config for (string) emissary.blubber.Shark.cfg
2023-12-12 00:43:55,884 [using logback-test.xml] DEBUG emissary.config.ConfigUtil -   - Found config data as file /Users/connor/Projects/work/emissary/target/config/emissary.blubber.Shark.cfg
2023-12-12 00:43:55,884 [using logback-test.xml] DEBUG emissary.config.ConfigUtil -   - Attempting flavor merge on emissary.blubber.Shark-TESTFLAVOR.cfg
2023-12-12 00:43:55,884 [using logback-test.xml] DEBUG emissary.config.ConfigUtil -   - Loading config for (string) emissary.blubber.Shark-TESTFLAVOR.cfg
2023-12-12 00:43:55,884 [using logback-test.xml] DEBUG emissary.config.ConfigUtil -   - Found config data as file /Users/connor/Projects/work/emissary/target/config/emissary.blubber.Shark-TESTFLAVOR.cfg
2023-12-12 00:43:55,884 [using logback-test.xml]  WARN emissary.config.ServiceConfigGuide -   - Did not find replacement for 'FOO' in file emissary.blubber.Shark-TESTFLAVOR.cfg at line 0
2023-12-12 00:43:55,884 [using logback-test.xml] DEBUG emissary.config.ConfigUtil -   - Attempting flavor merge on emissary.blubber.Shark-TESTFLAVOR-TESTFLAVOR.cfg
2023-12-12 00:43:55,884 [using logback-test.xml] DEBUG emissary.config.ConfigUtil -   - Loading config for (string) emissary.blubber.Shark-TESTFLAVOR-TESTFLAVOR.cfg
2023-12-12 00:43:55,884 [using logback-test.xml] DEBUG emissary.config.ConfigUtil -   - No file config found using new style emissary.blubber.Shark-TESTFLAVOR-TESTFLAVOR.cfg
2023-12-12 00:43:55,888 [using logback-test.xml] DEBUG emissary.config.ConfigUtil -   - No config data as resource for emissary/blubber/Shark-TESTFLAVOR-TESTFLAVOR.cfg
2023-12-12 00:43:55,889 [using logback-test.xml] DEBUG emissary.config.ConfigUtil -   - No file config found using old style Shark-TESTFLAVOR-TESTFLAVOR.cfg
2023-12-12 00:43:55,889 [using logback-test.xml] DEBUG emissary.config.ConfigUtil -   - Unable to opt import flavor config emissary.blubber.Shark-TESTFLAVOR-TESTFLAVOR.cfg
2023-12-12 00:43:55,889 [using logback-test.xml] DEBUG emissary.config.ConfigUtil -   - Merged config with emissary.blubber.Shark-TESTFLAVOR.cfg
2023-12-12 00:43:55,889 [using logback-test.xml] DEBUG emissary.config.ConfigUtil -   - Configured configDirProperty /Users/connor/Projects/work/emissary/target/config
2023-12-12 00:43:55,891 [using logback-test.xml] DEBUG emissary.config.ConfigUtil -   - Configured configDirProperty /Users/connor/Projects/work/emissary/target/config
2023-12-12 00:43:55,891 [using logback-test.xml] DEBUG emissary.config.ConfigUtil -   - Configured configDirProperty /Users/connor/Projects/work/emissary/target/config
2023-12-12 00:43:55,891 [using logback-test.xml] DEBUG emissary.config.ConfigUtil -   - Configured configDirProperty /Users/connor/Projects/work/emissary/target/config
]]></system-out>
  </testcase>
</testsuite>