<?xml version="1.0" encoding="UTF-8"?>
<testsuite xmlns:xsi="http://www.w3.org/2001/XMLSchema-instance" xsi:noNamespaceSchemaLocation="https://maven.apache.org/surefire/maven-surefire-plugin/xsd/surefire-test-report-3.0.xsd" version="3.0" name="emissary.server.mvc.internal.DeregisterPlaceActionTest" time="1.001" tests="11" errors="0" skipped="0" failures="0">
  <properties>
    <property name="git.tags" value="8.0.0-M10"/>
    <property name="java.specification.version" value="17"/>
    <property name="sun.jnu.encoding" value="UTF-8"/>
    <property name="git.build.version" value="8.0.0-M10"/>
    <property name="java.class.path" value="/Users/connor/Projects/work/emissary/target/test-classes:/Users/connor/Projects/work/emissary/target/classes:/Users/connor/.m2/repository/ch/qos/logback/logback-classic/1.3.12/logback-classic-1.3.12.jar:/Users/connor/.m2/repository/ch/qos/logback/logback-core/1.3.12/logback-core-1.3.12.jar:/Users/connor/.m2/repository/com/fasterxml/jackson/core/jackson-databind/2.13.4.2/jackson-databind-2.13.4.2.jar:/Users/connor/.m2/repository/com/fasterxml/jackson/core/jackson-annotations/2.13.4/jackson-annotations-2.13.4.jar:/Users/connor/.m2/repository/com/fasterxml/jackson/core/jackson-core/2.13.4/jackson-core-2.13.4.jar:/Users/connor/.m2/repository/com/github/spullara/mustache/java/compiler/0.9.10/compiler-0.9.10.jar:/Users/connor/.m2/repository/com/google/code/gson/gson/2.8.9/gson-2.8.9.jar:/Users/connor/.m2/repository/com/google/guava/guava/32.0.0-jre/guava-32.0.0-jre.jar:/Users/connor/.m2/repository/com/google/guava/failureaccess/1.0.1/failureaccess-1.0.1.jar:/Users/connor/.m2/repository/com/google/guava/listenablefuture/9999.0-empty-to-avoid-conflict-with-guava/listenablefuture-9999.0-empty-to-avoid-conflict-with-guava.jar:/Users/connor/.m2/repository/com/google/code/findbugs/jsr305/3.0.2/jsr305-3.0.2.jar:/Users/connor/.m2/repository/org/checkerframework/checker-qual/3.33.0/checker-qual-3.33.0.jar:/Users/connor/.m2/repository/com/google/errorprone/error_prone_annotations/2.18.0/error_prone_annotations-2.18.0.jar:/Users/connor/.m2/repository/com/google/j2objc/j2objc-annotations/2.8/j2objc-annotations-2.8.jar:/Users/connor/.m2/repository/commons-cli/commons-cli/1.5.0/commons-cli-1.5.0.jar:/Users/connor/.m2/repository/commons-codec/commons-codec/1.15/commons-codec-1.15.jar:/Users/connor/.m2/repository/commons-io/commons-io/2.11.0/commons-io-2.11.0.jar:/Users/connor/.m2/repository/info/picocli/picocli/4.7.4/picocli-4.7.4.jar:/Users/connor/.m2/repository/io/dropwizard/metrics/metrics-graphite/4.2.4/metrics-graphite-4.2.4.jar:/Users/connor/.m2/repository/io/dropwizard/metrics/metrics-core/4.2.4/metrics-core-4.2.4.jar:/Users/connor/.m2/repository/com/rabbitmq/amqp-client/5.13.1/amqp-client-5.13.1.jar:/Users/connor/.m2/repository/io/dropwizard/metrics/metrics-healthchecks/4.2.4/metrics-healthchecks-4.2.4.jar:/Users/connor/.m2/repository/io/dropwizard/metrics/metrics-jmx/4.2.4/metrics-jmx-4.2.4.jar:/Users/connor/.m2/repository/io/dropwizard/metrics/metrics-jvm/4.2.4/metrics-jvm-4.2.4.jar:/Users/connor/.m2/repository/io/dropwizard/metrics/metrics-servlets/4.2.4/metrics-servlets-4.2.4.jar:/Users/connor/.m2/repository/io/dropwizard/metrics/metrics-json/4.2.4/metrics-json-4.2.4.jar:/Users/connor/.m2/repository/com/helger/profiler/1.1.1/profiler-1.1.1.jar:/Users/connor/.m2/repository/jakarta/activation/jakarta.activation-api/1.2.2/jakarta.activation-api-1.2.2.jar:/Users/connor/.m2/repository/jakarta/servlet/jakarta.servlet-api/4.0.3/jakarta.servlet-api-4.0.3.jar:/Users/connor/.m2/repository/jakarta/xml/bind/jakarta.xml.bind-api/2.3.3/jakarta.xml.bind-api-2.3.3.jar:/Users/connor/.m2/repository/net/logstash/logback/logstash-logback-encoder/7.2/logstash-logback-encoder-7.2.jar:/Users/connor/.m2/repository/net/spy/spymemcached/2.12.3/spymemcached-2.12.3.jar:/Users/connor/.m2/repository/org/apache/commons/commons-collections4/4.4/commons-collections4-4.4.jar:/Users/connor/.m2/repository/org/apache/commons/commons-compress/1.21/commons-compress-1.21.jar:/Users/connor/.m2/repository/org/apache/commons/commons-exec/1.3/commons-exec-1.3.jar:/Users/connor/.m2/repository/org/apache/commons/commons-lang3/3.12.0/commons-lang3-3.12.0.jar:/Users/connor/.m2/repository/org/apache/commons/commons-pool2/2.11.1/commons-pool2-2.11.1.jar:/Users/connor/.m2/repository/org/apache/httpcomponents/client5/httpclient5/5.2.1/httpclient5-5.2.1.jar:/Users/connor/.m2/repository/org/apache/httpcomponents/core5/httpcore5/5.2.1/httpcore5-5.2.1.jar:/Users/connor/.m2/repository/org/apache/httpcomponents/core5/httpcore5-h2/5.2/httpcore5-h2-5.2.jar:/Users/connor/.m2/repository/org/codehaus/janino/janino/3.1.7/janino-3.1.7.jar:/Users/connor/.m2/repository/org/codehaus/janino/commons-compiler/3.1.7/commons-compiler-3.1.7.jar:/Users/connor/.m2/repository/org/eclipse/jetty/jetty-plus/10.0.15/jetty-plus-10.0.15.jar:/Users/connor/.m2/repository/jakarta/transaction/jakarta.transaction-api/1.3.3/jakarta.transaction-api-1.3.3.jar:/Users/connor/.m2/repository/org/eclipse/jetty/jetty-jndi/10.0.15/jetty-jndi-10.0.15.jar:/Users/connor/.m2/repository/org/eclipse/jetty/jetty-security/10.0.15/jetty-security-10.0.15.jar:/Users/connor/.m2/repository/org/eclipse/jetty/jetty-server/10.0.15/jetty-server-10.0.15.jar:/Users/connor/.m2/repository/org/eclipse/jetty/jetty-http/10.0.15/jetty-http-10.0.15.jar:/Users/connor/.m2/repository/org/eclipse/jetty/jetty-io/10.0.15/jetty-io-10.0.15.jar:/Users/connor/.m2/repository/org/eclipse/jetty/jetty-util/10.0.15/jetty-util-10.0.15.jar:/Users/connor/.m2/repository/org/eclipse/jetty/jetty-webapp/10.0.15/jetty-webapp-10.0.15.jar:/Users/connor/.m2/repository/org/eclipse/jetty/jetty-servlet/10.0.15/jetty-servlet-10.0.15.jar:/Users/connor/.m2/repository/org/eclipse/jetty/jetty-xml/10.0.15/jetty-xml-10.0.15.jar:/Users/connor/.m2/repository/org/glassfish/jaxb/jaxb-runtime/2.3.8/jaxb-runtime-2.3.8.jar:/Users/connor/.m2/repository/org/glassfish/jaxb/txw2/2.3.8/txw2-2.3.8.jar:/Users/connor/.m2/repository/com/sun/istack/istack-commons-runtime/3.0.12/istack-commons-runtime-3.0.12.jar:/Users/connor/.m2/repository/com/sun/activation/jakarta.activation/1.2.2/jakarta.activation-1.2.2.jar:/Users/connor/.m2/repository/org/glassfish/jersey/containers/jersey-container-jetty-http/2.40/jersey-container-jetty-http-2.40.jar:/Users/connor/.m2/repository/org/glassfish/hk2/external/jakarta.inject/2.6.1/jakarta.inject-2.6.1.jar:/Users/connor/.m2/repository/org/eclipse/jetty/jetty-continuation/9.4.51.v20230217/jetty-continuation-9.4.51.v20230217.jar:/Users/connor/.m2/repository/jakarta/ws/rs/jakarta.ws.rs-api/2.1.6/jakarta.ws.rs-api-2.1.6.jar:/Users/connor/.m2/repository/org/glassfish/jersey/containers/jersey-container-servlet-core/2.40/jersey-container-servlet-core-2.40.jar:/Users/connor/.m2/repository/org/glassfish/jersey/core/jersey-common/2.40/jersey-common-2.40.jar:/Users/connor/.m2/repository/jakarta/annotation/jakarta.annotation-api/1.3.5/jakarta.annotation-api-1.3.5.jar:/Users/connor/.m2/repository/org/glassfish/hk2/osgi-resource-locator/1.0.3/osgi-resource-locator-1.0.3.jar:/Users/connor/.m2/repository/org/glassfish/jersey/core/jersey-server/2.40/jersey-server-2.40.jar:/Users/connor/.m2/repository/org/glassfish/jersey/core/jersey-client/2.40/jersey-client-2.40.jar:/Users/connor/.m2/repository/jakarta/validation/jakarta.validation-api/2.0.2/jakarta.validation-api-2.0.2.jar:/Users/connor/.m2/repository/org/glassfish/jersey/ext/jersey-mvc/2.40/jersey-mvc-2.40.jar:/Users/connor/.m2/repository/org/glassfish/jersey/ext/jersey-mvc-mustache/2.40/jersey-mvc-mustache-2.40.jar:/Users/connor/.m2/repository/org/glassfish/jersey/inject/jersey-hk2/2.40/jersey-hk2-2.40.jar:/Users/connor/.m2/repository/org/glassfish/hk2/hk2-locator/2.6.1/hk2-locator-2.6.1.jar:/Users/connor/.m2/repository/org/glassfish/hk2/external/aopalliance-repackaged/2.6.1/aopalliance-repackaged-2.6.1.jar:/Users/connor/.m2/repository/org/glassfish/hk2/hk2-api/2.6.1/hk2-api-2.6.1.jar:/Users/connor/.m2/repository/org/glassfish/hk2/hk2-utils/2.6.1/hk2-utils-2.6.1.jar:/Users/connor/.m2/repository/org/javassist/javassist/3.29.2-GA/javassist-3.29.2-GA.jar:/Users/connor/.m2/repository/org/glassfish/jersey/media/jersey-media-json-jackson/2.40/jersey-media-json-jackson-2.40.jar:/Users/connor/.m2/repository/org/glassfish/jersey/ext/jersey-entity-filtering/2.40/jersey-entity-filtering-2.40.jar:/Users/connor/.m2/repository/com/fasterxml/jackson/module/jackson-module-jaxb-annotations/2.13.4/jackson-module-jaxb-annotations-2.13.4.jar:/Users/connor/.m2/repository/org/glassfish/jersey/media/jersey-media-multipart/2.40/jersey-media-multipart-2.40.jar:/Users/connor/.m2/repository/org/jvnet/mimepull/mimepull/1.9.15/mimepull-1.9.15.jar:/Users/connor/.m2/repository/org/jdom/jdom2/2.0.6.1/jdom2-2.0.6.1.jar:/Users/connor/.m2/repository/org/slf4j/log4j-over-slf4j/2.0.7/log4j-over-slf4j-2.0.7.jar:/Users/connor/.m2/repository/org/slf4j/slf4j-api/2.0.7/slf4j-api-2.0.7.jar:/Users/connor/.m2/repository/org/glassfish/jersey/test-framework/providers/jersey-test-framework-provider-jetty/2.40/jersey-test-framework-provider-jetty-2.40.jar:/Users/connor/.m2/repository/org/glassfish/jersey/test-framework/jersey-test-framework-core/2.40/jersey-test-framework-core-2.40.jar:/Users/connor/.m2/repository/org/glassfish/jersey/media/jersey-media-jaxb/2.40/jersey-media-jaxb-2.40.jar:/Users/connor/.m2/repository/org/hamcrest/hamcrest/2.2/hamcrest-2.2.jar:/Users/connor/.m2/repository/org/junit/jupiter/junit-jupiter/5.8.2/junit-jupiter-5.8.2.jar:/Users/connor/.m2/repository/org/junit/jupiter/junit-jupiter-api/5.8.2/junit-jupiter-api-5.8.2.jar:/Users/connor/.m2/repository/org/opentest4j/opentest4j/1.2.0/opentest4j-1.2.0.jar:/Users/connor/.m2/repository/org/junit/platform/junit-platform-commons/1.8.2/junit-platform-commons-1.8.2.jar:/Users/connor/.m2/repository/org/junit/jupiter/junit-jupiter-params/5.8.2/junit-jupiter-params-5.8.2.jar:/Users/connor/.m2/repository/org/junit/jupiter/junit-jupiter-engine/5.8.2/junit-jupiter-engine-5.8.2.jar:/Users/connor/.m2/repository/org/junit/vintage/junit-vintage-engine/5.8.2/junit-vintage-engine-5.8.2.jar:/Users/connor/.m2/repository/org/junit/platform/junit-platform-engine/1.8.2/junit-platform-engine-1.8.2.jar:/Users/connor/.m2/repository/junit/junit/4.13.2/junit-4.13.2.jar:/Users/connor/.m2/repository/org/apiguardian/apiguardian-api/1.1.2/apiguardian-api-1.1.2.jar:/Users/connor/.m2/repository/org/mockito/mockito-core/5.4.0/mockito-core-5.4.0.jar:/Users/connor/.m2/repository/net/bytebuddy/byte-buddy/1.14.5/byte-buddy-1.14.5.jar:/Users/connor/.m2/repository/net/bytebuddy/byte-buddy-agent/1.14.5/byte-buddy-agent-1.14.5.jar:/Users/connor/.m2/repository/org/objenesis/objenesis/3.3/objenesis-3.3.jar:/Users/connor/.m2/repository/org/mockito/mockito-junit-jupiter/5.4.0/mockito-junit-jupiter-5.4.0.jar:"/>
    <property name="git.branch" value="ff82d3005ccb4ef8091d2c5b0fd31b049ef697ab"/>
    <property name="git.build.host" value="Connors-MacBook-Pro.local"/>
    <property name="java.vm.vendor" value="Azul Systems, Inc."/>
    <property name="sun.arch.data.model" value="64"/>
    <property name="emissary.config.pkg" value="emissary.place"/>
    <property name="java.vendor.url" value="http://www.azul.com/"/>
    <property name="java.locale.providers" value="COMPAT"/>
    <property name="user.timezone" value="GMT"/>
    <property name="java.vm.specification.version" value="17"/>
    <property name="os.name" value="Mac OS X"/>
    <property name="git.commit.author.time" value="2023-12-04T14:17:17-0500"/>
    <property name="sun.java.launcher" value="SUN_STANDARD"/>
    <property name="user.country" value="US"/>
    <property name="git.build.user.name" value="Connor Koehler"/>
    <property name="sun.boot.library.path" value="/Users/connor/.sdkman/candidates/java/17.0.3.fx-zulu/zulu-17.jdk/Contents/Home/lib"/>
    <property name="sun.java.command" value="/Users/connor/Projects/work/emissary/target/surefire/surefirebooter-20231211194348699_12.jar /Users/connor/Projects/work/emissary/target/surefire 2023-12-11T19-43-48_360-jvmRun5 surefire-20231211194348699_3tmp surefire_2-20231211194348699_7tmp"/>
    <property name="http.nonProxyHosts" value="local|*.local|169.254/16|*.169.254/16"/>
    <property name="jdk.debug" value="release"/>
    <property name="surefire.test.class.path" value="/Users/connor/Projects/work/emissary/target/test-classes:/Users/connor/Projects/work/emissary/target/classes:/Users/connor/.m2/repository/ch/qos/logback/logback-classic/1.3.12/logback-classic-1.3.12.jar:/Users/connor/.m2/repository/ch/qos/logback/logback-core/1.3.12/logback-core-1.3.12.jar:/Users/connor/.m2/repository/com/fasterxml/jackson/core/jackson-databind/2.13.4.2/jackson-databind-2.13.4.2.jar:/Users/connor/.m2/repository/com/fasterxml/jackson/core/jackson-annotations/2.13.4/jackson-annotations-2.13.4.jar:/Users/connor/.m2/repository/com/fasterxml/jackson/core/jackson-core/2.13.4/jackson-core-2.13.4.jar:/Users/connor/.m2/repository/com/github/spullara/mustache/java/compiler/0.9.10/compiler-0.9.10.jar:/Users/connor/.m2/repository/com/google/code/gson/gson/2.8.9/gson-2.8.9.jar:/Users/connor/.m2/repository/com/google/guava/guava/32.0.0-jre/guava-32.0.0-jre.jar:/Users/connor/.m2/repository/com/google/guava/failureaccess/1.0.1/failureaccess-1.0.1.jar:/Users/connor/.m2/repository/com/google/guava/listenablefuture/9999.0-empty-to-avoid-conflict-with-guava/listenablefuture-9999.0-empty-to-avoid-conflict-with-guava.jar:/Users/connor/.m2/repository/com/google/code/findbugs/jsr305/3.0.2/jsr305-3.0.2.jar:/Users/connor/.m2/repository/org/checkerframework/checker-qual/3.33.0/checker-qual-3.33.0.jar:/Users/connor/.m2/repository/com/google/errorprone/error_prone_annotations/2.18.0/error_prone_annotations-2.18.0.jar:/Users/connor/.m2/repository/com/google/j2objc/j2objc-annotations/2.8/j2objc-annotations-2.8.jar:/Users/connor/.m2/repository/commons-cli/commons-cli/1.5.0/commons-cli-1.5.0.jar:/Users/connor/.m2/repository/commons-codec/commons-codec/1.15/commons-codec-1.15.jar:/Users/connor/.m2/repository/commons-io/commons-io/2.11.0/commons-io-2.11.0.jar:/Users/connor/.m2/repository/info/picocli/picocli/4.7.4/picocli-4.7.4.jar:/Users/connor/.m2/repository/io/dropwizard/metrics/metrics-graphite/4.2.4/metrics-graphite-4.2.4.jar:/Users/connor/.m2/repository/io/dropwizard/metrics/metrics-core/4.2.4/metrics-core-4.2.4.jar:/Users/connor/.m2/repository/com/rabbitmq/amqp-client/5.13.1/amqp-client-5.13.1.jar:/Users/connor/.m2/repository/io/dropwizard/metrics/metrics-healthchecks/4.2.4/metrics-healthchecks-4.2.4.jar:/Users/connor/.m2/repository/io/dropwizard/metrics/metrics-jmx/4.2.4/metrics-jmx-4.2.4.jar:/Users/connor/.m2/repository/io/dropwizard/metrics/metrics-jvm/4.2.4/metrics-jvm-4.2.4.jar:/Users/connor/.m2/repository/io/dropwizard/metrics/metrics-servlets/4.2.4/metrics-servlets-4.2.4.jar:/Users/connor/.m2/repository/io/dropwizard/metrics/metrics-json/4.2.4/metrics-json-4.2.4.jar:/Users/connor/.m2/repository/com/helger/profiler/1.1.1/profiler-1.1.1.jar:/Users/connor/.m2/repository/jakarta/activation/jakarta.activation-api/1.2.2/jakarta.activation-api-1.2.2.jar:/Users/connor/.m2/repository/jakarta/servlet/jakarta.servlet-api/4.0.3/jakarta.servlet-api-4.0.3.jar:/Users/connor/.m2/repository/jakarta/xml/bind/jakarta.xml.bind-api/2.3.3/jakarta.xml.bind-api-2.3.3.jar:/Users/connor/.m2/repository/net/logstash/logback/logstash-logback-encoder/7.2/logstash-logback-encoder-7.2.jar:/Users/connor/.m2/repository/net/spy/spymemcached/2.12.3/spymemcached-2.12.3.jar:/Users/connor/.m2/repository/org/apache/commons/commons-collections4/4.4/commons-collections4-4.4.jar:/Users/connor/.m2/repository/org/apache/commons/commons-compress/1.21/commons-compress-1.21.jar:/Users/connor/.m2/repository/org/apache/commons/commons-exec/1.3/commons-exec-1.3.jar:/Users/connor/.m2/repository/org/apache/commons/commons-lang3/3.12.0/commons-lang3-3.12.0.jar:/Users/connor/.m2/repository/org/apache/commons/commons-pool2/2.11.1/commons-pool2-2.11.1.jar:/Users/connor/.m2/repository/org/apache/httpcomponents/client5/httpclient5/5.2.1/httpclient5-5.2.1.jar:/Users/connor/.m2/repository/org/apache/httpcomponents/core5/httpcore5/5.2.1/httpcore5-5.2.1.jar:/Users/connor/.m2/repository/org/apache/httpcomponents/core5/httpcore5-h2/5.2/httpcore5-h2-5.2.jar:/Users/connor/.m2/repository/org/codehaus/janino/janino/3.1.7/janino-3.1.7.jar:/Users/connor/.m2/repository/org/codehaus/janino/commons-compiler/3.1.7/commons-compiler-3.1.7.jar:/Users/connor/.m2/repository/org/eclipse/jetty/jetty-plus/10.0.15/jetty-plus-10.0.15.jar:/Users/connor/.m2/repository/jakarta/transaction/jakarta.transaction-api/1.3.3/jakarta.transaction-api-1.3.3.jar:/Users/connor/.m2/repository/org/eclipse/jetty/jetty-jndi/10.0.15/jetty-jndi-10.0.15.jar:/Users/connor/.m2/repository/org/eclipse/jetty/jetty-security/10.0.15/jetty-security-10.0.15.jar:/Users/connor/.m2/repository/org/eclipse/jetty/jetty-server/10.0.15/jetty-server-10.0.15.jar:/Users/connor/.m2/repository/org/eclipse/jetty/jetty-http/10.0.15/jetty-http-10.0.15.jar:/Users/connor/.m2/repository/org/eclipse/jetty/jetty-io/10.0.15/jetty-io-10.0.15.jar:/Users/connor/.m2/repository/org/eclipse/jetty/jetty-util/10.0.15/jetty-util-10.0.15.jar:/Users/connor/.m2/repository/org/eclipse/jetty/jetty-webapp/10.0.15/jetty-webapp-10.0.15.jar:/Users/connor/.m2/repository/org/eclipse/jetty/jetty-servlet/10.0.15/jetty-servlet-10.0.15.jar:/Users/connor/.m2/repository/org/eclipse/jetty/jetty-xml/10.0.15/jetty-xml-10.0.15.jar:/Users/connor/.m2/repository/org/glassfish/jaxb/jaxb-runtime/2.3.8/jaxb-runtime-2.3.8.jar:/Users/connor/.m2/repository/org/glassfish/jaxb/txw2/2.3.8/txw2-2.3.8.jar:/Users/connor/.m2/repository/com/sun/istack/istack-commons-runtime/3.0.12/istack-commons-runtime-3.0.12.jar:/Users/connor/.m2/repository/com/sun/activation/jakarta.activation/1.2.2/jakarta.activation-1.2.2.jar:/Users/connor/.m2/repository/org/glassfish/jersey/containers/jersey-container-jetty-http/2.40/jersey-container-jetty-http-2.40.jar:/Users/connor/.m2/repository/org/glassfish/hk2/external/jakarta.inject/2.6.1/jakarta.inject-2.6.1.jar:/Users/connor/.m2/repository/org/eclipse/jetty/jetty-continuation/9.4.51.v20230217/jetty-continuation-9.4.51.v20230217.jar:/Users/connor/.m2/repository/jakarta/ws/rs/jakarta.ws.rs-api/2.1.6/jakarta.ws.rs-api-2.1.6.jar:/Users/connor/.m2/repository/org/glassfish/jersey/containers/jersey-container-servlet-core/2.40/jersey-container-servlet-core-2.40.jar:/Users/connor/.m2/repository/org/glassfish/jersey/core/jersey-common/2.40/jersey-common-2.40.jar:/Users/connor/.m2/repository/jakarta/annotation/jakarta.annotation-api/1.3.5/jakarta.annotation-api-1.3.5.jar:/Users/connor/.m2/repository/org/glassfish/hk2/osgi-resource-locator/1.0.3/osgi-resource-locator-1.0.3.jar:/Users/connor/.m2/repository/org/glassfish/jersey/core/jersey-server/2.40/jersey-server-2.40.jar:/Users/connor/.m2/repository/org/glassfish/jersey/core/jersey-client/2.40/jersey-client-2.40.jar:/Users/connor/.m2/repository/jakarta/validation/jakarta.validation-api/2.0.2/jakarta.validation-api-2.0.2.jar:/Users/connor/.m2/repository/org/glassfish/jersey/ext/jersey-mvc/2.40/jersey-mvc-2.40.jar:/Users/connor/.m2/repository/org/glassfish/jersey/ext/jersey-mvc-mustache/2.40/jersey-mvc-mustache-2.40.jar:/Users/connor/.m2/repository/org/glassfish/jersey/inject/jersey-hk2/2.40/jersey-hk2-2.40.jar:/Users/connor/.m2/repository/org/glassfish/hk2/hk2-locator/2.6.1/hk2-locator-2.6.1.jar:/Users/connor/.m2/repository/org/glassfish/hk2/external/aopalliance-repackaged/2.6.1/aopalliance-repackaged-2.6.1.jar:/Users/connor/.m2/repository/org/glassfish/hk2/hk2-api/2.6.1/hk2-api-2.6.1.jar:/Users/connor/.m2/repository/org/glassfish/hk2/hk2-utils/2.6.1/hk2-utils-2.6.1.jar:/Users/connor/.m2/repository/org/javassist/javassist/3.29.2-GA/javassist-3.29.2-GA.jar:/Users/connor/.m2/repository/org/glassfish/jersey/media/jersey-media-json-jackson/2.40/jersey-media-json-jackson-2.40.jar:/Users/connor/.m2/repository/org/glassfish/jersey/ext/jersey-entity-filtering/2.40/jersey-entity-filtering-2.40.jar:/Users/connor/.m2/repository/com/fasterxml/jackson/module/jackson-module-jaxb-annotations/2.13.4/jackson-module-jaxb-annotations-2.13.4.jar:/Users/connor/.m2/repository/org/glassfish/jersey/media/jersey-media-multipart/2.40/jersey-media-multipart-2.40.jar:/Users/connor/.m2/repository/org/jvnet/mimepull/mimepull/1.9.15/mimepull-1.9.15.jar:/Users/connor/.m2/repository/org/jdom/jdom2/2.0.6.1/jdom2-2.0.6.1.jar:/Users/connor/.m2/repository/org/slf4j/log4j-over-slf4j/2.0.7/log4j-over-slf4j-2.0.7.jar:/Users/connor/.m2/repository/org/slf4j/slf4j-api/2.0.7/slf4j-api-2.0.7.jar:/Users/connor/.m2/repository/org/glassfish/jersey/test-framework/providers/jersey-test-framework-provider-jetty/2.40/jersey-test-framework-provider-jetty-2.40.jar:/Users/connor/.m2/repository/org/glassfish/jersey/test-framework/jersey-test-framework-core/2.40/jersey-test-framework-core-2.40.jar:/Users/connor/.m2/repository/org/glassfish/jersey/media/jersey-media-jaxb/2.40/jersey-media-jaxb-2.40.jar:/Users/connor/.m2/repository/org/hamcrest/hamcrest/2.2/hamcrest-2.2.jar:/Users/connor/.m2/repository/org/junit/jupiter/junit-jupiter/5.8.2/junit-jupiter-5.8.2.jar:/Users/connor/.m2/repository/org/junit/jupiter/junit-jupiter-api/5.8.2/junit-jupiter-api-5.8.2.jar:/Users/connor/.m2/repository/org/opentest4j/opentest4j/1.2.0/opentest4j-1.2.0.jar:/Users/connor/.m2/repository/org/junit/platform/junit-platform-commons/1.8.2/junit-platform-commons-1.8.2.jar:/Users/connor/.m2/repository/org/junit/jupiter/junit-jupiter-params/5.8.2/junit-jupiter-params-5.8.2.jar:/Users/connor/.m2/repository/org/junit/jupiter/junit-jupiter-engine/5.8.2/junit-jupiter-engine-5.8.2.jar:/Users/connor/.m2/repository/org/junit/vintage/junit-vintage-engine/5.8.2/junit-vintage-engine-5.8.2.jar:/Users/connor/.m2/repository/org/junit/platform/junit-platform-engine/1.8.2/junit-platform-engine-1.8.2.jar:/Users/connor/.m2/repository/junit/junit/4.13.2/junit-4.13.2.jar:/Users/connor/.m2/repository/org/apiguardian/apiguardian-api/1.1.2/apiguardian-api-1.1.2.jar:/Users/connor/.m2/repository/org/mockito/mockito-core/5.4.0/mockito-core-5.4.0.jar:/Users/connor/.m2/repository/net/bytebuddy/byte-buddy/1.14.5/byte-buddy-1.14.5.jar:/Users/connor/.m2/repository/net/bytebuddy/byte-buddy-agent/1.14.5/byte-buddy-agent-1.14.5.jar:/Users/connor/.m2/repository/org/objenesis/objenesis/3.3/objenesis-3.3.jar:/Users/connor/.m2/repository/org/mockito/mockito-junit-jupiter/5.4.0/mockito-junit-jupiter-5.4.0.jar:"/>
    <property name="sun.cpu.endian" value="little"/>
    <property name="emissary.node.port" value="8001"/>
    <property name="user.home" value="/Users/connor"/>
    <property name="user.language" value="en"/>
    <property name="git.closest.tag.commit.count" value="0"/>
    <property name="emissary.bin.dir" value="/Users/connor/Projects/work/emissary/target/bin"/>
    <property name="java.specification.vendor" value="Oracle Corporation"/>
    <property name="emissary.config.flavor" value="CLUSTER"/>
    <property name="emissary.node.service.type" value="server"/>
    <property name="java.version.date" value="2022-04-19"/>
    <property name="java.home" value="/Users/connor/.sdkman/candidates/java/17.0.3.fx-zulu/zulu-17.jdk/Contents/Home"/>
    <property name="git.total.commit.count" value="623"/>
    <property name="file.separator" value="/"/>
    <property name="basedir" value="/Users/connor/Projects/work/emissary"/>
    <property name="java.vm.compressedOopsMode" value="Zero based"/>
    <property name="line.separator" value="&#10;"/>
    <property name="emissary.node.name" value="localhost"/>
    <property name="git.build.user.email" value="connor@connortech.me"/>
    <property name="git.commit.committer.time" value="2023-12-04T14:17:17-0500"/>
    <property name="java.vm.specification.vendor" value="Oracle Corporation"/>
    <property name="java.specification.name" value="Java Platform API Specification"/>
    <property name="emissary.node.scheme" value="http"/>
    <property name="java.awt.headless" value="true"/>
    <property name="git.commit.id.full" value="ff82d3005ccb4ef8091d2c5b0fd31b049ef697ab"/>
    <property name="git.closest.tag.name" value="8.0.0-M10"/>
    <property name="git.local.branch.ahead" value="NO_REMOTE"/>
    <property name="git.build.time" value="2023-12-11T19:43:39-0500"/>
    <property name="surefire.real.class.path" value="/Users/connor/Projects/work/emissary/target/surefire/surefirebooter-20231211194348699_12.jar"/>
    <property name="logback.configurationFile" value="/Users/connor/Projects/work/emissary/target/test-classes/logback-test.xml"/>
    <property name="git.commit.message.full" value="[github_actions](jpdahlke) release 8.0.0-M10"/>
    <property name="emissary.config.dir" value="/Users/connor/Projects/work/emissary/target/config"/>
    <property name="sun.management.compiler" value="HotSpot 64-Bit Tiered Compilers"/>
    <property name="ftp.nonProxyHosts" value="local|*.local|169.254/16|*.169.254/16"/>
    <property name="java.runtime.version" value="17.0.3+7-LTS"/>
    <property name="java.net.preferIPv4Stack" value="true"/>
    <property name="user.name" value="connor"/>
    <property name="path.separator" value=":"/>
    <property name="os.version" value="14.1.2"/>
    <property name="java.runtime.name" value="OpenJDK Runtime Environment"/>
    <property name="emissary.output.root" value="/Users/connor/Projects/work/emissary/target/localoutput"/>
    <property name="file.encoding" value="UTF-8"/>
    <property name="git.commit.user.email" value="jpdahlke@users.noreply.github.com"/>
    <property name="java.vm.name" value="OpenJDK 64-Bit Server VM"/>
    <property name="java.vendor.version" value="Zulu17.34+19-CA"/>
    <property name="git.local.branch.behind" value="NO_REMOTE"/>
    <property name="git.dirty" value="true"/>
    <property name="localRepository" value="/Users/connor/.m2/repository"/>
    <property name="java.vendor.url.bug" value="http://www.azul.com/support/"/>
    <property name="jetty.git.hash" value="68017dbd00236bb7e187330d7585a059610f661d"/>
    <property name="java.io.tmpdir" value="/var/folders/c5/1cbn13_j3t150_4w0t6rdtd00000gn/T/"/>
    <property name="java.version" value="17.0.3"/>
    <property name="user.dir" value="/Users/connor/Projects/work/emissary"/>
    <property name="os.arch" value="aarch64"/>
    <property name="git.commit.user.name" value="jpdahlke"/>
    <property name="git.commit.id.abbrev" value="ff82d30"/>
    <property name="java.vm.specification.name" value="Java Virtual Machine Specification"/>
    <property name="git.commit.id.describe-short" value="8.0.0-M10-dirty"/>
    <property name="git.commit.id.describe" value="8.0.0-M10-dirty"/>
    <property name="native.encoding" value="UTF-8"/>
    <property name="java.library.path" value="/Users/connor/Library/Java/Extensions:/Library/Java/Extensions:/Network/Library/Java/Extensions:/System/Library/Java/Extensions:/usr/lib/java:."/>
    <property name="git.commit.message.short" value="[github_actions](jpdahlke) release 8.0.0-M10"/>
    <property name="java.vm.info" value="mixed mode, sharing"/>
    <property name="java.vendor" value="Azul Systems, Inc."/>
    <property name="java.vm.version" value="17.0.3+7-LTS"/>
    <property name="sun.io.unicode.encoding" value="UnicodeBig"/>
    <property name="socksNonProxyHosts" value="local|*.local|169.254/16|*.169.254/16"/>
    <property name="java.class.version" value="61.0"/>
    <property name="git.commit.time" value="2023-12-04T14:17:17-0500"/>
    <property name="git.remote.origin.url" value="git@github.com:cfkoehler/emissary.git"/>
  </properties>
  <testcase name="badDirectoryParam" classname="emissary.server.mvc.internal.DeregisterPlaceActionTest" time="0.17">
    <system-out><![CDATA[2023-12-12 00:43:59,061 [using logback-test.xml]  INFO emissary.command.BaseCommand -   - PROJECT_BASE is set to /Users/connor/Projects/work/emissary/target 
2023-12-12 00:43:59,061 [using logback-test.xml]  INFO emissary.command.BaseCommand -   - Setting emissary.config.dir to /Users/connor/Projects/work/emissary/target/config 
2023-12-12 00:43:59,061 [using logback-test.xml]  INFO emissary.command.BaseCommand -   - Setting emissary.bin.dir to /Users/connor/Projects/work/emissary/target/bin 
2023-12-12 00:43:59,061 [using logback-test.xml]  INFO emissary.command.BaseCommand -   - Setting emissary.output.root to /Users/connor/Projects/work/emissary/target/localoutput 
2023-12-12 00:43:59,061 [using logback-test.xml]  INFO emissary.command.BaseCommand -   - Emissary error dir set to /Users/connor/Projects/work/emissary/target/localerror 
2023-12-12 00:43:59,061 [using logback-test.xml]  INFO emissary.command.BaseCommand -   - Setting emissary.node.name to localhost 
2023-12-12 00:43:59,061 [using logback-test.xml]  INFO emissary.command.BaseCommand -   - Setting emissary.node.port to 8001 
2023-12-12 00:43:59,061 [using logback-test.xml]  INFO emissary.command.BaseCommand -   - Setting emissary.node.scheme to http 
2023-12-12 00:43:59,061 [using logback-test.xml]  WARN emissary.command.BaseCommand -   - Not using /Users/connor/Projects/work/emissary/target/config/logback.xml, staying with test config file:/Users/connor/Projects/work/emissary/target/test-classes/logback-test.xml
2023-12-12 00:43:59,062 [using logback-test.xml]  INFO emissary.command.BaseCommand -   - Overriding current emissary.config.flavor null to CLUSTER 
2023-12-12 00:43:59,062 [using logback-test.xml]  INFO emissary.command.BaseCommand -   - PROJECT_BASE is set to /Users/connor/Projects/work/emissary/target 
2023-12-12 00:43:59,062 [using logback-test.xml]  INFO emissary.command.BaseCommand -   - Setting emissary.config.dir to /Users/connor/Projects/work/emissary/target/config 
2023-12-12 00:43:59,062 [using logback-test.xml]  INFO emissary.command.BaseCommand -   - Setting emissary.bin.dir to /Users/connor/Projects/work/emissary/target/bin 
2023-12-12 00:43:59,062 [using logback-test.xml]  INFO emissary.command.BaseCommand -   - Setting emissary.output.root to /Users/connor/Projects/work/emissary/target/localoutput 
2023-12-12 00:43:59,062 [using logback-test.xml]  INFO emissary.command.BaseCommand -   - Emissary error dir set to /Users/connor/Projects/work/emissary/target/localerror 
2023-12-12 00:43:59,062 [using logback-test.xml]  INFO emissary.command.BaseCommand -   - Setting emissary.config.flavor to CLUSTER 
2023-12-12 00:43:59,062 [using logback-test.xml]  INFO emissary.command.BaseCommand -   - Setting emissary.node.name to localhost 
2023-12-12 00:43:59,062 [using logback-test.xml]  INFO emissary.command.BaseCommand -   - Setting emissary.node.port to 8001 
2023-12-12 00:43:59,062 [using logback-test.xml]  INFO emissary.command.BaseCommand -   - Setting emissary.node.scheme to http 
2023-12-12 00:43:59,062 [using logback-test.xml]  WARN emissary.command.BaseCommand -   - Not using /Users/connor/Projects/work/emissary/target/config/logback.xml, staying with test config file:/Users/connor/Projects/work/emissary/target/test-classes/logback-test.xml
2023-12-12 00:43:59,063 [using logback-test.xml]  INFO emissary.command.BaseCommand -   - Overriding current emissary.config.flavor CLUSTER to CLUSTER 
2023-12-12 00:43:59,176 [using logback-test.xml] DEBUG emissary.config.ConfigUtil -   - Attempting flavor merge on <none>-CLUSTER
2023-12-12 00:43:59,176 [using logback-test.xml] DEBUG emissary.config.ConfigUtil -   - Loading config for (string) <none>-CLUSTER
2023-12-12 00:43:59,176 [using logback-test.xml] DEBUG emissary.config.ConfigUtil -   - No file config found using new style <none>-CLUSTER
2023-12-12 00:43:59,179 [using logback-test.xml] DEBUG emissary.config.ConfigUtil -   - No config data as resource for emissary/place/<none>-CLUSTER
2023-12-12 00:43:59,179 [using logback-test.xml] DEBUG emissary.config.ConfigUtil -   - No config data as resource for <none>-CLUSTER
2023-12-12 00:43:59,179 [using logback-test.xml] DEBUG emissary.config.ConfigUtil -   - No file config found using old style <none>-CLUSTER.cfg
2023-12-12 00:43:59,179 [using logback-test.xml] DEBUG emissary.config.ConfigUtil -   - Unable to opt import flavor config <none>-CLUSTER
2023-12-12 00:43:59,182 [using logback-test.xml] DEBUG emissary.config.ConfigUtil -   - Loading config for (string) peer-TestNode-1234567.cfg
2023-12-12 00:43:59,182 [using logback-test.xml] DEBUG emissary.config.ConfigUtil -   - No file config found using new style peer-TestNode-1234567.cfg
2023-12-12 00:43:59,183 [using logback-test.xml] DEBUG emissary.config.ConfigUtil -   - No config data as resource for emissary/place/peer-TestNode-1234567.cfg
2023-12-12 00:43:59,183 [using logback-test.xml] DEBUG emissary.config.ConfigUtil -   - No config data as resource for peer-TestNode-1234567.cfg
2023-12-12 00:43:59,183 [using logback-test.xml] DEBUG emissary.config.ConfigUtil -   - No file config found using old style peer-TestNode-1234567.cfg
2023-12-12 00:43:59,183 [using logback-test.xml] DEBUG emissary.config.ConfigUtil -   - Preference peer-TestNode-1234567.cfg not found
2023-12-12 00:43:59,183 [using logback-test.xml] DEBUG emissary.config.ConfigUtil -   - Loading config for (string) peer-TestNode.cfg
2023-12-12 00:43:59,183 [using logback-test.xml] DEBUG emissary.config.ConfigUtil -   - No file config found using new style peer-TestNode.cfg
2023-12-12 00:43:59,183 [using logback-test.xml] DEBUG emissary.config.ConfigUtil -   - No config data as resource for emissary/place/peer-TestNode.cfg
2023-12-12 00:43:59,183 [using logback-test.xml] DEBUG emissary.config.ConfigUtil -   - No config data as resource for peer-TestNode.cfg
2023-12-12 00:43:59,183 [using logback-test.xml] DEBUG emissary.config.ConfigUtil -   - No file config found using old style peer-TestNode.cfg
2023-12-12 00:43:59,183 [using logback-test.xml] DEBUG emissary.config.ConfigUtil -   - Preference peer-TestNode.cfg not found
2023-12-12 00:43:59,183 [using logback-test.xml] DEBUG emissary.config.ConfigUtil -   - Loading config for (string) peer-1234567.cfg
2023-12-12 00:43:59,183 [using logback-test.xml] DEBUG emissary.config.ConfigUtil -   - No file config found using new style peer-1234567.cfg
2023-12-12 00:43:59,183 [using logback-test.xml] DEBUG emissary.config.ConfigUtil -   - No config data as resource for emissary/place/peer-1234567.cfg
2023-12-12 00:43:59,183 [using logback-test.xml] DEBUG emissary.config.ConfigUtil -   - No config data as resource for peer-1234567.cfg
2023-12-12 00:43:59,183 [using logback-test.xml] DEBUG emissary.config.ConfigUtil -   - No file config found using old style peer-1234567.cfg
2023-12-12 00:43:59,183 [using logback-test.xml] DEBUG emissary.config.ConfigUtil -   - Preference peer-1234567.cfg not found
2023-12-12 00:43:59,183 [using logback-test.xml] DEBUG emissary.config.ConfigUtil -   - Loading config for (string) peer-mac_os_x.cfg
2023-12-12 00:43:59,183 [using logback-test.xml] DEBUG emissary.config.ConfigUtil -   - No file config found using new style peer-mac_os_x.cfg
2023-12-12 00:43:59,183 [using logback-test.xml] DEBUG emissary.config.ConfigUtil -   - No config data as resource for emissary/place/peer-mac_os_x.cfg
2023-12-12 00:43:59,183 [using logback-test.xml] DEBUG emissary.config.ConfigUtil -   - No config data as resource for peer-mac_os_x.cfg
2023-12-12 00:43:59,183 [using logback-test.xml] DEBUG emissary.config.ConfigUtil -   - No file config found using old style peer-mac_os_x.cfg
2023-12-12 00:43:59,183 [using logback-test.xml] DEBUG emissary.config.ConfigUtil -   - Preference peer-mac_os_x.cfg not found
2023-12-12 00:43:59,183 [using logback-test.xml] DEBUG emissary.config.ConfigUtil -   - Loading config for (string) peer.cfg
2023-12-12 00:43:59,183 [using logback-test.xml] DEBUG emissary.config.ConfigUtil -   - Found config data as file /Users/connor/Projects/work/emissary/target/config/peer.cfg
2023-12-12 00:43:59,183 [using logback-test.xml] DEBUG emissary.config.ConfigUtil -   - Attempting flavor merge on peer-CLUSTER.cfg
2023-12-12 00:43:59,183 [using logback-test.xml] DEBUG emissary.config.ConfigUtil -   - Loading config for (string) peer-CLUSTER.cfg
2023-12-12 00:43:59,183 [using logback-test.xml] DEBUG emissary.config.ConfigUtil -   - No file config found using new style peer-CLUSTER.cfg
2023-12-12 00:43:59,183 [using logback-test.xml] DEBUG emissary.config.ConfigUtil -   - No config data as resource for emissary/place/peer-CLUSTER.cfg
2023-12-12 00:43:59,183 [using logback-test.xml] DEBUG emissary.config.ConfigUtil -   - No config data as resource for peer-CLUSTER.cfg
2023-12-12 00:43:59,183 [using logback-test.xml] DEBUG emissary.config.ConfigUtil -   - No file config found using old style peer-CLUSTER.cfg
2023-12-12 00:43:59,183 [using logback-test.xml] DEBUG emissary.config.ConfigUtil -   - Unable to opt import flavor config peer-CLUSTER.cfg
2023-12-12 00:43:59,197 [using logback-test.xml] ERROR emissary.server.mvc.internal.DeregisterPlaceAction -   - No directory found using name CantFindThis
2023-12-12 00:43:59,200 [using logback-test.xml] DEBUG org.apache.hc.client5.http.impl.classic.InternalHttpClient -   - ex-0000000010 preparing request execution
2023-12-12 00:43:59,200 [using logback-test.xml] DEBUG org.apache.hc.client5.http.impl.classic.ProtocolExec -   - ex-0000000010 target auth state: UNCHALLENGED
2023-12-12 00:43:59,200 [using logback-test.xml] DEBUG org.apache.hc.client5.http.impl.classic.ProtocolExec -   - ex-0000000010 proxy auth state: UNCHALLENGED
2023-12-12 00:43:59,200 [using logback-test.xml] DEBUG org.apache.hc.client5.http.impl.classic.ConnectExec -   - ex-0000000010 acquiring connection with route {}->http://localhost:8001
2023-12-12 00:43:59,200 [using logback-test.xml] DEBUG org.apache.hc.client5.http.impl.classic.InternalHttpClient -   - ex-0000000010 acquiring endpoint (300000 MILLISECONDS)
2023-12-12 00:43:59,200 [using logback-test.xml] DEBUG org.apache.hc.client5.http.impl.io.PoolingHttpClientConnectionManager -   - ex-0000000010 endpoint lease request (300000 MILLISECONDS) [route: {}->http://localhost:8001][total available: 0; route allocated: 0 of 5; total allocated: 0 of 200]
2023-12-12 00:43:59,200 [using logback-test.xml] DEBUG org.apache.hc.client5.http.impl.io.PoolingHttpClientConnectionManager -   - ex-0000000010 endpoint leased [route: {}->http://localhost:8001][total available: 0; route allocated: 1 of 5; total allocated: 1 of 200]
2023-12-12 00:43:59,200 [using logback-test.xml] DEBUG org.apache.hc.client5.http.impl.io.PoolingHttpClientConnectionManager -   - ex-0000000010 acquired ep-0000000010
2023-12-12 00:43:59,200 [using logback-test.xml] DEBUG org.apache.hc.client5.http.impl.classic.InternalHttpClient -   - ex-0000000010 acquired endpoint ep-0000000010
2023-12-12 00:43:59,200 [using logback-test.xml] DEBUG org.apache.hc.client5.http.impl.classic.ConnectExec -   - ex-0000000010 opening connection {}->http://localhost:8001
2023-12-12 00:43:59,200 [using logback-test.xml] DEBUG org.apache.hc.client5.http.impl.classic.InternalHttpClient -   - ep-0000000010 connecting endpoint (null)
2023-12-12 00:43:59,200 [using logback-test.xml] DEBUG org.apache.hc.client5.http.impl.io.PoolingHttpClientConnectionManager -   - ep-0000000010 connecting endpoint to http://localhost:8001 (600000 MILLISECONDS)
2023-12-12 00:43:59,200 [using logback-test.xml] DEBUG org.apache.hc.client5.http.impl.io.DefaultHttpClientConnectionOperator -   - localhost resolving remote address
2023-12-12 00:43:59,200 [using logback-test.xml] DEBUG org.apache.hc.client5.http.impl.io.DefaultHttpClientConnectionOperator -   - localhost resolved to [localhost/127.0.0.1]
2023-12-12 00:43:59,200 [using logback-test.xml] DEBUG org.apache.hc.client5.http.impl.io.DefaultHttpClientConnectionOperator -   - localhost:8001 connecting null->localhost/127.0.0.1:8001 (600000 MILLISECONDS)
2023-12-12 00:43:59,200 [using logback-test.xml] DEBUG org.apache.hc.client5.http.impl.io.DefaultHttpClientConnectionOperator -   - localhost:8001 connection to localhost/127.0.0.1:8001 failed (class java.net.ConnectException); terminating operation
2023-12-12 00:43:59,201 [using logback-test.xml] DEBUG org.apache.hc.client5.http.impl.io.DefaultManagedHttpClientConnection -   - http-outgoing-9 close connection IMMEDIATE
2023-12-12 00:43:59,201 [using logback-test.xml] DEBUG org.apache.hc.client5.http.impl.classic.InternalHttpClient -   - ep-0000000010 endpoint closed
2023-12-12 00:43:59,201 [using logback-test.xml] DEBUG org.apache.hc.client5.http.impl.classic.InternalHttpClient -   - ep-0000000010 discarding endpoint
2023-12-12 00:43:59,201 [using logback-test.xml] DEBUG org.apache.hc.client5.http.impl.io.PoolingHttpClientConnectionManager -   - ep-0000000010 releasing endpoint
2023-12-12 00:43:59,201 [using logback-test.xml] DEBUG org.apache.hc.client5.http.impl.io.PoolingHttpClientConnectionManager -   - ep-0000000010 connection is not kept alive
2023-12-12 00:43:59,201 [using logback-test.xml] DEBUG org.apache.hc.client5.http.impl.io.PoolingHttpClientConnectionManager -   - ep-0000000010 connection released [route: {}->http://localhost:8001][total available: 0; route allocated: 0 of 5; total allocated: 0 of 200]
2023-12-12 00:43:59,201 [using logback-test.xml] DEBUG org.apache.hc.client5.http.impl.classic.InternalHttpClient -   - ex-0000000011 preparing request execution
2023-12-12 00:43:59,201 [using logback-test.xml] DEBUG org.apache.hc.client5.http.impl.classic.ProtocolExec -   - ex-0000000011 target auth state: UNCHALLENGED
2023-12-12 00:43:59,201 [using logback-test.xml] DEBUG org.apache.hc.client5.http.impl.classic.ProtocolExec -   - ex-0000000011 proxy auth state: UNCHALLENGED
2023-12-12 00:43:59,201 [using logback-test.xml] DEBUG org.apache.hc.client5.http.impl.classic.ConnectExec -   - ex-0000000011 acquiring connection with route {}->http://localhost:9001
2023-12-12 00:43:59,201 [using logback-test.xml] DEBUG org.apache.hc.client5.http.impl.classic.InternalHttpClient -   - ex-0000000011 acquiring endpoint (300000 MILLISECONDS)
2023-12-12 00:43:59,201 [using logback-test.xml] DEBUG org.apache.hc.client5.http.impl.io.PoolingHttpClientConnectionManager -   - ex-0000000011 endpoint lease request (300000 MILLISECONDS) [route: {}->http://localhost:9001][total available: 0; route allocated: 0 of 5; total allocated: 0 of 200]
2023-12-12 00:43:59,201 [using logback-test.xml] DEBUG org.apache.hc.client5.http.impl.io.PoolingHttpClientConnectionManager -   - ex-0000000011 endpoint leased [route: {}->http://localhost:9001][total available: 0; route allocated: 1 of 5; total allocated: 1 of 200]
2023-12-12 00:43:59,201 [using logback-test.xml] DEBUG org.apache.hc.client5.http.impl.io.PoolingHttpClientConnectionManager -   - ex-0000000011 acquired ep-0000000011
2023-12-12 00:43:59,201 [using logback-test.xml] DEBUG org.apache.hc.client5.http.impl.classic.InternalHttpClient -   - ex-0000000011 acquired endpoint ep-0000000011
2023-12-12 00:43:59,201 [using logback-test.xml] DEBUG org.apache.hc.client5.http.impl.classic.ConnectExec -   - ex-0000000011 opening connection {}->http://localhost:9001
2023-12-12 00:43:59,201 [using logback-test.xml] DEBUG org.apache.hc.client5.http.impl.classic.InternalHttpClient -   - ep-0000000011 connecting endpoint (null)
2023-12-12 00:43:59,201 [using logback-test.xml] DEBUG org.apache.hc.client5.http.impl.io.PoolingHttpClientConnectionManager -   - ep-0000000011 connecting endpoint to http://localhost:9001 (600000 MILLISECONDS)
2023-12-12 00:43:59,201 [using logback-test.xml] DEBUG org.apache.hc.client5.http.impl.io.DefaultHttpClientConnectionOperator -   - localhost resolving remote address
2023-12-12 00:43:59,201 [using logback-test.xml] DEBUG org.apache.hc.client5.http.impl.io.DefaultHttpClientConnectionOperator -   - localhost resolved to [localhost/127.0.0.1]
2023-12-12 00:43:59,201 [using logback-test.xml] DEBUG org.apache.hc.client5.http.impl.io.DefaultHttpClientConnectionOperator -   - localhost:9001 connecting null->localhost/127.0.0.1:9001 (600000 MILLISECONDS)
2023-12-12 00:43:59,201 [using logback-test.xml] DEBUG org.apache.hc.client5.http.impl.io.DefaultHttpClientConnectionOperator -   - localhost:9001 connection to localhost/127.0.0.1:9001 failed (class java.net.ConnectException); terminating operation
2023-12-12 00:43:59,202 [using logback-test.xml] DEBUG org.apache.hc.client5.http.impl.io.DefaultManagedHttpClientConnection -   - http-outgoing-10 close connection IMMEDIATE
2023-12-12 00:43:59,202 [using logback-test.xml] DEBUG org.apache.hc.client5.http.impl.classic.InternalHttpClient -   - ep-0000000011 endpoint closed
2023-12-12 00:43:59,202 [using logback-test.xml] DEBUG org.apache.hc.client5.http.impl.classic.InternalHttpClient -   - ep-0000000011 discarding endpoint
2023-12-12 00:43:59,202 [using logback-test.xml] DEBUG org.apache.hc.client5.http.impl.io.PoolingHttpClientConnectionManager -   - ep-0000000011 releasing endpoint
2023-12-12 00:43:59,202 [using logback-test.xml] DEBUG org.apache.hc.client5.http.impl.io.PoolingHttpClientConnectionManager -   - ep-0000000011 connection is not kept alive
2023-12-12 00:43:59,202 [using logback-test.xml] DEBUG org.apache.hc.client5.http.impl.io.PoolingHttpClientConnectionManager -   - ep-0000000011 connection released [route: {}->http://localhost:9001][total available: 0; route allocated: 0 of 5; total allocated: 0 of 200]
2023-12-12 00:43:59,202 [using logback-test.xml] DEBUG org.apache.hc.client5.http.impl.classic.InternalHttpClient -   - ex-0000000012 preparing request execution
2023-12-12 00:43:59,202 [using logback-test.xml] DEBUG org.apache.hc.client5.http.impl.classic.ProtocolExec -   - ex-0000000012 target auth state: UNCHALLENGED
2023-12-12 00:43:59,202 [using logback-test.xml] DEBUG org.apache.hc.client5.http.impl.classic.ProtocolExec -   - ex-0000000012 proxy auth state: UNCHALLENGED
2023-12-12 00:43:59,202 [using logback-test.xml] DEBUG org.apache.hc.client5.http.impl.classic.ConnectExec -   - ex-0000000012 acquiring connection with route {}->http://localhost:7001
2023-12-12 00:43:59,202 [using logback-test.xml] DEBUG org.apache.hc.client5.http.impl.classic.InternalHttpClient -   - ex-0000000012 acquiring endpoint (300000 MILLISECONDS)
2023-12-12 00:43:59,202 [using logback-test.xml] DEBUG org.apache.hc.client5.http.impl.io.PoolingHttpClientConnectionManager -   - ex-0000000012 endpoint lease request (300000 MILLISECONDS) [route: {}->http://localhost:7001][total available: 0; route allocated: 0 of 5; total allocated: 0 of 200]
2023-12-12 00:43:59,202 [using logback-test.xml] DEBUG org.apache.hc.client5.http.impl.io.PoolingHttpClientConnectionManager -   - ex-0000000012 endpoint leased [route: {}->http://localhost:7001][total available: 0; route allocated: 1 of 5; total allocated: 1 of 200]
2023-12-12 00:43:59,202 [using logback-test.xml] DEBUG org.apache.hc.client5.http.impl.io.PoolingHttpClientConnectionManager -   - ex-0000000012 acquired ep-0000000012
2023-12-12 00:43:59,202 [using logback-test.xml] DEBUG org.apache.hc.client5.http.impl.classic.InternalHttpClient -   - ex-0000000012 acquired endpoint ep-0000000012
2023-12-12 00:43:59,202 [using logback-test.xml] DEBUG org.apache.hc.client5.http.impl.classic.ConnectExec -   - ex-0000000012 opening connection {}->http://localhost:7001
2023-12-12 00:43:59,202 [using logback-test.xml] DEBUG org.apache.hc.client5.http.impl.classic.InternalHttpClient -   - ep-0000000012 connecting endpoint (null)
2023-12-12 00:43:59,202 [using logback-test.xml] DEBUG org.apache.hc.client5.http.impl.io.PoolingHttpClientConnectionManager -   - ep-0000000012 connecting endpoint to http://localhost:7001 (600000 MILLISECONDS)
2023-12-12 00:43:59,202 [using logback-test.xml] DEBUG org.apache.hc.client5.http.impl.io.DefaultHttpClientConnectionOperator -   - localhost resolving remote address
2023-12-12 00:43:59,202 [using logback-test.xml] DEBUG org.apache.hc.client5.http.impl.io.DefaultHttpClientConnectionOperator -   - localhost resolved to [localhost/127.0.0.1]
2023-12-12 00:43:59,203 [using logback-test.xml] DEBUG org.apache.hc.client5.http.impl.io.DefaultHttpClientConnectionOperator -   - localhost:7001 connecting null->localhost/127.0.0.1:7001 (600000 MILLISECONDS)
2023-12-12 00:43:59,203 [using logback-test.xml] DEBUG org.apache.hc.client5.http.impl.io.DefaultManagedHttpClientConnection -   - http-outgoing-11 set socket timeout to 3 MINUTES
2023-12-12 00:43:59,203 [using logback-test.xml] DEBUG org.apache.hc.client5.http.impl.io.DefaultHttpClientConnectionOperator -   - localhost:7001 connected null->localhost/127.0.0.1:7001 as http-outgoing-11
2023-12-12 00:43:59,203 [using logback-test.xml] DEBUG org.apache.hc.client5.http.impl.io.PoolingHttpClientConnectionManager -   - ep-0000000012 connected http-outgoing-11
2023-12-12 00:43:59,203 [using logback-test.xml] DEBUG org.apache.hc.client5.http.impl.io.DefaultManagedHttpClientConnection -   - http-outgoing-11 set socket timeout to 90000 MILLISECONDS
2023-12-12 00:43:59,203 [using logback-test.xml] DEBUG org.apache.hc.client5.http.impl.classic.InternalHttpClient -   - ep-0000000012 endpoint connected
2023-12-12 00:43:59,204 [using logback-test.xml] DEBUG org.apache.hc.client5.http.impl.classic.MainClientExec -   - ex-0000000012 executing POST /emissary/FailDirectory.action HTTP/1.1
2023-12-12 00:43:59,204 [using logback-test.xml] DEBUG org.apache.hc.client5.http.protocol.RequestAddCookies -   - ex-0000000012 Cookie spec selected: strict
2023-12-12 00:43:59,206 [using logback-test.xml] DEBUG org.apache.hc.client5.http.impl.classic.InternalHttpClient -   - ep-0000000012 start execution ex-0000000012
2023-12-12 00:43:59,206 [using logback-test.xml] DEBUG org.apache.hc.client5.http.impl.io.PoolingHttpClientConnectionManager -   - ep-0000000012 executing exchange ex-0000000012 over http-outgoing-11
2023-12-12 00:43:59,206 [using logback-test.xml] DEBUG org.apache.hc.client5.http.headers -   - http-outgoing-11 >> POST /emissary/FailDirectory.action HTTP/1.1
2023-12-12 00:43:59,206 [using logback-test.xml] DEBUG org.apache.hc.client5.http.headers -   - http-outgoing-11 >> X-Requested-By: emissary
2023-12-12 00:43:59,206 [using logback-test.xml] DEBUG org.apache.hc.client5.http.headers -   - http-outgoing-11 >> Accept-Encoding: gzip, x-gzip, deflate
2023-12-12 00:43:59,206 [using logback-test.xml] DEBUG org.apache.hc.client5.http.headers -   - http-outgoing-11 >> Content-Length: 195
2023-12-12 00:43:59,206 [using logback-test.xml] DEBUG org.apache.hc.client5.http.headers -   - http-outgoing-11 >> Content-Type: application/x-www-form-urlencoded; charset=UTF-8
2023-12-12 00:43:59,206 [using logback-test.xml] DEBUG org.apache.hc.client5.http.headers -   - http-outgoing-11 >> Host: localhost:7001
2023-12-12 00:43:59,206 [using logback-test.xml] DEBUG org.apache.hc.client5.http.headers -   - http-outgoing-11 >> Connection: keep-alive
2023-12-12 00:43:59,206 [using logback-test.xml] DEBUG org.apache.hc.client5.http.headers -   - http-outgoing-11 >> User-Agent: Apache-HttpClient/5.2.1 (Java/17.0.3)
2023-12-12 00:43:59,206 [using logback-test.xml] DEBUG org.apache.hc.client5.http.wire -   - http-outgoing-11 >> "POST /emissary/FailDirectory.action HTTP/1.1[\r][\n]"
2023-12-12 00:43:59,206 [using logback-test.xml] DEBUG org.apache.hc.client5.http.wire -   - http-outgoing-11 >> "X-Requested-By: emissary[\r][\n]"
2023-12-12 00:43:59,206 [using logback-test.xml] DEBUG org.apache.hc.client5.http.wire -   - http-outgoing-11 >> "Accept-Encoding: gzip, x-gzip, deflate[\r][\n]"
2023-12-12 00:43:59,206 [using logback-test.xml] DEBUG org.apache.hc.client5.http.wire -   - http-outgoing-11 >> "Content-Length: 195[\r][\n]"
2023-12-12 00:43:59,206 [using logback-test.xml] DEBUG org.apache.hc.client5.http.wire -   - http-outgoing-11 >> "Content-Type: application/x-www-form-urlencoded; charset=UTF-8[\r][\n]"
2023-12-12 00:43:59,206 [using logback-test.xml] DEBUG org.apache.hc.client5.http.wire -   - http-outgoing-11 >> "Host: localhost:7001[\r][\n]"
2023-12-12 00:43:59,206 [using logback-test.xml] DEBUG org.apache.hc.client5.http.wire -   - http-outgoing-11 >> "Connection: keep-alive[\r][\n]"
2023-12-12 00:43:59,206 [using logback-test.xml] DEBUG org.apache.hc.client5.http.wire -   - http-outgoing-11 >> "User-Agent: Apache-HttpClient/5.2.1 (Java/17.0.3)[\r][\n]"
2023-12-12 00:43:59,206 [using logback-test.xml] DEBUG org.apache.hc.client5.http.wire -   - http-outgoing-11 >> "[\r][\n]"
2023-12-12 00:43:59,206 [using logback-test.xml] DEBUG org.apache.hc.client5.http.wire -   - http-outgoing-11 >> "targetDir=http%3A%2F%2Flocalhost%3A7001%2FDirectoryPlace&dirFailName=EMISSARY_DIRECTORY_SERVICES.DIRECTORY.STUDY.http%3A%2F%2FderegisterPlaceActionTest%3A8001%2FDirectoryPlace&dirAddPropFlag=true"
2023-12-12 00:43:59,210 [using logback-test.xml] DEBUG org.apache.hc.client5.http.wire -   - http-outgoing-11 << "HTTP/1.1 401 Unauthorized[\r][\n]"
2023-12-12 00:43:59,210 [using logback-test.xml] DEBUG org.apache.hc.client5.http.wire -   - http-outgoing-11 << "WWW-Authenticate: Digest realm="EmissaryRealm", domain="/", nonce="7yfTge2lDxD3EBJAeMxhpRJZZKKZTokk", algorithm=MD5, qop="auth", stale=false[\r][\n]"
2023-12-12 00:43:59,210 [using logback-test.xml] DEBUG org.apache.hc.client5.http.wire -   - http-outgoing-11 << "Cache-Control: must-revalidate,no-cache,no-store[\r][\n]"
2023-12-12 00:43:59,210 [using logback-test.xml] DEBUG org.apache.hc.client5.http.wire -   - http-outgoing-11 << "Content-Type: text/html;charset=iso-8859-1[\r][\n]"
2023-12-12 00:43:59,210 [using logback-test.xml] DEBUG org.apache.hc.client5.http.wire -   - http-outgoing-11 << "Content-Length: 473[\r][\n]"
2023-12-12 00:43:59,210 [using logback-test.xml] DEBUG org.apache.hc.client5.http.wire -   - http-outgoing-11 << "Server: Jetty(10.0.15)[\r][\n]"
2023-12-12 00:43:59,210 [using logback-test.xml] DEBUG org.apache.hc.client5.http.wire -   - http-outgoing-11 << "[\r][\n]"
2023-12-12 00:43:59,210 [using logback-test.xml] DEBUG org.apache.hc.client5.http.wire -   - http-outgoing-11 << "<html>[\n]"
2023-12-12 00:43:59,210 [using logback-test.xml] DEBUG org.apache.hc.client5.http.wire -   - http-outgoing-11 << "<head>[\n]"
2023-12-12 00:43:59,210 [using logback-test.xml] DEBUG org.apache.hc.client5.http.wire -   - http-outgoing-11 << "<meta http-equiv="Content-Type" content="text/html;charset=ISO-8859-1"/>[\n]"
2023-12-12 00:43:59,210 [using logback-test.xml] DEBUG org.apache.hc.client5.http.wire -   - http-outgoing-11 << "<title>Error 401 Unauthorized</title>[\n]"
2023-12-12 00:43:59,210 [using logback-test.xml] DEBUG org.apache.hc.client5.http.wire -   - http-outgoing-11 << "</head>[\n]"
2023-12-12 00:43:59,210 [using logback-test.xml] DEBUG org.apache.hc.client5.http.wire -   - http-outgoing-11 << "<body><h2>HTTP ERROR 401 Unauthorized</h2>[\n]"
2023-12-12 00:43:59,210 [using logback-test.xml] DEBUG org.apache.hc.client5.http.wire -   - http-outgoing-11 << "<table>[\n]"
2023-12-12 00:43:59,210 [using logback-test.xml] DEBUG org.apache.hc.client5.http.wire -   - http-outgoing-11 << "<tr><th>URI:</th><td>/emissary/FailDirectory.action</td></tr>[\n]"
2023-12-12 00:43:59,210 [using logback-test.xml] DEBUG org.apache.hc.client5.http.wire -   - http-outgoing-11 << "<tr><th>STATUS:</th><td>401</td></tr>[\n]"
2023-12-12 00:43:59,210 [using logback-test.xml] DEBUG org.apache.hc.client5.http.wire -   - http-outgoing-11 << "<tr><th>MESSAGE:</th><td>Unauthorized</td></tr>[\n]"
2023-12-12 00:43:59,210 [using logback-test.xml] DEBUG org.apache.hc.client5.http.wire -   - http-outgoing-11 << "<tr><th>SERVLET:</th><td>-</td></tr>[\n]"
2023-12-12 00:43:59,210 [using logback-test.xml] DEBUG org.apache.hc.client5.http.wire -   - http-outgoing-11 << "</table>[\n]"
2023-12-12 00:43:59,210 [using logback-test.xml] DEBUG org.apache.hc.client5.http.wire -   - http-outgoing-11 << "<hr/><a href="https://eclipse.org/jetty">Powered by Jetty:// 10.0.15</a><hr/>[\n]"
2023-12-12 00:43:59,210 [using logback-test.xml] DEBUG org.apache.hc.client5.http.wire -   - http-outgoing-11 << "[\n]"
2023-12-12 00:43:59,210 [using logback-test.xml] DEBUG org.apache.hc.client5.http.wire -   - http-outgoing-11 << "</body>[\n]"
2023-12-12 00:43:59,210 [using logback-test.xml] DEBUG org.apache.hc.client5.http.wire -   - http-outgoing-11 << "</html>[\n]"
2023-12-12 00:43:59,210 [using logback-test.xml] DEBUG org.apache.hc.client5.http.headers -   - http-outgoing-11 << HTTP/1.1 401 Unauthorized
2023-12-12 00:43:59,210 [using logback-test.xml] DEBUG org.apache.hc.client5.http.headers -   - http-outgoing-11 << WWW-Authenticate: Digest realm="EmissaryRealm", domain="/", nonce="7yfTge2lDxD3EBJAeMxhpRJZZKKZTokk", algorithm=MD5, qop="auth", stale=false
2023-12-12 00:43:59,210 [using logback-test.xml] DEBUG org.apache.hc.client5.http.headers -   - http-outgoing-11 << Cache-Control: must-revalidate,no-cache,no-store
2023-12-12 00:43:59,210 [using logback-test.xml] DEBUG org.apache.hc.client5.http.headers -   - http-outgoing-11 << Content-Type: text/html;charset=iso-8859-1
2023-12-12 00:43:59,210 [using logback-test.xml] DEBUG org.apache.hc.client5.http.headers -   - http-outgoing-11 << Content-Length: 473
2023-12-12 00:43:59,210 [using logback-test.xml] DEBUG org.apache.hc.client5.http.headers -   - http-outgoing-11 << Server: Jetty(10.0.15)
2023-12-12 00:43:59,216 [using logback-test.xml] DEBUG org.apache.hc.client5.http.impl.classic.MainClientExec -   - ex-0000000012 connection can be kept alive for 3 MINUTES
2023-12-12 00:43:59,216 [using logback-test.xml] DEBUG org.apache.hc.client5.http.impl.auth.HttpAuthenticator -   - ex-0000000012 Authentication required
2023-12-12 00:43:59,216 [using logback-test.xml] DEBUG org.apache.hc.client5.http.impl.auth.AuthCacheKeeper -   - ex-0000000012 Clearing cached auth scheme for http://localhost:7001/emissary/
2023-12-12 00:43:59,216 [using logback-test.xml] DEBUG org.apache.hc.client5.http.impl.auth.HttpAuthenticator -   - ex-0000000012 localhost:7001 requested authentication
2023-12-12 00:43:59,217 [using logback-test.xml] DEBUG org.apache.hc.client5.http.impl.DefaultAuthenticationStrategy -   - ex-0000000012 Authentication schemes in the order of preference: [Digest]
2023-12-12 00:43:59,217 [using logback-test.xml] DEBUG org.apache.hc.client5.http.impl.auth.HttpAuthenticator -   - ex-0000000012 Selecting authentication options
2023-12-12 00:43:59,217 [using logback-test.xml] DEBUG org.apache.hc.client5.http.impl.auth.HttpAuthenticator -   - ex-0000000012 Selected authentication options: [Digest{qop=auth, stale=false, domain=/, realm=EmissaryRealm, nonce=7yfTge2lDxD3EBJAeMxhpRJZZKKZTokk, algorithm=MD5}]
2023-12-12 00:43:59,218 [using logback-test.xml] DEBUG org.apache.hc.client5.http.impl.classic.ProtocolExec -   - ex-0000000012 target auth state: CHALLENGED
2023-12-12 00:43:59,218 [using logback-test.xml] DEBUG org.apache.hc.client5.http.impl.auth.HttpAuthenticator -   - ex-0000000012 Generating response to an authentication challenge using Digest scheme
2023-12-12 00:43:59,219 [using logback-test.xml] DEBUG org.apache.hc.client5.http.impl.classic.ProtocolExec -   - ex-0000000012 proxy auth state: UNCHALLENGED
2023-12-12 00:43:59,219 [using logback-test.xml] DEBUG org.apache.hc.client5.http.impl.classic.MainClientExec -   - ex-0000000012 executing POST /emissary/FailDirectory.action HTTP/1.1
2023-12-12 00:43:59,219 [using logback-test.xml] DEBUG org.apache.hc.client5.http.protocol.RequestAddCookies -   - ex-0000000012 Cookie spec selected: strict
2023-12-12 00:43:59,219 [using logback-test.xml] DEBUG org.apache.hc.client5.http.impl.classic.InternalHttpClient -   - ep-0000000012 start execution ex-0000000012
2023-12-12 00:43:59,219 [using logback-test.xml] DEBUG org.apache.hc.client5.http.impl.io.PoolingHttpClientConnectionManager -   - ep-0000000012 executing exchange ex-0000000012 over http-outgoing-11
2023-12-12 00:43:59,219 [using logback-test.xml] DEBUG org.apache.hc.client5.http.headers -   - http-outgoing-11 >> POST /emissary/FailDirectory.action HTTP/1.1
2023-12-12 00:43:59,219 [using logback-test.xml] DEBUG org.apache.hc.client5.http.headers -   - http-outgoing-11 >> X-Requested-By: emissary
2023-12-12 00:43:59,219 [using logback-test.xml] DEBUG org.apache.hc.client5.http.headers -   - http-outgoing-11 >> Authorization: Digest username="emissary", realm="EmissaryRealm", nonce="7yfTge2lDxD3EBJAeMxhpRJZZKKZTokk", uri="/emissary/FailDirectory.action", response="3b78ef1222746478f23d150ddbfa4edf", qop=auth, nc=00000001, cnonce="af74bd409c9e1c25", algorithm=MD5
2023-12-12 00:43:59,219 [using logback-test.xml] DEBUG org.apache.hc.client5.http.headers -   - http-outgoing-11 >> Content-Length: 195
2023-12-12 00:43:59,219 [using logback-test.xml] DEBUG org.apache.hc.client5.http.headers -   - http-outgoing-11 >> Content-Type: application/x-www-form-urlencoded; charset=UTF-8
2023-12-12 00:43:59,219 [using logback-test.xml] DEBUG org.apache.hc.client5.http.headers -   - http-outgoing-11 >> Host: localhost:7001
2023-12-12 00:43:59,219 [using logback-test.xml] DEBUG org.apache.hc.client5.http.headers -   - http-outgoing-11 >> Connection: keep-alive
2023-12-12 00:43:59,219 [using logback-test.xml] DEBUG org.apache.hc.client5.http.headers -   - http-outgoing-11 >> User-Agent: Apache-HttpClient/5.2.1 (Java/17.0.3)
2023-12-12 00:43:59,219 [using logback-test.xml] DEBUG org.apache.hc.client5.http.wire -   - http-outgoing-11 >> "POST /emissary/FailDirectory.action HTTP/1.1[\r][\n]"
2023-12-12 00:43:59,219 [using logback-test.xml] DEBUG org.apache.hc.client5.http.wire -   - http-outgoing-11 >> "X-Requested-By: emissary[\r][\n]"
2023-12-12 00:43:59,219 [using logback-test.xml] DEBUG org.apache.hc.client5.http.wire -   - http-outgoing-11 >> "Authorization: Digest username="emissary", realm="EmissaryRealm", nonce="7yfTge2lDxD3EBJAeMxhpRJZZKKZTokk", uri="/emissary/FailDirectory.action", response="3b78ef1222746478f23d150ddbfa4edf", qop=auth, nc=00000001, cnonce="af74bd409c9e1c25", algorithm=MD5[\r][\n]"
2023-12-12 00:43:59,219 [using logback-test.xml] DEBUG org.apache.hc.client5.http.wire -   - http-outgoing-11 >> "Content-Length: 195[\r][\n]"
2023-12-12 00:43:59,219 [using logback-test.xml] DEBUG org.apache.hc.client5.http.wire -   - http-outgoing-11 >> "Content-Type: application/x-www-form-urlencoded; charset=UTF-8[\r][\n]"
2023-12-12 00:43:59,219 [using logback-test.xml] DEBUG org.apache.hc.client5.http.wire -   - http-outgoing-11 >> "Host: localhost:7001[\r][\n]"
2023-12-12 00:43:59,219 [using logback-test.xml] DEBUG org.apache.hc.client5.http.wire -   - http-outgoing-11 >> "Connection: keep-alive[\r][\n]"
2023-12-12 00:43:59,219 [using logback-test.xml] DEBUG org.apache.hc.client5.http.wire -   - http-outgoing-11 >> "User-Agent: Apache-HttpClient/5.2.1 (Java/17.0.3)[\r][\n]"
2023-12-12 00:43:59,219 [using logback-test.xml] DEBUG org.apache.hc.client5.http.wire -   - http-outgoing-11 >> "[\r][\n]"
2023-12-12 00:43:59,219 [using logback-test.xml] DEBUG org.apache.hc.client5.http.wire -   - http-outgoing-11 >> "targetDir=http%3A%2F%2Flocalhost%3A7001%2FDirectoryPlace&dirFailName=EMISSARY_DIRECTORY_SERVICES.DIRECTORY.STUDY.http%3A%2F%2FderegisterPlaceActionTest%3A8001%2FDirectoryPlace&dirAddPropFlag=true"
2023-12-12 00:43:59,231 [using logback-test.xml] DEBUG org.apache.hc.client5.http.wire -   - http-outgoing-11 << "HTTP/1.1 200 OK[\r][\n]"
2023-12-12 00:43:59,231 [using logback-test.xml] DEBUG org.apache.hc.client5.http.wire -   - http-outgoing-11 << "Date: Tue, 12 Dec 2023 00:43:59 GMT[\r][\n]"
2023-12-12 00:43:59,231 [using logback-test.xml] DEBUG org.apache.hc.client5.http.wire -   - http-outgoing-11 << "Content-Type: text/plain[\r][\n]"
2023-12-12 00:43:59,231 [using logback-test.xml] DEBUG org.apache.hc.client5.http.wire -   - http-outgoing-11 << "Content-Length: 234[\r][\n]"
2023-12-12 00:43:59,231 [using logback-test.xml] DEBUG org.apache.hc.client5.http.wire -   - http-outgoing-11 << "Server: Jetty(10.0.15)[\r][\n]"
2023-12-12 00:43:59,231 [using logback-test.xml] DEBUG org.apache.hc.client5.http.wire -   - http-outgoing-11 << "[\r][\n]"
2023-12-12 00:43:59,231 [using logback-test.xml] DEBUG org.apache.hc.client5.http.wire -   - http-outgoing-11 << "Modified 0 entries from EMISSARY_DIRECTORY_SERVICES.DIRECTORY.STUDY.http://localhost:7001/DirectoryPlace$5050[1] due to failure of remote EMISSARY_DIRECTORY_SERVICES.DIRECTORY.STUDY.http://deregisterPlaceActionTest:8001/DirectoryPlace"
2023-12-12 00:43:59,232 [using logback-test.xml] DEBUG org.apache.hc.client5.http.headers -   - http-outgoing-11 << HTTP/1.1 200 OK
2023-12-12 00:43:59,232 [using logback-test.xml] DEBUG org.apache.hc.client5.http.headers -   - http-outgoing-11 << Date: Tue, 12 Dec 2023 00:43:59 GMT
2023-12-12 00:43:59,232 [using logback-test.xml] DEBUG org.apache.hc.client5.http.headers -   - http-outgoing-11 << Content-Type: text/plain
2023-12-12 00:43:59,232 [using logback-test.xml] DEBUG org.apache.hc.client5.http.headers -   - http-outgoing-11 << Content-Length: 234
2023-12-12 00:43:59,232 [using logback-test.xml] DEBUG org.apache.hc.client5.http.headers -   - http-outgoing-11 << Server: Jetty(10.0.15)
2023-12-12 00:43:59,232 [using logback-test.xml] DEBUG org.apache.hc.client5.http.impl.classic.MainClientExec -   - ex-0000000012 connection can be kept alive for 3 MINUTES
2023-12-12 00:43:59,232 [using logback-test.xml] DEBUG org.apache.hc.client5.http.impl.auth.HttpAuthenticator -   - ex-0000000012 Authentication succeeded
2023-12-12 00:43:59,232 [using logback-test.xml] DEBUG org.apache.hc.client5.http.impl.classic.InternalHttpClient -   - ep-0000000012 releasing valid endpoint
2023-12-12 00:43:59,232 [using logback-test.xml] DEBUG org.apache.hc.client5.http.impl.io.PoolingHttpClientConnectionManager -   - ep-0000000012 releasing endpoint
2023-12-12 00:43:59,232 [using logback-test.xml] DEBUG org.apache.hc.client5.http.impl.io.PoolingHttpClientConnectionManager -   - ep-0000000012 connection http-outgoing-11 can be kept alive for 3 MINUTES
2023-12-12 00:43:59,233 [using logback-test.xml] DEBUG org.apache.hc.client5.http.impl.io.PoolingHttpClientConnectionManager -   - ep-0000000012 connection released [route: {}->http://localhost:7001][total available: 1; route allocated: 1 of 5; total allocated: 1 of 200]
2023-12-12 00:43:59,233 [using logback-test.xml]  INFO emissary.directory.DirectoryPlace -   - Done shutting down DirectoryPlace
]]></system-out>
    <system-err><![CDATA[Dec 12, 2023 12:43:59 AM org.glassfish.jersey.test.jetty.JettyTestContainerFactory$JettyTestContainer <init>
INFO: Creating JettyTestContainer configured at the base URI http://localhost:<AVAILABLE-PORT>/
Dec 12, 2023 12:43:59 AM org.glassfish.jersey.test.jetty.JettyTestContainerFactory$JettyTestContainer start
INFO: Started JettyTestContainer at the base URI http://localhost:64715/
]]></system-err>
  </testcase>
  <testcase name="removeSingleDirectory" classname="emissary.server.mvc.internal.DeregisterPlaceActionTest" time="0.066">
    <system-out><![CDATA[2023-12-12 00:43:59,234 [using logback-test.xml]  INFO emissary.command.BaseCommand -   - PROJECT_BASE is set to /Users/connor/Projects/work/emissary/target 
2023-12-12 00:43:59,234 [using logback-test.xml]  INFO emissary.command.BaseCommand -   - Setting emissary.config.dir to /Users/connor/Projects/work/emissary/target/config 
2023-12-12 00:43:59,234 [using logback-test.xml]  INFO emissary.command.BaseCommand -   - Setting emissary.bin.dir to /Users/connor/Projects/work/emissary/target/bin 
2023-12-12 00:43:59,234 [using logback-test.xml]  INFO emissary.command.BaseCommand -   - Setting emissary.output.root to /Users/connor/Projects/work/emissary/target/localoutput 
2023-12-12 00:43:59,234 [using logback-test.xml]  INFO emissary.command.BaseCommand -   - Emissary error dir set to /Users/connor/Projects/work/emissary/target/localerror 
2023-12-12 00:43:59,234 [using logback-test.xml]  INFO emissary.command.BaseCommand -   - Setting emissary.node.name to localhost 
2023-12-12 00:43:59,234 [using logback-test.xml]  INFO emissary.command.BaseCommand -   - Setting emissary.node.port to 8001 
2023-12-12 00:43:59,234 [using logback-test.xml]  INFO emissary.command.BaseCommand -   - Setting emissary.node.scheme to http 
2023-12-12 00:43:59,234 [using logback-test.xml]  WARN emissary.command.BaseCommand -   - Not using /Users/connor/Projects/work/emissary/target/config/logback.xml, staying with test config file:/Users/connor/Projects/work/emissary/target/test-classes/logback-test.xml
2023-12-12 00:43:59,235 [using logback-test.xml]  INFO emissary.command.BaseCommand -   - Overriding current emissary.config.flavor null to CLUSTER 
2023-12-12 00:43:59,235 [using logback-test.xml]  INFO emissary.command.BaseCommand -   - PROJECT_BASE is set to /Users/connor/Projects/work/emissary/target 
2023-12-12 00:43:59,235 [using logback-test.xml]  INFO emissary.command.BaseCommand -   - Setting emissary.config.dir to /Users/connor/Projects/work/emissary/target/config 
2023-12-12 00:43:59,235 [using logback-test.xml]  INFO emissary.command.BaseCommand -   - Setting emissary.bin.dir to /Users/connor/Projects/work/emissary/target/bin 
2023-12-12 00:43:59,235 [using logback-test.xml]  INFO emissary.command.BaseCommand -   - Setting emissary.output.root to /Users/connor/Projects/work/emissary/target/localoutput 
2023-12-12 00:43:59,235 [using logback-test.xml]  INFO emissary.command.BaseCommand -   - Emissary error dir set to /Users/connor/Projects/work/emissary/target/localerror 
2023-12-12 00:43:59,235 [using logback-test.xml]  INFO emissary.command.BaseCommand -   - Setting emissary.config.flavor to CLUSTER 
2023-12-12 00:43:59,235 [using logback-test.xml]  INFO emissary.command.BaseCommand -   - Setting emissary.node.name to localhost 
2023-12-12 00:43:59,235 [using logback-test.xml]  INFO emissary.command.BaseCommand -   - Setting emissary.node.port to 8001 
2023-12-12 00:43:59,235 [using logback-test.xml]  INFO emissary.command.BaseCommand -   - Setting emissary.node.scheme to http 
2023-12-12 00:43:59,235 [using logback-test.xml]  WARN emissary.command.BaseCommand -   - Not using /Users/connor/Projects/work/emissary/target/config/logback.xml, staying with test config file:/Users/connor/Projects/work/emissary/target/test-classes/logback-test.xml
2023-12-12 00:43:59,236 [using logback-test.xml]  INFO emissary.command.BaseCommand -   - Overriding current emissary.config.flavor CLUSTER to CLUSTER 
2023-12-12 00:43:59,280 [using logback-test.xml] DEBUG emissary.config.ConfigUtil -   - Attempting flavor merge on <none>-CLUSTER
2023-12-12 00:43:59,280 [using logback-test.xml] DEBUG emissary.config.ConfigUtil -   - Loading config for (string) <none>-CLUSTER
2023-12-12 00:43:59,280 [using logback-test.xml] DEBUG emissary.config.ConfigUtil -   - No file config found using new style <none>-CLUSTER
2023-12-12 00:43:59,280 [using logback-test.xml] DEBUG emissary.config.ConfigUtil -   - No config data as resource for emissary/place/<none>-CLUSTER
2023-12-12 00:43:59,280 [using logback-test.xml] DEBUG emissary.config.ConfigUtil -   - No config data as resource for <none>-CLUSTER
2023-12-12 00:43:59,280 [using logback-test.xml] DEBUG emissary.config.ConfigUtil -   - No file config found using old style <none>-CLUSTER.cfg
2023-12-12 00:43:59,280 [using logback-test.xml] DEBUG emissary.config.ConfigUtil -   - Unable to opt import flavor config <none>-CLUSTER
2023-12-12 00:43:59,281 [using logback-test.xml] DEBUG emissary.config.ConfigUtil -   - Loading config for (string) peer-TestNode-1234567.cfg
2023-12-12 00:43:59,281 [using logback-test.xml] DEBUG emissary.config.ConfigUtil -   - No file config found using new style peer-TestNode-1234567.cfg
2023-12-12 00:43:59,281 [using logback-test.xml] DEBUG emissary.config.ConfigUtil -   - No config data as resource for emissary/place/peer-TestNode-1234567.cfg
2023-12-12 00:43:59,281 [using logback-test.xml] DEBUG emissary.config.ConfigUtil -   - No config data as resource for peer-TestNode-1234567.cfg
2023-12-12 00:43:59,281 [using logback-test.xml] DEBUG emissary.config.ConfigUtil -   - No file config found using old style peer-TestNode-1234567.cfg
2023-12-12 00:43:59,281 [using logback-test.xml] DEBUG emissary.config.ConfigUtil -   - Preference peer-TestNode-1234567.cfg not found
2023-12-12 00:43:59,281 [using logback-test.xml] DEBUG emissary.config.ConfigUtil -   - Loading config for (string) peer-TestNode.cfg
2023-12-12 00:43:59,281 [using logback-test.xml] DEBUG emissary.config.ConfigUtil -   - No file config found using new style peer-TestNode.cfg
2023-12-12 00:43:59,281 [using logback-test.xml] DEBUG emissary.config.ConfigUtil -   - No config data as resource for emissary/place/peer-TestNode.cfg
2023-12-12 00:43:59,281 [using logback-test.xml] DEBUG emissary.config.ConfigUtil -   - No config data as resource for peer-TestNode.cfg
2023-12-12 00:43:59,281 [using logback-test.xml] DEBUG emissary.config.ConfigUtil -   - No file config found using old style peer-TestNode.cfg
2023-12-12 00:43:59,281 [using logback-test.xml] DEBUG emissary.config.ConfigUtil -   - Preference peer-TestNode.cfg not found
2023-12-12 00:43:59,281 [using logback-test.xml] DEBUG emissary.config.ConfigUtil -   - Loading config for (string) peer-1234567.cfg
2023-12-12 00:43:59,281 [using logback-test.xml] DEBUG emissary.config.ConfigUtil -   - No file config found using new style peer-1234567.cfg
2023-12-12 00:43:59,281 [using logback-test.xml] DEBUG emissary.config.ConfigUtil -   - No config data as resource for emissary/place/peer-1234567.cfg
2023-12-12 00:43:59,281 [using logback-test.xml] DEBUG emissary.config.ConfigUtil -   - No config data as resource for peer-1234567.cfg
2023-12-12 00:43:59,281 [using logback-test.xml] DEBUG emissary.config.ConfigUtil -   - No file config found using old style peer-1234567.cfg
2023-12-12 00:43:59,281 [using logback-test.xml] DEBUG emissary.config.ConfigUtil -   - Preference peer-1234567.cfg not found
2023-12-12 00:43:59,281 [using logback-test.xml] DEBUG emissary.config.ConfigUtil -   - Loading config for (string) peer-mac_os_x.cfg
2023-12-12 00:43:59,281 [using logback-test.xml] DEBUG emissary.config.ConfigUtil -   - No file config found using new style peer-mac_os_x.cfg
2023-12-12 00:43:59,281 [using logback-test.xml] DEBUG emissary.config.ConfigUtil -   - No config data as resource for emissary/place/peer-mac_os_x.cfg
2023-12-12 00:43:59,281 [using logback-test.xml] DEBUG emissary.config.ConfigUtil -   - No config data as resource for peer-mac_os_x.cfg
2023-12-12 00:43:59,282 [using logback-test.xml] DEBUG emissary.config.ConfigUtil -   - No file config found using old style peer-mac_os_x.cfg
2023-12-12 00:43:59,282 [using logback-test.xml] DEBUG emissary.config.ConfigUtil -   - Preference peer-mac_os_x.cfg not found
2023-12-12 00:43:59,282 [using logback-test.xml] DEBUG emissary.config.ConfigUtil -   - Loading config for (string) peer.cfg
2023-12-12 00:43:59,282 [using logback-test.xml] DEBUG emissary.config.ConfigUtil -   - Found config data as file /Users/connor/Projects/work/emissary/target/config/peer.cfg
2023-12-12 00:43:59,282 [using logback-test.xml] DEBUG emissary.config.ConfigUtil -   - Attempting flavor merge on peer-CLUSTER.cfg
2023-12-12 00:43:59,282 [using logback-test.xml] DEBUG emissary.config.ConfigUtil -   - Loading config for (string) peer-CLUSTER.cfg
2023-12-12 00:43:59,282 [using logback-test.xml] DEBUG emissary.config.ConfigUtil -   - No file config found using new style peer-CLUSTER.cfg
2023-12-12 00:43:59,282 [using logback-test.xml] DEBUG emissary.config.ConfigUtil -   - No config data as resource for emissary/place/peer-CLUSTER.cfg
2023-12-12 00:43:59,282 [using logback-test.xml] DEBUG emissary.config.ConfigUtil -   - No config data as resource for peer-CLUSTER.cfg
2023-12-12 00:43:59,282 [using logback-test.xml] DEBUG emissary.config.ConfigUtil -   - No file config found using old style peer-CLUSTER.cfg
2023-12-12 00:43:59,282 [using logback-test.xml] DEBUG emissary.config.ConfigUtil -   - Unable to opt import flavor config peer-CLUSTER.cfg
2023-12-12 00:43:59,292 [using logback-test.xml] DEBUG org.apache.hc.client5.http.impl.classic.InternalHttpClient -   - ex-0000000013 preparing request execution
2023-12-12 00:43:59,292 [using logback-test.xml] DEBUG org.apache.hc.client5.http.impl.classic.ProtocolExec -   - ex-0000000013 target auth state: UNCHALLENGED
2023-12-12 00:43:59,292 [using logback-test.xml] DEBUG org.apache.hc.client5.http.impl.classic.ProtocolExec -   - ex-0000000013 proxy auth state: UNCHALLENGED
2023-12-12 00:43:59,292 [using logback-test.xml] DEBUG org.apache.hc.client5.http.impl.classic.ConnectExec -   - ex-0000000013 acquiring connection with route {}->http://localhost:8001
2023-12-12 00:43:59,292 [using logback-test.xml] DEBUG org.apache.hc.client5.http.impl.classic.InternalHttpClient -   - ex-0000000013 acquiring endpoint (300000 MILLISECONDS)
2023-12-12 00:43:59,292 [using logback-test.xml] DEBUG org.apache.hc.client5.http.impl.io.PoolingHttpClientConnectionManager -   - ex-0000000013 endpoint lease request (300000 MILLISECONDS) [route: {}->http://localhost:8001][total available: 1; route allocated: 0 of 5; total allocated: 1 of 200]
2023-12-12 00:43:59,292 [using logback-test.xml] DEBUG org.apache.hc.client5.http.impl.io.PoolingHttpClientConnectionManager -   - ex-0000000013 endpoint leased [route: {}->http://localhost:8001][total available: 1; route allocated: 1 of 5; total allocated: 2 of 200]
2023-12-12 00:43:59,292 [using logback-test.xml] DEBUG org.apache.hc.client5.http.impl.io.PoolingHttpClientConnectionManager -   - ex-0000000013 acquired ep-0000000013
2023-12-12 00:43:59,292 [using logback-test.xml] DEBUG org.apache.hc.client5.http.impl.classic.InternalHttpClient -   - ex-0000000013 acquired endpoint ep-0000000013
2023-12-12 00:43:59,292 [using logback-test.xml] DEBUG org.apache.hc.client5.http.impl.classic.ConnectExec -   - ex-0000000013 opening connection {}->http://localhost:8001
2023-12-12 00:43:59,292 [using logback-test.xml] DEBUG org.apache.hc.client5.http.impl.classic.InternalHttpClient -   - ep-0000000013 connecting endpoint (null)
2023-12-12 00:43:59,292 [using logback-test.xml] DEBUG org.apache.hc.client5.http.impl.io.PoolingHttpClientConnectionManager -   - ep-0000000013 connecting endpoint to http://localhost:8001 (600000 MILLISECONDS)
2023-12-12 00:43:59,292 [using logback-test.xml] DEBUG org.apache.hc.client5.http.impl.io.DefaultHttpClientConnectionOperator -   - localhost resolving remote address
2023-12-12 00:43:59,292 [using logback-test.xml] DEBUG org.apache.hc.client5.http.impl.io.DefaultHttpClientConnectionOperator -   - localhost resolved to [localhost/127.0.0.1]
2023-12-12 00:43:59,293 [using logback-test.xml] DEBUG org.apache.hc.client5.http.impl.io.DefaultHttpClientConnectionOperator -   - localhost:8001 connecting null->localhost/127.0.0.1:8001 (600000 MILLISECONDS)
2023-12-12 00:43:59,293 [using logback-test.xml] DEBUG org.apache.hc.client5.http.impl.io.DefaultHttpClientConnectionOperator -   - localhost:8001 connection to localhost/127.0.0.1:8001 failed (class java.net.ConnectException); terminating operation
2023-12-12 00:43:59,293 [using logback-test.xml] DEBUG org.apache.hc.client5.http.impl.io.DefaultManagedHttpClientConnection -   - http-outgoing-12 close connection IMMEDIATE
2023-12-12 00:43:59,293 [using logback-test.xml] DEBUG org.apache.hc.client5.http.impl.classic.InternalHttpClient -   - ep-0000000013 endpoint closed
2023-12-12 00:43:59,293 [using logback-test.xml] DEBUG org.apache.hc.client5.http.impl.classic.InternalHttpClient -   - ep-0000000013 discarding endpoint
2023-12-12 00:43:59,293 [using logback-test.xml] DEBUG org.apache.hc.client5.http.impl.io.PoolingHttpClientConnectionManager -   - ep-0000000013 releasing endpoint
2023-12-12 00:43:59,293 [using logback-test.xml] DEBUG org.apache.hc.client5.http.impl.io.PoolingHttpClientConnectionManager -   - ep-0000000013 connection is not kept alive
2023-12-12 00:43:59,293 [using logback-test.xml] DEBUG org.apache.hc.client5.http.impl.io.PoolingHttpClientConnectionManager -   - ep-0000000013 connection released [route: {}->http://localhost:8001][total available: 1; route allocated: 0 of 5; total allocated: 1 of 200]
2023-12-12 00:43:59,293 [using logback-test.xml] DEBUG org.apache.hc.client5.http.impl.classic.InternalHttpClient -   - ex-0000000014 preparing request execution
2023-12-12 00:43:59,293 [using logback-test.xml] DEBUG org.apache.hc.client5.http.impl.classic.ProtocolExec -   - ex-0000000014 target auth state: UNCHALLENGED
2023-12-12 00:43:59,293 [using logback-test.xml] DEBUG org.apache.hc.client5.http.impl.classic.ProtocolExec -   - ex-0000000014 proxy auth state: UNCHALLENGED
2023-12-12 00:43:59,293 [using logback-test.xml] DEBUG org.apache.hc.client5.http.impl.classic.ConnectExec -   - ex-0000000014 acquiring connection with route {}->http://localhost:9001
2023-12-12 00:43:59,293 [using logback-test.xml] DEBUG org.apache.hc.client5.http.impl.classic.InternalHttpClient -   - ex-0000000014 acquiring endpoint (300000 MILLISECONDS)
2023-12-12 00:43:59,293 [using logback-test.xml] DEBUG org.apache.hc.client5.http.impl.io.PoolingHttpClientConnectionManager -   - ex-0000000014 endpoint lease request (300000 MILLISECONDS) [route: {}->http://localhost:9001][total available: 1; route allocated: 0 of 5; total allocated: 1 of 200]
2023-12-12 00:43:59,293 [using logback-test.xml] DEBUG org.apache.hc.client5.http.impl.io.PoolingHttpClientConnectionManager -   - ex-0000000014 endpoint leased [route: {}->http://localhost:9001][total available: 1; route allocated: 1 of 5; total allocated: 2 of 200]
2023-12-12 00:43:59,293 [using logback-test.xml] DEBUG org.apache.hc.client5.http.impl.io.PoolingHttpClientConnectionManager -   - ex-0000000014 acquired ep-0000000014
2023-12-12 00:43:59,293 [using logback-test.xml] DEBUG org.apache.hc.client5.http.impl.classic.InternalHttpClient -   - ex-0000000014 acquired endpoint ep-0000000014
2023-12-12 00:43:59,293 [using logback-test.xml] DEBUG org.apache.hc.client5.http.impl.classic.ConnectExec -   - ex-0000000014 opening connection {}->http://localhost:9001
2023-12-12 00:43:59,293 [using logback-test.xml] DEBUG org.apache.hc.client5.http.impl.classic.InternalHttpClient -   - ep-0000000014 connecting endpoint (null)
2023-12-12 00:43:59,293 [using logback-test.xml] DEBUG org.apache.hc.client5.http.impl.io.PoolingHttpClientConnectionManager -   - ep-0000000014 connecting endpoint to http://localhost:9001 (600000 MILLISECONDS)
2023-12-12 00:43:59,293 [using logback-test.xml] DEBUG org.apache.hc.client5.http.impl.io.DefaultHttpClientConnectionOperator -   - localhost resolving remote address
2023-12-12 00:43:59,293 [using logback-test.xml] DEBUG org.apache.hc.client5.http.impl.io.DefaultHttpClientConnectionOperator -   - localhost resolved to [localhost/127.0.0.1]
2023-12-12 00:43:59,293 [using logback-test.xml] DEBUG org.apache.hc.client5.http.impl.io.DefaultHttpClientConnectionOperator -   - localhost:9001 connecting null->localhost/127.0.0.1:9001 (600000 MILLISECONDS)
2023-12-12 00:43:59,294 [using logback-test.xml] DEBUG org.apache.hc.client5.http.impl.io.DefaultHttpClientConnectionOperator -   - localhost:9001 connection to localhost/127.0.0.1:9001 failed (class java.net.ConnectException); terminating operation
2023-12-12 00:43:59,294 [using logback-test.xml] DEBUG org.apache.hc.client5.http.impl.io.DefaultManagedHttpClientConnection -   - http-outgoing-13 close connection IMMEDIATE
2023-12-12 00:43:59,294 [using logback-test.xml] DEBUG org.apache.hc.client5.http.impl.classic.InternalHttpClient -   - ep-0000000014 endpoint closed
2023-12-12 00:43:59,294 [using logback-test.xml] DEBUG org.apache.hc.client5.http.impl.classic.InternalHttpClient -   - ep-0000000014 discarding endpoint
2023-12-12 00:43:59,294 [using logback-test.xml] DEBUG org.apache.hc.client5.http.impl.io.PoolingHttpClientConnectionManager -   - ep-0000000014 releasing endpoint
2023-12-12 00:43:59,294 [using logback-test.xml] DEBUG org.apache.hc.client5.http.impl.io.PoolingHttpClientConnectionManager -   - ep-0000000014 connection is not kept alive
2023-12-12 00:43:59,294 [using logback-test.xml] DEBUG org.apache.hc.client5.http.impl.io.PoolingHttpClientConnectionManager -   - ep-0000000014 connection released [route: {}->http://localhost:9001][total available: 1; route allocated: 0 of 5; total allocated: 1 of 200]
2023-12-12 00:43:59,294 [using logback-test.xml] DEBUG org.apache.hc.client5.http.impl.classic.InternalHttpClient -   - ex-0000000015 preparing request execution
2023-12-12 00:43:59,294 [using logback-test.xml] DEBUG org.apache.hc.client5.http.impl.classic.ProtocolExec -   - ex-0000000015 target auth state: UNCHALLENGED
2023-12-12 00:43:59,294 [using logback-test.xml] DEBUG org.apache.hc.client5.http.impl.classic.ProtocolExec -   - ex-0000000015 proxy auth state: UNCHALLENGED
2023-12-12 00:43:59,294 [using logback-test.xml] DEBUG org.apache.hc.client5.http.impl.classic.ConnectExec -   - ex-0000000015 acquiring connection with route {}->http://localhost:7001
2023-12-12 00:43:59,294 [using logback-test.xml] DEBUG org.apache.hc.client5.http.impl.classic.InternalHttpClient -   - ex-0000000015 acquiring endpoint (300000 MILLISECONDS)
2023-12-12 00:43:59,294 [using logback-test.xml] DEBUG org.apache.hc.client5.http.impl.io.PoolingHttpClientConnectionManager -   - ex-0000000015 endpoint lease request (300000 MILLISECONDS) [route: {}->http://localhost:7001][total available: 1; route allocated: 1 of 5; total allocated: 1 of 200]
2023-12-12 00:43:59,294 [using logback-test.xml] DEBUG org.apache.hc.client5.http.impl.io.PoolingHttpClientConnectionManager -   - ex-0000000015 endpoint leased [route: {}->http://localhost:7001][total available: 0; route allocated: 1 of 5; total allocated: 1 of 200]
2023-12-12 00:43:59,294 [using logback-test.xml] DEBUG org.apache.hc.client5.http.impl.io.PoolingHttpClientConnectionManager -   - ex-0000000015 acquired ep-0000000015
2023-12-12 00:43:59,294 [using logback-test.xml] DEBUG org.apache.hc.client5.http.impl.classic.InternalHttpClient -   - ex-0000000015 acquired endpoint ep-0000000015
2023-12-12 00:43:59,294 [using logback-test.xml] DEBUG org.apache.hc.client5.http.impl.classic.MainClientExec -   - ex-0000000015 executing POST /emissary/FailDirectory.action HTTP/1.1
2023-12-12 00:43:59,294 [using logback-test.xml] DEBUG org.apache.hc.client5.http.protocol.RequestAddCookies -   - ex-0000000015 Cookie spec selected: strict
2023-12-12 00:43:59,294 [using logback-test.xml] DEBUG org.apache.hc.client5.http.impl.classic.InternalHttpClient -   - ep-0000000015 start execution ex-0000000015
2023-12-12 00:43:59,294 [using logback-test.xml] DEBUG org.apache.hc.client5.http.impl.io.PoolingHttpClientConnectionManager -   - ep-0000000015 executing exchange ex-0000000015 over http-outgoing-11
2023-12-12 00:43:59,295 [using logback-test.xml] DEBUG org.apache.hc.client5.http.headers -   - http-outgoing-11 >> POST /emissary/FailDirectory.action HTTP/1.1
2023-12-12 00:43:59,295 [using logback-test.xml] DEBUG org.apache.hc.client5.http.headers -   - http-outgoing-11 >> X-Requested-By: emissary
2023-12-12 00:43:59,295 [using logback-test.xml] DEBUG org.apache.hc.client5.http.headers -   - http-outgoing-11 >> Accept-Encoding: gzip, x-gzip, deflate
2023-12-12 00:43:59,295 [using logback-test.xml] DEBUG org.apache.hc.client5.http.headers -   - http-outgoing-11 >> Content-Length: 195
2023-12-12 00:43:59,295 [using logback-test.xml] DEBUG org.apache.hc.client5.http.headers -   - http-outgoing-11 >> Content-Type: application/x-www-form-urlencoded; charset=UTF-8
2023-12-12 00:43:59,295 [using logback-test.xml] DEBUG org.apache.hc.client5.http.headers -   - http-outgoing-11 >> Host: localhost:7001
2023-12-12 00:43:59,295 [using logback-test.xml] DEBUG org.apache.hc.client5.http.headers -   - http-outgoing-11 >> Connection: keep-alive
2023-12-12 00:43:59,295 [using logback-test.xml] DEBUG org.apache.hc.client5.http.headers -   - http-outgoing-11 >> User-Agent: Apache-HttpClient/5.2.1 (Java/17.0.3)
2023-12-12 00:43:59,295 [using logback-test.xml] DEBUG org.apache.hc.client5.http.wire -   - http-outgoing-11 >> "POST /emissary/FailDirectory.action HTTP/1.1[\r][\n]"
2023-12-12 00:43:59,295 [using logback-test.xml] DEBUG org.apache.hc.client5.http.wire -   - http-outgoing-11 >> "X-Requested-By: emissary[\r][\n]"
2023-12-12 00:43:59,295 [using logback-test.xml] DEBUG org.apache.hc.client5.http.wire -   - http-outgoing-11 >> "Accept-Encoding: gzip, x-gzip, deflate[\r][\n]"
2023-12-12 00:43:59,295 [using logback-test.xml] DEBUG org.apache.hc.client5.http.wire -   - http-outgoing-11 >> "Content-Length: 195[\r][\n]"
2023-12-12 00:43:59,295 [using logback-test.xml] DEBUG org.apache.hc.client5.http.wire -   - http-outgoing-11 >> "Content-Type: application/x-www-form-urlencoded; charset=UTF-8[\r][\n]"
2023-12-12 00:43:59,295 [using logback-test.xml] DEBUG org.apache.hc.client5.http.wire -   - http-outgoing-11 >> "Host: localhost:7001[\r][\n]"
2023-12-12 00:43:59,295 [using logback-test.xml] DEBUG org.apache.hc.client5.http.wire -   - http-outgoing-11 >> "Connection: keep-alive[\r][\n]"
2023-12-12 00:43:59,295 [using logback-test.xml] DEBUG org.apache.hc.client5.http.wire -   - http-outgoing-11 >> "User-Agent: Apache-HttpClient/5.2.1 (Java/17.0.3)[\r][\n]"
2023-12-12 00:43:59,295 [using logback-test.xml] DEBUG org.apache.hc.client5.http.wire -   - http-outgoing-11 >> "[\r][\n]"
2023-12-12 00:43:59,295 [using logback-test.xml] DEBUG org.apache.hc.client5.http.wire -   - http-outgoing-11 >> "targetDir=http%3A%2F%2Flocalhost%3A7001%2FDirectoryPlace&dirFailName=EMISSARY_DIRECTORY_SERVICES.DIRECTORY.STUDY.http%3A%2F%2FderegisterPlaceActionTest%3A8001%2FDirectoryPlace&dirAddPropFlag=true"
2023-12-12 00:43:59,296 [using logback-test.xml] DEBUG org.apache.hc.client5.http.wire -   - http-outgoing-11 << "HTTP/1.1 401 Unauthorized[\r][\n]"
2023-12-12 00:43:59,296 [using logback-test.xml] DEBUG org.apache.hc.client5.http.wire -   - http-outgoing-11 << "WWW-Authenticate: Digest realm="EmissaryRealm", domain="/", nonce="C1H4ZItXDGegJV9riEuYXonZ+bmT0sBC", algorithm=MD5, qop="auth", stale=false[\r][\n]"
2023-12-12 00:43:59,296 [using logback-test.xml] DEBUG org.apache.hc.client5.http.wire -   - http-outgoing-11 << "Cache-Control: must-revalidate,no-cache,no-store[\r][\n]"
2023-12-12 00:43:59,296 [using logback-test.xml] DEBUG org.apache.hc.client5.http.wire -   - http-outgoing-11 << "Content-Type: text/html;charset=iso-8859-1[\r][\n]"
2023-12-12 00:43:59,296 [using logback-test.xml] DEBUG org.apache.hc.client5.http.wire -   - http-outgoing-11 << "Content-Length: 473[\r][\n]"
2023-12-12 00:43:59,296 [using logback-test.xml] DEBUG org.apache.hc.client5.http.wire -   - http-outgoing-11 << "Server: Jetty(10.0.15)[\r][\n]"
2023-12-12 00:43:59,296 [using logback-test.xml] DEBUG org.apache.hc.client5.http.wire -   - http-outgoing-11 << "[\r][\n]"
2023-12-12 00:43:59,296 [using logback-test.xml] DEBUG org.apache.hc.client5.http.wire -   - http-outgoing-11 << "<html>[\n]"
2023-12-12 00:43:59,296 [using logback-test.xml] DEBUG org.apache.hc.client5.http.wire -   - http-outgoing-11 << "<head>[\n]"
2023-12-12 00:43:59,296 [using logback-test.xml] DEBUG org.apache.hc.client5.http.wire -   - http-outgoing-11 << "<meta http-equiv="Content-Type" content="text/html;charset=ISO-8859-1"/>[\n]"
2023-12-12 00:43:59,296 [using logback-test.xml] DEBUG org.apache.hc.client5.http.wire -   - http-outgoing-11 << "<title>Error 401 Unauthorized</title>[\n]"
2023-12-12 00:43:59,296 [using logback-test.xml] DEBUG org.apache.hc.client5.http.wire -   - http-outgoing-11 << "</head>[\n]"
2023-12-12 00:43:59,296 [using logback-test.xml] DEBUG org.apache.hc.client5.http.wire -   - http-outgoing-11 << "<body><h2>HTTP ERROR 401 Unauthorized</h2>[\n]"
2023-12-12 00:43:59,296 [using logback-test.xml] DEBUG org.apache.hc.client5.http.wire -   - http-outgoing-11 << "<table>[\n]"
2023-12-12 00:43:59,296 [using logback-test.xml] DEBUG org.apache.hc.client5.http.wire -   - http-outgoing-11 << "<tr><th>URI:</th><td>/emissary/FailDirectory.action</td></tr>[\n]"
2023-12-12 00:43:59,296 [using logback-test.xml] DEBUG org.apache.hc.client5.http.wire -   - http-outgoing-11 << "<tr><th>STATUS:</th><td>401</td></tr>[\n]"
2023-12-12 00:43:59,296 [using logback-test.xml] DEBUG org.apache.hc.client5.http.wire -   - http-outgoing-11 << "<tr><th>MESSAGE:</th><td>Unauthorized</td></tr>[\n]"
2023-12-12 00:43:59,296 [using logback-test.xml] DEBUG org.apache.hc.client5.http.wire -   - http-outgoing-11 << "<tr><th>SERVLET:</th><td>-</td></tr>[\n]"
2023-12-12 00:43:59,296 [using logback-test.xml] DEBUG org.apache.hc.client5.http.wire -   - http-outgoing-11 << "</table>[\n]"
2023-12-12 00:43:59,296 [using logback-test.xml] DEBUG org.apache.hc.client5.http.wire -   - http-outgoing-11 << "<hr/><a href="https://eclipse.org/jetty">Powered by Jetty:// 10.0.15</a><hr/>[\n]"
2023-12-12 00:43:59,296 [using logback-test.xml] DEBUG org.apache.hc.client5.http.wire -   - http-outgoing-11 << "[\n]"
2023-12-12 00:43:59,296 [using logback-test.xml] DEBUG org.apache.hc.client5.http.wire -   - http-outgoing-11 << "</body>[\n]"
2023-12-12 00:43:59,296 [using logback-test.xml] DEBUG org.apache.hc.client5.http.wire -   - http-outgoing-11 << "</html>[\n]"
2023-12-12 00:43:59,296 [using logback-test.xml] DEBUG org.apache.hc.client5.http.headers -   - http-outgoing-11 << HTTP/1.1 401 Unauthorized
2023-12-12 00:43:59,296 [using logback-test.xml] DEBUG org.apache.hc.client5.http.headers -   - http-outgoing-11 << WWW-Authenticate: Digest realm="EmissaryRealm", domain="/", nonce="C1H4ZItXDGegJV9riEuYXonZ+bmT0sBC", algorithm=MD5, qop="auth", stale=false
2023-12-12 00:43:59,296 [using logback-test.xml] DEBUG org.apache.hc.client5.http.headers -   - http-outgoing-11 << Cache-Control: must-revalidate,no-cache,no-store
2023-12-12 00:43:59,296 [using logback-test.xml] DEBUG org.apache.hc.client5.http.headers -   - http-outgoing-11 << Content-Type: text/html;charset=iso-8859-1
2023-12-12 00:43:59,296 [using logback-test.xml] DEBUG org.apache.hc.client5.http.headers -   - http-outgoing-11 << Content-Length: 473
2023-12-12 00:43:59,296 [using logback-test.xml] DEBUG org.apache.hc.client5.http.headers -   - http-outgoing-11 << Server: Jetty(10.0.15)
2023-12-12 00:43:59,296 [using logback-test.xml] DEBUG org.apache.hc.client5.http.impl.classic.MainClientExec -   - ex-0000000015 connection can be kept alive for 3 MINUTES
2023-12-12 00:43:59,296 [using logback-test.xml] DEBUG org.apache.hc.client5.http.impl.auth.HttpAuthenticator -   - ex-0000000015 Authentication required
2023-12-12 00:43:59,296 [using logback-test.xml] DEBUG org.apache.hc.client5.http.impl.auth.AuthCacheKeeper -   - ex-0000000015 Clearing cached auth scheme for http://localhost:7001/emissary/
2023-12-12 00:43:59,296 [using logback-test.xml] DEBUG org.apache.hc.client5.http.impl.auth.HttpAuthenticator -   - ex-0000000015 localhost:7001 requested authentication
2023-12-12 00:43:59,296 [using logback-test.xml] DEBUG org.apache.hc.client5.http.impl.DefaultAuthenticationStrategy -   - ex-0000000015 Authentication schemes in the order of preference: [Digest]
2023-12-12 00:43:59,296 [using logback-test.xml] DEBUG org.apache.hc.client5.http.impl.auth.HttpAuthenticator -   - ex-0000000015 Selecting authentication options
2023-12-12 00:43:59,296 [using logback-test.xml] DEBUG org.apache.hc.client5.http.impl.auth.HttpAuthenticator -   - ex-0000000015 Selected authentication options: [Digest{qop=auth, stale=false, domain=/, realm=EmissaryRealm, nonce=C1H4ZItXDGegJV9riEuYXonZ+bmT0sBC, algorithm=MD5}]
2023-12-12 00:43:59,296 [using logback-test.xml] DEBUG org.apache.hc.client5.http.impl.classic.ProtocolExec -   - ex-0000000015 target auth state: CHALLENGED
2023-12-12 00:43:59,296 [using logback-test.xml] DEBUG org.apache.hc.client5.http.impl.auth.HttpAuthenticator -   - ex-0000000015 Generating response to an authentication challenge using Digest scheme
2023-12-12 00:43:59,297 [using logback-test.xml] DEBUG org.apache.hc.client5.http.impl.classic.ProtocolExec -   - ex-0000000015 proxy auth state: UNCHALLENGED
2023-12-12 00:43:59,297 [using logback-test.xml] DEBUG org.apache.hc.client5.http.impl.classic.MainClientExec -   - ex-0000000015 executing POST /emissary/FailDirectory.action HTTP/1.1
2023-12-12 00:43:59,297 [using logback-test.xml] DEBUG org.apache.hc.client5.http.protocol.RequestAddCookies -   - ex-0000000015 Cookie spec selected: strict
2023-12-12 00:43:59,297 [using logback-test.xml] DEBUG org.apache.hc.client5.http.impl.classic.InternalHttpClient -   - ep-0000000015 start execution ex-0000000015
2023-12-12 00:43:59,297 [using logback-test.xml] DEBUG org.apache.hc.client5.http.impl.io.PoolingHttpClientConnectionManager -   - ep-0000000015 executing exchange ex-0000000015 over http-outgoing-11
2023-12-12 00:43:59,297 [using logback-test.xml] DEBUG org.apache.hc.client5.http.headers -   - http-outgoing-11 >> POST /emissary/FailDirectory.action HTTP/1.1
2023-12-12 00:43:59,297 [using logback-test.xml] DEBUG org.apache.hc.client5.http.headers -   - http-outgoing-11 >> X-Requested-By: emissary
2023-12-12 00:43:59,297 [using logback-test.xml] DEBUG org.apache.hc.client5.http.headers -   - http-outgoing-11 >> Authorization: Digest username="emissary", realm="EmissaryRealm", nonce="C1H4ZItXDGegJV9riEuYXonZ+bmT0sBC", uri="/emissary/FailDirectory.action", response="2767671c830982c06c70c8b5c41317c6", qop=auth, nc=00000001, cnonce="a6e513ec01d56688", algorithm=MD5
2023-12-12 00:43:59,297 [using logback-test.xml] DEBUG org.apache.hc.client5.http.headers -   - http-outgoing-11 >> Content-Length: 195
2023-12-12 00:43:59,297 [using logback-test.xml] DEBUG org.apache.hc.client5.http.headers -   - http-outgoing-11 >> Content-Type: application/x-www-form-urlencoded; charset=UTF-8
2023-12-12 00:43:59,297 [using logback-test.xml] DEBUG org.apache.hc.client5.http.headers -   - http-outgoing-11 >> Host: localhost:7001
2023-12-12 00:43:59,297 [using logback-test.xml] DEBUG org.apache.hc.client5.http.headers -   - http-outgoing-11 >> Connection: keep-alive
2023-12-12 00:43:59,297 [using logback-test.xml] DEBUG org.apache.hc.client5.http.headers -   - http-outgoing-11 >> User-Agent: Apache-HttpClient/5.2.1 (Java/17.0.3)
2023-12-12 00:43:59,297 [using logback-test.xml] DEBUG org.apache.hc.client5.http.wire -   - http-outgoing-11 >> "POST /emissary/FailDirectory.action HTTP/1.1[\r][\n]"
2023-12-12 00:43:59,297 [using logback-test.xml] DEBUG org.apache.hc.client5.http.wire -   - http-outgoing-11 >> "X-Requested-By: emissary[\r][\n]"
2023-12-12 00:43:59,297 [using logback-test.xml] DEBUG org.apache.hc.client5.http.wire -   - http-outgoing-11 >> "Authorization: Digest username="emissary", realm="EmissaryRealm", nonce="C1H4ZItXDGegJV9riEuYXonZ+bmT0sBC", uri="/emissary/FailDirectory.action", response="2767671c830982c06c70c8b5c41317c6", qop=auth, nc=00000001, cnonce="a6e513ec01d56688", algorithm=MD5[\r][\n]"
2023-12-12 00:43:59,297 [using logback-test.xml] DEBUG org.apache.hc.client5.http.wire -   - http-outgoing-11 >> "Content-Length: 195[\r][\n]"
2023-12-12 00:43:59,297 [using logback-test.xml] DEBUG org.apache.hc.client5.http.wire -   - http-outgoing-11 >> "Content-Type: application/x-www-form-urlencoded; charset=UTF-8[\r][\n]"
2023-12-12 00:43:59,297 [using logback-test.xml] DEBUG org.apache.hc.client5.http.wire -   - http-outgoing-11 >> "Host: localhost:7001[\r][\n]"
2023-12-12 00:43:59,297 [using logback-test.xml] DEBUG org.apache.hc.client5.http.wire -   - http-outgoing-11 >> "Connection: keep-alive[\r][\n]"
2023-12-12 00:43:59,297 [using logback-test.xml] DEBUG org.apache.hc.client5.http.wire -   - http-outgoing-11 >> "User-Agent: Apache-HttpClient/5.2.1 (Java/17.0.3)[\r][\n]"
2023-12-12 00:43:59,297 [using logback-test.xml] DEBUG org.apache.hc.client5.http.wire -   - http-outgoing-11 >> "[\r][\n]"
2023-12-12 00:43:59,297 [using logback-test.xml] DEBUG org.apache.hc.client5.http.wire -   - http-outgoing-11 >> "targetDir=http%3A%2F%2Flocalhost%3A7001%2FDirectoryPlace&dirFailName=EMISSARY_DIRECTORY_SERVICES.DIRECTORY.STUDY.http%3A%2F%2FderegisterPlaceActionTest%3A8001%2FDirectoryPlace&dirAddPropFlag=true"
2023-12-12 00:43:59,301 [using logback-test.xml] DEBUG org.apache.hc.client5.http.wire -   - http-outgoing-11 << "HTTP/1.1 200 OK[\r][\n]"
2023-12-12 00:43:59,301 [using logback-test.xml] DEBUG org.apache.hc.client5.http.wire -   - http-outgoing-11 << "Date: Tue, 12 Dec 2023 00:43:59 GMT[\r][\n]"
2023-12-12 00:43:59,301 [using logback-test.xml] DEBUG org.apache.hc.client5.http.wire -   - http-outgoing-11 << "Content-Type: text/plain[\r][\n]"
2023-12-12 00:43:59,301 [using logback-test.xml] DEBUG org.apache.hc.client5.http.wire -   - http-outgoing-11 << "Content-Length: 234[\r][\n]"
2023-12-12 00:43:59,301 [using logback-test.xml] DEBUG org.apache.hc.client5.http.wire -   - http-outgoing-11 << "Server: Jetty(10.0.15)[\r][\n]"
2023-12-12 00:43:59,301 [using logback-test.xml] DEBUG org.apache.hc.client5.http.wire -   - http-outgoing-11 << "[\r][\n]"
2023-12-12 00:43:59,301 [using logback-test.xml] DEBUG org.apache.hc.client5.http.wire -   - http-outgoing-11 << "Modified 0 entries from EMISSARY_DIRECTORY_SERVICES.DIRECTORY.STUDY.http://localhost:7001/DirectoryPlace$5050[1] due to failure of remote EMISSARY_DIRECTORY_SERVICES.DIRECTORY.STUDY.http://deregisterPlaceActionTest:8001/DirectoryPlace"
2023-12-12 00:43:59,301 [using logback-test.xml] DEBUG org.apache.hc.client5.http.headers -   - http-outgoing-11 << HTTP/1.1 200 OK
2023-12-12 00:43:59,301 [using logback-test.xml] DEBUG org.apache.hc.client5.http.headers -   - http-outgoing-11 << Date: Tue, 12 Dec 2023 00:43:59 GMT
2023-12-12 00:43:59,301 [using logback-test.xml] DEBUG org.apache.hc.client5.http.headers -   - http-outgoing-11 << Content-Type: text/plain
2023-12-12 00:43:59,301 [using logback-test.xml] DEBUG org.apache.hc.client5.http.headers -   - http-outgoing-11 << Content-Length: 234
2023-12-12 00:43:59,301 [using logback-test.xml] DEBUG org.apache.hc.client5.http.headers -   - http-outgoing-11 << Server: Jetty(10.0.15)
2023-12-12 00:43:59,301 [using logback-test.xml] DEBUG org.apache.hc.client5.http.impl.classic.MainClientExec -   - ex-0000000015 connection can be kept alive for 3 MINUTES
2023-12-12 00:43:59,301 [using logback-test.xml] DEBUG org.apache.hc.client5.http.impl.auth.HttpAuthenticator -   - ex-0000000015 Authentication succeeded
2023-12-12 00:43:59,302 [using logback-test.xml] DEBUG org.apache.hc.client5.http.impl.classic.InternalHttpClient -   - ep-0000000015 releasing valid endpoint
2023-12-12 00:43:59,302 [using logback-test.xml] DEBUG org.apache.hc.client5.http.impl.io.PoolingHttpClientConnectionManager -   - ep-0000000015 releasing endpoint
2023-12-12 00:43:59,302 [using logback-test.xml] DEBUG org.apache.hc.client5.http.impl.io.PoolingHttpClientConnectionManager -   - ep-0000000015 connection http-outgoing-11 can be kept alive for 3 MINUTES
2023-12-12 00:43:59,302 [using logback-test.xml] DEBUG org.apache.hc.client5.http.impl.io.PoolingHttpClientConnectionManager -   - ep-0000000015 connection released [route: {}->http://localhost:7001][total available: 1; route allocated: 1 of 5; total allocated: 1 of 200]
2023-12-12 00:43:59,302 [using logback-test.xml]  INFO emissary.directory.DirectoryPlace -   - Done shutting down DirectoryPlace
]]></system-out>
    <system-err><![CDATA[Dec 12, 2023 12:43:59 AM org.glassfish.jersey.test.jetty.JettyTestContainerFactory$JettyTestContainer <init>
INFO: Creating JettyTestContainer configured at the base URI http://localhost:<AVAILABLE-PORT>/
Dec 12, 2023 12:43:59 AM org.glassfish.jersey.test.jetty.JettyTestContainerFactory$JettyTestContainer start
INFO: Started JettyTestContainer at the base URI http://localhost:64724/
]]></system-err>
  </testcase>
  <testcase name="removeWithInvalidSecondKey" classname="emissary.server.mvc.internal.DeregisterPlaceActionTest" time="0.122">
    <system-out><![CDATA[2023-12-12 00:43:59,303 [using logback-test.xml]  INFO emissary.command.BaseCommand -   - PROJECT_BASE is set to /Users/connor/Projects/work/emissary/target 
2023-12-12 00:43:59,303 [using logback-test.xml]  INFO emissary.command.BaseCommand -   - Setting emissary.config.dir to /Users/connor/Projects/work/emissary/target/config 
2023-12-12 00:43:59,303 [using logback-test.xml]  INFO emissary.command.BaseCommand -   - Setting emissary.bin.dir to /Users/connor/Projects/work/emissary/target/bin 
2023-12-12 00:43:59,303 [using logback-test.xml]  INFO emissary.command.BaseCommand -   - Setting emissary.output.root to /Users/connor/Projects/work/emissary/target/localoutput 
2023-12-12 00:43:59,303 [using logback-test.xml]  INFO emissary.command.BaseCommand -   - Emissary error dir set to /Users/connor/Projects/work/emissary/target/localerror 
2023-12-12 00:43:59,303 [using logback-test.xml]  INFO emissary.command.BaseCommand -   - Setting emissary.node.name to localhost 
2023-12-12 00:43:59,303 [using logback-test.xml]  INFO emissary.command.BaseCommand -   - Setting emissary.node.port to 8001 
2023-12-12 00:43:59,303 [using logback-test.xml]  INFO emissary.command.BaseCommand -   - Setting emissary.node.scheme to http 
2023-12-12 00:43:59,303 [using logback-test.xml]  WARN emissary.command.BaseCommand -   - Not using /Users/connor/Projects/work/emissary/target/config/logback.xml, staying with test config file:/Users/connor/Projects/work/emissary/target/test-classes/logback-test.xml
2023-12-12 00:43:59,304 [using logback-test.xml]  INFO emissary.command.BaseCommand -   - Overriding current emissary.config.flavor null to CLUSTER 
2023-12-12 00:43:59,304 [using logback-test.xml]  INFO emissary.command.BaseCommand -   - PROJECT_BASE is set to /Users/connor/Projects/work/emissary/target 
2023-12-12 00:43:59,304 [using logback-test.xml]  INFO emissary.command.BaseCommand -   - Setting emissary.config.dir to /Users/connor/Projects/work/emissary/target/config 
2023-12-12 00:43:59,304 [using logback-test.xml]  INFO emissary.command.BaseCommand -   - Setting emissary.bin.dir to /Users/connor/Projects/work/emissary/target/bin 
2023-12-12 00:43:59,304 [using logback-test.xml]  INFO emissary.command.BaseCommand -   - Setting emissary.output.root to /Users/connor/Projects/work/emissary/target/localoutput 
2023-12-12 00:43:59,304 [using logback-test.xml]  INFO emissary.command.BaseCommand -   - Emissary error dir set to /Users/connor/Projects/work/emissary/target/localerror 
2023-12-12 00:43:59,304 [using logback-test.xml]  INFO emissary.command.BaseCommand -   - Setting emissary.config.flavor to CLUSTER 
2023-12-12 00:43:59,304 [using logback-test.xml]  INFO emissary.command.BaseCommand -   - Setting emissary.node.name to localhost 
2023-12-12 00:43:59,304 [using logback-test.xml]  INFO emissary.command.BaseCommand -   - Setting emissary.node.port to 8001 
2023-12-12 00:43:59,304 [using logback-test.xml]  INFO emissary.command.BaseCommand -   - Setting emissary.node.scheme to http 
2023-12-12 00:43:59,304 [using logback-test.xml]  WARN emissary.command.BaseCommand -   - Not using /Users/connor/Projects/work/emissary/target/config/logback.xml, staying with test config file:/Users/connor/Projects/work/emissary/target/test-classes/logback-test.xml
2023-12-12 00:43:59,305 [using logback-test.xml]  INFO emissary.command.BaseCommand -   - Overriding current emissary.config.flavor CLUSTER to CLUSTER 
2023-12-12 00:43:59,395 [using logback-test.xml] DEBUG emissary.config.ConfigUtil -   - Attempting flavor merge on <none>-CLUSTER
2023-12-12 00:43:59,395 [using logback-test.xml] DEBUG emissary.config.ConfigUtil -   - Loading config for (string) <none>-CLUSTER
2023-12-12 00:43:59,395 [using logback-test.xml] DEBUG emissary.config.ConfigUtil -   - No file config found using new style <none>-CLUSTER
2023-12-12 00:43:59,396 [using logback-test.xml] DEBUG emissary.config.ConfigUtil -   - No config data as resource for emissary/place/<none>-CLUSTER
2023-12-12 00:43:59,396 [using logback-test.xml] DEBUG emissary.config.ConfigUtil -   - No config data as resource for <none>-CLUSTER
2023-12-12 00:43:59,396 [using logback-test.xml] DEBUG emissary.config.ConfigUtil -   - No file config found using old style <none>-CLUSTER.cfg
2023-12-12 00:43:59,396 [using logback-test.xml] DEBUG emissary.config.ConfigUtil -   - Unable to opt import flavor config <none>-CLUSTER
2023-12-12 00:43:59,403 [using logback-test.xml] DEBUG emissary.config.ConfigUtil -   - Loading config for (string) peer-TestNode-1234567.cfg
2023-12-12 00:43:59,404 [using logback-test.xml] DEBUG emissary.config.ConfigUtil -   - No file config found using new style peer-TestNode-1234567.cfg
2023-12-12 00:43:59,404 [using logback-test.xml] DEBUG emissary.config.ConfigUtil -   - No config data as resource for emissary/place/peer-TestNode-1234567.cfg
2023-12-12 00:43:59,404 [using logback-test.xml] DEBUG emissary.config.ConfigUtil -   - No config data as resource for peer-TestNode-1234567.cfg
2023-12-12 00:43:59,404 [using logback-test.xml] DEBUG emissary.config.ConfigUtil -   - No file config found using old style peer-TestNode-1234567.cfg
2023-12-12 00:43:59,404 [using logback-test.xml] DEBUG emissary.config.ConfigUtil -   - Preference peer-TestNode-1234567.cfg not found
2023-12-12 00:43:59,404 [using logback-test.xml] DEBUG emissary.config.ConfigUtil -   - Loading config for (string) peer-TestNode.cfg
2023-12-12 00:43:59,404 [using logback-test.xml] DEBUG emissary.config.ConfigUtil -   - No file config found using new style peer-TestNode.cfg
2023-12-12 00:43:59,404 [using logback-test.xml] DEBUG emissary.config.ConfigUtil -   - No config data as resource for emissary/place/peer-TestNode.cfg
2023-12-12 00:43:59,404 [using logback-test.xml] DEBUG emissary.config.ConfigUtil -   - No config data as resource for peer-TestNode.cfg
2023-12-12 00:43:59,404 [using logback-test.xml] DEBUG emissary.config.ConfigUtil -   - No file config found using old style peer-TestNode.cfg
2023-12-12 00:43:59,404 [using logback-test.xml] DEBUG emissary.config.ConfigUtil -   - Preference peer-TestNode.cfg not found
2023-12-12 00:43:59,404 [using logback-test.xml] DEBUG emissary.config.ConfigUtil -   - Loading config for (string) peer-1234567.cfg
2023-12-12 00:43:59,404 [using logback-test.xml] DEBUG emissary.config.ConfigUtil -   - No file config found using new style peer-1234567.cfg
2023-12-12 00:43:59,404 [using logback-test.xml] DEBUG emissary.config.ConfigUtil -   - No config data as resource for emissary/place/peer-1234567.cfg
2023-12-12 00:43:59,404 [using logback-test.xml] DEBUG emissary.config.ConfigUtil -   - No config data as resource for peer-1234567.cfg
2023-12-12 00:43:59,404 [using logback-test.xml] DEBUG emissary.config.ConfigUtil -   - No file config found using old style peer-1234567.cfg
2023-12-12 00:43:59,404 [using logback-test.xml] DEBUG emissary.config.ConfigUtil -   - Preference peer-1234567.cfg not found
2023-12-12 00:43:59,404 [using logback-test.xml] DEBUG emissary.config.ConfigUtil -   - Loading config for (string) peer-mac_os_x.cfg
2023-12-12 00:43:59,404 [using logback-test.xml] DEBUG emissary.config.ConfigUtil -   - No file config found using new style peer-mac_os_x.cfg
2023-12-12 00:43:59,404 [using logback-test.xml] DEBUG emissary.config.ConfigUtil -   - No config data as resource for emissary/place/peer-mac_os_x.cfg
2023-12-12 00:43:59,404 [using logback-test.xml] DEBUG emissary.config.ConfigUtil -   - No config data as resource for peer-mac_os_x.cfg
2023-12-12 00:43:59,404 [using logback-test.xml] DEBUG emissary.config.ConfigUtil -   - No file config found using old style peer-mac_os_x.cfg
2023-12-12 00:43:59,404 [using logback-test.xml] DEBUG emissary.config.ConfigUtil -   - Preference peer-mac_os_x.cfg not found
2023-12-12 00:43:59,404 [using logback-test.xml] DEBUG emissary.config.ConfigUtil -   - Loading config for (string) peer.cfg
2023-12-12 00:43:59,404 [using logback-test.xml] DEBUG emissary.config.ConfigUtil -   - Found config data as file /Users/connor/Projects/work/emissary/target/config/peer.cfg
2023-12-12 00:43:59,404 [using logback-test.xml] DEBUG emissary.config.ConfigUtil -   - Attempting flavor merge on peer-CLUSTER.cfg
2023-12-12 00:43:59,404 [using logback-test.xml] DEBUG emissary.config.ConfigUtil -   - Loading config for (string) peer-CLUSTER.cfg
2023-12-12 00:43:59,404 [using logback-test.xml] DEBUG emissary.config.ConfigUtil -   - No file config found using new style peer-CLUSTER.cfg
2023-12-12 00:43:59,404 [using logback-test.xml] DEBUG emissary.config.ConfigUtil -   - No config data as resource for emissary/place/peer-CLUSTER.cfg
2023-12-12 00:43:59,404 [using logback-test.xml] DEBUG emissary.config.ConfigUtil -   - No config data as resource for peer-CLUSTER.cfg
2023-12-12 00:43:59,404 [using logback-test.xml] DEBUG emissary.config.ConfigUtil -   - No file config found using old style peer-CLUSTER.cfg
2023-12-12 00:43:59,404 [using logback-test.xml] DEBUG emissary.config.ConfigUtil -   - Unable to opt import flavor config peer-CLUSTER.cfg
2023-12-12 00:43:59,412 [using logback-test.xml]  WARN emissary.directory.DirectoryPlace -  http://deregisterPlaceActionTest:8001/DirectoryPlace - Ignoring irdRemovePlaces called with 2 keys due to invalid key ThisOneWontHit
2023-12-12 00:43:59,413 [using logback-test.xml] DEBUG org.apache.hc.client5.http.impl.classic.InternalHttpClient -   - ex-0000000016 preparing request execution
2023-12-12 00:43:59,413 [using logback-test.xml] DEBUG org.apache.hc.client5.http.impl.classic.ProtocolExec -   - ex-0000000016 target auth state: UNCHALLENGED
2023-12-12 00:43:59,413 [using logback-test.xml] DEBUG org.apache.hc.client5.http.impl.classic.ProtocolExec -   - ex-0000000016 proxy auth state: UNCHALLENGED
2023-12-12 00:43:59,413 [using logback-test.xml] DEBUG org.apache.hc.client5.http.impl.classic.ConnectExec -   - ex-0000000016 acquiring connection with route {}->http://localhost:8001
2023-12-12 00:43:59,413 [using logback-test.xml] DEBUG org.apache.hc.client5.http.impl.classic.InternalHttpClient -   - ex-0000000016 acquiring endpoint (300000 MILLISECONDS)
2023-12-12 00:43:59,413 [using logback-test.xml] DEBUG org.apache.hc.client5.http.impl.io.PoolingHttpClientConnectionManager -   - ex-0000000016 endpoint lease request (300000 MILLISECONDS) [route: {}->http://localhost:8001][total available: 1; route allocated: 0 of 5; total allocated: 1 of 200]
2023-12-12 00:43:59,413 [using logback-test.xml] DEBUG org.apache.hc.client5.http.impl.io.PoolingHttpClientConnectionManager -   - ex-0000000016 endpoint leased [route: {}->http://localhost:8001][total available: 1; route allocated: 1 of 5; total allocated: 2 of 200]
2023-12-12 00:43:59,413 [using logback-test.xml] DEBUG org.apache.hc.client5.http.impl.io.PoolingHttpClientConnectionManager -   - ex-0000000016 acquired ep-0000000016
2023-12-12 00:43:59,413 [using logback-test.xml] DEBUG org.apache.hc.client5.http.impl.classic.InternalHttpClient -   - ex-0000000016 acquired endpoint ep-0000000016
2023-12-12 00:43:59,413 [using logback-test.xml] DEBUG org.apache.hc.client5.http.impl.classic.ConnectExec -   - ex-0000000016 opening connection {}->http://localhost:8001
2023-12-12 00:43:59,413 [using logback-test.xml] DEBUG org.apache.hc.client5.http.impl.classic.InternalHttpClient -   - ep-0000000016 connecting endpoint (null)
2023-12-12 00:43:59,413 [using logback-test.xml] DEBUG org.apache.hc.client5.http.impl.io.PoolingHttpClientConnectionManager -   - ep-0000000016 connecting endpoint to http://localhost:8001 (600000 MILLISECONDS)
2023-12-12 00:43:59,413 [using logback-test.xml] DEBUG org.apache.hc.client5.http.impl.io.DefaultHttpClientConnectionOperator -   - localhost resolving remote address
2023-12-12 00:43:59,413 [using logback-test.xml] DEBUG org.apache.hc.client5.http.impl.io.DefaultHttpClientConnectionOperator -   - localhost resolved to [localhost/127.0.0.1]
2023-12-12 00:43:59,413 [using logback-test.xml] DEBUG org.apache.hc.client5.http.impl.io.DefaultHttpClientConnectionOperator -   - localhost:8001 connecting null->localhost/127.0.0.1:8001 (600000 MILLISECONDS)
2023-12-12 00:43:59,414 [using logback-test.xml] DEBUG org.apache.hc.client5.http.impl.io.DefaultHttpClientConnectionOperator -   - localhost:8001 connection to localhost/127.0.0.1:8001 failed (class java.net.ConnectException); terminating operation
2023-12-12 00:43:59,415 [using logback-test.xml] DEBUG org.apache.hc.client5.http.impl.io.DefaultManagedHttpClientConnection -   - http-outgoing-14 close connection IMMEDIATE
2023-12-12 00:43:59,415 [using logback-test.xml] DEBUG org.apache.hc.client5.http.impl.classic.InternalHttpClient -   - ep-0000000016 endpoint closed
2023-12-12 00:43:59,415 [using logback-test.xml] DEBUG org.apache.hc.client5.http.impl.classic.InternalHttpClient -   - ep-0000000016 discarding endpoint
2023-12-12 00:43:59,415 [using logback-test.xml] DEBUG org.apache.hc.client5.http.impl.io.PoolingHttpClientConnectionManager -   - ep-0000000016 releasing endpoint
2023-12-12 00:43:59,415 [using logback-test.xml] DEBUG org.apache.hc.client5.http.impl.io.PoolingHttpClientConnectionManager -   - ep-0000000016 connection is not kept alive
2023-12-12 00:43:59,415 [using logback-test.xml] DEBUG org.apache.hc.client5.http.impl.io.PoolingHttpClientConnectionManager -   - ep-0000000016 connection released [route: {}->http://localhost:8001][total available: 1; route allocated: 0 of 5; total allocated: 1 of 200]
2023-12-12 00:43:59,415 [using logback-test.xml] DEBUG org.apache.hc.client5.http.impl.classic.InternalHttpClient -   - ex-0000000017 preparing request execution
2023-12-12 00:43:59,415 [using logback-test.xml] DEBUG org.apache.hc.client5.http.impl.classic.ProtocolExec -   - ex-0000000017 target auth state: UNCHALLENGED
2023-12-12 00:43:59,415 [using logback-test.xml] DEBUG org.apache.hc.client5.http.impl.classic.ProtocolExec -   - ex-0000000017 proxy auth state: UNCHALLENGED
2023-12-12 00:43:59,415 [using logback-test.xml] DEBUG org.apache.hc.client5.http.impl.classic.ConnectExec -   - ex-0000000017 acquiring connection with route {}->http://localhost:9001
2023-12-12 00:43:59,415 [using logback-test.xml] DEBUG org.apache.hc.client5.http.impl.classic.InternalHttpClient -   - ex-0000000017 acquiring endpoint (300000 MILLISECONDS)
2023-12-12 00:43:59,415 [using logback-test.xml] DEBUG org.apache.hc.client5.http.impl.io.PoolingHttpClientConnectionManager -   - ex-0000000017 endpoint lease request (300000 MILLISECONDS) [route: {}->http://localhost:9001][total available: 1; route allocated: 0 of 5; total allocated: 1 of 200]
2023-12-12 00:43:59,415 [using logback-test.xml] DEBUG org.apache.hc.client5.http.impl.io.PoolingHttpClientConnectionManager -   - ex-0000000017 endpoint leased [route: {}->http://localhost:9001][total available: 1; route allocated: 1 of 5; total allocated: 2 of 200]
2023-12-12 00:43:59,416 [using logback-test.xml] DEBUG org.apache.hc.client5.http.impl.io.PoolingHttpClientConnectionManager -   - ex-0000000017 acquired ep-0000000017
2023-12-12 00:43:59,416 [using logback-test.xml] DEBUG org.apache.hc.client5.http.impl.classic.InternalHttpClient -   - ex-0000000017 acquired endpoint ep-0000000017
2023-12-12 00:43:59,416 [using logback-test.xml] DEBUG org.apache.hc.client5.http.impl.classic.ConnectExec -   - ex-0000000017 opening connection {}->http://localhost:9001
2023-12-12 00:43:59,416 [using logback-test.xml] DEBUG org.apache.hc.client5.http.impl.classic.InternalHttpClient -   - ep-0000000017 connecting endpoint (null)
2023-12-12 00:43:59,416 [using logback-test.xml] DEBUG org.apache.hc.client5.http.impl.io.PoolingHttpClientConnectionManager -   - ep-0000000017 connecting endpoint to http://localhost:9001 (600000 MILLISECONDS)
2023-12-12 00:43:59,416 [using logback-test.xml] DEBUG org.apache.hc.client5.http.impl.io.DefaultHttpClientConnectionOperator -   - localhost resolving remote address
2023-12-12 00:43:59,416 [using logback-test.xml] DEBUG org.apache.hc.client5.http.impl.io.DefaultHttpClientConnectionOperator -   - localhost resolved to [localhost/127.0.0.1]
2023-12-12 00:43:59,416 [using logback-test.xml] DEBUG org.apache.hc.client5.http.impl.io.DefaultHttpClientConnectionOperator -   - localhost:9001 connecting null->localhost/127.0.0.1:9001 (600000 MILLISECONDS)
2023-12-12 00:43:59,417 [using logback-test.xml] DEBUG org.apache.hc.client5.http.impl.io.DefaultHttpClientConnectionOperator -   - localhost:9001 connection to localhost/127.0.0.1:9001 failed (class java.net.ConnectException); terminating operation
2023-12-12 00:43:59,417 [using logback-test.xml] DEBUG org.apache.hc.client5.http.impl.io.DefaultManagedHttpClientConnection -   - http-outgoing-15 close connection IMMEDIATE
2023-12-12 00:43:59,417 [using logback-test.xml] DEBUG org.apache.hc.client5.http.impl.classic.InternalHttpClient -   - ep-0000000017 endpoint closed
2023-12-12 00:43:59,417 [using logback-test.xml] DEBUG org.apache.hc.client5.http.impl.classic.InternalHttpClient -   - ep-0000000017 discarding endpoint
2023-12-12 00:43:59,417 [using logback-test.xml] DEBUG org.apache.hc.client5.http.impl.io.PoolingHttpClientConnectionManager -   - ep-0000000017 releasing endpoint
2023-12-12 00:43:59,417 [using logback-test.xml] DEBUG org.apache.hc.client5.http.impl.io.PoolingHttpClientConnectionManager -   - ep-0000000017 connection is not kept alive
2023-12-12 00:43:59,417 [using logback-test.xml] DEBUG org.apache.hc.client5.http.impl.io.PoolingHttpClientConnectionManager -   - ep-0000000017 connection released [route: {}->http://localhost:9001][total available: 1; route allocated: 0 of 5; total allocated: 1 of 200]
2023-12-12 00:43:59,417 [using logback-test.xml] DEBUG org.apache.hc.client5.http.impl.classic.InternalHttpClient -   - ex-0000000018 preparing request execution
2023-12-12 00:43:59,417 [using logback-test.xml] DEBUG org.apache.hc.client5.http.impl.classic.ProtocolExec -   - ex-0000000018 target auth state: UNCHALLENGED
2023-12-12 00:43:59,417 [using logback-test.xml] DEBUG org.apache.hc.client5.http.impl.classic.ProtocolExec -   - ex-0000000018 proxy auth state: UNCHALLENGED
2023-12-12 00:43:59,417 [using logback-test.xml] DEBUG org.apache.hc.client5.http.impl.classic.ConnectExec -   - ex-0000000018 acquiring connection with route {}->http://localhost:7001
2023-12-12 00:43:59,417 [using logback-test.xml] DEBUG org.apache.hc.client5.http.impl.classic.InternalHttpClient -   - ex-0000000018 acquiring endpoint (300000 MILLISECONDS)
2023-12-12 00:43:59,417 [using logback-test.xml] DEBUG org.apache.hc.client5.http.impl.io.PoolingHttpClientConnectionManager -   - ex-0000000018 endpoint lease request (300000 MILLISECONDS) [route: {}->http://localhost:7001][total available: 1; route allocated: 1 of 5; total allocated: 1 of 200]
2023-12-12 00:43:59,417 [using logback-test.xml] DEBUG org.apache.hc.client5.http.impl.io.PoolingHttpClientConnectionManager -   - ex-0000000018 endpoint leased [route: {}->http://localhost:7001][total available: 0; route allocated: 1 of 5; total allocated: 1 of 200]
2023-12-12 00:43:59,417 [using logback-test.xml] DEBUG org.apache.hc.client5.http.impl.io.PoolingHttpClientConnectionManager -   - ex-0000000018 acquired ep-0000000018
2023-12-12 00:43:59,417 [using logback-test.xml] DEBUG org.apache.hc.client5.http.impl.classic.InternalHttpClient -   - ex-0000000018 acquired endpoint ep-0000000018
2023-12-12 00:43:59,417 [using logback-test.xml] DEBUG org.apache.hc.client5.http.impl.classic.MainClientExec -   - ex-0000000018 executing POST /emissary/FailDirectory.action HTTP/1.1
2023-12-12 00:43:59,417 [using logback-test.xml] DEBUG org.apache.hc.client5.http.protocol.RequestAddCookies -   - ex-0000000018 Cookie spec selected: strict
2023-12-12 00:43:59,417 [using logback-test.xml] DEBUG org.apache.hc.client5.http.impl.classic.InternalHttpClient -   - ep-0000000018 start execution ex-0000000018
2023-12-12 00:43:59,417 [using logback-test.xml] DEBUG org.apache.hc.client5.http.impl.io.PoolingHttpClientConnectionManager -   - ep-0000000018 executing exchange ex-0000000018 over http-outgoing-11
2023-12-12 00:43:59,417 [using logback-test.xml] DEBUG org.apache.hc.client5.http.headers -   - http-outgoing-11 >> POST /emissary/FailDirectory.action HTTP/1.1
2023-12-12 00:43:59,417 [using logback-test.xml] DEBUG org.apache.hc.client5.http.headers -   - http-outgoing-11 >> X-Requested-By: emissary
2023-12-12 00:43:59,417 [using logback-test.xml] DEBUG org.apache.hc.client5.http.headers -   - http-outgoing-11 >> Accept-Encoding: gzip, x-gzip, deflate
2023-12-12 00:43:59,417 [using logback-test.xml] DEBUG org.apache.hc.client5.http.headers -   - http-outgoing-11 >> Content-Length: 195
2023-12-12 00:43:59,417 [using logback-test.xml] DEBUG org.apache.hc.client5.http.headers -   - http-outgoing-11 >> Content-Type: application/x-www-form-urlencoded; charset=UTF-8
2023-12-12 00:43:59,417 [using logback-test.xml] DEBUG org.apache.hc.client5.http.headers -   - http-outgoing-11 >> Host: localhost:7001
2023-12-12 00:43:59,417 [using logback-test.xml] DEBUG org.apache.hc.client5.http.headers -   - http-outgoing-11 >> Connection: keep-alive
2023-12-12 00:43:59,417 [using logback-test.xml] DEBUG org.apache.hc.client5.http.headers -   - http-outgoing-11 >> User-Agent: Apache-HttpClient/5.2.1 (Java/17.0.3)
2023-12-12 00:43:59,417 [using logback-test.xml] DEBUG org.apache.hc.client5.http.wire -   - http-outgoing-11 >> "POST /emissary/FailDirectory.action HTTP/1.1[\r][\n]"
2023-12-12 00:43:59,417 [using logback-test.xml] DEBUG org.apache.hc.client5.http.wire -   - http-outgoing-11 >> "X-Requested-By: emissary[\r][\n]"
2023-12-12 00:43:59,417 [using logback-test.xml] DEBUG org.apache.hc.client5.http.wire -   - http-outgoing-11 >> "Accept-Encoding: gzip, x-gzip, deflate[\r][\n]"
2023-12-12 00:43:59,417 [using logback-test.xml] DEBUG org.apache.hc.client5.http.wire -   - http-outgoing-11 >> "Content-Length: 195[\r][\n]"
2023-12-12 00:43:59,417 [using logback-test.xml] DEBUG org.apache.hc.client5.http.wire -   - http-outgoing-11 >> "Content-Type: application/x-www-form-urlencoded; charset=UTF-8[\r][\n]"
2023-12-12 00:43:59,417 [using logback-test.xml] DEBUG org.apache.hc.client5.http.wire -   - http-outgoing-11 >> "Host: localhost:7001[\r][\n]"
2023-12-12 00:43:59,417 [using logback-test.xml] DEBUG org.apache.hc.client5.http.wire -   - http-outgoing-11 >> "Connection: keep-alive[\r][\n]"
2023-12-12 00:43:59,417 [using logback-test.xml] DEBUG org.apache.hc.client5.http.wire -   - http-outgoing-11 >> "User-Agent: Apache-HttpClient/5.2.1 (Java/17.0.3)[\r][\n]"
2023-12-12 00:43:59,417 [using logback-test.xml] DEBUG org.apache.hc.client5.http.wire -   - http-outgoing-11 >> "[\r][\n]"
2023-12-12 00:43:59,417 [using logback-test.xml] DEBUG org.apache.hc.client5.http.wire -   - http-outgoing-11 >> "targetDir=http%3A%2F%2Flocalhost%3A7001%2FDirectoryPlace&dirFailName=EMISSARY_DIRECTORY_SERVICES.DIRECTORY.STUDY.http%3A%2F%2FderegisterPlaceActionTest%3A8001%2FDirectoryPlace&dirAddPropFlag=true"
2023-12-12 00:43:59,419 [using logback-test.xml] DEBUG org.apache.hc.client5.http.wire -   - http-outgoing-11 << "HTTP/1.1 401 Unauthorized[\r][\n]"
2023-12-12 00:43:59,419 [using logback-test.xml] DEBUG org.apache.hc.client5.http.wire -   - http-outgoing-11 << "WWW-Authenticate: Digest realm="EmissaryRealm", domain="/", nonce="G5KQ5IdEzpoXHRkTfh9GR+XqItsp1cl/", algorithm=MD5, qop="auth", stale=false[\r][\n]"
2023-12-12 00:43:59,419 [using logback-test.xml] DEBUG org.apache.hc.client5.http.wire -   - http-outgoing-11 << "Cache-Control: must-revalidate,no-cache,no-store[\r][\n]"
2023-12-12 00:43:59,419 [using logback-test.xml] DEBUG org.apache.hc.client5.http.wire -   - http-outgoing-11 << "Content-Type: text/html;charset=iso-8859-1[\r][\n]"
2023-12-12 00:43:59,419 [using logback-test.xml] DEBUG org.apache.hc.client5.http.wire -   - http-outgoing-11 << "Content-Length: 473[\r][\n]"
2023-12-12 00:43:59,419 [using logback-test.xml] DEBUG org.apache.hc.client5.http.wire -   - http-outgoing-11 << "Server: Jetty(10.0.15)[\r][\n]"
2023-12-12 00:43:59,419 [using logback-test.xml] DEBUG org.apache.hc.client5.http.wire -   - http-outgoing-11 << "[\r][\n]"
2023-12-12 00:43:59,419 [using logback-test.xml] DEBUG org.apache.hc.client5.http.wire -   - http-outgoing-11 << "<html>[\n]"
2023-12-12 00:43:59,419 [using logback-test.xml] DEBUG org.apache.hc.client5.http.wire -   - http-outgoing-11 << "<head>[\n]"
2023-12-12 00:43:59,419 [using logback-test.xml] DEBUG org.apache.hc.client5.http.wire -   - http-outgoing-11 << "<meta http-equiv="Content-Type" content="text/html;charset=ISO-8859-1"/>[\n]"
2023-12-12 00:43:59,419 [using logback-test.xml] DEBUG org.apache.hc.client5.http.wire -   - http-outgoing-11 << "<title>Error 401 Unauthorized</title>[\n]"
2023-12-12 00:43:59,419 [using logback-test.xml] DEBUG org.apache.hc.client5.http.wire -   - http-outgoing-11 << "</head>[\n]"
2023-12-12 00:43:59,419 [using logback-test.xml] DEBUG org.apache.hc.client5.http.wire -   - http-outgoing-11 << "<body><h2>HTTP ERROR 401 Unauthorized</h2>[\n]"
2023-12-12 00:43:59,419 [using logback-test.xml] DEBUG org.apache.hc.client5.http.wire -   - http-outgoing-11 << "<table>[\n]"
2023-12-12 00:43:59,419 [using logback-test.xml] DEBUG org.apache.hc.client5.http.wire -   - http-outgoing-11 << "<tr><th>URI:</th><td>/emissary/FailDirectory.action</td></tr>[\n]"
2023-12-12 00:43:59,419 [using logback-test.xml] DEBUG org.apache.hc.client5.http.wire -   - http-outgoing-11 << "<tr><th>STATUS:</th><td>401</td></tr>[\n]"
2023-12-12 00:43:59,419 [using logback-test.xml] DEBUG org.apache.hc.client5.http.wire -   - http-outgoing-11 << "<tr><th>MESSAGE:</th><td>Unauthorized</td></tr>[\n]"
2023-12-12 00:43:59,419 [using logback-test.xml] DEBUG org.apache.hc.client5.http.wire -   - http-outgoing-11 << "<tr><th>SERVLET:</th><td>-</td></tr>[\n]"
2023-12-12 00:43:59,419 [using logback-test.xml] DEBUG org.apache.hc.client5.http.wire -   - http-outgoing-11 << "</table>[\n]"
2023-12-12 00:43:59,419 [using logback-test.xml] DEBUG org.apache.hc.client5.http.wire -   - http-outgoing-11 << "<hr/><a href="https://eclipse.org/jetty">Powered by Jetty:// 10.0.15</a><hr/>[\n]"
2023-12-12 00:43:59,419 [using logback-test.xml] DEBUG org.apache.hc.client5.http.wire -   - http-outgoing-11 << "[\n]"
2023-12-12 00:43:59,419 [using logback-test.xml] DEBUG org.apache.hc.client5.http.wire -   - http-outgoing-11 << "</body>[\n]"
2023-12-12 00:43:59,419 [using logback-test.xml] DEBUG org.apache.hc.client5.http.wire -   - http-outgoing-11 << "</html>[\n]"
2023-12-12 00:43:59,419 [using logback-test.xml] DEBUG org.apache.hc.client5.http.headers -   - http-outgoing-11 << HTTP/1.1 401 Unauthorized
2023-12-12 00:43:59,419 [using logback-test.xml] DEBUG org.apache.hc.client5.http.headers -   - http-outgoing-11 << WWW-Authenticate: Digest realm="EmissaryRealm", domain="/", nonce="G5KQ5IdEzpoXHRkTfh9GR+XqItsp1cl/", algorithm=MD5, qop="auth", stale=false
2023-12-12 00:43:59,419 [using logback-test.xml] DEBUG org.apache.hc.client5.http.headers -   - http-outgoing-11 << Cache-Control: must-revalidate,no-cache,no-store
2023-12-12 00:43:59,419 [using logback-test.xml] DEBUG org.apache.hc.client5.http.headers -   - http-outgoing-11 << Content-Type: text/html;charset=iso-8859-1
2023-12-12 00:43:59,419 [using logback-test.xml] DEBUG org.apache.hc.client5.http.headers -   - http-outgoing-11 << Content-Length: 473
2023-12-12 00:43:59,419 [using logback-test.xml] DEBUG org.apache.hc.client5.http.headers -   - http-outgoing-11 << Server: Jetty(10.0.15)
2023-12-12 00:43:59,419 [using logback-test.xml] DEBUG org.apache.hc.client5.http.impl.classic.MainClientExec -   - ex-0000000018 connection can be kept alive for 3 MINUTES
2023-12-12 00:43:59,419 [using logback-test.xml] DEBUG org.apache.hc.client5.http.impl.auth.HttpAuthenticator -   - ex-0000000018 Authentication required
2023-12-12 00:43:59,419 [using logback-test.xml] DEBUG org.apache.hc.client5.http.impl.auth.AuthCacheKeeper -   - ex-0000000018 Clearing cached auth scheme for http://localhost:7001/emissary/
2023-12-12 00:43:59,419 [using logback-test.xml] DEBUG org.apache.hc.client5.http.impl.auth.HttpAuthenticator -   - ex-0000000018 localhost:7001 requested authentication
2023-12-12 00:43:59,419 [using logback-test.xml] DEBUG org.apache.hc.client5.http.impl.DefaultAuthenticationStrategy -   - ex-0000000018 Authentication schemes in the order of preference: [Digest]
2023-12-12 00:43:59,424 [using logback-test.xml] DEBUG org.apache.hc.client5.http.impl.auth.HttpAuthenticator -   - ex-0000000018 Selecting authentication options
2023-12-12 00:43:59,425 [using logback-test.xml] DEBUG org.apache.hc.client5.http.impl.auth.HttpAuthenticator -   - ex-0000000018 Selected authentication options: [Digest{qop=auth, stale=false, domain=/, realm=EmissaryRealm, nonce=G5KQ5IdEzpoXHRkTfh9GR+XqItsp1cl/, algorithm=MD5}]
2023-12-12 00:43:59,425 [using logback-test.xml] DEBUG org.apache.hc.client5.http.impl.classic.ProtocolExec -   - ex-0000000018 target auth state: CHALLENGED
2023-12-12 00:43:59,425 [using logback-test.xml] DEBUG org.apache.hc.client5.http.impl.auth.HttpAuthenticator -   - ex-0000000018 Generating response to an authentication challenge using Digest scheme
2023-12-12 00:43:59,425 [using logback-test.xml] DEBUG org.apache.hc.client5.http.impl.classic.ProtocolExec -   - ex-0000000018 proxy auth state: UNCHALLENGED
2023-12-12 00:43:59,425 [using logback-test.xml] DEBUG org.apache.hc.client5.http.impl.classic.MainClientExec -   - ex-0000000018 executing POST /emissary/FailDirectory.action HTTP/1.1
2023-12-12 00:43:59,425 [using logback-test.xml] DEBUG org.apache.hc.client5.http.protocol.RequestAddCookies -   - ex-0000000018 Cookie spec selected: strict
2023-12-12 00:43:59,425 [using logback-test.xml] DEBUG org.apache.hc.client5.http.impl.classic.InternalHttpClient -   - ep-0000000018 start execution ex-0000000018
2023-12-12 00:43:59,425 [using logback-test.xml] DEBUG org.apache.hc.client5.http.impl.io.PoolingHttpClientConnectionManager -   - ep-0000000018 executing exchange ex-0000000018 over http-outgoing-11
2023-12-12 00:43:59,425 [using logback-test.xml] DEBUG org.apache.hc.client5.http.headers -   - http-outgoing-11 >> POST /emissary/FailDirectory.action HTTP/1.1
2023-12-12 00:43:59,425 [using logback-test.xml] DEBUG org.apache.hc.client5.http.headers -   - http-outgoing-11 >> X-Requested-By: emissary
2023-12-12 00:43:59,425 [using logback-test.xml] DEBUG org.apache.hc.client5.http.headers -   - http-outgoing-11 >> Authorization: Digest username="emissary", realm="EmissaryRealm", nonce="G5KQ5IdEzpoXHRkTfh9GR+XqItsp1cl/", uri="/emissary/FailDirectory.action", response="096e7a8c92ebbc8e9a59f3e87746ac60", qop=auth, nc=00000001, cnonce="2db6c3b023c53d88", algorithm=MD5
2023-12-12 00:43:59,425 [using logback-test.xml] DEBUG org.apache.hc.client5.http.headers -   - http-outgoing-11 >> Content-Length: 195
2023-12-12 00:43:59,425 [using logback-test.xml] DEBUG org.apache.hc.client5.http.headers -   - http-outgoing-11 >> Content-Type: application/x-www-form-urlencoded; charset=UTF-8
2023-12-12 00:43:59,425 [using logback-test.xml] DEBUG org.apache.hc.client5.http.headers -   - http-outgoing-11 >> Host: localhost:7001
2023-12-12 00:43:59,425 [using logback-test.xml] DEBUG org.apache.hc.client5.http.headers -   - http-outgoing-11 >> Connection: keep-alive
2023-12-12 00:43:59,425 [using logback-test.xml] DEBUG org.apache.hc.client5.http.headers -   - http-outgoing-11 >> User-Agent: Apache-HttpClient/5.2.1 (Java/17.0.3)
2023-12-12 00:43:59,425 [using logback-test.xml] DEBUG org.apache.hc.client5.http.wire -   - http-outgoing-11 >> "POST /emissary/FailDirectory.action HTTP/1.1[\r][\n]"
2023-12-12 00:43:59,425 [using logback-test.xml] DEBUG org.apache.hc.client5.http.wire -   - http-outgoing-11 >> "X-Requested-By: emissary[\r][\n]"
2023-12-12 00:43:59,425 [using logback-test.xml] DEBUG org.apache.hc.client5.http.wire -   - http-outgoing-11 >> "Authorization: Digest username="emissary", realm="EmissaryRealm", nonce="G5KQ5IdEzpoXHRkTfh9GR+XqItsp1cl/", uri="/emissary/FailDirectory.action", response="096e7a8c92ebbc8e9a59f3e87746ac60", qop=auth, nc=00000001, cnonce="2db6c3b023c53d88", algorithm=MD5[\r][\n]"
2023-12-12 00:43:59,425 [using logback-test.xml] DEBUG org.apache.hc.client5.http.wire -   - http-outgoing-11 >> "Content-Length: 195[\r][\n]"
2023-12-12 00:43:59,425 [using logback-test.xml] DEBUG org.apache.hc.client5.http.wire -   - http-outgoing-11 >> "Content-Type: application/x-www-form-urlencoded; charset=UTF-8[\r][\n]"
2023-12-12 00:43:59,425 [using logback-test.xml] DEBUG org.apache.hc.client5.http.wire -   - http-outgoing-11 >> "Host: localhost:7001[\r][\n]"
2023-12-12 00:43:59,426 [using logback-test.xml] DEBUG org.apache.hc.client5.http.wire -   - http-outgoing-11 >> "Connection: keep-alive[\r][\n]"
2023-12-12 00:43:59,426 [using logback-test.xml] DEBUG org.apache.hc.client5.http.wire -   - http-outgoing-11 >> "User-Agent: Apache-HttpClient/5.2.1 (Java/17.0.3)[\r][\n]"
2023-12-12 00:43:59,426 [using logback-test.xml] DEBUG org.apache.hc.client5.http.wire -   - http-outgoing-11 >> "[\r][\n]"
2023-12-12 00:43:59,426 [using logback-test.xml] DEBUG org.apache.hc.client5.http.wire -   - http-outgoing-11 >> "targetDir=http%3A%2F%2Flocalhost%3A7001%2FDirectoryPlace&dirFailName=EMISSARY_DIRECTORY_SERVICES.DIRECTORY.STUDY.http%3A%2F%2FderegisterPlaceActionTest%3A8001%2FDirectoryPlace&dirAddPropFlag=true"
2023-12-12 00:43:59,427 [using logback-test.xml] DEBUG org.apache.hc.client5.http.wire -   - http-outgoing-11 << "HTTP/1.1 200 OK[\r][\n]"
2023-12-12 00:43:59,427 [using logback-test.xml] DEBUG org.apache.hc.client5.http.wire -   - http-outgoing-11 << "Date: Tue, 12 Dec 2023 00:43:59 GMT[\r][\n]"
2023-12-12 00:43:59,427 [using logback-test.xml] DEBUG org.apache.hc.client5.http.wire -   - http-outgoing-11 << "Content-Type: text/plain[\r][\n]"
2023-12-12 00:43:59,427 [using logback-test.xml] DEBUG org.apache.hc.client5.http.wire -   - http-outgoing-11 << "Content-Length: 234[\r][\n]"
2023-12-12 00:43:59,427 [using logback-test.xml] DEBUG org.apache.hc.client5.http.wire -   - http-outgoing-11 << "Server: Jetty(10.0.15)[\r][\n]"
2023-12-12 00:43:59,427 [using logback-test.xml] DEBUG org.apache.hc.client5.http.wire -   - http-outgoing-11 << "[\r][\n]"
2023-12-12 00:43:59,427 [using logback-test.xml] DEBUG org.apache.hc.client5.http.wire -   - http-outgoing-11 << "Modified 0 entries from EMISSARY_DIRECTORY_SERVICES.DIRECTORY.STUDY.http://localhost:7001/DirectoryPlace$5050[1] due to failure of remote EMISSARY_DIRECTORY_SERVICES.DIRECTORY.STUDY.http://deregisterPlaceActionTest:8001/DirectoryPlace"
2023-12-12 00:43:59,428 [using logback-test.xml] DEBUG org.apache.hc.client5.http.headers -   - http-outgoing-11 << HTTP/1.1 200 OK
2023-12-12 00:43:59,428 [using logback-test.xml] DEBUG org.apache.hc.client5.http.headers -   - http-outgoing-11 << Date: Tue, 12 Dec 2023 00:43:59 GMT
2023-12-12 00:43:59,428 [using logback-test.xml] DEBUG org.apache.hc.client5.http.headers -   - http-outgoing-11 << Content-Type: text/plain
2023-12-12 00:43:59,428 [using logback-test.xml] DEBUG org.apache.hc.client5.http.headers -   - http-outgoing-11 << Content-Length: 234
2023-12-12 00:43:59,428 [using logback-test.xml] DEBUG org.apache.hc.client5.http.headers -   - http-outgoing-11 << Server: Jetty(10.0.15)
2023-12-12 00:43:59,428 [using logback-test.xml] DEBUG org.apache.hc.client5.http.impl.classic.MainClientExec -   - ex-0000000018 connection can be kept alive for 3 MINUTES
2023-12-12 00:43:59,428 [using logback-test.xml] DEBUG org.apache.hc.client5.http.impl.auth.HttpAuthenticator -   - ex-0000000018 Authentication succeeded
2023-12-12 00:43:59,428 [using logback-test.xml] DEBUG org.apache.hc.client5.http.impl.classic.InternalHttpClient -   - ep-0000000018 releasing valid endpoint
2023-12-12 00:43:59,428 [using logback-test.xml] DEBUG org.apache.hc.client5.http.impl.io.PoolingHttpClientConnectionManager -   - ep-0000000018 releasing endpoint
2023-12-12 00:43:59,428 [using logback-test.xml] DEBUG org.apache.hc.client5.http.impl.io.PoolingHttpClientConnectionManager -   - ep-0000000018 connection http-outgoing-11 can be kept alive for 3 MINUTES
2023-12-12 00:43:59,428 [using logback-test.xml] DEBUG org.apache.hc.client5.http.impl.io.PoolingHttpClientConnectionManager -   - ep-0000000018 connection released [route: {}->http://localhost:7001][total available: 1; route allocated: 1 of 5; total allocated: 1 of 200]
2023-12-12 00:43:59,428 [using logback-test.xml]  INFO emissary.directory.DirectoryPlace -   - Done shutting down DirectoryPlace
]]></system-out>
    <system-err><![CDATA[Dec 12, 2023 12:43:59 AM org.glassfish.jersey.test.jetty.JettyTestContainerFactory$JettyTestContainer <init>
INFO: Creating JettyTestContainer configured at the base URI http://localhost:<AVAILABLE-PORT>/
Dec 12, 2023 12:43:59 AM org.glassfish.jersey.test.jetty.JettyTestContainerFactory$JettyTestContainer start
INFO: Started JettyTestContainer at the base URI http://localhost:64729/
]]></system-err>
  </testcase>
  <testcase name="cleanParams(String)[1]" classname="emissary.server.mvc.internal.DeregisterPlaceActionTest" time="0.073">
    <system-out><![CDATA[2023-12-12 00:43:59,429 [using logback-test.xml]  INFO emissary.command.BaseCommand -   - PROJECT_BASE is set to /Users/connor/Projects/work/emissary/target 
2023-12-12 00:43:59,430 [using logback-test.xml]  INFO emissary.command.BaseCommand -   - Setting emissary.config.dir to /Users/connor/Projects/work/emissary/target/config 
2023-12-12 00:43:59,430 [using logback-test.xml]  INFO emissary.command.BaseCommand -   - Setting emissary.bin.dir to /Users/connor/Projects/work/emissary/target/bin 
2023-12-12 00:43:59,430 [using logback-test.xml]  INFO emissary.command.BaseCommand -   - Setting emissary.output.root to /Users/connor/Projects/work/emissary/target/localoutput 
2023-12-12 00:43:59,430 [using logback-test.xml]  INFO emissary.command.BaseCommand -   - Emissary error dir set to /Users/connor/Projects/work/emissary/target/localerror 
2023-12-12 00:43:59,430 [using logback-test.xml]  INFO emissary.command.BaseCommand -   - Setting emissary.node.name to localhost 
2023-12-12 00:43:59,430 [using logback-test.xml]  INFO emissary.command.BaseCommand -   - Setting emissary.node.port to 8001 
2023-12-12 00:43:59,430 [using logback-test.xml]  INFO emissary.command.BaseCommand -   - Setting emissary.node.scheme to http 
2023-12-12 00:43:59,430 [using logback-test.xml]  WARN emissary.command.BaseCommand -   - Not using /Users/connor/Projects/work/emissary/target/config/logback.xml, staying with test config file:/Users/connor/Projects/work/emissary/target/test-classes/logback-test.xml
2023-12-12 00:43:59,431 [using logback-test.xml]  INFO emissary.command.BaseCommand -   - Overriding current emissary.config.flavor null to CLUSTER 
2023-12-12 00:43:59,431 [using logback-test.xml]  INFO emissary.command.BaseCommand -   - PROJECT_BASE is set to /Users/connor/Projects/work/emissary/target 
2023-12-12 00:43:59,431 [using logback-test.xml]  INFO emissary.command.BaseCommand -   - Setting emissary.config.dir to /Users/connor/Projects/work/emissary/target/config 
2023-12-12 00:43:59,431 [using logback-test.xml]  INFO emissary.command.BaseCommand -   - Setting emissary.bin.dir to /Users/connor/Projects/work/emissary/target/bin 
2023-12-12 00:43:59,431 [using logback-test.xml]  INFO emissary.command.BaseCommand -   - Setting emissary.output.root to /Users/connor/Projects/work/emissary/target/localoutput 
2023-12-12 00:43:59,431 [using logback-test.xml]  INFO emissary.command.BaseCommand -   - Emissary error dir set to /Users/connor/Projects/work/emissary/target/localerror 
2023-12-12 00:43:59,431 [using logback-test.xml]  INFO emissary.command.BaseCommand -   - Setting emissary.config.flavor to CLUSTER 
2023-12-12 00:43:59,431 [using logback-test.xml]  INFO emissary.command.BaseCommand -   - Setting emissary.node.name to localhost 
2023-12-12 00:43:59,431 [using logback-test.xml]  INFO emissary.command.BaseCommand -   - Setting emissary.node.port to 8001 
2023-12-12 00:43:59,431 [using logback-test.xml]  INFO emissary.command.BaseCommand -   - Setting emissary.node.scheme to http 
2023-12-12 00:43:59,431 [using logback-test.xml]  WARN emissary.command.BaseCommand -   - Not using /Users/connor/Projects/work/emissary/target/config/logback.xml, staying with test config file:/Users/connor/Projects/work/emissary/target/test-classes/logback-test.xml
2023-12-12 00:43:59,432 [using logback-test.xml]  INFO emissary.command.BaseCommand -   - Overriding current emissary.config.flavor CLUSTER to CLUSTER 
2023-12-12 00:43:59,484 [using logback-test.xml] DEBUG emissary.config.ConfigUtil -   - Attempting flavor merge on <none>-CLUSTER
2023-12-12 00:43:59,484 [using logback-test.xml] DEBUG emissary.config.ConfigUtil -   - Loading config for (string) <none>-CLUSTER
2023-12-12 00:43:59,484 [using logback-test.xml] DEBUG emissary.config.ConfigUtil -   - No file config found using new style <none>-CLUSTER
2023-12-12 00:43:59,484 [using logback-test.xml] DEBUG emissary.config.ConfigUtil -   - No config data as resource for emissary/place/<none>-CLUSTER
2023-12-12 00:43:59,484 [using logback-test.xml] DEBUG emissary.config.ConfigUtil -   - No config data as resource for <none>-CLUSTER
2023-12-12 00:43:59,484 [using logback-test.xml] DEBUG emissary.config.ConfigUtil -   - No file config found using old style <none>-CLUSTER.cfg
2023-12-12 00:43:59,484 [using logback-test.xml] DEBUG emissary.config.ConfigUtil -   - Unable to opt import flavor config <none>-CLUSTER
2023-12-12 00:43:59,485 [using logback-test.xml] DEBUG emissary.config.ConfigUtil -   - Loading config for (string) peer-TestNode-1234567.cfg
2023-12-12 00:43:59,485 [using logback-test.xml] DEBUG emissary.config.ConfigUtil -   - No file config found using new style peer-TestNode-1234567.cfg
2023-12-12 00:43:59,485 [using logback-test.xml] DEBUG emissary.config.ConfigUtil -   - No config data as resource for emissary/place/peer-TestNode-1234567.cfg
2023-12-12 00:43:59,485 [using logback-test.xml] DEBUG emissary.config.ConfigUtil -   - No config data as resource for peer-TestNode-1234567.cfg
2023-12-12 00:43:59,485 [using logback-test.xml] DEBUG emissary.config.ConfigUtil -   - No file config found using old style peer-TestNode-1234567.cfg
2023-12-12 00:43:59,485 [using logback-test.xml] DEBUG emissary.config.ConfigUtil -   - Preference peer-TestNode-1234567.cfg not found
2023-12-12 00:43:59,485 [using logback-test.xml] DEBUG emissary.config.ConfigUtil -   - Loading config for (string) peer-TestNode.cfg
2023-12-12 00:43:59,485 [using logback-test.xml] DEBUG emissary.config.ConfigUtil -   - No file config found using new style peer-TestNode.cfg
2023-12-12 00:43:59,485 [using logback-test.xml] DEBUG emissary.config.ConfigUtil -   - No config data as resource for emissary/place/peer-TestNode.cfg
2023-12-12 00:43:59,485 [using logback-test.xml] DEBUG emissary.config.ConfigUtil -   - No config data as resource for peer-TestNode.cfg
2023-12-12 00:43:59,485 [using logback-test.xml] DEBUG emissary.config.ConfigUtil -   - No file config found using old style peer-TestNode.cfg
2023-12-12 00:43:59,485 [using logback-test.xml] DEBUG emissary.config.ConfigUtil -   - Preference peer-TestNode.cfg not found
2023-12-12 00:43:59,485 [using logback-test.xml] DEBUG emissary.config.ConfigUtil -   - Loading config for (string) peer-1234567.cfg
2023-12-12 00:43:59,485 [using logback-test.xml] DEBUG emissary.config.ConfigUtil -   - No file config found using new style peer-1234567.cfg
2023-12-12 00:43:59,485 [using logback-test.xml] DEBUG emissary.config.ConfigUtil -   - No config data as resource for emissary/place/peer-1234567.cfg
2023-12-12 00:43:59,485 [using logback-test.xml] DEBUG emissary.config.ConfigUtil -   - No config data as resource for peer-1234567.cfg
2023-12-12 00:43:59,485 [using logback-test.xml] DEBUG emissary.config.ConfigUtil -   - No file config found using old style peer-1234567.cfg
2023-12-12 00:43:59,485 [using logback-test.xml] DEBUG emissary.config.ConfigUtil -   - Preference peer-1234567.cfg not found
2023-12-12 00:43:59,485 [using logback-test.xml] DEBUG emissary.config.ConfigUtil -   - Loading config for (string) peer-mac_os_x.cfg
2023-12-12 00:43:59,485 [using logback-test.xml] DEBUG emissary.config.ConfigUtil -   - No file config found using new style peer-mac_os_x.cfg
2023-12-12 00:43:59,485 [using logback-test.xml] DEBUG emissary.config.ConfigUtil -   - No config data as resource for emissary/place/peer-mac_os_x.cfg
2023-12-12 00:43:59,485 [using logback-test.xml] DEBUG emissary.config.ConfigUtil -   - No config data as resource for peer-mac_os_x.cfg
2023-12-12 00:43:59,485 [using logback-test.xml] DEBUG emissary.config.ConfigUtil -   - No file config found using old style peer-mac_os_x.cfg
2023-12-12 00:43:59,485 [using logback-test.xml] DEBUG emissary.config.ConfigUtil -   - Preference peer-mac_os_x.cfg not found
2023-12-12 00:43:59,485 [using logback-test.xml] DEBUG emissary.config.ConfigUtil -   - Loading config for (string) peer.cfg
2023-12-12 00:43:59,485 [using logback-test.xml] DEBUG emissary.config.ConfigUtil -   - Found config data as file /Users/connor/Projects/work/emissary/target/config/peer.cfg
2023-12-12 00:43:59,485 [using logback-test.xml] DEBUG emissary.config.ConfigUtil -   - Attempting flavor merge on peer-CLUSTER.cfg
2023-12-12 00:43:59,485 [using logback-test.xml] DEBUG emissary.config.ConfigUtil -   - Loading config for (string) peer-CLUSTER.cfg
2023-12-12 00:43:59,485 [using logback-test.xml] DEBUG emissary.config.ConfigUtil -   - No file config found using new style peer-CLUSTER.cfg
2023-12-12 00:43:59,485 [using logback-test.xml] DEBUG emissary.config.ConfigUtil -   - No config data as resource for emissary/place/peer-CLUSTER.cfg
2023-12-12 00:43:59,485 [using logback-test.xml] DEBUG emissary.config.ConfigUtil -   - No config data as resource for peer-CLUSTER.cfg
2023-12-12 00:43:59,485 [using logback-test.xml] DEBUG emissary.config.ConfigUtil -   - No file config found using old style peer-CLUSTER.cfg
2023-12-12 00:43:59,485 [using logback-test.xml] DEBUG emissary.config.ConfigUtil -   - Unable to opt import flavor config peer-CLUSTER.cfg
2023-12-12 00:43:59,497 [using logback-test.xml] ERROR emissary.server.mvc.internal.DeregisterPlaceAction -   - No directory found using name test__
2023-12-12 00:43:59,499 [using logback-test.xml] DEBUG org.apache.hc.client5.http.impl.classic.InternalHttpClient -   - ex-0000000019 preparing request execution
2023-12-12 00:43:59,499 [using logback-test.xml] DEBUG org.apache.hc.client5.http.impl.classic.ProtocolExec -   - ex-0000000019 target auth state: UNCHALLENGED
2023-12-12 00:43:59,499 [using logback-test.xml] DEBUG org.apache.hc.client5.http.impl.classic.ProtocolExec -   - ex-0000000019 proxy auth state: UNCHALLENGED
2023-12-12 00:43:59,499 [using logback-test.xml] DEBUG org.apache.hc.client5.http.impl.classic.ConnectExec -   - ex-0000000019 acquiring connection with route {}->http://localhost:8001
2023-12-12 00:43:59,499 [using logback-test.xml] DEBUG org.apache.hc.client5.http.impl.classic.InternalHttpClient -   - ex-0000000019 acquiring endpoint (300000 MILLISECONDS)
2023-12-12 00:43:59,499 [using logback-test.xml] DEBUG org.apache.hc.client5.http.impl.io.PoolingHttpClientConnectionManager -   - ex-0000000019 endpoint lease request (300000 MILLISECONDS) [route: {}->http://localhost:8001][total available: 1; route allocated: 0 of 5; total allocated: 1 of 200]
2023-12-12 00:43:59,499 [using logback-test.xml] DEBUG org.apache.hc.client5.http.impl.io.PoolingHttpClientConnectionManager -   - ex-0000000019 endpoint leased [route: {}->http://localhost:8001][total available: 1; route allocated: 1 of 5; total allocated: 2 of 200]
2023-12-12 00:43:59,499 [using logback-test.xml] DEBUG org.apache.hc.client5.http.impl.io.PoolingHttpClientConnectionManager -   - ex-0000000019 acquired ep-0000000019
2023-12-12 00:43:59,499 [using logback-test.xml] DEBUG org.apache.hc.client5.http.impl.classic.InternalHttpClient -   - ex-0000000019 acquired endpoint ep-0000000019
2023-12-12 00:43:59,499 [using logback-test.xml] DEBUG org.apache.hc.client5.http.impl.classic.ConnectExec -   - ex-0000000019 opening connection {}->http://localhost:8001
2023-12-12 00:43:59,499 [using logback-test.xml] DEBUG org.apache.hc.client5.http.impl.classic.InternalHttpClient -   - ep-0000000019 connecting endpoint (null)
2023-12-12 00:43:59,499 [using logback-test.xml] DEBUG org.apache.hc.client5.http.impl.io.PoolingHttpClientConnectionManager -   - ep-0000000019 connecting endpoint to http://localhost:8001 (600000 MILLISECONDS)
2023-12-12 00:43:59,499 [using logback-test.xml] DEBUG org.apache.hc.client5.http.impl.io.DefaultHttpClientConnectionOperator -   - localhost resolving remote address
2023-12-12 00:43:59,499 [using logback-test.xml] DEBUG org.apache.hc.client5.http.impl.io.DefaultHttpClientConnectionOperator -   - localhost resolved to [localhost/127.0.0.1]
2023-12-12 00:43:59,499 [using logback-test.xml] DEBUG org.apache.hc.client5.http.impl.io.DefaultHttpClientConnectionOperator -   - localhost:8001 connecting null->localhost/127.0.0.1:8001 (600000 MILLISECONDS)
2023-12-12 00:43:59,500 [using logback-test.xml] DEBUG org.apache.hc.client5.http.impl.io.DefaultHttpClientConnectionOperator -   - localhost:8001 connection to localhost/127.0.0.1:8001 failed (class java.net.ConnectException); terminating operation
2023-12-12 00:43:59,500 [using logback-test.xml] DEBUG org.apache.hc.client5.http.impl.io.DefaultManagedHttpClientConnection -   - http-outgoing-16 close connection IMMEDIATE
2023-12-12 00:43:59,500 [using logback-test.xml] DEBUG org.apache.hc.client5.http.impl.classic.InternalHttpClient -   - ep-0000000019 endpoint closed
2023-12-12 00:43:59,500 [using logback-test.xml] DEBUG org.apache.hc.client5.http.impl.classic.InternalHttpClient -   - ep-0000000019 discarding endpoint
2023-12-12 00:43:59,500 [using logback-test.xml] DEBUG org.apache.hc.client5.http.impl.io.PoolingHttpClientConnectionManager -   - ep-0000000019 releasing endpoint
2023-12-12 00:43:59,500 [using logback-test.xml] DEBUG org.apache.hc.client5.http.impl.io.PoolingHttpClientConnectionManager -   - ep-0000000019 connection is not kept alive
2023-12-12 00:43:59,500 [using logback-test.xml] DEBUG org.apache.hc.client5.http.impl.io.PoolingHttpClientConnectionManager -   - ep-0000000019 connection released [route: {}->http://localhost:8001][total available: 1; route allocated: 0 of 5; total allocated: 1 of 200]
2023-12-12 00:43:59,500 [using logback-test.xml] DEBUG org.apache.hc.client5.http.impl.classic.InternalHttpClient -   - ex-0000000020 preparing request execution
2023-12-12 00:43:59,500 [using logback-test.xml] DEBUG org.apache.hc.client5.http.impl.classic.ProtocolExec -   - ex-0000000020 target auth state: UNCHALLENGED
2023-12-12 00:43:59,500 [using logback-test.xml] DEBUG org.apache.hc.client5.http.impl.classic.ProtocolExec -   - ex-0000000020 proxy auth state: UNCHALLENGED
2023-12-12 00:43:59,500 [using logback-test.xml] DEBUG org.apache.hc.client5.http.impl.classic.ConnectExec -   - ex-0000000020 acquiring connection with route {}->http://localhost:9001
2023-12-12 00:43:59,500 [using logback-test.xml] DEBUG org.apache.hc.client5.http.impl.classic.InternalHttpClient -   - ex-0000000020 acquiring endpoint (300000 MILLISECONDS)
2023-12-12 00:43:59,500 [using logback-test.xml] DEBUG org.apache.hc.client5.http.impl.io.PoolingHttpClientConnectionManager -   - ex-0000000020 endpoint lease request (300000 MILLISECONDS) [route: {}->http://localhost:9001][total available: 1; route allocated: 0 of 5; total allocated: 1 of 200]
2023-12-12 00:43:59,500 [using logback-test.xml] DEBUG org.apache.hc.client5.http.impl.io.PoolingHttpClientConnectionManager -   - ex-0000000020 endpoint leased [route: {}->http://localhost:9001][total available: 1; route allocated: 1 of 5; total allocated: 2 of 200]
2023-12-12 00:43:59,500 [using logback-test.xml] DEBUG org.apache.hc.client5.http.impl.io.PoolingHttpClientConnectionManager -   - ex-0000000020 acquired ep-0000000020
2023-12-12 00:43:59,500 [using logback-test.xml] DEBUG org.apache.hc.client5.http.impl.classic.InternalHttpClient -   - ex-0000000020 acquired endpoint ep-0000000020
2023-12-12 00:43:59,500 [using logback-test.xml] DEBUG org.apache.hc.client5.http.impl.classic.ConnectExec -   - ex-0000000020 opening connection {}->http://localhost:9001
2023-12-12 00:43:59,500 [using logback-test.xml] DEBUG org.apache.hc.client5.http.impl.classic.InternalHttpClient -   - ep-0000000020 connecting endpoint (null)
2023-12-12 00:43:59,500 [using logback-test.xml] DEBUG org.apache.hc.client5.http.impl.io.PoolingHttpClientConnectionManager -   - ep-0000000020 connecting endpoint to http://localhost:9001 (600000 MILLISECONDS)
2023-12-12 00:43:59,500 [using logback-test.xml] DEBUG org.apache.hc.client5.http.impl.io.DefaultHttpClientConnectionOperator -   - localhost resolving remote address
2023-12-12 00:43:59,500 [using logback-test.xml] DEBUG org.apache.hc.client5.http.impl.io.DefaultHttpClientConnectionOperator -   - localhost resolved to [localhost/127.0.0.1]
2023-12-12 00:43:59,500 [using logback-test.xml] DEBUG org.apache.hc.client5.http.impl.io.DefaultHttpClientConnectionOperator -   - localhost:9001 connecting null->localhost/127.0.0.1:9001 (600000 MILLISECONDS)
2023-12-12 00:43:59,501 [using logback-test.xml] DEBUG org.apache.hc.client5.http.impl.io.DefaultHttpClientConnectionOperator -   - localhost:9001 connection to localhost/127.0.0.1:9001 failed (class java.net.ConnectException); terminating operation
2023-12-12 00:43:59,501 [using logback-test.xml] DEBUG org.apache.hc.client5.http.impl.io.DefaultManagedHttpClientConnection -   - http-outgoing-17 close connection IMMEDIATE
2023-12-12 00:43:59,501 [using logback-test.xml] DEBUG org.apache.hc.client5.http.impl.classic.InternalHttpClient -   - ep-0000000020 endpoint closed
2023-12-12 00:43:59,501 [using logback-test.xml] DEBUG org.apache.hc.client5.http.impl.classic.InternalHttpClient -   - ep-0000000020 discarding endpoint
2023-12-12 00:43:59,501 [using logback-test.xml] DEBUG org.apache.hc.client5.http.impl.io.PoolingHttpClientConnectionManager -   - ep-0000000020 releasing endpoint
2023-12-12 00:43:59,501 [using logback-test.xml] DEBUG org.apache.hc.client5.http.impl.io.PoolingHttpClientConnectionManager -   - ep-0000000020 connection is not kept alive
2023-12-12 00:43:59,501 [using logback-test.xml] DEBUG org.apache.hc.client5.http.impl.io.PoolingHttpClientConnectionManager -   - ep-0000000020 connection released [route: {}->http://localhost:9001][total available: 1; route allocated: 0 of 5; total allocated: 1 of 200]
2023-12-12 00:43:59,501 [using logback-test.xml] DEBUG org.apache.hc.client5.http.impl.classic.InternalHttpClient -   - ex-0000000021 preparing request execution
2023-12-12 00:43:59,501 [using logback-test.xml] DEBUG org.apache.hc.client5.http.impl.classic.ProtocolExec -   - ex-0000000021 target auth state: UNCHALLENGED
2023-12-12 00:43:59,501 [using logback-test.xml] DEBUG org.apache.hc.client5.http.impl.classic.ProtocolExec -   - ex-0000000021 proxy auth state: UNCHALLENGED
2023-12-12 00:43:59,501 [using logback-test.xml] DEBUG org.apache.hc.client5.http.impl.classic.ConnectExec -   - ex-0000000021 acquiring connection with route {}->http://localhost:7001
2023-12-12 00:43:59,501 [using logback-test.xml] DEBUG org.apache.hc.client5.http.impl.classic.InternalHttpClient -   - ex-0000000021 acquiring endpoint (300000 MILLISECONDS)
2023-12-12 00:43:59,501 [using logback-test.xml] DEBUG org.apache.hc.client5.http.impl.io.PoolingHttpClientConnectionManager -   - ex-0000000021 endpoint lease request (300000 MILLISECONDS) [route: {}->http://localhost:7001][total available: 1; route allocated: 1 of 5; total allocated: 1 of 200]
2023-12-12 00:43:59,501 [using logback-test.xml] DEBUG org.apache.hc.client5.http.impl.io.PoolingHttpClientConnectionManager -   - ex-0000000021 endpoint leased [route: {}->http://localhost:7001][total available: 0; route allocated: 1 of 5; total allocated: 1 of 200]
2023-12-12 00:43:59,501 [using logback-test.xml] DEBUG org.apache.hc.client5.http.impl.io.PoolingHttpClientConnectionManager -   - ex-0000000021 acquired ep-0000000021
2023-12-12 00:43:59,501 [using logback-test.xml] DEBUG org.apache.hc.client5.http.impl.classic.InternalHttpClient -   - ex-0000000021 acquired endpoint ep-0000000021
2023-12-12 00:43:59,501 [using logback-test.xml] DEBUG org.apache.hc.client5.http.impl.classic.MainClientExec -   - ex-0000000021 executing POST /emissary/FailDirectory.action HTTP/1.1
2023-12-12 00:43:59,501 [using logback-test.xml] DEBUG org.apache.hc.client5.http.protocol.RequestAddCookies -   - ex-0000000021 Cookie spec selected: strict
2023-12-12 00:43:59,501 [using logback-test.xml] DEBUG org.apache.hc.client5.http.impl.classic.InternalHttpClient -   - ep-0000000021 start execution ex-0000000021
2023-12-12 00:43:59,501 [using logback-test.xml] DEBUG org.apache.hc.client5.http.impl.io.PoolingHttpClientConnectionManager -   - ep-0000000021 executing exchange ex-0000000021 over http-outgoing-11
2023-12-12 00:43:59,501 [using logback-test.xml] DEBUG org.apache.hc.client5.http.headers -   - http-outgoing-11 >> POST /emissary/FailDirectory.action HTTP/1.1
2023-12-12 00:43:59,501 [using logback-test.xml] DEBUG org.apache.hc.client5.http.headers -   - http-outgoing-11 >> X-Requested-By: emissary
2023-12-12 00:43:59,501 [using logback-test.xml] DEBUG org.apache.hc.client5.http.headers -   - http-outgoing-11 >> Accept-Encoding: gzip, x-gzip, deflate
2023-12-12 00:43:59,501 [using logback-test.xml] DEBUG org.apache.hc.client5.http.headers -   - http-outgoing-11 >> Content-Length: 195
2023-12-12 00:43:59,501 [using logback-test.xml] DEBUG org.apache.hc.client5.http.headers -   - http-outgoing-11 >> Content-Type: application/x-www-form-urlencoded; charset=UTF-8
2023-12-12 00:43:59,501 [using logback-test.xml] DEBUG org.apache.hc.client5.http.headers -   - http-outgoing-11 >> Host: localhost:7001
2023-12-12 00:43:59,501 [using logback-test.xml] DEBUG org.apache.hc.client5.http.headers -   - http-outgoing-11 >> Connection: keep-alive
2023-12-12 00:43:59,501 [using logback-test.xml] DEBUG org.apache.hc.client5.http.headers -   - http-outgoing-11 >> User-Agent: Apache-HttpClient/5.2.1 (Java/17.0.3)
2023-12-12 00:43:59,501 [using logback-test.xml] DEBUG org.apache.hc.client5.http.wire -   - http-outgoing-11 >> "POST /emissary/FailDirectory.action HTTP/1.1[\r][\n]"
2023-12-12 00:43:59,501 [using logback-test.xml] DEBUG org.apache.hc.client5.http.wire -   - http-outgoing-11 >> "X-Requested-By: emissary[\r][\n]"
2023-12-12 00:43:59,501 [using logback-test.xml] DEBUG org.apache.hc.client5.http.wire -   - http-outgoing-11 >> "Accept-Encoding: gzip, x-gzip, deflate[\r][\n]"
2023-12-12 00:43:59,501 [using logback-test.xml] DEBUG org.apache.hc.client5.http.wire -   - http-outgoing-11 >> "Content-Length: 195[\r][\n]"
2023-12-12 00:43:59,501 [using logback-test.xml] DEBUG org.apache.hc.client5.http.wire -   - http-outgoing-11 >> "Content-Type: application/x-www-form-urlencoded; charset=UTF-8[\r][\n]"
2023-12-12 00:43:59,501 [using logback-test.xml] DEBUG org.apache.hc.client5.http.wire -   - http-outgoing-11 >> "Host: localhost:7001[\r][\n]"
2023-12-12 00:43:59,501 [using logback-test.xml] DEBUG org.apache.hc.client5.http.wire -   - http-outgoing-11 >> "Connection: keep-alive[\r][\n]"
2023-12-12 00:43:59,501 [using logback-test.xml] DEBUG org.apache.hc.client5.http.wire -   - http-outgoing-11 >> "User-Agent: Apache-HttpClient/5.2.1 (Java/17.0.3)[\r][\n]"
2023-12-12 00:43:59,501 [using logback-test.xml] DEBUG org.apache.hc.client5.http.wire -   - http-outgoing-11 >> "[\r][\n]"
2023-12-12 00:43:59,501 [using logback-test.xml] DEBUG org.apache.hc.client5.http.wire -   - http-outgoing-11 >> "targetDir=http%3A%2F%2Flocalhost%3A7001%2FDirectoryPlace&dirFailName=EMISSARY_DIRECTORY_SERVICES.DIRECTORY.STUDY.http%3A%2F%2FderegisterPlaceActionTest%3A8001%2FDirectoryPlace&dirAddPropFlag=true"
2023-12-12 00:43:59,503 [using logback-test.xml] DEBUG org.apache.hc.client5.http.wire -   - http-outgoing-11 << "HTTP/1.1 401 Unauthorized[\r][\n]"
2023-12-12 00:43:59,503 [using logback-test.xml] DEBUG org.apache.hc.client5.http.wire -   - http-outgoing-11 << "WWW-Authenticate: Digest realm="EmissaryRealm", domain="/", nonce="Yf85AUmuoW/OGXs4pChD5r8eI/LUYCr1", algorithm=MD5, qop="auth", stale=false[\r][\n]"
2023-12-12 00:43:59,503 [using logback-test.xml] DEBUG org.apache.hc.client5.http.wire -   - http-outgoing-11 << "Cache-Control: must-revalidate,no-cache,no-store[\r][\n]"
2023-12-12 00:43:59,503 [using logback-test.xml] DEBUG org.apache.hc.client5.http.wire -   - http-outgoing-11 << "Content-Type: text/html;charset=iso-8859-1[\r][\n]"
2023-12-12 00:43:59,503 [using logback-test.xml] DEBUG org.apache.hc.client5.http.wire -   - http-outgoing-11 << "Content-Length: 473[\r][\n]"
2023-12-12 00:43:59,503 [using logback-test.xml] DEBUG org.apache.hc.client5.http.wire -   - http-outgoing-11 << "Server: Jetty(10.0.15)[\r][\n]"
2023-12-12 00:43:59,503 [using logback-test.xml] DEBUG org.apache.hc.client5.http.wire -   - http-outgoing-11 << "[\r][\n]"
2023-12-12 00:43:59,503 [using logback-test.xml] DEBUG org.apache.hc.client5.http.wire -   - http-outgoing-11 << "<html>[\n]"
2023-12-12 00:43:59,503 [using logback-test.xml] DEBUG org.apache.hc.client5.http.wire -   - http-outgoing-11 << "<head>[\n]"
2023-12-12 00:43:59,503 [using logback-test.xml] DEBUG org.apache.hc.client5.http.wire -   - http-outgoing-11 << "<meta http-equiv="Content-Type" content="text/html;charset=ISO-8859-1"/>[\n]"
2023-12-12 00:43:59,503 [using logback-test.xml] DEBUG org.apache.hc.client5.http.wire -   - http-outgoing-11 << "<title>Error 401 Unauthorized</title>[\n]"
2023-12-12 00:43:59,503 [using logback-test.xml] DEBUG org.apache.hc.client5.http.wire -   - http-outgoing-11 << "</head>[\n]"
2023-12-12 00:43:59,503 [using logback-test.xml] DEBUG org.apache.hc.client5.http.wire -   - http-outgoing-11 << "<body><h2>HTTP ERROR 401 Unauthorized</h2>[\n]"
2023-12-12 00:43:59,503 [using logback-test.xml] DEBUG org.apache.hc.client5.http.wire -   - http-outgoing-11 << "<table>[\n]"
2023-12-12 00:43:59,503 [using logback-test.xml] DEBUG org.apache.hc.client5.http.wire -   - http-outgoing-11 << "<tr><th>URI:</th><td>/emissary/FailDirectory.action</td></tr>[\n]"
2023-12-12 00:43:59,503 [using logback-test.xml] DEBUG org.apache.hc.client5.http.wire -   - http-outgoing-11 << "<tr><th>STATUS:</th><td>401</td></tr>[\n]"
2023-12-12 00:43:59,503 [using logback-test.xml] DEBUG org.apache.hc.client5.http.wire -   - http-outgoing-11 << "<tr><th>MESSAGE:</th><td>Unauthorized</td></tr>[\n]"
2023-12-12 00:43:59,503 [using logback-test.xml] DEBUG org.apache.hc.client5.http.wire -   - http-outgoing-11 << "<tr><th>SERVLET:</th><td>-</td></tr>[\n]"
2023-12-12 00:43:59,503 [using logback-test.xml] DEBUG org.apache.hc.client5.http.wire -   - http-outgoing-11 << "</table>[\n]"
2023-12-12 00:43:59,503 [using logback-test.xml] DEBUG org.apache.hc.client5.http.wire -   - http-outgoing-11 << "<hr/><a href="https://eclipse.org/jetty">Powered by Jetty:// 10.0.15</a><hr/>[\n]"
2023-12-12 00:43:59,503 [using logback-test.xml] DEBUG org.apache.hc.client5.http.wire -   - http-outgoing-11 << "[\n]"
2023-12-12 00:43:59,503 [using logback-test.xml] DEBUG org.apache.hc.client5.http.wire -   - http-outgoing-11 << "</body>[\n]"
2023-12-12 00:43:59,503 [using logback-test.xml] DEBUG org.apache.hc.client5.http.wire -   - http-outgoing-11 << "</html>[\n]"
2023-12-12 00:43:59,503 [using logback-test.xml] DEBUG org.apache.hc.client5.http.headers -   - http-outgoing-11 << HTTP/1.1 401 Unauthorized
2023-12-12 00:43:59,503 [using logback-test.xml] DEBUG org.apache.hc.client5.http.headers -   - http-outgoing-11 << WWW-Authenticate: Digest realm="EmissaryRealm", domain="/", nonce="Yf85AUmuoW/OGXs4pChD5r8eI/LUYCr1", algorithm=MD5, qop="auth", stale=false
2023-12-12 00:43:59,503 [using logback-test.xml] DEBUG org.apache.hc.client5.http.headers -   - http-outgoing-11 << Cache-Control: must-revalidate,no-cache,no-store
2023-12-12 00:43:59,503 [using logback-test.xml] DEBUG org.apache.hc.client5.http.headers -   - http-outgoing-11 << Content-Type: text/html;charset=iso-8859-1
2023-12-12 00:43:59,503 [using logback-test.xml] DEBUG org.apache.hc.client5.http.headers -   - http-outgoing-11 << Content-Length: 473
2023-12-12 00:43:59,503 [using logback-test.xml] DEBUG org.apache.hc.client5.http.headers -   - http-outgoing-11 << Server: Jetty(10.0.15)
2023-12-12 00:43:59,503 [using logback-test.xml] DEBUG org.apache.hc.client5.http.impl.classic.MainClientExec -   - ex-0000000021 connection can be kept alive for 3 MINUTES
2023-12-12 00:43:59,503 [using logback-test.xml] DEBUG org.apache.hc.client5.http.impl.auth.HttpAuthenticator -   - ex-0000000021 Authentication required
2023-12-12 00:43:59,503 [using logback-test.xml] DEBUG org.apache.hc.client5.http.impl.auth.AuthCacheKeeper -   - ex-0000000021 Clearing cached auth scheme for http://localhost:7001/emissary/
2023-12-12 00:43:59,503 [using logback-test.xml] DEBUG org.apache.hc.client5.http.impl.auth.HttpAuthenticator -   - ex-0000000021 localhost:7001 requested authentication
2023-12-12 00:43:59,503 [using logback-test.xml] DEBUG org.apache.hc.client5.http.impl.DefaultAuthenticationStrategy -   - ex-0000000021 Authentication schemes in the order of preference: [Digest]
2023-12-12 00:43:59,503 [using logback-test.xml] DEBUG org.apache.hc.client5.http.impl.auth.HttpAuthenticator -   - ex-0000000021 Selecting authentication options
2023-12-12 00:43:59,503 [using logback-test.xml] DEBUG org.apache.hc.client5.http.impl.auth.HttpAuthenticator -   - ex-0000000021 Selected authentication options: [Digest{qop=auth, stale=false, domain=/, realm=EmissaryRealm, nonce=Yf85AUmuoW/OGXs4pChD5r8eI/LUYCr1, algorithm=MD5}]
2023-12-12 00:43:59,503 [using logback-test.xml] DEBUG org.apache.hc.client5.http.impl.classic.ProtocolExec -   - ex-0000000021 target auth state: CHALLENGED
2023-12-12 00:43:59,503 [using logback-test.xml] DEBUG org.apache.hc.client5.http.impl.auth.HttpAuthenticator -   - ex-0000000021 Generating response to an authentication challenge using Digest scheme
2023-12-12 00:43:59,503 [using logback-test.xml] DEBUG org.apache.hc.client5.http.impl.classic.ProtocolExec -   - ex-0000000021 proxy auth state: UNCHALLENGED
2023-12-12 00:43:59,503 [using logback-test.xml] DEBUG org.apache.hc.client5.http.impl.classic.MainClientExec -   - ex-0000000021 executing POST /emissary/FailDirectory.action HTTP/1.1
2023-12-12 00:43:59,503 [using logback-test.xml] DEBUG org.apache.hc.client5.http.protocol.RequestAddCookies -   - ex-0000000021 Cookie spec selected: strict
2023-12-12 00:43:59,503 [using logback-test.xml] DEBUG org.apache.hc.client5.http.impl.classic.InternalHttpClient -   - ep-0000000021 start execution ex-0000000021
2023-12-12 00:43:59,503 [using logback-test.xml] DEBUG org.apache.hc.client5.http.impl.io.PoolingHttpClientConnectionManager -   - ep-0000000021 executing exchange ex-0000000021 over http-outgoing-11
2023-12-12 00:43:59,503 [using logback-test.xml] DEBUG org.apache.hc.client5.http.headers -   - http-outgoing-11 >> POST /emissary/FailDirectory.action HTTP/1.1
2023-12-12 00:43:59,503 [using logback-test.xml] DEBUG org.apache.hc.client5.http.headers -   - http-outgoing-11 >> X-Requested-By: emissary
2023-12-12 00:43:59,503 [using logback-test.xml] DEBUG org.apache.hc.client5.http.headers -   - http-outgoing-11 >> Authorization: Digest username="emissary", realm="EmissaryRealm", nonce="Yf85AUmuoW/OGXs4pChD5r8eI/LUYCr1", uri="/emissary/FailDirectory.action", response="6b6db68b1b406463fd31530b2e1384ac", qop=auth, nc=00000001, cnonce="22e8a6105b7081dc", algorithm=MD5
2023-12-12 00:43:59,503 [using logback-test.xml] DEBUG org.apache.hc.client5.http.headers -   - http-outgoing-11 >> Content-Length: 195
2023-12-12 00:43:59,503 [using logback-test.xml] DEBUG org.apache.hc.client5.http.headers -   - http-outgoing-11 >> Content-Type: application/x-www-form-urlencoded; charset=UTF-8
2023-12-12 00:43:59,503 [using logback-test.xml] DEBUG org.apache.hc.client5.http.headers -   - http-outgoing-11 >> Host: localhost:7001
2023-12-12 00:43:59,503 [using logback-test.xml] DEBUG org.apache.hc.client5.http.headers -   - http-outgoing-11 >> Connection: keep-alive
2023-12-12 00:43:59,503 [using logback-test.xml] DEBUG org.apache.hc.client5.http.headers -   - http-outgoing-11 >> User-Agent: Apache-HttpClient/5.2.1 (Java/17.0.3)
2023-12-12 00:43:59,503 [using logback-test.xml] DEBUG org.apache.hc.client5.http.wire -   - http-outgoing-11 >> "POST /emissary/FailDirectory.action HTTP/1.1[\r][\n]"
2023-12-12 00:43:59,503 [using logback-test.xml] DEBUG org.apache.hc.client5.http.wire -   - http-outgoing-11 >> "X-Requested-By: emissary[\r][\n]"
2023-12-12 00:43:59,503 [using logback-test.xml] DEBUG org.apache.hc.client5.http.wire -   - http-outgoing-11 >> "Authorization: Digest username="emissary", realm="EmissaryRealm", nonce="Yf85AUmuoW/OGXs4pChD5r8eI/LUYCr1", uri="/emissary/FailDirectory.action", response="6b6db68b1b406463fd31530b2e1384ac", qop=auth, nc=00000001, cnonce="22e8a6105b7081dc", algorithm=MD5[\r][\n]"
2023-12-12 00:43:59,503 [using logback-test.xml] DEBUG org.apache.hc.client5.http.wire -   - http-outgoing-11 >> "Content-Length: 195[\r][\n]"
2023-12-12 00:43:59,503 [using logback-test.xml] DEBUG org.apache.hc.client5.http.wire -   - http-outgoing-11 >> "Content-Type: application/x-www-form-urlencoded; charset=UTF-8[\r][\n]"
2023-12-12 00:43:59,503 [using logback-test.xml] DEBUG org.apache.hc.client5.http.wire -   - http-outgoing-11 >> "Host: localhost:7001[\r][\n]"
2023-12-12 00:43:59,503 [using logback-test.xml] DEBUG org.apache.hc.client5.http.wire -   - http-outgoing-11 >> "Connection: keep-alive[\r][\n]"
2023-12-12 00:43:59,503 [using logback-test.xml] DEBUG org.apache.hc.client5.http.wire -   - http-outgoing-11 >> "User-Agent: Apache-HttpClient/5.2.1 (Java/17.0.3)[\r][\n]"
2023-12-12 00:43:59,503 [using logback-test.xml] DEBUG org.apache.hc.client5.http.wire -   - http-outgoing-11 >> "[\r][\n]"
2023-12-12 00:43:59,503 [using logback-test.xml] DEBUG org.apache.hc.client5.http.wire -   - http-outgoing-11 >> "targetDir=http%3A%2F%2Flocalhost%3A7001%2FDirectoryPlace&dirFailName=EMISSARY_DIRECTORY_SERVICES.DIRECTORY.STUDY.http%3A%2F%2FderegisterPlaceActionTest%3A8001%2FDirectoryPlace&dirAddPropFlag=true"
2023-12-12 00:43:59,505 [using logback-test.xml] DEBUG org.apache.hc.client5.http.wire -   - http-outgoing-11 << "HTTP/1.1 200 OK[\r][\n]"
2023-12-12 00:43:59,505 [using logback-test.xml] DEBUG org.apache.hc.client5.http.wire -   - http-outgoing-11 << "Date: Tue, 12 Dec 2023 00:43:59 GMT[\r][\n]"
2023-12-12 00:43:59,505 [using logback-test.xml] DEBUG org.apache.hc.client5.http.wire -   - http-outgoing-11 << "Content-Type: text/plain[\r][\n]"
2023-12-12 00:43:59,505 [using logback-test.xml] DEBUG org.apache.hc.client5.http.wire -   - http-outgoing-11 << "Content-Length: 234[\r][\n]"
2023-12-12 00:43:59,505 [using logback-test.xml] DEBUG org.apache.hc.client5.http.wire -   - http-outgoing-11 << "Server: Jetty(10.0.15)[\r][\n]"
2023-12-12 00:43:59,505 [using logback-test.xml] DEBUG org.apache.hc.client5.http.wire -   - http-outgoing-11 << "[\r][\n]"
2023-12-12 00:43:59,505 [using logback-test.xml] DEBUG org.apache.hc.client5.http.wire -   - http-outgoing-11 << "Modified 0 entries from EMISSARY_DIRECTORY_SERVICES.DIRECTORY.STUDY.http://localhost:7001/DirectoryPlace$5050[1] due to failure of remote EMISSARY_DIRECTORY_SERVICES.DIRECTORY.STUDY.http://deregisterPlaceActionTest:8001/DirectoryPlace"
2023-12-12 00:43:59,505 [using logback-test.xml] DEBUG org.apache.hc.client5.http.headers -   - http-outgoing-11 << HTTP/1.1 200 OK
2023-12-12 00:43:59,505 [using logback-test.xml] DEBUG org.apache.hc.client5.http.headers -   - http-outgoing-11 << Date: Tue, 12 Dec 2023 00:43:59 GMT
2023-12-12 00:43:59,505 [using logback-test.xml] DEBUG org.apache.hc.client5.http.headers -   - http-outgoing-11 << Content-Type: text/plain
2023-12-12 00:43:59,505 [using logback-test.xml] DEBUG org.apache.hc.client5.http.headers -   - http-outgoing-11 << Content-Length: 234
2023-12-12 00:43:59,505 [using logback-test.xml] DEBUG org.apache.hc.client5.http.headers -   - http-outgoing-11 << Server: Jetty(10.0.15)
2023-12-12 00:43:59,505 [using logback-test.xml] DEBUG org.apache.hc.client5.http.impl.classic.MainClientExec -   - ex-0000000021 connection can be kept alive for 3 MINUTES
2023-12-12 00:43:59,505 [using logback-test.xml] DEBUG org.apache.hc.client5.http.impl.auth.HttpAuthenticator -   - ex-0000000021 Authentication succeeded
2023-12-12 00:43:59,505 [using logback-test.xml] DEBUG org.apache.hc.client5.http.impl.classic.InternalHttpClient -   - ep-0000000021 releasing valid endpoint
2023-12-12 00:43:59,505 [using logback-test.xml] DEBUG org.apache.hc.client5.http.impl.io.PoolingHttpClientConnectionManager -   - ep-0000000021 releasing endpoint
2023-12-12 00:43:59,505 [using logback-test.xml] DEBUG org.apache.hc.client5.http.impl.io.PoolingHttpClientConnectionManager -   - ep-0000000021 connection http-outgoing-11 can be kept alive for 3 MINUTES
2023-12-12 00:43:59,505 [using logback-test.xml] DEBUG org.apache.hc.client5.http.impl.io.PoolingHttpClientConnectionManager -   - ep-0000000021 connection released [route: {}->http://localhost:7001][total available: 1; route allocated: 1 of 5; total allocated: 1 of 200]
2023-12-12 00:43:59,505 [using logback-test.xml]  INFO emissary.directory.DirectoryPlace -   - Done shutting down DirectoryPlace
]]></system-out>
    <system-err><![CDATA[Dec 12, 2023 12:43:59 AM org.glassfish.jersey.test.jetty.JettyTestContainerFactory$JettyTestContainer <init>
INFO: Creating JettyTestContainer configured at the base URI http://localhost:<AVAILABLE-PORT>/
Dec 12, 2023 12:43:59 AM org.glassfish.jersey.test.jetty.JettyTestContainerFactory$JettyTestContainer start
INFO: Started JettyTestContainer at the base URI http://localhost:64735/
]]></system-err>
  </testcase>
  <testcase name="cleanParams(String)[2]" classname="emissary.server.mvc.internal.DeregisterPlaceActionTest" time="0.183">
    <system-out><![CDATA[2023-12-12 00:43:59,506 [using logback-test.xml]  INFO emissary.command.BaseCommand -   - PROJECT_BASE is set to /Users/connor/Projects/work/emissary/target 
2023-12-12 00:43:59,506 [using logback-test.xml]  INFO emissary.command.BaseCommand -   - Setting emissary.config.dir to /Users/connor/Projects/work/emissary/target/config 
2023-12-12 00:43:59,506 [using logback-test.xml]  INFO emissary.command.BaseCommand -   - Setting emissary.bin.dir to /Users/connor/Projects/work/emissary/target/bin 
2023-12-12 00:43:59,506 [using logback-test.xml]  INFO emissary.command.BaseCommand -   - Setting emissary.output.root to /Users/connor/Projects/work/emissary/target/localoutput 
2023-12-12 00:43:59,506 [using logback-test.xml]  INFO emissary.command.BaseCommand -   - Emissary error dir set to /Users/connor/Projects/work/emissary/target/localerror 
2023-12-12 00:43:59,506 [using logback-test.xml]  INFO emissary.command.BaseCommand -   - Setting emissary.node.name to localhost 
2023-12-12 00:43:59,506 [using logback-test.xml]  INFO emissary.command.BaseCommand -   - Setting emissary.node.port to 8001 
2023-12-12 00:43:59,506 [using logback-test.xml]  INFO emissary.command.BaseCommand -   - Setting emissary.node.scheme to http 
2023-12-12 00:43:59,506 [using logback-test.xml]  WARN emissary.command.BaseCommand -   - Not using /Users/connor/Projects/work/emissary/target/config/logback.xml, staying with test config file:/Users/connor/Projects/work/emissary/target/test-classes/logback-test.xml
2023-12-12 00:43:59,508 [using logback-test.xml]  INFO emissary.command.BaseCommand -   - Overriding current emissary.config.flavor null to CLUSTER 
2023-12-12 00:43:59,508 [using logback-test.xml]  INFO emissary.command.BaseCommand -   - PROJECT_BASE is set to /Users/connor/Projects/work/emissary/target 
2023-12-12 00:43:59,508 [using logback-test.xml]  INFO emissary.command.BaseCommand -   - Setting emissary.config.dir to /Users/connor/Projects/work/emissary/target/config 
2023-12-12 00:43:59,508 [using logback-test.xml]  INFO emissary.command.BaseCommand -   - Setting emissary.bin.dir to /Users/connor/Projects/work/emissary/target/bin 
2023-12-12 00:43:59,508 [using logback-test.xml]  INFO emissary.command.BaseCommand -   - Setting emissary.output.root to /Users/connor/Projects/work/emissary/target/localoutput 
2023-12-12 00:43:59,508 [using logback-test.xml]  INFO emissary.command.BaseCommand -   - Emissary error dir set to /Users/connor/Projects/work/emissary/target/localerror 
2023-12-12 00:43:59,508 [using logback-test.xml]  INFO emissary.command.BaseCommand -   - Setting emissary.config.flavor to CLUSTER 
2023-12-12 00:43:59,508 [using logback-test.xml]  INFO emissary.command.BaseCommand -   - Setting emissary.node.name to localhost 
2023-12-12 00:43:59,508 [using logback-test.xml]  INFO emissary.command.BaseCommand -   - Setting emissary.node.port to 8001 
2023-12-12 00:43:59,508 [using logback-test.xml]  INFO emissary.command.BaseCommand -   - Setting emissary.node.scheme to http 
2023-12-12 00:43:59,508 [using logback-test.xml]  WARN emissary.command.BaseCommand -   - Not using /Users/connor/Projects/work/emissary/target/config/logback.xml, staying with test config file:/Users/connor/Projects/work/emissary/target/test-classes/logback-test.xml
2023-12-12 00:43:59,508 [using logback-test.xml]  INFO emissary.command.BaseCommand -   - Overriding current emissary.config.flavor CLUSTER to CLUSTER 
2023-12-12 00:43:59,652 [using logback-test.xml] DEBUG emissary.config.ConfigUtil -   - Attempting flavor merge on <none>-CLUSTER
2023-12-12 00:43:59,652 [using logback-test.xml] DEBUG emissary.config.ConfigUtil -   - Loading config for (string) <none>-CLUSTER
2023-12-12 00:43:59,652 [using logback-test.xml] DEBUG emissary.config.ConfigUtil -   - No file config found using new style <none>-CLUSTER
2023-12-12 00:43:59,652 [using logback-test.xml] DEBUG emissary.config.ConfigUtil -   - No config data as resource for emissary/place/<none>-CLUSTER
2023-12-12 00:43:59,652 [using logback-test.xml] DEBUG emissary.config.ConfigUtil -   - No config data as resource for <none>-CLUSTER
2023-12-12 00:43:59,652 [using logback-test.xml] DEBUG emissary.config.ConfigUtil -   - No file config found using old style <none>-CLUSTER.cfg
2023-12-12 00:43:59,652 [using logback-test.xml] DEBUG emissary.config.ConfigUtil -   - Unable to opt import flavor config <none>-CLUSTER
2023-12-12 00:43:59,654 [using logback-test.xml] DEBUG emissary.config.ConfigUtil -   - Loading config for (string) peer-TestNode-1234567.cfg
2023-12-12 00:43:59,654 [using logback-test.xml] DEBUG emissary.config.ConfigUtil -   - No file config found using new style peer-TestNode-1234567.cfg
2023-12-12 00:43:59,654 [using logback-test.xml] DEBUG emissary.config.ConfigUtil -   - No config data as resource for emissary/place/peer-TestNode-1234567.cfg
2023-12-12 00:43:59,654 [using logback-test.xml] DEBUG emissary.config.ConfigUtil -   - No config data as resource for peer-TestNode-1234567.cfg
2023-12-12 00:43:59,654 [using logback-test.xml] DEBUG emissary.config.ConfigUtil -   - No file config found using old style peer-TestNode-1234567.cfg
2023-12-12 00:43:59,663 [using logback-test.xml] DEBUG emissary.config.ConfigUtil -   - Preference peer-TestNode-1234567.cfg not found
2023-12-12 00:43:59,663 [using logback-test.xml] DEBUG emissary.config.ConfigUtil -   - Loading config for (string) peer-TestNode.cfg
2023-12-12 00:43:59,663 [using logback-test.xml] DEBUG emissary.config.ConfigUtil -   - No file config found using new style peer-TestNode.cfg
2023-12-12 00:43:59,663 [using logback-test.xml] DEBUG emissary.config.ConfigUtil -   - No config data as resource for emissary/place/peer-TestNode.cfg
2023-12-12 00:43:59,663 [using logback-test.xml] DEBUG emissary.config.ConfigUtil -   - No config data as resource for peer-TestNode.cfg
2023-12-12 00:43:59,663 [using logback-test.xml] DEBUG emissary.config.ConfigUtil -   - No file config found using old style peer-TestNode.cfg
2023-12-12 00:43:59,663 [using logback-test.xml] DEBUG emissary.config.ConfigUtil -   - Preference peer-TestNode.cfg not found
2023-12-12 00:43:59,663 [using logback-test.xml] DEBUG emissary.config.ConfigUtil -   - Loading config for (string) peer-1234567.cfg
2023-12-12 00:43:59,663 [using logback-test.xml] DEBUG emissary.config.ConfigUtil -   - No file config found using new style peer-1234567.cfg
2023-12-12 00:43:59,663 [using logback-test.xml] DEBUG emissary.config.ConfigUtil -   - No config data as resource for emissary/place/peer-1234567.cfg
2023-12-12 00:43:59,663 [using logback-test.xml] DEBUG emissary.config.ConfigUtil -   - No config data as resource for peer-1234567.cfg
2023-12-12 00:43:59,663 [using logback-test.xml] DEBUG emissary.config.ConfigUtil -   - No file config found using old style peer-1234567.cfg
2023-12-12 00:43:59,663 [using logback-test.xml] DEBUG emissary.config.ConfigUtil -   - Preference peer-1234567.cfg not found
2023-12-12 00:43:59,663 [using logback-test.xml] DEBUG emissary.config.ConfigUtil -   - Loading config for (string) peer-mac_os_x.cfg
2023-12-12 00:43:59,663 [using logback-test.xml] DEBUG emissary.config.ConfigUtil -   - No file config found using new style peer-mac_os_x.cfg
2023-12-12 00:43:59,663 [using logback-test.xml] DEBUG emissary.config.ConfigUtil -   - No config data as resource for emissary/place/peer-mac_os_x.cfg
2023-12-12 00:43:59,663 [using logback-test.xml] DEBUG emissary.config.ConfigUtil -   - No config data as resource for peer-mac_os_x.cfg
2023-12-12 00:43:59,663 [using logback-test.xml] DEBUG emissary.config.ConfigUtil -   - No file config found using old style peer-mac_os_x.cfg
2023-12-12 00:43:59,663 [using logback-test.xml] DEBUG emissary.config.ConfigUtil -   - Preference peer-mac_os_x.cfg not found
2023-12-12 00:43:59,663 [using logback-test.xml] DEBUG emissary.config.ConfigUtil -   - Loading config for (string) peer.cfg
2023-12-12 00:43:59,663 [using logback-test.xml] DEBUG emissary.config.ConfigUtil -   - Found config data as file /Users/connor/Projects/work/emissary/target/config/peer.cfg
2023-12-12 00:43:59,663 [using logback-test.xml] DEBUG emissary.config.ConfigUtil -   - Attempting flavor merge on peer-CLUSTER.cfg
2023-12-12 00:43:59,663 [using logback-test.xml] DEBUG emissary.config.ConfigUtil -   - Loading config for (string) peer-CLUSTER.cfg
2023-12-12 00:43:59,663 [using logback-test.xml] DEBUG emissary.config.ConfigUtil -   - No file config found using new style peer-CLUSTER.cfg
2023-12-12 00:43:59,663 [using logback-test.xml] DEBUG emissary.config.ConfigUtil -   - No config data as resource for emissary/place/peer-CLUSTER.cfg
2023-12-12 00:43:59,664 [using logback-test.xml] DEBUG emissary.config.ConfigUtil -   - No config data as resource for peer-CLUSTER.cfg
2023-12-12 00:43:59,664 [using logback-test.xml] DEBUG emissary.config.ConfigUtil -   - No file config found using old style peer-CLUSTER.cfg
2023-12-12 00:43:59,664 [using logback-test.xml] DEBUG emissary.config.ConfigUtil -   - Unable to opt import flavor config peer-CLUSTER.cfg
2023-12-12 00:43:59,676 [using logback-test.xml] ERROR emissary.server.mvc.internal.DeregisterPlaceAction -   - No directory found using name _
2023-12-12 00:43:59,679 [using logback-test.xml] DEBUG org.apache.hc.client5.http.impl.classic.InternalHttpClient -   - ex-0000000022 preparing request execution
2023-12-12 00:43:59,679 [using logback-test.xml] DEBUG org.apache.hc.client5.http.impl.classic.ProtocolExec -   - ex-0000000022 target auth state: UNCHALLENGED
2023-12-12 00:43:59,679 [using logback-test.xml] DEBUG org.apache.hc.client5.http.impl.classic.ProtocolExec -   - ex-0000000022 proxy auth state: UNCHALLENGED
2023-12-12 00:43:59,679 [using logback-test.xml] DEBUG org.apache.hc.client5.http.impl.classic.ConnectExec -   - ex-0000000022 acquiring connection with route {}->http://localhost:8001
2023-12-12 00:43:59,679 [using logback-test.xml] DEBUG org.apache.hc.client5.http.impl.classic.InternalHttpClient -   - ex-0000000022 acquiring endpoint (300000 MILLISECONDS)
2023-12-12 00:43:59,679 [using logback-test.xml] DEBUG org.apache.hc.client5.http.impl.io.PoolingHttpClientConnectionManager -   - ex-0000000022 endpoint lease request (300000 MILLISECONDS) [route: {}->http://localhost:8001][total available: 1; route allocated: 0 of 5; total allocated: 1 of 200]
2023-12-12 00:43:59,679 [using logback-test.xml] DEBUG org.apache.hc.client5.http.impl.io.PoolingHttpClientConnectionManager -   - ex-0000000022 endpoint leased [route: {}->http://localhost:8001][total available: 1; route allocated: 1 of 5; total allocated: 2 of 200]
2023-12-12 00:43:59,679 [using logback-test.xml] DEBUG org.apache.hc.client5.http.impl.io.PoolingHttpClientConnectionManager -   - ex-0000000022 acquired ep-0000000022
2023-12-12 00:43:59,679 [using logback-test.xml] DEBUG org.apache.hc.client5.http.impl.classic.InternalHttpClient -   - ex-0000000022 acquired endpoint ep-0000000022
2023-12-12 00:43:59,679 [using logback-test.xml] DEBUG org.apache.hc.client5.http.impl.classic.ConnectExec -   - ex-0000000022 opening connection {}->http://localhost:8001
2023-12-12 00:43:59,679 [using logback-test.xml] DEBUG org.apache.hc.client5.http.impl.classic.InternalHttpClient -   - ep-0000000022 connecting endpoint (null)
2023-12-12 00:43:59,679 [using logback-test.xml] DEBUG org.apache.hc.client5.http.impl.io.PoolingHttpClientConnectionManager -   - ep-0000000022 connecting endpoint to http://localhost:8001 (600000 MILLISECONDS)
2023-12-12 00:43:59,679 [using logback-test.xml] DEBUG org.apache.hc.client5.http.impl.io.DefaultHttpClientConnectionOperator -   - localhost resolving remote address
2023-12-12 00:43:59,679 [using logback-test.xml] DEBUG org.apache.hc.client5.http.impl.io.DefaultHttpClientConnectionOperator -   - localhost resolved to [localhost/127.0.0.1]
2023-12-12 00:43:59,679 [using logback-test.xml] DEBUG org.apache.hc.client5.http.impl.io.DefaultHttpClientConnectionOperator -   - localhost:8001 connecting null->localhost/127.0.0.1:8001 (600000 MILLISECONDS)
2023-12-12 00:43:59,682 [using logback-test.xml] DEBUG org.apache.hc.client5.http.impl.io.DefaultHttpClientConnectionOperator -   - localhost:8001 connection to localhost/127.0.0.1:8001 failed (class java.net.ConnectException); terminating operation
2023-12-12 00:43:59,682 [using logback-test.xml] DEBUG org.apache.hc.client5.http.impl.io.DefaultManagedHttpClientConnection -   - http-outgoing-18 close connection IMMEDIATE
2023-12-12 00:43:59,682 [using logback-test.xml] DEBUG org.apache.hc.client5.http.impl.classic.InternalHttpClient -   - ep-0000000022 endpoint closed
2023-12-12 00:43:59,682 [using logback-test.xml] DEBUG org.apache.hc.client5.http.impl.classic.InternalHttpClient -   - ep-0000000022 discarding endpoint
2023-12-12 00:43:59,682 [using logback-test.xml] DEBUG org.apache.hc.client5.http.impl.io.PoolingHttpClientConnectionManager -   - ep-0000000022 releasing endpoint
2023-12-12 00:43:59,682 [using logback-test.xml] DEBUG org.apache.hc.client5.http.impl.io.PoolingHttpClientConnectionManager -   - ep-0000000022 connection is not kept alive
2023-12-12 00:43:59,682 [using logback-test.xml] DEBUG org.apache.hc.client5.http.impl.io.PoolingHttpClientConnectionManager -   - ep-0000000022 connection released [route: {}->http://localhost:8001][total available: 1; route allocated: 0 of 5; total allocated: 1 of 200]
2023-12-12 00:43:59,682 [using logback-test.xml] DEBUG org.apache.hc.client5.http.impl.classic.InternalHttpClient -   - ex-0000000023 preparing request execution
2023-12-12 00:43:59,682 [using logback-test.xml] DEBUG org.apache.hc.client5.http.impl.classic.ProtocolExec -   - ex-0000000023 target auth state: UNCHALLENGED
2023-12-12 00:43:59,682 [using logback-test.xml] DEBUG org.apache.hc.client5.http.impl.classic.ProtocolExec -   - ex-0000000023 proxy auth state: UNCHALLENGED
2023-12-12 00:43:59,682 [using logback-test.xml] DEBUG org.apache.hc.client5.http.impl.classic.ConnectExec -   - ex-0000000023 acquiring connection with route {}->http://localhost:9001
2023-12-12 00:43:59,682 [using logback-test.xml] DEBUG org.apache.hc.client5.http.impl.classic.InternalHttpClient -   - ex-0000000023 acquiring endpoint (300000 MILLISECONDS)
2023-12-12 00:43:59,682 [using logback-test.xml] DEBUG org.apache.hc.client5.http.impl.io.PoolingHttpClientConnectionManager -   - ex-0000000023 endpoint lease request (300000 MILLISECONDS) [route: {}->http://localhost:9001][total available: 1; route allocated: 0 of 5; total allocated: 1 of 200]
2023-12-12 00:43:59,682 [using logback-test.xml] DEBUG org.apache.hc.client5.http.impl.io.PoolingHttpClientConnectionManager -   - ex-0000000023 endpoint leased [route: {}->http://localhost:9001][total available: 1; route allocated: 1 of 5; total allocated: 2 of 200]
2023-12-12 00:43:59,682 [using logback-test.xml] DEBUG org.apache.hc.client5.http.impl.io.PoolingHttpClientConnectionManager -   - ex-0000000023 acquired ep-0000000023
2023-12-12 00:43:59,682 [using logback-test.xml] DEBUG org.apache.hc.client5.http.impl.classic.InternalHttpClient -   - ex-0000000023 acquired endpoint ep-0000000023
2023-12-12 00:43:59,682 [using logback-test.xml] DEBUG org.apache.hc.client5.http.impl.classic.ConnectExec -   - ex-0000000023 opening connection {}->http://localhost:9001
2023-12-12 00:43:59,682 [using logback-test.xml] DEBUG org.apache.hc.client5.http.impl.classic.InternalHttpClient -   - ep-0000000023 connecting endpoint (null)
2023-12-12 00:43:59,682 [using logback-test.xml] DEBUG org.apache.hc.client5.http.impl.io.PoolingHttpClientConnectionManager -   - ep-0000000023 connecting endpoint to http://localhost:9001 (600000 MILLISECONDS)
2023-12-12 00:43:59,682 [using logback-test.xml] DEBUG org.apache.hc.client5.http.impl.io.DefaultHttpClientConnectionOperator -   - localhost resolving remote address
2023-12-12 00:43:59,682 [using logback-test.xml] DEBUG org.apache.hc.client5.http.impl.io.DefaultHttpClientConnectionOperator -   - localhost resolved to [localhost/127.0.0.1]
2023-12-12 00:43:59,682 [using logback-test.xml] DEBUG org.apache.hc.client5.http.impl.io.DefaultHttpClientConnectionOperator -   - localhost:9001 connecting null->localhost/127.0.0.1:9001 (600000 MILLISECONDS)
2023-12-12 00:43:59,683 [using logback-test.xml] DEBUG org.apache.hc.client5.http.impl.io.DefaultHttpClientConnectionOperator -   - localhost:9001 connection to localhost/127.0.0.1:9001 failed (class java.net.ConnectException); terminating operation
2023-12-12 00:43:59,683 [using logback-test.xml] DEBUG org.apache.hc.client5.http.impl.io.DefaultManagedHttpClientConnection -   - http-outgoing-19 close connection IMMEDIATE
2023-12-12 00:43:59,683 [using logback-test.xml] DEBUG org.apache.hc.client5.http.impl.classic.InternalHttpClient -   - ep-0000000023 endpoint closed
2023-12-12 00:43:59,683 [using logback-test.xml] DEBUG org.apache.hc.client5.http.impl.classic.InternalHttpClient -   - ep-0000000023 discarding endpoint
2023-12-12 00:43:59,683 [using logback-test.xml] DEBUG org.apache.hc.client5.http.impl.io.PoolingHttpClientConnectionManager -   - ep-0000000023 releasing endpoint
2023-12-12 00:43:59,683 [using logback-test.xml] DEBUG org.apache.hc.client5.http.impl.io.PoolingHttpClientConnectionManager -   - ep-0000000023 connection is not kept alive
2023-12-12 00:43:59,683 [using logback-test.xml] DEBUG org.apache.hc.client5.http.impl.io.PoolingHttpClientConnectionManager -   - ep-0000000023 connection released [route: {}->http://localhost:9001][total available: 1; route allocated: 0 of 5; total allocated: 1 of 200]
2023-12-12 00:43:59,683 [using logback-test.xml] DEBUG org.apache.hc.client5.http.impl.classic.InternalHttpClient -   - ex-0000000024 preparing request execution
2023-12-12 00:43:59,683 [using logback-test.xml] DEBUG org.apache.hc.client5.http.impl.classic.ProtocolExec -   - ex-0000000024 target auth state: UNCHALLENGED
2023-12-12 00:43:59,683 [using logback-test.xml] DEBUG org.apache.hc.client5.http.impl.classic.ProtocolExec -   - ex-0000000024 proxy auth state: UNCHALLENGED
2023-12-12 00:43:59,683 [using logback-test.xml] DEBUG org.apache.hc.client5.http.impl.classic.ConnectExec -   - ex-0000000024 acquiring connection with route {}->http://localhost:7001
2023-12-12 00:43:59,683 [using logback-test.xml] DEBUG org.apache.hc.client5.http.impl.classic.InternalHttpClient -   - ex-0000000024 acquiring endpoint (300000 MILLISECONDS)
2023-12-12 00:43:59,683 [using logback-test.xml] DEBUG org.apache.hc.client5.http.impl.io.PoolingHttpClientConnectionManager -   - ex-0000000024 endpoint lease request (300000 MILLISECONDS) [route: {}->http://localhost:7001][total available: 1; route allocated: 1 of 5; total allocated: 1 of 200]
2023-12-12 00:43:59,683 [using logback-test.xml] DEBUG org.apache.hc.client5.http.impl.io.PoolingHttpClientConnectionManager -   - ex-0000000024 endpoint leased [route: {}->http://localhost:7001][total available: 0; route allocated: 1 of 5; total allocated: 1 of 200]
2023-12-12 00:43:59,683 [using logback-test.xml] DEBUG org.apache.hc.client5.http.impl.io.PoolingHttpClientConnectionManager -   - ex-0000000024 acquired ep-0000000024
2023-12-12 00:43:59,683 [using logback-test.xml] DEBUG org.apache.hc.client5.http.impl.classic.InternalHttpClient -   - ex-0000000024 acquired endpoint ep-0000000024
2023-12-12 00:43:59,683 [using logback-test.xml] DEBUG org.apache.hc.client5.http.impl.classic.MainClientExec -   - ex-0000000024 executing POST /emissary/FailDirectory.action HTTP/1.1
2023-12-12 00:43:59,683 [using logback-test.xml] DEBUG org.apache.hc.client5.http.protocol.RequestAddCookies -   - ex-0000000024 Cookie spec selected: strict
2023-12-12 00:43:59,683 [using logback-test.xml] DEBUG org.apache.hc.client5.http.impl.classic.InternalHttpClient -   - ep-0000000024 start execution ex-0000000024
2023-12-12 00:43:59,683 [using logback-test.xml] DEBUG org.apache.hc.client5.http.impl.io.PoolingHttpClientConnectionManager -   - ep-0000000024 executing exchange ex-0000000024 over http-outgoing-11
2023-12-12 00:43:59,683 [using logback-test.xml] DEBUG org.apache.hc.client5.http.headers -   - http-outgoing-11 >> POST /emissary/FailDirectory.action HTTP/1.1
2023-12-12 00:43:59,683 [using logback-test.xml] DEBUG org.apache.hc.client5.http.headers -   - http-outgoing-11 >> X-Requested-By: emissary
2023-12-12 00:43:59,683 [using logback-test.xml] DEBUG org.apache.hc.client5.http.headers -   - http-outgoing-11 >> Accept-Encoding: gzip, x-gzip, deflate
2023-12-12 00:43:59,683 [using logback-test.xml] DEBUG org.apache.hc.client5.http.headers -   - http-outgoing-11 >> Content-Length: 195
2023-12-12 00:43:59,683 [using logback-test.xml] DEBUG org.apache.hc.client5.http.headers -   - http-outgoing-11 >> Content-Type: application/x-www-form-urlencoded; charset=UTF-8
2023-12-12 00:43:59,683 [using logback-test.xml] DEBUG org.apache.hc.client5.http.headers -   - http-outgoing-11 >> Host: localhost:7001
2023-12-12 00:43:59,683 [using logback-test.xml] DEBUG org.apache.hc.client5.http.headers -   - http-outgoing-11 >> Connection: keep-alive
2023-12-12 00:43:59,683 [using logback-test.xml] DEBUG org.apache.hc.client5.http.headers -   - http-outgoing-11 >> User-Agent: Apache-HttpClient/5.2.1 (Java/17.0.3)
2023-12-12 00:43:59,683 [using logback-test.xml] DEBUG org.apache.hc.client5.http.wire -   - http-outgoing-11 >> "POST /emissary/FailDirectory.action HTTP/1.1[\r][\n]"
2023-12-12 00:43:59,683 [using logback-test.xml] DEBUG org.apache.hc.client5.http.wire -   - http-outgoing-11 >> "X-Requested-By: emissary[\r][\n]"
2023-12-12 00:43:59,683 [using logback-test.xml] DEBUG org.apache.hc.client5.http.wire -   - http-outgoing-11 >> "Accept-Encoding: gzip, x-gzip, deflate[\r][\n]"
2023-12-12 00:43:59,683 [using logback-test.xml] DEBUG org.apache.hc.client5.http.wire -   - http-outgoing-11 >> "Content-Length: 195[\r][\n]"
2023-12-12 00:43:59,683 [using logback-test.xml] DEBUG org.apache.hc.client5.http.wire -   - http-outgoing-11 >> "Content-Type: application/x-www-form-urlencoded; charset=UTF-8[\r][\n]"
2023-12-12 00:43:59,683 [using logback-test.xml] DEBUG org.apache.hc.client5.http.wire -   - http-outgoing-11 >> "Host: localhost:7001[\r][\n]"
2023-12-12 00:43:59,683 [using logback-test.xml] DEBUG org.apache.hc.client5.http.wire -   - http-outgoing-11 >> "Connection: keep-alive[\r][\n]"
2023-12-12 00:43:59,683 [using logback-test.xml] DEBUG org.apache.hc.client5.http.wire -   - http-outgoing-11 >> "User-Agent: Apache-HttpClient/5.2.1 (Java/17.0.3)[\r][\n]"
2023-12-12 00:43:59,683 [using logback-test.xml] DEBUG org.apache.hc.client5.http.wire -   - http-outgoing-11 >> "[\r][\n]"
2023-12-12 00:43:59,683 [using logback-test.xml] DEBUG org.apache.hc.client5.http.wire -   - http-outgoing-11 >> "targetDir=http%3A%2F%2Flocalhost%3A7001%2FDirectoryPlace&dirFailName=EMISSARY_DIRECTORY_SERVICES.DIRECTORY.STUDY.http%3A%2F%2FderegisterPlaceActionTest%3A8001%2FDirectoryPlace&dirAddPropFlag=true"
2023-12-12 00:43:59,685 [using logback-test.xml] DEBUG org.apache.hc.client5.http.wire -   - http-outgoing-11 << "HTTP/1.1 401 Unauthorized[\r][\n]"
2023-12-12 00:43:59,685 [using logback-test.xml] DEBUG org.apache.hc.client5.http.wire -   - http-outgoing-11 << "WWW-Authenticate: Digest realm="EmissaryRealm", domain="/", nonce="jnQxcSMz8m8n+3Vas6X+xE9nuOOv2Wc8", algorithm=MD5, qop="auth", stale=false[\r][\n]"
2023-12-12 00:43:59,685 [using logback-test.xml] DEBUG org.apache.hc.client5.http.wire -   - http-outgoing-11 << "Cache-Control: must-revalidate,no-cache,no-store[\r][\n]"
2023-12-12 00:43:59,685 [using logback-test.xml] DEBUG org.apache.hc.client5.http.wire -   - http-outgoing-11 << "Content-Type: text/html;charset=iso-8859-1[\r][\n]"
2023-12-12 00:43:59,685 [using logback-test.xml] DEBUG org.apache.hc.client5.http.wire -   - http-outgoing-11 << "Content-Length: 473[\r][\n]"
2023-12-12 00:43:59,685 [using logback-test.xml] DEBUG org.apache.hc.client5.http.wire -   - http-outgoing-11 << "Server: Jetty(10.0.15)[\r][\n]"
2023-12-12 00:43:59,685 [using logback-test.xml] DEBUG org.apache.hc.client5.http.wire -   - http-outgoing-11 << "[\r][\n]"
2023-12-12 00:43:59,685 [using logback-test.xml] DEBUG org.apache.hc.client5.http.wire -   - http-outgoing-11 << "<html>[\n]"
2023-12-12 00:43:59,685 [using logback-test.xml] DEBUG org.apache.hc.client5.http.wire -   - http-outgoing-11 << "<head>[\n]"
2023-12-12 00:43:59,685 [using logback-test.xml] DEBUG org.apache.hc.client5.http.wire -   - http-outgoing-11 << "<meta http-equiv="Content-Type" content="text/html;charset=ISO-8859-1"/>[\n]"
2023-12-12 00:43:59,685 [using logback-test.xml] DEBUG org.apache.hc.client5.http.wire -   - http-outgoing-11 << "<title>Error 401 Unauthorized</title>[\n]"
2023-12-12 00:43:59,685 [using logback-test.xml] DEBUG org.apache.hc.client5.http.wire -   - http-outgoing-11 << "</head>[\n]"
2023-12-12 00:43:59,685 [using logback-test.xml] DEBUG org.apache.hc.client5.http.wire -   - http-outgoing-11 << "<body><h2>HTTP ERROR 401 Unauthorized</h2>[\n]"
2023-12-12 00:43:59,685 [using logback-test.xml] DEBUG org.apache.hc.client5.http.wire -   - http-outgoing-11 << "<table>[\n]"
2023-12-12 00:43:59,685 [using logback-test.xml] DEBUG org.apache.hc.client5.http.wire -   - http-outgoing-11 << "<tr><th>URI:</th><td>/emissary/FailDirectory.action</td></tr>[\n]"
2023-12-12 00:43:59,685 [using logback-test.xml] DEBUG org.apache.hc.client5.http.wire -   - http-outgoing-11 << "<tr><th>STATUS:</th><td>401</td></tr>[\n]"
2023-12-12 00:43:59,685 [using logback-test.xml] DEBUG org.apache.hc.client5.http.wire -   - http-outgoing-11 << "<tr><th>MESSAGE:</th><td>Unauthorized</td></tr>[\n]"
2023-12-12 00:43:59,685 [using logback-test.xml] DEBUG org.apache.hc.client5.http.wire -   - http-outgoing-11 << "<tr><th>SERVLET:</th><td>-</td></tr>[\n]"
2023-12-12 00:43:59,685 [using logback-test.xml] DEBUG org.apache.hc.client5.http.wire -   - http-outgoing-11 << "</table>[\n]"
2023-12-12 00:43:59,685 [using logback-test.xml] DEBUG org.apache.hc.client5.http.wire -   - http-outgoing-11 << "<hr/><a href="https://eclipse.org/jetty">Powered by Jetty:// 10.0.15</a><hr/>[\n]"
2023-12-12 00:43:59,685 [using logback-test.xml] DEBUG org.apache.hc.client5.http.wire -   - http-outgoing-11 << "[\n]"
2023-12-12 00:43:59,685 [using logback-test.xml] DEBUG org.apache.hc.client5.http.wire -   - http-outgoing-11 << "</body>[\n]"
2023-12-12 00:43:59,685 [using logback-test.xml] DEBUG org.apache.hc.client5.http.wire -   - http-outgoing-11 << "</html>[\n]"
2023-12-12 00:43:59,685 [using logback-test.xml] DEBUG org.apache.hc.client5.http.headers -   - http-outgoing-11 << HTTP/1.1 401 Unauthorized
2023-12-12 00:43:59,685 [using logback-test.xml] DEBUG org.apache.hc.client5.http.headers -   - http-outgoing-11 << WWW-Authenticate: Digest realm="EmissaryRealm", domain="/", nonce="jnQxcSMz8m8n+3Vas6X+xE9nuOOv2Wc8", algorithm=MD5, qop="auth", stale=false
2023-12-12 00:43:59,685 [using logback-test.xml] DEBUG org.apache.hc.client5.http.headers -   - http-outgoing-11 << Cache-Control: must-revalidate,no-cache,no-store
2023-12-12 00:43:59,685 [using logback-test.xml] DEBUG org.apache.hc.client5.http.headers -   - http-outgoing-11 << Content-Type: text/html;charset=iso-8859-1
2023-12-12 00:43:59,685 [using logback-test.xml] DEBUG org.apache.hc.client5.http.headers -   - http-outgoing-11 << Content-Length: 473
2023-12-12 00:43:59,685 [using logback-test.xml] DEBUG org.apache.hc.client5.http.headers -   - http-outgoing-11 << Server: Jetty(10.0.15)
2023-12-12 00:43:59,686 [using logback-test.xml] DEBUG org.apache.hc.client5.http.impl.classic.MainClientExec -   - ex-0000000024 connection can be kept alive for 3 MINUTES
2023-12-12 00:43:59,686 [using logback-test.xml] DEBUG org.apache.hc.client5.http.impl.auth.HttpAuthenticator -   - ex-0000000024 Authentication required
2023-12-12 00:43:59,686 [using logback-test.xml] DEBUG org.apache.hc.client5.http.impl.auth.AuthCacheKeeper -   - ex-0000000024 Clearing cached auth scheme for http://localhost:7001/emissary/
2023-12-12 00:43:59,686 [using logback-test.xml] DEBUG org.apache.hc.client5.http.impl.auth.HttpAuthenticator -   - ex-0000000024 localhost:7001 requested authentication
2023-12-12 00:43:59,686 [using logback-test.xml] DEBUG org.apache.hc.client5.http.impl.DefaultAuthenticationStrategy -   - ex-0000000024 Authentication schemes in the order of preference: [Digest]
2023-12-12 00:43:59,686 [using logback-test.xml] DEBUG org.apache.hc.client5.http.impl.auth.HttpAuthenticator -   - ex-0000000024 Selecting authentication options
2023-12-12 00:43:59,686 [using logback-test.xml] DEBUG org.apache.hc.client5.http.impl.auth.HttpAuthenticator -   - ex-0000000024 Selected authentication options: [Digest{qop=auth, stale=false, domain=/, realm=EmissaryRealm, nonce=jnQxcSMz8m8n+3Vas6X+xE9nuOOv2Wc8, algorithm=MD5}]
2023-12-12 00:43:59,686 [using logback-test.xml] DEBUG org.apache.hc.client5.http.impl.classic.ProtocolExec -   - ex-0000000024 target auth state: CHALLENGED
2023-12-12 00:43:59,686 [using logback-test.xml] DEBUG org.apache.hc.client5.http.impl.auth.HttpAuthenticator -   - ex-0000000024 Generating response to an authentication challenge using Digest scheme
2023-12-12 00:43:59,686 [using logback-test.xml] DEBUG org.apache.hc.client5.http.impl.classic.ProtocolExec -   - ex-0000000024 proxy auth state: UNCHALLENGED
2023-12-12 00:43:59,686 [using logback-test.xml] DEBUG org.apache.hc.client5.http.impl.classic.MainClientExec -   - ex-0000000024 executing POST /emissary/FailDirectory.action HTTP/1.1
2023-12-12 00:43:59,686 [using logback-test.xml] DEBUG org.apache.hc.client5.http.protocol.RequestAddCookies -   - ex-0000000024 Cookie spec selected: strict
2023-12-12 00:43:59,686 [using logback-test.xml] DEBUG org.apache.hc.client5.http.impl.classic.InternalHttpClient -   - ep-0000000024 start execution ex-0000000024
2023-12-12 00:43:59,686 [using logback-test.xml] DEBUG org.apache.hc.client5.http.impl.io.PoolingHttpClientConnectionManager -   - ep-0000000024 executing exchange ex-0000000024 over http-outgoing-11
2023-12-12 00:43:59,686 [using logback-test.xml] DEBUG org.apache.hc.client5.http.headers -   - http-outgoing-11 >> POST /emissary/FailDirectory.action HTTP/1.1
2023-12-12 00:43:59,686 [using logback-test.xml] DEBUG org.apache.hc.client5.http.headers -   - http-outgoing-11 >> X-Requested-By: emissary
2023-12-12 00:43:59,686 [using logback-test.xml] DEBUG org.apache.hc.client5.http.headers -   - http-outgoing-11 >> Authorization: Digest username="emissary", realm="EmissaryRealm", nonce="jnQxcSMz8m8n+3Vas6X+xE9nuOOv2Wc8", uri="/emissary/FailDirectory.action", response="309ca0803543150d47ba4349d38c995a", qop=auth, nc=00000001, cnonce="babd30c8fbdda0fc", algorithm=MD5
2023-12-12 00:43:59,686 [using logback-test.xml] DEBUG org.apache.hc.client5.http.headers -   - http-outgoing-11 >> Content-Length: 195
2023-12-12 00:43:59,686 [using logback-test.xml] DEBUG org.apache.hc.client5.http.headers -   - http-outgoing-11 >> Content-Type: application/x-www-form-urlencoded; charset=UTF-8
2023-12-12 00:43:59,686 [using logback-test.xml] DEBUG org.apache.hc.client5.http.headers -   - http-outgoing-11 >> Host: localhost:7001
2023-12-12 00:43:59,686 [using logback-test.xml] DEBUG org.apache.hc.client5.http.headers -   - http-outgoing-11 >> Connection: keep-alive
2023-12-12 00:43:59,686 [using logback-test.xml] DEBUG org.apache.hc.client5.http.headers -   - http-outgoing-11 >> User-Agent: Apache-HttpClient/5.2.1 (Java/17.0.3)
2023-12-12 00:43:59,686 [using logback-test.xml] DEBUG org.apache.hc.client5.http.wire -   - http-outgoing-11 >> "POST /emissary/FailDirectory.action HTTP/1.1[\r][\n]"
2023-12-12 00:43:59,686 [using logback-test.xml] DEBUG org.apache.hc.client5.http.wire -   - http-outgoing-11 >> "X-Requested-By: emissary[\r][\n]"
2023-12-12 00:43:59,686 [using logback-test.xml] DEBUG org.apache.hc.client5.http.wire -   - http-outgoing-11 >> "Authorization: Digest username="emissary", realm="EmissaryRealm", nonce="jnQxcSMz8m8n+3Vas6X+xE9nuOOv2Wc8", uri="/emissary/FailDirectory.action", response="309ca0803543150d47ba4349d38c995a", qop=auth, nc=00000001, cnonce="babd30c8fbdda0fc", algorithm=MD5[\r][\n]"
2023-12-12 00:43:59,686 [using logback-test.xml] DEBUG org.apache.hc.client5.http.wire -   - http-outgoing-11 >> "Content-Length: 195[\r][\n]"
2023-12-12 00:43:59,686 [using logback-test.xml] DEBUG org.apache.hc.client5.http.wire -   - http-outgoing-11 >> "Content-Type: application/x-www-form-urlencoded; charset=UTF-8[\r][\n]"
2023-12-12 00:43:59,686 [using logback-test.xml] DEBUG org.apache.hc.client5.http.wire -   - http-outgoing-11 >> "Host: localhost:7001[\r][\n]"
2023-12-12 00:43:59,686 [using logback-test.xml] DEBUG org.apache.hc.client5.http.wire -   - http-outgoing-11 >> "Connection: keep-alive[\r][\n]"
2023-12-12 00:43:59,686 [using logback-test.xml] DEBUG org.apache.hc.client5.http.wire -   - http-outgoing-11 >> "User-Agent: Apache-HttpClient/5.2.1 (Java/17.0.3)[\r][\n]"
2023-12-12 00:43:59,686 [using logback-test.xml] DEBUG org.apache.hc.client5.http.wire -   - http-outgoing-11 >> "[\r][\n]"
2023-12-12 00:43:59,686 [using logback-test.xml] DEBUG org.apache.hc.client5.http.wire -   - http-outgoing-11 >> "targetDir=http%3A%2F%2Flocalhost%3A7001%2FDirectoryPlace&dirFailName=EMISSARY_DIRECTORY_SERVICES.DIRECTORY.STUDY.http%3A%2F%2FderegisterPlaceActionTest%3A8001%2FDirectoryPlace&dirAddPropFlag=true"
2023-12-12 00:43:59,690 [using logback-test.xml] DEBUG org.apache.hc.client5.http.wire -   - http-outgoing-11 << "HTTP/1.1 200 OK[\r][\n]"
2023-12-12 00:43:59,690 [using logback-test.xml] DEBUG org.apache.hc.client5.http.wire -   - http-outgoing-11 << "Date: Tue, 12 Dec 2023 00:43:59 GMT[\r][\n]"
2023-12-12 00:43:59,690 [using logback-test.xml] DEBUG org.apache.hc.client5.http.wire -   - http-outgoing-11 << "Content-Type: text/plain[\r][\n]"
2023-12-12 00:43:59,690 [using logback-test.xml] DEBUG org.apache.hc.client5.http.wire -   - http-outgoing-11 << "Content-Length: 234[\r][\n]"
2023-12-12 00:43:59,690 [using logback-test.xml] DEBUG org.apache.hc.client5.http.wire -   - http-outgoing-11 << "Server: Jetty(10.0.15)[\r][\n]"
2023-12-12 00:43:59,690 [using logback-test.xml] DEBUG org.apache.hc.client5.http.wire -   - http-outgoing-11 << "[\r][\n]"
2023-12-12 00:43:59,690 [using logback-test.xml] DEBUG org.apache.hc.client5.http.wire -   - http-outgoing-11 << "Modified 0 entries from EMISSARY_DIRECTORY_SERVICES.DIRECTORY.STUDY.http://localhost:7001/DirectoryPlace$5050[1] due to failure of remote EMISSARY_DIRECTORY_SERVICES.DIRECTORY.STUDY.http://deregisterPlaceActionTest:8001/DirectoryPlace"
2023-12-12 00:43:59,691 [using logback-test.xml] DEBUG org.apache.hc.client5.http.headers -   - http-outgoing-11 << HTTP/1.1 200 OK
2023-12-12 00:43:59,691 [using logback-test.xml] DEBUG org.apache.hc.client5.http.headers -   - http-outgoing-11 << Date: Tue, 12 Dec 2023 00:43:59 GMT
2023-12-12 00:43:59,691 [using logback-test.xml] DEBUG org.apache.hc.client5.http.headers -   - http-outgoing-11 << Content-Type: text/plain
2023-12-12 00:43:59,691 [using logback-test.xml] DEBUG org.apache.hc.client5.http.headers -   - http-outgoing-11 << Content-Length: 234
2023-12-12 00:43:59,691 [using logback-test.xml] DEBUG org.apache.hc.client5.http.headers -   - http-outgoing-11 << Server: Jetty(10.0.15)
2023-12-12 00:43:59,692 [using logback-test.xml] DEBUG org.apache.hc.client5.http.impl.classic.MainClientExec -   - ex-0000000024 connection can be kept alive for 3 MINUTES
2023-12-12 00:43:59,692 [using logback-test.xml] DEBUG org.apache.hc.client5.http.impl.auth.HttpAuthenticator -   - ex-0000000024 Authentication succeeded
2023-12-12 00:43:59,692 [using logback-test.xml] DEBUG org.apache.hc.client5.http.impl.classic.InternalHttpClient -   - ep-0000000024 releasing valid endpoint
2023-12-12 00:43:59,692 [using logback-test.xml] DEBUG org.apache.hc.client5.http.impl.io.PoolingHttpClientConnectionManager -   - ep-0000000024 releasing endpoint
2023-12-12 00:43:59,692 [using logback-test.xml] DEBUG org.apache.hc.client5.http.impl.io.PoolingHttpClientConnectionManager -   - ep-0000000024 connection http-outgoing-11 can be kept alive for 3 MINUTES
2023-12-12 00:43:59,692 [using logback-test.xml] DEBUG org.apache.hc.client5.http.impl.io.PoolingHttpClientConnectionManager -   - ep-0000000024 connection released [route: {}->http://localhost:7001][total available: 1; route allocated: 1 of 5; total allocated: 1 of 200]
2023-12-12 00:43:59,692 [using logback-test.xml]  INFO emissary.directory.DirectoryPlace -   - Done shutting down DirectoryPlace
]]></system-out>
    <system-err><![CDATA[Dec 12, 2023 12:43:59 AM org.glassfish.jersey.test.jetty.JettyTestContainerFactory$JettyTestContainer <init>
INFO: Creating JettyTestContainer configured at the base URI http://localhost:<AVAILABLE-PORT>/
Dec 12, 2023 12:43:59 AM org.glassfish.jersey.test.jetty.JettyTestContainerFactory$JettyTestContainer start
INFO: Started JettyTestContainer at the base URI http://localhost:64739/
]]></system-err>
  </testcase>
  <testcase name="cleanParams(String)[3]" classname="emissary.server.mvc.internal.DeregisterPlaceActionTest" time="0.058">
    <system-out><![CDATA[2023-12-12 00:43:59,693 [using logback-test.xml]  INFO emissary.command.BaseCommand -   - PROJECT_BASE is set to /Users/connor/Projects/work/emissary/target 
2023-12-12 00:43:59,693 [using logback-test.xml]  INFO emissary.command.BaseCommand -   - Setting emissary.config.dir to /Users/connor/Projects/work/emissary/target/config 
2023-12-12 00:43:59,693 [using logback-test.xml]  INFO emissary.command.BaseCommand -   - Setting emissary.bin.dir to /Users/connor/Projects/work/emissary/target/bin 
2023-12-12 00:43:59,693 [using logback-test.xml]  INFO emissary.command.BaseCommand -   - Setting emissary.output.root to /Users/connor/Projects/work/emissary/target/localoutput 
2023-12-12 00:43:59,693 [using logback-test.xml]  INFO emissary.command.BaseCommand -   - Emissary error dir set to /Users/connor/Projects/work/emissary/target/localerror 
2023-12-12 00:43:59,693 [using logback-test.xml]  INFO emissary.command.BaseCommand -   - Setting emissary.node.name to localhost 
2023-12-12 00:43:59,693 [using logback-test.xml]  INFO emissary.command.BaseCommand -   - Setting emissary.node.port to 8001 
2023-12-12 00:43:59,693 [using logback-test.xml]  INFO emissary.command.BaseCommand -   - Setting emissary.node.scheme to http 
2023-12-12 00:43:59,693 [using logback-test.xml]  WARN emissary.command.BaseCommand -   - Not using /Users/connor/Projects/work/emissary/target/config/logback.xml, staying with test config file:/Users/connor/Projects/work/emissary/target/test-classes/logback-test.xml
2023-12-12 00:43:59,694 [using logback-test.xml]  INFO emissary.command.BaseCommand -   - Overriding current emissary.config.flavor null to CLUSTER 
2023-12-12 00:43:59,694 [using logback-test.xml]  INFO emissary.command.BaseCommand -   - PROJECT_BASE is set to /Users/connor/Projects/work/emissary/target 
2023-12-12 00:43:59,695 [using logback-test.xml]  INFO emissary.command.BaseCommand -   - Setting emissary.config.dir to /Users/connor/Projects/work/emissary/target/config 
2023-12-12 00:43:59,695 [using logback-test.xml]  INFO emissary.command.BaseCommand -   - Setting emissary.bin.dir to /Users/connor/Projects/work/emissary/target/bin 
2023-12-12 00:43:59,695 [using logback-test.xml]  INFO emissary.command.BaseCommand -   - Setting emissary.output.root to /Users/connor/Projects/work/emissary/target/localoutput 
2023-12-12 00:43:59,695 [using logback-test.xml]  INFO emissary.command.BaseCommand -   - Emissary error dir set to /Users/connor/Projects/work/emissary/target/localerror 
2023-12-12 00:43:59,695 [using logback-test.xml]  INFO emissary.command.BaseCommand -   - Setting emissary.config.flavor to CLUSTER 
2023-12-12 00:43:59,695 [using logback-test.xml]  INFO emissary.command.BaseCommand -   - Setting emissary.node.name to localhost 
2023-12-12 00:43:59,695 [using logback-test.xml]  INFO emissary.command.BaseCommand -   - Setting emissary.node.port to 8001 
2023-12-12 00:43:59,695 [using logback-test.xml]  INFO emissary.command.BaseCommand -   - Setting emissary.node.scheme to http 
2023-12-12 00:43:59,695 [using logback-test.xml]  WARN emissary.command.BaseCommand -   - Not using /Users/connor/Projects/work/emissary/target/config/logback.xml, staying with test config file:/Users/connor/Projects/work/emissary/target/test-classes/logback-test.xml
2023-12-12 00:43:59,695 [using logback-test.xml]  INFO emissary.command.BaseCommand -   - Overriding current emissary.config.flavor CLUSTER to CLUSTER 
2023-12-12 00:43:59,732 [using logback-test.xml] DEBUG emissary.config.ConfigUtil -   - Attempting flavor merge on <none>-CLUSTER
2023-12-12 00:43:59,732 [using logback-test.xml] DEBUG emissary.config.ConfigUtil -   - Loading config for (string) <none>-CLUSTER
2023-12-12 00:43:59,732 [using logback-test.xml] DEBUG emissary.config.ConfigUtil -   - No file config found using new style <none>-CLUSTER
2023-12-12 00:43:59,732 [using logback-test.xml] DEBUG emissary.config.ConfigUtil -   - No config data as resource for emissary/place/<none>-CLUSTER
2023-12-12 00:43:59,732 [using logback-test.xml] DEBUG emissary.config.ConfigUtil -   - No config data as resource for <none>-CLUSTER
2023-12-12 00:43:59,732 [using logback-test.xml] DEBUG emissary.config.ConfigUtil -   - No file config found using old style <none>-CLUSTER.cfg
2023-12-12 00:43:59,732 [using logback-test.xml] DEBUG emissary.config.ConfigUtil -   - Unable to opt import flavor config <none>-CLUSTER
2023-12-12 00:43:59,734 [using logback-test.xml] DEBUG emissary.config.ConfigUtil -   - Loading config for (string) peer-TestNode-1234567.cfg
2023-12-12 00:43:59,734 [using logback-test.xml] DEBUG emissary.config.ConfigUtil -   - No file config found using new style peer-TestNode-1234567.cfg
2023-12-12 00:43:59,734 [using logback-test.xml] DEBUG emissary.config.ConfigUtil -   - No config data as resource for emissary/place/peer-TestNode-1234567.cfg
2023-12-12 00:43:59,734 [using logback-test.xml] DEBUG emissary.config.ConfigUtil -   - No config data as resource for peer-TestNode-1234567.cfg
2023-12-12 00:43:59,734 [using logback-test.xml] DEBUG emissary.config.ConfigUtil -   - No file config found using old style peer-TestNode-1234567.cfg
2023-12-12 00:43:59,734 [using logback-test.xml] DEBUG emissary.config.ConfigUtil -   - Preference peer-TestNode-1234567.cfg not found
2023-12-12 00:43:59,734 [using logback-test.xml] DEBUG emissary.config.ConfigUtil -   - Loading config for (string) peer-TestNode.cfg
2023-12-12 00:43:59,734 [using logback-test.xml] DEBUG emissary.config.ConfigUtil -   - No file config found using new style peer-TestNode.cfg
2023-12-12 00:43:59,734 [using logback-test.xml] DEBUG emissary.config.ConfigUtil -   - No config data as resource for emissary/place/peer-TestNode.cfg
2023-12-12 00:43:59,734 [using logback-test.xml] DEBUG emissary.config.ConfigUtil -   - No config data as resource for peer-TestNode.cfg
2023-12-12 00:43:59,734 [using logback-test.xml] DEBUG emissary.config.ConfigUtil -   - No file config found using old style peer-TestNode.cfg
2023-12-12 00:43:59,734 [using logback-test.xml] DEBUG emissary.config.ConfigUtil -   - Preference peer-TestNode.cfg not found
2023-12-12 00:43:59,734 [using logback-test.xml] DEBUG emissary.config.ConfigUtil -   - Loading config for (string) peer-1234567.cfg
2023-12-12 00:43:59,734 [using logback-test.xml] DEBUG emissary.config.ConfigUtil -   - No file config found using new style peer-1234567.cfg
2023-12-12 00:43:59,734 [using logback-test.xml] DEBUG emissary.config.ConfigUtil -   - No config data as resource for emissary/place/peer-1234567.cfg
2023-12-12 00:43:59,734 [using logback-test.xml] DEBUG emissary.config.ConfigUtil -   - No config data as resource for peer-1234567.cfg
2023-12-12 00:43:59,734 [using logback-test.xml] DEBUG emissary.config.ConfigUtil -   - No file config found using old style peer-1234567.cfg
2023-12-12 00:43:59,734 [using logback-test.xml] DEBUG emissary.config.ConfigUtil -   - Preference peer-1234567.cfg not found
2023-12-12 00:43:59,734 [using logback-test.xml] DEBUG emissary.config.ConfigUtil -   - Loading config for (string) peer-mac_os_x.cfg
2023-12-12 00:43:59,734 [using logback-test.xml] DEBUG emissary.config.ConfigUtil -   - No file config found using new style peer-mac_os_x.cfg
2023-12-12 00:43:59,734 [using logback-test.xml] DEBUG emissary.config.ConfigUtil -   - No config data as resource for emissary/place/peer-mac_os_x.cfg
2023-12-12 00:43:59,734 [using logback-test.xml] DEBUG emissary.config.ConfigUtil -   - No config data as resource for peer-mac_os_x.cfg
2023-12-12 00:43:59,734 [using logback-test.xml] DEBUG emissary.config.ConfigUtil -   - No file config found using old style peer-mac_os_x.cfg
2023-12-12 00:43:59,734 [using logback-test.xml] DEBUG emissary.config.ConfigUtil -   - Preference peer-mac_os_x.cfg not found
2023-12-12 00:43:59,734 [using logback-test.xml] DEBUG emissary.config.ConfigUtil -   - Loading config for (string) peer.cfg
2023-12-12 00:43:59,734 [using logback-test.xml] DEBUG emissary.config.ConfigUtil -   - Found config data as file /Users/connor/Projects/work/emissary/target/config/peer.cfg
2023-12-12 00:43:59,734 [using logback-test.xml] DEBUG emissary.config.ConfigUtil -   - Attempting flavor merge on peer-CLUSTER.cfg
2023-12-12 00:43:59,734 [using logback-test.xml] DEBUG emissary.config.ConfigUtil -   - Loading config for (string) peer-CLUSTER.cfg
2023-12-12 00:43:59,734 [using logback-test.xml] DEBUG emissary.config.ConfigUtil -   - No file config found using new style peer-CLUSTER.cfg
2023-12-12 00:43:59,734 [using logback-test.xml] DEBUG emissary.config.ConfigUtil -   - No config data as resource for emissary/place/peer-CLUSTER.cfg
2023-12-12 00:43:59,734 [using logback-test.xml] DEBUG emissary.config.ConfigUtil -   - No config data as resource for peer-CLUSTER.cfg
2023-12-12 00:43:59,734 [using logback-test.xml] DEBUG emissary.config.ConfigUtil -   - No file config found using old style peer-CLUSTER.cfg
2023-12-12 00:43:59,734 [using logback-test.xml] DEBUG emissary.config.ConfigUtil -   - Unable to opt import flavor config peer-CLUSTER.cfg
2023-12-12 00:43:59,743 [using logback-test.xml] ERROR emissary.server.mvc.internal.DeregisterPlaceAction -   - No directory found using name _
2023-12-12 00:43:59,744 [using logback-test.xml] DEBUG org.apache.hc.client5.http.impl.classic.InternalHttpClient -   - ex-0000000025 preparing request execution
2023-12-12 00:43:59,744 [using logback-test.xml] DEBUG org.apache.hc.client5.http.impl.classic.ProtocolExec -   - ex-0000000025 target auth state: UNCHALLENGED
2023-12-12 00:43:59,744 [using logback-test.xml] DEBUG org.apache.hc.client5.http.impl.classic.ProtocolExec -   - ex-0000000025 proxy auth state: UNCHALLENGED
2023-12-12 00:43:59,744 [using logback-test.xml] DEBUG org.apache.hc.client5.http.impl.classic.ConnectExec -   - ex-0000000025 acquiring connection with route {}->http://localhost:8001
2023-12-12 00:43:59,744 [using logback-test.xml] DEBUG org.apache.hc.client5.http.impl.classic.InternalHttpClient -   - ex-0000000025 acquiring endpoint (300000 MILLISECONDS)
2023-12-12 00:43:59,744 [using logback-test.xml] DEBUG org.apache.hc.client5.http.impl.io.PoolingHttpClientConnectionManager -   - ex-0000000025 endpoint lease request (300000 MILLISECONDS) [route: {}->http://localhost:8001][total available: 1; route allocated: 0 of 5; total allocated: 1 of 200]
2023-12-12 00:43:59,744 [using logback-test.xml] DEBUG org.apache.hc.client5.http.impl.io.PoolingHttpClientConnectionManager -   - ex-0000000025 endpoint leased [route: {}->http://localhost:8001][total available: 1; route allocated: 1 of 5; total allocated: 2 of 200]
2023-12-12 00:43:59,744 [using logback-test.xml] DEBUG org.apache.hc.client5.http.impl.io.PoolingHttpClientConnectionManager -   - ex-0000000025 acquired ep-0000000025
2023-12-12 00:43:59,744 [using logback-test.xml] DEBUG org.apache.hc.client5.http.impl.classic.InternalHttpClient -   - ex-0000000025 acquired endpoint ep-0000000025
2023-12-12 00:43:59,744 [using logback-test.xml] DEBUG org.apache.hc.client5.http.impl.classic.ConnectExec -   - ex-0000000025 opening connection {}->http://localhost:8001
2023-12-12 00:43:59,744 [using logback-test.xml] DEBUG org.apache.hc.client5.http.impl.classic.InternalHttpClient -   - ep-0000000025 connecting endpoint (null)
2023-12-12 00:43:59,744 [using logback-test.xml] DEBUG org.apache.hc.client5.http.impl.io.PoolingHttpClientConnectionManager -   - ep-0000000025 connecting endpoint to http://localhost:8001 (600000 MILLISECONDS)
2023-12-12 00:43:59,744 [using logback-test.xml] DEBUG org.apache.hc.client5.http.impl.io.DefaultHttpClientConnectionOperator -   - localhost resolving remote address
2023-12-12 00:43:59,744 [using logback-test.xml] DEBUG org.apache.hc.client5.http.impl.io.DefaultHttpClientConnectionOperator -   - localhost resolved to [localhost/127.0.0.1]
2023-12-12 00:43:59,744 [using logback-test.xml] DEBUG org.apache.hc.client5.http.impl.io.DefaultHttpClientConnectionOperator -   - localhost:8001 connecting null->localhost/127.0.0.1:8001 (600000 MILLISECONDS)
2023-12-12 00:43:59,745 [using logback-test.xml] DEBUG org.apache.hc.client5.http.impl.io.DefaultHttpClientConnectionOperator -   - localhost:8001 connection to localhost/127.0.0.1:8001 failed (class java.net.ConnectException); terminating operation
2023-12-12 00:43:59,745 [using logback-test.xml] DEBUG org.apache.hc.client5.http.impl.io.DefaultManagedHttpClientConnection -   - http-outgoing-20 close connection IMMEDIATE
2023-12-12 00:43:59,745 [using logback-test.xml] DEBUG org.apache.hc.client5.http.impl.classic.InternalHttpClient -   - ep-0000000025 endpoint closed
2023-12-12 00:43:59,745 [using logback-test.xml] DEBUG org.apache.hc.client5.http.impl.classic.InternalHttpClient -   - ep-0000000025 discarding endpoint
2023-12-12 00:43:59,745 [using logback-test.xml] DEBUG org.apache.hc.client5.http.impl.io.PoolingHttpClientConnectionManager -   - ep-0000000025 releasing endpoint
2023-12-12 00:43:59,745 [using logback-test.xml] DEBUG org.apache.hc.client5.http.impl.io.PoolingHttpClientConnectionManager -   - ep-0000000025 connection is not kept alive
2023-12-12 00:43:59,745 [using logback-test.xml] DEBUG org.apache.hc.client5.http.impl.io.PoolingHttpClientConnectionManager -   - ep-0000000025 connection released [route: {}->http://localhost:8001][total available: 1; route allocated: 0 of 5; total allocated: 1 of 200]
2023-12-12 00:43:59,745 [using logback-test.xml] DEBUG org.apache.hc.client5.http.impl.classic.InternalHttpClient -   - ex-0000000026 preparing request execution
2023-12-12 00:43:59,745 [using logback-test.xml] DEBUG org.apache.hc.client5.http.impl.classic.ProtocolExec -   - ex-0000000026 target auth state: UNCHALLENGED
2023-12-12 00:43:59,745 [using logback-test.xml] DEBUG org.apache.hc.client5.http.impl.classic.ProtocolExec -   - ex-0000000026 proxy auth state: UNCHALLENGED
2023-12-12 00:43:59,745 [using logback-test.xml] DEBUG org.apache.hc.client5.http.impl.classic.ConnectExec -   - ex-0000000026 acquiring connection with route {}->http://localhost:9001
2023-12-12 00:43:59,745 [using logback-test.xml] DEBUG org.apache.hc.client5.http.impl.classic.InternalHttpClient -   - ex-0000000026 acquiring endpoint (300000 MILLISECONDS)
2023-12-12 00:43:59,745 [using logback-test.xml] DEBUG org.apache.hc.client5.http.impl.io.PoolingHttpClientConnectionManager -   - ex-0000000026 endpoint lease request (300000 MILLISECONDS) [route: {}->http://localhost:9001][total available: 1; route allocated: 0 of 5; total allocated: 1 of 200]
2023-12-12 00:43:59,745 [using logback-test.xml] DEBUG org.apache.hc.client5.http.impl.io.PoolingHttpClientConnectionManager -   - ex-0000000026 endpoint leased [route: {}->http://localhost:9001][total available: 1; route allocated: 1 of 5; total allocated: 2 of 200]
2023-12-12 00:43:59,745 [using logback-test.xml] DEBUG org.apache.hc.client5.http.impl.io.PoolingHttpClientConnectionManager -   - ex-0000000026 acquired ep-0000000026
2023-12-12 00:43:59,745 [using logback-test.xml] DEBUG org.apache.hc.client5.http.impl.classic.InternalHttpClient -   - ex-0000000026 acquired endpoint ep-0000000026
2023-12-12 00:43:59,745 [using logback-test.xml] DEBUG org.apache.hc.client5.http.impl.classic.ConnectExec -   - ex-0000000026 opening connection {}->http://localhost:9001
2023-12-12 00:43:59,745 [using logback-test.xml] DEBUG org.apache.hc.client5.http.impl.classic.InternalHttpClient -   - ep-0000000026 connecting endpoint (null)
2023-12-12 00:43:59,745 [using logback-test.xml] DEBUG org.apache.hc.client5.http.impl.io.PoolingHttpClientConnectionManager -   - ep-0000000026 connecting endpoint to http://localhost:9001 (600000 MILLISECONDS)
2023-12-12 00:43:59,745 [using logback-test.xml] DEBUG org.apache.hc.client5.http.impl.io.DefaultHttpClientConnectionOperator -   - localhost resolving remote address
2023-12-12 00:43:59,745 [using logback-test.xml] DEBUG org.apache.hc.client5.http.impl.io.DefaultHttpClientConnectionOperator -   - localhost resolved to [localhost/127.0.0.1]
2023-12-12 00:43:59,746 [using logback-test.xml] DEBUG org.apache.hc.client5.http.impl.io.DefaultHttpClientConnectionOperator -   - localhost:9001 connecting null->localhost/127.0.0.1:9001 (600000 MILLISECONDS)
2023-12-12 00:43:59,746 [using logback-test.xml] DEBUG org.apache.hc.client5.http.impl.io.DefaultHttpClientConnectionOperator -   - localhost:9001 connection to localhost/127.0.0.1:9001 failed (class java.net.ConnectException); terminating operation
2023-12-12 00:43:59,746 [using logback-test.xml] DEBUG org.apache.hc.client5.http.impl.io.DefaultManagedHttpClientConnection -   - http-outgoing-21 close connection IMMEDIATE
2023-12-12 00:43:59,746 [using logback-test.xml] DEBUG org.apache.hc.client5.http.impl.classic.InternalHttpClient -   - ep-0000000026 endpoint closed
2023-12-12 00:43:59,746 [using logback-test.xml] DEBUG org.apache.hc.client5.http.impl.classic.InternalHttpClient -   - ep-0000000026 discarding endpoint
2023-12-12 00:43:59,746 [using logback-test.xml] DEBUG org.apache.hc.client5.http.impl.io.PoolingHttpClientConnectionManager -   - ep-0000000026 releasing endpoint
2023-12-12 00:43:59,746 [using logback-test.xml] DEBUG org.apache.hc.client5.http.impl.io.PoolingHttpClientConnectionManager -   - ep-0000000026 connection is not kept alive
2023-12-12 00:43:59,746 [using logback-test.xml] DEBUG org.apache.hc.client5.http.impl.io.PoolingHttpClientConnectionManager -   - ep-0000000026 connection released [route: {}->http://localhost:9001][total available: 1; route allocated: 0 of 5; total allocated: 1 of 200]
2023-12-12 00:43:59,748 [using logback-test.xml] DEBUG org.apache.hc.client5.http.impl.classic.InternalHttpClient -   - ex-0000000027 preparing request execution
2023-12-12 00:43:59,748 [using logback-test.xml] DEBUG org.apache.hc.client5.http.impl.classic.ProtocolExec -   - ex-0000000027 target auth state: UNCHALLENGED
2023-12-12 00:43:59,748 [using logback-test.xml] DEBUG org.apache.hc.client5.http.impl.classic.ProtocolExec -   - ex-0000000027 proxy auth state: UNCHALLENGED
2023-12-12 00:43:59,748 [using logback-test.xml] DEBUG org.apache.hc.client5.http.impl.classic.ConnectExec -   - ex-0000000027 acquiring connection with route {}->http://localhost:7001
2023-12-12 00:43:59,748 [using logback-test.xml] DEBUG org.apache.hc.client5.http.impl.classic.InternalHttpClient -   - ex-0000000027 acquiring endpoint (300000 MILLISECONDS)
2023-12-12 00:43:59,748 [using logback-test.xml] DEBUG org.apache.hc.client5.http.impl.io.PoolingHttpClientConnectionManager -   - ex-0000000027 endpoint lease request (300000 MILLISECONDS) [route: {}->http://localhost:7001][total available: 1; route allocated: 1 of 5; total allocated: 1 of 200]
2023-12-12 00:43:59,748 [using logback-test.xml] DEBUG org.apache.hc.client5.http.impl.io.PoolingHttpClientConnectionManager -   - ex-0000000027 endpoint leased [route: {}->http://localhost:7001][total available: 0; route allocated: 1 of 5; total allocated: 1 of 200]
2023-12-12 00:43:59,748 [using logback-test.xml] DEBUG org.apache.hc.client5.http.impl.io.PoolingHttpClientConnectionManager -   - ex-0000000027 acquired ep-0000000027
2023-12-12 00:43:59,748 [using logback-test.xml] DEBUG org.apache.hc.client5.http.impl.classic.InternalHttpClient -   - ex-0000000027 acquired endpoint ep-0000000027
2023-12-12 00:43:59,748 [using logback-test.xml] DEBUG org.apache.hc.client5.http.impl.classic.MainClientExec -   - ex-0000000027 executing POST /emissary/FailDirectory.action HTTP/1.1
2023-12-12 00:43:59,748 [using logback-test.xml] DEBUG org.apache.hc.client5.http.protocol.RequestAddCookies -   - ex-0000000027 Cookie spec selected: strict
2023-12-12 00:43:59,748 [using logback-test.xml] DEBUG org.apache.hc.client5.http.impl.classic.InternalHttpClient -   - ep-0000000027 start execution ex-0000000027
2023-12-12 00:43:59,748 [using logback-test.xml] DEBUG org.apache.hc.client5.http.impl.io.PoolingHttpClientConnectionManager -   - ep-0000000027 executing exchange ex-0000000027 over http-outgoing-11
2023-12-12 00:43:59,748 [using logback-test.xml] DEBUG org.apache.hc.client5.http.headers -   - http-outgoing-11 >> POST /emissary/FailDirectory.action HTTP/1.1
2023-12-12 00:43:59,748 [using logback-test.xml] DEBUG org.apache.hc.client5.http.headers -   - http-outgoing-11 >> X-Requested-By: emissary
2023-12-12 00:43:59,748 [using logback-test.xml] DEBUG org.apache.hc.client5.http.headers -   - http-outgoing-11 >> Accept-Encoding: gzip, x-gzip, deflate
2023-12-12 00:43:59,748 [using logback-test.xml] DEBUG org.apache.hc.client5.http.headers -   - http-outgoing-11 >> Content-Length: 195
2023-12-12 00:43:59,748 [using logback-test.xml] DEBUG org.apache.hc.client5.http.headers -   - http-outgoing-11 >> Content-Type: application/x-www-form-urlencoded; charset=UTF-8
2023-12-12 00:43:59,748 [using logback-test.xml] DEBUG org.apache.hc.client5.http.headers -   - http-outgoing-11 >> Host: localhost:7001
2023-12-12 00:43:59,748 [using logback-test.xml] DEBUG org.apache.hc.client5.http.headers -   - http-outgoing-11 >> Connection: keep-alive
2023-12-12 00:43:59,748 [using logback-test.xml] DEBUG org.apache.hc.client5.http.headers -   - http-outgoing-11 >> User-Agent: Apache-HttpClient/5.2.1 (Java/17.0.3)
2023-12-12 00:43:59,749 [using logback-test.xml] DEBUG org.apache.hc.client5.http.wire -   - http-outgoing-11 >> "POST /emissary/FailDirectory.action HTTP/1.1[\r][\n]"
2023-12-12 00:43:59,749 [using logback-test.xml] DEBUG org.apache.hc.client5.http.wire -   - http-outgoing-11 >> "X-Requested-By: emissary[\r][\n]"
2023-12-12 00:43:59,749 [using logback-test.xml] DEBUG org.apache.hc.client5.http.wire -   - http-outgoing-11 >> "Accept-Encoding: gzip, x-gzip, deflate[\r][\n]"
2023-12-12 00:43:59,749 [using logback-test.xml] DEBUG org.apache.hc.client5.http.wire -   - http-outgoing-11 >> "Content-Length: 195[\r][\n]"
2023-12-12 00:43:59,749 [using logback-test.xml] DEBUG org.apache.hc.client5.http.wire -   - http-outgoing-11 >> "Content-Type: application/x-www-form-urlencoded; charset=UTF-8[\r][\n]"
2023-12-12 00:43:59,749 [using logback-test.xml] DEBUG org.apache.hc.client5.http.wire -   - http-outgoing-11 >> "Host: localhost:7001[\r][\n]"
2023-12-12 00:43:59,749 [using logback-test.xml] DEBUG org.apache.hc.client5.http.wire -   - http-outgoing-11 >> "Connection: keep-alive[\r][\n]"
2023-12-12 00:43:59,749 [using logback-test.xml] DEBUG org.apache.hc.client5.http.wire -   - http-outgoing-11 >> "User-Agent: Apache-HttpClient/5.2.1 (Java/17.0.3)[\r][\n]"
2023-12-12 00:43:59,749 [using logback-test.xml] DEBUG org.apache.hc.client5.http.wire -   - http-outgoing-11 >> "[\r][\n]"
2023-12-12 00:43:59,749 [using logback-test.xml] DEBUG org.apache.hc.client5.http.wire -   - http-outgoing-11 >> "targetDir=http%3A%2F%2Flocalhost%3A7001%2FDirectoryPlace&dirFailName=EMISSARY_DIRECTORY_SERVICES.DIRECTORY.STUDY.http%3A%2F%2FderegisterPlaceActionTest%3A8001%2FDirectoryPlace&dirAddPropFlag=true"
2023-12-12 00:43:59,751 [using logback-test.xml] DEBUG org.apache.hc.client5.http.wire -   - http-outgoing-11 << "HTTP/1.1 401 Unauthorized[\r][\n]"
2023-12-12 00:43:59,751 [using logback-test.xml] DEBUG org.apache.hc.client5.http.wire -   - http-outgoing-11 << "WWW-Authenticate: Digest realm="EmissaryRealm", domain="/", nonce="cMZr9AvyxET6vOK2/LSSTn7nuDAsPW5W", algorithm=MD5, qop="auth", stale=false[\r][\n]"
2023-12-12 00:43:59,751 [using logback-test.xml] DEBUG org.apache.hc.client5.http.wire -   - http-outgoing-11 << "Cache-Control: must-revalidate,no-cache,no-store[\r][\n]"
2023-12-12 00:43:59,751 [using logback-test.xml] DEBUG org.apache.hc.client5.http.wire -   - http-outgoing-11 << "Content-Type: text/html;charset=iso-8859-1[\r][\n]"
2023-12-12 00:43:59,751 [using logback-test.xml] DEBUG org.apache.hc.client5.http.wire -   - http-outgoing-11 << "Content-Length: 473[\r][\n]"
2023-12-12 00:43:59,751 [using logback-test.xml] DEBUG org.apache.hc.client5.http.wire -   - http-outgoing-11 << "Server: Jetty(10.0.15)[\r][\n]"
2023-12-12 00:43:59,751 [using logback-test.xml] DEBUG org.apache.hc.client5.http.wire -   - http-outgoing-11 << "[\r][\n]"
2023-12-12 00:43:59,751 [using logback-test.xml] DEBUG org.apache.hc.client5.http.wire -   - http-outgoing-11 << "<html>[\n]"
2023-12-12 00:43:59,751 [using logback-test.xml] DEBUG org.apache.hc.client5.http.wire -   - http-outgoing-11 << "<head>[\n]"
2023-12-12 00:43:59,751 [using logback-test.xml] DEBUG org.apache.hc.client5.http.wire -   - http-outgoing-11 << "<meta http-equiv="Content-Type" content="text/html;charset=ISO-8859-1"/>[\n]"
2023-12-12 00:43:59,751 [using logback-test.xml] DEBUG org.apache.hc.client5.http.wire -   - http-outgoing-11 << "<title>Error 401 Unauthorized</title>[\n]"
2023-12-12 00:43:59,751 [using logback-test.xml] DEBUG org.apache.hc.client5.http.wire -   - http-outgoing-11 << "</head>[\n]"
2023-12-12 00:43:59,751 [using logback-test.xml] DEBUG org.apache.hc.client5.http.wire -   - http-outgoing-11 << "<body><h2>HTTP ERROR 401 Unauthorized</h2>[\n]"
2023-12-12 00:43:59,751 [using logback-test.xml] DEBUG org.apache.hc.client5.http.wire -   - http-outgoing-11 << "<table>[\n]"
2023-12-12 00:43:59,751 [using logback-test.xml] DEBUG org.apache.hc.client5.http.wire -   - http-outgoing-11 << "<tr><th>URI:</th><td>/emissary/FailDirectory.action</td></tr>[\n]"
2023-12-12 00:43:59,751 [using logback-test.xml] DEBUG org.apache.hc.client5.http.wire -   - http-outgoing-11 << "<tr><th>STATUS:</th><td>401</td></tr>[\n]"
2023-12-12 00:43:59,751 [using logback-test.xml] DEBUG org.apache.hc.client5.http.wire -   - http-outgoing-11 << "<tr><th>MESSAGE:</th><td>Unauthorized</td></tr>[\n]"
2023-12-12 00:43:59,751 [using logback-test.xml] DEBUG org.apache.hc.client5.http.wire -   - http-outgoing-11 << "<tr><th>SERVLET:</th><td>-</td></tr>[\n]"
2023-12-12 00:43:59,751 [using logback-test.xml] DEBUG org.apache.hc.client5.http.wire -   - http-outgoing-11 << "</table>[\n]"
2023-12-12 00:43:59,751 [using logback-test.xml] DEBUG org.apache.hc.client5.http.wire -   - http-outgoing-11 << "<hr/><a href="https://eclipse.org/jetty">Powered by Jetty:// 10.0.15</a><hr/>[\n]"
2023-12-12 00:43:59,751 [using logback-test.xml] DEBUG org.apache.hc.client5.http.wire -   - http-outgoing-11 << "[\n]"
2023-12-12 00:43:59,751 [using logback-test.xml] DEBUG org.apache.hc.client5.http.wire -   - http-outgoing-11 << "</body>[\n]"
2023-12-12 00:43:59,751 [using logback-test.xml] DEBUG org.apache.hc.client5.http.wire -   - http-outgoing-11 << "</html>[\n]"
2023-12-12 00:43:59,751 [using logback-test.xml] DEBUG org.apache.hc.client5.http.headers -   - http-outgoing-11 << HTTP/1.1 401 Unauthorized
2023-12-12 00:43:59,751 [using logback-test.xml] DEBUG org.apache.hc.client5.http.headers -   - http-outgoing-11 << WWW-Authenticate: Digest realm="EmissaryRealm", domain="/", nonce="cMZr9AvyxET6vOK2/LSSTn7nuDAsPW5W", algorithm=MD5, qop="auth", stale=false
2023-12-12 00:43:59,751 [using logback-test.xml] DEBUG org.apache.hc.client5.http.headers -   - http-outgoing-11 << Cache-Control: must-revalidate,no-cache,no-store
2023-12-12 00:43:59,751 [using logback-test.xml] DEBUG org.apache.hc.client5.http.headers -   - http-outgoing-11 << Content-Type: text/html;charset=iso-8859-1
2023-12-12 00:43:59,751 [using logback-test.xml] DEBUG org.apache.hc.client5.http.headers -   - http-outgoing-11 << Content-Length: 473
2023-12-12 00:43:59,751 [using logback-test.xml] DEBUG org.apache.hc.client5.http.headers -   - http-outgoing-11 << Server: Jetty(10.0.15)
2023-12-12 00:43:59,751 [using logback-test.xml] DEBUG org.apache.hc.client5.http.impl.classic.MainClientExec -   - ex-0000000027 connection can be kept alive for 3 MINUTES
2023-12-12 00:43:59,751 [using logback-test.xml] DEBUG org.apache.hc.client5.http.impl.auth.HttpAuthenticator -   - ex-0000000027 Authentication required
2023-12-12 00:43:59,751 [using logback-test.xml] DEBUG org.apache.hc.client5.http.impl.auth.AuthCacheKeeper -   - ex-0000000027 Clearing cached auth scheme for http://localhost:7001/emissary/
2023-12-12 00:43:59,751 [using logback-test.xml] DEBUG org.apache.hc.client5.http.impl.auth.HttpAuthenticator -   - ex-0000000027 localhost:7001 requested authentication
2023-12-12 00:43:59,751 [using logback-test.xml] DEBUG org.apache.hc.client5.http.impl.DefaultAuthenticationStrategy -   - ex-0000000027 Authentication schemes in the order of preference: [Digest]
2023-12-12 00:43:59,751 [using logback-test.xml] DEBUG org.apache.hc.client5.http.impl.auth.HttpAuthenticator -   - ex-0000000027 Selecting authentication options
2023-12-12 00:43:59,751 [using logback-test.xml] DEBUG org.apache.hc.client5.http.impl.auth.HttpAuthenticator -   - ex-0000000027 Selected authentication options: [Digest{qop=auth, stale=false, domain=/, realm=EmissaryRealm, nonce=cMZr9AvyxET6vOK2/LSSTn7nuDAsPW5W, algorithm=MD5}]
2023-12-12 00:43:59,751 [using logback-test.xml] DEBUG org.apache.hc.client5.http.impl.classic.ProtocolExec -   - ex-0000000027 target auth state: CHALLENGED
2023-12-12 00:43:59,751 [using logback-test.xml] DEBUG org.apache.hc.client5.http.impl.auth.HttpAuthenticator -   - ex-0000000027 Generating response to an authentication challenge using Digest scheme
2023-12-12 00:43:59,751 [using logback-test.xml] DEBUG org.apache.hc.client5.http.impl.classic.ProtocolExec -   - ex-0000000027 proxy auth state: UNCHALLENGED
2023-12-12 00:43:59,751 [using logback-test.xml] DEBUG org.apache.hc.client5.http.impl.classic.MainClientExec -   - ex-0000000027 executing POST /emissary/FailDirectory.action HTTP/1.1
2023-12-12 00:43:59,751 [using logback-test.xml] DEBUG org.apache.hc.client5.http.protocol.RequestAddCookies -   - ex-0000000027 Cookie spec selected: strict
2023-12-12 00:43:59,751 [using logback-test.xml] DEBUG org.apache.hc.client5.http.impl.classic.InternalHttpClient -   - ep-0000000027 start execution ex-0000000027
2023-12-12 00:43:59,751 [using logback-test.xml] DEBUG org.apache.hc.client5.http.impl.io.PoolingHttpClientConnectionManager -   - ep-0000000027 executing exchange ex-0000000027 over http-outgoing-11
2023-12-12 00:43:59,751 [using logback-test.xml] DEBUG org.apache.hc.client5.http.headers -   - http-outgoing-11 >> POST /emissary/FailDirectory.action HTTP/1.1
2023-12-12 00:43:59,751 [using logback-test.xml] DEBUG org.apache.hc.client5.http.headers -   - http-outgoing-11 >> X-Requested-By: emissary
2023-12-12 00:43:59,751 [using logback-test.xml] DEBUG org.apache.hc.client5.http.headers -   - http-outgoing-11 >> Authorization: Digest username="emissary", realm="EmissaryRealm", nonce="cMZr9AvyxET6vOK2/LSSTn7nuDAsPW5W", uri="/emissary/FailDirectory.action", response="221cbf92551df7d8203f2e1abfebbf9d", qop=auth, nc=00000001, cnonce="e3cd1122a8455596", algorithm=MD5
2023-12-12 00:43:59,751 [using logback-test.xml] DEBUG org.apache.hc.client5.http.headers -   - http-outgoing-11 >> Content-Length: 195
2023-12-12 00:43:59,751 [using logback-test.xml] DEBUG org.apache.hc.client5.http.headers -   - http-outgoing-11 >> Content-Type: application/x-www-form-urlencoded; charset=UTF-8
2023-12-12 00:43:59,751 [using logback-test.xml] DEBUG org.apache.hc.client5.http.headers -   - http-outgoing-11 >> Host: localhost:7001
2023-12-12 00:43:59,751 [using logback-test.xml] DEBUG org.apache.hc.client5.http.headers -   - http-outgoing-11 >> Connection: keep-alive
2023-12-12 00:43:59,751 [using logback-test.xml] DEBUG org.apache.hc.client5.http.headers -   - http-outgoing-11 >> User-Agent: Apache-HttpClient/5.2.1 (Java/17.0.3)
2023-12-12 00:43:59,751 [using logback-test.xml] DEBUG org.apache.hc.client5.http.wire -   - http-outgoing-11 >> "POST /emissary/FailDirectory.action HTTP/1.1[\r][\n]"
2023-12-12 00:43:59,751 [using logback-test.xml] DEBUG org.apache.hc.client5.http.wire -   - http-outgoing-11 >> "X-Requested-By: emissary[\r][\n]"
2023-12-12 00:43:59,751 [using logback-test.xml] DEBUG org.apache.hc.client5.http.wire -   - http-outgoing-11 >> "Authorization: Digest username="emissary", realm="EmissaryRealm", nonce="cMZr9AvyxET6vOK2/LSSTn7nuDAsPW5W", uri="/emissary/FailDirectory.action", response="221cbf92551df7d8203f2e1abfebbf9d", qop=auth, nc=00000001, cnonce="e3cd1122a8455596", algorithm=MD5[\r][\n]"
2023-12-12 00:43:59,751 [using logback-test.xml] DEBUG org.apache.hc.client5.http.wire -   - http-outgoing-11 >> "Content-Length: 195[\r][\n]"
2023-12-12 00:43:59,751 [using logback-test.xml] DEBUG org.apache.hc.client5.http.wire -   - http-outgoing-11 >> "Content-Type: application/x-www-form-urlencoded; charset=UTF-8[\r][\n]"
2023-12-12 00:43:59,751 [using logback-test.xml] DEBUG org.apache.hc.client5.http.wire -   - http-outgoing-11 >> "Host: localhost:7001[\r][\n]"
2023-12-12 00:43:59,751 [using logback-test.xml] DEBUG org.apache.hc.client5.http.wire -   - http-outgoing-11 >> "Connection: keep-alive[\r][\n]"
2023-12-12 00:43:59,751 [using logback-test.xml] DEBUG org.apache.hc.client5.http.wire -   - http-outgoing-11 >> "User-Agent: Apache-HttpClient/5.2.1 (Java/17.0.3)[\r][\n]"
2023-12-12 00:43:59,751 [using logback-test.xml] DEBUG org.apache.hc.client5.http.wire -   - http-outgoing-11 >> "[\r][\n]"
2023-12-12 00:43:59,751 [using logback-test.xml] DEBUG org.apache.hc.client5.http.wire -   - http-outgoing-11 >> "targetDir=http%3A%2F%2Flocalhost%3A7001%2FDirectoryPlace&dirFailName=EMISSARY_DIRECTORY_SERVICES.DIRECTORY.STUDY.http%3A%2F%2FderegisterPlaceActionTest%3A8001%2FDirectoryPlace&dirAddPropFlag=true"
2023-12-12 00:43:59,753 [using logback-test.xml] DEBUG org.apache.hc.client5.http.wire -   - http-outgoing-11 << "HTTP/1.1 200 OK[\r][\n]"
2023-12-12 00:43:59,753 [using logback-test.xml] DEBUG org.apache.hc.client5.http.wire -   - http-outgoing-11 << "Date: Tue, 12 Dec 2023 00:43:59 GMT[\r][\n]"
2023-12-12 00:43:59,753 [using logback-test.xml] DEBUG org.apache.hc.client5.http.wire -   - http-outgoing-11 << "Content-Type: text/plain[\r][\n]"
2023-12-12 00:43:59,753 [using logback-test.xml] DEBUG org.apache.hc.client5.http.wire -   - http-outgoing-11 << "Content-Length: 234[\r][\n]"
2023-12-12 00:43:59,753 [using logback-test.xml] DEBUG org.apache.hc.client5.http.wire -   - http-outgoing-11 << "Server: Jetty(10.0.15)[\r][\n]"
2023-12-12 00:43:59,753 [using logback-test.xml] DEBUG org.apache.hc.client5.http.wire -   - http-outgoing-11 << "[\r][\n]"
2023-12-12 00:43:59,753 [using logback-test.xml] DEBUG org.apache.hc.client5.http.wire -   - http-outgoing-11 << "Modified 0 entries from EMISSARY_DIRECTORY_SERVICES.DIRECTORY.STUDY.http://localhost:7001/DirectoryPlace$5050[1] due to failure of remote EMISSARY_DIRECTORY_SERVICES.DIRECTORY.STUDY.http://deregisterPlaceActionTest:8001/DirectoryPlace"
2023-12-12 00:43:59,753 [using logback-test.xml] DEBUG org.apache.hc.client5.http.headers -   - http-outgoing-11 << HTTP/1.1 200 OK
2023-12-12 00:43:59,753 [using logback-test.xml] DEBUG org.apache.hc.client5.http.headers -   - http-outgoing-11 << Date: Tue, 12 Dec 2023 00:43:59 GMT
2023-12-12 00:43:59,753 [using logback-test.xml] DEBUG org.apache.hc.client5.http.headers -   - http-outgoing-11 << Content-Type: text/plain
2023-12-12 00:43:59,753 [using logback-test.xml] DEBUG org.apache.hc.client5.http.headers -   - http-outgoing-11 << Content-Length: 234
2023-12-12 00:43:59,753 [using logback-test.xml] DEBUG org.apache.hc.client5.http.headers -   - http-outgoing-11 << Server: Jetty(10.0.15)
2023-12-12 00:43:59,753 [using logback-test.xml] DEBUG org.apache.hc.client5.http.impl.classic.MainClientExec -   - ex-0000000027 connection can be kept alive for 3 MINUTES
2023-12-12 00:43:59,753 [using logback-test.xml] DEBUG org.apache.hc.client5.http.impl.auth.HttpAuthenticator -   - ex-0000000027 Authentication succeeded
2023-12-12 00:43:59,753 [using logback-test.xml] DEBUG org.apache.hc.client5.http.impl.classic.InternalHttpClient -   - ep-0000000027 releasing valid endpoint
2023-12-12 00:43:59,753 [using logback-test.xml] DEBUG org.apache.hc.client5.http.impl.io.PoolingHttpClientConnectionManager -   - ep-0000000027 releasing endpoint
2023-12-12 00:43:59,754 [using logback-test.xml] DEBUG org.apache.hc.client5.http.impl.io.PoolingHttpClientConnectionManager -   - ep-0000000027 connection http-outgoing-11 can be kept alive for 3 MINUTES
2023-12-12 00:43:59,754 [using logback-test.xml] DEBUG org.apache.hc.client5.http.impl.io.PoolingHttpClientConnectionManager -   - ep-0000000027 connection released [route: {}->http://localhost:7001][total available: 1; route allocated: 1 of 5; total allocated: 1 of 200]
2023-12-12 00:43:59,754 [using logback-test.xml]  INFO emissary.directory.DirectoryPlace -   - Done shutting down DirectoryPlace
]]></system-out>
    <system-err><![CDATA[Dec 12, 2023 12:43:59 AM org.glassfish.jersey.test.jetty.JettyTestContainerFactory$JettyTestContainer <init>
INFO: Creating JettyTestContainer configured at the base URI http://localhost:<AVAILABLE-PORT>/
Dec 12, 2023 12:43:59 AM org.glassfish.jersey.test.jetty.JettyTestContainerFactory$JettyTestContainer start
INFO: Started JettyTestContainer at the base URI http://localhost:64745/
]]></system-err>
  </testcase>
  <testcase name="badParams(String)[1]" classname="emissary.server.mvc.internal.DeregisterPlaceActionTest" time="0.09">
    <system-out><![CDATA[2023-12-12 00:43:59,755 [using logback-test.xml]  INFO emissary.command.BaseCommand -   - PROJECT_BASE is set to /Users/connor/Projects/work/emissary/target 
2023-12-12 00:43:59,755 [using logback-test.xml]  INFO emissary.command.BaseCommand -   - Setting emissary.config.dir to /Users/connor/Projects/work/emissary/target/config 
2023-12-12 00:43:59,755 [using logback-test.xml]  INFO emissary.command.BaseCommand -   - Setting emissary.bin.dir to /Users/connor/Projects/work/emissary/target/bin 
2023-12-12 00:43:59,755 [using logback-test.xml]  INFO emissary.command.BaseCommand -   - Setting emissary.output.root to /Users/connor/Projects/work/emissary/target/localoutput 
2023-12-12 00:43:59,755 [using logback-test.xml]  INFO emissary.command.BaseCommand -   - Emissary error dir set to /Users/connor/Projects/work/emissary/target/localerror 
2023-12-12 00:43:59,755 [using logback-test.xml]  INFO emissary.command.BaseCommand -   - Setting emissary.node.name to localhost 
2023-12-12 00:43:59,755 [using logback-test.xml]  INFO emissary.command.BaseCommand -   - Setting emissary.node.port to 8001 
2023-12-12 00:43:59,755 [using logback-test.xml]  INFO emissary.command.BaseCommand -   - Setting emissary.node.scheme to http 
2023-12-12 00:43:59,755 [using logback-test.xml]  WARN emissary.command.BaseCommand -   - Not using /Users/connor/Projects/work/emissary/target/config/logback.xml, staying with test config file:/Users/connor/Projects/work/emissary/target/test-classes/logback-test.xml
2023-12-12 00:43:59,756 [using logback-test.xml]  INFO emissary.command.BaseCommand -   - Overriding current emissary.config.flavor null to CLUSTER 
2023-12-12 00:43:59,756 [using logback-test.xml]  INFO emissary.command.BaseCommand -   - PROJECT_BASE is set to /Users/connor/Projects/work/emissary/target 
2023-12-12 00:43:59,756 [using logback-test.xml]  INFO emissary.command.BaseCommand -   - Setting emissary.config.dir to /Users/connor/Projects/work/emissary/target/config 
2023-12-12 00:43:59,756 [using logback-test.xml]  INFO emissary.command.BaseCommand -   - Setting emissary.bin.dir to /Users/connor/Projects/work/emissary/target/bin 
2023-12-12 00:43:59,756 [using logback-test.xml]  INFO emissary.command.BaseCommand -   - Setting emissary.output.root to /Users/connor/Projects/work/emissary/target/localoutput 
2023-12-12 00:43:59,756 [using logback-test.xml]  INFO emissary.command.BaseCommand -   - Emissary error dir set to /Users/connor/Projects/work/emissary/target/localerror 
2023-12-12 00:43:59,756 [using logback-test.xml]  INFO emissary.command.BaseCommand -   - Setting emissary.config.flavor to CLUSTER 
2023-12-12 00:43:59,756 [using logback-test.xml]  INFO emissary.command.BaseCommand -   - Setting emissary.node.name to localhost 
2023-12-12 00:43:59,756 [using logback-test.xml]  INFO emissary.command.BaseCommand -   - Setting emissary.node.port to 8001 
2023-12-12 00:43:59,756 [using logback-test.xml]  INFO emissary.command.BaseCommand -   - Setting emissary.node.scheme to http 
2023-12-12 00:43:59,756 [using logback-test.xml]  WARN emissary.command.BaseCommand -   - Not using /Users/connor/Projects/work/emissary/target/config/logback.xml, staying with test config file:/Users/connor/Projects/work/emissary/target/test-classes/logback-test.xml
2023-12-12 00:43:59,757 [using logback-test.xml]  INFO emissary.command.BaseCommand -   - Overriding current emissary.config.flavor CLUSTER to CLUSTER 
2023-12-12 00:43:59,825 [using logback-test.xml] DEBUG emissary.config.ConfigUtil -   - Attempting flavor merge on <none>-CLUSTER
2023-12-12 00:43:59,825 [using logback-test.xml] DEBUG emissary.config.ConfigUtil -   - Loading config for (string) <none>-CLUSTER
2023-12-12 00:43:59,825 [using logback-test.xml] DEBUG emissary.config.ConfigUtil -   - No file config found using new style <none>-CLUSTER
2023-12-12 00:43:59,825 [using logback-test.xml] DEBUG emissary.config.ConfigUtil -   - No config data as resource for emissary/place/<none>-CLUSTER
2023-12-12 00:43:59,825 [using logback-test.xml] DEBUG emissary.config.ConfigUtil -   - No config data as resource for <none>-CLUSTER
2023-12-12 00:43:59,825 [using logback-test.xml] DEBUG emissary.config.ConfigUtil -   - No file config found using old style <none>-CLUSTER.cfg
2023-12-12 00:43:59,826 [using logback-test.xml] DEBUG emissary.config.ConfigUtil -   - Unable to opt import flavor config <none>-CLUSTER
2023-12-12 00:43:59,827 [using logback-test.xml] DEBUG emissary.config.ConfigUtil -   - Loading config for (string) peer-TestNode-1234567.cfg
2023-12-12 00:43:59,827 [using logback-test.xml] DEBUG emissary.config.ConfigUtil -   - No file config found using new style peer-TestNode-1234567.cfg
2023-12-12 00:43:59,827 [using logback-test.xml] DEBUG emissary.config.ConfigUtil -   - No config data as resource for emissary/place/peer-TestNode-1234567.cfg
2023-12-12 00:43:59,827 [using logback-test.xml] DEBUG emissary.config.ConfigUtil -   - No config data as resource for peer-TestNode-1234567.cfg
2023-12-12 00:43:59,827 [using logback-test.xml] DEBUG emissary.config.ConfigUtil -   - No file config found using old style peer-TestNode-1234567.cfg
2023-12-12 00:43:59,827 [using logback-test.xml] DEBUG emissary.config.ConfigUtil -   - Preference peer-TestNode-1234567.cfg not found
2023-12-12 00:43:59,827 [using logback-test.xml] DEBUG emissary.config.ConfigUtil -   - Loading config for (string) peer-TestNode.cfg
2023-12-12 00:43:59,827 [using logback-test.xml] DEBUG emissary.config.ConfigUtil -   - No file config found using new style peer-TestNode.cfg
2023-12-12 00:43:59,827 [using logback-test.xml] DEBUG emissary.config.ConfigUtil -   - No config data as resource for emissary/place/peer-TestNode.cfg
2023-12-12 00:43:59,827 [using logback-test.xml] DEBUG emissary.config.ConfigUtil -   - No config data as resource for peer-TestNode.cfg
2023-12-12 00:43:59,827 [using logback-test.xml] DEBUG emissary.config.ConfigUtil -   - No file config found using old style peer-TestNode.cfg
2023-12-12 00:43:59,827 [using logback-test.xml] DEBUG emissary.config.ConfigUtil -   - Preference peer-TestNode.cfg not found
2023-12-12 00:43:59,827 [using logback-test.xml] DEBUG emissary.config.ConfigUtil -   - Loading config for (string) peer-1234567.cfg
2023-12-12 00:43:59,827 [using logback-test.xml] DEBUG emissary.config.ConfigUtil -   - No file config found using new style peer-1234567.cfg
2023-12-12 00:43:59,827 [using logback-test.xml] DEBUG emissary.config.ConfigUtil -   - No config data as resource for emissary/place/peer-1234567.cfg
2023-12-12 00:43:59,827 [using logback-test.xml] DEBUG emissary.config.ConfigUtil -   - No config data as resource for peer-1234567.cfg
2023-12-12 00:43:59,827 [using logback-test.xml] DEBUG emissary.config.ConfigUtil -   - No file config found using old style peer-1234567.cfg
2023-12-12 00:43:59,827 [using logback-test.xml] DEBUG emissary.config.ConfigUtil -   - Preference peer-1234567.cfg not found
2023-12-12 00:43:59,827 [using logback-test.xml] DEBUG emissary.config.ConfigUtil -   - Loading config for (string) peer-mac_os_x.cfg
2023-12-12 00:43:59,827 [using logback-test.xml] DEBUG emissary.config.ConfigUtil -   - No file config found using new style peer-mac_os_x.cfg
2023-12-12 00:43:59,828 [using logback-test.xml] DEBUG emissary.config.ConfigUtil -   - No config data as resource for emissary/place/peer-mac_os_x.cfg
2023-12-12 00:43:59,828 [using logback-test.xml] DEBUG emissary.config.ConfigUtil -   - No config data as resource for peer-mac_os_x.cfg
2023-12-12 00:43:59,828 [using logback-test.xml] DEBUG emissary.config.ConfigUtil -   - No file config found using old style peer-mac_os_x.cfg
2023-12-12 00:43:59,828 [using logback-test.xml] DEBUG emissary.config.ConfigUtil -   - Preference peer-mac_os_x.cfg not found
2023-12-12 00:43:59,828 [using logback-test.xml] DEBUG emissary.config.ConfigUtil -   - Loading config for (string) peer.cfg
2023-12-12 00:43:59,828 [using logback-test.xml] DEBUG emissary.config.ConfigUtil -   - Found config data as file /Users/connor/Projects/work/emissary/target/config/peer.cfg
2023-12-12 00:43:59,828 [using logback-test.xml] DEBUG emissary.config.ConfigUtil -   - Attempting flavor merge on peer-CLUSTER.cfg
2023-12-12 00:43:59,828 [using logback-test.xml] DEBUG emissary.config.ConfigUtil -   - Loading config for (string) peer-CLUSTER.cfg
2023-12-12 00:43:59,828 [using logback-test.xml] DEBUG emissary.config.ConfigUtil -   - No file config found using new style peer-CLUSTER.cfg
2023-12-12 00:43:59,828 [using logback-test.xml] DEBUG emissary.config.ConfigUtil -   - No config data as resource for emissary/place/peer-CLUSTER.cfg
2023-12-12 00:43:59,828 [using logback-test.xml] DEBUG emissary.config.ConfigUtil -   - No config data as resource for peer-CLUSTER.cfg
2023-12-12 00:43:59,828 [using logback-test.xml] DEBUG emissary.config.ConfigUtil -   - No file config found using old style peer-CLUSTER.cfg
2023-12-12 00:43:59,828 [using logback-test.xml] DEBUG emissary.config.ConfigUtil -   - Unable to opt import flavor config peer-CLUSTER.cfg
2023-12-12 00:43:59,837 [using logback-test.xml] DEBUG org.apache.hc.client5.http.impl.classic.InternalHttpClient -   - ex-0000000028 preparing request execution
2023-12-12 00:43:59,837 [using logback-test.xml] DEBUG org.apache.hc.client5.http.impl.classic.ProtocolExec -   - ex-0000000028 target auth state: UNCHALLENGED
2023-12-12 00:43:59,837 [using logback-test.xml] DEBUG org.apache.hc.client5.http.impl.classic.ProtocolExec -   - ex-0000000028 proxy auth state: UNCHALLENGED
2023-12-12 00:43:59,837 [using logback-test.xml] DEBUG org.apache.hc.client5.http.impl.classic.ConnectExec -   - ex-0000000028 acquiring connection with route {}->http://localhost:8001
2023-12-12 00:43:59,837 [using logback-test.xml] DEBUG org.apache.hc.client5.http.impl.classic.InternalHttpClient -   - ex-0000000028 acquiring endpoint (300000 MILLISECONDS)
2023-12-12 00:43:59,837 [using logback-test.xml] DEBUG org.apache.hc.client5.http.impl.io.PoolingHttpClientConnectionManager -   - ex-0000000028 endpoint lease request (300000 MILLISECONDS) [route: {}->http://localhost:8001][total available: 1; route allocated: 0 of 5; total allocated: 1 of 200]
2023-12-12 00:43:59,837 [using logback-test.xml] DEBUG org.apache.hc.client5.http.impl.io.PoolingHttpClientConnectionManager -   - ex-0000000028 endpoint leased [route: {}->http://localhost:8001][total available: 1; route allocated: 1 of 5; total allocated: 2 of 200]
2023-12-12 00:43:59,837 [using logback-test.xml] DEBUG org.apache.hc.client5.http.impl.io.PoolingHttpClientConnectionManager -   - ex-0000000028 acquired ep-0000000028
2023-12-12 00:43:59,837 [using logback-test.xml] DEBUG org.apache.hc.client5.http.impl.classic.InternalHttpClient -   - ex-0000000028 acquired endpoint ep-0000000028
2023-12-12 00:43:59,837 [using logback-test.xml] DEBUG org.apache.hc.client5.http.impl.classic.ConnectExec -   - ex-0000000028 opening connection {}->http://localhost:8001
2023-12-12 00:43:59,837 [using logback-test.xml] DEBUG org.apache.hc.client5.http.impl.classic.InternalHttpClient -   - ep-0000000028 connecting endpoint (null)
2023-12-12 00:43:59,837 [using logback-test.xml] DEBUG org.apache.hc.client5.http.impl.io.PoolingHttpClientConnectionManager -   - ep-0000000028 connecting endpoint to http://localhost:8001 (600000 MILLISECONDS)
2023-12-12 00:43:59,837 [using logback-test.xml] DEBUG org.apache.hc.client5.http.impl.io.DefaultHttpClientConnectionOperator -   - localhost resolving remote address
2023-12-12 00:43:59,837 [using logback-test.xml] DEBUG org.apache.hc.client5.http.impl.io.DefaultHttpClientConnectionOperator -   - localhost resolved to [localhost/127.0.0.1]
2023-12-12 00:43:59,837 [using logback-test.xml] DEBUG org.apache.hc.client5.http.impl.io.DefaultHttpClientConnectionOperator -   - localhost:8001 connecting null->localhost/127.0.0.1:8001 (600000 MILLISECONDS)
2023-12-12 00:43:59,838 [using logback-test.xml] DEBUG org.apache.hc.client5.http.impl.io.DefaultHttpClientConnectionOperator -   - localhost:8001 connection to localhost/127.0.0.1:8001 failed (class java.net.ConnectException); terminating operation
2023-12-12 00:43:59,838 [using logback-test.xml] DEBUG org.apache.hc.client5.http.impl.io.DefaultManagedHttpClientConnection -   - http-outgoing-22 close connection IMMEDIATE
2023-12-12 00:43:59,838 [using logback-test.xml] DEBUG org.apache.hc.client5.http.impl.classic.InternalHttpClient -   - ep-0000000028 endpoint closed
2023-12-12 00:43:59,838 [using logback-test.xml] DEBUG org.apache.hc.client5.http.impl.classic.InternalHttpClient -   - ep-0000000028 discarding endpoint
2023-12-12 00:43:59,838 [using logback-test.xml] DEBUG org.apache.hc.client5.http.impl.io.PoolingHttpClientConnectionManager -   - ep-0000000028 releasing endpoint
2023-12-12 00:43:59,838 [using logback-test.xml] DEBUG org.apache.hc.client5.http.impl.io.PoolingHttpClientConnectionManager -   - ep-0000000028 connection is not kept alive
2023-12-12 00:43:59,838 [using logback-test.xml] DEBUG org.apache.hc.client5.http.impl.io.PoolingHttpClientConnectionManager -   - ep-0000000028 connection released [route: {}->http://localhost:8001][total available: 1; route allocated: 0 of 5; total allocated: 1 of 200]
2023-12-12 00:43:59,838 [using logback-test.xml] DEBUG org.apache.hc.client5.http.impl.classic.InternalHttpClient -   - ex-0000000029 preparing request execution
2023-12-12 00:43:59,838 [using logback-test.xml] DEBUG org.apache.hc.client5.http.impl.classic.ProtocolExec -   - ex-0000000029 target auth state: UNCHALLENGED
2023-12-12 00:43:59,838 [using logback-test.xml] DEBUG org.apache.hc.client5.http.impl.classic.ProtocolExec -   - ex-0000000029 proxy auth state: UNCHALLENGED
2023-12-12 00:43:59,838 [using logback-test.xml] DEBUG org.apache.hc.client5.http.impl.classic.ConnectExec -   - ex-0000000029 acquiring connection with route {}->http://localhost:9001
2023-12-12 00:43:59,838 [using logback-test.xml] DEBUG org.apache.hc.client5.http.impl.classic.InternalHttpClient -   - ex-0000000029 acquiring endpoint (300000 MILLISECONDS)
2023-12-12 00:43:59,838 [using logback-test.xml] DEBUG org.apache.hc.client5.http.impl.io.PoolingHttpClientConnectionManager -   - ex-0000000029 endpoint lease request (300000 MILLISECONDS) [route: {}->http://localhost:9001][total available: 1; route allocated: 0 of 5; total allocated: 1 of 200]
2023-12-12 00:43:59,838 [using logback-test.xml] DEBUG org.apache.hc.client5.http.impl.io.PoolingHttpClientConnectionManager -   - ex-0000000029 endpoint leased [route: {}->http://localhost:9001][total available: 1; route allocated: 1 of 5; total allocated: 2 of 200]
2023-12-12 00:43:59,838 [using logback-test.xml] DEBUG org.apache.hc.client5.http.impl.io.PoolingHttpClientConnectionManager -   - ex-0000000029 acquired ep-0000000029
2023-12-12 00:43:59,838 [using logback-test.xml] DEBUG org.apache.hc.client5.http.impl.classic.InternalHttpClient -   - ex-0000000029 acquired endpoint ep-0000000029
2023-12-12 00:43:59,838 [using logback-test.xml] DEBUG org.apache.hc.client5.http.impl.classic.ConnectExec -   - ex-0000000029 opening connection {}->http://localhost:9001
2023-12-12 00:43:59,838 [using logback-test.xml] DEBUG org.apache.hc.client5.http.impl.classic.InternalHttpClient -   - ep-0000000029 connecting endpoint (null)
2023-12-12 00:43:59,838 [using logback-test.xml] DEBUG org.apache.hc.client5.http.impl.io.PoolingHttpClientConnectionManager -   - ep-0000000029 connecting endpoint to http://localhost:9001 (600000 MILLISECONDS)
2023-12-12 00:43:59,838 [using logback-test.xml] DEBUG org.apache.hc.client5.http.impl.io.DefaultHttpClientConnectionOperator -   - localhost resolving remote address
2023-12-12 00:43:59,838 [using logback-test.xml] DEBUG org.apache.hc.client5.http.impl.io.DefaultHttpClientConnectionOperator -   - localhost resolved to [localhost/127.0.0.1]
2023-12-12 00:43:59,838 [using logback-test.xml] DEBUG org.apache.hc.client5.http.impl.io.DefaultHttpClientConnectionOperator -   - localhost:9001 connecting null->localhost/127.0.0.1:9001 (600000 MILLISECONDS)
2023-12-12 00:43:59,838 [using logback-test.xml] DEBUG org.apache.hc.client5.http.impl.io.DefaultHttpClientConnectionOperator -   - localhost:9001 connection to localhost/127.0.0.1:9001 failed (class java.net.ConnectException); terminating operation
2023-12-12 00:43:59,839 [using logback-test.xml] DEBUG org.apache.hc.client5.http.impl.io.DefaultManagedHttpClientConnection -   - http-outgoing-23 close connection IMMEDIATE
2023-12-12 00:43:59,839 [using logback-test.xml] DEBUG org.apache.hc.client5.http.impl.classic.InternalHttpClient -   - ep-0000000029 endpoint closed
2023-12-12 00:43:59,839 [using logback-test.xml] DEBUG org.apache.hc.client5.http.impl.classic.InternalHttpClient -   - ep-0000000029 discarding endpoint
2023-12-12 00:43:59,839 [using logback-test.xml] DEBUG org.apache.hc.client5.http.impl.io.PoolingHttpClientConnectionManager -   - ep-0000000029 releasing endpoint
2023-12-12 00:43:59,839 [using logback-test.xml] DEBUG org.apache.hc.client5.http.impl.io.PoolingHttpClientConnectionManager -   - ep-0000000029 connection is not kept alive
2023-12-12 00:43:59,839 [using logback-test.xml] DEBUG org.apache.hc.client5.http.impl.io.PoolingHttpClientConnectionManager -   - ep-0000000029 connection released [route: {}->http://localhost:9001][total available: 1; route allocated: 0 of 5; total allocated: 1 of 200]
2023-12-12 00:43:59,839 [using logback-test.xml] DEBUG org.apache.hc.client5.http.impl.classic.InternalHttpClient -   - ex-0000000030 preparing request execution
2023-12-12 00:43:59,839 [using logback-test.xml] DEBUG org.apache.hc.client5.http.impl.classic.ProtocolExec -   - ex-0000000030 target auth state: UNCHALLENGED
2023-12-12 00:43:59,839 [using logback-test.xml] DEBUG org.apache.hc.client5.http.impl.classic.ProtocolExec -   - ex-0000000030 proxy auth state: UNCHALLENGED
2023-12-12 00:43:59,839 [using logback-test.xml] DEBUG org.apache.hc.client5.http.impl.classic.ConnectExec -   - ex-0000000030 acquiring connection with route {}->http://localhost:7001
2023-12-12 00:43:59,839 [using logback-test.xml] DEBUG org.apache.hc.client5.http.impl.classic.InternalHttpClient -   - ex-0000000030 acquiring endpoint (300000 MILLISECONDS)
2023-12-12 00:43:59,839 [using logback-test.xml] DEBUG org.apache.hc.client5.http.impl.io.PoolingHttpClientConnectionManager -   - ex-0000000030 endpoint lease request (300000 MILLISECONDS) [route: {}->http://localhost:7001][total available: 1; route allocated: 1 of 5; total allocated: 1 of 200]
2023-12-12 00:43:59,839 [using logback-test.xml] DEBUG org.apache.hc.client5.http.impl.io.PoolingHttpClientConnectionManager -   - ex-0000000030 endpoint leased [route: {}->http://localhost:7001][total available: 0; route allocated: 1 of 5; total allocated: 1 of 200]
2023-12-12 00:43:59,839 [using logback-test.xml] DEBUG org.apache.hc.client5.http.impl.io.PoolingHttpClientConnectionManager -   - ex-0000000030 acquired ep-0000000030
2023-12-12 00:43:59,839 [using logback-test.xml] DEBUG org.apache.hc.client5.http.impl.classic.InternalHttpClient -   - ex-0000000030 acquired endpoint ep-0000000030
2023-12-12 00:43:59,839 [using logback-test.xml] DEBUG org.apache.hc.client5.http.impl.classic.MainClientExec -   - ex-0000000030 executing POST /emissary/FailDirectory.action HTTP/1.1
2023-12-12 00:43:59,839 [using logback-test.xml] DEBUG org.apache.hc.client5.http.protocol.RequestAddCookies -   - ex-0000000030 Cookie spec selected: strict
2023-12-12 00:43:59,839 [using logback-test.xml] DEBUG org.apache.hc.client5.http.impl.classic.InternalHttpClient -   - ep-0000000030 start execution ex-0000000030
2023-12-12 00:43:59,839 [using logback-test.xml] DEBUG org.apache.hc.client5.http.impl.io.PoolingHttpClientConnectionManager -   - ep-0000000030 executing exchange ex-0000000030 over http-outgoing-11
2023-12-12 00:43:59,839 [using logback-test.xml] DEBUG org.apache.hc.client5.http.headers -   - http-outgoing-11 >> POST /emissary/FailDirectory.action HTTP/1.1
2023-12-12 00:43:59,839 [using logback-test.xml] DEBUG org.apache.hc.client5.http.headers -   - http-outgoing-11 >> X-Requested-By: emissary
2023-12-12 00:43:59,839 [using logback-test.xml] DEBUG org.apache.hc.client5.http.headers -   - http-outgoing-11 >> Accept-Encoding: gzip, x-gzip, deflate
2023-12-12 00:43:59,839 [using logback-test.xml] DEBUG org.apache.hc.client5.http.headers -   - http-outgoing-11 >> Content-Length: 195
2023-12-12 00:43:59,839 [using logback-test.xml] DEBUG org.apache.hc.client5.http.headers -   - http-outgoing-11 >> Content-Type: application/x-www-form-urlencoded; charset=UTF-8
2023-12-12 00:43:59,839 [using logback-test.xml] DEBUG org.apache.hc.client5.http.headers -   - http-outgoing-11 >> Host: localhost:7001
2023-12-12 00:43:59,839 [using logback-test.xml] DEBUG org.apache.hc.client5.http.headers -   - http-outgoing-11 >> Connection: keep-alive
2023-12-12 00:43:59,839 [using logback-test.xml] DEBUG org.apache.hc.client5.http.headers -   - http-outgoing-11 >> User-Agent: Apache-HttpClient/5.2.1 (Java/17.0.3)
2023-12-12 00:43:59,839 [using logback-test.xml] DEBUG org.apache.hc.client5.http.wire -   - http-outgoing-11 >> "POST /emissary/FailDirectory.action HTTP/1.1[\r][\n]"
2023-12-12 00:43:59,839 [using logback-test.xml] DEBUG org.apache.hc.client5.http.wire -   - http-outgoing-11 >> "X-Requested-By: emissary[\r][\n]"
2023-12-12 00:43:59,839 [using logback-test.xml] DEBUG org.apache.hc.client5.http.wire -   - http-outgoing-11 >> "Accept-Encoding: gzip, x-gzip, deflate[\r][\n]"
2023-12-12 00:43:59,839 [using logback-test.xml] DEBUG org.apache.hc.client5.http.wire -   - http-outgoing-11 >> "Content-Length: 195[\r][\n]"
2023-12-12 00:43:59,839 [using logback-test.xml] DEBUG org.apache.hc.client5.http.wire -   - http-outgoing-11 >> "Content-Type: application/x-www-form-urlencoded; charset=UTF-8[\r][\n]"
2023-12-12 00:43:59,839 [using logback-test.xml] DEBUG org.apache.hc.client5.http.wire -   - http-outgoing-11 >> "Host: localhost:7001[\r][\n]"
2023-12-12 00:43:59,839 [using logback-test.xml] DEBUG org.apache.hc.client5.http.wire -   - http-outgoing-11 >> "Connection: keep-alive[\r][\n]"
2023-12-12 00:43:59,839 [using logback-test.xml] DEBUG org.apache.hc.client5.http.wire -   - http-outgoing-11 >> "User-Agent: Apache-HttpClient/5.2.1 (Java/17.0.3)[\r][\n]"
2023-12-12 00:43:59,839 [using logback-test.xml] DEBUG org.apache.hc.client5.http.wire -   - http-outgoing-11 >> "[\r][\n]"
2023-12-12 00:43:59,839 [using logback-test.xml] DEBUG org.apache.hc.client5.http.wire -   - http-outgoing-11 >> "targetDir=http%3A%2F%2Flocalhost%3A7001%2FDirectoryPlace&dirFailName=EMISSARY_DIRECTORY_SERVICES.DIRECTORY.STUDY.http%3A%2F%2FderegisterPlaceActionTest%3A8001%2FDirectoryPlace&dirAddPropFlag=true"
2023-12-12 00:43:59,841 [using logback-test.xml] DEBUG org.apache.hc.client5.http.wire -   - http-outgoing-11 << "HTTP/1.1 401 Unauthorized[\r][\n]"
2023-12-12 00:43:59,841 [using logback-test.xml] DEBUG org.apache.hc.client5.http.wire -   - http-outgoing-11 << "WWW-Authenticate: Digest realm="EmissaryRealm", domain="/", nonce="8Z64LX1NMY/zGDIjqhjmW5XrCvxM05N9", algorithm=MD5, qop="auth", stale=false[\r][\n]"
2023-12-12 00:43:59,841 [using logback-test.xml] DEBUG org.apache.hc.client5.http.wire -   - http-outgoing-11 << "Cache-Control: must-revalidate,no-cache,no-store[\r][\n]"
2023-12-12 00:43:59,841 [using logback-test.xml] DEBUG org.apache.hc.client5.http.wire -   - http-outgoing-11 << "Content-Type: text/html;charset=iso-8859-1[\r][\n]"
2023-12-12 00:43:59,841 [using logback-test.xml] DEBUG org.apache.hc.client5.http.wire -   - http-outgoing-11 << "Content-Length: 473[\r][\n]"
2023-12-12 00:43:59,841 [using logback-test.xml] DEBUG org.apache.hc.client5.http.wire -   - http-outgoing-11 << "Server: Jetty(10.0.15)[\r][\n]"
2023-12-12 00:43:59,841 [using logback-test.xml] DEBUG org.apache.hc.client5.http.wire -   - http-outgoing-11 << "[\r][\n]"
2023-12-12 00:43:59,841 [using logback-test.xml] DEBUG org.apache.hc.client5.http.wire -   - http-outgoing-11 << "<html>[\n]"
2023-12-12 00:43:59,841 [using logback-test.xml] DEBUG org.apache.hc.client5.http.wire -   - http-outgoing-11 << "<head>[\n]"
2023-12-12 00:43:59,841 [using logback-test.xml] DEBUG org.apache.hc.client5.http.wire -   - http-outgoing-11 << "<meta http-equiv="Content-Type" content="text/html;charset=ISO-8859-1"/>[\n]"
2023-12-12 00:43:59,841 [using logback-test.xml] DEBUG org.apache.hc.client5.http.wire -   - http-outgoing-11 << "<title>Error 401 Unauthorized</title>[\n]"
2023-12-12 00:43:59,841 [using logback-test.xml] DEBUG org.apache.hc.client5.http.wire -   - http-outgoing-11 << "</head>[\n]"
2023-12-12 00:43:59,841 [using logback-test.xml] DEBUG org.apache.hc.client5.http.wire -   - http-outgoing-11 << "<body><h2>HTTP ERROR 401 Unauthorized</h2>[\n]"
2023-12-12 00:43:59,841 [using logback-test.xml] DEBUG org.apache.hc.client5.http.wire -   - http-outgoing-11 << "<table>[\n]"
2023-12-12 00:43:59,841 [using logback-test.xml] DEBUG org.apache.hc.client5.http.wire -   - http-outgoing-11 << "<tr><th>URI:</th><td>/emissary/FailDirectory.action</td></tr>[\n]"
2023-12-12 00:43:59,841 [using logback-test.xml] DEBUG org.apache.hc.client5.http.wire -   - http-outgoing-11 << "<tr><th>STATUS:</th><td>401</td></tr>[\n]"
2023-12-12 00:43:59,841 [using logback-test.xml] DEBUG org.apache.hc.client5.http.wire -   - http-outgoing-11 << "<tr><th>MESSAGE:</th><td>Unauthorized</td></tr>[\n]"
2023-12-12 00:43:59,841 [using logback-test.xml] DEBUG org.apache.hc.client5.http.wire -   - http-outgoing-11 << "<tr><th>SERVLET:</th><td>-</td></tr>[\n]"
2023-12-12 00:43:59,841 [using logback-test.xml] DEBUG org.apache.hc.client5.http.wire -   - http-outgoing-11 << "</table>[\n]"
2023-12-12 00:43:59,841 [using logback-test.xml] DEBUG org.apache.hc.client5.http.wire -   - http-outgoing-11 << "<hr/><a href="https://eclipse.org/jetty">Powered by Jetty:// 10.0.15</a><hr/>[\n]"
2023-12-12 00:43:59,841 [using logback-test.xml] DEBUG org.apache.hc.client5.http.wire -   - http-outgoing-11 << "[\n]"
2023-12-12 00:43:59,841 [using logback-test.xml] DEBUG org.apache.hc.client5.http.wire -   - http-outgoing-11 << "</body>[\n]"
2023-12-12 00:43:59,841 [using logback-test.xml] DEBUG org.apache.hc.client5.http.wire -   - http-outgoing-11 << "</html>[\n]"
2023-12-12 00:43:59,842 [using logback-test.xml] DEBUG org.apache.hc.client5.http.headers -   - http-outgoing-11 << HTTP/1.1 401 Unauthorized
2023-12-12 00:43:59,842 [using logback-test.xml] DEBUG org.apache.hc.client5.http.headers -   - http-outgoing-11 << WWW-Authenticate: Digest realm="EmissaryRealm", domain="/", nonce="8Z64LX1NMY/zGDIjqhjmW5XrCvxM05N9", algorithm=MD5, qop="auth", stale=false
2023-12-12 00:43:59,842 [using logback-test.xml] DEBUG org.apache.hc.client5.http.headers -   - http-outgoing-11 << Cache-Control: must-revalidate,no-cache,no-store
2023-12-12 00:43:59,842 [using logback-test.xml] DEBUG org.apache.hc.client5.http.headers -   - http-outgoing-11 << Content-Type: text/html;charset=iso-8859-1
2023-12-12 00:43:59,842 [using logback-test.xml] DEBUG org.apache.hc.client5.http.headers -   - http-outgoing-11 << Content-Length: 473
2023-12-12 00:43:59,842 [using logback-test.xml] DEBUG org.apache.hc.client5.http.headers -   - http-outgoing-11 << Server: Jetty(10.0.15)
2023-12-12 00:43:59,842 [using logback-test.xml] DEBUG org.apache.hc.client5.http.impl.classic.MainClientExec -   - ex-0000000030 connection can be kept alive for 3 MINUTES
2023-12-12 00:43:59,842 [using logback-test.xml] DEBUG org.apache.hc.client5.http.impl.auth.HttpAuthenticator -   - ex-0000000030 Authentication required
2023-12-12 00:43:59,842 [using logback-test.xml] DEBUG org.apache.hc.client5.http.impl.auth.AuthCacheKeeper -   - ex-0000000030 Clearing cached auth scheme for http://localhost:7001/emissary/
2023-12-12 00:43:59,842 [using logback-test.xml] DEBUG org.apache.hc.client5.http.impl.auth.HttpAuthenticator -   - ex-0000000030 localhost:7001 requested authentication
2023-12-12 00:43:59,842 [using logback-test.xml] DEBUG org.apache.hc.client5.http.impl.DefaultAuthenticationStrategy -   - ex-0000000030 Authentication schemes in the order of preference: [Digest]
2023-12-12 00:43:59,842 [using logback-test.xml] DEBUG org.apache.hc.client5.http.impl.auth.HttpAuthenticator -   - ex-0000000030 Selecting authentication options
2023-12-12 00:43:59,842 [using logback-test.xml] DEBUG org.apache.hc.client5.http.impl.auth.HttpAuthenticator -   - ex-0000000030 Selected authentication options: [Digest{qop=auth, stale=false, domain=/, realm=EmissaryRealm, nonce=8Z64LX1NMY/zGDIjqhjmW5XrCvxM05N9, algorithm=MD5}]
2023-12-12 00:43:59,842 [using logback-test.xml] DEBUG org.apache.hc.client5.http.impl.classic.ProtocolExec -   - ex-0000000030 target auth state: CHALLENGED
2023-12-12 00:43:59,842 [using logback-test.xml] DEBUG org.apache.hc.client5.http.impl.auth.HttpAuthenticator -   - ex-0000000030 Generating response to an authentication challenge using Digest scheme
2023-12-12 00:43:59,843 [using logback-test.xml] DEBUG org.apache.hc.client5.http.impl.classic.ProtocolExec -   - ex-0000000030 proxy auth state: UNCHALLENGED
2023-12-12 00:43:59,843 [using logback-test.xml] DEBUG org.apache.hc.client5.http.impl.classic.MainClientExec -   - ex-0000000030 executing POST /emissary/FailDirectory.action HTTP/1.1
2023-12-12 00:43:59,843 [using logback-test.xml] DEBUG org.apache.hc.client5.http.protocol.RequestAddCookies -   - ex-0000000030 Cookie spec selected: strict
2023-12-12 00:43:59,843 [using logback-test.xml] DEBUG org.apache.hc.client5.http.impl.classic.InternalHttpClient -   - ep-0000000030 start execution ex-0000000030
2023-12-12 00:43:59,843 [using logback-test.xml] DEBUG org.apache.hc.client5.http.impl.io.PoolingHttpClientConnectionManager -   - ep-0000000030 executing exchange ex-0000000030 over http-outgoing-11
2023-12-12 00:43:59,843 [using logback-test.xml] DEBUG org.apache.hc.client5.http.headers -   - http-outgoing-11 >> POST /emissary/FailDirectory.action HTTP/1.1
2023-12-12 00:43:59,843 [using logback-test.xml] DEBUG org.apache.hc.client5.http.headers -   - http-outgoing-11 >> X-Requested-By: emissary
2023-12-12 00:43:59,843 [using logback-test.xml] DEBUG org.apache.hc.client5.http.headers -   - http-outgoing-11 >> Authorization: Digest username="emissary", realm="EmissaryRealm", nonce="8Z64LX1NMY/zGDIjqhjmW5XrCvxM05N9", uri="/emissary/FailDirectory.action", response="39ef2148eeca23f20b15f9d652899fdc", qop=auth, nc=00000001, cnonce="61703bee6f08deda", algorithm=MD5
2023-12-12 00:43:59,843 [using logback-test.xml] DEBUG org.apache.hc.client5.http.headers -   - http-outgoing-11 >> Content-Length: 195
2023-12-12 00:43:59,843 [using logback-test.xml] DEBUG org.apache.hc.client5.http.headers -   - http-outgoing-11 >> Content-Type: application/x-www-form-urlencoded; charset=UTF-8
2023-12-12 00:43:59,843 [using logback-test.xml] DEBUG org.apache.hc.client5.http.headers -   - http-outgoing-11 >> Host: localhost:7001
2023-12-12 00:43:59,843 [using logback-test.xml] DEBUG org.apache.hc.client5.http.headers -   - http-outgoing-11 >> Connection: keep-alive
2023-12-12 00:43:59,843 [using logback-test.xml] DEBUG org.apache.hc.client5.http.headers -   - http-outgoing-11 >> User-Agent: Apache-HttpClient/5.2.1 (Java/17.0.3)
2023-12-12 00:43:59,843 [using logback-test.xml] DEBUG org.apache.hc.client5.http.wire -   - http-outgoing-11 >> "POST /emissary/FailDirectory.action HTTP/1.1[\r][\n]"
2023-12-12 00:43:59,843 [using logback-test.xml] DEBUG org.apache.hc.client5.http.wire -   - http-outgoing-11 >> "X-Requested-By: emissary[\r][\n]"
2023-12-12 00:43:59,843 [using logback-test.xml] DEBUG org.apache.hc.client5.http.wire -   - http-outgoing-11 >> "Authorization: Digest username="emissary", realm="EmissaryRealm", nonce="8Z64LX1NMY/zGDIjqhjmW5XrCvxM05N9", uri="/emissary/FailDirectory.action", response="39ef2148eeca23f20b15f9d652899fdc", qop=auth, nc=00000001, cnonce="61703bee6f08deda", algorithm=MD5[\r][\n]"
2023-12-12 00:43:59,843 [using logback-test.xml] DEBUG org.apache.hc.client5.http.wire -   - http-outgoing-11 >> "Content-Length: 195[\r][\n]"
2023-12-12 00:43:59,843 [using logback-test.xml] DEBUG org.apache.hc.client5.http.wire -   - http-outgoing-11 >> "Content-Type: application/x-www-form-urlencoded; charset=UTF-8[\r][\n]"
2023-12-12 00:43:59,843 [using logback-test.xml] DEBUG org.apache.hc.client5.http.wire -   - http-outgoing-11 >> "Host: localhost:7001[\r][\n]"
2023-12-12 00:43:59,843 [using logback-test.xml] DEBUG org.apache.hc.client5.http.wire -   - http-outgoing-11 >> "Connection: keep-alive[\r][\n]"
2023-12-12 00:43:59,843 [using logback-test.xml] DEBUG org.apache.hc.client5.http.wire -   - http-outgoing-11 >> "User-Agent: Apache-HttpClient/5.2.1 (Java/17.0.3)[\r][\n]"
2023-12-12 00:43:59,843 [using logback-test.xml] DEBUG org.apache.hc.client5.http.wire -   - http-outgoing-11 >> "[\r][\n]"
2023-12-12 00:43:59,843 [using logback-test.xml] DEBUG org.apache.hc.client5.http.wire -   - http-outgoing-11 >> "targetDir=http%3A%2F%2Flocalhost%3A7001%2FDirectoryPlace&dirFailName=EMISSARY_DIRECTORY_SERVICES.DIRECTORY.STUDY.http%3A%2F%2FderegisterPlaceActionTest%3A8001%2FDirectoryPlace&dirAddPropFlag=true"
2023-12-12 00:43:59,846 [using logback-test.xml] DEBUG org.apache.hc.client5.http.wire -   - http-outgoing-11 << "HTTP/1.1 200 OK[\r][\n]"
2023-12-12 00:43:59,846 [using logback-test.xml] DEBUG org.apache.hc.client5.http.wire -   - http-outgoing-11 << "Date: Tue, 12 Dec 2023 00:43:59 GMT[\r][\n]"
2023-12-12 00:43:59,846 [using logback-test.xml] DEBUG org.apache.hc.client5.http.wire -   - http-outgoing-11 << "Content-Type: text/plain[\r][\n]"
2023-12-12 00:43:59,846 [using logback-test.xml] DEBUG org.apache.hc.client5.http.wire -   - http-outgoing-11 << "Content-Length: 234[\r][\n]"
2023-12-12 00:43:59,846 [using logback-test.xml] DEBUG org.apache.hc.client5.http.wire -   - http-outgoing-11 << "Server: Jetty(10.0.15)[\r][\n]"
2023-12-12 00:43:59,846 [using logback-test.xml] DEBUG org.apache.hc.client5.http.wire -   - http-outgoing-11 << "[\r][\n]"
2023-12-12 00:43:59,846 [using logback-test.xml] DEBUG org.apache.hc.client5.http.wire -   - http-outgoing-11 << "Modified 0 entries from EMISSARY_DIRECTORY_SERVICES.DIRECTORY.STUDY.http://localhost:7001/DirectoryPlace$5050[1] due to failure of remote EMISSARY_DIRECTORY_SERVICES.DIRECTORY.STUDY.http://deregisterPlaceActionTest:8001/DirectoryPlace"
2023-12-12 00:43:59,846 [using logback-test.xml] DEBUG org.apache.hc.client5.http.headers -   - http-outgoing-11 << HTTP/1.1 200 OK
2023-12-12 00:43:59,846 [using logback-test.xml] DEBUG org.apache.hc.client5.http.headers -   - http-outgoing-11 << Date: Tue, 12 Dec 2023 00:43:59 GMT
2023-12-12 00:43:59,846 [using logback-test.xml] DEBUG org.apache.hc.client5.http.headers -   - http-outgoing-11 << Content-Type: text/plain
2023-12-12 00:43:59,846 [using logback-test.xml] DEBUG org.apache.hc.client5.http.headers -   - http-outgoing-11 << Content-Length: 234
2023-12-12 00:43:59,846 [using logback-test.xml] DEBUG org.apache.hc.client5.http.headers -   - http-outgoing-11 << Server: Jetty(10.0.15)
2023-12-12 00:43:59,846 [using logback-test.xml] DEBUG org.apache.hc.client5.http.impl.classic.MainClientExec -   - ex-0000000030 connection can be kept alive for 3 MINUTES
2023-12-12 00:43:59,846 [using logback-test.xml] DEBUG org.apache.hc.client5.http.impl.auth.HttpAuthenticator -   - ex-0000000030 Authentication succeeded
2023-12-12 00:43:59,847 [using logback-test.xml] DEBUG org.apache.hc.client5.http.impl.classic.InternalHttpClient -   - ep-0000000030 releasing valid endpoint
2023-12-12 00:43:59,847 [using logback-test.xml] DEBUG org.apache.hc.client5.http.impl.io.PoolingHttpClientConnectionManager -   - ep-0000000030 releasing endpoint
2023-12-12 00:43:59,847 [using logback-test.xml] DEBUG org.apache.hc.client5.http.impl.io.PoolingHttpClientConnectionManager -   - ep-0000000030 connection http-outgoing-11 can be kept alive for 3 MINUTES
2023-12-12 00:43:59,847 [using logback-test.xml] DEBUG org.apache.hc.client5.http.impl.io.PoolingHttpClientConnectionManager -   - ep-0000000030 connection released [route: {}->http://localhost:7001][total available: 1; route allocated: 1 of 5; total allocated: 1 of 200]
2023-12-12 00:43:59,847 [using logback-test.xml]  INFO emissary.directory.DirectoryPlace -   - Done shutting down DirectoryPlace
]]></system-out>
    <system-err><![CDATA[Dec 12, 2023 12:43:59 AM org.glassfish.jersey.test.jetty.JettyTestContainerFactory$JettyTestContainer <init>
INFO: Creating JettyTestContainer configured at the base URI http://localhost:<AVAILABLE-PORT>/
Dec 12, 2023 12:43:59 AM org.glassfish.jersey.test.jetty.JettyTestContainerFactory$JettyTestContainer start
INFO: Started JettyTestContainer at the base URI http://localhost:64749/
]]></system-err>
  </testcase>
  <testcase name="badParams(String)[2]" classname="emissary.server.mvc.internal.DeregisterPlaceActionTest" time="0.059">
    <system-out><![CDATA[2023-12-12 00:43:59,848 [using logback-test.xml]  INFO emissary.command.BaseCommand -   - PROJECT_BASE is set to /Users/connor/Projects/work/emissary/target 
2023-12-12 00:43:59,848 [using logback-test.xml]  INFO emissary.command.BaseCommand -   - Setting emissary.config.dir to /Users/connor/Projects/work/emissary/target/config 
2023-12-12 00:43:59,848 [using logback-test.xml]  INFO emissary.command.BaseCommand -   - Setting emissary.bin.dir to /Users/connor/Projects/work/emissary/target/bin 
2023-12-12 00:43:59,848 [using logback-test.xml]  INFO emissary.command.BaseCommand -   - Setting emissary.output.root to /Users/connor/Projects/work/emissary/target/localoutput 
2023-12-12 00:43:59,848 [using logback-test.xml]  INFO emissary.command.BaseCommand -   - Emissary error dir set to /Users/connor/Projects/work/emissary/target/localerror 
2023-12-12 00:43:59,848 [using logback-test.xml]  INFO emissary.command.BaseCommand -   - Setting emissary.node.name to localhost 
2023-12-12 00:43:59,848 [using logback-test.xml]  INFO emissary.command.BaseCommand -   - Setting emissary.node.port to 8001 
2023-12-12 00:43:59,848 [using logback-test.xml]  INFO emissary.command.BaseCommand -   - Setting emissary.node.scheme to http 
2023-12-12 00:43:59,848 [using logback-test.xml]  WARN emissary.command.BaseCommand -   - Not using /Users/connor/Projects/work/emissary/target/config/logback.xml, staying with test config file:/Users/connor/Projects/work/emissary/target/test-classes/logback-test.xml
2023-12-12 00:43:59,851 [using logback-test.xml]  INFO emissary.command.BaseCommand -   - Overriding current emissary.config.flavor null to CLUSTER 
2023-12-12 00:43:59,851 [using logback-test.xml]  INFO emissary.command.BaseCommand -   - PROJECT_BASE is set to /Users/connor/Projects/work/emissary/target 
2023-12-12 00:43:59,851 [using logback-test.xml]  INFO emissary.command.BaseCommand -   - Setting emissary.config.dir to /Users/connor/Projects/work/emissary/target/config 
2023-12-12 00:43:59,851 [using logback-test.xml]  INFO emissary.command.BaseCommand -   - Setting emissary.bin.dir to /Users/connor/Projects/work/emissary/target/bin 
2023-12-12 00:43:59,851 [using logback-test.xml]  INFO emissary.command.BaseCommand -   - Setting emissary.output.root to /Users/connor/Projects/work/emissary/target/localoutput 
2023-12-12 00:43:59,851 [using logback-test.xml]  INFO emissary.command.BaseCommand -   - Emissary error dir set to /Users/connor/Projects/work/emissary/target/localerror 
2023-12-12 00:43:59,851 [using logback-test.xml]  INFO emissary.command.BaseCommand -   - Setting emissary.config.flavor to CLUSTER 
2023-12-12 00:43:59,851 [using logback-test.xml]  INFO emissary.command.BaseCommand -   - Setting emissary.node.name to localhost 
2023-12-12 00:43:59,851 [using logback-test.xml]  INFO emissary.command.BaseCommand -   - Setting emissary.node.port to 8001 
2023-12-12 00:43:59,851 [using logback-test.xml]  INFO emissary.command.BaseCommand -   - Setting emissary.node.scheme to http 
2023-12-12 00:43:59,851 [using logback-test.xml]  WARN emissary.command.BaseCommand -   - Not using /Users/connor/Projects/work/emissary/target/config/logback.xml, staying with test config file:/Users/connor/Projects/work/emissary/target/test-classes/logback-test.xml
2023-12-12 00:43:59,852 [using logback-test.xml]  INFO emissary.command.BaseCommand -   - Overriding current emissary.config.flavor CLUSTER to CLUSTER 
2023-12-12 00:43:59,891 [using logback-test.xml] DEBUG emissary.config.ConfigUtil -   - Attempting flavor merge on <none>-CLUSTER
2023-12-12 00:43:59,891 [using logback-test.xml] DEBUG emissary.config.ConfigUtil -   - Loading config for (string) <none>-CLUSTER
2023-12-12 00:43:59,891 [using logback-test.xml] DEBUG emissary.config.ConfigUtil -   - No file config found using new style <none>-CLUSTER
2023-12-12 00:43:59,891 [using logback-test.xml] DEBUG emissary.config.ConfigUtil -   - No config data as resource for emissary/place/<none>-CLUSTER
2023-12-12 00:43:59,891 [using logback-test.xml] DEBUG emissary.config.ConfigUtil -   - No config data as resource for <none>-CLUSTER
2023-12-12 00:43:59,891 [using logback-test.xml] DEBUG emissary.config.ConfigUtil -   - No file config found using old style <none>-CLUSTER.cfg
2023-12-12 00:43:59,891 [using logback-test.xml] DEBUG emissary.config.ConfigUtil -   - Unable to opt import flavor config <none>-CLUSTER
2023-12-12 00:43:59,891 [using logback-test.xml] DEBUG emissary.config.ConfigUtil -   - Loading config for (string) peer-TestNode-1234567.cfg
2023-12-12 00:43:59,891 [using logback-test.xml] DEBUG emissary.config.ConfigUtil -   - No file config found using new style peer-TestNode-1234567.cfg
2023-12-12 00:43:59,891 [using logback-test.xml] DEBUG emissary.config.ConfigUtil -   - No config data as resource for emissary/place/peer-TestNode-1234567.cfg
2023-12-12 00:43:59,891 [using logback-test.xml] DEBUG emissary.config.ConfigUtil -   - No config data as resource for peer-TestNode-1234567.cfg
2023-12-12 00:43:59,891 [using logback-test.xml] DEBUG emissary.config.ConfigUtil -   - No file config found using old style peer-TestNode-1234567.cfg
2023-12-12 00:43:59,891 [using logback-test.xml] DEBUG emissary.config.ConfigUtil -   - Preference peer-TestNode-1234567.cfg not found
2023-12-12 00:43:59,891 [using logback-test.xml] DEBUG emissary.config.ConfigUtil -   - Loading config for (string) peer-TestNode.cfg
2023-12-12 00:43:59,891 [using logback-test.xml] DEBUG emissary.config.ConfigUtil -   - No file config found using new style peer-TestNode.cfg
2023-12-12 00:43:59,891 [using logback-test.xml] DEBUG emissary.config.ConfigUtil -   - No config data as resource for emissary/place/peer-TestNode.cfg
2023-12-12 00:43:59,891 [using logback-test.xml] DEBUG emissary.config.ConfigUtil -   - No config data as resource for peer-TestNode.cfg
2023-12-12 00:43:59,891 [using logback-test.xml] DEBUG emissary.config.ConfigUtil -   - No file config found using old style peer-TestNode.cfg
2023-12-12 00:43:59,891 [using logback-test.xml] DEBUG emissary.config.ConfigUtil -   - Preference peer-TestNode.cfg not found
2023-12-12 00:43:59,891 [using logback-test.xml] DEBUG emissary.config.ConfigUtil -   - Loading config for (string) peer-1234567.cfg
2023-12-12 00:43:59,891 [using logback-test.xml] DEBUG emissary.config.ConfigUtil -   - No file config found using new style peer-1234567.cfg
2023-12-12 00:43:59,891 [using logback-test.xml] DEBUG emissary.config.ConfigUtil -   - No config data as resource for emissary/place/peer-1234567.cfg
2023-12-12 00:43:59,891 [using logback-test.xml] DEBUG emissary.config.ConfigUtil -   - No config data as resource for peer-1234567.cfg
2023-12-12 00:43:59,891 [using logback-test.xml] DEBUG emissary.config.ConfigUtil -   - No file config found using old style peer-1234567.cfg
2023-12-12 00:43:59,891 [using logback-test.xml] DEBUG emissary.config.ConfigUtil -   - Preference peer-1234567.cfg not found
2023-12-12 00:43:59,891 [using logback-test.xml] DEBUG emissary.config.ConfigUtil -   - Loading config for (string) peer-mac_os_x.cfg
2023-12-12 00:43:59,891 [using logback-test.xml] DEBUG emissary.config.ConfigUtil -   - No file config found using new style peer-mac_os_x.cfg
2023-12-12 00:43:59,891 [using logback-test.xml] DEBUG emissary.config.ConfigUtil -   - No config data as resource for emissary/place/peer-mac_os_x.cfg
2023-12-12 00:43:59,891 [using logback-test.xml] DEBUG emissary.config.ConfigUtil -   - No config data as resource for peer-mac_os_x.cfg
2023-12-12 00:43:59,891 [using logback-test.xml] DEBUG emissary.config.ConfigUtil -   - No file config found using old style peer-mac_os_x.cfg
2023-12-12 00:43:59,891 [using logback-test.xml] DEBUG emissary.config.ConfigUtil -   - Preference peer-mac_os_x.cfg not found
2023-12-12 00:43:59,891 [using logback-test.xml] DEBUG emissary.config.ConfigUtil -   - Loading config for (string) peer.cfg
2023-12-12 00:43:59,891 [using logback-test.xml] DEBUG emissary.config.ConfigUtil -   - Found config data as file /Users/connor/Projects/work/emissary/target/config/peer.cfg
2023-12-12 00:43:59,891 [using logback-test.xml] DEBUG emissary.config.ConfigUtil -   - Attempting flavor merge on peer-CLUSTER.cfg
2023-12-12 00:43:59,891 [using logback-test.xml] DEBUG emissary.config.ConfigUtil -   - Loading config for (string) peer-CLUSTER.cfg
2023-12-12 00:43:59,892 [using logback-test.xml] DEBUG emissary.config.ConfigUtil -   - No file config found using new style peer-CLUSTER.cfg
2023-12-12 00:43:59,892 [using logback-test.xml] DEBUG emissary.config.ConfigUtil -   - No config data as resource for emissary/place/peer-CLUSTER.cfg
2023-12-12 00:43:59,892 [using logback-test.xml] DEBUG emissary.config.ConfigUtil -   - No config data as resource for peer-CLUSTER.cfg
2023-12-12 00:43:59,892 [using logback-test.xml] DEBUG emissary.config.ConfigUtil -   - No file config found using old style peer-CLUSTER.cfg
2023-12-12 00:43:59,892 [using logback-test.xml] DEBUG emissary.config.ConfigUtil -   - Unable to opt import flavor config peer-CLUSTER.cfg
2023-12-12 00:43:59,901 [using logback-test.xml] DEBUG org.apache.hc.client5.http.impl.classic.InternalHttpClient -   - ex-0000000031 preparing request execution
2023-12-12 00:43:59,901 [using logback-test.xml] DEBUG org.apache.hc.client5.http.impl.classic.ProtocolExec -   - ex-0000000031 target auth state: UNCHALLENGED
2023-12-12 00:43:59,901 [using logback-test.xml] DEBUG org.apache.hc.client5.http.impl.classic.ProtocolExec -   - ex-0000000031 proxy auth state: UNCHALLENGED
2023-12-12 00:43:59,901 [using logback-test.xml] DEBUG org.apache.hc.client5.http.impl.classic.ConnectExec -   - ex-0000000031 acquiring connection with route {}->http://localhost:8001
2023-12-12 00:43:59,901 [using logback-test.xml] DEBUG org.apache.hc.client5.http.impl.classic.InternalHttpClient -   - ex-0000000031 acquiring endpoint (300000 MILLISECONDS)
2023-12-12 00:43:59,901 [using logback-test.xml] DEBUG org.apache.hc.client5.http.impl.io.PoolingHttpClientConnectionManager -   - ex-0000000031 endpoint lease request (300000 MILLISECONDS) [route: {}->http://localhost:8001][total available: 1; route allocated: 0 of 5; total allocated: 1 of 200]
2023-12-12 00:43:59,901 [using logback-test.xml] DEBUG org.apache.hc.client5.http.impl.io.PoolingHttpClientConnectionManager -   - ex-0000000031 endpoint leased [route: {}->http://localhost:8001][total available: 1; route allocated: 1 of 5; total allocated: 2 of 200]
2023-12-12 00:43:59,901 [using logback-test.xml] DEBUG org.apache.hc.client5.http.impl.io.PoolingHttpClientConnectionManager -   - ex-0000000031 acquired ep-0000000031
2023-12-12 00:43:59,901 [using logback-test.xml] DEBUG org.apache.hc.client5.http.impl.classic.InternalHttpClient -   - ex-0000000031 acquired endpoint ep-0000000031
2023-12-12 00:43:59,901 [using logback-test.xml] DEBUG org.apache.hc.client5.http.impl.classic.ConnectExec -   - ex-0000000031 opening connection {}->http://localhost:8001
2023-12-12 00:43:59,902 [using logback-test.xml] DEBUG org.apache.hc.client5.http.impl.classic.InternalHttpClient -   - ep-0000000031 connecting endpoint (null)
2023-12-12 00:43:59,902 [using logback-test.xml] DEBUG org.apache.hc.client5.http.impl.io.PoolingHttpClientConnectionManager -   - ep-0000000031 connecting endpoint to http://localhost:8001 (600000 MILLISECONDS)
2023-12-12 00:43:59,902 [using logback-test.xml] DEBUG org.apache.hc.client5.http.impl.io.DefaultHttpClientConnectionOperator -   - localhost resolving remote address
2023-12-12 00:43:59,902 [using logback-test.xml] DEBUG org.apache.hc.client5.http.impl.io.DefaultHttpClientConnectionOperator -   - localhost resolved to [localhost/127.0.0.1]
2023-12-12 00:43:59,902 [using logback-test.xml] DEBUG org.apache.hc.client5.http.impl.io.DefaultHttpClientConnectionOperator -   - localhost:8001 connecting null->localhost/127.0.0.1:8001 (600000 MILLISECONDS)
2023-12-12 00:43:59,902 [using logback-test.xml] DEBUG org.apache.hc.client5.http.impl.io.DefaultHttpClientConnectionOperator -   - localhost:8001 connection to localhost/127.0.0.1:8001 failed (class java.net.ConnectException); terminating operation
2023-12-12 00:43:59,902 [using logback-test.xml] DEBUG org.apache.hc.client5.http.impl.io.DefaultManagedHttpClientConnection -   - http-outgoing-24 close connection IMMEDIATE
2023-12-12 00:43:59,902 [using logback-test.xml] DEBUG org.apache.hc.client5.http.impl.classic.InternalHttpClient -   - ep-0000000031 endpoint closed
2023-12-12 00:43:59,902 [using logback-test.xml] DEBUG org.apache.hc.client5.http.impl.classic.InternalHttpClient -   - ep-0000000031 discarding endpoint
2023-12-12 00:43:59,902 [using logback-test.xml] DEBUG org.apache.hc.client5.http.impl.io.PoolingHttpClientConnectionManager -   - ep-0000000031 releasing endpoint
2023-12-12 00:43:59,902 [using logback-test.xml] DEBUG org.apache.hc.client5.http.impl.io.PoolingHttpClientConnectionManager -   - ep-0000000031 connection is not kept alive
2023-12-12 00:43:59,902 [using logback-test.xml] DEBUG org.apache.hc.client5.http.impl.io.PoolingHttpClientConnectionManager -   - ep-0000000031 connection released [route: {}->http://localhost:8001][total available: 1; route allocated: 0 of 5; total allocated: 1 of 200]
2023-12-12 00:43:59,903 [using logback-test.xml] DEBUG org.apache.hc.client5.http.impl.classic.InternalHttpClient -   - ex-0000000032 preparing request execution
2023-12-12 00:43:59,903 [using logback-test.xml] DEBUG org.apache.hc.client5.http.impl.classic.ProtocolExec -   - ex-0000000032 target auth state: UNCHALLENGED
2023-12-12 00:43:59,903 [using logback-test.xml] DEBUG org.apache.hc.client5.http.impl.classic.ProtocolExec -   - ex-0000000032 proxy auth state: UNCHALLENGED
2023-12-12 00:43:59,903 [using logback-test.xml] DEBUG org.apache.hc.client5.http.impl.classic.ConnectExec -   - ex-0000000032 acquiring connection with route {}->http://localhost:9001
2023-12-12 00:43:59,903 [using logback-test.xml] DEBUG org.apache.hc.client5.http.impl.classic.InternalHttpClient -   - ex-0000000032 acquiring endpoint (300000 MILLISECONDS)
2023-12-12 00:43:59,903 [using logback-test.xml] DEBUG org.apache.hc.client5.http.impl.io.PoolingHttpClientConnectionManager -   - ex-0000000032 endpoint lease request (300000 MILLISECONDS) [route: {}->http://localhost:9001][total available: 1; route allocated: 0 of 5; total allocated: 1 of 200]
2023-12-12 00:43:59,903 [using logback-test.xml] DEBUG org.apache.hc.client5.http.impl.io.PoolingHttpClientConnectionManager -   - ex-0000000032 endpoint leased [route: {}->http://localhost:9001][total available: 1; route allocated: 1 of 5; total allocated: 2 of 200]
2023-12-12 00:43:59,903 [using logback-test.xml] DEBUG org.apache.hc.client5.http.impl.io.PoolingHttpClientConnectionManager -   - ex-0000000032 acquired ep-0000000032
2023-12-12 00:43:59,903 [using logback-test.xml] DEBUG org.apache.hc.client5.http.impl.classic.InternalHttpClient -   - ex-0000000032 acquired endpoint ep-0000000032
2023-12-12 00:43:59,903 [using logback-test.xml] DEBUG org.apache.hc.client5.http.impl.classic.ConnectExec -   - ex-0000000032 opening connection {}->http://localhost:9001
2023-12-12 00:43:59,903 [using logback-test.xml] DEBUG org.apache.hc.client5.http.impl.classic.InternalHttpClient -   - ep-0000000032 connecting endpoint (null)
2023-12-12 00:43:59,903 [using logback-test.xml] DEBUG org.apache.hc.client5.http.impl.io.PoolingHttpClientConnectionManager -   - ep-0000000032 connecting endpoint to http://localhost:9001 (600000 MILLISECONDS)
2023-12-12 00:43:59,903 [using logback-test.xml] DEBUG org.apache.hc.client5.http.impl.io.DefaultHttpClientConnectionOperator -   - localhost resolving remote address
2023-12-12 00:43:59,903 [using logback-test.xml] DEBUG org.apache.hc.client5.http.impl.io.DefaultHttpClientConnectionOperator -   - localhost resolved to [localhost/127.0.0.1]
2023-12-12 00:43:59,903 [using logback-test.xml] DEBUG org.apache.hc.client5.http.impl.io.DefaultHttpClientConnectionOperator -   - localhost:9001 connecting null->localhost/127.0.0.1:9001 (600000 MILLISECONDS)
2023-12-12 00:43:59,903 [using logback-test.xml] DEBUG org.apache.hc.client5.http.impl.io.DefaultHttpClientConnectionOperator -   - localhost:9001 connection to localhost/127.0.0.1:9001 failed (class java.net.ConnectException); terminating operation
2023-12-12 00:43:59,903 [using logback-test.xml] DEBUG org.apache.hc.client5.http.impl.io.DefaultManagedHttpClientConnection -   - http-outgoing-25 close connection IMMEDIATE
2023-12-12 00:43:59,903 [using logback-test.xml] DEBUG org.apache.hc.client5.http.impl.classic.InternalHttpClient -   - ep-0000000032 endpoint closed
2023-12-12 00:43:59,903 [using logback-test.xml] DEBUG org.apache.hc.client5.http.impl.classic.InternalHttpClient -   - ep-0000000032 discarding endpoint
2023-12-12 00:43:59,903 [using logback-test.xml] DEBUG org.apache.hc.client5.http.impl.io.PoolingHttpClientConnectionManager -   - ep-0000000032 releasing endpoint
2023-12-12 00:43:59,903 [using logback-test.xml] DEBUG org.apache.hc.client5.http.impl.io.PoolingHttpClientConnectionManager -   - ep-0000000032 connection is not kept alive
2023-12-12 00:43:59,903 [using logback-test.xml] DEBUG org.apache.hc.client5.http.impl.io.PoolingHttpClientConnectionManager -   - ep-0000000032 connection released [route: {}->http://localhost:9001][total available: 1; route allocated: 0 of 5; total allocated: 1 of 200]
2023-12-12 00:43:59,904 [using logback-test.xml] DEBUG org.apache.hc.client5.http.impl.classic.InternalHttpClient -   - ex-0000000033 preparing request execution
2023-12-12 00:43:59,904 [using logback-test.xml] DEBUG org.apache.hc.client5.http.impl.classic.ProtocolExec -   - ex-0000000033 target auth state: UNCHALLENGED
2023-12-12 00:43:59,904 [using logback-test.xml] DEBUG org.apache.hc.client5.http.impl.classic.ProtocolExec -   - ex-0000000033 proxy auth state: UNCHALLENGED
2023-12-12 00:43:59,904 [using logback-test.xml] DEBUG org.apache.hc.client5.http.impl.classic.ConnectExec -   - ex-0000000033 acquiring connection with route {}->http://localhost:7001
2023-12-12 00:43:59,904 [using logback-test.xml] DEBUG org.apache.hc.client5.http.impl.classic.InternalHttpClient -   - ex-0000000033 acquiring endpoint (300000 MILLISECONDS)
2023-12-12 00:43:59,904 [using logback-test.xml] DEBUG org.apache.hc.client5.http.impl.io.PoolingHttpClientConnectionManager -   - ex-0000000033 endpoint lease request (300000 MILLISECONDS) [route: {}->http://localhost:7001][total available: 1; route allocated: 1 of 5; total allocated: 1 of 200]
2023-12-12 00:43:59,904 [using logback-test.xml] DEBUG org.apache.hc.client5.http.impl.io.PoolingHttpClientConnectionManager -   - ex-0000000033 endpoint leased [route: {}->http://localhost:7001][total available: 0; route allocated: 1 of 5; total allocated: 1 of 200]
2023-12-12 00:43:59,904 [using logback-test.xml] DEBUG org.apache.hc.client5.http.impl.io.PoolingHttpClientConnectionManager -   - ex-0000000033 acquired ep-0000000033
2023-12-12 00:43:59,904 [using logback-test.xml] DEBUG org.apache.hc.client5.http.impl.classic.InternalHttpClient -   - ex-0000000033 acquired endpoint ep-0000000033
2023-12-12 00:43:59,904 [using logback-test.xml] DEBUG org.apache.hc.client5.http.impl.classic.MainClientExec -   - ex-0000000033 executing POST /emissary/FailDirectory.action HTTP/1.1
2023-12-12 00:43:59,904 [using logback-test.xml] DEBUG org.apache.hc.client5.http.protocol.RequestAddCookies -   - ex-0000000033 Cookie spec selected: strict
2023-12-12 00:43:59,904 [using logback-test.xml] DEBUG org.apache.hc.client5.http.impl.classic.InternalHttpClient -   - ep-0000000033 start execution ex-0000000033
2023-12-12 00:43:59,904 [using logback-test.xml] DEBUG org.apache.hc.client5.http.impl.io.PoolingHttpClientConnectionManager -   - ep-0000000033 executing exchange ex-0000000033 over http-outgoing-11
2023-12-12 00:43:59,904 [using logback-test.xml] DEBUG org.apache.hc.client5.http.headers -   - http-outgoing-11 >> POST /emissary/FailDirectory.action HTTP/1.1
2023-12-12 00:43:59,904 [using logback-test.xml] DEBUG org.apache.hc.client5.http.headers -   - http-outgoing-11 >> X-Requested-By: emissary
2023-12-12 00:43:59,904 [using logback-test.xml] DEBUG org.apache.hc.client5.http.headers -   - http-outgoing-11 >> Accept-Encoding: gzip, x-gzip, deflate
2023-12-12 00:43:59,904 [using logback-test.xml] DEBUG org.apache.hc.client5.http.headers -   - http-outgoing-11 >> Content-Length: 195
2023-12-12 00:43:59,904 [using logback-test.xml] DEBUG org.apache.hc.client5.http.headers -   - http-outgoing-11 >> Content-Type: application/x-www-form-urlencoded; charset=UTF-8
2023-12-12 00:43:59,904 [using logback-test.xml] DEBUG org.apache.hc.client5.http.headers -   - http-outgoing-11 >> Host: localhost:7001
2023-12-12 00:43:59,904 [using logback-test.xml] DEBUG org.apache.hc.client5.http.headers -   - http-outgoing-11 >> Connection: keep-alive
2023-12-12 00:43:59,904 [using logback-test.xml] DEBUG org.apache.hc.client5.http.headers -   - http-outgoing-11 >> User-Agent: Apache-HttpClient/5.2.1 (Java/17.0.3)
2023-12-12 00:43:59,904 [using logback-test.xml] DEBUG org.apache.hc.client5.http.wire -   - http-outgoing-11 >> "POST /emissary/FailDirectory.action HTTP/1.1[\r][\n]"
2023-12-12 00:43:59,904 [using logback-test.xml] DEBUG org.apache.hc.client5.http.wire -   - http-outgoing-11 >> "X-Requested-By: emissary[\r][\n]"
2023-12-12 00:43:59,904 [using logback-test.xml] DEBUG org.apache.hc.client5.http.wire -   - http-outgoing-11 >> "Accept-Encoding: gzip, x-gzip, deflate[\r][\n]"
2023-12-12 00:43:59,904 [using logback-test.xml] DEBUG org.apache.hc.client5.http.wire -   - http-outgoing-11 >> "Content-Length: 195[\r][\n]"
2023-12-12 00:43:59,904 [using logback-test.xml] DEBUG org.apache.hc.client5.http.wire -   - http-outgoing-11 >> "Content-Type: application/x-www-form-urlencoded; charset=UTF-8[\r][\n]"
2023-12-12 00:43:59,904 [using logback-test.xml] DEBUG org.apache.hc.client5.http.wire -   - http-outgoing-11 >> "Host: localhost:7001[\r][\n]"
2023-12-12 00:43:59,904 [using logback-test.xml] DEBUG org.apache.hc.client5.http.wire -   - http-outgoing-11 >> "Connection: keep-alive[\r][\n]"
2023-12-12 00:43:59,904 [using logback-test.xml] DEBUG org.apache.hc.client5.http.wire -   - http-outgoing-11 >> "User-Agent: Apache-HttpClient/5.2.1 (Java/17.0.3)[\r][\n]"
2023-12-12 00:43:59,904 [using logback-test.xml] DEBUG org.apache.hc.client5.http.wire -   - http-outgoing-11 >> "[\r][\n]"
2023-12-12 00:43:59,904 [using logback-test.xml] DEBUG org.apache.hc.client5.http.wire -   - http-outgoing-11 >> "targetDir=http%3A%2F%2Flocalhost%3A7001%2FDirectoryPlace&dirFailName=EMISSARY_DIRECTORY_SERVICES.DIRECTORY.STUDY.http%3A%2F%2FderegisterPlaceActionTest%3A8001%2FDirectoryPlace&dirAddPropFlag=true"
2023-12-12 00:43:59,905 [using logback-test.xml] DEBUG org.apache.hc.client5.http.wire -   - http-outgoing-11 << "HTTP/1.1 401 Unauthorized[\r][\n]"
2023-12-12 00:43:59,905 [using logback-test.xml] DEBUG org.apache.hc.client5.http.wire -   - http-outgoing-11 << "WWW-Authenticate: Digest realm="EmissaryRealm", domain="/", nonce="rWm6FoSYtWAuDe/Su/4nQFf4+PB6YsQz", algorithm=MD5, qop="auth", stale=false[\r][\n]"
2023-12-12 00:43:59,905 [using logback-test.xml] DEBUG org.apache.hc.client5.http.wire -   - http-outgoing-11 << "Cache-Control: must-revalidate,no-cache,no-store[\r][\n]"
2023-12-12 00:43:59,905 [using logback-test.xml] DEBUG org.apache.hc.client5.http.wire -   - http-outgoing-11 << "Content-Type: text/html;charset=iso-8859-1[\r][\n]"
2023-12-12 00:43:59,905 [using logback-test.xml] DEBUG org.apache.hc.client5.http.wire -   - http-outgoing-11 << "Content-Length: 473[\r][\n]"
2023-12-12 00:43:59,905 [using logback-test.xml] DEBUG org.apache.hc.client5.http.wire -   - http-outgoing-11 << "Server: Jetty(10.0.15)[\r][\n]"
2023-12-12 00:43:59,905 [using logback-test.xml] DEBUG org.apache.hc.client5.http.wire -   - http-outgoing-11 << "[\r][\n]"
2023-12-12 00:43:59,905 [using logback-test.xml] DEBUG org.apache.hc.client5.http.wire -   - http-outgoing-11 << "<html>[\n]"
2023-12-12 00:43:59,905 [using logback-test.xml] DEBUG org.apache.hc.client5.http.wire -   - http-outgoing-11 << "<head>[\n]"
2023-12-12 00:43:59,905 [using logback-test.xml] DEBUG org.apache.hc.client5.http.wire -   - http-outgoing-11 << "<meta http-equiv="Content-Type" content="text/html;charset=ISO-8859-1"/>[\n]"
2023-12-12 00:43:59,905 [using logback-test.xml] DEBUG org.apache.hc.client5.http.wire -   - http-outgoing-11 << "<title>Error 401 Unauthorized</title>[\n]"
2023-12-12 00:43:59,905 [using logback-test.xml] DEBUG org.apache.hc.client5.http.wire -   - http-outgoing-11 << "</head>[\n]"
2023-12-12 00:43:59,905 [using logback-test.xml] DEBUG org.apache.hc.client5.http.wire -   - http-outgoing-11 << "<body><h2>HTTP ERROR 401 Unauthorized</h2>[\n]"
2023-12-12 00:43:59,905 [using logback-test.xml] DEBUG org.apache.hc.client5.http.wire -   - http-outgoing-11 << "<table>[\n]"
2023-12-12 00:43:59,905 [using logback-test.xml] DEBUG org.apache.hc.client5.http.wire -   - http-outgoing-11 << "<tr><th>URI:</th><td>/emissary/FailDirectory.action</td></tr>[\n]"
2023-12-12 00:43:59,905 [using logback-test.xml] DEBUG org.apache.hc.client5.http.wire -   - http-outgoing-11 << "<tr><th>STATUS:</th><td>401</td></tr>[\n]"
2023-12-12 00:43:59,905 [using logback-test.xml] DEBUG org.apache.hc.client5.http.wire -   - http-outgoing-11 << "<tr><th>MESSAGE:</th><td>Unauthorized</td></tr>[\n]"
2023-12-12 00:43:59,905 [using logback-test.xml] DEBUG org.apache.hc.client5.http.wire -   - http-outgoing-11 << "<tr><th>SERVLET:</th><td>-</td></tr>[\n]"
2023-12-12 00:43:59,905 [using logback-test.xml] DEBUG org.apache.hc.client5.http.wire -   - http-outgoing-11 << "</table>[\n]"
2023-12-12 00:43:59,905 [using logback-test.xml] DEBUG org.apache.hc.client5.http.wire -   - http-outgoing-11 << "<hr/><a href="https://eclipse.org/jetty">Powered by Jetty:// 10.0.15</a><hr/>[\n]"
2023-12-12 00:43:59,905 [using logback-test.xml] DEBUG org.apache.hc.client5.http.wire -   - http-outgoing-11 << "[\n]"
2023-12-12 00:43:59,905 [using logback-test.xml] DEBUG org.apache.hc.client5.http.wire -   - http-outgoing-11 << "</body>[\n]"
2023-12-12 00:43:59,905 [using logback-test.xml] DEBUG org.apache.hc.client5.http.wire -   - http-outgoing-11 << "</html>[\n]"
2023-12-12 00:43:59,905 [using logback-test.xml] DEBUG org.apache.hc.client5.http.headers -   - http-outgoing-11 << HTTP/1.1 401 Unauthorized
2023-12-12 00:43:59,905 [using logback-test.xml] DEBUG org.apache.hc.client5.http.headers -   - http-outgoing-11 << WWW-Authenticate: Digest realm="EmissaryRealm", domain="/", nonce="rWm6FoSYtWAuDe/Su/4nQFf4+PB6YsQz", algorithm=MD5, qop="auth", stale=false
2023-12-12 00:43:59,905 [using logback-test.xml] DEBUG org.apache.hc.client5.http.headers -   - http-outgoing-11 << Cache-Control: must-revalidate,no-cache,no-store
2023-12-12 00:43:59,905 [using logback-test.xml] DEBUG org.apache.hc.client5.http.headers -   - http-outgoing-11 << Content-Type: text/html;charset=iso-8859-1
2023-12-12 00:43:59,905 [using logback-test.xml] DEBUG org.apache.hc.client5.http.headers -   - http-outgoing-11 << Content-Length: 473
2023-12-12 00:43:59,905 [using logback-test.xml] DEBUG org.apache.hc.client5.http.headers -   - http-outgoing-11 << Server: Jetty(10.0.15)
2023-12-12 00:43:59,905 [using logback-test.xml] DEBUG org.apache.hc.client5.http.impl.classic.MainClientExec -   - ex-0000000033 connection can be kept alive for 3 MINUTES
2023-12-12 00:43:59,905 [using logback-test.xml] DEBUG org.apache.hc.client5.http.impl.auth.HttpAuthenticator -   - ex-0000000033 Authentication required
2023-12-12 00:43:59,905 [using logback-test.xml] DEBUG org.apache.hc.client5.http.impl.auth.AuthCacheKeeper -   - ex-0000000033 Clearing cached auth scheme for http://localhost:7001/emissary/
2023-12-12 00:43:59,906 [using logback-test.xml] DEBUG org.apache.hc.client5.http.impl.auth.HttpAuthenticator -   - ex-0000000033 localhost:7001 requested authentication
2023-12-12 00:43:59,906 [using logback-test.xml] DEBUG org.apache.hc.client5.http.impl.DefaultAuthenticationStrategy -   - ex-0000000033 Authentication schemes in the order of preference: [Digest]
2023-12-12 00:43:59,906 [using logback-test.xml] DEBUG org.apache.hc.client5.http.impl.auth.HttpAuthenticator -   - ex-0000000033 Selecting authentication options
2023-12-12 00:43:59,906 [using logback-test.xml] DEBUG org.apache.hc.client5.http.impl.auth.HttpAuthenticator -   - ex-0000000033 Selected authentication options: [Digest{qop=auth, stale=false, domain=/, realm=EmissaryRealm, nonce=rWm6FoSYtWAuDe/Su/4nQFf4+PB6YsQz, algorithm=MD5}]
2023-12-12 00:43:59,906 [using logback-test.xml] DEBUG org.apache.hc.client5.http.impl.classic.ProtocolExec -   - ex-0000000033 target auth state: CHALLENGED
2023-12-12 00:43:59,906 [using logback-test.xml] DEBUG org.apache.hc.client5.http.impl.auth.HttpAuthenticator -   - ex-0000000033 Generating response to an authentication challenge using Digest scheme
2023-12-12 00:43:59,906 [using logback-test.xml] DEBUG org.apache.hc.client5.http.impl.classic.ProtocolExec -   - ex-0000000033 proxy auth state: UNCHALLENGED
2023-12-12 00:43:59,906 [using logback-test.xml] DEBUG org.apache.hc.client5.http.impl.classic.MainClientExec -   - ex-0000000033 executing POST /emissary/FailDirectory.action HTTP/1.1
2023-12-12 00:43:59,906 [using logback-test.xml] DEBUG org.apache.hc.client5.http.protocol.RequestAddCookies -   - ex-0000000033 Cookie spec selected: strict
2023-12-12 00:43:59,906 [using logback-test.xml] DEBUG org.apache.hc.client5.http.impl.classic.InternalHttpClient -   - ep-0000000033 start execution ex-0000000033
2023-12-12 00:43:59,906 [using logback-test.xml] DEBUG org.apache.hc.client5.http.impl.io.PoolingHttpClientConnectionManager -   - ep-0000000033 executing exchange ex-0000000033 over http-outgoing-11
2023-12-12 00:43:59,906 [using logback-test.xml] DEBUG org.apache.hc.client5.http.headers -   - http-outgoing-11 >> POST /emissary/FailDirectory.action HTTP/1.1
2023-12-12 00:43:59,906 [using logback-test.xml] DEBUG org.apache.hc.client5.http.headers -   - http-outgoing-11 >> X-Requested-By: emissary
2023-12-12 00:43:59,906 [using logback-test.xml] DEBUG org.apache.hc.client5.http.headers -   - http-outgoing-11 >> Authorization: Digest username="emissary", realm="EmissaryRealm", nonce="rWm6FoSYtWAuDe/Su/4nQFf4+PB6YsQz", uri="/emissary/FailDirectory.action", response="405db851a68aa51e52cb4a44b023b4e8", qop=auth, nc=00000001, cnonce="1cebd7dc8167965d", algorithm=MD5
2023-12-12 00:43:59,906 [using logback-test.xml] DEBUG org.apache.hc.client5.http.headers -   - http-outgoing-11 >> Content-Length: 195
2023-12-12 00:43:59,906 [using logback-test.xml] DEBUG org.apache.hc.client5.http.headers -   - http-outgoing-11 >> Content-Type: application/x-www-form-urlencoded; charset=UTF-8
2023-12-12 00:43:59,906 [using logback-test.xml] DEBUG org.apache.hc.client5.http.headers -   - http-outgoing-11 >> Host: localhost:7001
2023-12-12 00:43:59,906 [using logback-test.xml] DEBUG org.apache.hc.client5.http.headers -   - http-outgoing-11 >> Connection: keep-alive
2023-12-12 00:43:59,906 [using logback-test.xml] DEBUG org.apache.hc.client5.http.headers -   - http-outgoing-11 >> User-Agent: Apache-HttpClient/5.2.1 (Java/17.0.3)
2023-12-12 00:43:59,906 [using logback-test.xml] DEBUG org.apache.hc.client5.http.wire -   - http-outgoing-11 >> "POST /emissary/FailDirectory.action HTTP/1.1[\r][\n]"
2023-12-12 00:43:59,906 [using logback-test.xml] DEBUG org.apache.hc.client5.http.wire -   - http-outgoing-11 >> "X-Requested-By: emissary[\r][\n]"
2023-12-12 00:43:59,906 [using logback-test.xml] DEBUG org.apache.hc.client5.http.wire -   - http-outgoing-11 >> "Authorization: Digest username="emissary", realm="EmissaryRealm", nonce="rWm6FoSYtWAuDe/Su/4nQFf4+PB6YsQz", uri="/emissary/FailDirectory.action", response="405db851a68aa51e52cb4a44b023b4e8", qop=auth, nc=00000001, cnonce="1cebd7dc8167965d", algorithm=MD5[\r][\n]"
2023-12-12 00:43:59,906 [using logback-test.xml] DEBUG org.apache.hc.client5.http.wire -   - http-outgoing-11 >> "Content-Length: 195[\r][\n]"
2023-12-12 00:43:59,906 [using logback-test.xml] DEBUG org.apache.hc.client5.http.wire -   - http-outgoing-11 >> "Content-Type: application/x-www-form-urlencoded; charset=UTF-8[\r][\n]"
2023-12-12 00:43:59,906 [using logback-test.xml] DEBUG org.apache.hc.client5.http.wire -   - http-outgoing-11 >> "Host: localhost:7001[\r][\n]"
2023-12-12 00:43:59,906 [using logback-test.xml] DEBUG org.apache.hc.client5.http.wire -   - http-outgoing-11 >> "Connection: keep-alive[\r][\n]"
2023-12-12 00:43:59,906 [using logback-test.xml] DEBUG org.apache.hc.client5.http.wire -   - http-outgoing-11 >> "User-Agent: Apache-HttpClient/5.2.1 (Java/17.0.3)[\r][\n]"
2023-12-12 00:43:59,906 [using logback-test.xml] DEBUG org.apache.hc.client5.http.wire -   - http-outgoing-11 >> "[\r][\n]"
2023-12-12 00:43:59,906 [using logback-test.xml] DEBUG org.apache.hc.client5.http.wire -   - http-outgoing-11 >> "targetDir=http%3A%2F%2Flocalhost%3A7001%2FDirectoryPlace&dirFailName=EMISSARY_DIRECTORY_SERVICES.DIRECTORY.STUDY.http%3A%2F%2FderegisterPlaceActionTest%3A8001%2FDirectoryPlace&dirAddPropFlag=true"
2023-12-12 00:43:59,911 [using logback-test.xml] DEBUG org.apache.hc.client5.http.wire -   - http-outgoing-11 << "HTTP/1.1 200 OK[\r][\n]"
2023-12-12 00:43:59,911 [using logback-test.xml] DEBUG org.apache.hc.client5.http.wire -   - http-outgoing-11 << "Date: Tue, 12 Dec 2023 00:43:59 GMT[\r][\n]"
2023-12-12 00:43:59,911 [using logback-test.xml] DEBUG org.apache.hc.client5.http.wire -   - http-outgoing-11 << "Content-Type: text/plain[\r][\n]"
2023-12-12 00:43:59,911 [using logback-test.xml] DEBUG org.apache.hc.client5.http.wire -   - http-outgoing-11 << "Content-Length: 234[\r][\n]"
2023-12-12 00:43:59,911 [using logback-test.xml] DEBUG org.apache.hc.client5.http.wire -   - http-outgoing-11 << "Server: Jetty(10.0.15)[\r][\n]"
2023-12-12 00:43:59,911 [using logback-test.xml] DEBUG org.apache.hc.client5.http.wire -   - http-outgoing-11 << "[\r][\n]"
2023-12-12 00:43:59,911 [using logback-test.xml] DEBUG org.apache.hc.client5.http.wire -   - http-outgoing-11 << "Modified 0 entries from EMISSARY_DIRECTORY_SERVICES.DIRECTORY.STUDY.http://localhost:7001/DirectoryPlace$5050[1] due to failure of remote EMISSARY_DIRECTORY_SERVICES.DIRECTORY.STUDY.http://deregisterPlaceActionTest:8001/DirectoryPlace"
2023-12-12 00:43:59,911 [using logback-test.xml] DEBUG org.apache.hc.client5.http.headers -   - http-outgoing-11 << HTTP/1.1 200 OK
2023-12-12 00:43:59,911 [using logback-test.xml] DEBUG org.apache.hc.client5.http.headers -   - http-outgoing-11 << Date: Tue, 12 Dec 2023 00:43:59 GMT
2023-12-12 00:43:59,911 [using logback-test.xml] DEBUG org.apache.hc.client5.http.headers -   - http-outgoing-11 << Content-Type: text/plain
2023-12-12 00:43:59,911 [using logback-test.xml] DEBUG org.apache.hc.client5.http.headers -   - http-outgoing-11 << Content-Length: 234
2023-12-12 00:43:59,911 [using logback-test.xml] DEBUG org.apache.hc.client5.http.headers -   - http-outgoing-11 << Server: Jetty(10.0.15)
2023-12-12 00:43:59,911 [using logback-test.xml] DEBUG org.apache.hc.client5.http.impl.classic.MainClientExec -   - ex-0000000033 connection can be kept alive for 3 MINUTES
2023-12-12 00:43:59,911 [using logback-test.xml] DEBUG org.apache.hc.client5.http.impl.auth.HttpAuthenticator -   - ex-0000000033 Authentication succeeded
2023-12-12 00:43:59,911 [using logback-test.xml] DEBUG org.apache.hc.client5.http.impl.classic.InternalHttpClient -   - ep-0000000033 releasing valid endpoint
2023-12-12 00:43:59,911 [using logback-test.xml] DEBUG org.apache.hc.client5.http.impl.io.PoolingHttpClientConnectionManager -   - ep-0000000033 releasing endpoint
2023-12-12 00:43:59,911 [using logback-test.xml] DEBUG org.apache.hc.client5.http.impl.io.PoolingHttpClientConnectionManager -   - ep-0000000033 connection http-outgoing-11 can be kept alive for 3 MINUTES
2023-12-12 00:43:59,911 [using logback-test.xml] DEBUG org.apache.hc.client5.http.impl.io.PoolingHttpClientConnectionManager -   - ep-0000000033 connection released [route: {}->http://localhost:7001][total available: 1; route allocated: 1 of 5; total allocated: 1 of 200]
2023-12-12 00:43:59,911 [using logback-test.xml]  INFO emissary.directory.DirectoryPlace -   - Done shutting down DirectoryPlace
]]></system-out>
    <system-err><![CDATA[Dec 12, 2023 12:43:59 AM org.glassfish.jersey.test.jetty.JettyTestContainerFactory$JettyTestContainer <init>
INFO: Creating JettyTestContainer configured at the base URI http://localhost:<AVAILABLE-PORT>/
Dec 12, 2023 12:43:59 AM org.glassfish.jersey.test.jetty.JettyTestContainerFactory$JettyTestContainer start
INFO: Started JettyTestContainer at the base URI http://localhost:64755/
]]></system-err>
  </testcase>
  <testcase name="badParams(String)[3]" classname="emissary.server.mvc.internal.DeregisterPlaceActionTest" time="0.047">
    <system-out><![CDATA[2023-12-12 00:43:59,914 [using logback-test.xml]  INFO emissary.command.BaseCommand -   - PROJECT_BASE is set to /Users/connor/Projects/work/emissary/target 
2023-12-12 00:43:59,914 [using logback-test.xml]  INFO emissary.command.BaseCommand -   - Setting emissary.config.dir to /Users/connor/Projects/work/emissary/target/config 
2023-12-12 00:43:59,914 [using logback-test.xml]  INFO emissary.command.BaseCommand -   - Setting emissary.bin.dir to /Users/connor/Projects/work/emissary/target/bin 
2023-12-12 00:43:59,914 [using logback-test.xml]  INFO emissary.command.BaseCommand -   - Setting emissary.output.root to /Users/connor/Projects/work/emissary/target/localoutput 
2023-12-12 00:43:59,914 [using logback-test.xml]  INFO emissary.command.BaseCommand -   - Emissary error dir set to /Users/connor/Projects/work/emissary/target/localerror 
2023-12-12 00:43:59,914 [using logback-test.xml]  INFO emissary.command.BaseCommand -   - Setting emissary.node.name to localhost 
2023-12-12 00:43:59,914 [using logback-test.xml]  INFO emissary.command.BaseCommand -   - Setting emissary.node.port to 8001 
2023-12-12 00:43:59,914 [using logback-test.xml]  INFO emissary.command.BaseCommand -   - Setting emissary.node.scheme to http 
2023-12-12 00:43:59,914 [using logback-test.xml]  WARN emissary.command.BaseCommand -   - Not using /Users/connor/Projects/work/emissary/target/config/logback.xml, staying with test config file:/Users/connor/Projects/work/emissary/target/test-classes/logback-test.xml
2023-12-12 00:43:59,915 [using logback-test.xml]  INFO emissary.command.BaseCommand -   - Overriding current emissary.config.flavor null to CLUSTER 
2023-12-12 00:43:59,915 [using logback-test.xml]  INFO emissary.command.BaseCommand -   - PROJECT_BASE is set to /Users/connor/Projects/work/emissary/target 
2023-12-12 00:43:59,915 [using logback-test.xml]  INFO emissary.command.BaseCommand -   - Setting emissary.config.dir to /Users/connor/Projects/work/emissary/target/config 
2023-12-12 00:43:59,915 [using logback-test.xml]  INFO emissary.command.BaseCommand -   - Setting emissary.bin.dir to /Users/connor/Projects/work/emissary/target/bin 
2023-12-12 00:43:59,915 [using logback-test.xml]  INFO emissary.command.BaseCommand -   - Setting emissary.output.root to /Users/connor/Projects/work/emissary/target/localoutput 
2023-12-12 00:43:59,915 [using logback-test.xml]  INFO emissary.command.BaseCommand -   - Emissary error dir set to /Users/connor/Projects/work/emissary/target/localerror 
2023-12-12 00:43:59,915 [using logback-test.xml]  INFO emissary.command.BaseCommand -   - Setting emissary.config.flavor to CLUSTER 
2023-12-12 00:43:59,915 [using logback-test.xml]  INFO emissary.command.BaseCommand -   - Setting emissary.node.name to localhost 
2023-12-12 00:43:59,915 [using logback-test.xml]  INFO emissary.command.BaseCommand -   - Setting emissary.node.port to 8001 
2023-12-12 00:43:59,915 [using logback-test.xml]  INFO emissary.command.BaseCommand -   - Setting emissary.node.scheme to http 
2023-12-12 00:43:59,915 [using logback-test.xml]  WARN emissary.command.BaseCommand -   - Not using /Users/connor/Projects/work/emissary/target/config/logback.xml, staying with test config file:/Users/connor/Projects/work/emissary/target/test-classes/logback-test.xml
2023-12-12 00:43:59,916 [using logback-test.xml]  INFO emissary.command.BaseCommand -   - Overriding current emissary.config.flavor CLUSTER to CLUSTER 
2023-12-12 00:43:59,945 [using logback-test.xml] DEBUG emissary.config.ConfigUtil -   - Attempting flavor merge on <none>-CLUSTER
2023-12-12 00:43:59,945 [using logback-test.xml] DEBUG emissary.config.ConfigUtil -   - Loading config for (string) <none>-CLUSTER
2023-12-12 00:43:59,945 [using logback-test.xml] DEBUG emissary.config.ConfigUtil -   - No file config found using new style <none>-CLUSTER
2023-12-12 00:43:59,945 [using logback-test.xml] DEBUG emissary.config.ConfigUtil -   - No config data as resource for emissary/place/<none>-CLUSTER
2023-12-12 00:43:59,945 [using logback-test.xml] DEBUG emissary.config.ConfigUtil -   - No config data as resource for <none>-CLUSTER
2023-12-12 00:43:59,945 [using logback-test.xml] DEBUG emissary.config.ConfigUtil -   - No file config found using old style <none>-CLUSTER.cfg
2023-12-12 00:43:59,945 [using logback-test.xml] DEBUG emissary.config.ConfigUtil -   - Unable to opt import flavor config <none>-CLUSTER
2023-12-12 00:43:59,945 [using logback-test.xml] DEBUG emissary.config.ConfigUtil -   - Loading config for (string) peer-TestNode-1234567.cfg
2023-12-12 00:43:59,945 [using logback-test.xml] DEBUG emissary.config.ConfigUtil -   - No file config found using new style peer-TestNode-1234567.cfg
2023-12-12 00:43:59,945 [using logback-test.xml] DEBUG emissary.config.ConfigUtil -   - No config data as resource for emissary/place/peer-TestNode-1234567.cfg
2023-12-12 00:43:59,945 [using logback-test.xml] DEBUG emissary.config.ConfigUtil -   - No config data as resource for peer-TestNode-1234567.cfg
2023-12-12 00:43:59,946 [using logback-test.xml] DEBUG emissary.config.ConfigUtil -   - No file config found using old style peer-TestNode-1234567.cfg
2023-12-12 00:43:59,946 [using logback-test.xml] DEBUG emissary.config.ConfigUtil -   - Preference peer-TestNode-1234567.cfg not found
2023-12-12 00:43:59,946 [using logback-test.xml] DEBUG emissary.config.ConfigUtil -   - Loading config for (string) peer-TestNode.cfg
2023-12-12 00:43:59,946 [using logback-test.xml] DEBUG emissary.config.ConfigUtil -   - No file config found using new style peer-TestNode.cfg
2023-12-12 00:43:59,946 [using logback-test.xml] DEBUG emissary.config.ConfigUtil -   - No config data as resource for emissary/place/peer-TestNode.cfg
2023-12-12 00:43:59,946 [using logback-test.xml] DEBUG emissary.config.ConfigUtil -   - No config data as resource for peer-TestNode.cfg
2023-12-12 00:43:59,946 [using logback-test.xml] DEBUG emissary.config.ConfigUtil -   - No file config found using old style peer-TestNode.cfg
2023-12-12 00:43:59,946 [using logback-test.xml] DEBUG emissary.config.ConfigUtil -   - Preference peer-TestNode.cfg not found
2023-12-12 00:43:59,946 [using logback-test.xml] DEBUG emissary.config.ConfigUtil -   - Loading config for (string) peer-1234567.cfg
2023-12-12 00:43:59,946 [using logback-test.xml] DEBUG emissary.config.ConfigUtil -   - No file config found using new style peer-1234567.cfg
2023-12-12 00:43:59,946 [using logback-test.xml] DEBUG emissary.config.ConfigUtil -   - No config data as resource for emissary/place/peer-1234567.cfg
2023-12-12 00:43:59,946 [using logback-test.xml] DEBUG emissary.config.ConfigUtil -   - No config data as resource for peer-1234567.cfg
2023-12-12 00:43:59,946 [using logback-test.xml] DEBUG emissary.config.ConfigUtil -   - No file config found using old style peer-1234567.cfg
2023-12-12 00:43:59,946 [using logback-test.xml] DEBUG emissary.config.ConfigUtil -   - Preference peer-1234567.cfg not found
2023-12-12 00:43:59,946 [using logback-test.xml] DEBUG emissary.config.ConfigUtil -   - Loading config for (string) peer-mac_os_x.cfg
2023-12-12 00:43:59,946 [using logback-test.xml] DEBUG emissary.config.ConfigUtil -   - No file config found using new style peer-mac_os_x.cfg
2023-12-12 00:43:59,946 [using logback-test.xml] DEBUG emissary.config.ConfigUtil -   - No config data as resource for emissary/place/peer-mac_os_x.cfg
2023-12-12 00:43:59,946 [using logback-test.xml] DEBUG emissary.config.ConfigUtil -   - No config data as resource for peer-mac_os_x.cfg
2023-12-12 00:43:59,946 [using logback-test.xml] DEBUG emissary.config.ConfigUtil -   - No file config found using old style peer-mac_os_x.cfg
2023-12-12 00:43:59,946 [using logback-test.xml] DEBUG emissary.config.ConfigUtil -   - Preference peer-mac_os_x.cfg not found
2023-12-12 00:43:59,946 [using logback-test.xml] DEBUG emissary.config.ConfigUtil -   - Loading config for (string) peer.cfg
2023-12-12 00:43:59,946 [using logback-test.xml] DEBUG emissary.config.ConfigUtil -   - Found config data as file /Users/connor/Projects/work/emissary/target/config/peer.cfg
2023-12-12 00:43:59,946 [using logback-test.xml] DEBUG emissary.config.ConfigUtil -   - Attempting flavor merge on peer-CLUSTER.cfg
2023-12-12 00:43:59,946 [using logback-test.xml] DEBUG emissary.config.ConfigUtil -   - Loading config for (string) peer-CLUSTER.cfg
2023-12-12 00:43:59,946 [using logback-test.xml] DEBUG emissary.config.ConfigUtil -   - No file config found using new style peer-CLUSTER.cfg
2023-12-12 00:43:59,946 [using logback-test.xml] DEBUG emissary.config.ConfigUtil -   - No config data as resource for emissary/place/peer-CLUSTER.cfg
2023-12-12 00:43:59,946 [using logback-test.xml] DEBUG emissary.config.ConfigUtil -   - No config data as resource for peer-CLUSTER.cfg
2023-12-12 00:43:59,946 [using logback-test.xml] DEBUG emissary.config.ConfigUtil -   - No file config found using old style peer-CLUSTER.cfg
2023-12-12 00:43:59,946 [using logback-test.xml] DEBUG emissary.config.ConfigUtil -   - Unable to opt import flavor config peer-CLUSTER.cfg
2023-12-12 00:43:59,956 [using logback-test.xml] DEBUG org.apache.hc.client5.http.impl.classic.InternalHttpClient -   - ex-0000000034 preparing request execution
2023-12-12 00:43:59,956 [using logback-test.xml] DEBUG org.apache.hc.client5.http.impl.classic.ProtocolExec -   - ex-0000000034 target auth state: UNCHALLENGED
2023-12-12 00:43:59,956 [using logback-test.xml] DEBUG org.apache.hc.client5.http.impl.classic.ProtocolExec -   - ex-0000000034 proxy auth state: UNCHALLENGED
2023-12-12 00:43:59,956 [using logback-test.xml] DEBUG org.apache.hc.client5.http.impl.classic.ConnectExec -   - ex-0000000034 acquiring connection with route {}->http://localhost:8001
2023-12-12 00:43:59,956 [using logback-test.xml] DEBUG org.apache.hc.client5.http.impl.classic.InternalHttpClient -   - ex-0000000034 acquiring endpoint (300000 MILLISECONDS)
2023-12-12 00:43:59,956 [using logback-test.xml] DEBUG org.apache.hc.client5.http.impl.io.PoolingHttpClientConnectionManager -   - ex-0000000034 endpoint lease request (300000 MILLISECONDS) [route: {}->http://localhost:8001][total available: 1; route allocated: 0 of 5; total allocated: 1 of 200]
2023-12-12 00:43:59,956 [using logback-test.xml] DEBUG org.apache.hc.client5.http.impl.io.PoolingHttpClientConnectionManager -   - ex-0000000034 endpoint leased [route: {}->http://localhost:8001][total available: 1; route allocated: 1 of 5; total allocated: 2 of 200]
2023-12-12 00:43:59,956 [using logback-test.xml] DEBUG org.apache.hc.client5.http.impl.io.PoolingHttpClientConnectionManager -   - ex-0000000034 acquired ep-0000000034
2023-12-12 00:43:59,956 [using logback-test.xml] DEBUG org.apache.hc.client5.http.impl.classic.InternalHttpClient -   - ex-0000000034 acquired endpoint ep-0000000034
2023-12-12 00:43:59,956 [using logback-test.xml] DEBUG org.apache.hc.client5.http.impl.classic.ConnectExec -   - ex-0000000034 opening connection {}->http://localhost:8001
2023-12-12 00:43:59,956 [using logback-test.xml] DEBUG org.apache.hc.client5.http.impl.classic.InternalHttpClient -   - ep-0000000034 connecting endpoint (null)
2023-12-12 00:43:59,956 [using logback-test.xml] DEBUG org.apache.hc.client5.http.impl.io.PoolingHttpClientConnectionManager -   - ep-0000000034 connecting endpoint to http://localhost:8001 (600000 MILLISECONDS)
2023-12-12 00:43:59,956 [using logback-test.xml] DEBUG org.apache.hc.client5.http.impl.io.DefaultHttpClientConnectionOperator -   - localhost resolving remote address
2023-12-12 00:43:59,956 [using logback-test.xml] DEBUG org.apache.hc.client5.http.impl.io.DefaultHttpClientConnectionOperator -   - localhost resolved to [localhost/127.0.0.1]
2023-12-12 00:43:59,956 [using logback-test.xml] DEBUG org.apache.hc.client5.http.impl.io.DefaultHttpClientConnectionOperator -   - localhost:8001 connecting null->localhost/127.0.0.1:8001 (600000 MILLISECONDS)
2023-12-12 00:43:59,957 [using logback-test.xml] DEBUG org.apache.hc.client5.http.impl.io.DefaultHttpClientConnectionOperator -   - localhost:8001 connection to localhost/127.0.0.1:8001 failed (class java.net.ConnectException); terminating operation
2023-12-12 00:43:59,957 [using logback-test.xml] DEBUG org.apache.hc.client5.http.impl.io.DefaultManagedHttpClientConnection -   - http-outgoing-26 close connection IMMEDIATE
2023-12-12 00:43:59,957 [using logback-test.xml] DEBUG org.apache.hc.client5.http.impl.classic.InternalHttpClient -   - ep-0000000034 endpoint closed
2023-12-12 00:43:59,957 [using logback-test.xml] DEBUG org.apache.hc.client5.http.impl.classic.InternalHttpClient -   - ep-0000000034 discarding endpoint
2023-12-12 00:43:59,957 [using logback-test.xml] DEBUG org.apache.hc.client5.http.impl.io.PoolingHttpClientConnectionManager -   - ep-0000000034 releasing endpoint
2023-12-12 00:43:59,957 [using logback-test.xml] DEBUG org.apache.hc.client5.http.impl.io.PoolingHttpClientConnectionManager -   - ep-0000000034 connection is not kept alive
2023-12-12 00:43:59,957 [using logback-test.xml] DEBUG org.apache.hc.client5.http.impl.io.PoolingHttpClientConnectionManager -   - ep-0000000034 connection released [route: {}->http://localhost:8001][total available: 1; route allocated: 0 of 5; total allocated: 1 of 200]
2023-12-12 00:43:59,957 [using logback-test.xml] DEBUG org.apache.hc.client5.http.impl.classic.InternalHttpClient -   - ex-0000000035 preparing request execution
2023-12-12 00:43:59,957 [using logback-test.xml] DEBUG org.apache.hc.client5.http.impl.classic.ProtocolExec -   - ex-0000000035 target auth state: UNCHALLENGED
2023-12-12 00:43:59,957 [using logback-test.xml] DEBUG org.apache.hc.client5.http.impl.classic.ProtocolExec -   - ex-0000000035 proxy auth state: UNCHALLENGED
2023-12-12 00:43:59,957 [using logback-test.xml] DEBUG org.apache.hc.client5.http.impl.classic.ConnectExec -   - ex-0000000035 acquiring connection with route {}->http://localhost:9001
2023-12-12 00:43:59,957 [using logback-test.xml] DEBUG org.apache.hc.client5.http.impl.classic.InternalHttpClient -   - ex-0000000035 acquiring endpoint (300000 MILLISECONDS)
2023-12-12 00:43:59,957 [using logback-test.xml] DEBUG org.apache.hc.client5.http.impl.io.PoolingHttpClientConnectionManager -   - ex-0000000035 endpoint lease request (300000 MILLISECONDS) [route: {}->http://localhost:9001][total available: 1; route allocated: 0 of 5; total allocated: 1 of 200]
2023-12-12 00:43:59,957 [using logback-test.xml] DEBUG org.apache.hc.client5.http.impl.io.PoolingHttpClientConnectionManager -   - ex-0000000035 endpoint leased [route: {}->http://localhost:9001][total available: 1; route allocated: 1 of 5; total allocated: 2 of 200]
2023-12-12 00:43:59,957 [using logback-test.xml] DEBUG org.apache.hc.client5.http.impl.io.PoolingHttpClientConnectionManager -   - ex-0000000035 acquired ep-0000000035
2023-12-12 00:43:59,957 [using logback-test.xml] DEBUG org.apache.hc.client5.http.impl.classic.InternalHttpClient -   - ex-0000000035 acquired endpoint ep-0000000035
2023-12-12 00:43:59,957 [using logback-test.xml] DEBUG org.apache.hc.client5.http.impl.classic.ConnectExec -   - ex-0000000035 opening connection {}->http://localhost:9001
2023-12-12 00:43:59,957 [using logback-test.xml] DEBUG org.apache.hc.client5.http.impl.classic.InternalHttpClient -   - ep-0000000035 connecting endpoint (null)
2023-12-12 00:43:59,957 [using logback-test.xml] DEBUG org.apache.hc.client5.http.impl.io.PoolingHttpClientConnectionManager -   - ep-0000000035 connecting endpoint to http://localhost:9001 (600000 MILLISECONDS)
2023-12-12 00:43:59,957 [using logback-test.xml] DEBUG org.apache.hc.client5.http.impl.io.DefaultHttpClientConnectionOperator -   - localhost resolving remote address
2023-12-12 00:43:59,957 [using logback-test.xml] DEBUG org.apache.hc.client5.http.impl.io.DefaultHttpClientConnectionOperator -   - localhost resolved to [localhost/127.0.0.1]
2023-12-12 00:43:59,957 [using logback-test.xml] DEBUG org.apache.hc.client5.http.impl.io.DefaultHttpClientConnectionOperator -   - localhost:9001 connecting null->localhost/127.0.0.1:9001 (600000 MILLISECONDS)
2023-12-12 00:43:59,958 [using logback-test.xml] DEBUG org.apache.hc.client5.http.impl.io.DefaultHttpClientConnectionOperator -   - localhost:9001 connection to localhost/127.0.0.1:9001 failed (class java.net.ConnectException); terminating operation
2023-12-12 00:43:59,958 [using logback-test.xml] DEBUG org.apache.hc.client5.http.impl.io.DefaultManagedHttpClientConnection -   - http-outgoing-27 close connection IMMEDIATE
2023-12-12 00:43:59,958 [using logback-test.xml] DEBUG org.apache.hc.client5.http.impl.classic.InternalHttpClient -   - ep-0000000035 endpoint closed
2023-12-12 00:43:59,958 [using logback-test.xml] DEBUG org.apache.hc.client5.http.impl.classic.InternalHttpClient -   - ep-0000000035 discarding endpoint
2023-12-12 00:43:59,958 [using logback-test.xml] DEBUG org.apache.hc.client5.http.impl.io.PoolingHttpClientConnectionManager -   - ep-0000000035 releasing endpoint
2023-12-12 00:43:59,958 [using logback-test.xml] DEBUG org.apache.hc.client5.http.impl.io.PoolingHttpClientConnectionManager -   - ep-0000000035 connection is not kept alive
2023-12-12 00:43:59,958 [using logback-test.xml] DEBUG org.apache.hc.client5.http.impl.io.PoolingHttpClientConnectionManager -   - ep-0000000035 connection released [route: {}->http://localhost:9001][total available: 1; route allocated: 0 of 5; total allocated: 1 of 200]
2023-12-12 00:43:59,958 [using logback-test.xml] DEBUG org.apache.hc.client5.http.impl.classic.InternalHttpClient -   - ex-0000000036 preparing request execution
2023-12-12 00:43:59,958 [using logback-test.xml] DEBUG org.apache.hc.client5.http.impl.classic.ProtocolExec -   - ex-0000000036 target auth state: UNCHALLENGED
2023-12-12 00:43:59,958 [using logback-test.xml] DEBUG org.apache.hc.client5.http.impl.classic.ProtocolExec -   - ex-0000000036 proxy auth state: UNCHALLENGED
2023-12-12 00:43:59,958 [using logback-test.xml] DEBUG org.apache.hc.client5.http.impl.classic.ConnectExec -   - ex-0000000036 acquiring connection with route {}->http://localhost:7001
2023-12-12 00:43:59,958 [using logback-test.xml] DEBUG org.apache.hc.client5.http.impl.classic.InternalHttpClient -   - ex-0000000036 acquiring endpoint (300000 MILLISECONDS)
2023-12-12 00:43:59,958 [using logback-test.xml] DEBUG org.apache.hc.client5.http.impl.io.PoolingHttpClientConnectionManager -   - ex-0000000036 endpoint lease request (300000 MILLISECONDS) [route: {}->http://localhost:7001][total available: 1; route allocated: 1 of 5; total allocated: 1 of 200]
2023-12-12 00:43:59,958 [using logback-test.xml] DEBUG org.apache.hc.client5.http.impl.io.PoolingHttpClientConnectionManager -   - ex-0000000036 endpoint leased [route: {}->http://localhost:7001][total available: 0; route allocated: 1 of 5; total allocated: 1 of 200]
2023-12-12 00:43:59,958 [using logback-test.xml] DEBUG org.apache.hc.client5.http.impl.io.PoolingHttpClientConnectionManager -   - ex-0000000036 acquired ep-0000000036
2023-12-12 00:43:59,958 [using logback-test.xml] DEBUG org.apache.hc.client5.http.impl.classic.InternalHttpClient -   - ex-0000000036 acquired endpoint ep-0000000036
2023-12-12 00:43:59,958 [using logback-test.xml] DEBUG org.apache.hc.client5.http.impl.classic.MainClientExec -   - ex-0000000036 executing POST /emissary/FailDirectory.action HTTP/1.1
2023-12-12 00:43:59,958 [using logback-test.xml] DEBUG org.apache.hc.client5.http.protocol.RequestAddCookies -   - ex-0000000036 Cookie spec selected: strict
2023-12-12 00:43:59,958 [using logback-test.xml] DEBUG org.apache.hc.client5.http.impl.classic.InternalHttpClient -   - ep-0000000036 start execution ex-0000000036
2023-12-12 00:43:59,958 [using logback-test.xml] DEBUG org.apache.hc.client5.http.impl.io.PoolingHttpClientConnectionManager -   - ep-0000000036 executing exchange ex-0000000036 over http-outgoing-11
2023-12-12 00:43:59,958 [using logback-test.xml] DEBUG org.apache.hc.client5.http.headers -   - http-outgoing-11 >> POST /emissary/FailDirectory.action HTTP/1.1
2023-12-12 00:43:59,958 [using logback-test.xml] DEBUG org.apache.hc.client5.http.headers -   - http-outgoing-11 >> X-Requested-By: emissary
2023-12-12 00:43:59,958 [using logback-test.xml] DEBUG org.apache.hc.client5.http.headers -   - http-outgoing-11 >> Accept-Encoding: gzip, x-gzip, deflate
2023-12-12 00:43:59,958 [using logback-test.xml] DEBUG org.apache.hc.client5.http.headers -   - http-outgoing-11 >> Content-Length: 195
2023-12-12 00:43:59,958 [using logback-test.xml] DEBUG org.apache.hc.client5.http.headers -   - http-outgoing-11 >> Content-Type: application/x-www-form-urlencoded; charset=UTF-8
2023-12-12 00:43:59,958 [using logback-test.xml] DEBUG org.apache.hc.client5.http.headers -   - http-outgoing-11 >> Host: localhost:7001
2023-12-12 00:43:59,958 [using logback-test.xml] DEBUG org.apache.hc.client5.http.headers -   - http-outgoing-11 >> Connection: keep-alive
2023-12-12 00:43:59,958 [using logback-test.xml] DEBUG org.apache.hc.client5.http.headers -   - http-outgoing-11 >> User-Agent: Apache-HttpClient/5.2.1 (Java/17.0.3)
2023-12-12 00:43:59,958 [using logback-test.xml] DEBUG org.apache.hc.client5.http.wire -   - http-outgoing-11 >> "POST /emissary/FailDirectory.action HTTP/1.1[\r][\n]"
2023-12-12 00:43:59,958 [using logback-test.xml] DEBUG org.apache.hc.client5.http.wire -   - http-outgoing-11 >> "X-Requested-By: emissary[\r][\n]"
2023-12-12 00:43:59,958 [using logback-test.xml] DEBUG org.apache.hc.client5.http.wire -   - http-outgoing-11 >> "Accept-Encoding: gzip, x-gzip, deflate[\r][\n]"
2023-12-12 00:43:59,958 [using logback-test.xml] DEBUG org.apache.hc.client5.http.wire -   - http-outgoing-11 >> "Content-Length: 195[\r][\n]"
2023-12-12 00:43:59,958 [using logback-test.xml] DEBUG org.apache.hc.client5.http.wire -   - http-outgoing-11 >> "Content-Type: application/x-www-form-urlencoded; charset=UTF-8[\r][\n]"
2023-12-12 00:43:59,958 [using logback-test.xml] DEBUG org.apache.hc.client5.http.wire -   - http-outgoing-11 >> "Host: localhost:7001[\r][\n]"
2023-12-12 00:43:59,958 [using logback-test.xml] DEBUG org.apache.hc.client5.http.wire -   - http-outgoing-11 >> "Connection: keep-alive[\r][\n]"
2023-12-12 00:43:59,958 [using logback-test.xml] DEBUG org.apache.hc.client5.http.wire -   - http-outgoing-11 >> "User-Agent: Apache-HttpClient/5.2.1 (Java/17.0.3)[\r][\n]"
2023-12-12 00:43:59,958 [using logback-test.xml] DEBUG org.apache.hc.client5.http.wire -   - http-outgoing-11 >> "[\r][\n]"
2023-12-12 00:43:59,958 [using logback-test.xml] DEBUG org.apache.hc.client5.http.wire -   - http-outgoing-11 >> "targetDir=http%3A%2F%2Flocalhost%3A7001%2FDirectoryPlace&dirFailName=EMISSARY_DIRECTORY_SERVICES.DIRECTORY.STUDY.http%3A%2F%2FderegisterPlaceActionTest%3A8001%2FDirectoryPlace&dirAddPropFlag=true"
2023-12-12 00:43:59,959 [using logback-test.xml] DEBUG org.apache.hc.client5.http.wire -   - http-outgoing-11 << "HTTP/1.1 401 Unauthorized[\r][\n]"
2023-12-12 00:43:59,959 [using logback-test.xml] DEBUG org.apache.hc.client5.http.wire -   - http-outgoing-11 << "WWW-Authenticate: Digest realm="EmissaryRealm", domain="/", nonce="JA73/Pc8w5S6IrRRySYXyw3EVlWNjPGn", algorithm=MD5, qop="auth", stale=false[\r][\n]"
2023-12-12 00:43:59,959 [using logback-test.xml] DEBUG org.apache.hc.client5.http.wire -   - http-outgoing-11 << "Cache-Control: must-revalidate,no-cache,no-store[\r][\n]"
2023-12-12 00:43:59,959 [using logback-test.xml] DEBUG org.apache.hc.client5.http.wire -   - http-outgoing-11 << "Content-Type: text/html;charset=iso-8859-1[\r][\n]"
2023-12-12 00:43:59,959 [using logback-test.xml] DEBUG org.apache.hc.client5.http.wire -   - http-outgoing-11 << "Content-Length: 473[\r][\n]"
2023-12-12 00:43:59,959 [using logback-test.xml] DEBUG org.apache.hc.client5.http.wire -   - http-outgoing-11 << "Server: Jetty(10.0.15)[\r][\n]"
2023-12-12 00:43:59,959 [using logback-test.xml] DEBUG org.apache.hc.client5.http.wire -   - http-outgoing-11 << "[\r][\n]"
2023-12-12 00:43:59,959 [using logback-test.xml] DEBUG org.apache.hc.client5.http.wire -   - http-outgoing-11 << "<html>[\n]"
2023-12-12 00:43:59,959 [using logback-test.xml] DEBUG org.apache.hc.client5.http.wire -   - http-outgoing-11 << "<head>[\n]"
2023-12-12 00:43:59,959 [using logback-test.xml] DEBUG org.apache.hc.client5.http.wire -   - http-outgoing-11 << "<meta http-equiv="Content-Type" content="text/html;charset=ISO-8859-1"/>[\n]"
2023-12-12 00:43:59,959 [using logback-test.xml] DEBUG org.apache.hc.client5.http.wire -   - http-outgoing-11 << "<title>Error 401 Unauthorized</title>[\n]"
2023-12-12 00:43:59,959 [using logback-test.xml] DEBUG org.apache.hc.client5.http.wire -   - http-outgoing-11 << "</head>[\n]"
2023-12-12 00:43:59,959 [using logback-test.xml] DEBUG org.apache.hc.client5.http.wire -   - http-outgoing-11 << "<body><h2>HTTP ERROR 401 Unauthorized</h2>[\n]"
2023-12-12 00:43:59,959 [using logback-test.xml] DEBUG org.apache.hc.client5.http.wire -   - http-outgoing-11 << "<table>[\n]"
2023-12-12 00:43:59,959 [using logback-test.xml] DEBUG org.apache.hc.client5.http.wire -   - http-outgoing-11 << "<tr><th>URI:</th><td>/emissary/FailDirectory.action</td></tr>[\n]"
2023-12-12 00:43:59,959 [using logback-test.xml] DEBUG org.apache.hc.client5.http.wire -   - http-outgoing-11 << "<tr><th>STATUS:</th><td>401</td></tr>[\n]"
2023-12-12 00:43:59,959 [using logback-test.xml] DEBUG org.apache.hc.client5.http.wire -   - http-outgoing-11 << "<tr><th>MESSAGE:</th><td>Unauthorized</td></tr>[\n]"
2023-12-12 00:43:59,959 [using logback-test.xml] DEBUG org.apache.hc.client5.http.wire -   - http-outgoing-11 << "<tr><th>SERVLET:</th><td>-</td></tr>[\n]"
2023-12-12 00:43:59,959 [using logback-test.xml] DEBUG org.apache.hc.client5.http.wire -   - http-outgoing-11 << "</table>[\n]"
2023-12-12 00:43:59,959 [using logback-test.xml] DEBUG org.apache.hc.client5.http.wire -   - http-outgoing-11 << "<hr/><a href="https://eclipse.org/jetty">Powered by Jetty:// 10.0.15</a><hr/>[\n]"
2023-12-12 00:43:59,959 [using logback-test.xml] DEBUG org.apache.hc.client5.http.wire -   - http-outgoing-11 << "[\n]"
2023-12-12 00:43:59,959 [using logback-test.xml] DEBUG org.apache.hc.client5.http.wire -   - http-outgoing-11 << "</body>[\n]"
2023-12-12 00:43:59,959 [using logback-test.xml] DEBUG org.apache.hc.client5.http.wire -   - http-outgoing-11 << "</html>[\n]"
2023-12-12 00:43:59,959 [using logback-test.xml] DEBUG org.apache.hc.client5.http.headers -   - http-outgoing-11 << HTTP/1.1 401 Unauthorized
2023-12-12 00:43:59,959 [using logback-test.xml] DEBUG org.apache.hc.client5.http.headers -   - http-outgoing-11 << WWW-Authenticate: Digest realm="EmissaryRealm", domain="/", nonce="JA73/Pc8w5S6IrRRySYXyw3EVlWNjPGn", algorithm=MD5, qop="auth", stale=false
2023-12-12 00:43:59,959 [using logback-test.xml] DEBUG org.apache.hc.client5.http.headers -   - http-outgoing-11 << Cache-Control: must-revalidate,no-cache,no-store
2023-12-12 00:43:59,959 [using logback-test.xml] DEBUG org.apache.hc.client5.http.headers -   - http-outgoing-11 << Content-Type: text/html;charset=iso-8859-1
2023-12-12 00:43:59,959 [using logback-test.xml] DEBUG org.apache.hc.client5.http.headers -   - http-outgoing-11 << Content-Length: 473
2023-12-12 00:43:59,959 [using logback-test.xml] DEBUG org.apache.hc.client5.http.headers -   - http-outgoing-11 << Server: Jetty(10.0.15)
2023-12-12 00:43:59,960 [using logback-test.xml] DEBUG org.apache.hc.client5.http.impl.classic.MainClientExec -   - ex-0000000036 connection can be kept alive for 3 MINUTES
2023-12-12 00:43:59,960 [using logback-test.xml] DEBUG org.apache.hc.client5.http.impl.auth.HttpAuthenticator -   - ex-0000000036 Authentication required
2023-12-12 00:43:59,960 [using logback-test.xml] DEBUG org.apache.hc.client5.http.impl.auth.AuthCacheKeeper -   - ex-0000000036 Clearing cached auth scheme for http://localhost:7001/emissary/
2023-12-12 00:43:59,960 [using logback-test.xml] DEBUG org.apache.hc.client5.http.impl.auth.HttpAuthenticator -   - ex-0000000036 localhost:7001 requested authentication
2023-12-12 00:43:59,960 [using logback-test.xml] DEBUG org.apache.hc.client5.http.impl.DefaultAuthenticationStrategy -   - ex-0000000036 Authentication schemes in the order of preference: [Digest]
2023-12-12 00:43:59,960 [using logback-test.xml] DEBUG org.apache.hc.client5.http.impl.auth.HttpAuthenticator -   - ex-0000000036 Selecting authentication options
2023-12-12 00:43:59,960 [using logback-test.xml] DEBUG org.apache.hc.client5.http.impl.auth.HttpAuthenticator -   - ex-0000000036 Selected authentication options: [Digest{qop=auth, stale=false, domain=/, realm=EmissaryRealm, nonce=JA73/Pc8w5S6IrRRySYXyw3EVlWNjPGn, algorithm=MD5}]
2023-12-12 00:43:59,960 [using logback-test.xml] DEBUG org.apache.hc.client5.http.impl.classic.ProtocolExec -   - ex-0000000036 target auth state: CHALLENGED
2023-12-12 00:43:59,960 [using logback-test.xml] DEBUG org.apache.hc.client5.http.impl.auth.HttpAuthenticator -   - ex-0000000036 Generating response to an authentication challenge using Digest scheme
2023-12-12 00:43:59,960 [using logback-test.xml] DEBUG org.apache.hc.client5.http.impl.classic.ProtocolExec -   - ex-0000000036 proxy auth state: UNCHALLENGED
2023-12-12 00:43:59,960 [using logback-test.xml] DEBUG org.apache.hc.client5.http.impl.classic.MainClientExec -   - ex-0000000036 executing POST /emissary/FailDirectory.action HTTP/1.1
2023-12-12 00:43:59,960 [using logback-test.xml] DEBUG org.apache.hc.client5.http.protocol.RequestAddCookies -   - ex-0000000036 Cookie spec selected: strict
2023-12-12 00:43:59,960 [using logback-test.xml] DEBUG org.apache.hc.client5.http.impl.classic.InternalHttpClient -   - ep-0000000036 start execution ex-0000000036
2023-12-12 00:43:59,960 [using logback-test.xml] DEBUG org.apache.hc.client5.http.impl.io.PoolingHttpClientConnectionManager -   - ep-0000000036 executing exchange ex-0000000036 over http-outgoing-11
2023-12-12 00:43:59,960 [using logback-test.xml] DEBUG org.apache.hc.client5.http.headers -   - http-outgoing-11 >> POST /emissary/FailDirectory.action HTTP/1.1
2023-12-12 00:43:59,960 [using logback-test.xml] DEBUG org.apache.hc.client5.http.headers -   - http-outgoing-11 >> X-Requested-By: emissary
2023-12-12 00:43:59,960 [using logback-test.xml] DEBUG org.apache.hc.client5.http.headers -   - http-outgoing-11 >> Authorization: Digest username="emissary", realm="EmissaryRealm", nonce="JA73/Pc8w5S6IrRRySYXyw3EVlWNjPGn", uri="/emissary/FailDirectory.action", response="3f96af50948b2dbe1e2fd33df92fb245", qop=auth, nc=00000001, cnonce="09825ffa5e32be13", algorithm=MD5
2023-12-12 00:43:59,960 [using logback-test.xml] DEBUG org.apache.hc.client5.http.headers -   - http-outgoing-11 >> Content-Length: 195
2023-12-12 00:43:59,960 [using logback-test.xml] DEBUG org.apache.hc.client5.http.headers -   - http-outgoing-11 >> Content-Type: application/x-www-form-urlencoded; charset=UTF-8
2023-12-12 00:43:59,960 [using logback-test.xml] DEBUG org.apache.hc.client5.http.headers -   - http-outgoing-11 >> Host: localhost:7001
2023-12-12 00:43:59,960 [using logback-test.xml] DEBUG org.apache.hc.client5.http.headers -   - http-outgoing-11 >> Connection: keep-alive
2023-12-12 00:43:59,960 [using logback-test.xml] DEBUG org.apache.hc.client5.http.headers -   - http-outgoing-11 >> User-Agent: Apache-HttpClient/5.2.1 (Java/17.0.3)
2023-12-12 00:43:59,960 [using logback-test.xml] DEBUG org.apache.hc.client5.http.wire -   - http-outgoing-11 >> "POST /emissary/FailDirectory.action HTTP/1.1[\r][\n]"
2023-12-12 00:43:59,960 [using logback-test.xml] DEBUG org.apache.hc.client5.http.wire -   - http-outgoing-11 >> "X-Requested-By: emissary[\r][\n]"
2023-12-12 00:43:59,960 [using logback-test.xml] DEBUG org.apache.hc.client5.http.wire -   - http-outgoing-11 >> "Authorization: Digest username="emissary", realm="EmissaryRealm", nonce="JA73/Pc8w5S6IrRRySYXyw3EVlWNjPGn", uri="/emissary/FailDirectory.action", response="3f96af50948b2dbe1e2fd33df92fb245", qop=auth, nc=00000001, cnonce="09825ffa5e32be13", algorithm=MD5[\r][\n]"
2023-12-12 00:43:59,960 [using logback-test.xml] DEBUG org.apache.hc.client5.http.wire -   - http-outgoing-11 >> "Content-Length: 195[\r][\n]"
2023-12-12 00:43:59,960 [using logback-test.xml] DEBUG org.apache.hc.client5.http.wire -   - http-outgoing-11 >> "Content-Type: application/x-www-form-urlencoded; charset=UTF-8[\r][\n]"
2023-12-12 00:43:59,960 [using logback-test.xml] DEBUG org.apache.hc.client5.http.wire -   - http-outgoing-11 >> "Host: localhost:7001[\r][\n]"
2023-12-12 00:43:59,960 [using logback-test.xml] DEBUG org.apache.hc.client5.http.wire -   - http-outgoing-11 >> "Connection: keep-alive[\r][\n]"
2023-12-12 00:43:59,960 [using logback-test.xml] DEBUG org.apache.hc.client5.http.wire -   - http-outgoing-11 >> "User-Agent: Apache-HttpClient/5.2.1 (Java/17.0.3)[\r][\n]"
2023-12-12 00:43:59,960 [using logback-test.xml] DEBUG org.apache.hc.client5.http.wire -   - http-outgoing-11 >> "[\r][\n]"
2023-12-12 00:43:59,960 [using logback-test.xml] DEBUG org.apache.hc.client5.http.wire -   - http-outgoing-11 >> "targetDir=http%3A%2F%2Flocalhost%3A7001%2FDirectoryPlace&dirFailName=EMISSARY_DIRECTORY_SERVICES.DIRECTORY.STUDY.http%3A%2F%2FderegisterPlaceActionTest%3A8001%2FDirectoryPlace&dirAddPropFlag=true"
2023-12-12 00:43:59,962 [using logback-test.xml] DEBUG org.apache.hc.client5.http.wire -   - http-outgoing-11 << "HTTP/1.1 200 OK[\r][\n]"
2023-12-12 00:43:59,962 [using logback-test.xml] DEBUG org.apache.hc.client5.http.wire -   - http-outgoing-11 << "Date: Tue, 12 Dec 2023 00:43:59 GMT[\r][\n]"
2023-12-12 00:43:59,962 [using logback-test.xml] DEBUG org.apache.hc.client5.http.wire -   - http-outgoing-11 << "Content-Type: text/plain[\r][\n]"
2023-12-12 00:43:59,962 [using logback-test.xml] DEBUG org.apache.hc.client5.http.wire -   - http-outgoing-11 << "Content-Length: 234[\r][\n]"
2023-12-12 00:43:59,962 [using logback-test.xml] DEBUG org.apache.hc.client5.http.wire -   - http-outgoing-11 << "Server: Jetty(10.0.15)[\r][\n]"
2023-12-12 00:43:59,962 [using logback-test.xml] DEBUG org.apache.hc.client5.http.wire -   - http-outgoing-11 << "[\r][\n]"
2023-12-12 00:43:59,962 [using logback-test.xml] DEBUG org.apache.hc.client5.http.wire -   - http-outgoing-11 << "Modified 0 entries from EMISSARY_DIRECTORY_SERVICES.DIRECTORY.STUDY.http://localhost:7001/DirectoryPlace$5050[1] due to failure of remote EMISSARY_DIRECTORY_SERVICES.DIRECTORY.STUDY.http://deregisterPlaceActionTest:8001/DirectoryPlace"
2023-12-12 00:43:59,962 [using logback-test.xml] DEBUG org.apache.hc.client5.http.headers -   - http-outgoing-11 << HTTP/1.1 200 OK
2023-12-12 00:43:59,962 [using logback-test.xml] DEBUG org.apache.hc.client5.http.headers -   - http-outgoing-11 << Date: Tue, 12 Dec 2023 00:43:59 GMT
2023-12-12 00:43:59,962 [using logback-test.xml] DEBUG org.apache.hc.client5.http.headers -   - http-outgoing-11 << Content-Type: text/plain
2023-12-12 00:43:59,962 [using logback-test.xml] DEBUG org.apache.hc.client5.http.headers -   - http-outgoing-11 << Content-Length: 234
2023-12-12 00:43:59,962 [using logback-test.xml] DEBUG org.apache.hc.client5.http.headers -   - http-outgoing-11 << Server: Jetty(10.0.15)
2023-12-12 00:43:59,963 [using logback-test.xml] DEBUG org.apache.hc.client5.http.impl.classic.MainClientExec -   - ex-0000000036 connection can be kept alive for 3 MINUTES
2023-12-12 00:43:59,963 [using logback-test.xml] DEBUG org.apache.hc.client5.http.impl.auth.HttpAuthenticator -   - ex-0000000036 Authentication succeeded
2023-12-12 00:43:59,963 [using logback-test.xml] DEBUG org.apache.hc.client5.http.impl.classic.InternalHttpClient -   - ep-0000000036 releasing valid endpoint
2023-12-12 00:43:59,963 [using logback-test.xml] DEBUG org.apache.hc.client5.http.impl.io.PoolingHttpClientConnectionManager -   - ep-0000000036 releasing endpoint
2023-12-12 00:43:59,963 [using logback-test.xml] DEBUG org.apache.hc.client5.http.impl.io.PoolingHttpClientConnectionManager -   - ep-0000000036 connection http-outgoing-11 can be kept alive for 3 MINUTES
2023-12-12 00:43:59,963 [using logback-test.xml] DEBUG org.apache.hc.client5.http.impl.io.PoolingHttpClientConnectionManager -   - ep-0000000036 connection released [route: {}->http://localhost:7001][total available: 1; route allocated: 1 of 5; total allocated: 1 of 200]
2023-12-12 00:43:59,963 [using logback-test.xml]  INFO emissary.directory.DirectoryPlace -   - Done shutting down DirectoryPlace
]]></system-out>
    <system-err><![CDATA[Dec 12, 2023 12:43:59 AM org.glassfish.jersey.test.jetty.JettyTestContainerFactory$JettyTestContainer <init>
INFO: Creating JettyTestContainer configured at the base URI http://localhost:<AVAILABLE-PORT>/
Dec 12, 2023 12:43:59 AM org.glassfish.jersey.test.jetty.JettyTestContainerFactory$JettyTestContainer start
INFO: Started JettyTestContainer at the base URI http://localhost:64760/
]]></system-err>
  </testcase>
  <testcase name="badParams(String)[4]" classname="emissary.server.mvc.internal.DeregisterPlaceActionTest" time="0.053">
    <system-out><![CDATA[2023-12-12 00:43:59,964 [using logback-test.xml]  INFO emissary.command.BaseCommand -   - PROJECT_BASE is set to /Users/connor/Projects/work/emissary/target 
2023-12-12 00:43:59,964 [using logback-test.xml]  INFO emissary.command.BaseCommand -   - Setting emissary.config.dir to /Users/connor/Projects/work/emissary/target/config 
2023-12-12 00:43:59,964 [using logback-test.xml]  INFO emissary.command.BaseCommand -   - Setting emissary.bin.dir to /Users/connor/Projects/work/emissary/target/bin 
2023-12-12 00:43:59,964 [using logback-test.xml]  INFO emissary.command.BaseCommand -   - Setting emissary.output.root to /Users/connor/Projects/work/emissary/target/localoutput 
2023-12-12 00:43:59,964 [using logback-test.xml]  INFO emissary.command.BaseCommand -   - Emissary error dir set to /Users/connor/Projects/work/emissary/target/localerror 
2023-12-12 00:43:59,964 [using logback-test.xml]  INFO emissary.command.BaseCommand -   - Setting emissary.node.name to localhost 
2023-12-12 00:43:59,964 [using logback-test.xml]  INFO emissary.command.BaseCommand -   - Setting emissary.node.port to 8001 
2023-12-12 00:43:59,964 [using logback-test.xml]  INFO emissary.command.BaseCommand -   - Setting emissary.node.scheme to http 
2023-12-12 00:43:59,964 [using logback-test.xml]  WARN emissary.command.BaseCommand -   - Not using /Users/connor/Projects/work/emissary/target/config/logback.xml, staying with test config file:/Users/connor/Projects/work/emissary/target/test-classes/logback-test.xml
2023-12-12 00:43:59,965 [using logback-test.xml]  INFO emissary.command.BaseCommand -   - Overriding current emissary.config.flavor null to CLUSTER 
2023-12-12 00:43:59,965 [using logback-test.xml]  INFO emissary.command.BaseCommand -   - PROJECT_BASE is set to /Users/connor/Projects/work/emissary/target 
2023-12-12 00:43:59,965 [using logback-test.xml]  INFO emissary.command.BaseCommand -   - Setting emissary.config.dir to /Users/connor/Projects/work/emissary/target/config 
2023-12-12 00:43:59,965 [using logback-test.xml]  INFO emissary.command.BaseCommand -   - Setting emissary.bin.dir to /Users/connor/Projects/work/emissary/target/bin 
2023-12-12 00:43:59,965 [using logback-test.xml]  INFO emissary.command.BaseCommand -   - Setting emissary.output.root to /Users/connor/Projects/work/emissary/target/localoutput 
2023-12-12 00:43:59,965 [using logback-test.xml]  INFO emissary.command.BaseCommand -   - Emissary error dir set to /Users/connor/Projects/work/emissary/target/localerror 
2023-12-12 00:43:59,965 [using logback-test.xml]  INFO emissary.command.BaseCommand -   - Setting emissary.config.flavor to CLUSTER 
2023-12-12 00:43:59,965 [using logback-test.xml]  INFO emissary.command.BaseCommand -   - Setting emissary.node.name to localhost 
2023-12-12 00:43:59,965 [using logback-test.xml]  INFO emissary.command.BaseCommand -   - Setting emissary.node.port to 8001 
2023-12-12 00:43:59,965 [using logback-test.xml]  INFO emissary.command.BaseCommand -   - Setting emissary.node.scheme to http 
2023-12-12 00:43:59,965 [using logback-test.xml]  WARN emissary.command.BaseCommand -   - Not using /Users/connor/Projects/work/emissary/target/config/logback.xml, staying with test config file:/Users/connor/Projects/work/emissary/target/test-classes/logback-test.xml
2023-12-12 00:43:59,966 [using logback-test.xml]  INFO emissary.command.BaseCommand -   - Overriding current emissary.config.flavor CLUSTER to CLUSTER 
2023-12-12 00:43:59,994 [using logback-test.xml] DEBUG emissary.config.ConfigUtil -   - Attempting flavor merge on <none>-CLUSTER
2023-12-12 00:43:59,995 [using logback-test.xml] DEBUG emissary.config.ConfigUtil -   - Loading config for (string) <none>-CLUSTER
2023-12-12 00:43:59,995 [using logback-test.xml] DEBUG emissary.config.ConfigUtil -   - No file config found using new style <none>-CLUSTER
2023-12-12 00:43:59,995 [using logback-test.xml] DEBUG emissary.config.ConfigUtil -   - No config data as resource for emissary/place/<none>-CLUSTER
2023-12-12 00:43:59,995 [using logback-test.xml] DEBUG emissary.config.ConfigUtil -   - No config data as resource for <none>-CLUSTER
2023-12-12 00:43:59,995 [using logback-test.xml] DEBUG emissary.config.ConfigUtil -   - No file config found using old style <none>-CLUSTER.cfg
2023-12-12 00:43:59,995 [using logback-test.xml] DEBUG emissary.config.ConfigUtil -   - Unable to opt import flavor config <none>-CLUSTER
2023-12-12 00:43:59,996 [using logback-test.xml] DEBUG emissary.config.ConfigUtil -   - Loading config for (string) peer-TestNode-1234567.cfg
2023-12-12 00:43:59,996 [using logback-test.xml] DEBUG emissary.config.ConfigUtil -   - No file config found using new style peer-TestNode-1234567.cfg
2023-12-12 00:43:59,996 [using logback-test.xml] DEBUG emissary.config.ConfigUtil -   - No config data as resource for emissary/place/peer-TestNode-1234567.cfg
2023-12-12 00:43:59,996 [using logback-test.xml] DEBUG emissary.config.ConfigUtil -   - No config data as resource for peer-TestNode-1234567.cfg
2023-12-12 00:43:59,996 [using logback-test.xml] DEBUG emissary.config.ConfigUtil -   - No file config found using old style peer-TestNode-1234567.cfg
2023-12-12 00:43:59,996 [using logback-test.xml] DEBUG emissary.config.ConfigUtil -   - Preference peer-TestNode-1234567.cfg not found
2023-12-12 00:43:59,996 [using logback-test.xml] DEBUG emissary.config.ConfigUtil -   - Loading config for (string) peer-TestNode.cfg
2023-12-12 00:43:59,996 [using logback-test.xml] DEBUG emissary.config.ConfigUtil -   - No file config found using new style peer-TestNode.cfg
2023-12-12 00:43:59,996 [using logback-test.xml] DEBUG emissary.config.ConfigUtil -   - No config data as resource for emissary/place/peer-TestNode.cfg
2023-12-12 00:43:59,996 [using logback-test.xml] DEBUG emissary.config.ConfigUtil -   - No config data as resource for peer-TestNode.cfg
2023-12-12 00:43:59,996 [using logback-test.xml] DEBUG emissary.config.ConfigUtil -   - No file config found using old style peer-TestNode.cfg
2023-12-12 00:43:59,996 [using logback-test.xml] DEBUG emissary.config.ConfigUtil -   - Preference peer-TestNode.cfg not found
2023-12-12 00:43:59,996 [using logback-test.xml] DEBUG emissary.config.ConfigUtil -   - Loading config for (string) peer-1234567.cfg
2023-12-12 00:43:59,996 [using logback-test.xml] DEBUG emissary.config.ConfigUtil -   - No file config found using new style peer-1234567.cfg
2023-12-12 00:43:59,996 [using logback-test.xml] DEBUG emissary.config.ConfigUtil -   - No config data as resource for emissary/place/peer-1234567.cfg
2023-12-12 00:43:59,996 [using logback-test.xml] DEBUG emissary.config.ConfigUtil -   - No config data as resource for peer-1234567.cfg
2023-12-12 00:43:59,996 [using logback-test.xml] DEBUG emissary.config.ConfigUtil -   - No file config found using old style peer-1234567.cfg
2023-12-12 00:43:59,996 [using logback-test.xml] DEBUG emissary.config.ConfigUtil -   - Preference peer-1234567.cfg not found
2023-12-12 00:43:59,996 [using logback-test.xml] DEBUG emissary.config.ConfigUtil -   - Loading config for (string) peer-mac_os_x.cfg
2023-12-12 00:43:59,996 [using logback-test.xml] DEBUG emissary.config.ConfigUtil -   - No file config found using new style peer-mac_os_x.cfg
2023-12-12 00:43:59,996 [using logback-test.xml] DEBUG emissary.config.ConfigUtil -   - No config data as resource for emissary/place/peer-mac_os_x.cfg
2023-12-12 00:43:59,996 [using logback-test.xml] DEBUG emissary.config.ConfigUtil -   - No config data as resource for peer-mac_os_x.cfg
2023-12-12 00:43:59,996 [using logback-test.xml] DEBUG emissary.config.ConfigUtil -   - No file config found using old style peer-mac_os_x.cfg
2023-12-12 00:43:59,996 [using logback-test.xml] DEBUG emissary.config.ConfigUtil -   - Preference peer-mac_os_x.cfg not found
2023-12-12 00:43:59,996 [using logback-test.xml] DEBUG emissary.config.ConfigUtil -   - Loading config for (string) peer.cfg
2023-12-12 00:43:59,996 [using logback-test.xml] DEBUG emissary.config.ConfigUtil -   - Found config data as file /Users/connor/Projects/work/emissary/target/config/peer.cfg
2023-12-12 00:43:59,996 [using logback-test.xml] DEBUG emissary.config.ConfigUtil -   - Attempting flavor merge on peer-CLUSTER.cfg
2023-12-12 00:43:59,996 [using logback-test.xml] DEBUG emissary.config.ConfigUtil -   - Loading config for (string) peer-CLUSTER.cfg
2023-12-12 00:43:59,996 [using logback-test.xml] DEBUG emissary.config.ConfigUtil -   - No file config found using new style peer-CLUSTER.cfg
2023-12-12 00:43:59,996 [using logback-test.xml] DEBUG emissary.config.ConfigUtil -   - No config data as resource for emissary/place/peer-CLUSTER.cfg
2023-12-12 00:43:59,996 [using logback-test.xml] DEBUG emissary.config.ConfigUtil -   - No config data as resource for peer-CLUSTER.cfg
2023-12-12 00:43:59,996 [using logback-test.xml] DEBUG emissary.config.ConfigUtil -   - No file config found using old style peer-CLUSTER.cfg
2023-12-12 00:43:59,996 [using logback-test.xml] DEBUG emissary.config.ConfigUtil -   - Unable to opt import flavor config peer-CLUSTER.cfg
2023-12-12 00:44:00,005 [using logback-test.xml] DEBUG org.apache.hc.client5.http.impl.classic.InternalHttpClient -   - ex-0000000037 preparing request execution
2023-12-12 00:44:00,005 [using logback-test.xml] DEBUG org.apache.hc.client5.http.impl.classic.ProtocolExec -   - ex-0000000037 target auth state: UNCHALLENGED
2023-12-12 00:44:00,005 [using logback-test.xml] DEBUG org.apache.hc.client5.http.impl.classic.ProtocolExec -   - ex-0000000037 proxy auth state: UNCHALLENGED
2023-12-12 00:44:00,005 [using logback-test.xml] DEBUG org.apache.hc.client5.http.impl.classic.ConnectExec -   - ex-0000000037 acquiring connection with route {}->http://localhost:8001
2023-12-12 00:44:00,005 [using logback-test.xml] DEBUG org.apache.hc.client5.http.impl.classic.InternalHttpClient -   - ex-0000000037 acquiring endpoint (300000 MILLISECONDS)
2023-12-12 00:44:00,005 [using logback-test.xml] DEBUG org.apache.hc.client5.http.impl.io.PoolingHttpClientConnectionManager -   - ex-0000000037 endpoint lease request (300000 MILLISECONDS) [route: {}->http://localhost:8001][total available: 1; route allocated: 0 of 5; total allocated: 1 of 200]
2023-12-12 00:44:00,005 [using logback-test.xml] DEBUG org.apache.hc.client5.http.impl.io.PoolingHttpClientConnectionManager -   - ex-0000000037 endpoint leased [route: {}->http://localhost:8001][total available: 1; route allocated: 1 of 5; total allocated: 2 of 200]
2023-12-12 00:44:00,005 [using logback-test.xml] DEBUG org.apache.hc.client5.http.impl.io.PoolingHttpClientConnectionManager -   - ex-0000000037 acquired ep-0000000037
2023-12-12 00:44:00,005 [using logback-test.xml] DEBUG org.apache.hc.client5.http.impl.classic.InternalHttpClient -   - ex-0000000037 acquired endpoint ep-0000000037
2023-12-12 00:44:00,005 [using logback-test.xml] DEBUG org.apache.hc.client5.http.impl.classic.ConnectExec -   - ex-0000000037 opening connection {}->http://localhost:8001
2023-12-12 00:44:00,005 [using logback-test.xml] DEBUG org.apache.hc.client5.http.impl.classic.InternalHttpClient -   - ep-0000000037 connecting endpoint (null)
2023-12-12 00:44:00,005 [using logback-test.xml] DEBUG org.apache.hc.client5.http.impl.io.PoolingHttpClientConnectionManager -   - ep-0000000037 connecting endpoint to http://localhost:8001 (600000 MILLISECONDS)
2023-12-12 00:44:00,005 [using logback-test.xml] DEBUG org.apache.hc.client5.http.impl.io.DefaultHttpClientConnectionOperator -   - localhost resolving remote address
2023-12-12 00:44:00,005 [using logback-test.xml] DEBUG org.apache.hc.client5.http.impl.io.DefaultHttpClientConnectionOperator -   - localhost resolved to [localhost/127.0.0.1]
2023-12-12 00:44:00,005 [using logback-test.xml] DEBUG org.apache.hc.client5.http.impl.io.DefaultHttpClientConnectionOperator -   - localhost:8001 connecting null->localhost/127.0.0.1:8001 (600000 MILLISECONDS)
2023-12-12 00:44:00,005 [using logback-test.xml] DEBUG org.apache.hc.client5.http.impl.io.DefaultHttpClientConnectionOperator -   - localhost:8001 connection to localhost/127.0.0.1:8001 failed (class java.net.ConnectException); terminating operation
2023-12-12 00:44:00,005 [using logback-test.xml] DEBUG org.apache.hc.client5.http.impl.io.DefaultManagedHttpClientConnection -   - http-outgoing-28 close connection IMMEDIATE
2023-12-12 00:44:00,005 [using logback-test.xml] DEBUG org.apache.hc.client5.http.impl.classic.InternalHttpClient -   - ep-0000000037 endpoint closed
2023-12-12 00:44:00,005 [using logback-test.xml] DEBUG org.apache.hc.client5.http.impl.classic.InternalHttpClient -   - ep-0000000037 discarding endpoint
2023-12-12 00:44:00,005 [using logback-test.xml] DEBUG org.apache.hc.client5.http.impl.io.PoolingHttpClientConnectionManager -   - ep-0000000037 releasing endpoint
2023-12-12 00:44:00,005 [using logback-test.xml] DEBUG org.apache.hc.client5.http.impl.io.PoolingHttpClientConnectionManager -   - ep-0000000037 connection is not kept alive
2023-12-12 00:44:00,005 [using logback-test.xml] DEBUG org.apache.hc.client5.http.impl.io.PoolingHttpClientConnectionManager -   - ep-0000000037 connection released [route: {}->http://localhost:8001][total available: 1; route allocated: 0 of 5; total allocated: 1 of 200]
2023-12-12 00:44:00,006 [using logback-test.xml] DEBUG org.apache.hc.client5.http.impl.classic.InternalHttpClient -   - ex-0000000038 preparing request execution
2023-12-12 00:44:00,006 [using logback-test.xml] DEBUG org.apache.hc.client5.http.impl.classic.ProtocolExec -   - ex-0000000038 target auth state: UNCHALLENGED
2023-12-12 00:44:00,006 [using logback-test.xml] DEBUG org.apache.hc.client5.http.impl.classic.ProtocolExec -   - ex-0000000038 proxy auth state: UNCHALLENGED
2023-12-12 00:44:00,006 [using logback-test.xml] DEBUG org.apache.hc.client5.http.impl.classic.ConnectExec -   - ex-0000000038 acquiring connection with route {}->http://localhost:9001
2023-12-12 00:44:00,006 [using logback-test.xml] DEBUG org.apache.hc.client5.http.impl.classic.InternalHttpClient -   - ex-0000000038 acquiring endpoint (300000 MILLISECONDS)
2023-12-12 00:44:00,006 [using logback-test.xml] DEBUG org.apache.hc.client5.http.impl.io.PoolingHttpClientConnectionManager -   - ex-0000000038 endpoint lease request (300000 MILLISECONDS) [route: {}->http://localhost:9001][total available: 1; route allocated: 0 of 5; total allocated: 1 of 200]
2023-12-12 00:44:00,006 [using logback-test.xml] DEBUG org.apache.hc.client5.http.impl.io.PoolingHttpClientConnectionManager -   - ex-0000000038 endpoint leased [route: {}->http://localhost:9001][total available: 1; route allocated: 1 of 5; total allocated: 2 of 200]
2023-12-12 00:44:00,006 [using logback-test.xml] DEBUG org.apache.hc.client5.http.impl.io.PoolingHttpClientConnectionManager -   - ex-0000000038 acquired ep-0000000038
2023-12-12 00:44:00,006 [using logback-test.xml] DEBUG org.apache.hc.client5.http.impl.classic.InternalHttpClient -   - ex-0000000038 acquired endpoint ep-0000000038
2023-12-12 00:44:00,006 [using logback-test.xml] DEBUG org.apache.hc.client5.http.impl.classic.ConnectExec -   - ex-0000000038 opening connection {}->http://localhost:9001
2023-12-12 00:44:00,006 [using logback-test.xml] DEBUG org.apache.hc.client5.http.impl.classic.InternalHttpClient -   - ep-0000000038 connecting endpoint (null)
2023-12-12 00:44:00,006 [using logback-test.xml] DEBUG org.apache.hc.client5.http.impl.io.PoolingHttpClientConnectionManager -   - ep-0000000038 connecting endpoint to http://localhost:9001 (600000 MILLISECONDS)
2023-12-12 00:44:00,006 [using logback-test.xml] DEBUG org.apache.hc.client5.http.impl.io.DefaultHttpClientConnectionOperator -   - localhost resolving remote address
2023-12-12 00:44:00,006 [using logback-test.xml] DEBUG org.apache.hc.client5.http.impl.io.DefaultHttpClientConnectionOperator -   - localhost resolved to [localhost/127.0.0.1]
2023-12-12 00:44:00,006 [using logback-test.xml] DEBUG org.apache.hc.client5.http.impl.io.DefaultHttpClientConnectionOperator -   - localhost:9001 connecting null->localhost/127.0.0.1:9001 (600000 MILLISECONDS)
2023-12-12 00:44:00,006 [using logback-test.xml] DEBUG org.apache.hc.client5.http.impl.io.DefaultHttpClientConnectionOperator -   - localhost:9001 connection to localhost/127.0.0.1:9001 failed (class java.net.ConnectException); terminating operation
2023-12-12 00:44:00,006 [using logback-test.xml] DEBUG org.apache.hc.client5.http.impl.io.DefaultManagedHttpClientConnection -   - http-outgoing-29 close connection IMMEDIATE
2023-12-12 00:44:00,006 [using logback-test.xml] DEBUG org.apache.hc.client5.http.impl.classic.InternalHttpClient -   - ep-0000000038 endpoint closed
2023-12-12 00:44:00,006 [using logback-test.xml] DEBUG org.apache.hc.client5.http.impl.classic.InternalHttpClient -   - ep-0000000038 discarding endpoint
2023-12-12 00:44:00,006 [using logback-test.xml] DEBUG org.apache.hc.client5.http.impl.io.PoolingHttpClientConnectionManager -   - ep-0000000038 releasing endpoint
2023-12-12 00:44:00,006 [using logback-test.xml] DEBUG org.apache.hc.client5.http.impl.io.PoolingHttpClientConnectionManager -   - ep-0000000038 connection is not kept alive
2023-12-12 00:44:00,007 [using logback-test.xml] DEBUG org.apache.hc.client5.http.impl.io.PoolingHttpClientConnectionManager -   - ep-0000000038 connection released [route: {}->http://localhost:9001][total available: 1; route allocated: 0 of 5; total allocated: 1 of 200]
2023-12-12 00:44:00,007 [using logback-test.xml] DEBUG org.apache.hc.client5.http.impl.classic.InternalHttpClient -   - ex-0000000039 preparing request execution
2023-12-12 00:44:00,007 [using logback-test.xml] DEBUG org.apache.hc.client5.http.impl.classic.ProtocolExec -   - ex-0000000039 target auth state: UNCHALLENGED
2023-12-12 00:44:00,007 [using logback-test.xml] DEBUG org.apache.hc.client5.http.impl.classic.ProtocolExec -   - ex-0000000039 proxy auth state: UNCHALLENGED
2023-12-12 00:44:00,007 [using logback-test.xml] DEBUG org.apache.hc.client5.http.impl.classic.ConnectExec -   - ex-0000000039 acquiring connection with route {}->http://localhost:7001
2023-12-12 00:44:00,007 [using logback-test.xml] DEBUG org.apache.hc.client5.http.impl.classic.InternalHttpClient -   - ex-0000000039 acquiring endpoint (300000 MILLISECONDS)
2023-12-12 00:44:00,007 [using logback-test.xml] DEBUG org.apache.hc.client5.http.impl.io.PoolingHttpClientConnectionManager -   - ex-0000000039 endpoint lease request (300000 MILLISECONDS) [route: {}->http://localhost:7001][total available: 1; route allocated: 1 of 5; total allocated: 1 of 200]
2023-12-12 00:44:00,007 [using logback-test.xml] DEBUG org.apache.hc.client5.http.impl.io.PoolingHttpClientConnectionManager -   - ex-0000000039 endpoint leased [route: {}->http://localhost:7001][total available: 0; route allocated: 1 of 5; total allocated: 1 of 200]
2023-12-12 00:44:00,007 [using logback-test.xml] DEBUG org.apache.hc.client5.http.impl.io.PoolingHttpClientConnectionManager -   - ex-0000000039 acquired ep-0000000039
2023-12-12 00:44:00,007 [using logback-test.xml] DEBUG org.apache.hc.client5.http.impl.classic.InternalHttpClient -   - ex-0000000039 acquired endpoint ep-0000000039
2023-12-12 00:44:00,007 [using logback-test.xml] DEBUG org.apache.hc.client5.http.impl.classic.MainClientExec -   - ex-0000000039 executing POST /emissary/FailDirectory.action HTTP/1.1
2023-12-12 00:44:00,007 [using logback-test.xml] DEBUG org.apache.hc.client5.http.protocol.RequestAddCookies -   - ex-0000000039 Cookie spec selected: strict
2023-12-12 00:44:00,007 [using logback-test.xml] DEBUG org.apache.hc.client5.http.impl.classic.InternalHttpClient -   - ep-0000000039 start execution ex-0000000039
2023-12-12 00:44:00,007 [using logback-test.xml] DEBUG org.apache.hc.client5.http.impl.io.PoolingHttpClientConnectionManager -   - ep-0000000039 executing exchange ex-0000000039 over http-outgoing-11
2023-12-12 00:44:00,007 [using logback-test.xml] DEBUG org.apache.hc.client5.http.headers -   - http-outgoing-11 >> POST /emissary/FailDirectory.action HTTP/1.1
2023-12-12 00:44:00,007 [using logback-test.xml] DEBUG org.apache.hc.client5.http.headers -   - http-outgoing-11 >> X-Requested-By: emissary
2023-12-12 00:44:00,007 [using logback-test.xml] DEBUG org.apache.hc.client5.http.headers -   - http-outgoing-11 >> Accept-Encoding: gzip, x-gzip, deflate
2023-12-12 00:44:00,007 [using logback-test.xml] DEBUG org.apache.hc.client5.http.headers -   - http-outgoing-11 >> Content-Length: 195
2023-12-12 00:44:00,007 [using logback-test.xml] DEBUG org.apache.hc.client5.http.headers -   - http-outgoing-11 >> Content-Type: application/x-www-form-urlencoded; charset=UTF-8
2023-12-12 00:44:00,007 [using logback-test.xml] DEBUG org.apache.hc.client5.http.headers -   - http-outgoing-11 >> Host: localhost:7001
2023-12-12 00:44:00,007 [using logback-test.xml] DEBUG org.apache.hc.client5.http.headers -   - http-outgoing-11 >> Connection: keep-alive
2023-12-12 00:44:00,007 [using logback-test.xml] DEBUG org.apache.hc.client5.http.headers -   - http-outgoing-11 >> User-Agent: Apache-HttpClient/5.2.1 (Java/17.0.3)
2023-12-12 00:44:00,007 [using logback-test.xml] DEBUG org.apache.hc.client5.http.wire -   - http-outgoing-11 >> "POST /emissary/FailDirectory.action HTTP/1.1[\r][\n]"
2023-12-12 00:44:00,007 [using logback-test.xml] DEBUG org.apache.hc.client5.http.wire -   - http-outgoing-11 >> "X-Requested-By: emissary[\r][\n]"
2023-12-12 00:44:00,007 [using logback-test.xml] DEBUG org.apache.hc.client5.http.wire -   - http-outgoing-11 >> "Accept-Encoding: gzip, x-gzip, deflate[\r][\n]"
2023-12-12 00:44:00,007 [using logback-test.xml] DEBUG org.apache.hc.client5.http.wire -   - http-outgoing-11 >> "Content-Length: 195[\r][\n]"
2023-12-12 00:44:00,007 [using logback-test.xml] DEBUG org.apache.hc.client5.http.wire -   - http-outgoing-11 >> "Content-Type: application/x-www-form-urlencoded; charset=UTF-8[\r][\n]"
2023-12-12 00:44:00,007 [using logback-test.xml] DEBUG org.apache.hc.client5.http.wire -   - http-outgoing-11 >> "Host: localhost:7001[\r][\n]"
2023-12-12 00:44:00,007 [using logback-test.xml] DEBUG org.apache.hc.client5.http.wire -   - http-outgoing-11 >> "Connection: keep-alive[\r][\n]"
2023-12-12 00:44:00,007 [using logback-test.xml] DEBUG org.apache.hc.client5.http.wire -   - http-outgoing-11 >> "User-Agent: Apache-HttpClient/5.2.1 (Java/17.0.3)[\r][\n]"
2023-12-12 00:44:00,007 [using logback-test.xml] DEBUG org.apache.hc.client5.http.wire -   - http-outgoing-11 >> "[\r][\n]"
2023-12-12 00:44:00,007 [using logback-test.xml] DEBUG org.apache.hc.client5.http.wire -   - http-outgoing-11 >> "targetDir=http%3A%2F%2Flocalhost%3A7001%2FDirectoryPlace&dirFailName=EMISSARY_DIRECTORY_SERVICES.DIRECTORY.STUDY.http%3A%2F%2FderegisterPlaceActionTest%3A8001%2FDirectoryPlace&dirAddPropFlag=true"
2023-12-12 00:44:00,011 [using logback-test.xml] DEBUG org.apache.hc.client5.http.wire -   - http-outgoing-11 << "HTTP/1.1 401 Unauthorized[\r][\n]"
2023-12-12 00:44:00,011 [using logback-test.xml] DEBUG org.apache.hc.client5.http.wire -   - http-outgoing-11 << "WWW-Authenticate: Digest realm="EmissaryRealm", domain="/", nonce="b/U7jYzi9j7tceCt/06XXnEsz8E56ZRA", algorithm=MD5, qop="auth", stale=false[\r][\n]"
2023-12-12 00:44:00,011 [using logback-test.xml] DEBUG org.apache.hc.client5.http.wire -   - http-outgoing-11 << "Cache-Control: must-revalidate,no-cache,no-store[\r][\n]"
2023-12-12 00:44:00,011 [using logback-test.xml] DEBUG org.apache.hc.client5.http.wire -   - http-outgoing-11 << "Content-Type: text/html;charset=iso-8859-1[\r][\n]"
2023-12-12 00:44:00,011 [using logback-test.xml] DEBUG org.apache.hc.client5.http.wire -   - http-outgoing-11 << "Content-Length: 473[\r][\n]"
2023-12-12 00:44:00,011 [using logback-test.xml] DEBUG org.apache.hc.client5.http.wire -   - http-outgoing-11 << "Server: Jetty(10.0.15)[\r][\n]"
2023-12-12 00:44:00,011 [using logback-test.xml] DEBUG org.apache.hc.client5.http.wire -   - http-outgoing-11 << "[\r][\n]"
2023-12-12 00:44:00,011 [using logback-test.xml] DEBUG org.apache.hc.client5.http.wire -   - http-outgoing-11 << "<html>[\n]"
2023-12-12 00:44:00,011 [using logback-test.xml] DEBUG org.apache.hc.client5.http.wire -   - http-outgoing-11 << "<head>[\n]"
2023-12-12 00:44:00,011 [using logback-test.xml] DEBUG org.apache.hc.client5.http.wire -   - http-outgoing-11 << "<meta http-equiv="Content-Type" content="text/html;charset=ISO-8859-1"/>[\n]"
2023-12-12 00:44:00,011 [using logback-test.xml] DEBUG org.apache.hc.client5.http.wire -   - http-outgoing-11 << "<title>Error 401 Unauthorized</title>[\n]"
2023-12-12 00:44:00,011 [using logback-test.xml] DEBUG org.apache.hc.client5.http.wire -   - http-outgoing-11 << "</head>[\n]"
2023-12-12 00:44:00,011 [using logback-test.xml] DEBUG org.apache.hc.client5.http.wire -   - http-outgoing-11 << "<body><h2>HTTP ERROR 401 Unauthorized</h2>[\n]"
2023-12-12 00:44:00,011 [using logback-test.xml] DEBUG org.apache.hc.client5.http.wire -   - http-outgoing-11 << "<table>[\n]"
2023-12-12 00:44:00,011 [using logback-test.xml] DEBUG org.apache.hc.client5.http.wire -   - http-outgoing-11 << "<tr><th>URI:</th><td>/emissary/FailDirectory.action</td></tr>[\n]"
2023-12-12 00:44:00,011 [using logback-test.xml] DEBUG org.apache.hc.client5.http.wire -   - http-outgoing-11 << "<tr><th>STATUS:</th><td>401</td></tr>[\n]"
2023-12-12 00:44:00,011 [using logback-test.xml] DEBUG org.apache.hc.client5.http.wire -   - http-outgoing-11 << "<tr><th>MESSAGE:</th><td>Unauthorized</td></tr>[\n]"
2023-12-12 00:44:00,011 [using logback-test.xml] DEBUG org.apache.hc.client5.http.wire -   - http-outgoing-11 << "<tr><th>SERVLET:</th><td>-</td></tr>[\n]"
2023-12-12 00:44:00,011 [using logback-test.xml] DEBUG org.apache.hc.client5.http.wire -   - http-outgoing-11 << "</table>[\n]"
2023-12-12 00:44:00,011 [using logback-test.xml] DEBUG org.apache.hc.client5.http.wire -   - http-outgoing-11 << "<hr/><a href="https://eclipse.org/jetty">Powered by Jetty:// 10.0.15</a><hr/>[\n]"
2023-12-12 00:44:00,011 [using logback-test.xml] DEBUG org.apache.hc.client5.http.wire -   - http-outgoing-11 << "[\n]"
2023-12-12 00:44:00,011 [using logback-test.xml] DEBUG org.apache.hc.client5.http.wire -   - http-outgoing-11 << "</body>[\n]"
2023-12-12 00:44:00,011 [using logback-test.xml] DEBUG org.apache.hc.client5.http.wire -   - http-outgoing-11 << "</html>[\n]"
2023-12-12 00:44:00,011 [using logback-test.xml] DEBUG org.apache.hc.client5.http.headers -   - http-outgoing-11 << HTTP/1.1 401 Unauthorized
2023-12-12 00:44:00,011 [using logback-test.xml] DEBUG org.apache.hc.client5.http.headers -   - http-outgoing-11 << WWW-Authenticate: Digest realm="EmissaryRealm", domain="/", nonce="b/U7jYzi9j7tceCt/06XXnEsz8E56ZRA", algorithm=MD5, qop="auth", stale=false
2023-12-12 00:44:00,011 [using logback-test.xml] DEBUG org.apache.hc.client5.http.headers -   - http-outgoing-11 << Cache-Control: must-revalidate,no-cache,no-store
2023-12-12 00:44:00,011 [using logback-test.xml] DEBUG org.apache.hc.client5.http.headers -   - http-outgoing-11 << Content-Type: text/html;charset=iso-8859-1
2023-12-12 00:44:00,011 [using logback-test.xml] DEBUG org.apache.hc.client5.http.headers -   - http-outgoing-11 << Content-Length: 473
2023-12-12 00:44:00,011 [using logback-test.xml] DEBUG org.apache.hc.client5.http.headers -   - http-outgoing-11 << Server: Jetty(10.0.15)
2023-12-12 00:44:00,011 [using logback-test.xml] DEBUG org.apache.hc.client5.http.impl.classic.MainClientExec -   - ex-0000000039 connection can be kept alive for 3 MINUTES
2023-12-12 00:44:00,011 [using logback-test.xml] DEBUG org.apache.hc.client5.http.impl.auth.HttpAuthenticator -   - ex-0000000039 Authentication required
2023-12-12 00:44:00,011 [using logback-test.xml] DEBUG org.apache.hc.client5.http.impl.auth.AuthCacheKeeper -   - ex-0000000039 Clearing cached auth scheme for http://localhost:7001/emissary/
2023-12-12 00:44:00,011 [using logback-test.xml] DEBUG org.apache.hc.client5.http.impl.auth.HttpAuthenticator -   - ex-0000000039 localhost:7001 requested authentication
2023-12-12 00:44:00,011 [using logback-test.xml] DEBUG org.apache.hc.client5.http.impl.DefaultAuthenticationStrategy -   - ex-0000000039 Authentication schemes in the order of preference: [Digest]
2023-12-12 00:44:00,011 [using logback-test.xml] DEBUG org.apache.hc.client5.http.impl.auth.HttpAuthenticator -   - ex-0000000039 Selecting authentication options
2023-12-12 00:44:00,011 [using logback-test.xml] DEBUG org.apache.hc.client5.http.impl.auth.HttpAuthenticator -   - ex-0000000039 Selected authentication options: [Digest{qop=auth, stale=false, domain=/, realm=EmissaryRealm, nonce=b/U7jYzi9j7tceCt/06XXnEsz8E56ZRA, algorithm=MD5}]
2023-12-12 00:44:00,011 [using logback-test.xml] DEBUG org.apache.hc.client5.http.impl.classic.ProtocolExec -   - ex-0000000039 target auth state: CHALLENGED
2023-12-12 00:44:00,011 [using logback-test.xml] DEBUG org.apache.hc.client5.http.impl.auth.HttpAuthenticator -   - ex-0000000039 Generating response to an authentication challenge using Digest scheme
2023-12-12 00:44:00,014 [using logback-test.xml] DEBUG org.apache.hc.client5.http.impl.classic.ProtocolExec -   - ex-0000000039 proxy auth state: UNCHALLENGED
2023-12-12 00:44:00,014 [using logback-test.xml] DEBUG org.apache.hc.client5.http.impl.classic.MainClientExec -   - ex-0000000039 executing POST /emissary/FailDirectory.action HTTP/1.1
2023-12-12 00:44:00,014 [using logback-test.xml] DEBUG org.apache.hc.client5.http.protocol.RequestAddCookies -   - ex-0000000039 Cookie spec selected: strict
2023-12-12 00:44:00,014 [using logback-test.xml] DEBUG org.apache.hc.client5.http.impl.classic.InternalHttpClient -   - ep-0000000039 start execution ex-0000000039
2023-12-12 00:44:00,014 [using logback-test.xml] DEBUG org.apache.hc.client5.http.impl.io.PoolingHttpClientConnectionManager -   - ep-0000000039 executing exchange ex-0000000039 over http-outgoing-11
2023-12-12 00:44:00,014 [using logback-test.xml] DEBUG org.apache.hc.client5.http.headers -   - http-outgoing-11 >> POST /emissary/FailDirectory.action HTTP/1.1
2023-12-12 00:44:00,014 [using logback-test.xml] DEBUG org.apache.hc.client5.http.headers -   - http-outgoing-11 >> X-Requested-By: emissary
2023-12-12 00:44:00,014 [using logback-test.xml] DEBUG org.apache.hc.client5.http.headers -   - http-outgoing-11 >> Authorization: Digest username="emissary", realm="EmissaryRealm", nonce="b/U7jYzi9j7tceCt/06XXnEsz8E56ZRA", uri="/emissary/FailDirectory.action", response="94ee0a5ebf8c57b2c82a8b1e2e1aa7bc", qop=auth, nc=00000001, cnonce="6a26b590b294c76d", algorithm=MD5
2023-12-12 00:44:00,014 [using logback-test.xml] DEBUG org.apache.hc.client5.http.headers -   - http-outgoing-11 >> Content-Length: 195
2023-12-12 00:44:00,014 [using logback-test.xml] DEBUG org.apache.hc.client5.http.headers -   - http-outgoing-11 >> Content-Type: application/x-www-form-urlencoded; charset=UTF-8
2023-12-12 00:44:00,014 [using logback-test.xml] DEBUG org.apache.hc.client5.http.headers -   - http-outgoing-11 >> Host: localhost:7001
2023-12-12 00:44:00,014 [using logback-test.xml] DEBUG org.apache.hc.client5.http.headers -   - http-outgoing-11 >> Connection: keep-alive
2023-12-12 00:44:00,014 [using logback-test.xml] DEBUG org.apache.hc.client5.http.headers -   - http-outgoing-11 >> User-Agent: Apache-HttpClient/5.2.1 (Java/17.0.3)
2023-12-12 00:44:00,014 [using logback-test.xml] DEBUG org.apache.hc.client5.http.wire -   - http-outgoing-11 >> "POST /emissary/FailDirectory.action HTTP/1.1[\r][\n]"
2023-12-12 00:44:00,014 [using logback-test.xml] DEBUG org.apache.hc.client5.http.wire -   - http-outgoing-11 >> "X-Requested-By: emissary[\r][\n]"
2023-12-12 00:44:00,014 [using logback-test.xml] DEBUG org.apache.hc.client5.http.wire -   - http-outgoing-11 >> "Authorization: Digest username="emissary", realm="EmissaryRealm", nonce="b/U7jYzi9j7tceCt/06XXnEsz8E56ZRA", uri="/emissary/FailDirectory.action", response="94ee0a5ebf8c57b2c82a8b1e2e1aa7bc", qop=auth, nc=00000001, cnonce="6a26b590b294c76d", algorithm=MD5[\r][\n]"
2023-12-12 00:44:00,014 [using logback-test.xml] DEBUG org.apache.hc.client5.http.wire -   - http-outgoing-11 >> "Content-Length: 195[\r][\n]"
2023-12-12 00:44:00,014 [using logback-test.xml] DEBUG org.apache.hc.client5.http.wire -   - http-outgoing-11 >> "Content-Type: application/x-www-form-urlencoded; charset=UTF-8[\r][\n]"
2023-12-12 00:44:00,014 [using logback-test.xml] DEBUG org.apache.hc.client5.http.wire -   - http-outgoing-11 >> "Host: localhost:7001[\r][\n]"
2023-12-12 00:44:00,014 [using logback-test.xml] DEBUG org.apache.hc.client5.http.wire -   - http-outgoing-11 >> "Connection: keep-alive[\r][\n]"
2023-12-12 00:44:00,014 [using logback-test.xml] DEBUG org.apache.hc.client5.http.wire -   - http-outgoing-11 >> "User-Agent: Apache-HttpClient/5.2.1 (Java/17.0.3)[\r][\n]"
2023-12-12 00:44:00,014 [using logback-test.xml] DEBUG org.apache.hc.client5.http.wire -   - http-outgoing-11 >> "[\r][\n]"
2023-12-12 00:44:00,014 [using logback-test.xml] DEBUG org.apache.hc.client5.http.wire -   - http-outgoing-11 >> "targetDir=http%3A%2F%2Flocalhost%3A7001%2FDirectoryPlace&dirFailName=EMISSARY_DIRECTORY_SERVICES.DIRECTORY.STUDY.http%3A%2F%2FderegisterPlaceActionTest%3A8001%2FDirectoryPlace&dirAddPropFlag=true"
2023-12-12 00:44:00,018 [using logback-test.xml] DEBUG org.apache.hc.client5.http.wire -   - http-outgoing-11 << "HTTP/1.1 200 OK[\r][\n]"
2023-12-12 00:44:00,018 [using logback-test.xml] DEBUG org.apache.hc.client5.http.wire -   - http-outgoing-11 << "Date: Tue, 12 Dec 2023 00:44:00 GMT[\r][\n]"
2023-12-12 00:44:00,018 [using logback-test.xml] DEBUG org.apache.hc.client5.http.wire -   - http-outgoing-11 << "Content-Type: text/plain[\r][\n]"
2023-12-12 00:44:00,018 [using logback-test.xml] DEBUG org.apache.hc.client5.http.wire -   - http-outgoing-11 << "Content-Length: 234[\r][\n]"
2023-12-12 00:44:00,018 [using logback-test.xml] DEBUG org.apache.hc.client5.http.wire -   - http-outgoing-11 << "Server: Jetty(10.0.15)[\r][\n]"
2023-12-12 00:44:00,018 [using logback-test.xml] DEBUG org.apache.hc.client5.http.wire -   - http-outgoing-11 << "[\r][\n]"
2023-12-12 00:44:00,018 [using logback-test.xml] DEBUG org.apache.hc.client5.http.wire -   - http-outgoing-11 << "Modified 0 entries from EMISSARY_DIRECTORY_SERVICES.DIRECTORY.STUDY.http://localhost:7001/DirectoryPlace$5050[1] due to failure of remote EMISSARY_DIRECTORY_SERVICES.DIRECTORY.STUDY.http://deregisterPlaceActionTest:8001/DirectoryPlace"
2023-12-12 00:44:00,018 [using logback-test.xml] DEBUG org.apache.hc.client5.http.headers -   - http-outgoing-11 << HTTP/1.1 200 OK
2023-12-12 00:44:00,018 [using logback-test.xml] DEBUG org.apache.hc.client5.http.headers -   - http-outgoing-11 << Date: Tue, 12 Dec 2023 00:44:00 GMT
2023-12-12 00:44:00,018 [using logback-test.xml] DEBUG org.apache.hc.client5.http.headers -   - http-outgoing-11 << Content-Type: text/plain
2023-12-12 00:44:00,018 [using logback-test.xml] DEBUG org.apache.hc.client5.http.headers -   - http-outgoing-11 << Content-Length: 234
2023-12-12 00:44:00,018 [using logback-test.xml] DEBUG org.apache.hc.client5.http.headers -   - http-outgoing-11 << Server: Jetty(10.0.15)
2023-12-12 00:44:00,018 [using logback-test.xml] DEBUG org.apache.hc.client5.http.impl.classic.MainClientExec -   - ex-0000000039 connection can be kept alive for 3 MINUTES
2023-12-12 00:44:00,018 [using logback-test.xml] DEBUG org.apache.hc.client5.http.impl.auth.HttpAuthenticator -   - ex-0000000039 Authentication succeeded
2023-12-12 00:44:00,018 [using logback-test.xml] DEBUG org.apache.hc.client5.http.impl.classic.InternalHttpClient -   - ep-0000000039 releasing valid endpoint
2023-12-12 00:44:00,018 [using logback-test.xml] DEBUG org.apache.hc.client5.http.impl.io.PoolingHttpClientConnectionManager -   - ep-0000000039 releasing endpoint
2023-12-12 00:44:00,018 [using logback-test.xml] DEBUG org.apache.hc.client5.http.impl.io.PoolingHttpClientConnectionManager -   - ep-0000000039 connection http-outgoing-11 can be kept alive for 3 MINUTES
2023-12-12 00:44:00,019 [using logback-test.xml] DEBUG org.apache.hc.client5.http.impl.io.PoolingHttpClientConnectionManager -   - ep-0000000039 connection released [route: {}->http://localhost:7001][total available: 1; route allocated: 1 of 5; total allocated: 1 of 200]
2023-12-12 00:44:00,019 [using logback-test.xml]  INFO emissary.directory.DirectoryPlace -   - Done shutting down DirectoryPlace
]]></system-out>
    <system-err><![CDATA[Dec 12, 2023 12:43:59 AM org.glassfish.jersey.test.jetty.JettyTestContainerFactory$JettyTestContainer <init>
INFO: Creating JettyTestContainer configured at the base URI http://localhost:<AVAILABLE-PORT>/
Dec 12, 2023 12:43:59 AM org.glassfish.jersey.test.jetty.JettyTestContainerFactory$JettyTestContainer start
INFO: Started JettyTestContainer at the base URI http://localhost:64765/
]]></system-err>
  </testcase>
  <testcase name="removeWithMissingSecondKey" classname="emissary.server.mvc.internal.DeregisterPlaceActionTest" time="0.038">
    <system-out><![CDATA[2023-12-12 00:44:00,020 [using logback-test.xml]  INFO emissary.command.BaseCommand -   - PROJECT_BASE is set to /Users/connor/Projects/work/emissary/target 
2023-12-12 00:44:00,020 [using logback-test.xml]  INFO emissary.command.BaseCommand -   - Setting emissary.config.dir to /Users/connor/Projects/work/emissary/target/config 
2023-12-12 00:44:00,020 [using logback-test.xml]  INFO emissary.command.BaseCommand -   - Setting emissary.bin.dir to /Users/connor/Projects/work/emissary/target/bin 
2023-12-12 00:44:00,020 [using logback-test.xml]  INFO emissary.command.BaseCommand -   - Setting emissary.output.root to /Users/connor/Projects/work/emissary/target/localoutput 
2023-12-12 00:44:00,020 [using logback-test.xml]  INFO emissary.command.BaseCommand -   - Emissary error dir set to /Users/connor/Projects/work/emissary/target/localerror 
2023-12-12 00:44:00,020 [using logback-test.xml]  INFO emissary.command.BaseCommand -   - Setting emissary.node.name to localhost 
2023-12-12 00:44:00,020 [using logback-test.xml]  INFO emissary.command.BaseCommand -   - Setting emissary.node.port to 8001 
2023-12-12 00:44:00,020 [using logback-test.xml]  INFO emissary.command.BaseCommand -   - Setting emissary.node.scheme to http 
2023-12-12 00:44:00,020 [using logback-test.xml]  WARN emissary.command.BaseCommand -   - Not using /Users/connor/Projects/work/emissary/target/config/logback.xml, staying with test config file:/Users/connor/Projects/work/emissary/target/test-classes/logback-test.xml
2023-12-12 00:44:00,021 [using logback-test.xml]  INFO emissary.command.BaseCommand -   - Overriding current emissary.config.flavor null to CLUSTER 
2023-12-12 00:44:00,021 [using logback-test.xml]  INFO emissary.command.BaseCommand -   - PROJECT_BASE is set to /Users/connor/Projects/work/emissary/target 
2023-12-12 00:44:00,021 [using logback-test.xml]  INFO emissary.command.BaseCommand -   - Setting emissary.config.dir to /Users/connor/Projects/work/emissary/target/config 
2023-12-12 00:44:00,021 [using logback-test.xml]  INFO emissary.command.BaseCommand -   - Setting emissary.bin.dir to /Users/connor/Projects/work/emissary/target/bin 
2023-12-12 00:44:00,021 [using logback-test.xml]  INFO emissary.command.BaseCommand -   - Setting emissary.output.root to /Users/connor/Projects/work/emissary/target/localoutput 
2023-12-12 00:44:00,021 [using logback-test.xml]  INFO emissary.command.BaseCommand -   - Emissary error dir set to /Users/connor/Projects/work/emissary/target/localerror 
2023-12-12 00:44:00,021 [using logback-test.xml]  INFO emissary.command.BaseCommand -   - Setting emissary.config.flavor to CLUSTER 
2023-12-12 00:44:00,021 [using logback-test.xml]  INFO emissary.command.BaseCommand -   - Setting emissary.node.name to localhost 
2023-12-12 00:44:00,021 [using logback-test.xml]  INFO emissary.command.BaseCommand -   - Setting emissary.node.port to 8001 
2023-12-12 00:44:00,021 [using logback-test.xml]  INFO emissary.command.BaseCommand -   - Setting emissary.node.scheme to http 
2023-12-12 00:44:00,021 [using logback-test.xml]  WARN emissary.command.BaseCommand -   - Not using /Users/connor/Projects/work/emissary/target/config/logback.xml, staying with test config file:/Users/connor/Projects/work/emissary/target/test-classes/logback-test.xml
2023-12-12 00:44:00,022 [using logback-test.xml]  INFO emissary.command.BaseCommand -   - Overriding current emissary.config.flavor CLUSTER to CLUSTER 
2023-12-12 00:44:00,048 [using logback-test.xml] DEBUG emissary.config.ConfigUtil -   - Attempting flavor merge on <none>-CLUSTER
2023-12-12 00:44:00,048 [using logback-test.xml] DEBUG emissary.config.ConfigUtil -   - Loading config for (string) <none>-CLUSTER
2023-12-12 00:44:00,048 [using logback-test.xml] DEBUG emissary.config.ConfigUtil -   - No file config found using new style <none>-CLUSTER
2023-12-12 00:44:00,048 [using logback-test.xml] DEBUG emissary.config.ConfigUtil -   - No config data as resource for emissary/place/<none>-CLUSTER
2023-12-12 00:44:00,048 [using logback-test.xml] DEBUG emissary.config.ConfigUtil -   - No config data as resource for <none>-CLUSTER
2023-12-12 00:44:00,048 [using logback-test.xml] DEBUG emissary.config.ConfigUtil -   - No file config found using old style <none>-CLUSTER.cfg
2023-12-12 00:44:00,049 [using logback-test.xml] DEBUG emissary.config.ConfigUtil -   - Unable to opt import flavor config <none>-CLUSTER
2023-12-12 00:44:00,049 [using logback-test.xml] DEBUG emissary.config.ConfigUtil -   - Loading config for (string) peer-TestNode-1234567.cfg
2023-12-12 00:44:00,049 [using logback-test.xml] DEBUG emissary.config.ConfigUtil -   - No file config found using new style peer-TestNode-1234567.cfg
2023-12-12 00:44:00,049 [using logback-test.xml] DEBUG emissary.config.ConfigUtil -   - No config data as resource for emissary/place/peer-TestNode-1234567.cfg
2023-12-12 00:44:00,049 [using logback-test.xml] DEBUG emissary.config.ConfigUtil -   - No config data as resource for peer-TestNode-1234567.cfg
2023-12-12 00:44:00,049 [using logback-test.xml] DEBUG emissary.config.ConfigUtil -   - No file config found using old style peer-TestNode-1234567.cfg
2023-12-12 00:44:00,049 [using logback-test.xml] DEBUG emissary.config.ConfigUtil -   - Preference peer-TestNode-1234567.cfg not found
2023-12-12 00:44:00,049 [using logback-test.xml] DEBUG emissary.config.ConfigUtil -   - Loading config for (string) peer-TestNode.cfg
2023-12-12 00:44:00,049 [using logback-test.xml] DEBUG emissary.config.ConfigUtil -   - No file config found using new style peer-TestNode.cfg
2023-12-12 00:44:00,049 [using logback-test.xml] DEBUG emissary.config.ConfigUtil -   - No config data as resource for emissary/place/peer-TestNode.cfg
2023-12-12 00:44:00,049 [using logback-test.xml] DEBUG emissary.config.ConfigUtil -   - No config data as resource for peer-TestNode.cfg
2023-12-12 00:44:00,049 [using logback-test.xml] DEBUG emissary.config.ConfigUtil -   - No file config found using old style peer-TestNode.cfg
2023-12-12 00:44:00,049 [using logback-test.xml] DEBUG emissary.config.ConfigUtil -   - Preference peer-TestNode.cfg not found
2023-12-12 00:44:00,049 [using logback-test.xml] DEBUG emissary.config.ConfigUtil -   - Loading config for (string) peer-1234567.cfg
2023-12-12 00:44:00,049 [using logback-test.xml] DEBUG emissary.config.ConfigUtil -   - No file config found using new style peer-1234567.cfg
2023-12-12 00:44:00,049 [using logback-test.xml] DEBUG emissary.config.ConfigUtil -   - No config data as resource for emissary/place/peer-1234567.cfg
2023-12-12 00:44:00,049 [using logback-test.xml] DEBUG emissary.config.ConfigUtil -   - No config data as resource for peer-1234567.cfg
2023-12-12 00:44:00,049 [using logback-test.xml] DEBUG emissary.config.ConfigUtil -   - No file config found using old style peer-1234567.cfg
2023-12-12 00:44:00,049 [using logback-test.xml] DEBUG emissary.config.ConfigUtil -   - Preference peer-1234567.cfg not found
2023-12-12 00:44:00,049 [using logback-test.xml] DEBUG emissary.config.ConfigUtil -   - Loading config for (string) peer-mac_os_x.cfg
2023-12-12 00:44:00,049 [using logback-test.xml] DEBUG emissary.config.ConfigUtil -   - No file config found using new style peer-mac_os_x.cfg
2023-12-12 00:44:00,049 [using logback-test.xml] DEBUG emissary.config.ConfigUtil -   - No config data as resource for emissary/place/peer-mac_os_x.cfg
2023-12-12 00:44:00,049 [using logback-test.xml] DEBUG emissary.config.ConfigUtil -   - No config data as resource for peer-mac_os_x.cfg
2023-12-12 00:44:00,049 [using logback-test.xml] DEBUG emissary.config.ConfigUtil -   - No file config found using old style peer-mac_os_x.cfg
2023-12-12 00:44:00,049 [using logback-test.xml] DEBUG emissary.config.ConfigUtil -   - Preference peer-mac_os_x.cfg not found
2023-12-12 00:44:00,049 [using logback-test.xml] DEBUG emissary.config.ConfigUtil -   - Loading config for (string) peer.cfg
2023-12-12 00:44:00,049 [using logback-test.xml] DEBUG emissary.config.ConfigUtil -   - Found config data as file /Users/connor/Projects/work/emissary/target/config/peer.cfg
2023-12-12 00:44:00,049 [using logback-test.xml] DEBUG emissary.config.ConfigUtil -   - Attempting flavor merge on peer-CLUSTER.cfg
2023-12-12 00:44:00,049 [using logback-test.xml] DEBUG emissary.config.ConfigUtil -   - Loading config for (string) peer-CLUSTER.cfg
2023-12-12 00:44:00,049 [using logback-test.xml] DEBUG emissary.config.ConfigUtil -   - No file config found using new style peer-CLUSTER.cfg
2023-12-12 00:44:00,049 [using logback-test.xml] DEBUG emissary.config.ConfigUtil -   - No config data as resource for emissary/place/peer-CLUSTER.cfg
2023-12-12 00:44:00,049 [using logback-test.xml] DEBUG emissary.config.ConfigUtil -   - No config data as resource for peer-CLUSTER.cfg
2023-12-12 00:44:00,049 [using logback-test.xml] DEBUG emissary.config.ConfigUtil -   - No file config found using old style peer-CLUSTER.cfg
2023-12-12 00:44:00,049 [using logback-test.xml] DEBUG emissary.config.ConfigUtil -   - Unable to opt import flavor config peer-CLUSTER.cfg
2023-12-12 00:44:00,056 [using logback-test.xml] DEBUG org.apache.hc.client5.http.impl.classic.InternalHttpClient -   - ex-0000000040 preparing request execution
2023-12-12 00:44:00,057 [using logback-test.xml] DEBUG org.apache.hc.client5.http.impl.classic.ProtocolExec -   - ex-0000000040 target auth state: UNCHALLENGED
2023-12-12 00:44:00,057 [using logback-test.xml] DEBUG org.apache.hc.client5.http.impl.classic.ProtocolExec -   - ex-0000000040 proxy auth state: UNCHALLENGED
2023-12-12 00:44:00,057 [using logback-test.xml] DEBUG org.apache.hc.client5.http.impl.classic.ConnectExec -   - ex-0000000040 acquiring connection with route {}->http://localhost:8001
2023-12-12 00:44:00,057 [using logback-test.xml] DEBUG org.apache.hc.client5.http.impl.classic.InternalHttpClient -   - ex-0000000040 acquiring endpoint (300000 MILLISECONDS)
2023-12-12 00:44:00,057 [using logback-test.xml] DEBUG org.apache.hc.client5.http.impl.io.PoolingHttpClientConnectionManager -   - ex-0000000040 endpoint lease request (300000 MILLISECONDS) [route: {}->http://localhost:8001][total available: 1; route allocated: 0 of 5; total allocated: 1 of 200]
2023-12-12 00:44:00,057 [using logback-test.xml] DEBUG org.apache.hc.client5.http.impl.io.PoolingHttpClientConnectionManager -   - ex-0000000040 endpoint leased [route: {}->http://localhost:8001][total available: 1; route allocated: 1 of 5; total allocated: 2 of 200]
2023-12-12 00:44:00,057 [using logback-test.xml] DEBUG org.apache.hc.client5.http.impl.io.PoolingHttpClientConnectionManager -   - ex-0000000040 acquired ep-0000000040
2023-12-12 00:44:00,057 [using logback-test.xml] DEBUG org.apache.hc.client5.http.impl.classic.InternalHttpClient -   - ex-0000000040 acquired endpoint ep-0000000040
2023-12-12 00:44:00,057 [using logback-test.xml] DEBUG org.apache.hc.client5.http.impl.classic.ConnectExec -   - ex-0000000040 opening connection {}->http://localhost:8001
2023-12-12 00:44:00,057 [using logback-test.xml] DEBUG org.apache.hc.client5.http.impl.classic.InternalHttpClient -   - ep-0000000040 connecting endpoint (null)
2023-12-12 00:44:00,057 [using logback-test.xml] DEBUG org.apache.hc.client5.http.impl.io.PoolingHttpClientConnectionManager -   - ep-0000000040 connecting endpoint to http://localhost:8001 (600000 MILLISECONDS)
2023-12-12 00:44:00,057 [using logback-test.xml] DEBUG org.apache.hc.client5.http.impl.io.DefaultHttpClientConnectionOperator -   - localhost resolving remote address
2023-12-12 00:44:00,057 [using logback-test.xml] DEBUG org.apache.hc.client5.http.impl.io.DefaultHttpClientConnectionOperator -   - localhost resolved to [localhost/127.0.0.1]
2023-12-12 00:44:00,057 [using logback-test.xml] DEBUG org.apache.hc.client5.http.impl.io.DefaultHttpClientConnectionOperator -   - localhost:8001 connecting null->localhost/127.0.0.1:8001 (600000 MILLISECONDS)
2023-12-12 00:44:00,057 [using logback-test.xml] DEBUG org.apache.hc.client5.http.impl.io.DefaultHttpClientConnectionOperator -   - localhost:8001 connection to localhost/127.0.0.1:8001 failed (class java.net.ConnectException); terminating operation
2023-12-12 00:44:00,057 [using logback-test.xml] DEBUG org.apache.hc.client5.http.impl.io.DefaultManagedHttpClientConnection -   - http-outgoing-30 close connection IMMEDIATE
2023-12-12 00:44:00,057 [using logback-test.xml] DEBUG org.apache.hc.client5.http.impl.classic.InternalHttpClient -   - ep-0000000040 endpoint closed
2023-12-12 00:44:00,057 [using logback-test.xml] DEBUG org.apache.hc.client5.http.impl.classic.InternalHttpClient -   - ep-0000000040 discarding endpoint
2023-12-12 00:44:00,057 [using logback-test.xml] DEBUG org.apache.hc.client5.http.impl.io.PoolingHttpClientConnectionManager -   - ep-0000000040 releasing endpoint
2023-12-12 00:44:00,057 [using logback-test.xml] DEBUG org.apache.hc.client5.http.impl.io.PoolingHttpClientConnectionManager -   - ep-0000000040 connection is not kept alive
2023-12-12 00:44:00,057 [using logback-test.xml] DEBUG org.apache.hc.client5.http.impl.io.PoolingHttpClientConnectionManager -   - ep-0000000040 connection released [route: {}->http://localhost:8001][total available: 1; route allocated: 0 of 5; total allocated: 1 of 200]
2023-12-12 00:44:00,057 [using logback-test.xml] DEBUG org.apache.hc.client5.http.impl.classic.InternalHttpClient -   - ex-0000000041 preparing request execution
2023-12-12 00:44:00,057 [using logback-test.xml] DEBUG org.apache.hc.client5.http.impl.classic.ProtocolExec -   - ex-0000000041 target auth state: UNCHALLENGED
2023-12-12 00:44:00,057 [using logback-test.xml] DEBUG org.apache.hc.client5.http.impl.classic.ProtocolExec -   - ex-0000000041 proxy auth state: UNCHALLENGED
2023-12-12 00:44:00,057 [using logback-test.xml] DEBUG org.apache.hc.client5.http.impl.classic.ConnectExec -   - ex-0000000041 acquiring connection with route {}->http://localhost:9001
2023-12-12 00:44:00,057 [using logback-test.xml] DEBUG org.apache.hc.client5.http.impl.classic.InternalHttpClient -   - ex-0000000041 acquiring endpoint (300000 MILLISECONDS)
2023-12-12 00:44:00,057 [using logback-test.xml] DEBUG org.apache.hc.client5.http.impl.io.PoolingHttpClientConnectionManager -   - ex-0000000041 endpoint lease request (300000 MILLISECONDS) [route: {}->http://localhost:9001][total available: 1; route allocated: 0 of 5; total allocated: 1 of 200]
2023-12-12 00:44:00,057 [using logback-test.xml] DEBUG org.apache.hc.client5.http.impl.io.PoolingHttpClientConnectionManager -   - ex-0000000041 endpoint leased [route: {}->http://localhost:9001][total available: 1; route allocated: 1 of 5; total allocated: 2 of 200]
2023-12-12 00:44:00,057 [using logback-test.xml] DEBUG org.apache.hc.client5.http.impl.io.PoolingHttpClientConnectionManager -   - ex-0000000041 acquired ep-0000000041
2023-12-12 00:44:00,057 [using logback-test.xml] DEBUG org.apache.hc.client5.http.impl.classic.InternalHttpClient -   - ex-0000000041 acquired endpoint ep-0000000041
2023-12-12 00:44:00,057 [using logback-test.xml] DEBUG org.apache.hc.client5.http.impl.classic.ConnectExec -   - ex-0000000041 opening connection {}->http://localhost:9001
2023-12-12 00:44:00,057 [using logback-test.xml] DEBUG org.apache.hc.client5.http.impl.classic.InternalHttpClient -   - ep-0000000041 connecting endpoint (null)
2023-12-12 00:44:00,057 [using logback-test.xml] DEBUG org.apache.hc.client5.http.impl.io.PoolingHttpClientConnectionManager -   - ep-0000000041 connecting endpoint to http://localhost:9001 (600000 MILLISECONDS)
2023-12-12 00:44:00,057 [using logback-test.xml] DEBUG org.apache.hc.client5.http.impl.io.DefaultHttpClientConnectionOperator -   - localhost resolving remote address
2023-12-12 00:44:00,058 [using logback-test.xml] DEBUG org.apache.hc.client5.http.impl.io.DefaultHttpClientConnectionOperator -   - localhost resolved to [localhost/127.0.0.1]
2023-12-12 00:44:00,058 [using logback-test.xml] DEBUG org.apache.hc.client5.http.impl.io.DefaultHttpClientConnectionOperator -   - localhost:9001 connecting null->localhost/127.0.0.1:9001 (600000 MILLISECONDS)
2023-12-12 00:44:00,058 [using logback-test.xml] DEBUG org.apache.hc.client5.http.impl.io.DefaultHttpClientConnectionOperator -   - localhost:9001 connection to localhost/127.0.0.1:9001 failed (class java.net.ConnectException); terminating operation
2023-12-12 00:44:00,058 [using logback-test.xml] DEBUG org.apache.hc.client5.http.impl.io.DefaultManagedHttpClientConnection -   - http-outgoing-31 close connection IMMEDIATE
2023-12-12 00:44:00,058 [using logback-test.xml] DEBUG org.apache.hc.client5.http.impl.classic.InternalHttpClient -   - ep-0000000041 endpoint closed
2023-12-12 00:44:00,058 [using logback-test.xml] DEBUG org.apache.hc.client5.http.impl.classic.InternalHttpClient -   - ep-0000000041 discarding endpoint
2023-12-12 00:44:00,058 [using logback-test.xml] DEBUG org.apache.hc.client5.http.impl.io.PoolingHttpClientConnectionManager -   - ep-0000000041 releasing endpoint
2023-12-12 00:44:00,058 [using logback-test.xml] DEBUG org.apache.hc.client5.http.impl.io.PoolingHttpClientConnectionManager -   - ep-0000000041 connection is not kept alive
2023-12-12 00:44:00,058 [using logback-test.xml] DEBUG org.apache.hc.client5.http.impl.io.PoolingHttpClientConnectionManager -   - ep-0000000041 connection released [route: {}->http://localhost:9001][total available: 1; route allocated: 0 of 5; total allocated: 1 of 200]
2023-12-12 00:44:00,058 [using logback-test.xml] DEBUG org.apache.hc.client5.http.impl.classic.InternalHttpClient -   - ex-0000000042 preparing request execution
2023-12-12 00:44:00,059 [using logback-test.xml] DEBUG org.apache.hc.client5.http.impl.classic.ProtocolExec -   - ex-0000000042 target auth state: UNCHALLENGED
2023-12-12 00:44:00,059 [using logback-test.xml] DEBUG org.apache.hc.client5.http.impl.classic.ProtocolExec -   - ex-0000000042 proxy auth state: UNCHALLENGED
2023-12-12 00:44:00,059 [using logback-test.xml] DEBUG org.apache.hc.client5.http.impl.classic.ConnectExec -   - ex-0000000042 acquiring connection with route {}->http://localhost:7001
2023-12-12 00:44:00,059 [using logback-test.xml] DEBUG org.apache.hc.client5.http.impl.classic.InternalHttpClient -   - ex-0000000042 acquiring endpoint (300000 MILLISECONDS)
2023-12-12 00:44:00,059 [using logback-test.xml] DEBUG org.apache.hc.client5.http.impl.io.PoolingHttpClientConnectionManager -   - ex-0000000042 endpoint lease request (300000 MILLISECONDS) [route: {}->http://localhost:7001][total available: 1; route allocated: 1 of 5; total allocated: 1 of 200]
2023-12-12 00:44:00,059 [using logback-test.xml] DEBUG org.apache.hc.client5.http.impl.io.PoolingHttpClientConnectionManager -   - ex-0000000042 endpoint leased [route: {}->http://localhost:7001][total available: 0; route allocated: 1 of 5; total allocated: 1 of 200]
2023-12-12 00:44:00,059 [using logback-test.xml] DEBUG org.apache.hc.client5.http.impl.io.PoolingHttpClientConnectionManager -   - ex-0000000042 acquired ep-0000000042
2023-12-12 00:44:00,059 [using logback-test.xml] DEBUG org.apache.hc.client5.http.impl.classic.InternalHttpClient -   - ex-0000000042 acquired endpoint ep-0000000042
2023-12-12 00:44:00,059 [using logback-test.xml] DEBUG org.apache.hc.client5.http.impl.classic.MainClientExec -   - ex-0000000042 executing POST /emissary/FailDirectory.action HTTP/1.1
2023-12-12 00:44:00,059 [using logback-test.xml] DEBUG org.apache.hc.client5.http.protocol.RequestAddCookies -   - ex-0000000042 Cookie spec selected: strict
2023-12-12 00:44:00,059 [using logback-test.xml] DEBUG org.apache.hc.client5.http.impl.classic.InternalHttpClient -   - ep-0000000042 start execution ex-0000000042
2023-12-12 00:44:00,059 [using logback-test.xml] DEBUG org.apache.hc.client5.http.impl.io.PoolingHttpClientConnectionManager -   - ep-0000000042 executing exchange ex-0000000042 over http-outgoing-11
2023-12-12 00:44:00,059 [using logback-test.xml] DEBUG org.apache.hc.client5.http.headers -   - http-outgoing-11 >> POST /emissary/FailDirectory.action HTTP/1.1
2023-12-12 00:44:00,059 [using logback-test.xml] DEBUG org.apache.hc.client5.http.headers -   - http-outgoing-11 >> X-Requested-By: emissary
2023-12-12 00:44:00,059 [using logback-test.xml] DEBUG org.apache.hc.client5.http.headers -   - http-outgoing-11 >> Accept-Encoding: gzip, x-gzip, deflate
2023-12-12 00:44:00,059 [using logback-test.xml] DEBUG org.apache.hc.client5.http.headers -   - http-outgoing-11 >> Content-Length: 195
2023-12-12 00:44:00,059 [using logback-test.xml] DEBUG org.apache.hc.client5.http.headers -   - http-outgoing-11 >> Content-Type: application/x-www-form-urlencoded; charset=UTF-8
2023-12-12 00:44:00,059 [using logback-test.xml] DEBUG org.apache.hc.client5.http.headers -   - http-outgoing-11 >> Host: localhost:7001
2023-12-12 00:44:00,059 [using logback-test.xml] DEBUG org.apache.hc.client5.http.headers -   - http-outgoing-11 >> Connection: keep-alive
2023-12-12 00:44:00,059 [using logback-test.xml] DEBUG org.apache.hc.client5.http.headers -   - http-outgoing-11 >> User-Agent: Apache-HttpClient/5.2.1 (Java/17.0.3)
2023-12-12 00:44:00,059 [using logback-test.xml] DEBUG org.apache.hc.client5.http.wire -   - http-outgoing-11 >> "POST /emissary/FailDirectory.action HTTP/1.1[\r][\n]"
2023-12-12 00:44:00,059 [using logback-test.xml] DEBUG org.apache.hc.client5.http.wire -   - http-outgoing-11 >> "X-Requested-By: emissary[\r][\n]"
2023-12-12 00:44:00,059 [using logback-test.xml] DEBUG org.apache.hc.client5.http.wire -   - http-outgoing-11 >> "Accept-Encoding: gzip, x-gzip, deflate[\r][\n]"
2023-12-12 00:44:00,059 [using logback-test.xml] DEBUG org.apache.hc.client5.http.wire -   - http-outgoing-11 >> "Content-Length: 195[\r][\n]"
2023-12-12 00:44:00,059 [using logback-test.xml] DEBUG org.apache.hc.client5.http.wire -   - http-outgoing-11 >> "Content-Type: application/x-www-form-urlencoded; charset=UTF-8[\r][\n]"
2023-12-12 00:44:00,059 [using logback-test.xml] DEBUG org.apache.hc.client5.http.wire -   - http-outgoing-11 >> "Host: localhost:7001[\r][\n]"
2023-12-12 00:44:00,059 [using logback-test.xml] DEBUG org.apache.hc.client5.http.wire -   - http-outgoing-11 >> "Connection: keep-alive[\r][\n]"
2023-12-12 00:44:00,059 [using logback-test.xml] DEBUG org.apache.hc.client5.http.wire -   - http-outgoing-11 >> "User-Agent: Apache-HttpClient/5.2.1 (Java/17.0.3)[\r][\n]"
2023-12-12 00:44:00,059 [using logback-test.xml] DEBUG org.apache.hc.client5.http.wire -   - http-outgoing-11 >> "[\r][\n]"
2023-12-12 00:44:00,059 [using logback-test.xml] DEBUG org.apache.hc.client5.http.wire -   - http-outgoing-11 >> "targetDir=http%3A%2F%2Flocalhost%3A7001%2FDirectoryPlace&dirFailName=EMISSARY_DIRECTORY_SERVICES.DIRECTORY.STUDY.http%3A%2F%2FderegisterPlaceActionTest%3A8001%2FDirectoryPlace&dirAddPropFlag=true"
2023-12-12 00:44:00,060 [using logback-test.xml] DEBUG org.apache.hc.client5.http.wire -   - http-outgoing-11 << "HTTP/1.1 401 Unauthorized[\r][\n]"
2023-12-12 00:44:00,060 [using logback-test.xml] DEBUG org.apache.hc.client5.http.wire -   - http-outgoing-11 << "WWW-Authenticate: Digest realm="EmissaryRealm", domain="/", nonce="37M83bXdircrOOtiPo3RIeLkfblqNxTE", algorithm=MD5, qop="auth", stale=false[\r][\n]"
2023-12-12 00:44:00,060 [using logback-test.xml] DEBUG org.apache.hc.client5.http.wire -   - http-outgoing-11 << "Cache-Control: must-revalidate,no-cache,no-store[\r][\n]"
2023-12-12 00:44:00,060 [using logback-test.xml] DEBUG org.apache.hc.client5.http.wire -   - http-outgoing-11 << "Content-Type: text/html;charset=iso-8859-1[\r][\n]"
2023-12-12 00:44:00,060 [using logback-test.xml] DEBUG org.apache.hc.client5.http.wire -   - http-outgoing-11 << "Content-Length: 473[\r][\n]"
2023-12-12 00:44:00,060 [using logback-test.xml] DEBUG org.apache.hc.client5.http.wire -   - http-outgoing-11 << "Connection: close[\r][\n]"
2023-12-12 00:44:00,060 [using logback-test.xml] DEBUG org.apache.hc.client5.http.wire -   - http-outgoing-11 << "Server: Jetty(10.0.15)[\r][\n]"
2023-12-12 00:44:00,060 [using logback-test.xml] DEBUG org.apache.hc.client5.http.wire -   - http-outgoing-11 << "[\r][\n]"
2023-12-12 00:44:00,060 [using logback-test.xml] DEBUG org.apache.hc.client5.http.wire -   - http-outgoing-11 << "<html>[\n]"
2023-12-12 00:44:00,060 [using logback-test.xml] DEBUG org.apache.hc.client5.http.wire -   - http-outgoing-11 << "<head>[\n]"
2023-12-12 00:44:00,060 [using logback-test.xml] DEBUG org.apache.hc.client5.http.wire -   - http-outgoing-11 << "<meta http-equiv="Content-Type" content="text/html;charset=ISO-8859-1"/>[\n]"
2023-12-12 00:44:00,060 [using logback-test.xml] DEBUG org.apache.hc.client5.http.wire -   - http-outgoing-11 << "<title>Error 401 Unauthorized</title>[\n]"
2023-12-12 00:44:00,060 [using logback-test.xml] DEBUG org.apache.hc.client5.http.wire -   - http-outgoing-11 << "</head>[\n]"
2023-12-12 00:44:00,060 [using logback-test.xml] DEBUG org.apache.hc.client5.http.wire -   - http-outgoing-11 << "<body><h2>HTTP ERROR 401 Unauthorized</h2>[\n]"
2023-12-12 00:44:00,060 [using logback-test.xml] DEBUG org.apache.hc.client5.http.wire -   - http-outgoing-11 << "<table>[\n]"
2023-12-12 00:44:00,060 [using logback-test.xml] DEBUG org.apache.hc.client5.http.wire -   - http-outgoing-11 << "<tr><th>URI:</th><td>/emissary/FailDirectory.action</td></tr>[\n]"
2023-12-12 00:44:00,060 [using logback-test.xml] DEBUG org.apache.hc.client5.http.wire -   - http-outgoing-11 << "<tr><th>STATUS:</th><td>401</td></tr>[\n]"
2023-12-12 00:44:00,060 [using logback-test.xml] DEBUG org.apache.hc.client5.http.wire -   - http-outgoing-11 << "<tr><th>MESSAGE:</th><td>Unauthorized</td></tr>[\n]"
2023-12-12 00:44:00,060 [using logback-test.xml] DEBUG org.apache.hc.client5.http.wire -   - http-outgoing-11 << "<tr><th>SERVLET:</th><td>-</td></tr>[\n]"
2023-12-12 00:44:00,060 [using logback-test.xml] DEBUG org.apache.hc.client5.http.wire -   - http-outgoing-11 << "</table>[\n]"
2023-12-12 00:44:00,060 [using logback-test.xml] DEBUG org.apache.hc.client5.http.wire -   - http-outgoing-11 << "<hr/><a href="https://eclipse.org/jetty">Powered by Jetty:// 10.0.15</a><hr/>[\n]"
2023-12-12 00:44:00,060 [using logback-test.xml] DEBUG org.apache.hc.client5.http.wire -   - http-outgoing-11 << "[\n]"
2023-12-12 00:44:00,060 [using logback-test.xml] DEBUG org.apache.hc.client5.http.wire -   - http-outgoing-11 << "</body>[\n]"
2023-12-12 00:44:00,060 [using logback-test.xml] DEBUG org.apache.hc.client5.http.wire -   - http-outgoing-11 << "</html>[\n]"
2023-12-12 00:44:00,060 [using logback-test.xml] DEBUG org.apache.hc.client5.http.headers -   - http-outgoing-11 << HTTP/1.1 401 Unauthorized
2023-12-12 00:44:00,060 [using logback-test.xml] DEBUG org.apache.hc.client5.http.headers -   - http-outgoing-11 << WWW-Authenticate: Digest realm="EmissaryRealm", domain="/", nonce="37M83bXdircrOOtiPo3RIeLkfblqNxTE", algorithm=MD5, qop="auth", stale=false
2023-12-12 00:44:00,060 [using logback-test.xml] DEBUG org.apache.hc.client5.http.headers -   - http-outgoing-11 << Cache-Control: must-revalidate,no-cache,no-store
2023-12-12 00:44:00,060 [using logback-test.xml] DEBUG org.apache.hc.client5.http.headers -   - http-outgoing-11 << Content-Type: text/html;charset=iso-8859-1
2023-12-12 00:44:00,060 [using logback-test.xml] DEBUG org.apache.hc.client5.http.headers -   - http-outgoing-11 << Content-Length: 473
2023-12-12 00:44:00,060 [using logback-test.xml] DEBUG org.apache.hc.client5.http.headers -   - http-outgoing-11 << Connection: close
2023-12-12 00:44:00,060 [using logback-test.xml] DEBUG org.apache.hc.client5.http.headers -   - http-outgoing-11 << Server: Jetty(10.0.15)
2023-12-12 00:44:00,060 [using logback-test.xml] DEBUG org.apache.hc.client5.http.impl.auth.HttpAuthenticator -   - ex-0000000042 Authentication required
2023-12-12 00:44:00,060 [using logback-test.xml] DEBUG org.apache.hc.client5.http.impl.auth.AuthCacheKeeper -   - ex-0000000042 Clearing cached auth scheme for http://localhost:7001/emissary/
2023-12-12 00:44:00,060 [using logback-test.xml] DEBUG org.apache.hc.client5.http.impl.auth.HttpAuthenticator -   - ex-0000000042 localhost:7001 requested authentication
2023-12-12 00:44:00,060 [using logback-test.xml] DEBUG org.apache.hc.client5.http.impl.DefaultAuthenticationStrategy -   - ex-0000000042 Authentication schemes in the order of preference: [Digest]
2023-12-12 00:44:00,060 [using logback-test.xml] DEBUG org.apache.hc.client5.http.impl.auth.HttpAuthenticator -   - ex-0000000042 Selecting authentication options
2023-12-12 00:44:00,060 [using logback-test.xml] DEBUG org.apache.hc.client5.http.impl.auth.HttpAuthenticator -   - ex-0000000042 Selected authentication options: [Digest{qop=auth, stale=false, domain=/, realm=EmissaryRealm, nonce=37M83bXdircrOOtiPo3RIeLkfblqNxTE, algorithm=MD5}]
2023-12-12 00:44:00,060 [using logback-test.xml] DEBUG org.apache.hc.client5.http.impl.io.DefaultManagedHttpClientConnection -   - http-outgoing-11 close connection GRACEFUL
2023-12-12 00:44:00,060 [using logback-test.xml] DEBUG org.apache.hc.client5.http.impl.classic.InternalHttpClient -   - ep-0000000042 endpoint closed
2023-12-12 00:44:00,060 [using logback-test.xml] DEBUG org.apache.hc.client5.http.impl.classic.ProtocolExec -   - ex-0000000042 target auth state: CHALLENGED
2023-12-12 00:44:00,060 [using logback-test.xml] DEBUG org.apache.hc.client5.http.impl.auth.HttpAuthenticator -   - ex-0000000042 Generating response to an authentication challenge using Digest scheme
2023-12-12 00:44:00,060 [using logback-test.xml] DEBUG org.apache.hc.client5.http.impl.classic.ProtocolExec -   - ex-0000000042 proxy auth state: UNCHALLENGED
2023-12-12 00:44:00,060 [using logback-test.xml] DEBUG org.apache.hc.client5.http.impl.classic.ConnectExec -   - ex-0000000042 opening connection {}->http://localhost:7001
2023-12-12 00:44:00,060 [using logback-test.xml] DEBUG org.apache.hc.client5.http.impl.classic.InternalHttpClient -   - ep-0000000042 connecting endpoint (null)
2023-12-12 00:44:00,060 [using logback-test.xml] DEBUG org.apache.hc.client5.http.impl.io.PoolingHttpClientConnectionManager -   - ep-0000000042 connecting endpoint to http://localhost:7001 (600000 MILLISECONDS)
2023-12-12 00:44:00,060 [using logback-test.xml] DEBUG org.apache.hc.client5.http.impl.io.DefaultHttpClientConnectionOperator -   - localhost resolving remote address
2023-12-12 00:44:00,060 [using logback-test.xml] DEBUG org.apache.hc.client5.http.impl.io.DefaultHttpClientConnectionOperator -   - localhost resolved to [localhost/127.0.0.1]
2023-12-12 00:44:00,060 [using logback-test.xml] DEBUG org.apache.hc.client5.http.impl.io.DefaultHttpClientConnectionOperator -   - localhost:7001 connecting null->localhost/127.0.0.1:7001 (600000 MILLISECONDS)
2023-12-12 00:44:00,061 [using logback-test.xml] DEBUG org.apache.hc.client5.http.impl.io.DefaultHttpClientConnectionOperator -   - localhost:7001 connection to localhost/127.0.0.1:7001 failed (class java.net.ConnectException); terminating operation
2023-12-12 00:44:00,061 [using logback-test.xml] DEBUG org.apache.hc.client5.http.impl.io.DefaultManagedHttpClientConnection -   - http-outgoing-32 close connection IMMEDIATE
2023-12-12 00:44:00,061 [using logback-test.xml] DEBUG org.apache.hc.client5.http.impl.classic.InternalHttpClient -   - ep-0000000042 endpoint closed
2023-12-12 00:44:00,061 [using logback-test.xml] DEBUG org.apache.hc.client5.http.impl.classic.InternalHttpClient -   - ep-0000000042 discarding endpoint
2023-12-12 00:44:00,061 [using logback-test.xml] DEBUG org.apache.hc.client5.http.impl.io.PoolingHttpClientConnectionManager -   - ep-0000000042 releasing endpoint
2023-12-12 00:44:00,061 [using logback-test.xml] DEBUG org.apache.hc.client5.http.impl.io.PoolingHttpClientConnectionManager -   - ep-0000000042 connection is not kept alive
2023-12-12 00:44:00,061 [using logback-test.xml] DEBUG org.apache.hc.client5.http.impl.io.PoolingHttpClientConnectionManager -   - ep-0000000042 connection released [route: {}->http://localhost:7001][total available: 0; route allocated: 0 of 5; total allocated: 0 of 200]
2023-12-12 00:44:00,061 [using logback-test.xml]  INFO emissary.directory.DirectoryPlace -   - Done shutting down DirectoryPlace
]]></system-out>
    <system-err><![CDATA[Dec 12, 2023 12:44:00 AM org.glassfish.jersey.test.jetty.JettyTestContainerFactory$JettyTestContainer <init>
INFO: Creating JettyTestContainer configured at the base URI http://localhost:<AVAILABLE-PORT>/
Dec 12, 2023 12:44:00 AM org.glassfish.jersey.test.jetty.JettyTestContainerFactory$JettyTestContainer start
INFO: Started JettyTestContainer at the base URI http://localhost:64771/
]]></system-err>
  </testcase>
</testsuite>