<?xml version="1.0" encoding="UTF-8"?>
<testsuite xmlns:xsi="http://www.w3.org/2001/XMLSchema-instance" xsi:noNamespaceSchemaLocation="https://maven.apache.org/surefire/maven-surefire-plugin/xsd/surefire-test-report-3.0.xsd" version="3.0" name="emissary.place.ServiceProviderPlaceTest" time="0.236" tests="22" errors="0" skipped="0" failures="0">
  <properties>
    <property name="git.tags" value="8.0.0-M10"/>
    <property name="java.specification.version" value="17"/>
    <property name="sun.jnu.encoding" value="UTF-8"/>
    <property name="git.build.version" value="8.0.0-M10"/>
    <property name="java.class.path" value="/Users/connor/Projects/work/emissary/target/test-classes:/Users/connor/Projects/work/emissary/target/classes:/Users/connor/.m2/repository/ch/qos/logback/logback-classic/1.3.12/logback-classic-1.3.12.jar:/Users/connor/.m2/repository/ch/qos/logback/logback-core/1.3.12/logback-core-1.3.12.jar:/Users/connor/.m2/repository/com/fasterxml/jackson/core/jackson-databind/2.13.4.2/jackson-databind-2.13.4.2.jar:/Users/connor/.m2/repository/com/fasterxml/jackson/core/jackson-annotations/2.13.4/jackson-annotations-2.13.4.jar:/Users/connor/.m2/repository/com/fasterxml/jackson/core/jackson-core/2.13.4/jackson-core-2.13.4.jar:/Users/connor/.m2/repository/com/github/spullara/mustache/java/compiler/0.9.10/compiler-0.9.10.jar:/Users/connor/.m2/repository/com/google/code/gson/gson/2.8.9/gson-2.8.9.jar:/Users/connor/.m2/repository/com/google/guava/guava/32.0.0-jre/guava-32.0.0-jre.jar:/Users/connor/.m2/repository/com/google/guava/failureaccess/1.0.1/failureaccess-1.0.1.jar:/Users/connor/.m2/repository/com/google/guava/listenablefuture/9999.0-empty-to-avoid-conflict-with-guava/listenablefuture-9999.0-empty-to-avoid-conflict-with-guava.jar:/Users/connor/.m2/repository/com/google/code/findbugs/jsr305/3.0.2/jsr305-3.0.2.jar:/Users/connor/.m2/repository/org/checkerframework/checker-qual/3.33.0/checker-qual-3.33.0.jar:/Users/connor/.m2/repository/com/google/errorprone/error_prone_annotations/2.18.0/error_prone_annotations-2.18.0.jar:/Users/connor/.m2/repository/com/google/j2objc/j2objc-annotations/2.8/j2objc-annotations-2.8.jar:/Users/connor/.m2/repository/commons-cli/commons-cli/1.5.0/commons-cli-1.5.0.jar:/Users/connor/.m2/repository/commons-codec/commons-codec/1.15/commons-codec-1.15.jar:/Users/connor/.m2/repository/commons-io/commons-io/2.11.0/commons-io-2.11.0.jar:/Users/connor/.m2/repository/info/picocli/picocli/4.7.4/picocli-4.7.4.jar:/Users/connor/.m2/repository/io/dropwizard/metrics/metrics-graphite/4.2.4/metrics-graphite-4.2.4.jar:/Users/connor/.m2/repository/io/dropwizard/metrics/metrics-core/4.2.4/metrics-core-4.2.4.jar:/Users/connor/.m2/repository/com/rabbitmq/amqp-client/5.13.1/amqp-client-5.13.1.jar:/Users/connor/.m2/repository/io/dropwizard/metrics/metrics-healthchecks/4.2.4/metrics-healthchecks-4.2.4.jar:/Users/connor/.m2/repository/io/dropwizard/metrics/metrics-jmx/4.2.4/metrics-jmx-4.2.4.jar:/Users/connor/.m2/repository/io/dropwizard/metrics/metrics-jvm/4.2.4/metrics-jvm-4.2.4.jar:/Users/connor/.m2/repository/io/dropwizard/metrics/metrics-servlets/4.2.4/metrics-servlets-4.2.4.jar:/Users/connor/.m2/repository/io/dropwizard/metrics/metrics-json/4.2.4/metrics-json-4.2.4.jar:/Users/connor/.m2/repository/com/helger/profiler/1.1.1/profiler-1.1.1.jar:/Users/connor/.m2/repository/jakarta/activation/jakarta.activation-api/1.2.2/jakarta.activation-api-1.2.2.jar:/Users/connor/.m2/repository/jakarta/servlet/jakarta.servlet-api/4.0.3/jakarta.servlet-api-4.0.3.jar:/Users/connor/.m2/repository/jakarta/xml/bind/jakarta.xml.bind-api/2.3.3/jakarta.xml.bind-api-2.3.3.jar:/Users/connor/.m2/repository/net/logstash/logback/logstash-logback-encoder/7.2/logstash-logback-encoder-7.2.jar:/Users/connor/.m2/repository/net/spy/spymemcached/2.12.3/spymemcached-2.12.3.jar:/Users/connor/.m2/repository/org/apache/commons/commons-collections4/4.4/commons-collections4-4.4.jar:/Users/connor/.m2/repository/org/apache/commons/commons-compress/1.21/commons-compress-1.21.jar:/Users/connor/.m2/repository/org/apache/commons/commons-exec/1.3/commons-exec-1.3.jar:/Users/connor/.m2/repository/org/apache/commons/commons-lang3/3.12.0/commons-lang3-3.12.0.jar:/Users/connor/.m2/repository/org/apache/commons/commons-pool2/2.11.1/commons-pool2-2.11.1.jar:/Users/connor/.m2/repository/org/apache/httpcomponents/client5/httpclient5/5.2.1/httpclient5-5.2.1.jar:/Users/connor/.m2/repository/org/apache/httpcomponents/core5/httpcore5/5.2.1/httpcore5-5.2.1.jar:/Users/connor/.m2/repository/org/apache/httpcomponents/core5/httpcore5-h2/5.2/httpcore5-h2-5.2.jar:/Users/connor/.m2/repository/org/codehaus/janino/janino/3.1.7/janino-3.1.7.jar:/Users/connor/.m2/repository/org/codehaus/janino/commons-compiler/3.1.7/commons-compiler-3.1.7.jar:/Users/connor/.m2/repository/org/eclipse/jetty/jetty-plus/10.0.15/jetty-plus-10.0.15.jar:/Users/connor/.m2/repository/jakarta/transaction/jakarta.transaction-api/1.3.3/jakarta.transaction-api-1.3.3.jar:/Users/connor/.m2/repository/org/eclipse/jetty/jetty-jndi/10.0.15/jetty-jndi-10.0.15.jar:/Users/connor/.m2/repository/org/eclipse/jetty/jetty-security/10.0.15/jetty-security-10.0.15.jar:/Users/connor/.m2/repository/org/eclipse/jetty/jetty-server/10.0.15/jetty-server-10.0.15.jar:/Users/connor/.m2/repository/org/eclipse/jetty/jetty-http/10.0.15/jetty-http-10.0.15.jar:/Users/connor/.m2/repository/org/eclipse/jetty/jetty-io/10.0.15/jetty-io-10.0.15.jar:/Users/connor/.m2/repository/org/eclipse/jetty/jetty-util/10.0.15/jetty-util-10.0.15.jar:/Users/connor/.m2/repository/org/eclipse/jetty/jetty-webapp/10.0.15/jetty-webapp-10.0.15.jar:/Users/connor/.m2/repository/org/eclipse/jetty/jetty-servlet/10.0.15/jetty-servlet-10.0.15.jar:/Users/connor/.m2/repository/org/eclipse/jetty/jetty-xml/10.0.15/jetty-xml-10.0.15.jar:/Users/connor/.m2/repository/org/glassfish/jaxb/jaxb-runtime/2.3.8/jaxb-runtime-2.3.8.jar:/Users/connor/.m2/repository/org/glassfish/jaxb/txw2/2.3.8/txw2-2.3.8.jar:/Users/connor/.m2/repository/com/sun/istack/istack-commons-runtime/3.0.12/istack-commons-runtime-3.0.12.jar:/Users/connor/.m2/repository/com/sun/activation/jakarta.activation/1.2.2/jakarta.activation-1.2.2.jar:/Users/connor/.m2/repository/org/glassfish/jersey/containers/jersey-container-jetty-http/2.40/jersey-container-jetty-http-2.40.jar:/Users/connor/.m2/repository/org/glassfish/hk2/external/jakarta.inject/2.6.1/jakarta.inject-2.6.1.jar:/Users/connor/.m2/repository/org/eclipse/jetty/jetty-continuation/9.4.51.v20230217/jetty-continuation-9.4.51.v20230217.jar:/Users/connor/.m2/repository/jakarta/ws/rs/jakarta.ws.rs-api/2.1.6/jakarta.ws.rs-api-2.1.6.jar:/Users/connor/.m2/repository/org/glassfish/jersey/containers/jersey-container-servlet-core/2.40/jersey-container-servlet-core-2.40.jar:/Users/connor/.m2/repository/org/glassfish/jersey/core/jersey-common/2.40/jersey-common-2.40.jar:/Users/connor/.m2/repository/jakarta/annotation/jakarta.annotation-api/1.3.5/jakarta.annotation-api-1.3.5.jar:/Users/connor/.m2/repository/org/glassfish/hk2/osgi-resource-locator/1.0.3/osgi-resource-locator-1.0.3.jar:/Users/connor/.m2/repository/org/glassfish/jersey/core/jersey-server/2.40/jersey-server-2.40.jar:/Users/connor/.m2/repository/org/glassfish/jersey/core/jersey-client/2.40/jersey-client-2.40.jar:/Users/connor/.m2/repository/jakarta/validation/jakarta.validation-api/2.0.2/jakarta.validation-api-2.0.2.jar:/Users/connor/.m2/repository/org/glassfish/jersey/ext/jersey-mvc/2.40/jersey-mvc-2.40.jar:/Users/connor/.m2/repository/org/glassfish/jersey/ext/jersey-mvc-mustache/2.40/jersey-mvc-mustache-2.40.jar:/Users/connor/.m2/repository/org/glassfish/jersey/inject/jersey-hk2/2.40/jersey-hk2-2.40.jar:/Users/connor/.m2/repository/org/glassfish/hk2/hk2-locator/2.6.1/hk2-locator-2.6.1.jar:/Users/connor/.m2/repository/org/glassfish/hk2/external/aopalliance-repackaged/2.6.1/aopalliance-repackaged-2.6.1.jar:/Users/connor/.m2/repository/org/glassfish/hk2/hk2-api/2.6.1/hk2-api-2.6.1.jar:/Users/connor/.m2/repository/org/glassfish/hk2/hk2-utils/2.6.1/hk2-utils-2.6.1.jar:/Users/connor/.m2/repository/org/javassist/javassist/3.29.2-GA/javassist-3.29.2-GA.jar:/Users/connor/.m2/repository/org/glassfish/jersey/media/jersey-media-json-jackson/2.40/jersey-media-json-jackson-2.40.jar:/Users/connor/.m2/repository/org/glassfish/jersey/ext/jersey-entity-filtering/2.40/jersey-entity-filtering-2.40.jar:/Users/connor/.m2/repository/com/fasterxml/jackson/module/jackson-module-jaxb-annotations/2.13.4/jackson-module-jaxb-annotations-2.13.4.jar:/Users/connor/.m2/repository/org/glassfish/jersey/media/jersey-media-multipart/2.40/jersey-media-multipart-2.40.jar:/Users/connor/.m2/repository/org/jvnet/mimepull/mimepull/1.9.15/mimepull-1.9.15.jar:/Users/connor/.m2/repository/org/jdom/jdom2/2.0.6.1/jdom2-2.0.6.1.jar:/Users/connor/.m2/repository/org/slf4j/log4j-over-slf4j/2.0.7/log4j-over-slf4j-2.0.7.jar:/Users/connor/.m2/repository/org/slf4j/slf4j-api/2.0.7/slf4j-api-2.0.7.jar:/Users/connor/.m2/repository/org/glassfish/jersey/test-framework/providers/jersey-test-framework-provider-jetty/2.40/jersey-test-framework-provider-jetty-2.40.jar:/Users/connor/.m2/repository/org/glassfish/jersey/test-framework/jersey-test-framework-core/2.40/jersey-test-framework-core-2.40.jar:/Users/connor/.m2/repository/org/glassfish/jersey/media/jersey-media-jaxb/2.40/jersey-media-jaxb-2.40.jar:/Users/connor/.m2/repository/org/hamcrest/hamcrest/2.2/hamcrest-2.2.jar:/Users/connor/.m2/repository/org/junit/jupiter/junit-jupiter/5.8.2/junit-jupiter-5.8.2.jar:/Users/connor/.m2/repository/org/junit/jupiter/junit-jupiter-api/5.8.2/junit-jupiter-api-5.8.2.jar:/Users/connor/.m2/repository/org/opentest4j/opentest4j/1.2.0/opentest4j-1.2.0.jar:/Users/connor/.m2/repository/org/junit/platform/junit-platform-commons/1.8.2/junit-platform-commons-1.8.2.jar:/Users/connor/.m2/repository/org/junit/jupiter/junit-jupiter-params/5.8.2/junit-jupiter-params-5.8.2.jar:/Users/connor/.m2/repository/org/junit/jupiter/junit-jupiter-engine/5.8.2/junit-jupiter-engine-5.8.2.jar:/Users/connor/.m2/repository/org/junit/vintage/junit-vintage-engine/5.8.2/junit-vintage-engine-5.8.2.jar:/Users/connor/.m2/repository/org/junit/platform/junit-platform-engine/1.8.2/junit-platform-engine-1.8.2.jar:/Users/connor/.m2/repository/junit/junit/4.13.2/junit-4.13.2.jar:/Users/connor/.m2/repository/org/apiguardian/apiguardian-api/1.1.2/apiguardian-api-1.1.2.jar:/Users/connor/.m2/repository/org/mockito/mockito-core/5.4.0/mockito-core-5.4.0.jar:/Users/connor/.m2/repository/net/bytebuddy/byte-buddy/1.14.5/byte-buddy-1.14.5.jar:/Users/connor/.m2/repository/net/bytebuddy/byte-buddy-agent/1.14.5/byte-buddy-agent-1.14.5.jar:/Users/connor/.m2/repository/org/objenesis/objenesis/3.3/objenesis-3.3.jar:/Users/connor/.m2/repository/org/mockito/mockito-junit-jupiter/5.4.0/mockito-junit-jupiter-5.4.0.jar:"/>
    <property name="git.branch" value="ff82d3005ccb4ef8091d2c5b0fd31b049ef697ab"/>
    <property name="git.build.host" value="Connors-MacBook-Pro.local"/>
    <property name="java.vm.vendor" value="Azul Systems, Inc."/>
    <property name="sun.arch.data.model" value="64"/>
    <property name="emissary.config.pkg" value="emissary.place"/>
    <property name="java.vendor.url" value="http://www.azul.com/"/>
    <property name="java.locale.providers" value="COMPAT"/>
    <property name="user.timezone" value="GMT"/>
    <property name="java.vm.specification.version" value="17"/>
    <property name="os.name" value="Mac OS X"/>
    <property name="git.commit.author.time" value="2023-12-04T14:17:17-0500"/>
    <property name="sun.java.launcher" value="SUN_STANDARD"/>
    <property name="user.country" value="US"/>
    <property name="git.build.user.name" value="Connor Koehler"/>
    <property name="sun.boot.library.path" value="/Users/connor/.sdkman/candidates/java/17.0.3.fx-zulu/zulu-17.jdk/Contents/Home/lib"/>
    <property name="sun.java.command" value="/Users/connor/Projects/work/emissary/target/surefire/surefirebooter-20231211194348699_12.jar /Users/connor/Projects/work/emissary/target/surefire 2023-12-11T19-43-48_360-jvmRun5 surefire-20231211194348699_3tmp surefire_2-20231211194348699_7tmp"/>
    <property name="http.nonProxyHosts" value="local|*.local|169.254/16|*.169.254/16"/>
    <property name="jdk.debug" value="release"/>
    <property name="surefire.test.class.path" value="/Users/connor/Projects/work/emissary/target/test-classes:/Users/connor/Projects/work/emissary/target/classes:/Users/connor/.m2/repository/ch/qos/logback/logback-classic/1.3.12/logback-classic-1.3.12.jar:/Users/connor/.m2/repository/ch/qos/logback/logback-core/1.3.12/logback-core-1.3.12.jar:/Users/connor/.m2/repository/com/fasterxml/jackson/core/jackson-databind/2.13.4.2/jackson-databind-2.13.4.2.jar:/Users/connor/.m2/repository/com/fasterxml/jackson/core/jackson-annotations/2.13.4/jackson-annotations-2.13.4.jar:/Users/connor/.m2/repository/com/fasterxml/jackson/core/jackson-core/2.13.4/jackson-core-2.13.4.jar:/Users/connor/.m2/repository/com/github/spullara/mustache/java/compiler/0.9.10/compiler-0.9.10.jar:/Users/connor/.m2/repository/com/google/code/gson/gson/2.8.9/gson-2.8.9.jar:/Users/connor/.m2/repository/com/google/guava/guava/32.0.0-jre/guava-32.0.0-jre.jar:/Users/connor/.m2/repository/com/google/guava/failureaccess/1.0.1/failureaccess-1.0.1.jar:/Users/connor/.m2/repository/com/google/guava/listenablefuture/9999.0-empty-to-avoid-conflict-with-guava/listenablefuture-9999.0-empty-to-avoid-conflict-with-guava.jar:/Users/connor/.m2/repository/com/google/code/findbugs/jsr305/3.0.2/jsr305-3.0.2.jar:/Users/connor/.m2/repository/org/checkerframework/checker-qual/3.33.0/checker-qual-3.33.0.jar:/Users/connor/.m2/repository/com/google/errorprone/error_prone_annotations/2.18.0/error_prone_annotations-2.18.0.jar:/Users/connor/.m2/repository/com/google/j2objc/j2objc-annotations/2.8/j2objc-annotations-2.8.jar:/Users/connor/.m2/repository/commons-cli/commons-cli/1.5.0/commons-cli-1.5.0.jar:/Users/connor/.m2/repository/commons-codec/commons-codec/1.15/commons-codec-1.15.jar:/Users/connor/.m2/repository/commons-io/commons-io/2.11.0/commons-io-2.11.0.jar:/Users/connor/.m2/repository/info/picocli/picocli/4.7.4/picocli-4.7.4.jar:/Users/connor/.m2/repository/io/dropwizard/metrics/metrics-graphite/4.2.4/metrics-graphite-4.2.4.jar:/Users/connor/.m2/repository/io/dropwizard/metrics/metrics-core/4.2.4/metrics-core-4.2.4.jar:/Users/connor/.m2/repository/com/rabbitmq/amqp-client/5.13.1/amqp-client-5.13.1.jar:/Users/connor/.m2/repository/io/dropwizard/metrics/metrics-healthchecks/4.2.4/metrics-healthchecks-4.2.4.jar:/Users/connor/.m2/repository/io/dropwizard/metrics/metrics-jmx/4.2.4/metrics-jmx-4.2.4.jar:/Users/connor/.m2/repository/io/dropwizard/metrics/metrics-jvm/4.2.4/metrics-jvm-4.2.4.jar:/Users/connor/.m2/repository/io/dropwizard/metrics/metrics-servlets/4.2.4/metrics-servlets-4.2.4.jar:/Users/connor/.m2/repository/io/dropwizard/metrics/metrics-json/4.2.4/metrics-json-4.2.4.jar:/Users/connor/.m2/repository/com/helger/profiler/1.1.1/profiler-1.1.1.jar:/Users/connor/.m2/repository/jakarta/activation/jakarta.activation-api/1.2.2/jakarta.activation-api-1.2.2.jar:/Users/connor/.m2/repository/jakarta/servlet/jakarta.servlet-api/4.0.3/jakarta.servlet-api-4.0.3.jar:/Users/connor/.m2/repository/jakarta/xml/bind/jakarta.xml.bind-api/2.3.3/jakarta.xml.bind-api-2.3.3.jar:/Users/connor/.m2/repository/net/logstash/logback/logstash-logback-encoder/7.2/logstash-logback-encoder-7.2.jar:/Users/connor/.m2/repository/net/spy/spymemcached/2.12.3/spymemcached-2.12.3.jar:/Users/connor/.m2/repository/org/apache/commons/commons-collections4/4.4/commons-collections4-4.4.jar:/Users/connor/.m2/repository/org/apache/commons/commons-compress/1.21/commons-compress-1.21.jar:/Users/connor/.m2/repository/org/apache/commons/commons-exec/1.3/commons-exec-1.3.jar:/Users/connor/.m2/repository/org/apache/commons/commons-lang3/3.12.0/commons-lang3-3.12.0.jar:/Users/connor/.m2/repository/org/apache/commons/commons-pool2/2.11.1/commons-pool2-2.11.1.jar:/Users/connor/.m2/repository/org/apache/httpcomponents/client5/httpclient5/5.2.1/httpclient5-5.2.1.jar:/Users/connor/.m2/repository/org/apache/httpcomponents/core5/httpcore5/5.2.1/httpcore5-5.2.1.jar:/Users/connor/.m2/repository/org/apache/httpcomponents/core5/httpcore5-h2/5.2/httpcore5-h2-5.2.jar:/Users/connor/.m2/repository/org/codehaus/janino/janino/3.1.7/janino-3.1.7.jar:/Users/connor/.m2/repository/org/codehaus/janino/commons-compiler/3.1.7/commons-compiler-3.1.7.jar:/Users/connor/.m2/repository/org/eclipse/jetty/jetty-plus/10.0.15/jetty-plus-10.0.15.jar:/Users/connor/.m2/repository/jakarta/transaction/jakarta.transaction-api/1.3.3/jakarta.transaction-api-1.3.3.jar:/Users/connor/.m2/repository/org/eclipse/jetty/jetty-jndi/10.0.15/jetty-jndi-10.0.15.jar:/Users/connor/.m2/repository/org/eclipse/jetty/jetty-security/10.0.15/jetty-security-10.0.15.jar:/Users/connor/.m2/repository/org/eclipse/jetty/jetty-server/10.0.15/jetty-server-10.0.15.jar:/Users/connor/.m2/repository/org/eclipse/jetty/jetty-http/10.0.15/jetty-http-10.0.15.jar:/Users/connor/.m2/repository/org/eclipse/jetty/jetty-io/10.0.15/jetty-io-10.0.15.jar:/Users/connor/.m2/repository/org/eclipse/jetty/jetty-util/10.0.15/jetty-util-10.0.15.jar:/Users/connor/.m2/repository/org/eclipse/jetty/jetty-webapp/10.0.15/jetty-webapp-10.0.15.jar:/Users/connor/.m2/repository/org/eclipse/jetty/jetty-servlet/10.0.15/jetty-servlet-10.0.15.jar:/Users/connor/.m2/repository/org/eclipse/jetty/jetty-xml/10.0.15/jetty-xml-10.0.15.jar:/Users/connor/.m2/repository/org/glassfish/jaxb/jaxb-runtime/2.3.8/jaxb-runtime-2.3.8.jar:/Users/connor/.m2/repository/org/glassfish/jaxb/txw2/2.3.8/txw2-2.3.8.jar:/Users/connor/.m2/repository/com/sun/istack/istack-commons-runtime/3.0.12/istack-commons-runtime-3.0.12.jar:/Users/connor/.m2/repository/com/sun/activation/jakarta.activation/1.2.2/jakarta.activation-1.2.2.jar:/Users/connor/.m2/repository/org/glassfish/jersey/containers/jersey-container-jetty-http/2.40/jersey-container-jetty-http-2.40.jar:/Users/connor/.m2/repository/org/glassfish/hk2/external/jakarta.inject/2.6.1/jakarta.inject-2.6.1.jar:/Users/connor/.m2/repository/org/eclipse/jetty/jetty-continuation/9.4.51.v20230217/jetty-continuation-9.4.51.v20230217.jar:/Users/connor/.m2/repository/jakarta/ws/rs/jakarta.ws.rs-api/2.1.6/jakarta.ws.rs-api-2.1.6.jar:/Users/connor/.m2/repository/org/glassfish/jersey/containers/jersey-container-servlet-core/2.40/jersey-container-servlet-core-2.40.jar:/Users/connor/.m2/repository/org/glassfish/jersey/core/jersey-common/2.40/jersey-common-2.40.jar:/Users/connor/.m2/repository/jakarta/annotation/jakarta.annotation-api/1.3.5/jakarta.annotation-api-1.3.5.jar:/Users/connor/.m2/repository/org/glassfish/hk2/osgi-resource-locator/1.0.3/osgi-resource-locator-1.0.3.jar:/Users/connor/.m2/repository/org/glassfish/jersey/core/jersey-server/2.40/jersey-server-2.40.jar:/Users/connor/.m2/repository/org/glassfish/jersey/core/jersey-client/2.40/jersey-client-2.40.jar:/Users/connor/.m2/repository/jakarta/validation/jakarta.validation-api/2.0.2/jakarta.validation-api-2.0.2.jar:/Users/connor/.m2/repository/org/glassfish/jersey/ext/jersey-mvc/2.40/jersey-mvc-2.40.jar:/Users/connor/.m2/repository/org/glassfish/jersey/ext/jersey-mvc-mustache/2.40/jersey-mvc-mustache-2.40.jar:/Users/connor/.m2/repository/org/glassfish/jersey/inject/jersey-hk2/2.40/jersey-hk2-2.40.jar:/Users/connor/.m2/repository/org/glassfish/hk2/hk2-locator/2.6.1/hk2-locator-2.6.1.jar:/Users/connor/.m2/repository/org/glassfish/hk2/external/aopalliance-repackaged/2.6.1/aopalliance-repackaged-2.6.1.jar:/Users/connor/.m2/repository/org/glassfish/hk2/hk2-api/2.6.1/hk2-api-2.6.1.jar:/Users/connor/.m2/repository/org/glassfish/hk2/hk2-utils/2.6.1/hk2-utils-2.6.1.jar:/Users/connor/.m2/repository/org/javassist/javassist/3.29.2-GA/javassist-3.29.2-GA.jar:/Users/connor/.m2/repository/org/glassfish/jersey/media/jersey-media-json-jackson/2.40/jersey-media-json-jackson-2.40.jar:/Users/connor/.m2/repository/org/glassfish/jersey/ext/jersey-entity-filtering/2.40/jersey-entity-filtering-2.40.jar:/Users/connor/.m2/repository/com/fasterxml/jackson/module/jackson-module-jaxb-annotations/2.13.4/jackson-module-jaxb-annotations-2.13.4.jar:/Users/connor/.m2/repository/org/glassfish/jersey/media/jersey-media-multipart/2.40/jersey-media-multipart-2.40.jar:/Users/connor/.m2/repository/org/jvnet/mimepull/mimepull/1.9.15/mimepull-1.9.15.jar:/Users/connor/.m2/repository/org/jdom/jdom2/2.0.6.1/jdom2-2.0.6.1.jar:/Users/connor/.m2/repository/org/slf4j/log4j-over-slf4j/2.0.7/log4j-over-slf4j-2.0.7.jar:/Users/connor/.m2/repository/org/slf4j/slf4j-api/2.0.7/slf4j-api-2.0.7.jar:/Users/connor/.m2/repository/org/glassfish/jersey/test-framework/providers/jersey-test-framework-provider-jetty/2.40/jersey-test-framework-provider-jetty-2.40.jar:/Users/connor/.m2/repository/org/glassfish/jersey/test-framework/jersey-test-framework-core/2.40/jersey-test-framework-core-2.40.jar:/Users/connor/.m2/repository/org/glassfish/jersey/media/jersey-media-jaxb/2.40/jersey-media-jaxb-2.40.jar:/Users/connor/.m2/repository/org/hamcrest/hamcrest/2.2/hamcrest-2.2.jar:/Users/connor/.m2/repository/org/junit/jupiter/junit-jupiter/5.8.2/junit-jupiter-5.8.2.jar:/Users/connor/.m2/repository/org/junit/jupiter/junit-jupiter-api/5.8.2/junit-jupiter-api-5.8.2.jar:/Users/connor/.m2/repository/org/opentest4j/opentest4j/1.2.0/opentest4j-1.2.0.jar:/Users/connor/.m2/repository/org/junit/platform/junit-platform-commons/1.8.2/junit-platform-commons-1.8.2.jar:/Users/connor/.m2/repository/org/junit/jupiter/junit-jupiter-params/5.8.2/junit-jupiter-params-5.8.2.jar:/Users/connor/.m2/repository/org/junit/jupiter/junit-jupiter-engine/5.8.2/junit-jupiter-engine-5.8.2.jar:/Users/connor/.m2/repository/org/junit/vintage/junit-vintage-engine/5.8.2/junit-vintage-engine-5.8.2.jar:/Users/connor/.m2/repository/org/junit/platform/junit-platform-engine/1.8.2/junit-platform-engine-1.8.2.jar:/Users/connor/.m2/repository/junit/junit/4.13.2/junit-4.13.2.jar:/Users/connor/.m2/repository/org/apiguardian/apiguardian-api/1.1.2/apiguardian-api-1.1.2.jar:/Users/connor/.m2/repository/org/mockito/mockito-core/5.4.0/mockito-core-5.4.0.jar:/Users/connor/.m2/repository/net/bytebuddy/byte-buddy/1.14.5/byte-buddy-1.14.5.jar:/Users/connor/.m2/repository/net/bytebuddy/byte-buddy-agent/1.14.5/byte-buddy-agent-1.14.5.jar:/Users/connor/.m2/repository/org/objenesis/objenesis/3.3/objenesis-3.3.jar:/Users/connor/.m2/repository/org/mockito/mockito-junit-jupiter/5.4.0/mockito-junit-jupiter-5.4.0.jar:"/>
    <property name="sun.cpu.endian" value="little"/>
    <property name="emissary.node.port" value="8001"/>
    <property name="user.home" value="/Users/connor"/>
    <property name="user.language" value="en"/>
    <property name="git.closest.tag.commit.count" value="0"/>
    <property name="emissary.bin.dir" value="/Users/connor/Projects/work/emissary/target/bin"/>
    <property name="java.specification.vendor" value="Oracle Corporation"/>
    <property name="emissary.config.flavor" value="CLUSTER"/>
    <property name="emissary.node.service.type" value="server"/>
    <property name="java.version.date" value="2022-04-19"/>
    <property name="java.home" value="/Users/connor/.sdkman/candidates/java/17.0.3.fx-zulu/zulu-17.jdk/Contents/Home"/>
    <property name="git.total.commit.count" value="623"/>
    <property name="file.separator" value="/"/>
    <property name="basedir" value="/Users/connor/Projects/work/emissary"/>
    <property name="java.vm.compressedOopsMode" value="Zero based"/>
    <property name="line.separator" value="&#10;"/>
    <property name="emissary.node.name" value="localhost"/>
    <property name="git.build.user.email" value="connor@connortech.me"/>
    <property name="git.commit.committer.time" value="2023-12-04T14:17:17-0500"/>
    <property name="java.vm.specification.vendor" value="Oracle Corporation"/>
    <property name="java.specification.name" value="Java Platform API Specification"/>
    <property name="emissary.node.scheme" value="http"/>
    <property name="java.awt.headless" value="true"/>
    <property name="git.commit.id.full" value="ff82d3005ccb4ef8091d2c5b0fd31b049ef697ab"/>
    <property name="git.closest.tag.name" value="8.0.0-M10"/>
    <property name="git.local.branch.ahead" value="NO_REMOTE"/>
    <property name="git.build.time" value="2023-12-11T19:43:39-0500"/>
    <property name="surefire.real.class.path" value="/Users/connor/Projects/work/emissary/target/surefire/surefirebooter-20231211194348699_12.jar"/>
    <property name="logback.configurationFile" value="/Users/connor/Projects/work/emissary/target/test-classes/logback-test.xml"/>
    <property name="git.commit.message.full" value="[github_actions](jpdahlke) release 8.0.0-M10"/>
    <property name="emissary.config.dir" value="/Users/connor/Projects/work/emissary/target/config"/>
    <property name="sun.management.compiler" value="HotSpot 64-Bit Tiered Compilers"/>
    <property name="ftp.nonProxyHosts" value="local|*.local|169.254/16|*.169.254/16"/>
    <property name="java.runtime.version" value="17.0.3+7-LTS"/>
    <property name="java.net.preferIPv4Stack" value="true"/>
    <property name="user.name" value="connor"/>
    <property name="path.separator" value=":"/>
    <property name="os.version" value="14.1.2"/>
    <property name="java.runtime.name" value="OpenJDK Runtime Environment"/>
    <property name="emissary.output.root" value="/Users/connor/Projects/work/emissary/target/localoutput"/>
    <property name="file.encoding" value="UTF-8"/>
    <property name="git.commit.user.email" value="jpdahlke@users.noreply.github.com"/>
    <property name="java.vm.name" value="OpenJDK 64-Bit Server VM"/>
    <property name="java.vendor.version" value="Zulu17.34+19-CA"/>
    <property name="git.local.branch.behind" value="NO_REMOTE"/>
    <property name="git.dirty" value="true"/>
    <property name="localRepository" value="/Users/connor/.m2/repository"/>
    <property name="java.vendor.url.bug" value="http://www.azul.com/support/"/>
    <property name="java.io.tmpdir" value="/var/folders/c5/1cbn13_j3t150_4w0t6rdtd00000gn/T/"/>
    <property name="java.version" value="17.0.3"/>
    <property name="user.dir" value="/Users/connor/Projects/work/emissary"/>
    <property name="os.arch" value="aarch64"/>
    <property name="git.commit.user.name" value="jpdahlke"/>
    <property name="git.commit.id.abbrev" value="ff82d30"/>
    <property name="java.vm.specification.name" value="Java Virtual Machine Specification"/>
    <property name="git.commit.id.describe-short" value="8.0.0-M10-dirty"/>
    <property name="git.commit.id.describe" value="8.0.0-M10-dirty"/>
    <property name="native.encoding" value="UTF-8"/>
    <property name="java.library.path" value="/Users/connor/Library/Java/Extensions:/Library/Java/Extensions:/Network/Library/Java/Extensions:/System/Library/Java/Extensions:/usr/lib/java:."/>
    <property name="git.commit.message.short" value="[github_actions](jpdahlke) release 8.0.0-M10"/>
    <property name="java.vm.info" value="mixed mode, sharing"/>
    <property name="java.vendor" value="Azul Systems, Inc."/>
    <property name="java.vm.version" value="17.0.3+7-LTS"/>
    <property name="sun.io.unicode.encoding" value="UnicodeBig"/>
    <property name="socksNonProxyHosts" value="local|*.local|169.254/16|*.169.254/16"/>
    <property name="java.class.version" value="61.0"/>
    <property name="git.commit.time" value="2023-12-04T14:17:17-0500"/>
    <property name="git.remote.origin.url" value="git@github.com:cfkoehler/emissary.git"/>
  </properties>
  <testcase name="testMBeanInteration" classname="emissary.place.ServiceProviderPlaceTest" time="0.003">
    <system-out><![CDATA[2023-12-12 00:43:52,545 [using logback-test.xml]  INFO emissary.command.BaseCommand - sample.dat HTML_ESCAPE.HTMLESCAPE.TRANSFORM.http://localhost:8001/HtmlEscapePlace - PROJECT_BASE is set to /Users/connor/Projects/work/emissary/target 
2023-12-12 00:43:52,545 [using logback-test.xml]  INFO emissary.command.BaseCommand - sample.dat HTML_ESCAPE.HTMLESCAPE.TRANSFORM.http://localhost:8001/HtmlEscapePlace - Setting emissary.config.dir to /Users/connor/Projects/work/emissary/target/config 
2023-12-12 00:43:52,545 [using logback-test.xml]  INFO emissary.command.BaseCommand - sample.dat HTML_ESCAPE.HTMLESCAPE.TRANSFORM.http://localhost:8001/HtmlEscapePlace - Setting emissary.bin.dir to /Users/connor/Projects/work/emissary/target/bin 
2023-12-12 00:43:52,545 [using logback-test.xml]  INFO emissary.command.BaseCommand - sample.dat HTML_ESCAPE.HTMLESCAPE.TRANSFORM.http://localhost:8001/HtmlEscapePlace - Setting emissary.output.root to /Users/connor/Projects/work/emissary/target/localoutput 
2023-12-12 00:43:52,545 [using logback-test.xml]  INFO emissary.command.BaseCommand - sample.dat HTML_ESCAPE.HTMLESCAPE.TRANSFORM.http://localhost:8001/HtmlEscapePlace - Emissary error dir set to /Users/connor/Projects/work/emissary/target/localerror 
2023-12-12 00:43:52,545 [using logback-test.xml]  INFO emissary.command.BaseCommand - sample.dat HTML_ESCAPE.HTMLESCAPE.TRANSFORM.http://localhost:8001/HtmlEscapePlace - Setting emissary.node.name to localhost 
2023-12-12 00:43:52,545 [using logback-test.xml]  INFO emissary.command.BaseCommand - sample.dat HTML_ESCAPE.HTMLESCAPE.TRANSFORM.http://localhost:8001/HtmlEscapePlace - Setting emissary.node.port to 8001 
2023-12-12 00:43:52,545 [using logback-test.xml]  INFO emissary.command.BaseCommand - sample.dat HTML_ESCAPE.HTMLESCAPE.TRANSFORM.http://localhost:8001/HtmlEscapePlace - Setting emissary.node.scheme to http 
2023-12-12 00:43:52,545 [using logback-test.xml]  WARN emissary.command.BaseCommand - sample.dat HTML_ESCAPE.HTMLESCAPE.TRANSFORM.http://localhost:8001/HtmlEscapePlace - Not using /Users/connor/Projects/work/emissary/target/config/logback.xml, staying with test config file:/Users/connor/Projects/work/emissary/target/test-classes/logback-test.xml
2023-12-12 00:43:52,547 [using logback-test.xml]  INFO emissary.command.BaseCommand - sample.dat HTML_ESCAPE.HTMLESCAPE.TRANSFORM.http://localhost:8001/HtmlEscapePlace - Overriding current emissary.config.flavor null to CLUSTER 
2023-12-12 00:43:52,547 [using logback-test.xml]  INFO emissary.command.BaseCommand - sample.dat HTML_ESCAPE.HTMLESCAPE.TRANSFORM.http://localhost:8001/HtmlEscapePlace - PROJECT_BASE is set to /Users/connor/Projects/work/emissary/target 
2023-12-12 00:43:52,547 [using logback-test.xml]  INFO emissary.command.BaseCommand - sample.dat HTML_ESCAPE.HTMLESCAPE.TRANSFORM.http://localhost:8001/HtmlEscapePlace - Setting emissary.config.dir to /Users/connor/Projects/work/emissary/target/config 
2023-12-12 00:43:52,547 [using logback-test.xml]  INFO emissary.command.BaseCommand - sample.dat HTML_ESCAPE.HTMLESCAPE.TRANSFORM.http://localhost:8001/HtmlEscapePlace - Setting emissary.bin.dir to /Users/connor/Projects/work/emissary/target/bin 
2023-12-12 00:43:52,547 [using logback-test.xml]  INFO emissary.command.BaseCommand - sample.dat HTML_ESCAPE.HTMLESCAPE.TRANSFORM.http://localhost:8001/HtmlEscapePlace - Setting emissary.output.root to /Users/connor/Projects/work/emissary/target/localoutput 
2023-12-12 00:43:52,547 [using logback-test.xml]  INFO emissary.command.BaseCommand - sample.dat HTML_ESCAPE.HTMLESCAPE.TRANSFORM.http://localhost:8001/HtmlEscapePlace - Emissary error dir set to /Users/connor/Projects/work/emissary/target/localerror 
2023-12-12 00:43:52,547 [using logback-test.xml]  INFO emissary.command.BaseCommand - sample.dat HTML_ESCAPE.HTMLESCAPE.TRANSFORM.http://localhost:8001/HtmlEscapePlace - Setting emissary.config.flavor to CLUSTER 
2023-12-12 00:43:52,547 [using logback-test.xml]  INFO emissary.command.BaseCommand - sample.dat HTML_ESCAPE.HTMLESCAPE.TRANSFORM.http://localhost:8001/HtmlEscapePlace - Setting emissary.node.name to localhost 
2023-12-12 00:43:52,547 [using logback-test.xml]  INFO emissary.command.BaseCommand - sample.dat HTML_ESCAPE.HTMLESCAPE.TRANSFORM.http://localhost:8001/HtmlEscapePlace - Setting emissary.node.port to 8001 
2023-12-12 00:43:52,547 [using logback-test.xml]  INFO emissary.command.BaseCommand - sample.dat HTML_ESCAPE.HTMLESCAPE.TRANSFORM.http://localhost:8001/HtmlEscapePlace - Setting emissary.node.scheme to http 
2023-12-12 00:43:52,547 [using logback-test.xml]  WARN emissary.command.BaseCommand - sample.dat HTML_ESCAPE.HTMLESCAPE.TRANSFORM.http://localhost:8001/HtmlEscapePlace - Not using /Users/connor/Projects/work/emissary/target/config/logback.xml, staying with test config file:/Users/connor/Projects/work/emissary/target/test-classes/logback-test.xml
2023-12-12 00:43:52,549 [using logback-test.xml]  INFO emissary.command.BaseCommand - sample.dat HTML_ESCAPE.HTMLESCAPE.TRANSFORM.http://localhost:8001/HtmlEscapePlace - Overriding current emissary.config.flavor CLUSTER to CLUSTER 
2023-12-12 00:43:52,549 [using logback-test.xml] DEBUG emissary.config.ConfigUtil - sample.dat HTML_ESCAPE.HTMLESCAPE.TRANSFORM.http://localhost:8001/HtmlEscapePlace - Attempting flavor merge on <none>-CLUSTER
2023-12-12 00:43:52,549 [using logback-test.xml] DEBUG emissary.config.ConfigUtil - sample.dat HTML_ESCAPE.HTMLESCAPE.TRANSFORM.http://localhost:8001/HtmlEscapePlace - Loading config for (string) <none>-CLUSTER
2023-12-12 00:43:52,549 [using logback-test.xml] DEBUG emissary.config.ConfigUtil - sample.dat HTML_ESCAPE.HTMLESCAPE.TRANSFORM.http://localhost:8001/HtmlEscapePlace - No file config found using new style <none>-CLUSTER
2023-12-12 00:43:52,549 [using logback-test.xml] DEBUG emissary.config.ConfigUtil - sample.dat HTML_ESCAPE.HTMLESCAPE.TRANSFORM.http://localhost:8001/HtmlEscapePlace - No config data as resource for <none>-CLUSTER
2023-12-12 00:43:52,549 [using logback-test.xml] DEBUG emissary.config.ConfigUtil - sample.dat HTML_ESCAPE.HTMLESCAPE.TRANSFORM.http://localhost:8001/HtmlEscapePlace - No file config found using old style <none>-CLUSTER.cfg
2023-12-12 00:43:52,549 [using logback-test.xml] DEBUG emissary.config.ConfigUtil - sample.dat HTML_ESCAPE.HTMLESCAPE.TRANSFORM.http://localhost:8001/HtmlEscapePlace - Unable to opt import flavor config <none>-CLUSTER
2023-12-12 00:43:52,550 [using logback-test.xml] DEBUG emissary.config.ConfigUtil - sample.dat HTML_ESCAPE.HTMLESCAPE.TRANSFORM.http://localhost:8001/HtmlEscapePlace - Attempting flavor merge on <none>-CLUSTER
2023-12-12 00:43:52,550 [using logback-test.xml] DEBUG emissary.config.ConfigUtil - sample.dat HTML_ESCAPE.HTMLESCAPE.TRANSFORM.http://localhost:8001/HtmlEscapePlace - Loading config for (string) <none>-CLUSTER
2023-12-12 00:43:52,550 [using logback-test.xml] DEBUG emissary.config.ConfigUtil - sample.dat HTML_ESCAPE.HTMLESCAPE.TRANSFORM.http://localhost:8001/HtmlEscapePlace - No file config found using new style <none>-CLUSTER
2023-12-12 00:43:52,550 [using logback-test.xml] DEBUG emissary.config.ConfigUtil - sample.dat HTML_ESCAPE.HTMLESCAPE.TRANSFORM.http://localhost:8001/HtmlEscapePlace - No config data as resource for <none>-CLUSTER
2023-12-12 00:43:52,550 [using logback-test.xml] DEBUG emissary.config.ConfigUtil - sample.dat HTML_ESCAPE.HTMLESCAPE.TRANSFORM.http://localhost:8001/HtmlEscapePlace - No file config found using old style <none>-CLUSTER.cfg
2023-12-12 00:43:52,550 [using logback-test.xml] DEBUG emissary.config.ConfigUtil - sample.dat HTML_ESCAPE.HTMLESCAPE.TRANSFORM.http://localhost:8001/HtmlEscapePlace - Unable to opt import flavor config <none>-CLUSTER
2023-12-12 00:43:52,551 [using logback-test.xml] ERROR emissary.place.ServiceProviderPlaceTest$PlaceTest - sample.dat HTML_ESCAPE.HTMLESCAPE.TRANSFORM.http://localhost:8001/HtmlEscapePlace - Exception occurred while trying to lookup resource
emissary.core.NamespaceException: Not found: ResourceWatcher
	at emissary.core.Namespace.lookup(Namespace.java:60)
	at emissary.core.ResourceWatcher.lookup(ResourceWatcher.java:100)
	at emissary.place.ServiceProviderPlace.getPlaceStats(ServiceProviderPlace.java:1074)
	at emissary.place.ServiceProviderPlaceTest.testMBeanInteration(ServiceProviderPlaceTest.java:290)
	at java.base/jdk.internal.reflect.NativeMethodAccessorImpl.invoke0(Native Method)
	at java.base/jdk.internal.reflect.NativeMethodAccessorImpl.invoke(NativeMethodAccessorImpl.java:77)
	at java.base/jdk.internal.reflect.DelegatingMethodAccessorImpl.invoke(DelegatingMethodAccessorImpl.java:43)
	at java.base/java.lang.reflect.Method.invoke(Method.java:568)
	at org.junit.platform.commons.util.ReflectionUtils.invokeMethod(ReflectionUtils.java:725)
	at org.junit.jupiter.engine.execution.MethodInvocation.proceed(MethodInvocation.java:60)
	at org.junit.jupiter.engine.execution.InvocationInterceptorChain$ValidatingInvocation.proceed(InvocationInterceptorChain.java:131)
	at org.junit.jupiter.engine.extension.TimeoutExtension.intercept(TimeoutExtension.java:149)
	at org.junit.jupiter.engine.extension.TimeoutExtension.interceptTestableMethod(TimeoutExtension.java:140)
	at org.junit.jupiter.engine.extension.TimeoutExtension.interceptTestMethod(TimeoutExtension.java:84)
	at org.junit.jupiter.engine.execution.ExecutableInvoker$ReflectiveInterceptorCall.lambda$ofVoidMethod$0(ExecutableInvoker.java:115)
	at org.junit.jupiter.engine.execution.ExecutableInvoker.lambda$invoke$0(ExecutableInvoker.java:105)
	at org.junit.jupiter.engine.execution.InvocationInterceptorChain$InterceptedInvocation.proceed(InvocationInterceptorChain.java:106)
	at org.junit.jupiter.engine.execution.InvocationInterceptorChain.proceed(InvocationInterceptorChain.java:64)
	at org.junit.jupiter.engine.execution.InvocationInterceptorChain.chainAndInvoke(InvocationInterceptorChain.java:45)
	at org.junit.jupiter.engine.execution.InvocationInterceptorChain.invoke(InvocationInterceptorChain.java:37)
	at org.junit.jupiter.engine.execution.ExecutableInvoker.invoke(ExecutableInvoker.java:104)
	at org.junit.jupiter.engine.execution.ExecutableInvoker.invoke(ExecutableInvoker.java:98)
	at org.junit.jupiter.engine.descriptor.TestMethodTestDescriptor.lambda$invokeTestMethod$7(TestMethodTestDescriptor.java:214)
	at org.junit.platform.engine.support.hierarchical.ThrowableCollector.execute(ThrowableCollector.java:73)
	at org.junit.jupiter.engine.descriptor.TestMethodTestDescriptor.invokeTestMethod(TestMethodTestDescriptor.java:210)
	at org.junit.jupiter.engine.descriptor.TestMethodTestDescriptor.execute(TestMethodTestDescriptor.java:135)
	at org.junit.jupiter.engine.descriptor.TestMethodTestDescriptor.execute(TestMethodTestDescriptor.java:66)
	at org.junit.platform.engine.support.hierarchical.NodeTestTask.lambda$executeRecursively$6(NodeTestTask.java:151)
	at org.junit.platform.engine.support.hierarchical.ThrowableCollector.execute(ThrowableCollector.java:73)
	at org.junit.platform.engine.support.hierarchical.NodeTestTask.lambda$executeRecursively$8(NodeTestTask.java:141)
	at org.junit.platform.engine.support.hierarchical.Node.around(Node.java:137)
	at org.junit.platform.engine.support.hierarchical.NodeTestTask.lambda$executeRecursively$9(NodeTestTask.java:139)
	at org.junit.platform.engine.support.hierarchical.ThrowableCollector.execute(ThrowableCollector.java:73)
	at org.junit.platform.engine.support.hierarchical.NodeTestTask.executeRecursively(NodeTestTask.java:138)
	at org.junit.platform.engine.support.hierarchical.NodeTestTask.execute(NodeTestTask.java:95)
	at java.base/java.util.ArrayList.forEach(ArrayList.java:1511)
	at org.junit.platform.engine.support.hierarchical.SameThreadHierarchicalTestExecutorService.invokeAll(SameThreadHierarchicalTestExecutorService.java:41)
	at org.junit.platform.engine.support.hierarchical.NodeTestTask.lambda$executeRecursively$6(NodeTestTask.java:155)
	at org.junit.platform.engine.support.hierarchical.ThrowableCollector.execute(ThrowableCollector.java:73)
	at org.junit.platform.engine.support.hierarchical.NodeTestTask.lambda$executeRecursively$8(NodeTestTask.java:141)
	at org.junit.platform.engine.support.hierarchical.Node.around(Node.java:137)
	at org.junit.platform.engine.support.hierarchical.NodeTestTask.lambda$executeRecursively$9(NodeTestTask.java:139)
	at org.junit.platform.engine.support.hierarchical.ThrowableCollector.execute(ThrowableCollector.java:73)
	at org.junit.platform.engine.support.hierarchical.NodeTestTask.executeRecursively(NodeTestTask.java:138)
	at org.junit.platform.engine.support.hierarchical.NodeTestTask.execute(NodeTestTask.java:95)
	at java.base/java.util.ArrayList.forEach(ArrayList.java:1511)
	at org.junit.platform.engine.support.hierarchical.SameThreadHierarchicalTestExecutorService.invokeAll(SameThreadHierarchicalTestExecutorService.java:41)
	at org.junit.platform.engine.support.hierarchical.NodeTestTask.lambda$executeRecursively$6(NodeTestTask.java:155)
	at org.junit.platform.engine.support.hierarchical.ThrowableCollector.execute(ThrowableCollector.java:73)
	at org.junit.platform.engine.support.hierarchical.NodeTestTask.lambda$executeRecursively$8(NodeTestTask.java:141)
	at org.junit.platform.engine.support.hierarchical.Node.around(Node.java:137)
	at org.junit.platform.engine.support.hierarchical.NodeTestTask.lambda$executeRecursively$9(NodeTestTask.java:139)
	at org.junit.platform.engine.support.hierarchical.ThrowableCollector.execute(ThrowableCollector.java:73)
	at org.junit.platform.engine.support.hierarchical.NodeTestTask.executeRecursively(NodeTestTask.java:138)
	at org.junit.platform.engine.support.hierarchical.NodeTestTask.execute(NodeTestTask.java:95)
	at org.junit.platform.engine.support.hierarchical.SameThreadHierarchicalTestExecutorService.submit(SameThreadHierarchicalTestExecutorService.java:35)
	at org.junit.platform.engine.support.hierarchical.HierarchicalTestExecutor.execute(HierarchicalTestExecutor.java:57)
	at org.junit.platform.engine.support.hierarchical.HierarchicalTestEngine.execute(HierarchicalTestEngine.java:54)
	at org.junit.platform.launcher.core.EngineExecutionOrchestrator.execute(EngineExecutionOrchestrator.java:107)
	at org.junit.platform.launcher.core.EngineExecutionOrchestrator.execute(EngineExecutionOrchestrator.java:88)
	at org.junit.platform.launcher.core.EngineExecutionOrchestrator.lambda$execute$0(EngineExecutionOrchestrator.java:54)
	at org.junit.platform.launcher.core.EngineExecutionOrchestrator.withInterceptedStreams(EngineExecutionOrchestrator.java:67)
	at org.junit.platform.launcher.core.EngineExecutionOrchestrator.execute(EngineExecutionOrchestrator.java:52)
	at org.junit.platform.launcher.core.DefaultLauncher.execute(DefaultLauncher.java:114)
	at org.junit.platform.launcher.core.DefaultLauncher.execute(DefaultLauncher.java:86)
	at org.junit.platform.launcher.core.DefaultLauncherSession$DelegatingLauncher.execute(DefaultLauncherSession.java:86)
	at org.apache.maven.surefire.junitplatform.LazyLauncher.execute(LazyLauncher.java:50)
	at org.apache.maven.surefire.junitplatform.JUnitPlatformProvider.lambda$execute$1(JUnitPlatformProvider.java:191)
	at java.base/java.util.Iterator.forEachRemaining(Iterator.java:133)
	at org.apache.maven.surefire.junitplatform.JUnitPlatformProvider.execute(JUnitPlatformProvider.java:186)
	at org.apache.maven.surefire.junitplatform.JUnitPlatformProvider.invokeAllTests(JUnitPlatformProvider.java:148)
	at org.apache.maven.surefire.junitplatform.JUnitPlatformProvider.invoke(JUnitPlatformProvider.java:118)
	at org.apache.maven.surefire.booter.ForkedBooter.runSuitesInProcess(ForkedBooter.java:385)
	at org.apache.maven.surefire.booter.ForkedBooter.execute(ForkedBooter.java:162)
	at org.apache.maven.surefire.booter.ForkedBooter.run(ForkedBooter.java:507)
	at org.apache.maven.surefire.booter.ForkedBooter.main(ForkedBooter.java:495)
2023-12-12 00:43:52,551 [using logback-test.xml]  INFO emissary.place.ServiceProviderPlaceTest$PlaceTest - sample.dat HTML_ESCAPE.HTMLESCAPE.TRANSFORM.http://localhost:8001/HtmlEscapePlace - Dumping Places Stats for http://example.com:8001/PlaceTest:
2023-12-12 00:43:52,551 [using logback-test.xml]  INFO emissary.place.ServiceProviderPlaceTest$PlaceTest - sample.dat HTML_ESCAPE.HTMLESCAPE.TRANSFORM.http://localhost:8001/HtmlEscapePlace - ===============
2023-12-12 00:43:52,551 [using logback-test.xml] ERROR emissary.place.ServiceProviderPlaceTest$PlaceTest - sample.dat HTML_ESCAPE.HTMLESCAPE.TRANSFORM.http://localhost:8001/HtmlEscapePlace - Exception occurred while trying to lookup resource
emissary.core.NamespaceException: Not found: ResourceWatcher
	at emissary.core.Namespace.lookup(Namespace.java:60)
	at emissary.core.ResourceWatcher.lookup(ResourceWatcher.java:100)
	at emissary.place.ServiceProviderPlace.getPlaceStats(ServiceProviderPlace.java:1074)
	at emissary.place.ServiceProviderPlace.dumpPlaceStats(ServiceProviderPlace.java:1099)
	at emissary.place.ServiceProviderPlaceTest.testMBeanInteration(ServiceProviderPlaceTest.java:297)
	at java.base/jdk.internal.reflect.NativeMethodAccessorImpl.invoke0(Native Method)
	at java.base/jdk.internal.reflect.NativeMethodAccessorImpl.invoke(NativeMethodAccessorImpl.java:77)
	at java.base/jdk.internal.reflect.DelegatingMethodAccessorImpl.invoke(DelegatingMethodAccessorImpl.java:43)
	at java.base/java.lang.reflect.Method.invoke(Method.java:568)
	at org.junit.platform.commons.util.ReflectionUtils.invokeMethod(ReflectionUtils.java:725)
	at org.junit.jupiter.engine.execution.MethodInvocation.proceed(MethodInvocation.java:60)
	at org.junit.jupiter.engine.execution.InvocationInterceptorChain$ValidatingInvocation.proceed(InvocationInterceptorChain.java:131)
	at org.junit.jupiter.engine.extension.TimeoutExtension.intercept(TimeoutExtension.java:149)
	at org.junit.jupiter.engine.extension.TimeoutExtension.interceptTestableMethod(TimeoutExtension.java:140)
	at org.junit.jupiter.engine.extension.TimeoutExtension.interceptTestMethod(TimeoutExtension.java:84)
	at org.junit.jupiter.engine.execution.ExecutableInvoker$ReflectiveInterceptorCall.lambda$ofVoidMethod$0(ExecutableInvoker.java:115)
	at org.junit.jupiter.engine.execution.ExecutableInvoker.lambda$invoke$0(ExecutableInvoker.java:105)
	at org.junit.jupiter.engine.execution.InvocationInterceptorChain$InterceptedInvocation.proceed(InvocationInterceptorChain.java:106)
	at org.junit.jupiter.engine.execution.InvocationInterceptorChain.proceed(InvocationInterceptorChain.java:64)
	at org.junit.jupiter.engine.execution.InvocationInterceptorChain.chainAndInvoke(InvocationInterceptorChain.java:45)
	at org.junit.jupiter.engine.execution.InvocationInterceptorChain.invoke(InvocationInterceptorChain.java:37)
	at org.junit.jupiter.engine.execution.ExecutableInvoker.invoke(ExecutableInvoker.java:104)
	at org.junit.jupiter.engine.execution.ExecutableInvoker.invoke(ExecutableInvoker.java:98)
	at org.junit.jupiter.engine.descriptor.TestMethodTestDescriptor.lambda$invokeTestMethod$7(TestMethodTestDescriptor.java:214)
	at org.junit.platform.engine.support.hierarchical.ThrowableCollector.execute(ThrowableCollector.java:73)
	at org.junit.jupiter.engine.descriptor.TestMethodTestDescriptor.invokeTestMethod(TestMethodTestDescriptor.java:210)
	at org.junit.jupiter.engine.descriptor.TestMethodTestDescriptor.execute(TestMethodTestDescriptor.java:135)
	at org.junit.jupiter.engine.descriptor.TestMethodTestDescriptor.execute(TestMethodTestDescriptor.java:66)
	at org.junit.platform.engine.support.hierarchical.NodeTestTask.lambda$executeRecursively$6(NodeTestTask.java:151)
	at org.junit.platform.engine.support.hierarchical.ThrowableCollector.execute(ThrowableCollector.java:73)
	at org.junit.platform.engine.support.hierarchical.NodeTestTask.lambda$executeRecursively$8(NodeTestTask.java:141)
	at org.junit.platform.engine.support.hierarchical.Node.around(Node.java:137)
	at org.junit.platform.engine.support.hierarchical.NodeTestTask.lambda$executeRecursively$9(NodeTestTask.java:139)
	at org.junit.platform.engine.support.hierarchical.ThrowableCollector.execute(ThrowableCollector.java:73)
	at org.junit.platform.engine.support.hierarchical.NodeTestTask.executeRecursively(NodeTestTask.java:138)
	at org.junit.platform.engine.support.hierarchical.NodeTestTask.execute(NodeTestTask.java:95)
	at java.base/java.util.ArrayList.forEach(ArrayList.java:1511)
	at org.junit.platform.engine.support.hierarchical.SameThreadHierarchicalTestExecutorService.invokeAll(SameThreadHierarchicalTestExecutorService.java:41)
	at org.junit.platform.engine.support.hierarchical.NodeTestTask.lambda$executeRecursively$6(NodeTestTask.java:155)
	at org.junit.platform.engine.support.hierarchical.ThrowableCollector.execute(ThrowableCollector.java:73)
	at org.junit.platform.engine.support.hierarchical.NodeTestTask.lambda$executeRecursively$8(NodeTestTask.java:141)
	at org.junit.platform.engine.support.hierarchical.Node.around(Node.java:137)
	at org.junit.platform.engine.support.hierarchical.NodeTestTask.lambda$executeRecursively$9(NodeTestTask.java:139)
	at org.junit.platform.engine.support.hierarchical.ThrowableCollector.execute(ThrowableCollector.java:73)
	at org.junit.platform.engine.support.hierarchical.NodeTestTask.executeRecursively(NodeTestTask.java:138)
	at org.junit.platform.engine.support.hierarchical.NodeTestTask.execute(NodeTestTask.java:95)
	at java.base/java.util.ArrayList.forEach(ArrayList.java:1511)
	at org.junit.platform.engine.support.hierarchical.SameThreadHierarchicalTestExecutorService.invokeAll(SameThreadHierarchicalTestExecutorService.java:41)
	at org.junit.platform.engine.support.hierarchical.NodeTestTask.lambda$executeRecursively$6(NodeTestTask.java:155)
	at org.junit.platform.engine.support.hierarchical.ThrowableCollector.execute(ThrowableCollector.java:73)
	at org.junit.platform.engine.support.hierarchical.NodeTestTask.lambda$executeRecursively$8(NodeTestTask.java:141)
	at org.junit.platform.engine.support.hierarchical.Node.around(Node.java:137)
	at org.junit.platform.engine.support.hierarchical.NodeTestTask.lambda$executeRecursively$9(NodeTestTask.java:139)
	at org.junit.platform.engine.support.hierarchical.ThrowableCollector.execute(ThrowableCollector.java:73)
	at org.junit.platform.engine.support.hierarchical.NodeTestTask.executeRecursively(NodeTestTask.java:138)
	at org.junit.platform.engine.support.hierarchical.NodeTestTask.execute(NodeTestTask.java:95)
	at org.junit.platform.engine.support.hierarchical.SameThreadHierarchicalTestExecutorService.submit(SameThreadHierarchicalTestExecutorService.java:35)
	at org.junit.platform.engine.support.hierarchical.HierarchicalTestExecutor.execute(HierarchicalTestExecutor.java:57)
	at org.junit.platform.engine.support.hierarchical.HierarchicalTestEngine.execute(HierarchicalTestEngine.java:54)
	at org.junit.platform.launcher.core.EngineExecutionOrchestrator.execute(EngineExecutionOrchestrator.java:107)
	at org.junit.platform.launcher.core.EngineExecutionOrchestrator.execute(EngineExecutionOrchestrator.java:88)
	at org.junit.platform.launcher.core.EngineExecutionOrchestrator.lambda$execute$0(EngineExecutionOrchestrator.java:54)
	at org.junit.platform.launcher.core.EngineExecutionOrchestrator.withInterceptedStreams(EngineExecutionOrchestrator.java:67)
	at org.junit.platform.launcher.core.EngineExecutionOrchestrator.execute(EngineExecutionOrchestrator.java:52)
	at org.junit.platform.launcher.core.DefaultLauncher.execute(DefaultLauncher.java:114)
	at org.junit.platform.launcher.core.DefaultLauncher.execute(DefaultLauncher.java:86)
	at org.junit.platform.launcher.core.DefaultLauncherSession$DelegatingLauncher.execute(DefaultLauncherSession.java:86)
	at org.apache.maven.surefire.junitplatform.LazyLauncher.execute(LazyLauncher.java:50)
	at org.apache.maven.surefire.junitplatform.JUnitPlatformProvider.lambda$execute$1(JUnitPlatformProvider.java:191)
	at java.base/java.util.Iterator.forEachRemaining(Iterator.java:133)
	at org.apache.maven.surefire.junitplatform.JUnitPlatformProvider.execute(JUnitPlatformProvider.java:186)
	at org.apache.maven.surefire.junitplatform.JUnitPlatformProvider.invokeAllTests(JUnitPlatformProvider.java:148)
	at org.apache.maven.surefire.junitplatform.JUnitPlatformProvider.invoke(JUnitPlatformProvider.java:118)
	at org.apache.maven.surefire.booter.ForkedBooter.runSuitesInProcess(ForkedBooter.java:385)
	at org.apache.maven.surefire.booter.ForkedBooter.execute(ForkedBooter.java:162)
	at org.apache.maven.surefire.booter.ForkedBooter.run(ForkedBooter.java:507)
	at org.apache.maven.surefire.booter.ForkedBooter.main(ForkedBooter.java:495)
2023-12-12 00:43:52,551 [using logback-test.xml]  INFO emissary.place.ServiceProviderPlaceTest$PlaceTest - sample.dat HTML_ESCAPE.HTMLESCAPE.TRANSFORM.http://localhost:8001/HtmlEscapePlace - UNAVAILABLE
2023-12-12 00:43:52,551 [using logback-test.xml]  INFO emissary.place.ServiceProviderPlaceTest$PlaceTest - sample.dat HTML_ESCAPE.HTMLESCAPE.TRANSFORM.http://localhost:8001/HtmlEscapePlace - ===============
2023-12-12 00:43:52,551 [using logback-test.xml]  INFO emissary.place.ServiceProviderPlaceTest$PlaceTest - sample.dat HTML_ESCAPE.HTMLESCAPE.TRANSFORM.http://localhost:8001/HtmlEscapePlace - Dumping Running Config for http://example.com:8001/PlaceTest:
2023-12-12 00:43:52,552 [using logback-test.xml]  INFO emissary.place.ServiceProviderPlaceTest$PlaceTest - sample.dat HTML_ESCAPE.HTMLESCAPE.TRANSFORM.http://localhost:8001/HtmlEscapePlace - ===============
2023-12-12 00:43:52,552 [using logback-test.xml]  INFO emissary.place.ServiceProviderPlaceTest$PlaceTest - sample.dat HTML_ESCAPE.HTMLESCAPE.TRANSFORM.http://localhost:8001/HtmlEscapePlace - [Key: PLACE_NAME Value: PlaceTest, Key: SERVICE_NAME Value: TEST_SERVICE_NAME, Key: SERVICE_TYPE Value: ANALYZE, Key: SERVICE_DESCRIPTION Value: test place, Key: SERVICE_COST Value: 60, Key: SERVICE_QUALITY Value: 90, Key: PLACE_RESOURCE_LIMIT_MILLIS Value: 10, Key: SERVICE_PROXY Value: TEST_SERVICE_PROXY]
2023-12-12 00:43:52,552 [using logback-test.xml]  INFO emissary.place.ServiceProviderPlaceTest$PlaceTest - sample.dat HTML_ESCAPE.HTMLESCAPE.TRANSFORM.http://localhost:8001/HtmlEscapePlace - ===============
2023-12-12 00:43:52,552 [using logback-test.xml] DEBUG emissary.config.ConfigUtil - sample.dat HTML_ESCAPE.HTMLESCAPE.TRANSFORM.http://localhost:8001/HtmlEscapePlace - Configured configDirProperty /Users/connor/Projects/work/emissary/target/config
]]></system-out>
  </testcase>
  <testcase name="testKeyConfigPlaceNameCtor" classname="emissary.place.ServiceProviderPlaceTest" time="0.003">
    <system-out><![CDATA[2023-12-12 00:43:52,554 [using logback-test.xml]  INFO emissary.command.BaseCommand - sample.dat HTML_ESCAPE.HTMLESCAPE.TRANSFORM.http://localhost:8001/HtmlEscapePlace - PROJECT_BASE is set to /Users/connor/Projects/work/emissary/target 
2023-12-12 00:43:52,554 [using logback-test.xml]  INFO emissary.command.BaseCommand - sample.dat HTML_ESCAPE.HTMLESCAPE.TRANSFORM.http://localhost:8001/HtmlEscapePlace - Setting emissary.config.dir to /Users/connor/Projects/work/emissary/target/config 
2023-12-12 00:43:52,554 [using logback-test.xml]  INFO emissary.command.BaseCommand - sample.dat HTML_ESCAPE.HTMLESCAPE.TRANSFORM.http://localhost:8001/HtmlEscapePlace - Setting emissary.bin.dir to /Users/connor/Projects/work/emissary/target/bin 
2023-12-12 00:43:52,554 [using logback-test.xml]  INFO emissary.command.BaseCommand - sample.dat HTML_ESCAPE.HTMLESCAPE.TRANSFORM.http://localhost:8001/HtmlEscapePlace - Setting emissary.output.root to /Users/connor/Projects/work/emissary/target/localoutput 
2023-12-12 00:43:52,554 [using logback-test.xml]  INFO emissary.command.BaseCommand - sample.dat HTML_ESCAPE.HTMLESCAPE.TRANSFORM.http://localhost:8001/HtmlEscapePlace - Emissary error dir set to /Users/connor/Projects/work/emissary/target/localerror 
2023-12-12 00:43:52,554 [using logback-test.xml]  INFO emissary.command.BaseCommand - sample.dat HTML_ESCAPE.HTMLESCAPE.TRANSFORM.http://localhost:8001/HtmlEscapePlace - Setting emissary.node.name to localhost 
2023-12-12 00:43:52,554 [using logback-test.xml]  INFO emissary.command.BaseCommand - sample.dat HTML_ESCAPE.HTMLESCAPE.TRANSFORM.http://localhost:8001/HtmlEscapePlace - Setting emissary.node.port to 8001 
2023-12-12 00:43:52,554 [using logback-test.xml]  INFO emissary.command.BaseCommand - sample.dat HTML_ESCAPE.HTMLESCAPE.TRANSFORM.http://localhost:8001/HtmlEscapePlace - Setting emissary.node.scheme to http 
2023-12-12 00:43:52,554 [using logback-test.xml]  WARN emissary.command.BaseCommand - sample.dat HTML_ESCAPE.HTMLESCAPE.TRANSFORM.http://localhost:8001/HtmlEscapePlace - Not using /Users/connor/Projects/work/emissary/target/config/logback.xml, staying with test config file:/Users/connor/Projects/work/emissary/target/test-classes/logback-test.xml
2023-12-12 00:43:52,555 [using logback-test.xml]  INFO emissary.command.BaseCommand - sample.dat HTML_ESCAPE.HTMLESCAPE.TRANSFORM.http://localhost:8001/HtmlEscapePlace - Overriding current emissary.config.flavor null to CLUSTER 
2023-12-12 00:43:52,555 [using logback-test.xml]  INFO emissary.command.BaseCommand - sample.dat HTML_ESCAPE.HTMLESCAPE.TRANSFORM.http://localhost:8001/HtmlEscapePlace - PROJECT_BASE is set to /Users/connor/Projects/work/emissary/target 
2023-12-12 00:43:52,555 [using logback-test.xml]  INFO emissary.command.BaseCommand - sample.dat HTML_ESCAPE.HTMLESCAPE.TRANSFORM.http://localhost:8001/HtmlEscapePlace - Setting emissary.config.dir to /Users/connor/Projects/work/emissary/target/config 
2023-12-12 00:43:52,555 [using logback-test.xml]  INFO emissary.command.BaseCommand - sample.dat HTML_ESCAPE.HTMLESCAPE.TRANSFORM.http://localhost:8001/HtmlEscapePlace - Setting emissary.bin.dir to /Users/connor/Projects/work/emissary/target/bin 
2023-12-12 00:43:52,555 [using logback-test.xml]  INFO emissary.command.BaseCommand - sample.dat HTML_ESCAPE.HTMLESCAPE.TRANSFORM.http://localhost:8001/HtmlEscapePlace - Setting emissary.output.root to /Users/connor/Projects/work/emissary/target/localoutput 
2023-12-12 00:43:52,555 [using logback-test.xml]  INFO emissary.command.BaseCommand - sample.dat HTML_ESCAPE.HTMLESCAPE.TRANSFORM.http://localhost:8001/HtmlEscapePlace - Emissary error dir set to /Users/connor/Projects/work/emissary/target/localerror 
2023-12-12 00:43:52,555 [using logback-test.xml]  INFO emissary.command.BaseCommand - sample.dat HTML_ESCAPE.HTMLESCAPE.TRANSFORM.http://localhost:8001/HtmlEscapePlace - Setting emissary.config.flavor to CLUSTER 
2023-12-12 00:43:52,555 [using logback-test.xml]  INFO emissary.command.BaseCommand - sample.dat HTML_ESCAPE.HTMLESCAPE.TRANSFORM.http://localhost:8001/HtmlEscapePlace - Setting emissary.node.name to localhost 
2023-12-12 00:43:52,555 [using logback-test.xml]  INFO emissary.command.BaseCommand - sample.dat HTML_ESCAPE.HTMLESCAPE.TRANSFORM.http://localhost:8001/HtmlEscapePlace - Setting emissary.node.port to 8001 
2023-12-12 00:43:52,555 [using logback-test.xml]  INFO emissary.command.BaseCommand - sample.dat HTML_ESCAPE.HTMLESCAPE.TRANSFORM.http://localhost:8001/HtmlEscapePlace - Setting emissary.node.scheme to http 
2023-12-12 00:43:52,555 [using logback-test.xml]  WARN emissary.command.BaseCommand - sample.dat HTML_ESCAPE.HTMLESCAPE.TRANSFORM.http://localhost:8001/HtmlEscapePlace - Not using /Users/connor/Projects/work/emissary/target/config/logback.xml, staying with test config file:/Users/connor/Projects/work/emissary/target/test-classes/logback-test.xml
2023-12-12 00:43:52,556 [using logback-test.xml]  INFO emissary.command.BaseCommand - sample.dat HTML_ESCAPE.HTMLESCAPE.TRANSFORM.http://localhost:8001/HtmlEscapePlace - Overriding current emissary.config.flavor CLUSTER to CLUSTER 
2023-12-12 00:43:52,556 [using logback-test.xml] DEBUG emissary.config.ConfigUtil - sample.dat HTML_ESCAPE.HTMLESCAPE.TRANSFORM.http://localhost:8001/HtmlEscapePlace - Attempting flavor merge on <none>-CLUSTER
2023-12-12 00:43:52,556 [using logback-test.xml] DEBUG emissary.config.ConfigUtil - sample.dat HTML_ESCAPE.HTMLESCAPE.TRANSFORM.http://localhost:8001/HtmlEscapePlace - Loading config for (string) <none>-CLUSTER
2023-12-12 00:43:52,556 [using logback-test.xml] DEBUG emissary.config.ConfigUtil - sample.dat HTML_ESCAPE.HTMLESCAPE.TRANSFORM.http://localhost:8001/HtmlEscapePlace - No file config found using new style <none>-CLUSTER
2023-12-12 00:43:52,556 [using logback-test.xml] DEBUG emissary.config.ConfigUtil - sample.dat HTML_ESCAPE.HTMLESCAPE.TRANSFORM.http://localhost:8001/HtmlEscapePlace - No config data as resource for <none>-CLUSTER
2023-12-12 00:43:52,556 [using logback-test.xml] DEBUG emissary.config.ConfigUtil - sample.dat HTML_ESCAPE.HTMLESCAPE.TRANSFORM.http://localhost:8001/HtmlEscapePlace - No file config found using old style <none>-CLUSTER.cfg
2023-12-12 00:43:52,556 [using logback-test.xml] DEBUG emissary.config.ConfigUtil - sample.dat HTML_ESCAPE.HTMLESCAPE.TRANSFORM.http://localhost:8001/HtmlEscapePlace - Unable to opt import flavor config <none>-CLUSTER
2023-12-12 00:43:52,557 [using logback-test.xml] DEBUG emissary.config.ConfigUtil - sample.dat HTML_ESCAPE.HTMLESCAPE.TRANSFORM.http://localhost:8001/HtmlEscapePlace - Attempting flavor merge on <none>-CLUSTER
2023-12-12 00:43:52,557 [using logback-test.xml] DEBUG emissary.config.ConfigUtil - sample.dat HTML_ESCAPE.HTMLESCAPE.TRANSFORM.http://localhost:8001/HtmlEscapePlace - Loading config for (string) <none>-CLUSTER
2023-12-12 00:43:52,557 [using logback-test.xml] DEBUG emissary.config.ConfigUtil - sample.dat HTML_ESCAPE.HTMLESCAPE.TRANSFORM.http://localhost:8001/HtmlEscapePlace - No file config found using new style <none>-CLUSTER
2023-12-12 00:43:52,557 [using logback-test.xml] DEBUG emissary.config.ConfigUtil - sample.dat HTML_ESCAPE.HTMLESCAPE.TRANSFORM.http://localhost:8001/HtmlEscapePlace - No config data as resource for <none>-CLUSTER
2023-12-12 00:43:52,557 [using logback-test.xml] DEBUG emissary.config.ConfigUtil - sample.dat HTML_ESCAPE.HTMLESCAPE.TRANSFORM.http://localhost:8001/HtmlEscapePlace - No file config found using old style <none>-CLUSTER.cfg
2023-12-12 00:43:52,557 [using logback-test.xml] DEBUG emissary.config.ConfigUtil - sample.dat HTML_ESCAPE.HTMLESCAPE.TRANSFORM.http://localhost:8001/HtmlEscapePlace - Unable to opt import flavor config <none>-CLUSTER
2023-12-12 00:43:52,557 [using logback-test.xml] DEBUG emissary.config.ConfigUtil - sample.dat HTML_ESCAPE.HTMLESCAPE.TRANSFORM.http://localhost:8001/HtmlEscapePlace - Configured configDirProperty /Users/connor/Projects/work/emissary/target/config
]]></system-out>
  </testcase>
  <testcase name="testRequireOfCostParameter" classname="emissary.place.ServiceProviderPlaceTest" time="0.004">
    <system-out><![CDATA[2023-12-12 00:43:52,561 [using logback-test.xml]  INFO emissary.command.BaseCommand - sample.dat HTML_ESCAPE.HTMLESCAPE.TRANSFORM.http://localhost:8001/HtmlEscapePlace - PROJECT_BASE is set to /Users/connor/Projects/work/emissary/target 
2023-12-12 00:43:52,561 [using logback-test.xml]  INFO emissary.command.BaseCommand - sample.dat HTML_ESCAPE.HTMLESCAPE.TRANSFORM.http://localhost:8001/HtmlEscapePlace - Setting emissary.config.dir to /Users/connor/Projects/work/emissary/target/config 
2023-12-12 00:43:52,561 [using logback-test.xml]  INFO emissary.command.BaseCommand - sample.dat HTML_ESCAPE.HTMLESCAPE.TRANSFORM.http://localhost:8001/HtmlEscapePlace - Setting emissary.bin.dir to /Users/connor/Projects/work/emissary/target/bin 
2023-12-12 00:43:52,561 [using logback-test.xml]  INFO emissary.command.BaseCommand - sample.dat HTML_ESCAPE.HTMLESCAPE.TRANSFORM.http://localhost:8001/HtmlEscapePlace - Setting emissary.output.root to /Users/connor/Projects/work/emissary/target/localoutput 
2023-12-12 00:43:52,561 [using logback-test.xml]  INFO emissary.command.BaseCommand - sample.dat HTML_ESCAPE.HTMLESCAPE.TRANSFORM.http://localhost:8001/HtmlEscapePlace - Emissary error dir set to /Users/connor/Projects/work/emissary/target/localerror 
2023-12-12 00:43:52,561 [using logback-test.xml]  INFO emissary.command.BaseCommand - sample.dat HTML_ESCAPE.HTMLESCAPE.TRANSFORM.http://localhost:8001/HtmlEscapePlace - Setting emissary.node.name to localhost 
2023-12-12 00:43:52,561 [using logback-test.xml]  INFO emissary.command.BaseCommand - sample.dat HTML_ESCAPE.HTMLESCAPE.TRANSFORM.http://localhost:8001/HtmlEscapePlace - Setting emissary.node.port to 8001 
2023-12-12 00:43:52,561 [using logback-test.xml]  INFO emissary.command.BaseCommand - sample.dat HTML_ESCAPE.HTMLESCAPE.TRANSFORM.http://localhost:8001/HtmlEscapePlace - Setting emissary.node.scheme to http 
2023-12-12 00:43:52,561 [using logback-test.xml]  WARN emissary.command.BaseCommand - sample.dat HTML_ESCAPE.HTMLESCAPE.TRANSFORM.http://localhost:8001/HtmlEscapePlace - Not using /Users/connor/Projects/work/emissary/target/config/logback.xml, staying with test config file:/Users/connor/Projects/work/emissary/target/test-classes/logback-test.xml
2023-12-12 00:43:52,562 [using logback-test.xml]  INFO emissary.command.BaseCommand - sample.dat HTML_ESCAPE.HTMLESCAPE.TRANSFORM.http://localhost:8001/HtmlEscapePlace - Overriding current emissary.config.flavor null to CLUSTER 
2023-12-12 00:43:52,562 [using logback-test.xml]  INFO emissary.command.BaseCommand - sample.dat HTML_ESCAPE.HTMLESCAPE.TRANSFORM.http://localhost:8001/HtmlEscapePlace - PROJECT_BASE is set to /Users/connor/Projects/work/emissary/target 
2023-12-12 00:43:52,562 [using logback-test.xml]  INFO emissary.command.BaseCommand - sample.dat HTML_ESCAPE.HTMLESCAPE.TRANSFORM.http://localhost:8001/HtmlEscapePlace - Setting emissary.config.dir to /Users/connor/Projects/work/emissary/target/config 
2023-12-12 00:43:52,562 [using logback-test.xml]  INFO emissary.command.BaseCommand - sample.dat HTML_ESCAPE.HTMLESCAPE.TRANSFORM.http://localhost:8001/HtmlEscapePlace - Setting emissary.bin.dir to /Users/connor/Projects/work/emissary/target/bin 
2023-12-12 00:43:52,562 [using logback-test.xml]  INFO emissary.command.BaseCommand - sample.dat HTML_ESCAPE.HTMLESCAPE.TRANSFORM.http://localhost:8001/HtmlEscapePlace - Setting emissary.output.root to /Users/connor/Projects/work/emissary/target/localoutput 
2023-12-12 00:43:52,562 [using logback-test.xml]  INFO emissary.command.BaseCommand - sample.dat HTML_ESCAPE.HTMLESCAPE.TRANSFORM.http://localhost:8001/HtmlEscapePlace - Emissary error dir set to /Users/connor/Projects/work/emissary/target/localerror 
2023-12-12 00:43:52,562 [using logback-test.xml]  INFO emissary.command.BaseCommand - sample.dat HTML_ESCAPE.HTMLESCAPE.TRANSFORM.http://localhost:8001/HtmlEscapePlace - Setting emissary.config.flavor to CLUSTER 
2023-12-12 00:43:52,562 [using logback-test.xml]  INFO emissary.command.BaseCommand - sample.dat HTML_ESCAPE.HTMLESCAPE.TRANSFORM.http://localhost:8001/HtmlEscapePlace - Setting emissary.node.name to localhost 
2023-12-12 00:43:52,562 [using logback-test.xml]  INFO emissary.command.BaseCommand - sample.dat HTML_ESCAPE.HTMLESCAPE.TRANSFORM.http://localhost:8001/HtmlEscapePlace - Setting emissary.node.port to 8001 
2023-12-12 00:43:52,562 [using logback-test.xml]  INFO emissary.command.BaseCommand - sample.dat HTML_ESCAPE.HTMLESCAPE.TRANSFORM.http://localhost:8001/HtmlEscapePlace - Setting emissary.node.scheme to http 
2023-12-12 00:43:52,562 [using logback-test.xml]  WARN emissary.command.BaseCommand - sample.dat HTML_ESCAPE.HTMLESCAPE.TRANSFORM.http://localhost:8001/HtmlEscapePlace - Not using /Users/connor/Projects/work/emissary/target/config/logback.xml, staying with test config file:/Users/connor/Projects/work/emissary/target/test-classes/logback-test.xml
2023-12-12 00:43:52,563 [using logback-test.xml]  INFO emissary.command.BaseCommand - sample.dat HTML_ESCAPE.HTMLESCAPE.TRANSFORM.http://localhost:8001/HtmlEscapePlace - Overriding current emissary.config.flavor CLUSTER to CLUSTER 
2023-12-12 00:43:52,564 [using logback-test.xml] DEBUG emissary.config.ConfigUtil - sample.dat HTML_ESCAPE.HTMLESCAPE.TRANSFORM.http://localhost:8001/HtmlEscapePlace - Attempting flavor merge on <none>-CLUSTER
2023-12-12 00:43:52,564 [using logback-test.xml] DEBUG emissary.config.ConfigUtil - sample.dat HTML_ESCAPE.HTMLESCAPE.TRANSFORM.http://localhost:8001/HtmlEscapePlace - Loading config for (string) <none>-CLUSTER
2023-12-12 00:43:52,564 [using logback-test.xml] DEBUG emissary.config.ConfigUtil - sample.dat HTML_ESCAPE.HTMLESCAPE.TRANSFORM.http://localhost:8001/HtmlEscapePlace - No file config found using new style <none>-CLUSTER
2023-12-12 00:43:52,564 [using logback-test.xml] DEBUG emissary.config.ConfigUtil - sample.dat HTML_ESCAPE.HTMLESCAPE.TRANSFORM.http://localhost:8001/HtmlEscapePlace - No config data as resource for <none>-CLUSTER
2023-12-12 00:43:52,564 [using logback-test.xml] DEBUG emissary.config.ConfigUtil - sample.dat HTML_ESCAPE.HTMLESCAPE.TRANSFORM.http://localhost:8001/HtmlEscapePlace - No file config found using old style <none>-CLUSTER.cfg
2023-12-12 00:43:52,564 [using logback-test.xml] DEBUG emissary.config.ConfigUtil - sample.dat HTML_ESCAPE.HTMLESCAPE.TRANSFORM.http://localhost:8001/HtmlEscapePlace - Unable to opt import flavor config <none>-CLUSTER
2023-12-12 00:43:52,565 [using logback-test.xml] DEBUG emissary.config.ConfigUtil - sample.dat HTML_ESCAPE.HTMLESCAPE.TRANSFORM.http://localhost:8001/HtmlEscapePlace - Attempting flavor merge on <none>-CLUSTER
2023-12-12 00:43:52,565 [using logback-test.xml] DEBUG emissary.config.ConfigUtil - sample.dat HTML_ESCAPE.HTMLESCAPE.TRANSFORM.http://localhost:8001/HtmlEscapePlace - Loading config for (string) <none>-CLUSTER
2023-12-12 00:43:52,565 [using logback-test.xml] DEBUG emissary.config.ConfigUtil - sample.dat HTML_ESCAPE.HTMLESCAPE.TRANSFORM.http://localhost:8001/HtmlEscapePlace - No file config found using new style <none>-CLUSTER
2023-12-12 00:43:52,565 [using logback-test.xml] DEBUG emissary.config.ConfigUtil - sample.dat HTML_ESCAPE.HTMLESCAPE.TRANSFORM.http://localhost:8001/HtmlEscapePlace - No config data as resource for <none>-CLUSTER
2023-12-12 00:43:52,565 [using logback-test.xml] DEBUG emissary.config.ConfigUtil - sample.dat HTML_ESCAPE.HTMLESCAPE.TRANSFORM.http://localhost:8001/HtmlEscapePlace - No file config found using old style <none>-CLUSTER.cfg
2023-12-12 00:43:52,565 [using logback-test.xml] DEBUG emissary.config.ConfigUtil - sample.dat HTML_ESCAPE.HTMLESCAPE.TRANSFORM.http://localhost:8001/HtmlEscapePlace - Unable to opt import flavor config <none>-CLUSTER
2023-12-12 00:43:52,565 [using logback-test.xml] DEBUG emissary.config.ConfigUtil - sample.dat HTML_ESCAPE.HTMLESCAPE.TRANSFORM.http://localhost:8001/HtmlEscapePlace - Configured configDirProperty /Users/connor/Projects/work/emissary/target/config
]]></system-out>
  </testcase>
  <testcase name="testDuplicateProxy" classname="emissary.place.ServiceProviderPlaceTest" time="0.002">
    <system-out><![CDATA[2023-12-12 00:43:52,569 [using logback-test.xml]  INFO emissary.command.BaseCommand - sample.dat HTML_ESCAPE.HTMLESCAPE.TRANSFORM.http://localhost:8001/HtmlEscapePlace - PROJECT_BASE is set to /Users/connor/Projects/work/emissary/target 
2023-12-12 00:43:52,569 [using logback-test.xml]  INFO emissary.command.BaseCommand - sample.dat HTML_ESCAPE.HTMLESCAPE.TRANSFORM.http://localhost:8001/HtmlEscapePlace - Setting emissary.config.dir to /Users/connor/Projects/work/emissary/target/config 
2023-12-12 00:43:52,569 [using logback-test.xml]  INFO emissary.command.BaseCommand - sample.dat HTML_ESCAPE.HTMLESCAPE.TRANSFORM.http://localhost:8001/HtmlEscapePlace - Setting emissary.bin.dir to /Users/connor/Projects/work/emissary/target/bin 
2023-12-12 00:43:52,569 [using logback-test.xml]  INFO emissary.command.BaseCommand - sample.dat HTML_ESCAPE.HTMLESCAPE.TRANSFORM.http://localhost:8001/HtmlEscapePlace - Setting emissary.output.root to /Users/connor/Projects/work/emissary/target/localoutput 
2023-12-12 00:43:52,569 [using logback-test.xml]  INFO emissary.command.BaseCommand - sample.dat HTML_ESCAPE.HTMLESCAPE.TRANSFORM.http://localhost:8001/HtmlEscapePlace - Emissary error dir set to /Users/connor/Projects/work/emissary/target/localerror 
2023-12-12 00:43:52,569 [using logback-test.xml]  INFO emissary.command.BaseCommand - sample.dat HTML_ESCAPE.HTMLESCAPE.TRANSFORM.http://localhost:8001/HtmlEscapePlace - Setting emissary.node.name to localhost 
2023-12-12 00:43:52,569 [using logback-test.xml]  INFO emissary.command.BaseCommand - sample.dat HTML_ESCAPE.HTMLESCAPE.TRANSFORM.http://localhost:8001/HtmlEscapePlace - Setting emissary.node.port to 8001 
2023-12-12 00:43:52,569 [using logback-test.xml]  INFO emissary.command.BaseCommand - sample.dat HTML_ESCAPE.HTMLESCAPE.TRANSFORM.http://localhost:8001/HtmlEscapePlace - Setting emissary.node.scheme to http 
2023-12-12 00:43:52,569 [using logback-test.xml]  WARN emissary.command.BaseCommand - sample.dat HTML_ESCAPE.HTMLESCAPE.TRANSFORM.http://localhost:8001/HtmlEscapePlace - Not using /Users/connor/Projects/work/emissary/target/config/logback.xml, staying with test config file:/Users/connor/Projects/work/emissary/target/test-classes/logback-test.xml
2023-12-12 00:43:52,571 [using logback-test.xml]  INFO emissary.command.BaseCommand - sample.dat HTML_ESCAPE.HTMLESCAPE.TRANSFORM.http://localhost:8001/HtmlEscapePlace - Overriding current emissary.config.flavor null to CLUSTER 
2023-12-12 00:43:52,571 [using logback-test.xml]  INFO emissary.command.BaseCommand - sample.dat HTML_ESCAPE.HTMLESCAPE.TRANSFORM.http://localhost:8001/HtmlEscapePlace - PROJECT_BASE is set to /Users/connor/Projects/work/emissary/target 
2023-12-12 00:43:52,571 [using logback-test.xml]  INFO emissary.command.BaseCommand - sample.dat HTML_ESCAPE.HTMLESCAPE.TRANSFORM.http://localhost:8001/HtmlEscapePlace - Setting emissary.config.dir to /Users/connor/Projects/work/emissary/target/config 
2023-12-12 00:43:52,571 [using logback-test.xml]  INFO emissary.command.BaseCommand - sample.dat HTML_ESCAPE.HTMLESCAPE.TRANSFORM.http://localhost:8001/HtmlEscapePlace - Setting emissary.bin.dir to /Users/connor/Projects/work/emissary/target/bin 
2023-12-12 00:43:52,571 [using logback-test.xml]  INFO emissary.command.BaseCommand - sample.dat HTML_ESCAPE.HTMLESCAPE.TRANSFORM.http://localhost:8001/HtmlEscapePlace - Setting emissary.output.root to /Users/connor/Projects/work/emissary/target/localoutput 
2023-12-12 00:43:52,571 [using logback-test.xml]  INFO emissary.command.BaseCommand - sample.dat HTML_ESCAPE.HTMLESCAPE.TRANSFORM.http://localhost:8001/HtmlEscapePlace - Emissary error dir set to /Users/connor/Projects/work/emissary/target/localerror 
2023-12-12 00:43:52,571 [using logback-test.xml]  INFO emissary.command.BaseCommand - sample.dat HTML_ESCAPE.HTMLESCAPE.TRANSFORM.http://localhost:8001/HtmlEscapePlace - Setting emissary.config.flavor to CLUSTER 
2023-12-12 00:43:52,571 [using logback-test.xml]  INFO emissary.command.BaseCommand - sample.dat HTML_ESCAPE.HTMLESCAPE.TRANSFORM.http://localhost:8001/HtmlEscapePlace - Setting emissary.node.name to localhost 
2023-12-12 00:43:52,571 [using logback-test.xml]  INFO emissary.command.BaseCommand - sample.dat HTML_ESCAPE.HTMLESCAPE.TRANSFORM.http://localhost:8001/HtmlEscapePlace - Setting emissary.node.port to 8001 
2023-12-12 00:43:52,571 [using logback-test.xml]  INFO emissary.command.BaseCommand - sample.dat HTML_ESCAPE.HTMLESCAPE.TRANSFORM.http://localhost:8001/HtmlEscapePlace - Setting emissary.node.scheme to http 
2023-12-12 00:43:52,571 [using logback-test.xml]  WARN emissary.command.BaseCommand - sample.dat HTML_ESCAPE.HTMLESCAPE.TRANSFORM.http://localhost:8001/HtmlEscapePlace - Not using /Users/connor/Projects/work/emissary/target/config/logback.xml, staying with test config file:/Users/connor/Projects/work/emissary/target/test-classes/logback-test.xml
2023-12-12 00:43:52,572 [using logback-test.xml]  INFO emissary.command.BaseCommand - sample.dat HTML_ESCAPE.HTMLESCAPE.TRANSFORM.http://localhost:8001/HtmlEscapePlace - Overriding current emissary.config.flavor CLUSTER to CLUSTER 
2023-12-12 00:43:52,572 [using logback-test.xml] DEBUG emissary.config.ConfigUtil - sample.dat HTML_ESCAPE.HTMLESCAPE.TRANSFORM.http://localhost:8001/HtmlEscapePlace - Attempting flavor merge on <none>-CLUSTER
2023-12-12 00:43:52,572 [using logback-test.xml] DEBUG emissary.config.ConfigUtil - sample.dat HTML_ESCAPE.HTMLESCAPE.TRANSFORM.http://localhost:8001/HtmlEscapePlace - Loading config for (string) <none>-CLUSTER
2023-12-12 00:43:52,572 [using logback-test.xml] DEBUG emissary.config.ConfigUtil - sample.dat HTML_ESCAPE.HTMLESCAPE.TRANSFORM.http://localhost:8001/HtmlEscapePlace - No file config found using new style <none>-CLUSTER
2023-12-12 00:43:52,572 [using logback-test.xml] DEBUG emissary.config.ConfigUtil - sample.dat HTML_ESCAPE.HTMLESCAPE.TRANSFORM.http://localhost:8001/HtmlEscapePlace - No config data as resource for <none>-CLUSTER
2023-12-12 00:43:52,572 [using logback-test.xml] DEBUG emissary.config.ConfigUtil - sample.dat HTML_ESCAPE.HTMLESCAPE.TRANSFORM.http://localhost:8001/HtmlEscapePlace - No file config found using old style <none>-CLUSTER.cfg
2023-12-12 00:43:52,572 [using logback-test.xml] DEBUG emissary.config.ConfigUtil - sample.dat HTML_ESCAPE.HTMLESCAPE.TRANSFORM.http://localhost:8001/HtmlEscapePlace - Unable to opt import flavor config <none>-CLUSTER
2023-12-12 00:43:52,572 [using logback-test.xml] DEBUG emissary.config.ConfigUtil - sample.dat HTML_ESCAPE.HTMLESCAPE.TRANSFORM.http://localhost:8001/HtmlEscapePlace - Configured configDirProperty /Users/connor/Projects/work/emissary/target/config
]]></system-out>
  </testcase>
  <testcase name="testRequireOfProxyOrKey" classname="emissary.place.ServiceProviderPlaceTest" time="0.006">
    <system-out><![CDATA[2023-12-12 00:43:52,575 [using logback-test.xml]  INFO emissary.command.BaseCommand - sample.dat HTML_ESCAPE.HTMLESCAPE.TRANSFORM.http://localhost:8001/HtmlEscapePlace - PROJECT_BASE is set to /Users/connor/Projects/work/emissary/target 
2023-12-12 00:43:52,575 [using logback-test.xml]  INFO emissary.command.BaseCommand - sample.dat HTML_ESCAPE.HTMLESCAPE.TRANSFORM.http://localhost:8001/HtmlEscapePlace - Setting emissary.config.dir to /Users/connor/Projects/work/emissary/target/config 
2023-12-12 00:43:52,575 [using logback-test.xml]  INFO emissary.command.BaseCommand - sample.dat HTML_ESCAPE.HTMLESCAPE.TRANSFORM.http://localhost:8001/HtmlEscapePlace - Setting emissary.bin.dir to /Users/connor/Projects/work/emissary/target/bin 
2023-12-12 00:43:52,575 [using logback-test.xml]  INFO emissary.command.BaseCommand - sample.dat HTML_ESCAPE.HTMLESCAPE.TRANSFORM.http://localhost:8001/HtmlEscapePlace - Setting emissary.output.root to /Users/connor/Projects/work/emissary/target/localoutput 
2023-12-12 00:43:52,575 [using logback-test.xml]  INFO emissary.command.BaseCommand - sample.dat HTML_ESCAPE.HTMLESCAPE.TRANSFORM.http://localhost:8001/HtmlEscapePlace - Emissary error dir set to /Users/connor/Projects/work/emissary/target/localerror 
2023-12-12 00:43:52,575 [using logback-test.xml]  INFO emissary.command.BaseCommand - sample.dat HTML_ESCAPE.HTMLESCAPE.TRANSFORM.http://localhost:8001/HtmlEscapePlace - Setting emissary.node.name to localhost 
2023-12-12 00:43:52,575 [using logback-test.xml]  INFO emissary.command.BaseCommand - sample.dat HTML_ESCAPE.HTMLESCAPE.TRANSFORM.http://localhost:8001/HtmlEscapePlace - Setting emissary.node.port to 8001 
2023-12-12 00:43:52,575 [using logback-test.xml]  INFO emissary.command.BaseCommand - sample.dat HTML_ESCAPE.HTMLESCAPE.TRANSFORM.http://localhost:8001/HtmlEscapePlace - Setting emissary.node.scheme to http 
2023-12-12 00:43:52,575 [using logback-test.xml]  WARN emissary.command.BaseCommand - sample.dat HTML_ESCAPE.HTMLESCAPE.TRANSFORM.http://localhost:8001/HtmlEscapePlace - Not using /Users/connor/Projects/work/emissary/target/config/logback.xml, staying with test config file:/Users/connor/Projects/work/emissary/target/test-classes/logback-test.xml
2023-12-12 00:43:52,576 [using logback-test.xml]  INFO emissary.command.BaseCommand - sample.dat HTML_ESCAPE.HTMLESCAPE.TRANSFORM.http://localhost:8001/HtmlEscapePlace - Overriding current emissary.config.flavor null to CLUSTER 
2023-12-12 00:43:52,576 [using logback-test.xml]  INFO emissary.command.BaseCommand - sample.dat HTML_ESCAPE.HTMLESCAPE.TRANSFORM.http://localhost:8001/HtmlEscapePlace - PROJECT_BASE is set to /Users/connor/Projects/work/emissary/target 
2023-12-12 00:43:52,576 [using logback-test.xml]  INFO emissary.command.BaseCommand - sample.dat HTML_ESCAPE.HTMLESCAPE.TRANSFORM.http://localhost:8001/HtmlEscapePlace - Setting emissary.config.dir to /Users/connor/Projects/work/emissary/target/config 
2023-12-12 00:43:52,576 [using logback-test.xml]  INFO emissary.command.BaseCommand - sample.dat HTML_ESCAPE.HTMLESCAPE.TRANSFORM.http://localhost:8001/HtmlEscapePlace - Setting emissary.bin.dir to /Users/connor/Projects/work/emissary/target/bin 
2023-12-12 00:43:52,576 [using logback-test.xml]  INFO emissary.command.BaseCommand - sample.dat HTML_ESCAPE.HTMLESCAPE.TRANSFORM.http://localhost:8001/HtmlEscapePlace - Setting emissary.output.root to /Users/connor/Projects/work/emissary/target/localoutput 
2023-12-12 00:43:52,576 [using logback-test.xml]  INFO emissary.command.BaseCommand - sample.dat HTML_ESCAPE.HTMLESCAPE.TRANSFORM.http://localhost:8001/HtmlEscapePlace - Emissary error dir set to /Users/connor/Projects/work/emissary/target/localerror 
2023-12-12 00:43:52,576 [using logback-test.xml]  INFO emissary.command.BaseCommand - sample.dat HTML_ESCAPE.HTMLESCAPE.TRANSFORM.http://localhost:8001/HtmlEscapePlace - Setting emissary.config.flavor to CLUSTER 
2023-12-12 00:43:52,576 [using logback-test.xml]  INFO emissary.command.BaseCommand - sample.dat HTML_ESCAPE.HTMLESCAPE.TRANSFORM.http://localhost:8001/HtmlEscapePlace - Setting emissary.node.name to localhost 
2023-12-12 00:43:52,576 [using logback-test.xml]  INFO emissary.command.BaseCommand - sample.dat HTML_ESCAPE.HTMLESCAPE.TRANSFORM.http://localhost:8001/HtmlEscapePlace - Setting emissary.node.port to 8001 
2023-12-12 00:43:52,576 [using logback-test.xml]  INFO emissary.command.BaseCommand - sample.dat HTML_ESCAPE.HTMLESCAPE.TRANSFORM.http://localhost:8001/HtmlEscapePlace - Setting emissary.node.scheme to http 
2023-12-12 00:43:52,576 [using logback-test.xml]  WARN emissary.command.BaseCommand - sample.dat HTML_ESCAPE.HTMLESCAPE.TRANSFORM.http://localhost:8001/HtmlEscapePlace - Not using /Users/connor/Projects/work/emissary/target/config/logback.xml, staying with test config file:/Users/connor/Projects/work/emissary/target/test-classes/logback-test.xml
2023-12-12 00:43:52,577 [using logback-test.xml]  INFO emissary.command.BaseCommand - sample.dat HTML_ESCAPE.HTMLESCAPE.TRANSFORM.http://localhost:8001/HtmlEscapePlace - Overriding current emissary.config.flavor CLUSTER to CLUSTER 
2023-12-12 00:43:52,577 [using logback-test.xml] DEBUG emissary.config.ConfigUtil - sample.dat HTML_ESCAPE.HTMLESCAPE.TRANSFORM.http://localhost:8001/HtmlEscapePlace - Attempting flavor merge on <none>-CLUSTER
2023-12-12 00:43:52,577 [using logback-test.xml] DEBUG emissary.config.ConfigUtil - sample.dat HTML_ESCAPE.HTMLESCAPE.TRANSFORM.http://localhost:8001/HtmlEscapePlace - Loading config for (string) <none>-CLUSTER
2023-12-12 00:43:52,577 [using logback-test.xml] DEBUG emissary.config.ConfigUtil - sample.dat HTML_ESCAPE.HTMLESCAPE.TRANSFORM.http://localhost:8001/HtmlEscapePlace - No file config found using new style <none>-CLUSTER
2023-12-12 00:43:52,577 [using logback-test.xml] DEBUG emissary.config.ConfigUtil - sample.dat HTML_ESCAPE.HTMLESCAPE.TRANSFORM.http://localhost:8001/HtmlEscapePlace - No config data as resource for <none>-CLUSTER
2023-12-12 00:43:52,577 [using logback-test.xml] DEBUG emissary.config.ConfigUtil - sample.dat HTML_ESCAPE.HTMLESCAPE.TRANSFORM.http://localhost:8001/HtmlEscapePlace - No file config found using old style <none>-CLUSTER.cfg
2023-12-12 00:43:52,577 [using logback-test.xml] DEBUG emissary.config.ConfigUtil - sample.dat HTML_ESCAPE.HTMLESCAPE.TRANSFORM.http://localhost:8001/HtmlEscapePlace - Unable to opt import flavor config <none>-CLUSTER
2023-12-12 00:43:52,580 [using logback-test.xml] DEBUG emissary.config.ConfigUtil - sample.dat HTML_ESCAPE.HTMLESCAPE.TRANSFORM.http://localhost:8001/HtmlEscapePlace - Attempting flavor merge on <none>-CLUSTER
2023-12-12 00:43:52,580 [using logback-test.xml] DEBUG emissary.config.ConfigUtil - sample.dat HTML_ESCAPE.HTMLESCAPE.TRANSFORM.http://localhost:8001/HtmlEscapePlace - Loading config for (string) <none>-CLUSTER
2023-12-12 00:43:52,580 [using logback-test.xml] DEBUG emissary.config.ConfigUtil - sample.dat HTML_ESCAPE.HTMLESCAPE.TRANSFORM.http://localhost:8001/HtmlEscapePlace - No file config found using new style <none>-CLUSTER
2023-12-12 00:43:52,580 [using logback-test.xml] DEBUG emissary.config.ConfigUtil - sample.dat HTML_ESCAPE.HTMLESCAPE.TRANSFORM.http://localhost:8001/HtmlEscapePlace - No config data as resource for <none>-CLUSTER
2023-12-12 00:43:52,580 [using logback-test.xml] DEBUG emissary.config.ConfigUtil - sample.dat HTML_ESCAPE.HTMLESCAPE.TRANSFORM.http://localhost:8001/HtmlEscapePlace - No file config found using old style <none>-CLUSTER.cfg
2023-12-12 00:43:52,580 [using logback-test.xml] DEBUG emissary.config.ConfigUtil - sample.dat HTML_ESCAPE.HTMLESCAPE.TRANSFORM.http://localhost:8001/HtmlEscapePlace - Unable to opt import flavor config <none>-CLUSTER
2023-12-12 00:43:52,580 [using logback-test.xml] DEBUG emissary.config.ConfigUtil - sample.dat HTML_ESCAPE.HTMLESCAPE.TRANSFORM.http://localhost:8001/HtmlEscapePlace - Configured configDirProperty /Users/connor/Projects/work/emissary/target/config
]]></system-out>
  </testcase>
  <testcase name="testRequireOfTypeParameter" classname="emissary.place.ServiceProviderPlaceTest" time="0.012">
    <system-out><![CDATA[2023-12-12 00:43:52,584 [using logback-test.xml]  INFO emissary.command.BaseCommand - sample.dat HTML_ESCAPE.HTMLESCAPE.TRANSFORM.http://localhost:8001/HtmlEscapePlace - PROJECT_BASE is set to /Users/connor/Projects/work/emissary/target 
2023-12-12 00:43:52,584 [using logback-test.xml]  INFO emissary.command.BaseCommand - sample.dat HTML_ESCAPE.HTMLESCAPE.TRANSFORM.http://localhost:8001/HtmlEscapePlace - Setting emissary.config.dir to /Users/connor/Projects/work/emissary/target/config 
2023-12-12 00:43:52,584 [using logback-test.xml]  INFO emissary.command.BaseCommand - sample.dat HTML_ESCAPE.HTMLESCAPE.TRANSFORM.http://localhost:8001/HtmlEscapePlace - Setting emissary.bin.dir to /Users/connor/Projects/work/emissary/target/bin 
2023-12-12 00:43:52,584 [using logback-test.xml]  INFO emissary.command.BaseCommand - sample.dat HTML_ESCAPE.HTMLESCAPE.TRANSFORM.http://localhost:8001/HtmlEscapePlace - Setting emissary.output.root to /Users/connor/Projects/work/emissary/target/localoutput 
2023-12-12 00:43:52,584 [using logback-test.xml]  INFO emissary.command.BaseCommand - sample.dat HTML_ESCAPE.HTMLESCAPE.TRANSFORM.http://localhost:8001/HtmlEscapePlace - Emissary error dir set to /Users/connor/Projects/work/emissary/target/localerror 
2023-12-12 00:43:52,584 [using logback-test.xml]  INFO emissary.command.BaseCommand - sample.dat HTML_ESCAPE.HTMLESCAPE.TRANSFORM.http://localhost:8001/HtmlEscapePlace - Setting emissary.node.name to localhost 
2023-12-12 00:43:52,584 [using logback-test.xml]  INFO emissary.command.BaseCommand - sample.dat HTML_ESCAPE.HTMLESCAPE.TRANSFORM.http://localhost:8001/HtmlEscapePlace - Setting emissary.node.port to 8001 
2023-12-12 00:43:52,584 [using logback-test.xml]  INFO emissary.command.BaseCommand - sample.dat HTML_ESCAPE.HTMLESCAPE.TRANSFORM.http://localhost:8001/HtmlEscapePlace - Setting emissary.node.scheme to http 
2023-12-12 00:43:52,584 [using logback-test.xml]  WARN emissary.command.BaseCommand - sample.dat HTML_ESCAPE.HTMLESCAPE.TRANSFORM.http://localhost:8001/HtmlEscapePlace - Not using /Users/connor/Projects/work/emissary/target/config/logback.xml, staying with test config file:/Users/connor/Projects/work/emissary/target/test-classes/logback-test.xml
2023-12-12 00:43:52,586 [using logback-test.xml]  INFO emissary.command.BaseCommand - sample.dat HTML_ESCAPE.HTMLESCAPE.TRANSFORM.http://localhost:8001/HtmlEscapePlace - Overriding current emissary.config.flavor null to CLUSTER 
2023-12-12 00:43:52,586 [using logback-test.xml]  INFO emissary.command.BaseCommand - sample.dat HTML_ESCAPE.HTMLESCAPE.TRANSFORM.http://localhost:8001/HtmlEscapePlace - PROJECT_BASE is set to /Users/connor/Projects/work/emissary/target 
2023-12-12 00:43:52,586 [using logback-test.xml]  INFO emissary.command.BaseCommand - sample.dat HTML_ESCAPE.HTMLESCAPE.TRANSFORM.http://localhost:8001/HtmlEscapePlace - Setting emissary.config.dir to /Users/connor/Projects/work/emissary/target/config 
2023-12-12 00:43:52,586 [using logback-test.xml]  INFO emissary.command.BaseCommand - sample.dat HTML_ESCAPE.HTMLESCAPE.TRANSFORM.http://localhost:8001/HtmlEscapePlace - Setting emissary.bin.dir to /Users/connor/Projects/work/emissary/target/bin 
2023-12-12 00:43:52,586 [using logback-test.xml]  INFO emissary.command.BaseCommand - sample.dat HTML_ESCAPE.HTMLESCAPE.TRANSFORM.http://localhost:8001/HtmlEscapePlace - Setting emissary.output.root to /Users/connor/Projects/work/emissary/target/localoutput 
2023-12-12 00:43:52,586 [using logback-test.xml]  INFO emissary.command.BaseCommand - sample.dat HTML_ESCAPE.HTMLESCAPE.TRANSFORM.http://localhost:8001/HtmlEscapePlace - Emissary error dir set to /Users/connor/Projects/work/emissary/target/localerror 
2023-12-12 00:43:52,586 [using logback-test.xml]  INFO emissary.command.BaseCommand - sample.dat HTML_ESCAPE.HTMLESCAPE.TRANSFORM.http://localhost:8001/HtmlEscapePlace - Setting emissary.config.flavor to CLUSTER 
2023-12-12 00:43:52,586 [using logback-test.xml]  INFO emissary.command.BaseCommand - sample.dat HTML_ESCAPE.HTMLESCAPE.TRANSFORM.http://localhost:8001/HtmlEscapePlace - Setting emissary.node.name to localhost 
2023-12-12 00:43:52,586 [using logback-test.xml]  INFO emissary.command.BaseCommand - sample.dat HTML_ESCAPE.HTMLESCAPE.TRANSFORM.http://localhost:8001/HtmlEscapePlace - Setting emissary.node.port to 8001 
2023-12-12 00:43:52,586 [using logback-test.xml]  INFO emissary.command.BaseCommand - sample.dat HTML_ESCAPE.HTMLESCAPE.TRANSFORM.http://localhost:8001/HtmlEscapePlace - Setting emissary.node.scheme to http 
2023-12-12 00:43:52,586 [using logback-test.xml]  WARN emissary.command.BaseCommand - sample.dat HTML_ESCAPE.HTMLESCAPE.TRANSFORM.http://localhost:8001/HtmlEscapePlace - Not using /Users/connor/Projects/work/emissary/target/config/logback.xml, staying with test config file:/Users/connor/Projects/work/emissary/target/test-classes/logback-test.xml
2023-12-12 00:43:52,588 [using logback-test.xml]  INFO emissary.command.BaseCommand - sample.dat HTML_ESCAPE.HTMLESCAPE.TRANSFORM.http://localhost:8001/HtmlEscapePlace - Overriding current emissary.config.flavor CLUSTER to CLUSTER 
2023-12-12 00:43:52,589 [using logback-test.xml] DEBUG emissary.config.ConfigUtil - sample.dat HTML_ESCAPE.HTMLESCAPE.TRANSFORM.http://localhost:8001/HtmlEscapePlace - Attempting flavor merge on <none>-CLUSTER
2023-12-12 00:43:52,589 [using logback-test.xml] DEBUG emissary.config.ConfigUtil - sample.dat HTML_ESCAPE.HTMLESCAPE.TRANSFORM.http://localhost:8001/HtmlEscapePlace - Loading config for (string) <none>-CLUSTER
2023-12-12 00:43:52,589 [using logback-test.xml] DEBUG emissary.config.ConfigUtil - sample.dat HTML_ESCAPE.HTMLESCAPE.TRANSFORM.http://localhost:8001/HtmlEscapePlace - No file config found using new style <none>-CLUSTER
2023-12-12 00:43:52,589 [using logback-test.xml] DEBUG emissary.config.ConfigUtil - sample.dat HTML_ESCAPE.HTMLESCAPE.TRANSFORM.http://localhost:8001/HtmlEscapePlace - No config data as resource for <none>-CLUSTER
2023-12-12 00:43:52,589 [using logback-test.xml] DEBUG emissary.config.ConfigUtil - sample.dat HTML_ESCAPE.HTMLESCAPE.TRANSFORM.http://localhost:8001/HtmlEscapePlace - No file config found using old style <none>-CLUSTER.cfg
2023-12-12 00:43:52,589 [using logback-test.xml] DEBUG emissary.config.ConfigUtil - sample.dat HTML_ESCAPE.HTMLESCAPE.TRANSFORM.http://localhost:8001/HtmlEscapePlace - Unable to opt import flavor config <none>-CLUSTER
2023-12-12 00:43:52,597 [using logback-test.xml] DEBUG emissary.config.ConfigUtil - sample.dat HTML_ESCAPE.HTMLESCAPE.TRANSFORM.http://localhost:8001/HtmlEscapePlace - Attempting flavor merge on <none>-CLUSTER
2023-12-12 00:43:52,597 [using logback-test.xml] DEBUG emissary.config.ConfigUtil - sample.dat HTML_ESCAPE.HTMLESCAPE.TRANSFORM.http://localhost:8001/HtmlEscapePlace - Loading config for (string) <none>-CLUSTER
2023-12-12 00:43:52,597 [using logback-test.xml] DEBUG emissary.config.ConfigUtil - sample.dat HTML_ESCAPE.HTMLESCAPE.TRANSFORM.http://localhost:8001/HtmlEscapePlace - No file config found using new style <none>-CLUSTER
2023-12-12 00:43:52,597 [using logback-test.xml] DEBUG emissary.config.ConfigUtil - sample.dat HTML_ESCAPE.HTMLESCAPE.TRANSFORM.http://localhost:8001/HtmlEscapePlace - No config data as resource for <none>-CLUSTER
2023-12-12 00:43:52,597 [using logback-test.xml] DEBUG emissary.config.ConfigUtil - sample.dat HTML_ESCAPE.HTMLESCAPE.TRANSFORM.http://localhost:8001/HtmlEscapePlace - No file config found using old style <none>-CLUSTER.cfg
2023-12-12 00:43:52,598 [using logback-test.xml] DEBUG emissary.config.ConfigUtil - sample.dat HTML_ESCAPE.HTMLESCAPE.TRANSFORM.http://localhost:8001/HtmlEscapePlace - Unable to opt import flavor config <none>-CLUSTER
2023-12-12 00:43:52,598 [using logback-test.xml] DEBUG emissary.config.ConfigUtil - sample.dat HTML_ESCAPE.HTMLESCAPE.TRANSFORM.http://localhost:8001/HtmlEscapePlace - Configured configDirProperty /Users/connor/Projects/work/emissary/target/config
]]></system-out>
  </testcase>
  <testcase name="testNukem" classname="emissary.place.ServiceProviderPlaceTest" time="0.009">
    <system-out><![CDATA[2023-12-12 00:43:52,609 [using logback-test.xml]  INFO emissary.command.BaseCommand - sample.dat HTML_ESCAPE.HTMLESCAPE.TRANSFORM.http://localhost:8001/HtmlEscapePlace - PROJECT_BASE is set to /Users/connor/Projects/work/emissary/target 
2023-12-12 00:43:52,609 [using logback-test.xml]  INFO emissary.command.BaseCommand - sample.dat HTML_ESCAPE.HTMLESCAPE.TRANSFORM.http://localhost:8001/HtmlEscapePlace - Setting emissary.config.dir to /Users/connor/Projects/work/emissary/target/config 
2023-12-12 00:43:52,609 [using logback-test.xml]  INFO emissary.command.BaseCommand - sample.dat HTML_ESCAPE.HTMLESCAPE.TRANSFORM.http://localhost:8001/HtmlEscapePlace - Setting emissary.bin.dir to /Users/connor/Projects/work/emissary/target/bin 
2023-12-12 00:43:52,609 [using logback-test.xml]  INFO emissary.command.BaseCommand - sample.dat HTML_ESCAPE.HTMLESCAPE.TRANSFORM.http://localhost:8001/HtmlEscapePlace - Setting emissary.output.root to /Users/connor/Projects/work/emissary/target/localoutput 
2023-12-12 00:43:52,609 [using logback-test.xml]  INFO emissary.command.BaseCommand - sample.dat HTML_ESCAPE.HTMLESCAPE.TRANSFORM.http://localhost:8001/HtmlEscapePlace - Emissary error dir set to /Users/connor/Projects/work/emissary/target/localerror 
2023-12-12 00:43:52,609 [using logback-test.xml]  INFO emissary.command.BaseCommand - sample.dat HTML_ESCAPE.HTMLESCAPE.TRANSFORM.http://localhost:8001/HtmlEscapePlace - Setting emissary.node.name to localhost 
2023-12-12 00:43:52,609 [using logback-test.xml]  INFO emissary.command.BaseCommand - sample.dat HTML_ESCAPE.HTMLESCAPE.TRANSFORM.http://localhost:8001/HtmlEscapePlace - Setting emissary.node.port to 8001 
2023-12-12 00:43:52,609 [using logback-test.xml]  INFO emissary.command.BaseCommand - sample.dat HTML_ESCAPE.HTMLESCAPE.TRANSFORM.http://localhost:8001/HtmlEscapePlace - Setting emissary.node.scheme to http 
2023-12-12 00:43:52,609 [using logback-test.xml]  WARN emissary.command.BaseCommand - sample.dat HTML_ESCAPE.HTMLESCAPE.TRANSFORM.http://localhost:8001/HtmlEscapePlace - Not using /Users/connor/Projects/work/emissary/target/config/logback.xml, staying with test config file:/Users/connor/Projects/work/emissary/target/test-classes/logback-test.xml
2023-12-12 00:43:52,619 [using logback-test.xml]  INFO emissary.command.BaseCommand - sample.dat HTML_ESCAPE.HTMLESCAPE.TRANSFORM.http://localhost:8001/HtmlEscapePlace - Overriding current emissary.config.flavor null to CLUSTER 
2023-12-12 00:43:52,619 [using logback-test.xml]  INFO emissary.command.BaseCommand - sample.dat HTML_ESCAPE.HTMLESCAPE.TRANSFORM.http://localhost:8001/HtmlEscapePlace - PROJECT_BASE is set to /Users/connor/Projects/work/emissary/target 
2023-12-12 00:43:52,619 [using logback-test.xml]  INFO emissary.command.BaseCommand - sample.dat HTML_ESCAPE.HTMLESCAPE.TRANSFORM.http://localhost:8001/HtmlEscapePlace - Setting emissary.config.dir to /Users/connor/Projects/work/emissary/target/config 
2023-12-12 00:43:52,619 [using logback-test.xml]  INFO emissary.command.BaseCommand - sample.dat HTML_ESCAPE.HTMLESCAPE.TRANSFORM.http://localhost:8001/HtmlEscapePlace - Setting emissary.bin.dir to /Users/connor/Projects/work/emissary/target/bin 
2023-12-12 00:43:52,619 [using logback-test.xml]  INFO emissary.command.BaseCommand - sample.dat HTML_ESCAPE.HTMLESCAPE.TRANSFORM.http://localhost:8001/HtmlEscapePlace - Setting emissary.output.root to /Users/connor/Projects/work/emissary/target/localoutput 
2023-12-12 00:43:52,619 [using logback-test.xml]  INFO emissary.command.BaseCommand - sample.dat HTML_ESCAPE.HTMLESCAPE.TRANSFORM.http://localhost:8001/HtmlEscapePlace - Emissary error dir set to /Users/connor/Projects/work/emissary/target/localerror 
2023-12-12 00:43:52,619 [using logback-test.xml]  INFO emissary.command.BaseCommand - sample.dat HTML_ESCAPE.HTMLESCAPE.TRANSFORM.http://localhost:8001/HtmlEscapePlace - Setting emissary.config.flavor to CLUSTER 
2023-12-12 00:43:52,619 [using logback-test.xml]  INFO emissary.command.BaseCommand - sample.dat HTML_ESCAPE.HTMLESCAPE.TRANSFORM.http://localhost:8001/HtmlEscapePlace - Setting emissary.node.name to localhost 
2023-12-12 00:43:52,619 [using logback-test.xml]  INFO emissary.command.BaseCommand - sample.dat HTML_ESCAPE.HTMLESCAPE.TRANSFORM.http://localhost:8001/HtmlEscapePlace - Setting emissary.node.port to 8001 
2023-12-12 00:43:52,619 [using logback-test.xml]  INFO emissary.command.BaseCommand - sample.dat HTML_ESCAPE.HTMLESCAPE.TRANSFORM.http://localhost:8001/HtmlEscapePlace - Setting emissary.node.scheme to http 
2023-12-12 00:43:52,619 [using logback-test.xml]  WARN emissary.command.BaseCommand - sample.dat HTML_ESCAPE.HTMLESCAPE.TRANSFORM.http://localhost:8001/HtmlEscapePlace - Not using /Users/connor/Projects/work/emissary/target/config/logback.xml, staying with test config file:/Users/connor/Projects/work/emissary/target/test-classes/logback-test.xml
2023-12-12 00:43:52,620 [using logback-test.xml]  INFO emissary.command.BaseCommand - sample.dat HTML_ESCAPE.HTMLESCAPE.TRANSFORM.http://localhost:8001/HtmlEscapePlace - Overriding current emissary.config.flavor CLUSTER to CLUSTER 
2023-12-12 00:43:52,620 [using logback-test.xml] DEBUG emissary.config.ConfigUtil - sample.dat HTML_ESCAPE.HTMLESCAPE.TRANSFORM.http://localhost:8001/HtmlEscapePlace - Attempting flavor merge on <none>-CLUSTER
2023-12-12 00:43:52,620 [using logback-test.xml] DEBUG emissary.config.ConfigUtil - sample.dat HTML_ESCAPE.HTMLESCAPE.TRANSFORM.http://localhost:8001/HtmlEscapePlace - Loading config for (string) <none>-CLUSTER
2023-12-12 00:43:52,620 [using logback-test.xml] DEBUG emissary.config.ConfigUtil - sample.dat HTML_ESCAPE.HTMLESCAPE.TRANSFORM.http://localhost:8001/HtmlEscapePlace - No file config found using new style <none>-CLUSTER
2023-12-12 00:43:52,620 [using logback-test.xml] DEBUG emissary.config.ConfigUtil - sample.dat HTML_ESCAPE.HTMLESCAPE.TRANSFORM.http://localhost:8001/HtmlEscapePlace - No config data as resource for <none>-CLUSTER
2023-12-12 00:43:52,620 [using logback-test.xml] DEBUG emissary.config.ConfigUtil - sample.dat HTML_ESCAPE.HTMLESCAPE.TRANSFORM.http://localhost:8001/HtmlEscapePlace - No file config found using old style <none>-CLUSTER.cfg
2023-12-12 00:43:52,621 [using logback-test.xml] DEBUG emissary.config.ConfigUtil - sample.dat HTML_ESCAPE.HTMLESCAPE.TRANSFORM.http://localhost:8001/HtmlEscapePlace - Unable to opt import flavor config <none>-CLUSTER
2023-12-12 00:43:52,621 [using logback-test.xml] DEBUG emissary.config.ConfigUtil - sample.dat HTML_ESCAPE.HTMLESCAPE.TRANSFORM.http://localhost:8001/HtmlEscapePlace - Configured configDirProperty /Users/connor/Projects/work/emissary/target/config
]]></system-out>
  </testcase>
  <testcase name="testKeysConfig" classname="emissary.place.ServiceProviderPlaceTest" time="0.002">
    <system-out><![CDATA[2023-12-12 00:43:52,638 [using logback-test.xml]  INFO emissary.command.BaseCommand - sample.dat HTML_ESCAPE.HTMLESCAPE.TRANSFORM.http://localhost:8001/HtmlEscapePlace - PROJECT_BASE is set to /Users/connor/Projects/work/emissary/target 
2023-12-12 00:43:52,638 [using logback-test.xml]  INFO emissary.command.BaseCommand - sample.dat HTML_ESCAPE.HTMLESCAPE.TRANSFORM.http://localhost:8001/HtmlEscapePlace - Setting emissary.config.dir to /Users/connor/Projects/work/emissary/target/config 
2023-12-12 00:43:52,638 [using logback-test.xml]  INFO emissary.command.BaseCommand - sample.dat HTML_ESCAPE.HTMLESCAPE.TRANSFORM.http://localhost:8001/HtmlEscapePlace - Setting emissary.bin.dir to /Users/connor/Projects/work/emissary/target/bin 
2023-12-12 00:43:52,638 [using logback-test.xml]  INFO emissary.command.BaseCommand - sample.dat HTML_ESCAPE.HTMLESCAPE.TRANSFORM.http://localhost:8001/HtmlEscapePlace - Setting emissary.output.root to /Users/connor/Projects/work/emissary/target/localoutput 
2023-12-12 00:43:52,638 [using logback-test.xml]  INFO emissary.command.BaseCommand - sample.dat HTML_ESCAPE.HTMLESCAPE.TRANSFORM.http://localhost:8001/HtmlEscapePlace - Emissary error dir set to /Users/connor/Projects/work/emissary/target/localerror 
2023-12-12 00:43:52,638 [using logback-test.xml]  INFO emissary.command.BaseCommand - sample.dat HTML_ESCAPE.HTMLESCAPE.TRANSFORM.http://localhost:8001/HtmlEscapePlace - Setting emissary.node.name to localhost 
2023-12-12 00:43:52,638 [using logback-test.xml]  INFO emissary.command.BaseCommand - sample.dat HTML_ESCAPE.HTMLESCAPE.TRANSFORM.http://localhost:8001/HtmlEscapePlace - Setting emissary.node.port to 8001 
2023-12-12 00:43:52,638 [using logback-test.xml]  INFO emissary.command.BaseCommand - sample.dat HTML_ESCAPE.HTMLESCAPE.TRANSFORM.http://localhost:8001/HtmlEscapePlace - Setting emissary.node.scheme to http 
2023-12-12 00:43:52,638 [using logback-test.xml]  WARN emissary.command.BaseCommand - sample.dat HTML_ESCAPE.HTMLESCAPE.TRANSFORM.http://localhost:8001/HtmlEscapePlace - Not using /Users/connor/Projects/work/emissary/target/config/logback.xml, staying with test config file:/Users/connor/Projects/work/emissary/target/test-classes/logback-test.xml
2023-12-12 00:43:52,639 [using logback-test.xml]  INFO emissary.command.BaseCommand - sample.dat HTML_ESCAPE.HTMLESCAPE.TRANSFORM.http://localhost:8001/HtmlEscapePlace - Overriding current emissary.config.flavor null to CLUSTER 
2023-12-12 00:43:52,639 [using logback-test.xml]  INFO emissary.command.BaseCommand - sample.dat HTML_ESCAPE.HTMLESCAPE.TRANSFORM.http://localhost:8001/HtmlEscapePlace - PROJECT_BASE is set to /Users/connor/Projects/work/emissary/target 
2023-12-12 00:43:52,639 [using logback-test.xml]  INFO emissary.command.BaseCommand - sample.dat HTML_ESCAPE.HTMLESCAPE.TRANSFORM.http://localhost:8001/HtmlEscapePlace - Setting emissary.config.dir to /Users/connor/Projects/work/emissary/target/config 
2023-12-12 00:43:52,639 [using logback-test.xml]  INFO emissary.command.BaseCommand - sample.dat HTML_ESCAPE.HTMLESCAPE.TRANSFORM.http://localhost:8001/HtmlEscapePlace - Setting emissary.bin.dir to /Users/connor/Projects/work/emissary/target/bin 
2023-12-12 00:43:52,639 [using logback-test.xml]  INFO emissary.command.BaseCommand - sample.dat HTML_ESCAPE.HTMLESCAPE.TRANSFORM.http://localhost:8001/HtmlEscapePlace - Setting emissary.output.root to /Users/connor/Projects/work/emissary/target/localoutput 
2023-12-12 00:43:52,639 [using logback-test.xml]  INFO emissary.command.BaseCommand - sample.dat HTML_ESCAPE.HTMLESCAPE.TRANSFORM.http://localhost:8001/HtmlEscapePlace - Emissary error dir set to /Users/connor/Projects/work/emissary/target/localerror 
2023-12-12 00:43:52,639 [using logback-test.xml]  INFO emissary.command.BaseCommand - sample.dat HTML_ESCAPE.HTMLESCAPE.TRANSFORM.http://localhost:8001/HtmlEscapePlace - Setting emissary.config.flavor to CLUSTER 
2023-12-12 00:43:52,639 [using logback-test.xml]  INFO emissary.command.BaseCommand - sample.dat HTML_ESCAPE.HTMLESCAPE.TRANSFORM.http://localhost:8001/HtmlEscapePlace - Setting emissary.node.name to localhost 
2023-12-12 00:43:52,639 [using logback-test.xml]  INFO emissary.command.BaseCommand - sample.dat HTML_ESCAPE.HTMLESCAPE.TRANSFORM.http://localhost:8001/HtmlEscapePlace - Setting emissary.node.port to 8001 
2023-12-12 00:43:52,639 [using logback-test.xml]  INFO emissary.command.BaseCommand - sample.dat HTML_ESCAPE.HTMLESCAPE.TRANSFORM.http://localhost:8001/HtmlEscapePlace - Setting emissary.node.scheme to http 
2023-12-12 00:43:52,639 [using logback-test.xml]  WARN emissary.command.BaseCommand - sample.dat HTML_ESCAPE.HTMLESCAPE.TRANSFORM.http://localhost:8001/HtmlEscapePlace - Not using /Users/connor/Projects/work/emissary/target/config/logback.xml, staying with test config file:/Users/connor/Projects/work/emissary/target/test-classes/logback-test.xml
2023-12-12 00:43:52,643 [using logback-test.xml]  INFO emissary.command.BaseCommand - sample.dat HTML_ESCAPE.HTMLESCAPE.TRANSFORM.http://localhost:8001/HtmlEscapePlace - Overriding current emissary.config.flavor CLUSTER to CLUSTER 
2023-12-12 00:43:52,644 [using logback-test.xml] DEBUG emissary.config.ConfigUtil - sample.dat HTML_ESCAPE.HTMLESCAPE.TRANSFORM.http://localhost:8001/HtmlEscapePlace - Attempting flavor merge on <none>-CLUSTER
2023-12-12 00:43:52,644 [using logback-test.xml] DEBUG emissary.config.ConfigUtil - sample.dat HTML_ESCAPE.HTMLESCAPE.TRANSFORM.http://localhost:8001/HtmlEscapePlace - Loading config for (string) <none>-CLUSTER
2023-12-12 00:43:52,644 [using logback-test.xml] DEBUG emissary.config.ConfigUtil - sample.dat HTML_ESCAPE.HTMLESCAPE.TRANSFORM.http://localhost:8001/HtmlEscapePlace - No file config found using new style <none>-CLUSTER
2023-12-12 00:43:52,644 [using logback-test.xml] DEBUG emissary.config.ConfigUtil - sample.dat HTML_ESCAPE.HTMLESCAPE.TRANSFORM.http://localhost:8001/HtmlEscapePlace - No config data as resource for <none>-CLUSTER
2023-12-12 00:43:52,644 [using logback-test.xml] DEBUG emissary.config.ConfigUtil - sample.dat HTML_ESCAPE.HTMLESCAPE.TRANSFORM.http://localhost:8001/HtmlEscapePlace - No file config found using old style <none>-CLUSTER.cfg
2023-12-12 00:43:52,644 [using logback-test.xml] DEBUG emissary.config.ConfigUtil - sample.dat HTML_ESCAPE.HTMLESCAPE.TRANSFORM.http://localhost:8001/HtmlEscapePlace - Unable to opt import flavor config <none>-CLUSTER
2023-12-12 00:43:52,645 [using logback-test.xml] DEBUG emissary.config.ConfigUtil - sample.dat HTML_ESCAPE.HTMLESCAPE.TRANSFORM.http://localhost:8001/HtmlEscapePlace - Attempting flavor merge on <none>-CLUSTER
2023-12-12 00:43:52,645 [using logback-test.xml] DEBUG emissary.config.ConfigUtil - sample.dat HTML_ESCAPE.HTMLESCAPE.TRANSFORM.http://localhost:8001/HtmlEscapePlace - Loading config for (string) <none>-CLUSTER
2023-12-12 00:43:52,645 [using logback-test.xml] DEBUG emissary.config.ConfigUtil - sample.dat HTML_ESCAPE.HTMLESCAPE.TRANSFORM.http://localhost:8001/HtmlEscapePlace - No file config found using new style <none>-CLUSTER
2023-12-12 00:43:52,645 [using logback-test.xml] DEBUG emissary.config.ConfigUtil - sample.dat HTML_ESCAPE.HTMLESCAPE.TRANSFORM.http://localhost:8001/HtmlEscapePlace - No config data as resource for <none>-CLUSTER
2023-12-12 00:43:52,645 [using logback-test.xml] DEBUG emissary.config.ConfigUtil - sample.dat HTML_ESCAPE.HTMLESCAPE.TRANSFORM.http://localhost:8001/HtmlEscapePlace - No file config found using old style <none>-CLUSTER.cfg
2023-12-12 00:43:52,645 [using logback-test.xml] DEBUG emissary.config.ConfigUtil - sample.dat HTML_ESCAPE.HTMLESCAPE.TRANSFORM.http://localhost:8001/HtmlEscapePlace - Unable to opt import flavor config <none>-CLUSTER
2023-12-12 00:43:52,645 [using logback-test.xml] DEBUG emissary.config.ConfigUtil - sample.dat HTML_ESCAPE.HTMLESCAPE.TRANSFORM.http://localhost:8001/HtmlEscapePlace - Configured configDirProperty /Users/connor/Projects/work/emissary/target/config
]]></system-out>
  </testcase>
  <testcase name="testWithMissingPlaceLocation" classname="emissary.place.ServiceProviderPlaceTest" time="0.003">
    <system-out><![CDATA[2023-12-12 00:43:52,647 [using logback-test.xml]  INFO emissary.command.BaseCommand - sample.dat HTML_ESCAPE.HTMLESCAPE.TRANSFORM.http://localhost:8001/HtmlEscapePlace - PROJECT_BASE is set to /Users/connor/Projects/work/emissary/target 
2023-12-12 00:43:52,647 [using logback-test.xml]  INFO emissary.command.BaseCommand - sample.dat HTML_ESCAPE.HTMLESCAPE.TRANSFORM.http://localhost:8001/HtmlEscapePlace - Setting emissary.config.dir to /Users/connor/Projects/work/emissary/target/config 
2023-12-12 00:43:52,647 [using logback-test.xml]  INFO emissary.command.BaseCommand - sample.dat HTML_ESCAPE.HTMLESCAPE.TRANSFORM.http://localhost:8001/HtmlEscapePlace - Setting emissary.bin.dir to /Users/connor/Projects/work/emissary/target/bin 
2023-12-12 00:43:52,647 [using logback-test.xml]  INFO emissary.command.BaseCommand - sample.dat HTML_ESCAPE.HTMLESCAPE.TRANSFORM.http://localhost:8001/HtmlEscapePlace - Setting emissary.output.root to /Users/connor/Projects/work/emissary/target/localoutput 
2023-12-12 00:43:52,647 [using logback-test.xml]  INFO emissary.command.BaseCommand - sample.dat HTML_ESCAPE.HTMLESCAPE.TRANSFORM.http://localhost:8001/HtmlEscapePlace - Emissary error dir set to /Users/connor/Projects/work/emissary/target/localerror 
2023-12-12 00:43:52,647 [using logback-test.xml]  INFO emissary.command.BaseCommand - sample.dat HTML_ESCAPE.HTMLESCAPE.TRANSFORM.http://localhost:8001/HtmlEscapePlace - Setting emissary.node.name to localhost 
2023-12-12 00:43:52,647 [using logback-test.xml]  INFO emissary.command.BaseCommand - sample.dat HTML_ESCAPE.HTMLESCAPE.TRANSFORM.http://localhost:8001/HtmlEscapePlace - Setting emissary.node.port to 8001 
2023-12-12 00:43:52,647 [using logback-test.xml]  INFO emissary.command.BaseCommand - sample.dat HTML_ESCAPE.HTMLESCAPE.TRANSFORM.http://localhost:8001/HtmlEscapePlace - Setting emissary.node.scheme to http 
2023-12-12 00:43:52,647 [using logback-test.xml]  WARN emissary.command.BaseCommand - sample.dat HTML_ESCAPE.HTMLESCAPE.TRANSFORM.http://localhost:8001/HtmlEscapePlace - Not using /Users/connor/Projects/work/emissary/target/config/logback.xml, staying with test config file:/Users/connor/Projects/work/emissary/target/test-classes/logback-test.xml
2023-12-12 00:43:52,648 [using logback-test.xml]  INFO emissary.command.BaseCommand - sample.dat HTML_ESCAPE.HTMLESCAPE.TRANSFORM.http://localhost:8001/HtmlEscapePlace - Overriding current emissary.config.flavor null to CLUSTER 
2023-12-12 00:43:52,648 [using logback-test.xml]  INFO emissary.command.BaseCommand - sample.dat HTML_ESCAPE.HTMLESCAPE.TRANSFORM.http://localhost:8001/HtmlEscapePlace - PROJECT_BASE is set to /Users/connor/Projects/work/emissary/target 
2023-12-12 00:43:52,648 [using logback-test.xml]  INFO emissary.command.BaseCommand - sample.dat HTML_ESCAPE.HTMLESCAPE.TRANSFORM.http://localhost:8001/HtmlEscapePlace - Setting emissary.config.dir to /Users/connor/Projects/work/emissary/target/config 
2023-12-12 00:43:52,648 [using logback-test.xml]  INFO emissary.command.BaseCommand - sample.dat HTML_ESCAPE.HTMLESCAPE.TRANSFORM.http://localhost:8001/HtmlEscapePlace - Setting emissary.bin.dir to /Users/connor/Projects/work/emissary/target/bin 
2023-12-12 00:43:52,648 [using logback-test.xml]  INFO emissary.command.BaseCommand - sample.dat HTML_ESCAPE.HTMLESCAPE.TRANSFORM.http://localhost:8001/HtmlEscapePlace - Setting emissary.output.root to /Users/connor/Projects/work/emissary/target/localoutput 
2023-12-12 00:43:52,648 [using logback-test.xml]  INFO emissary.command.BaseCommand - sample.dat HTML_ESCAPE.HTMLESCAPE.TRANSFORM.http://localhost:8001/HtmlEscapePlace - Emissary error dir set to /Users/connor/Projects/work/emissary/target/localerror 
2023-12-12 00:43:52,648 [using logback-test.xml]  INFO emissary.command.BaseCommand - sample.dat HTML_ESCAPE.HTMLESCAPE.TRANSFORM.http://localhost:8001/HtmlEscapePlace - Setting emissary.config.flavor to CLUSTER 
2023-12-12 00:43:52,648 [using logback-test.xml]  INFO emissary.command.BaseCommand - sample.dat HTML_ESCAPE.HTMLESCAPE.TRANSFORM.http://localhost:8001/HtmlEscapePlace - Setting emissary.node.name to localhost 
2023-12-12 00:43:52,648 [using logback-test.xml]  INFO emissary.command.BaseCommand - sample.dat HTML_ESCAPE.HTMLESCAPE.TRANSFORM.http://localhost:8001/HtmlEscapePlace - Setting emissary.node.port to 8001 
2023-12-12 00:43:52,648 [using logback-test.xml]  INFO emissary.command.BaseCommand - sample.dat HTML_ESCAPE.HTMLESCAPE.TRANSFORM.http://localhost:8001/HtmlEscapePlace - Setting emissary.node.scheme to http 
2023-12-12 00:43:52,648 [using logback-test.xml]  WARN emissary.command.BaseCommand - sample.dat HTML_ESCAPE.HTMLESCAPE.TRANSFORM.http://localhost:8001/HtmlEscapePlace - Not using /Users/connor/Projects/work/emissary/target/config/logback.xml, staying with test config file:/Users/connor/Projects/work/emissary/target/test-classes/logback-test.xml
2023-12-12 00:43:52,649 [using logback-test.xml]  INFO emissary.command.BaseCommand - sample.dat HTML_ESCAPE.HTMLESCAPE.TRANSFORM.http://localhost:8001/HtmlEscapePlace - Overriding current emissary.config.flavor CLUSTER to CLUSTER 
2023-12-12 00:43:52,650 [using logback-test.xml] DEBUG emissary.config.ConfigUtil - sample.dat HTML_ESCAPE.HTMLESCAPE.TRANSFORM.http://localhost:8001/HtmlEscapePlace - Attempting flavor merge on <none>-CLUSTER
2023-12-12 00:43:52,650 [using logback-test.xml] DEBUG emissary.config.ConfigUtil - sample.dat HTML_ESCAPE.HTMLESCAPE.TRANSFORM.http://localhost:8001/HtmlEscapePlace - Loading config for (string) <none>-CLUSTER
2023-12-12 00:43:52,650 [using logback-test.xml] DEBUG emissary.config.ConfigUtil - sample.dat HTML_ESCAPE.HTMLESCAPE.TRANSFORM.http://localhost:8001/HtmlEscapePlace - No file config found using new style <none>-CLUSTER
2023-12-12 00:43:52,650 [using logback-test.xml] DEBUG emissary.config.ConfigUtil - sample.dat HTML_ESCAPE.HTMLESCAPE.TRANSFORM.http://localhost:8001/HtmlEscapePlace - No config data as resource for <none>-CLUSTER
2023-12-12 00:43:52,650 [using logback-test.xml] DEBUG emissary.config.ConfigUtil - sample.dat HTML_ESCAPE.HTMLESCAPE.TRANSFORM.http://localhost:8001/HtmlEscapePlace - No file config found using old style <none>-CLUSTER.cfg
2023-12-12 00:43:52,650 [using logback-test.xml] DEBUG emissary.config.ConfigUtil - sample.dat HTML_ESCAPE.HTMLESCAPE.TRANSFORM.http://localhost:8001/HtmlEscapePlace - Unable to opt import flavor config <none>-CLUSTER
2023-12-12 00:43:52,650 [using logback-test.xml] DEBUG emissary.config.ConfigUtil - sample.dat HTML_ESCAPE.HTMLESCAPE.TRANSFORM.http://localhost:8001/HtmlEscapePlace - Attempting flavor merge on <none>-CLUSTER
2023-12-12 00:43:52,650 [using logback-test.xml] DEBUG emissary.config.ConfigUtil - sample.dat HTML_ESCAPE.HTMLESCAPE.TRANSFORM.http://localhost:8001/HtmlEscapePlace - Loading config for (string) <none>-CLUSTER
2023-12-12 00:43:52,650 [using logback-test.xml] DEBUG emissary.config.ConfigUtil - sample.dat HTML_ESCAPE.HTMLESCAPE.TRANSFORM.http://localhost:8001/HtmlEscapePlace - No file config found using new style <none>-CLUSTER
2023-12-12 00:43:52,650 [using logback-test.xml] DEBUG emissary.config.ConfigUtil - sample.dat HTML_ESCAPE.HTMLESCAPE.TRANSFORM.http://localhost:8001/HtmlEscapePlace - No config data as resource for <none>-CLUSTER
2023-12-12 00:43:52,650 [using logback-test.xml] DEBUG emissary.config.ConfigUtil - sample.dat HTML_ESCAPE.HTMLESCAPE.TRANSFORM.http://localhost:8001/HtmlEscapePlace - No file config found using old style <none>-CLUSTER.cfg
2023-12-12 00:43:52,650 [using logback-test.xml] DEBUG emissary.config.ConfigUtil - sample.dat HTML_ESCAPE.HTMLESCAPE.TRANSFORM.http://localhost:8001/HtmlEscapePlace - Unable to opt import flavor config <none>-CLUSTER
2023-12-12 00:43:52,651 [using logback-test.xml] DEBUG emissary.config.ConfigUtil - sample.dat HTML_ESCAPE.HTMLESCAPE.TRANSFORM.http://localhost:8001/HtmlEscapePlace - Attempting flavor merge on <none>-CLUSTER
2023-12-12 00:43:52,651 [using logback-test.xml] DEBUG emissary.config.ConfigUtil - sample.dat HTML_ESCAPE.HTMLESCAPE.TRANSFORM.http://localhost:8001/HtmlEscapePlace - Loading config for (string) <none>-CLUSTER
2023-12-12 00:43:52,651 [using logback-test.xml] DEBUG emissary.config.ConfigUtil - sample.dat HTML_ESCAPE.HTMLESCAPE.TRANSFORM.http://localhost:8001/HtmlEscapePlace - No file config found using new style <none>-CLUSTER
2023-12-12 00:43:52,651 [using logback-test.xml] DEBUG emissary.config.ConfigUtil - sample.dat HTML_ESCAPE.HTMLESCAPE.TRANSFORM.http://localhost:8001/HtmlEscapePlace - No config data as resource for <none>-CLUSTER
2023-12-12 00:43:52,651 [using logback-test.xml] DEBUG emissary.config.ConfigUtil - sample.dat HTML_ESCAPE.HTMLESCAPE.TRANSFORM.http://localhost:8001/HtmlEscapePlace - No file config found using old style <none>-CLUSTER.cfg
2023-12-12 00:43:52,651 [using logback-test.xml] DEBUG emissary.config.ConfigUtil - sample.dat HTML_ESCAPE.HTMLESCAPE.TRANSFORM.http://localhost:8001/HtmlEscapePlace - Unable to opt import flavor config <none>-CLUSTER
2023-12-12 00:43:52,651 [using logback-test.xml] DEBUG emissary.config.ConfigUtil - sample.dat HTML_ESCAPE.HTMLESCAPE.TRANSFORM.http://localhost:8001/HtmlEscapePlace - Attempting flavor merge on <none>-CLUSTER
2023-12-12 00:43:52,651 [using logback-test.xml] DEBUG emissary.config.ConfigUtil - sample.dat HTML_ESCAPE.HTMLESCAPE.TRANSFORM.http://localhost:8001/HtmlEscapePlace - Loading config for (string) <none>-CLUSTER
2023-12-12 00:43:52,651 [using logback-test.xml] DEBUG emissary.config.ConfigUtil - sample.dat HTML_ESCAPE.HTMLESCAPE.TRANSFORM.http://localhost:8001/HtmlEscapePlace - No file config found using new style <none>-CLUSTER
2023-12-12 00:43:52,651 [using logback-test.xml] DEBUG emissary.config.ConfigUtil - sample.dat HTML_ESCAPE.HTMLESCAPE.TRANSFORM.http://localhost:8001/HtmlEscapePlace - No config data as resource for <none>-CLUSTER
2023-12-12 00:43:52,651 [using logback-test.xml] DEBUG emissary.config.ConfigUtil - sample.dat HTML_ESCAPE.HTMLESCAPE.TRANSFORM.http://localhost:8001/HtmlEscapePlace - No file config found using old style <none>-CLUSTER.cfg
2023-12-12 00:43:52,651 [using logback-test.xml] DEBUG emissary.config.ConfigUtil - sample.dat HTML_ESCAPE.HTMLESCAPE.TRANSFORM.http://localhost:8001/HtmlEscapePlace - Unable to opt import flavor config <none>-CLUSTER
2023-12-12 00:43:52,651 [using logback-test.xml] DEBUG emissary.config.ConfigUtil - sample.dat HTML_ESCAPE.HTMLESCAPE.TRANSFORM.http://localhost:8001/HtmlEscapePlace - Attempting flavor merge on <none>-CLUSTER
2023-12-12 00:43:52,651 [using logback-test.xml] DEBUG emissary.config.ConfigUtil - sample.dat HTML_ESCAPE.HTMLESCAPE.TRANSFORM.http://localhost:8001/HtmlEscapePlace - Loading config for (string) <none>-CLUSTER
2023-12-12 00:43:52,651 [using logback-test.xml] DEBUG emissary.config.ConfigUtil - sample.dat HTML_ESCAPE.HTMLESCAPE.TRANSFORM.http://localhost:8001/HtmlEscapePlace - No file config found using new style <none>-CLUSTER
2023-12-12 00:43:52,651 [using logback-test.xml] DEBUG emissary.config.ConfigUtil - sample.dat HTML_ESCAPE.HTMLESCAPE.TRANSFORM.http://localhost:8001/HtmlEscapePlace - No config data as resource for <none>-CLUSTER
2023-12-12 00:43:52,651 [using logback-test.xml] DEBUG emissary.config.ConfigUtil - sample.dat HTML_ESCAPE.HTMLESCAPE.TRANSFORM.http://localhost:8001/HtmlEscapePlace - No file config found using old style <none>-CLUSTER.cfg
2023-12-12 00:43:52,651 [using logback-test.xml] DEBUG emissary.config.ConfigUtil - sample.dat HTML_ESCAPE.HTMLESCAPE.TRANSFORM.http://localhost:8001/HtmlEscapePlace - Unable to opt import flavor config <none>-CLUSTER
2023-12-12 00:43:52,651 [using logback-test.xml] DEBUG emissary.config.ConfigUtil - sample.dat HTML_ESCAPE.HTMLESCAPE.TRANSFORM.http://localhost:8001/HtmlEscapePlace - Configured configDirProperty /Users/connor/Projects/work/emissary/target/config
]]></system-out>
  </testcase>
  <testcase name="testLocOnlyConstructorWithFileConfigDataAndPackage" classname="emissary.place.ServiceProviderPlaceTest" time="0.002">
    <system-out><![CDATA[2023-12-12 00:43:52,653 [using logback-test.xml]  INFO emissary.command.BaseCommand - sample.dat HTML_ESCAPE.HTMLESCAPE.TRANSFORM.http://localhost:8001/HtmlEscapePlace - PROJECT_BASE is set to /Users/connor/Projects/work/emissary/target 
2023-12-12 00:43:52,653 [using logback-test.xml]  INFO emissary.command.BaseCommand - sample.dat HTML_ESCAPE.HTMLESCAPE.TRANSFORM.http://localhost:8001/HtmlEscapePlace - Setting emissary.config.dir to /Users/connor/Projects/work/emissary/target/config 
2023-12-12 00:43:52,653 [using logback-test.xml]  INFO emissary.command.BaseCommand - sample.dat HTML_ESCAPE.HTMLESCAPE.TRANSFORM.http://localhost:8001/HtmlEscapePlace - Setting emissary.bin.dir to /Users/connor/Projects/work/emissary/target/bin 
2023-12-12 00:43:52,653 [using logback-test.xml]  INFO emissary.command.BaseCommand - sample.dat HTML_ESCAPE.HTMLESCAPE.TRANSFORM.http://localhost:8001/HtmlEscapePlace - Setting emissary.output.root to /Users/connor/Projects/work/emissary/target/localoutput 
2023-12-12 00:43:52,653 [using logback-test.xml]  INFO emissary.command.BaseCommand - sample.dat HTML_ESCAPE.HTMLESCAPE.TRANSFORM.http://localhost:8001/HtmlEscapePlace - Emissary error dir set to /Users/connor/Projects/work/emissary/target/localerror 
2023-12-12 00:43:52,653 [using logback-test.xml]  INFO emissary.command.BaseCommand - sample.dat HTML_ESCAPE.HTMLESCAPE.TRANSFORM.http://localhost:8001/HtmlEscapePlace - Setting emissary.node.name to localhost 
2023-12-12 00:43:52,653 [using logback-test.xml]  INFO emissary.command.BaseCommand - sample.dat HTML_ESCAPE.HTMLESCAPE.TRANSFORM.http://localhost:8001/HtmlEscapePlace - Setting emissary.node.port to 8001 
2023-12-12 00:43:52,653 [using logback-test.xml]  INFO emissary.command.BaseCommand - sample.dat HTML_ESCAPE.HTMLESCAPE.TRANSFORM.http://localhost:8001/HtmlEscapePlace - Setting emissary.node.scheme to http 
2023-12-12 00:43:52,653 [using logback-test.xml]  WARN emissary.command.BaseCommand - sample.dat HTML_ESCAPE.HTMLESCAPE.TRANSFORM.http://localhost:8001/HtmlEscapePlace - Not using /Users/connor/Projects/work/emissary/target/config/logback.xml, staying with test config file:/Users/connor/Projects/work/emissary/target/test-classes/logback-test.xml
2023-12-12 00:43:52,654 [using logback-test.xml]  INFO emissary.command.BaseCommand - sample.dat HTML_ESCAPE.HTMLESCAPE.TRANSFORM.http://localhost:8001/HtmlEscapePlace - Overriding current emissary.config.flavor null to CLUSTER 
2023-12-12 00:43:52,654 [using logback-test.xml]  INFO emissary.command.BaseCommand - sample.dat HTML_ESCAPE.HTMLESCAPE.TRANSFORM.http://localhost:8001/HtmlEscapePlace - PROJECT_BASE is set to /Users/connor/Projects/work/emissary/target 
2023-12-12 00:43:52,654 [using logback-test.xml]  INFO emissary.command.BaseCommand - sample.dat HTML_ESCAPE.HTMLESCAPE.TRANSFORM.http://localhost:8001/HtmlEscapePlace - Setting emissary.config.dir to /Users/connor/Projects/work/emissary/target/config 
2023-12-12 00:43:52,654 [using logback-test.xml]  INFO emissary.command.BaseCommand - sample.dat HTML_ESCAPE.HTMLESCAPE.TRANSFORM.http://localhost:8001/HtmlEscapePlace - Setting emissary.bin.dir to /Users/connor/Projects/work/emissary/target/bin 
2023-12-12 00:43:52,654 [using logback-test.xml]  INFO emissary.command.BaseCommand - sample.dat HTML_ESCAPE.HTMLESCAPE.TRANSFORM.http://localhost:8001/HtmlEscapePlace - Setting emissary.output.root to /Users/connor/Projects/work/emissary/target/localoutput 
2023-12-12 00:43:52,654 [using logback-test.xml]  INFO emissary.command.BaseCommand - sample.dat HTML_ESCAPE.HTMLESCAPE.TRANSFORM.http://localhost:8001/HtmlEscapePlace - Emissary error dir set to /Users/connor/Projects/work/emissary/target/localerror 
2023-12-12 00:43:52,655 [using logback-test.xml]  INFO emissary.command.BaseCommand - sample.dat HTML_ESCAPE.HTMLESCAPE.TRANSFORM.http://localhost:8001/HtmlEscapePlace - Setting emissary.config.flavor to CLUSTER 
2023-12-12 00:43:52,655 [using logback-test.xml]  INFO emissary.command.BaseCommand - sample.dat HTML_ESCAPE.HTMLESCAPE.TRANSFORM.http://localhost:8001/HtmlEscapePlace - Setting emissary.node.name to localhost 
2023-12-12 00:43:52,655 [using logback-test.xml]  INFO emissary.command.BaseCommand - sample.dat HTML_ESCAPE.HTMLESCAPE.TRANSFORM.http://localhost:8001/HtmlEscapePlace - Setting emissary.node.port to 8001 
2023-12-12 00:43:52,655 [using logback-test.xml]  INFO emissary.command.BaseCommand - sample.dat HTML_ESCAPE.HTMLESCAPE.TRANSFORM.http://localhost:8001/HtmlEscapePlace - Setting emissary.node.scheme to http 
2023-12-12 00:43:52,655 [using logback-test.xml]  WARN emissary.command.BaseCommand - sample.dat HTML_ESCAPE.HTMLESCAPE.TRANSFORM.http://localhost:8001/HtmlEscapePlace - Not using /Users/connor/Projects/work/emissary/target/config/logback.xml, staying with test config file:/Users/connor/Projects/work/emissary/target/test-classes/logback-test.xml
2023-12-12 00:43:52,655 [using logback-test.xml]  INFO emissary.command.BaseCommand - sample.dat HTML_ESCAPE.HTMLESCAPE.TRANSFORM.http://localhost:8001/HtmlEscapePlace - Overriding current emissary.config.flavor CLUSTER to CLUSTER 
2023-12-12 00:43:52,656 [using logback-test.xml] DEBUG emissary.config.ConfigUtil - sample.dat HTML_ESCAPE.HTMLESCAPE.TRANSFORM.http://localhost:8001/HtmlEscapePlace - Attempting flavor merge on <none>-CLUSTER
2023-12-12 00:43:52,656 [using logback-test.xml] DEBUG emissary.config.ConfigUtil - sample.dat HTML_ESCAPE.HTMLESCAPE.TRANSFORM.http://localhost:8001/HtmlEscapePlace - Loading config for (string) <none>-CLUSTER
2023-12-12 00:43:52,656 [using logback-test.xml] DEBUG emissary.config.ConfigUtil - sample.dat HTML_ESCAPE.HTMLESCAPE.TRANSFORM.http://localhost:8001/HtmlEscapePlace - No file config found using new style <none>-CLUSTER
2023-12-12 00:43:52,656 [using logback-test.xml] DEBUG emissary.config.ConfigUtil - sample.dat HTML_ESCAPE.HTMLESCAPE.TRANSFORM.http://localhost:8001/HtmlEscapePlace - No config data as resource for <none>-CLUSTER
2023-12-12 00:43:52,656 [using logback-test.xml] DEBUG emissary.config.ConfigUtil - sample.dat HTML_ESCAPE.HTMLESCAPE.TRANSFORM.http://localhost:8001/HtmlEscapePlace - No file config found using old style <none>-CLUSTER.cfg
2023-12-12 00:43:52,656 [using logback-test.xml] DEBUG emissary.config.ConfigUtil - sample.dat HTML_ESCAPE.HTMLESCAPE.TRANSFORM.http://localhost:8001/HtmlEscapePlace - Unable to opt import flavor config <none>-CLUSTER
2023-12-12 00:43:52,657 [using logback-test.xml] DEBUG emissary.config.ConfigUtil - sample.dat HTML_ESCAPE.HTMLESCAPE.TRANSFORM.http://localhost:8001/HtmlEscapePlace - Loading config for (string) emissary.place.MyFileConfigedTestPlace.cfg
2023-12-12 00:43:52,657 [using logback-test.xml] DEBUG emissary.config.ConfigUtil - sample.dat HTML_ESCAPE.HTMLESCAPE.TRANSFORM.http://localhost:8001/HtmlEscapePlace - Found config data as file /Users/connor/Projects/work/emissary/target/config/emissary.place.MyFileConfigedTestPlace.cfg
2023-12-12 00:43:52,657 [using logback-test.xml] DEBUG emissary.config.ConfigUtil - sample.dat HTML_ESCAPE.HTMLESCAPE.TRANSFORM.http://localhost:8001/HtmlEscapePlace - Attempting flavor merge on emissary.place.MyFileConfigedTestPlace-CLUSTER.cfg
2023-12-12 00:43:52,657 [using logback-test.xml] DEBUG emissary.config.ConfigUtil - sample.dat HTML_ESCAPE.HTMLESCAPE.TRANSFORM.http://localhost:8001/HtmlEscapePlace - Loading config for (string) emissary.place.MyFileConfigedTestPlace-CLUSTER.cfg
2023-12-12 00:43:52,657 [using logback-test.xml] DEBUG emissary.config.ConfigUtil - sample.dat HTML_ESCAPE.HTMLESCAPE.TRANSFORM.http://localhost:8001/HtmlEscapePlace - No file config found using new style emissary.place.MyFileConfigedTestPlace-CLUSTER.cfg
2023-12-12 00:43:52,657 [using logback-test.xml] DEBUG emissary.config.ConfigUtil - sample.dat HTML_ESCAPE.HTMLESCAPE.TRANSFORM.http://localhost:8001/HtmlEscapePlace - No config data as resource for emissary/place/MyFileConfigedTestPlace-CLUSTER.cfg
2023-12-12 00:43:52,657 [using logback-test.xml] DEBUG emissary.config.ConfigUtil - sample.dat HTML_ESCAPE.HTMLESCAPE.TRANSFORM.http://localhost:8001/HtmlEscapePlace - No file config found using old style MyFileConfigedTestPlace-CLUSTER.cfg
2023-12-12 00:43:52,657 [using logback-test.xml] DEBUG emissary.config.ConfigUtil - sample.dat HTML_ESCAPE.HTMLESCAPE.TRANSFORM.http://localhost:8001/HtmlEscapePlace - Unable to opt import flavor config emissary.place.MyFileConfigedTestPlace-CLUSTER.cfg
2023-12-12 00:43:52,657 [using logback-test.xml] DEBUG emissary.config.ConfigUtil - sample.dat HTML_ESCAPE.HTMLESCAPE.TRANSFORM.http://localhost:8001/HtmlEscapePlace - Configured configDirProperty /Users/connor/Projects/work/emissary/target/config
2023-12-12 00:43:52,658 [using logback-test.xml] DEBUG emissary.config.ConfigUtil - sample.dat HTML_ESCAPE.HTMLESCAPE.TRANSFORM.http://localhost:8001/HtmlEscapePlace - Configured configDirProperty /Users/connor/Projects/work/emissary/target/config
]]></system-out>
  </testcase>
  <testcase name="testConfiguration" classname="emissary.place.ServiceProviderPlaceTest" time="0.001">
    <system-out><![CDATA[2023-12-12 00:43:52,660 [using logback-test.xml]  INFO emissary.command.BaseCommand - sample.dat HTML_ESCAPE.HTMLESCAPE.TRANSFORM.http://localhost:8001/HtmlEscapePlace - PROJECT_BASE is set to /Users/connor/Projects/work/emissary/target 
2023-12-12 00:43:52,660 [using logback-test.xml]  INFO emissary.command.BaseCommand - sample.dat HTML_ESCAPE.HTMLESCAPE.TRANSFORM.http://localhost:8001/HtmlEscapePlace - Setting emissary.config.dir to /Users/connor/Projects/work/emissary/target/config 
2023-12-12 00:43:52,660 [using logback-test.xml]  INFO emissary.command.BaseCommand - sample.dat HTML_ESCAPE.HTMLESCAPE.TRANSFORM.http://localhost:8001/HtmlEscapePlace - Setting emissary.bin.dir to /Users/connor/Projects/work/emissary/target/bin 
2023-12-12 00:43:52,660 [using logback-test.xml]  INFO emissary.command.BaseCommand - sample.dat HTML_ESCAPE.HTMLESCAPE.TRANSFORM.http://localhost:8001/HtmlEscapePlace - Setting emissary.output.root to /Users/connor/Projects/work/emissary/target/localoutput 
2023-12-12 00:43:52,660 [using logback-test.xml]  INFO emissary.command.BaseCommand - sample.dat HTML_ESCAPE.HTMLESCAPE.TRANSFORM.http://localhost:8001/HtmlEscapePlace - Emissary error dir set to /Users/connor/Projects/work/emissary/target/localerror 
2023-12-12 00:43:52,660 [using logback-test.xml]  INFO emissary.command.BaseCommand - sample.dat HTML_ESCAPE.HTMLESCAPE.TRANSFORM.http://localhost:8001/HtmlEscapePlace - Setting emissary.node.name to localhost 
2023-12-12 00:43:52,660 [using logback-test.xml]  INFO emissary.command.BaseCommand - sample.dat HTML_ESCAPE.HTMLESCAPE.TRANSFORM.http://localhost:8001/HtmlEscapePlace - Setting emissary.node.port to 8001 
2023-12-12 00:43:52,660 [using logback-test.xml]  INFO emissary.command.BaseCommand - sample.dat HTML_ESCAPE.HTMLESCAPE.TRANSFORM.http://localhost:8001/HtmlEscapePlace - Setting emissary.node.scheme to http 
2023-12-12 00:43:52,660 [using logback-test.xml]  WARN emissary.command.BaseCommand - sample.dat HTML_ESCAPE.HTMLESCAPE.TRANSFORM.http://localhost:8001/HtmlEscapePlace - Not using /Users/connor/Projects/work/emissary/target/config/logback.xml, staying with test config file:/Users/connor/Projects/work/emissary/target/test-classes/logback-test.xml
2023-12-12 00:43:52,661 [using logback-test.xml]  INFO emissary.command.BaseCommand - sample.dat HTML_ESCAPE.HTMLESCAPE.TRANSFORM.http://localhost:8001/HtmlEscapePlace - Overriding current emissary.config.flavor null to CLUSTER 
2023-12-12 00:43:52,661 [using logback-test.xml]  INFO emissary.command.BaseCommand - sample.dat HTML_ESCAPE.HTMLESCAPE.TRANSFORM.http://localhost:8001/HtmlEscapePlace - PROJECT_BASE is set to /Users/connor/Projects/work/emissary/target 
2023-12-12 00:43:52,661 [using logback-test.xml]  INFO emissary.command.BaseCommand - sample.dat HTML_ESCAPE.HTMLESCAPE.TRANSFORM.http://localhost:8001/HtmlEscapePlace - Setting emissary.config.dir to /Users/connor/Projects/work/emissary/target/config 
2023-12-12 00:43:52,661 [using logback-test.xml]  INFO emissary.command.BaseCommand - sample.dat HTML_ESCAPE.HTMLESCAPE.TRANSFORM.http://localhost:8001/HtmlEscapePlace - Setting emissary.bin.dir to /Users/connor/Projects/work/emissary/target/bin 
2023-12-12 00:43:52,661 [using logback-test.xml]  INFO emissary.command.BaseCommand - sample.dat HTML_ESCAPE.HTMLESCAPE.TRANSFORM.http://localhost:8001/HtmlEscapePlace - Setting emissary.output.root to /Users/connor/Projects/work/emissary/target/localoutput 
2023-12-12 00:43:52,661 [using logback-test.xml]  INFO emissary.command.BaseCommand - sample.dat HTML_ESCAPE.HTMLESCAPE.TRANSFORM.http://localhost:8001/HtmlEscapePlace - Emissary error dir set to /Users/connor/Projects/work/emissary/target/localerror 
2023-12-12 00:43:52,661 [using logback-test.xml]  INFO emissary.command.BaseCommand - sample.dat HTML_ESCAPE.HTMLESCAPE.TRANSFORM.http://localhost:8001/HtmlEscapePlace - Setting emissary.config.flavor to CLUSTER 
2023-12-12 00:43:52,661 [using logback-test.xml]  INFO emissary.command.BaseCommand - sample.dat HTML_ESCAPE.HTMLESCAPE.TRANSFORM.http://localhost:8001/HtmlEscapePlace - Setting emissary.node.name to localhost 
2023-12-12 00:43:52,661 [using logback-test.xml]  INFO emissary.command.BaseCommand - sample.dat HTML_ESCAPE.HTMLESCAPE.TRANSFORM.http://localhost:8001/HtmlEscapePlace - Setting emissary.node.port to 8001 
2023-12-12 00:43:52,661 [using logback-test.xml]  INFO emissary.command.BaseCommand - sample.dat HTML_ESCAPE.HTMLESCAPE.TRANSFORM.http://localhost:8001/HtmlEscapePlace - Setting emissary.node.scheme to http 
2023-12-12 00:43:52,661 [using logback-test.xml]  WARN emissary.command.BaseCommand - sample.dat HTML_ESCAPE.HTMLESCAPE.TRANSFORM.http://localhost:8001/HtmlEscapePlace - Not using /Users/connor/Projects/work/emissary/target/config/logback.xml, staying with test config file:/Users/connor/Projects/work/emissary/target/test-classes/logback-test.xml
2023-12-12 00:43:52,662 [using logback-test.xml]  INFO emissary.command.BaseCommand - sample.dat HTML_ESCAPE.HTMLESCAPE.TRANSFORM.http://localhost:8001/HtmlEscapePlace - Overriding current emissary.config.flavor CLUSTER to CLUSTER 
2023-12-12 00:43:52,663 [using logback-test.xml] DEBUG emissary.config.ConfigUtil - sample.dat HTML_ESCAPE.HTMLESCAPE.TRANSFORM.http://localhost:8001/HtmlEscapePlace - Attempting flavor merge on <none>-CLUSTER
2023-12-12 00:43:52,663 [using logback-test.xml] DEBUG emissary.config.ConfigUtil - sample.dat HTML_ESCAPE.HTMLESCAPE.TRANSFORM.http://localhost:8001/HtmlEscapePlace - Loading config for (string) <none>-CLUSTER
2023-12-12 00:43:52,663 [using logback-test.xml] DEBUG emissary.config.ConfigUtil - sample.dat HTML_ESCAPE.HTMLESCAPE.TRANSFORM.http://localhost:8001/HtmlEscapePlace - No file config found using new style <none>-CLUSTER
2023-12-12 00:43:52,663 [using logback-test.xml] DEBUG emissary.config.ConfigUtil - sample.dat HTML_ESCAPE.HTMLESCAPE.TRANSFORM.http://localhost:8001/HtmlEscapePlace - No config data as resource for <none>-CLUSTER
2023-12-12 00:43:52,663 [using logback-test.xml] DEBUG emissary.config.ConfigUtil - sample.dat HTML_ESCAPE.HTMLESCAPE.TRANSFORM.http://localhost:8001/HtmlEscapePlace - No file config found using old style <none>-CLUSTER.cfg
2023-12-12 00:43:52,663 [using logback-test.xml] DEBUG emissary.config.ConfigUtil - sample.dat HTML_ESCAPE.HTMLESCAPE.TRANSFORM.http://localhost:8001/HtmlEscapePlace - Unable to opt import flavor config <none>-CLUSTER
2023-12-12 00:43:52,663 [using logback-test.xml] DEBUG emissary.config.ConfigUtil - sample.dat HTML_ESCAPE.HTMLESCAPE.TRANSFORM.http://localhost:8001/HtmlEscapePlace - Configured configDirProperty /Users/connor/Projects/work/emissary/target/config
]]></system-out>
  </testcase>
  <testcase name="testServiceKeyConfig" classname="emissary.place.ServiceProviderPlaceTest" time="0.008">
    <system-out><![CDATA[2023-12-12 00:43:52,665 [using logback-test.xml]  INFO emissary.command.BaseCommand - sample.dat HTML_ESCAPE.HTMLESCAPE.TRANSFORM.http://localhost:8001/HtmlEscapePlace - PROJECT_BASE is set to /Users/connor/Projects/work/emissary/target 
2023-12-12 00:43:52,665 [using logback-test.xml]  INFO emissary.command.BaseCommand - sample.dat HTML_ESCAPE.HTMLESCAPE.TRANSFORM.http://localhost:8001/HtmlEscapePlace - Setting emissary.config.dir to /Users/connor/Projects/work/emissary/target/config 
2023-12-12 00:43:52,665 [using logback-test.xml]  INFO emissary.command.BaseCommand - sample.dat HTML_ESCAPE.HTMLESCAPE.TRANSFORM.http://localhost:8001/HtmlEscapePlace - Setting emissary.bin.dir to /Users/connor/Projects/work/emissary/target/bin 
2023-12-12 00:43:52,665 [using logback-test.xml]  INFO emissary.command.BaseCommand - sample.dat HTML_ESCAPE.HTMLESCAPE.TRANSFORM.http://localhost:8001/HtmlEscapePlace - Setting emissary.output.root to /Users/connor/Projects/work/emissary/target/localoutput 
2023-12-12 00:43:52,665 [using logback-test.xml]  INFO emissary.command.BaseCommand - sample.dat HTML_ESCAPE.HTMLESCAPE.TRANSFORM.http://localhost:8001/HtmlEscapePlace - Emissary error dir set to /Users/connor/Projects/work/emissary/target/localerror 
2023-12-12 00:43:52,665 [using logback-test.xml]  INFO emissary.command.BaseCommand - sample.dat HTML_ESCAPE.HTMLESCAPE.TRANSFORM.http://localhost:8001/HtmlEscapePlace - Setting emissary.node.name to localhost 
2023-12-12 00:43:52,665 [using logback-test.xml]  INFO emissary.command.BaseCommand - sample.dat HTML_ESCAPE.HTMLESCAPE.TRANSFORM.http://localhost:8001/HtmlEscapePlace - Setting emissary.node.port to 8001 
2023-12-12 00:43:52,665 [using logback-test.xml]  INFO emissary.command.BaseCommand - sample.dat HTML_ESCAPE.HTMLESCAPE.TRANSFORM.http://localhost:8001/HtmlEscapePlace - Setting emissary.node.scheme to http 
2023-12-12 00:43:52,665 [using logback-test.xml]  WARN emissary.command.BaseCommand - sample.dat HTML_ESCAPE.HTMLESCAPE.TRANSFORM.http://localhost:8001/HtmlEscapePlace - Not using /Users/connor/Projects/work/emissary/target/config/logback.xml, staying with test config file:/Users/connor/Projects/work/emissary/target/test-classes/logback-test.xml
2023-12-12 00:43:52,666 [using logback-test.xml]  INFO emissary.command.BaseCommand - sample.dat HTML_ESCAPE.HTMLESCAPE.TRANSFORM.http://localhost:8001/HtmlEscapePlace - Overriding current emissary.config.flavor null to CLUSTER 
2023-12-12 00:43:52,666 [using logback-test.xml]  INFO emissary.command.BaseCommand - sample.dat HTML_ESCAPE.HTMLESCAPE.TRANSFORM.http://localhost:8001/HtmlEscapePlace - PROJECT_BASE is set to /Users/connor/Projects/work/emissary/target 
2023-12-12 00:43:52,666 [using logback-test.xml]  INFO emissary.command.BaseCommand - sample.dat HTML_ESCAPE.HTMLESCAPE.TRANSFORM.http://localhost:8001/HtmlEscapePlace - Setting emissary.config.dir to /Users/connor/Projects/work/emissary/target/config 
2023-12-12 00:43:52,666 [using logback-test.xml]  INFO emissary.command.BaseCommand - sample.dat HTML_ESCAPE.HTMLESCAPE.TRANSFORM.http://localhost:8001/HtmlEscapePlace - Setting emissary.bin.dir to /Users/connor/Projects/work/emissary/target/bin 
2023-12-12 00:43:52,666 [using logback-test.xml]  INFO emissary.command.BaseCommand - sample.dat HTML_ESCAPE.HTMLESCAPE.TRANSFORM.http://localhost:8001/HtmlEscapePlace - Setting emissary.output.root to /Users/connor/Projects/work/emissary/target/localoutput 
2023-12-12 00:43:52,666 [using logback-test.xml]  INFO emissary.command.BaseCommand - sample.dat HTML_ESCAPE.HTMLESCAPE.TRANSFORM.http://localhost:8001/HtmlEscapePlace - Emissary error dir set to /Users/connor/Projects/work/emissary/target/localerror 
2023-12-12 00:43:52,666 [using logback-test.xml]  INFO emissary.command.BaseCommand - sample.dat HTML_ESCAPE.HTMLESCAPE.TRANSFORM.http://localhost:8001/HtmlEscapePlace - Setting emissary.config.flavor to CLUSTER 
2023-12-12 00:43:52,666 [using logback-test.xml]  INFO emissary.command.BaseCommand - sample.dat HTML_ESCAPE.HTMLESCAPE.TRANSFORM.http://localhost:8001/HtmlEscapePlace - Setting emissary.node.name to localhost 
2023-12-12 00:43:52,666 [using logback-test.xml]  INFO emissary.command.BaseCommand - sample.dat HTML_ESCAPE.HTMLESCAPE.TRANSFORM.http://localhost:8001/HtmlEscapePlace - Setting emissary.node.port to 8001 
2023-12-12 00:43:52,666 [using logback-test.xml]  INFO emissary.command.BaseCommand - sample.dat HTML_ESCAPE.HTMLESCAPE.TRANSFORM.http://localhost:8001/HtmlEscapePlace - Setting emissary.node.scheme to http 
2023-12-12 00:43:52,666 [using logback-test.xml]  WARN emissary.command.BaseCommand - sample.dat HTML_ESCAPE.HTMLESCAPE.TRANSFORM.http://localhost:8001/HtmlEscapePlace - Not using /Users/connor/Projects/work/emissary/target/config/logback.xml, staying with test config file:/Users/connor/Projects/work/emissary/target/test-classes/logback-test.xml
2023-12-12 00:43:52,667 [using logback-test.xml]  INFO emissary.command.BaseCommand - sample.dat HTML_ESCAPE.HTMLESCAPE.TRANSFORM.http://localhost:8001/HtmlEscapePlace - Overriding current emissary.config.flavor CLUSTER to CLUSTER 
2023-12-12 00:43:52,668 [using logback-test.xml] DEBUG emissary.config.ConfigUtil - sample.dat HTML_ESCAPE.HTMLESCAPE.TRANSFORM.http://localhost:8001/HtmlEscapePlace - Attempting flavor merge on <none>-CLUSTER
2023-12-12 00:43:52,668 [using logback-test.xml] DEBUG emissary.config.ConfigUtil - sample.dat HTML_ESCAPE.HTMLESCAPE.TRANSFORM.http://localhost:8001/HtmlEscapePlace - Loading config for (string) <none>-CLUSTER
2023-12-12 00:43:52,668 [using logback-test.xml] DEBUG emissary.config.ConfigUtil - sample.dat HTML_ESCAPE.HTMLESCAPE.TRANSFORM.http://localhost:8001/HtmlEscapePlace - No file config found using new style <none>-CLUSTER
2023-12-12 00:43:52,668 [using logback-test.xml] DEBUG emissary.config.ConfigUtil - sample.dat HTML_ESCAPE.HTMLESCAPE.TRANSFORM.http://localhost:8001/HtmlEscapePlace - No config data as resource for <none>-CLUSTER
2023-12-12 00:43:52,668 [using logback-test.xml] DEBUG emissary.config.ConfigUtil - sample.dat HTML_ESCAPE.HTMLESCAPE.TRANSFORM.http://localhost:8001/HtmlEscapePlace - No file config found using old style <none>-CLUSTER.cfg
2023-12-12 00:43:52,668 [using logback-test.xml] DEBUG emissary.config.ConfigUtil - sample.dat HTML_ESCAPE.HTMLESCAPE.TRANSFORM.http://localhost:8001/HtmlEscapePlace - Unable to opt import flavor config <none>-CLUSTER
2023-12-12 00:43:52,668 [using logback-test.xml] DEBUG emissary.config.ConfigUtil - sample.dat HTML_ESCAPE.HTMLESCAPE.TRANSFORM.http://localhost:8001/HtmlEscapePlace - Attempting flavor merge on <none>-CLUSTER
2023-12-12 00:43:52,668 [using logback-test.xml] DEBUG emissary.config.ConfigUtil - sample.dat HTML_ESCAPE.HTMLESCAPE.TRANSFORM.http://localhost:8001/HtmlEscapePlace - Loading config for (string) <none>-CLUSTER
2023-12-12 00:43:52,668 [using logback-test.xml] DEBUG emissary.config.ConfigUtil - sample.dat HTML_ESCAPE.HTMLESCAPE.TRANSFORM.http://localhost:8001/HtmlEscapePlace - No file config found using new style <none>-CLUSTER
2023-12-12 00:43:52,668 [using logback-test.xml] DEBUG emissary.config.ConfigUtil - sample.dat HTML_ESCAPE.HTMLESCAPE.TRANSFORM.http://localhost:8001/HtmlEscapePlace - No config data as resource for <none>-CLUSTER
2023-12-12 00:43:52,668 [using logback-test.xml] DEBUG emissary.config.ConfigUtil - sample.dat HTML_ESCAPE.HTMLESCAPE.TRANSFORM.http://localhost:8001/HtmlEscapePlace - No file config found using old style <none>-CLUSTER.cfg
2023-12-12 00:43:52,668 [using logback-test.xml] DEBUG emissary.config.ConfigUtil - sample.dat HTML_ESCAPE.HTMLESCAPE.TRANSFORM.http://localhost:8001/HtmlEscapePlace - Unable to opt import flavor config <none>-CLUSTER
2023-12-12 00:43:52,668 [using logback-test.xml] DEBUG emissary.config.ConfigUtil - sample.dat HTML_ESCAPE.HTMLESCAPE.TRANSFORM.http://localhost:8001/HtmlEscapePlace - Configured configDirProperty /Users/connor/Projects/work/emissary/target/config
]]></system-out>
  </testcase>
  <testcase name="testNoArgCtor" classname="emissary.place.ServiceProviderPlaceTest" time="0.002">
    <system-out><![CDATA[2023-12-12 00:43:52,676 [using logback-test.xml]  INFO emissary.command.BaseCommand - sample.dat HTML_ESCAPE.HTMLESCAPE.TRANSFORM.http://localhost:8001/HtmlEscapePlace - PROJECT_BASE is set to /Users/connor/Projects/work/emissary/target 
2023-12-12 00:43:52,676 [using logback-test.xml]  INFO emissary.command.BaseCommand - sample.dat HTML_ESCAPE.HTMLESCAPE.TRANSFORM.http://localhost:8001/HtmlEscapePlace - Setting emissary.config.dir to /Users/connor/Projects/work/emissary/target/config 
2023-12-12 00:43:52,676 [using logback-test.xml]  INFO emissary.command.BaseCommand - sample.dat HTML_ESCAPE.HTMLESCAPE.TRANSFORM.http://localhost:8001/HtmlEscapePlace - Setting emissary.bin.dir to /Users/connor/Projects/work/emissary/target/bin 
2023-12-12 00:43:52,676 [using logback-test.xml]  INFO emissary.command.BaseCommand - sample.dat HTML_ESCAPE.HTMLESCAPE.TRANSFORM.http://localhost:8001/HtmlEscapePlace - Setting emissary.output.root to /Users/connor/Projects/work/emissary/target/localoutput 
2023-12-12 00:43:52,676 [using logback-test.xml]  INFO emissary.command.BaseCommand - sample.dat HTML_ESCAPE.HTMLESCAPE.TRANSFORM.http://localhost:8001/HtmlEscapePlace - Emissary error dir set to /Users/connor/Projects/work/emissary/target/localerror 
2023-12-12 00:43:52,676 [using logback-test.xml]  INFO emissary.command.BaseCommand - sample.dat HTML_ESCAPE.HTMLESCAPE.TRANSFORM.http://localhost:8001/HtmlEscapePlace - Setting emissary.node.name to localhost 
2023-12-12 00:43:52,676 [using logback-test.xml]  INFO emissary.command.BaseCommand - sample.dat HTML_ESCAPE.HTMLESCAPE.TRANSFORM.http://localhost:8001/HtmlEscapePlace - Setting emissary.node.port to 8001 
2023-12-12 00:43:52,676 [using logback-test.xml]  INFO emissary.command.BaseCommand - sample.dat HTML_ESCAPE.HTMLESCAPE.TRANSFORM.http://localhost:8001/HtmlEscapePlace - Setting emissary.node.scheme to http 
2023-12-12 00:43:52,676 [using logback-test.xml]  WARN emissary.command.BaseCommand - sample.dat HTML_ESCAPE.HTMLESCAPE.TRANSFORM.http://localhost:8001/HtmlEscapePlace - Not using /Users/connor/Projects/work/emissary/target/config/logback.xml, staying with test config file:/Users/connor/Projects/work/emissary/target/test-classes/logback-test.xml
2023-12-12 00:43:52,677 [using logback-test.xml]  INFO emissary.command.BaseCommand - sample.dat HTML_ESCAPE.HTMLESCAPE.TRANSFORM.http://localhost:8001/HtmlEscapePlace - Overriding current emissary.config.flavor null to CLUSTER 
2023-12-12 00:43:52,677 [using logback-test.xml]  INFO emissary.command.BaseCommand - sample.dat HTML_ESCAPE.HTMLESCAPE.TRANSFORM.http://localhost:8001/HtmlEscapePlace - PROJECT_BASE is set to /Users/connor/Projects/work/emissary/target 
2023-12-12 00:43:52,677 [using logback-test.xml]  INFO emissary.command.BaseCommand - sample.dat HTML_ESCAPE.HTMLESCAPE.TRANSFORM.http://localhost:8001/HtmlEscapePlace - Setting emissary.config.dir to /Users/connor/Projects/work/emissary/target/config 
2023-12-12 00:43:52,677 [using logback-test.xml]  INFO emissary.command.BaseCommand - sample.dat HTML_ESCAPE.HTMLESCAPE.TRANSFORM.http://localhost:8001/HtmlEscapePlace - Setting emissary.bin.dir to /Users/connor/Projects/work/emissary/target/bin 
2023-12-12 00:43:52,677 [using logback-test.xml]  INFO emissary.command.BaseCommand - sample.dat HTML_ESCAPE.HTMLESCAPE.TRANSFORM.http://localhost:8001/HtmlEscapePlace - Setting emissary.output.root to /Users/connor/Projects/work/emissary/target/localoutput 
2023-12-12 00:43:52,677 [using logback-test.xml]  INFO emissary.command.BaseCommand - sample.dat HTML_ESCAPE.HTMLESCAPE.TRANSFORM.http://localhost:8001/HtmlEscapePlace - Emissary error dir set to /Users/connor/Projects/work/emissary/target/localerror 
2023-12-12 00:43:52,677 [using logback-test.xml]  INFO emissary.command.BaseCommand - sample.dat HTML_ESCAPE.HTMLESCAPE.TRANSFORM.http://localhost:8001/HtmlEscapePlace - Setting emissary.config.flavor to CLUSTER 
2023-12-12 00:43:52,677 [using logback-test.xml]  INFO emissary.command.BaseCommand - sample.dat HTML_ESCAPE.HTMLESCAPE.TRANSFORM.http://localhost:8001/HtmlEscapePlace - Setting emissary.node.name to localhost 
2023-12-12 00:43:52,677 [using logback-test.xml]  INFO emissary.command.BaseCommand - sample.dat HTML_ESCAPE.HTMLESCAPE.TRANSFORM.http://localhost:8001/HtmlEscapePlace - Setting emissary.node.port to 8001 
2023-12-12 00:43:52,677 [using logback-test.xml]  INFO emissary.command.BaseCommand - sample.dat HTML_ESCAPE.HTMLESCAPE.TRANSFORM.http://localhost:8001/HtmlEscapePlace - Setting emissary.node.scheme to http 
2023-12-12 00:43:52,677 [using logback-test.xml]  WARN emissary.command.BaseCommand - sample.dat HTML_ESCAPE.HTMLESCAPE.TRANSFORM.http://localhost:8001/HtmlEscapePlace - Not using /Users/connor/Projects/work/emissary/target/config/logback.xml, staying with test config file:/Users/connor/Projects/work/emissary/target/test-classes/logback-test.xml
2023-12-12 00:43:52,678 [using logback-test.xml]  INFO emissary.command.BaseCommand - sample.dat HTML_ESCAPE.HTMLESCAPE.TRANSFORM.http://localhost:8001/HtmlEscapePlace - Overriding current emissary.config.flavor CLUSTER to CLUSTER 
2023-12-12 00:43:52,679 [using logback-test.xml] DEBUG emissary.config.ConfigUtil - sample.dat HTML_ESCAPE.HTMLESCAPE.TRANSFORM.http://localhost:8001/HtmlEscapePlace - Attempting flavor merge on <none>-CLUSTER
2023-12-12 00:43:52,679 [using logback-test.xml] DEBUG emissary.config.ConfigUtil - sample.dat HTML_ESCAPE.HTMLESCAPE.TRANSFORM.http://localhost:8001/HtmlEscapePlace - Loading config for (string) <none>-CLUSTER
2023-12-12 00:43:52,679 [using logback-test.xml] DEBUG emissary.config.ConfigUtil - sample.dat HTML_ESCAPE.HTMLESCAPE.TRANSFORM.http://localhost:8001/HtmlEscapePlace - No file config found using new style <none>-CLUSTER
2023-12-12 00:43:52,679 [using logback-test.xml] DEBUG emissary.config.ConfigUtil - sample.dat HTML_ESCAPE.HTMLESCAPE.TRANSFORM.http://localhost:8001/HtmlEscapePlace - No config data as resource for <none>-CLUSTER
2023-12-12 00:43:52,679 [using logback-test.xml] DEBUG emissary.config.ConfigUtil - sample.dat HTML_ESCAPE.HTMLESCAPE.TRANSFORM.http://localhost:8001/HtmlEscapePlace - No file config found using old style <none>-CLUSTER.cfg
2023-12-12 00:43:52,679 [using logback-test.xml] DEBUG emissary.config.ConfigUtil - sample.dat HTML_ESCAPE.HTMLESCAPE.TRANSFORM.http://localhost:8001/HtmlEscapePlace - Unable to opt import flavor config <none>-CLUSTER
2023-12-12 00:43:52,679 [using logback-test.xml] DEBUG emissary.config.ConfigUtil - sample.dat HTML_ESCAPE.HTMLESCAPE.TRANSFORM.http://localhost:8001/HtmlEscapePlace - Configured configDirProperty /Users/connor/Projects/work/emissary/target/config
2023-12-12 00:43:52,679 [using logback-test.xml] DEBUG emissary.config.ConfigUtil - sample.dat HTML_ESCAPE.HTMLESCAPE.TRANSFORM.http://localhost:8001/HtmlEscapePlace - Loading config for (string) emissary.place.PlaceTest.cfg
2023-12-12 00:43:52,679 [using logback-test.xml] DEBUG emissary.config.ConfigUtil - sample.dat HTML_ESCAPE.HTMLESCAPE.TRANSFORM.http://localhost:8001/HtmlEscapePlace - No file config found using new style emissary.place.PlaceTest.cfg
2023-12-12 00:43:52,679 [using logback-test.xml] DEBUG emissary.config.ConfigUtil - sample.dat HTML_ESCAPE.HTMLESCAPE.TRANSFORM.http://localhost:8001/HtmlEscapePlace - Found config data as resource file:/Users/connor/Projects/work/emissary/target/test-classes/emissary/place/emissary/place/PlaceTest.cfg
2023-12-12 00:43:52,679 [using logback-test.xml] DEBUG emissary.config.ConfigUtil - sample.dat HTML_ESCAPE.HTMLESCAPE.TRANSFORM.http://localhost:8001/HtmlEscapePlace - Attempting flavor merge on emissary.place.PlaceTest-CLUSTER.cfg
2023-12-12 00:43:52,679 [using logback-test.xml] DEBUG emissary.config.ConfigUtil - sample.dat HTML_ESCAPE.HTMLESCAPE.TRANSFORM.http://localhost:8001/HtmlEscapePlace - Loading config for (string) emissary.place.PlaceTest-CLUSTER.cfg
2023-12-12 00:43:52,679 [using logback-test.xml] DEBUG emissary.config.ConfigUtil - sample.dat HTML_ESCAPE.HTMLESCAPE.TRANSFORM.http://localhost:8001/HtmlEscapePlace - No file config found using new style emissary.place.PlaceTest-CLUSTER.cfg
2023-12-12 00:43:52,679 [using logback-test.xml] DEBUG emissary.config.ConfigUtil - sample.dat HTML_ESCAPE.HTMLESCAPE.TRANSFORM.http://localhost:8001/HtmlEscapePlace - No config data as resource for emissary/place/emissary/place/PlaceTest-CLUSTER.cfg
2023-12-12 00:43:52,680 [using logback-test.xml] DEBUG emissary.config.ConfigUtil - sample.dat HTML_ESCAPE.HTMLESCAPE.TRANSFORM.http://localhost:8001/HtmlEscapePlace - No config data as resource for emissary/place/PlaceTest-CLUSTER.cfg
2023-12-12 00:43:52,680 [using logback-test.xml] DEBUG emissary.config.ConfigUtil - sample.dat HTML_ESCAPE.HTMLESCAPE.TRANSFORM.http://localhost:8001/HtmlEscapePlace - No file config found using old style PlaceTest-CLUSTER.cfg
2023-12-12 00:43:52,680 [using logback-test.xml] DEBUG emissary.config.ConfigUtil - sample.dat HTML_ESCAPE.HTMLESCAPE.TRANSFORM.http://localhost:8001/HtmlEscapePlace - Unable to opt import flavor config emissary.place.PlaceTest-CLUSTER.cfg
2023-12-12 00:43:52,680 [using logback-test.xml] DEBUG emissary.config.ConfigUtil - sample.dat HTML_ESCAPE.HTMLESCAPE.TRANSFORM.http://localhost:8001/HtmlEscapePlace - Configured configDirProperty /Users/connor/Projects/work/emissary/target/config
2023-12-12 00:43:52,680 [using logback-test.xml] DEBUG emissary.config.ConfigUtil - sample.dat HTML_ESCAPE.HTMLESCAPE.TRANSFORM.http://localhost:8001/HtmlEscapePlace - Configured configDirProperty /Users/connor/Projects/work/emissary/target/config
]]></system-out>
  </testcase>
  <testcase name="testNoKeyInConfig" classname="emissary.place.ServiceProviderPlaceTest" time="0.007">
    <system-out><![CDATA[2023-12-12 00:43:52,682 [using logback-test.xml]  INFO emissary.command.BaseCommand - sample.dat HTML_ESCAPE.HTMLESCAPE.TRANSFORM.http://localhost:8001/HtmlEscapePlace - PROJECT_BASE is set to /Users/connor/Projects/work/emissary/target 
2023-12-12 00:43:52,682 [using logback-test.xml]  INFO emissary.command.BaseCommand - sample.dat HTML_ESCAPE.HTMLESCAPE.TRANSFORM.http://localhost:8001/HtmlEscapePlace - Setting emissary.config.dir to /Users/connor/Projects/work/emissary/target/config 
2023-12-12 00:43:52,682 [using logback-test.xml]  INFO emissary.command.BaseCommand - sample.dat HTML_ESCAPE.HTMLESCAPE.TRANSFORM.http://localhost:8001/HtmlEscapePlace - Setting emissary.bin.dir to /Users/connor/Projects/work/emissary/target/bin 
2023-12-12 00:43:52,682 [using logback-test.xml]  INFO emissary.command.BaseCommand - sample.dat HTML_ESCAPE.HTMLESCAPE.TRANSFORM.http://localhost:8001/HtmlEscapePlace - Setting emissary.output.root to /Users/connor/Projects/work/emissary/target/localoutput 
2023-12-12 00:43:52,682 [using logback-test.xml]  INFO emissary.command.BaseCommand - sample.dat HTML_ESCAPE.HTMLESCAPE.TRANSFORM.http://localhost:8001/HtmlEscapePlace - Emissary error dir set to /Users/connor/Projects/work/emissary/target/localerror 
2023-12-12 00:43:52,682 [using logback-test.xml]  INFO emissary.command.BaseCommand - sample.dat HTML_ESCAPE.HTMLESCAPE.TRANSFORM.http://localhost:8001/HtmlEscapePlace - Setting emissary.node.name to localhost 
2023-12-12 00:43:52,682 [using logback-test.xml]  INFO emissary.command.BaseCommand - sample.dat HTML_ESCAPE.HTMLESCAPE.TRANSFORM.http://localhost:8001/HtmlEscapePlace - Setting emissary.node.port to 8001 
2023-12-12 00:43:52,682 [using logback-test.xml]  INFO emissary.command.BaseCommand - sample.dat HTML_ESCAPE.HTMLESCAPE.TRANSFORM.http://localhost:8001/HtmlEscapePlace - Setting emissary.node.scheme to http 
2023-12-12 00:43:52,682 [using logback-test.xml]  WARN emissary.command.BaseCommand - sample.dat HTML_ESCAPE.HTMLESCAPE.TRANSFORM.http://localhost:8001/HtmlEscapePlace - Not using /Users/connor/Projects/work/emissary/target/config/logback.xml, staying with test config file:/Users/connor/Projects/work/emissary/target/test-classes/logback-test.xml
2023-12-12 00:43:52,684 [using logback-test.xml]  INFO emissary.command.BaseCommand - sample.dat HTML_ESCAPE.HTMLESCAPE.TRANSFORM.http://localhost:8001/HtmlEscapePlace - Overriding current emissary.config.flavor null to CLUSTER 
2023-12-12 00:43:52,684 [using logback-test.xml]  INFO emissary.command.BaseCommand - sample.dat HTML_ESCAPE.HTMLESCAPE.TRANSFORM.http://localhost:8001/HtmlEscapePlace - PROJECT_BASE is set to /Users/connor/Projects/work/emissary/target 
2023-12-12 00:43:52,684 [using logback-test.xml]  INFO emissary.command.BaseCommand - sample.dat HTML_ESCAPE.HTMLESCAPE.TRANSFORM.http://localhost:8001/HtmlEscapePlace - Setting emissary.config.dir to /Users/connor/Projects/work/emissary/target/config 
2023-12-12 00:43:52,684 [using logback-test.xml]  INFO emissary.command.BaseCommand - sample.dat HTML_ESCAPE.HTMLESCAPE.TRANSFORM.http://localhost:8001/HtmlEscapePlace - Setting emissary.bin.dir to /Users/connor/Projects/work/emissary/target/bin 
2023-12-12 00:43:52,684 [using logback-test.xml]  INFO emissary.command.BaseCommand - sample.dat HTML_ESCAPE.HTMLESCAPE.TRANSFORM.http://localhost:8001/HtmlEscapePlace - Setting emissary.output.root to /Users/connor/Projects/work/emissary/target/localoutput 
2023-12-12 00:43:52,684 [using logback-test.xml]  INFO emissary.command.BaseCommand - sample.dat HTML_ESCAPE.HTMLESCAPE.TRANSFORM.http://localhost:8001/HtmlEscapePlace - Emissary error dir set to /Users/connor/Projects/work/emissary/target/localerror 
2023-12-12 00:43:52,684 [using logback-test.xml]  INFO emissary.command.BaseCommand - sample.dat HTML_ESCAPE.HTMLESCAPE.TRANSFORM.http://localhost:8001/HtmlEscapePlace - Setting emissary.config.flavor to CLUSTER 
2023-12-12 00:43:52,684 [using logback-test.xml]  INFO emissary.command.BaseCommand - sample.dat HTML_ESCAPE.HTMLESCAPE.TRANSFORM.http://localhost:8001/HtmlEscapePlace - Setting emissary.node.name to localhost 
2023-12-12 00:43:52,684 [using logback-test.xml]  INFO emissary.command.BaseCommand - sample.dat HTML_ESCAPE.HTMLESCAPE.TRANSFORM.http://localhost:8001/HtmlEscapePlace - Setting emissary.node.port to 8001 
2023-12-12 00:43:52,684 [using logback-test.xml]  INFO emissary.command.BaseCommand - sample.dat HTML_ESCAPE.HTMLESCAPE.TRANSFORM.http://localhost:8001/HtmlEscapePlace - Setting emissary.node.scheme to http 
2023-12-12 00:43:52,684 [using logback-test.xml]  WARN emissary.command.BaseCommand - sample.dat HTML_ESCAPE.HTMLESCAPE.TRANSFORM.http://localhost:8001/HtmlEscapePlace - Not using /Users/connor/Projects/work/emissary/target/config/logback.xml, staying with test config file:/Users/connor/Projects/work/emissary/target/test-classes/logback-test.xml
2023-12-12 00:43:52,684 [using logback-test.xml]  INFO emissary.command.BaseCommand - sample.dat HTML_ESCAPE.HTMLESCAPE.TRANSFORM.http://localhost:8001/HtmlEscapePlace - Overriding current emissary.config.flavor CLUSTER to CLUSTER 
2023-12-12 00:43:52,685 [using logback-test.xml] DEBUG emissary.config.ConfigUtil - sample.dat HTML_ESCAPE.HTMLESCAPE.TRANSFORM.http://localhost:8001/HtmlEscapePlace - Attempting flavor merge on <none>-CLUSTER
2023-12-12 00:43:52,685 [using logback-test.xml] DEBUG emissary.config.ConfigUtil - sample.dat HTML_ESCAPE.HTMLESCAPE.TRANSFORM.http://localhost:8001/HtmlEscapePlace - Loading config for (string) <none>-CLUSTER
2023-12-12 00:43:52,685 [using logback-test.xml] DEBUG emissary.config.ConfigUtil - sample.dat HTML_ESCAPE.HTMLESCAPE.TRANSFORM.http://localhost:8001/HtmlEscapePlace - No file config found using new style <none>-CLUSTER
2023-12-12 00:43:52,685 [using logback-test.xml] DEBUG emissary.config.ConfigUtil - sample.dat HTML_ESCAPE.HTMLESCAPE.TRANSFORM.http://localhost:8001/HtmlEscapePlace - No config data as resource for emissary/place/<none>-CLUSTER
2023-12-12 00:43:52,685 [using logback-test.xml] DEBUG emissary.config.ConfigUtil - sample.dat HTML_ESCAPE.HTMLESCAPE.TRANSFORM.http://localhost:8001/HtmlEscapePlace - No config data as resource for <none>-CLUSTER
2023-12-12 00:43:52,685 [using logback-test.xml] DEBUG emissary.config.ConfigUtil - sample.dat HTML_ESCAPE.HTMLESCAPE.TRANSFORM.http://localhost:8001/HtmlEscapePlace - No file config found using old style <none>-CLUSTER.cfg
2023-12-12 00:43:52,685 [using logback-test.xml] DEBUG emissary.config.ConfigUtil - sample.dat HTML_ESCAPE.HTMLESCAPE.TRANSFORM.http://localhost:8001/HtmlEscapePlace - Unable to opt import flavor config <none>-CLUSTER
2023-12-12 00:43:52,687 [using logback-test.xml] DEBUG emissary.config.ConfigUtil - sample.dat HTML_ESCAPE.HTMLESCAPE.TRANSFORM.http://localhost:8001/HtmlEscapePlace - Attempting flavor merge on <none>-CLUSTER
2023-12-12 00:43:52,687 [using logback-test.xml] DEBUG emissary.config.ConfigUtil - sample.dat HTML_ESCAPE.HTMLESCAPE.TRANSFORM.http://localhost:8001/HtmlEscapePlace - Loading config for (string) <none>-CLUSTER
2023-12-12 00:43:52,687 [using logback-test.xml] DEBUG emissary.config.ConfigUtil - sample.dat HTML_ESCAPE.HTMLESCAPE.TRANSFORM.http://localhost:8001/HtmlEscapePlace - No file config found using new style <none>-CLUSTER
2023-12-12 00:43:52,687 [using logback-test.xml] DEBUG emissary.config.ConfigUtil - sample.dat HTML_ESCAPE.HTMLESCAPE.TRANSFORM.http://localhost:8001/HtmlEscapePlace - No config data as resource for emissary/place/<none>-CLUSTER
2023-12-12 00:43:52,687 [using logback-test.xml] DEBUG emissary.config.ConfigUtil - sample.dat HTML_ESCAPE.HTMLESCAPE.TRANSFORM.http://localhost:8001/HtmlEscapePlace - No config data as resource for <none>-CLUSTER
2023-12-12 00:43:52,687 [using logback-test.xml] DEBUG emissary.config.ConfigUtil - sample.dat HTML_ESCAPE.HTMLESCAPE.TRANSFORM.http://localhost:8001/HtmlEscapePlace - No file config found using old style <none>-CLUSTER.cfg
2023-12-12 00:43:52,687 [using logback-test.xml] DEBUG emissary.config.ConfigUtil - sample.dat HTML_ESCAPE.HTMLESCAPE.TRANSFORM.http://localhost:8001/HtmlEscapePlace - Unable to opt import flavor config <none>-CLUSTER
2023-12-12 00:43:52,687 [using logback-test.xml] DEBUG emissary.config.ConfigUtil - sample.dat HTML_ESCAPE.HTMLESCAPE.TRANSFORM.http://localhost:8001/HtmlEscapePlace - Configured configDirProperty /Users/connor/Projects/work/emissary/target/config
]]></system-out>
  </testcase>
  <testcase name="testKeyRemoval" classname="emissary.place.ServiceProviderPlaceTest" time="0.002">
    <system-out><![CDATA[2023-12-12 00:43:52,701 [using logback-test.xml]  INFO emissary.command.BaseCommand - sample.dat HTML_ESCAPE.HTMLESCAPE.TRANSFORM.http://localhost:8001/HtmlEscapePlace - PROJECT_BASE is set to /Users/connor/Projects/work/emissary/target 
2023-12-12 00:43:52,701 [using logback-test.xml]  INFO emissary.command.BaseCommand - sample.dat HTML_ESCAPE.HTMLESCAPE.TRANSFORM.http://localhost:8001/HtmlEscapePlace - Setting emissary.config.dir to /Users/connor/Projects/work/emissary/target/config 
2023-12-12 00:43:52,701 [using logback-test.xml]  INFO emissary.command.BaseCommand - sample.dat HTML_ESCAPE.HTMLESCAPE.TRANSFORM.http://localhost:8001/HtmlEscapePlace - Setting emissary.bin.dir to /Users/connor/Projects/work/emissary/target/bin 
2023-12-12 00:43:52,701 [using logback-test.xml]  INFO emissary.command.BaseCommand - sample.dat HTML_ESCAPE.HTMLESCAPE.TRANSFORM.http://localhost:8001/HtmlEscapePlace - Setting emissary.output.root to /Users/connor/Projects/work/emissary/target/localoutput 
2023-12-12 00:43:52,701 [using logback-test.xml]  INFO emissary.command.BaseCommand - sample.dat HTML_ESCAPE.HTMLESCAPE.TRANSFORM.http://localhost:8001/HtmlEscapePlace - Emissary error dir set to /Users/connor/Projects/work/emissary/target/localerror 
2023-12-12 00:43:52,701 [using logback-test.xml]  INFO emissary.command.BaseCommand - sample.dat HTML_ESCAPE.HTMLESCAPE.TRANSFORM.http://localhost:8001/HtmlEscapePlace - Setting emissary.node.name to localhost 
2023-12-12 00:43:52,701 [using logback-test.xml]  INFO emissary.command.BaseCommand - sample.dat HTML_ESCAPE.HTMLESCAPE.TRANSFORM.http://localhost:8001/HtmlEscapePlace - Setting emissary.node.port to 8001 
2023-12-12 00:43:52,701 [using logback-test.xml]  INFO emissary.command.BaseCommand - sample.dat HTML_ESCAPE.HTMLESCAPE.TRANSFORM.http://localhost:8001/HtmlEscapePlace - Setting emissary.node.scheme to http 
2023-12-12 00:43:52,701 [using logback-test.xml]  WARN emissary.command.BaseCommand - sample.dat HTML_ESCAPE.HTMLESCAPE.TRANSFORM.http://localhost:8001/HtmlEscapePlace - Not using /Users/connor/Projects/work/emissary/target/config/logback.xml, staying with test config file:/Users/connor/Projects/work/emissary/target/test-classes/logback-test.xml
2023-12-12 00:43:52,710 [using logback-test.xml]  INFO emissary.command.BaseCommand - sample.dat HTML_ESCAPE.HTMLESCAPE.TRANSFORM.http://localhost:8001/HtmlEscapePlace - Overriding current emissary.config.flavor null to CLUSTER 
2023-12-12 00:43:52,710 [using logback-test.xml]  INFO emissary.command.BaseCommand - sample.dat HTML_ESCAPE.HTMLESCAPE.TRANSFORM.http://localhost:8001/HtmlEscapePlace - PROJECT_BASE is set to /Users/connor/Projects/work/emissary/target 
2023-12-12 00:43:52,710 [using logback-test.xml]  INFO emissary.command.BaseCommand - sample.dat HTML_ESCAPE.HTMLESCAPE.TRANSFORM.http://localhost:8001/HtmlEscapePlace - Setting emissary.config.dir to /Users/connor/Projects/work/emissary/target/config 
2023-12-12 00:43:52,710 [using logback-test.xml]  INFO emissary.command.BaseCommand - sample.dat HTML_ESCAPE.HTMLESCAPE.TRANSFORM.http://localhost:8001/HtmlEscapePlace - Setting emissary.bin.dir to /Users/connor/Projects/work/emissary/target/bin 
2023-12-12 00:43:52,710 [using logback-test.xml]  INFO emissary.command.BaseCommand - sample.dat HTML_ESCAPE.HTMLESCAPE.TRANSFORM.http://localhost:8001/HtmlEscapePlace - Setting emissary.output.root to /Users/connor/Projects/work/emissary/target/localoutput 
2023-12-12 00:43:52,710 [using logback-test.xml]  INFO emissary.command.BaseCommand - sample.dat HTML_ESCAPE.HTMLESCAPE.TRANSFORM.http://localhost:8001/HtmlEscapePlace - Emissary error dir set to /Users/connor/Projects/work/emissary/target/localerror 
2023-12-12 00:43:52,710 [using logback-test.xml]  INFO emissary.command.BaseCommand - sample.dat HTML_ESCAPE.HTMLESCAPE.TRANSFORM.http://localhost:8001/HtmlEscapePlace - Setting emissary.config.flavor to CLUSTER 
2023-12-12 00:43:52,710 [using logback-test.xml]  INFO emissary.command.BaseCommand - sample.dat HTML_ESCAPE.HTMLESCAPE.TRANSFORM.http://localhost:8001/HtmlEscapePlace - Setting emissary.node.name to localhost 
2023-12-12 00:43:52,710 [using logback-test.xml]  INFO emissary.command.BaseCommand - sample.dat HTML_ESCAPE.HTMLESCAPE.TRANSFORM.http://localhost:8001/HtmlEscapePlace - Setting emissary.node.port to 8001 
2023-12-12 00:43:52,710 [using logback-test.xml]  INFO emissary.command.BaseCommand - sample.dat HTML_ESCAPE.HTMLESCAPE.TRANSFORM.http://localhost:8001/HtmlEscapePlace - Setting emissary.node.scheme to http 
2023-12-12 00:43:52,710 [using logback-test.xml]  WARN emissary.command.BaseCommand - sample.dat HTML_ESCAPE.HTMLESCAPE.TRANSFORM.http://localhost:8001/HtmlEscapePlace - Not using /Users/connor/Projects/work/emissary/target/config/logback.xml, staying with test config file:/Users/connor/Projects/work/emissary/target/test-classes/logback-test.xml
2023-12-12 00:43:52,711 [using logback-test.xml]  INFO emissary.command.BaseCommand - sample.dat HTML_ESCAPE.HTMLESCAPE.TRANSFORM.http://localhost:8001/HtmlEscapePlace - Overriding current emissary.config.flavor CLUSTER to CLUSTER 
2023-12-12 00:43:52,712 [using logback-test.xml] DEBUG emissary.config.ConfigUtil - sample.dat HTML_ESCAPE.HTMLESCAPE.TRANSFORM.http://localhost:8001/HtmlEscapePlace - Attempting flavor merge on <none>-CLUSTER
2023-12-12 00:43:52,712 [using logback-test.xml] DEBUG emissary.config.ConfigUtil - sample.dat HTML_ESCAPE.HTMLESCAPE.TRANSFORM.http://localhost:8001/HtmlEscapePlace - Loading config for (string) <none>-CLUSTER
2023-12-12 00:43:52,712 [using logback-test.xml] DEBUG emissary.config.ConfigUtil - sample.dat HTML_ESCAPE.HTMLESCAPE.TRANSFORM.http://localhost:8001/HtmlEscapePlace - No file config found using new style <none>-CLUSTER
2023-12-12 00:43:52,712 [using logback-test.xml] DEBUG emissary.config.ConfigUtil - sample.dat HTML_ESCAPE.HTMLESCAPE.TRANSFORM.http://localhost:8001/HtmlEscapePlace - No config data as resource for emissary/place/<none>-CLUSTER
2023-12-12 00:43:52,712 [using logback-test.xml] DEBUG emissary.config.ConfigUtil - sample.dat HTML_ESCAPE.HTMLESCAPE.TRANSFORM.http://localhost:8001/HtmlEscapePlace - No config data as resource for <none>-CLUSTER
2023-12-12 00:43:52,712 [using logback-test.xml] DEBUG emissary.config.ConfigUtil - sample.dat HTML_ESCAPE.HTMLESCAPE.TRANSFORM.http://localhost:8001/HtmlEscapePlace - No file config found using old style <none>-CLUSTER.cfg
2023-12-12 00:43:52,712 [using logback-test.xml] DEBUG emissary.config.ConfigUtil - sample.dat HTML_ESCAPE.HTMLESCAPE.TRANSFORM.http://localhost:8001/HtmlEscapePlace - Unable to opt import flavor config <none>-CLUSTER
2023-12-12 00:43:52,712 [using logback-test.xml] DEBUG emissary.config.ConfigUtil - sample.dat HTML_ESCAPE.HTMLESCAPE.TRANSFORM.http://localhost:8001/HtmlEscapePlace - Attempting flavor merge on <none>-CLUSTER
2023-12-12 00:43:52,712 [using logback-test.xml] DEBUG emissary.config.ConfigUtil - sample.dat HTML_ESCAPE.HTMLESCAPE.TRANSFORM.http://localhost:8001/HtmlEscapePlace - Loading config for (string) <none>-CLUSTER
2023-12-12 00:43:52,712 [using logback-test.xml] DEBUG emissary.config.ConfigUtil - sample.dat HTML_ESCAPE.HTMLESCAPE.TRANSFORM.http://localhost:8001/HtmlEscapePlace - No file config found using new style <none>-CLUSTER
2023-12-12 00:43:52,712 [using logback-test.xml] DEBUG emissary.config.ConfigUtil - sample.dat HTML_ESCAPE.HTMLESCAPE.TRANSFORM.http://localhost:8001/HtmlEscapePlace - No config data as resource for emissary/place/<none>-CLUSTER
2023-12-12 00:43:52,712 [using logback-test.xml] DEBUG emissary.config.ConfigUtil - sample.dat HTML_ESCAPE.HTMLESCAPE.TRANSFORM.http://localhost:8001/HtmlEscapePlace - No config data as resource for <none>-CLUSTER
2023-12-12 00:43:52,712 [using logback-test.xml] DEBUG emissary.config.ConfigUtil - sample.dat HTML_ESCAPE.HTMLESCAPE.TRANSFORM.http://localhost:8001/HtmlEscapePlace - No file config found using old style <none>-CLUSTER.cfg
2023-12-12 00:43:52,712 [using logback-test.xml] DEBUG emissary.config.ConfigUtil - sample.dat HTML_ESCAPE.HTMLESCAPE.TRANSFORM.http://localhost:8001/HtmlEscapePlace - Unable to opt import flavor config <none>-CLUSTER
2023-12-12 00:43:52,712 [using logback-test.xml] DEBUG emissary.config.ConfigUtil - sample.dat HTML_ESCAPE.HTMLESCAPE.TRANSFORM.http://localhost:8001/HtmlEscapePlace - Configured configDirProperty /Users/connor/Projects/work/emissary/target/config
]]></system-out>
  </testcase>
  <testcase name="testLocOnlyConstructorWithFileConfigDataAndNoPackage" classname="emissary.place.ServiceProviderPlaceTest" time="0.01">
    <system-out><![CDATA[2023-12-12 00:43:52,717 [using logback-test.xml]  INFO emissary.command.BaseCommand - sample.dat HTML_ESCAPE.HTMLESCAPE.TRANSFORM.http://localhost:8001/HtmlEscapePlace - PROJECT_BASE is set to /Users/connor/Projects/work/emissary/target 
2023-12-12 00:43:52,718 [using logback-test.xml]  INFO emissary.command.BaseCommand - sample.dat HTML_ESCAPE.HTMLESCAPE.TRANSFORM.http://localhost:8001/HtmlEscapePlace - Setting emissary.config.dir to /Users/connor/Projects/work/emissary/target/config 
2023-12-12 00:43:52,718 [using logback-test.xml]  INFO emissary.command.BaseCommand - sample.dat HTML_ESCAPE.HTMLESCAPE.TRANSFORM.http://localhost:8001/HtmlEscapePlace - Setting emissary.bin.dir to /Users/connor/Projects/work/emissary/target/bin 
2023-12-12 00:43:52,718 [using logback-test.xml]  INFO emissary.command.BaseCommand - sample.dat HTML_ESCAPE.HTMLESCAPE.TRANSFORM.http://localhost:8001/HtmlEscapePlace - Setting emissary.output.root to /Users/connor/Projects/work/emissary/target/localoutput 
2023-12-12 00:43:52,718 [using logback-test.xml]  INFO emissary.command.BaseCommand - sample.dat HTML_ESCAPE.HTMLESCAPE.TRANSFORM.http://localhost:8001/HtmlEscapePlace - Emissary error dir set to /Users/connor/Projects/work/emissary/target/localerror 
2023-12-12 00:43:52,718 [using logback-test.xml]  INFO emissary.command.BaseCommand - sample.dat HTML_ESCAPE.HTMLESCAPE.TRANSFORM.http://localhost:8001/HtmlEscapePlace - Setting emissary.node.name to localhost 
2023-12-12 00:43:52,718 [using logback-test.xml]  INFO emissary.command.BaseCommand - sample.dat HTML_ESCAPE.HTMLESCAPE.TRANSFORM.http://localhost:8001/HtmlEscapePlace - Setting emissary.node.port to 8001 
2023-12-12 00:43:52,718 [using logback-test.xml]  INFO emissary.command.BaseCommand - sample.dat HTML_ESCAPE.HTMLESCAPE.TRANSFORM.http://localhost:8001/HtmlEscapePlace - Setting emissary.node.scheme to http 
2023-12-12 00:43:52,718 [using logback-test.xml]  WARN emissary.command.BaseCommand - sample.dat HTML_ESCAPE.HTMLESCAPE.TRANSFORM.http://localhost:8001/HtmlEscapePlace - Not using /Users/connor/Projects/work/emissary/target/config/logback.xml, staying with test config file:/Users/connor/Projects/work/emissary/target/test-classes/logback-test.xml
2023-12-12 00:43:52,719 [using logback-test.xml]  INFO emissary.command.BaseCommand - sample.dat HTML_ESCAPE.HTMLESCAPE.TRANSFORM.http://localhost:8001/HtmlEscapePlace - Overriding current emissary.config.flavor null to CLUSTER 
2023-12-12 00:43:52,719 [using logback-test.xml]  INFO emissary.command.BaseCommand - sample.dat HTML_ESCAPE.HTMLESCAPE.TRANSFORM.http://localhost:8001/HtmlEscapePlace - PROJECT_BASE is set to /Users/connor/Projects/work/emissary/target 
2023-12-12 00:43:52,719 [using logback-test.xml]  INFO emissary.command.BaseCommand - sample.dat HTML_ESCAPE.HTMLESCAPE.TRANSFORM.http://localhost:8001/HtmlEscapePlace - Setting emissary.config.dir to /Users/connor/Projects/work/emissary/target/config 
2023-12-12 00:43:52,719 [using logback-test.xml]  INFO emissary.command.BaseCommand - sample.dat HTML_ESCAPE.HTMLESCAPE.TRANSFORM.http://localhost:8001/HtmlEscapePlace - Setting emissary.bin.dir to /Users/connor/Projects/work/emissary/target/bin 
2023-12-12 00:43:52,719 [using logback-test.xml]  INFO emissary.command.BaseCommand - sample.dat HTML_ESCAPE.HTMLESCAPE.TRANSFORM.http://localhost:8001/HtmlEscapePlace - Setting emissary.output.root to /Users/connor/Projects/work/emissary/target/localoutput 
2023-12-12 00:43:52,719 [using logback-test.xml]  INFO emissary.command.BaseCommand - sample.dat HTML_ESCAPE.HTMLESCAPE.TRANSFORM.http://localhost:8001/HtmlEscapePlace - Emissary error dir set to /Users/connor/Projects/work/emissary/target/localerror 
2023-12-12 00:43:52,719 [using logback-test.xml]  INFO emissary.command.BaseCommand - sample.dat HTML_ESCAPE.HTMLESCAPE.TRANSFORM.http://localhost:8001/HtmlEscapePlace - Setting emissary.config.flavor to CLUSTER 
2023-12-12 00:43:52,719 [using logback-test.xml]  INFO emissary.command.BaseCommand - sample.dat HTML_ESCAPE.HTMLESCAPE.TRANSFORM.http://localhost:8001/HtmlEscapePlace - Setting emissary.node.name to localhost 
2023-12-12 00:43:52,719 [using logback-test.xml]  INFO emissary.command.BaseCommand - sample.dat HTML_ESCAPE.HTMLESCAPE.TRANSFORM.http://localhost:8001/HtmlEscapePlace - Setting emissary.node.port to 8001 
2023-12-12 00:43:52,719 [using logback-test.xml]  INFO emissary.command.BaseCommand - sample.dat HTML_ESCAPE.HTMLESCAPE.TRANSFORM.http://localhost:8001/HtmlEscapePlace - Setting emissary.node.scheme to http 
2023-12-12 00:43:52,719 [using logback-test.xml]  WARN emissary.command.BaseCommand - sample.dat HTML_ESCAPE.HTMLESCAPE.TRANSFORM.http://localhost:8001/HtmlEscapePlace - Not using /Users/connor/Projects/work/emissary/target/config/logback.xml, staying with test config file:/Users/connor/Projects/work/emissary/target/test-classes/logback-test.xml
2023-12-12 00:43:52,720 [using logback-test.xml]  INFO emissary.command.BaseCommand - sample.dat HTML_ESCAPE.HTMLESCAPE.TRANSFORM.http://localhost:8001/HtmlEscapePlace - Overriding current emissary.config.flavor CLUSTER to CLUSTER 
2023-12-12 00:43:52,720 [using logback-test.xml] DEBUG emissary.config.ConfigUtil - sample.dat HTML_ESCAPE.HTMLESCAPE.TRANSFORM.http://localhost:8001/HtmlEscapePlace - Attempting flavor merge on <none>-CLUSTER
2023-12-12 00:43:52,720 [using logback-test.xml] DEBUG emissary.config.ConfigUtil - sample.dat HTML_ESCAPE.HTMLESCAPE.TRANSFORM.http://localhost:8001/HtmlEscapePlace - Loading config for (string) <none>-CLUSTER
2023-12-12 00:43:52,720 [using logback-test.xml] DEBUG emissary.config.ConfigUtil - sample.dat HTML_ESCAPE.HTMLESCAPE.TRANSFORM.http://localhost:8001/HtmlEscapePlace - No file config found using new style <none>-CLUSTER
2023-12-12 00:43:52,720 [using logback-test.xml] DEBUG emissary.config.ConfigUtil - sample.dat HTML_ESCAPE.HTMLESCAPE.TRANSFORM.http://localhost:8001/HtmlEscapePlace - No config data as resource for emissary/place/<none>-CLUSTER
2023-12-12 00:43:52,721 [using logback-test.xml] DEBUG emissary.config.ConfigUtil - sample.dat HTML_ESCAPE.HTMLESCAPE.TRANSFORM.http://localhost:8001/HtmlEscapePlace - No config data as resource for <none>-CLUSTER
2023-12-12 00:43:52,721 [using logback-test.xml] DEBUG emissary.config.ConfigUtil - sample.dat HTML_ESCAPE.HTMLESCAPE.TRANSFORM.http://localhost:8001/HtmlEscapePlace - No file config found using old style <none>-CLUSTER.cfg
2023-12-12 00:43:52,721 [using logback-test.xml] DEBUG emissary.config.ConfigUtil - sample.dat HTML_ESCAPE.HTMLESCAPE.TRANSFORM.http://localhost:8001/HtmlEscapePlace - Unable to opt import flavor config <none>-CLUSTER
2023-12-12 00:43:52,721 [using logback-test.xml] DEBUG emissary.config.ConfigUtil - sample.dat HTML_ESCAPE.HTMLESCAPE.TRANSFORM.http://localhost:8001/HtmlEscapePlace - Loading config for (string) emissary.place.MyFileConfigedTestPlace.cfg
2023-12-12 00:43:52,721 [using logback-test.xml] DEBUG emissary.config.ConfigUtil - sample.dat HTML_ESCAPE.HTMLESCAPE.TRANSFORM.http://localhost:8001/HtmlEscapePlace - No file config found using new style emissary.place.MyFileConfigedTestPlace.cfg
2023-12-12 00:43:52,721 [using logback-test.xml] DEBUG emissary.config.ConfigUtil - sample.dat HTML_ESCAPE.HTMLESCAPE.TRANSFORM.http://localhost:8001/HtmlEscapePlace - No config data as resource for emissary/place/emissary/place/MyFileConfigedTestPlace.cfg
2023-12-12 00:43:52,721 [using logback-test.xml] DEBUG emissary.config.ConfigUtil - sample.dat HTML_ESCAPE.HTMLESCAPE.TRANSFORM.http://localhost:8001/HtmlEscapePlace - No config data as resource for emissary/place/MyFileConfigedTestPlace.cfg
2023-12-12 00:43:52,721 [using logback-test.xml] DEBUG emissary.config.ConfigUtil - sample.dat HTML_ESCAPE.HTMLESCAPE.TRANSFORM.http://localhost:8001/HtmlEscapePlace - Found config data as file old style /Users/connor/Projects/work/emissary/target/config/MyFileConfigedTestPlace.cfg
2023-12-12 00:43:52,721 [using logback-test.xml] DEBUG emissary.config.ConfigUtil - sample.dat HTML_ESCAPE.HTMLESCAPE.TRANSFORM.http://localhost:8001/HtmlEscapePlace - Attempting flavor merge on emissary.place.MyFileConfigedTestPlace-CLUSTER.cfg
2023-12-12 00:43:52,721 [using logback-test.xml] DEBUG emissary.config.ConfigUtil - sample.dat HTML_ESCAPE.HTMLESCAPE.TRANSFORM.http://localhost:8001/HtmlEscapePlace - Loading config for (string) emissary.place.MyFileConfigedTestPlace-CLUSTER.cfg
2023-12-12 00:43:52,721 [using logback-test.xml] DEBUG emissary.config.ConfigUtil - sample.dat HTML_ESCAPE.HTMLESCAPE.TRANSFORM.http://localhost:8001/HtmlEscapePlace - No file config found using new style emissary.place.MyFileConfigedTestPlace-CLUSTER.cfg
2023-12-12 00:43:52,723 [using logback-test.xml] DEBUG emissary.config.ConfigUtil - sample.dat HTML_ESCAPE.HTMLESCAPE.TRANSFORM.http://localhost:8001/HtmlEscapePlace - No config data as resource for emissary/place/emissary/place/MyFileConfigedTestPlace-CLUSTER.cfg
2023-12-12 00:43:52,723 [using logback-test.xml] DEBUG emissary.config.ConfigUtil - sample.dat HTML_ESCAPE.HTMLESCAPE.TRANSFORM.http://localhost:8001/HtmlEscapePlace - No config data as resource for emissary/place/MyFileConfigedTestPlace-CLUSTER.cfg
2023-12-12 00:43:52,723 [using logback-test.xml] DEBUG emissary.config.ConfigUtil - sample.dat HTML_ESCAPE.HTMLESCAPE.TRANSFORM.http://localhost:8001/HtmlEscapePlace - No file config found using old style MyFileConfigedTestPlace-CLUSTER.cfg
2023-12-12 00:43:52,723 [using logback-test.xml] DEBUG emissary.config.ConfigUtil - sample.dat HTML_ESCAPE.HTMLESCAPE.TRANSFORM.http://localhost:8001/HtmlEscapePlace - Unable to opt import flavor config emissary.place.MyFileConfigedTestPlace-CLUSTER.cfg
2023-12-12 00:43:52,728 [using logback-test.xml] DEBUG emissary.config.ConfigUtil - sample.dat HTML_ESCAPE.HTMLESCAPE.TRANSFORM.http://localhost:8001/HtmlEscapePlace - Configured configDirProperty /Users/connor/Projects/work/emissary/target/config
2023-12-12 00:43:52,729 [using logback-test.xml] DEBUG emissary.config.ConfigUtil - sample.dat HTML_ESCAPE.HTMLESCAPE.TRANSFORM.http://localhost:8001/HtmlEscapePlace - Configured configDirProperty /Users/connor/Projects/work/emissary/target/config
]]></system-out>
  </testcase>
  <testcase name="testKeyConfigAddKey" classname="emissary.place.ServiceProviderPlaceTest" time="0.004">
    <system-out><![CDATA[2023-12-12 00:43:52,732 [using logback-test.xml]  INFO emissary.command.BaseCommand - sample.dat HTML_ESCAPE.HTMLESCAPE.TRANSFORM.http://localhost:8001/HtmlEscapePlace - PROJECT_BASE is set to /Users/connor/Projects/work/emissary/target 
2023-12-12 00:43:52,732 [using logback-test.xml]  INFO emissary.command.BaseCommand - sample.dat HTML_ESCAPE.HTMLESCAPE.TRANSFORM.http://localhost:8001/HtmlEscapePlace - Setting emissary.config.dir to /Users/connor/Projects/work/emissary/target/config 
2023-12-12 00:43:52,732 [using logback-test.xml]  INFO emissary.command.BaseCommand - sample.dat HTML_ESCAPE.HTMLESCAPE.TRANSFORM.http://localhost:8001/HtmlEscapePlace - Setting emissary.bin.dir to /Users/connor/Projects/work/emissary/target/bin 
2023-12-12 00:43:52,732 [using logback-test.xml]  INFO emissary.command.BaseCommand - sample.dat HTML_ESCAPE.HTMLESCAPE.TRANSFORM.http://localhost:8001/HtmlEscapePlace - Setting emissary.output.root to /Users/connor/Projects/work/emissary/target/localoutput 
2023-12-12 00:43:52,732 [using logback-test.xml]  INFO emissary.command.BaseCommand - sample.dat HTML_ESCAPE.HTMLESCAPE.TRANSFORM.http://localhost:8001/HtmlEscapePlace - Emissary error dir set to /Users/connor/Projects/work/emissary/target/localerror 
2023-12-12 00:43:52,732 [using logback-test.xml]  INFO emissary.command.BaseCommand - sample.dat HTML_ESCAPE.HTMLESCAPE.TRANSFORM.http://localhost:8001/HtmlEscapePlace - Setting emissary.node.name to localhost 
2023-12-12 00:43:52,732 [using logback-test.xml]  INFO emissary.command.BaseCommand - sample.dat HTML_ESCAPE.HTMLESCAPE.TRANSFORM.http://localhost:8001/HtmlEscapePlace - Setting emissary.node.port to 8001 
2023-12-12 00:43:52,732 [using logback-test.xml]  INFO emissary.command.BaseCommand - sample.dat HTML_ESCAPE.HTMLESCAPE.TRANSFORM.http://localhost:8001/HtmlEscapePlace - Setting emissary.node.scheme to http 
2023-12-12 00:43:52,732 [using logback-test.xml]  WARN emissary.command.BaseCommand - sample.dat HTML_ESCAPE.HTMLESCAPE.TRANSFORM.http://localhost:8001/HtmlEscapePlace - Not using /Users/connor/Projects/work/emissary/target/config/logback.xml, staying with test config file:/Users/connor/Projects/work/emissary/target/test-classes/logback-test.xml
2023-12-12 00:43:52,733 [using logback-test.xml]  INFO emissary.command.BaseCommand - sample.dat HTML_ESCAPE.HTMLESCAPE.TRANSFORM.http://localhost:8001/HtmlEscapePlace - Overriding current emissary.config.flavor null to CLUSTER 
2023-12-12 00:43:52,733 [using logback-test.xml]  INFO emissary.command.BaseCommand - sample.dat HTML_ESCAPE.HTMLESCAPE.TRANSFORM.http://localhost:8001/HtmlEscapePlace - PROJECT_BASE is set to /Users/connor/Projects/work/emissary/target 
2023-12-12 00:43:52,733 [using logback-test.xml]  INFO emissary.command.BaseCommand - sample.dat HTML_ESCAPE.HTMLESCAPE.TRANSFORM.http://localhost:8001/HtmlEscapePlace - Setting emissary.config.dir to /Users/connor/Projects/work/emissary/target/config 
2023-12-12 00:43:52,733 [using logback-test.xml]  INFO emissary.command.BaseCommand - sample.dat HTML_ESCAPE.HTMLESCAPE.TRANSFORM.http://localhost:8001/HtmlEscapePlace - Setting emissary.bin.dir to /Users/connor/Projects/work/emissary/target/bin 
2023-12-12 00:43:52,733 [using logback-test.xml]  INFO emissary.command.BaseCommand - sample.dat HTML_ESCAPE.HTMLESCAPE.TRANSFORM.http://localhost:8001/HtmlEscapePlace - Setting emissary.output.root to /Users/connor/Projects/work/emissary/target/localoutput 
2023-12-12 00:43:52,733 [using logback-test.xml]  INFO emissary.command.BaseCommand - sample.dat HTML_ESCAPE.HTMLESCAPE.TRANSFORM.http://localhost:8001/HtmlEscapePlace - Emissary error dir set to /Users/connor/Projects/work/emissary/target/localerror 
2023-12-12 00:43:52,733 [using logback-test.xml]  INFO emissary.command.BaseCommand - sample.dat HTML_ESCAPE.HTMLESCAPE.TRANSFORM.http://localhost:8001/HtmlEscapePlace - Setting emissary.config.flavor to CLUSTER 
2023-12-12 00:43:52,733 [using logback-test.xml]  INFO emissary.command.BaseCommand - sample.dat HTML_ESCAPE.HTMLESCAPE.TRANSFORM.http://localhost:8001/HtmlEscapePlace - Setting emissary.node.name to localhost 
2023-12-12 00:43:52,733 [using logback-test.xml]  INFO emissary.command.BaseCommand - sample.dat HTML_ESCAPE.HTMLESCAPE.TRANSFORM.http://localhost:8001/HtmlEscapePlace - Setting emissary.node.port to 8001 
2023-12-12 00:43:52,733 [using logback-test.xml]  INFO emissary.command.BaseCommand - sample.dat HTML_ESCAPE.HTMLESCAPE.TRANSFORM.http://localhost:8001/HtmlEscapePlace - Setting emissary.node.scheme to http 
2023-12-12 00:43:52,733 [using logback-test.xml]  WARN emissary.command.BaseCommand - sample.dat HTML_ESCAPE.HTMLESCAPE.TRANSFORM.http://localhost:8001/HtmlEscapePlace - Not using /Users/connor/Projects/work/emissary/target/config/logback.xml, staying with test config file:/Users/connor/Projects/work/emissary/target/test-classes/logback-test.xml
2023-12-12 00:43:52,734 [using logback-test.xml]  INFO emissary.command.BaseCommand - sample.dat HTML_ESCAPE.HTMLESCAPE.TRANSFORM.http://localhost:8001/HtmlEscapePlace - Overriding current emissary.config.flavor CLUSTER to CLUSTER 
2023-12-12 00:43:52,735 [using logback-test.xml] DEBUG emissary.config.ConfigUtil - sample.dat HTML_ESCAPE.HTMLESCAPE.TRANSFORM.http://localhost:8001/HtmlEscapePlace - Attempting flavor merge on <none>-CLUSTER
2023-12-12 00:43:52,735 [using logback-test.xml] DEBUG emissary.config.ConfigUtil - sample.dat HTML_ESCAPE.HTMLESCAPE.TRANSFORM.http://localhost:8001/HtmlEscapePlace - Loading config for (string) <none>-CLUSTER
2023-12-12 00:43:52,735 [using logback-test.xml] DEBUG emissary.config.ConfigUtil - sample.dat HTML_ESCAPE.HTMLESCAPE.TRANSFORM.http://localhost:8001/HtmlEscapePlace - No file config found using new style <none>-CLUSTER
2023-12-12 00:43:52,735 [using logback-test.xml] DEBUG emissary.config.ConfigUtil - sample.dat HTML_ESCAPE.HTMLESCAPE.TRANSFORM.http://localhost:8001/HtmlEscapePlace - No config data as resource for emissary/place/<none>-CLUSTER
2023-12-12 00:43:52,735 [using logback-test.xml] DEBUG emissary.config.ConfigUtil - sample.dat HTML_ESCAPE.HTMLESCAPE.TRANSFORM.http://localhost:8001/HtmlEscapePlace - No config data as resource for <none>-CLUSTER
2023-12-12 00:43:52,735 [using logback-test.xml] DEBUG emissary.config.ConfigUtil - sample.dat HTML_ESCAPE.HTMLESCAPE.TRANSFORM.http://localhost:8001/HtmlEscapePlace - No file config found using old style <none>-CLUSTER.cfg
2023-12-12 00:43:52,735 [using logback-test.xml] DEBUG emissary.config.ConfigUtil - sample.dat HTML_ESCAPE.HTMLESCAPE.TRANSFORM.http://localhost:8001/HtmlEscapePlace - Unable to opt import flavor config <none>-CLUSTER
2023-12-12 00:43:52,735 [using logback-test.xml] DEBUG emissary.config.ConfigUtil - sample.dat HTML_ESCAPE.HTMLESCAPE.TRANSFORM.http://localhost:8001/HtmlEscapePlace - Attempting flavor merge on <none>-CLUSTER
2023-12-12 00:43:52,735 [using logback-test.xml] DEBUG emissary.config.ConfigUtil - sample.dat HTML_ESCAPE.HTMLESCAPE.TRANSFORM.http://localhost:8001/HtmlEscapePlace - Loading config for (string) <none>-CLUSTER
2023-12-12 00:43:52,735 [using logback-test.xml] DEBUG emissary.config.ConfigUtil - sample.dat HTML_ESCAPE.HTMLESCAPE.TRANSFORM.http://localhost:8001/HtmlEscapePlace - No file config found using new style <none>-CLUSTER
2023-12-12 00:43:52,735 [using logback-test.xml] DEBUG emissary.config.ConfigUtil - sample.dat HTML_ESCAPE.HTMLESCAPE.TRANSFORM.http://localhost:8001/HtmlEscapePlace - No config data as resource for emissary/place/<none>-CLUSTER
2023-12-12 00:43:52,735 [using logback-test.xml] DEBUG emissary.config.ConfigUtil - sample.dat HTML_ESCAPE.HTMLESCAPE.TRANSFORM.http://localhost:8001/HtmlEscapePlace - No config data as resource for <none>-CLUSTER
2023-12-12 00:43:52,735 [using logback-test.xml] DEBUG emissary.config.ConfigUtil - sample.dat HTML_ESCAPE.HTMLESCAPE.TRANSFORM.http://localhost:8001/HtmlEscapePlace - No file config found using old style <none>-CLUSTER.cfg
2023-12-12 00:43:52,735 [using logback-test.xml] DEBUG emissary.config.ConfigUtil - sample.dat HTML_ESCAPE.HTMLESCAPE.TRANSFORM.http://localhost:8001/HtmlEscapePlace - Unable to opt import flavor config <none>-CLUSTER
2023-12-12 00:43:52,736 [using logback-test.xml]  WARN emissary.place.ServiceProviderPlaceTest$PlaceTest - sample.dat HTML_ESCAPE.HTMLESCAPE.TRANSFORM.http://localhost:8001/HtmlEscapePlace - Invalid key cannot be added: TPROXY3.TNAME.http://localhost:8001/TPlaceName$6050
2023-12-12 00:43:52,736 [using logback-test.xml] DEBUG emissary.config.ConfigUtil - sample.dat HTML_ESCAPE.HTMLESCAPE.TRANSFORM.http://localhost:8001/HtmlEscapePlace - Configured configDirProperty /Users/connor/Projects/work/emissary/target/config
]]></system-out>
  </testcase>
  <testcase name="testDeniedServiceProxy" classname="emissary.place.ServiceProviderPlaceTest" time="0.002">
    <system-out><![CDATA[2023-12-12 00:43:52,739 [using logback-test.xml]  INFO emissary.command.BaseCommand - sample.dat HTML_ESCAPE.HTMLESCAPE.TRANSFORM.http://localhost:8001/HtmlEscapePlace - PROJECT_BASE is set to /Users/connor/Projects/work/emissary/target 
2023-12-12 00:43:52,739 [using logback-test.xml]  INFO emissary.command.BaseCommand - sample.dat HTML_ESCAPE.HTMLESCAPE.TRANSFORM.http://localhost:8001/HtmlEscapePlace - Setting emissary.config.dir to /Users/connor/Projects/work/emissary/target/config 
2023-12-12 00:43:52,739 [using logback-test.xml]  INFO emissary.command.BaseCommand - sample.dat HTML_ESCAPE.HTMLESCAPE.TRANSFORM.http://localhost:8001/HtmlEscapePlace - Setting emissary.bin.dir to /Users/connor/Projects/work/emissary/target/bin 
2023-12-12 00:43:52,739 [using logback-test.xml]  INFO emissary.command.BaseCommand - sample.dat HTML_ESCAPE.HTMLESCAPE.TRANSFORM.http://localhost:8001/HtmlEscapePlace - Setting emissary.output.root to /Users/connor/Projects/work/emissary/target/localoutput 
2023-12-12 00:43:52,739 [using logback-test.xml]  INFO emissary.command.BaseCommand - sample.dat HTML_ESCAPE.HTMLESCAPE.TRANSFORM.http://localhost:8001/HtmlEscapePlace - Emissary error dir set to /Users/connor/Projects/work/emissary/target/localerror 
2023-12-12 00:43:52,739 [using logback-test.xml]  INFO emissary.command.BaseCommand - sample.dat HTML_ESCAPE.HTMLESCAPE.TRANSFORM.http://localhost:8001/HtmlEscapePlace - Setting emissary.node.name to localhost 
2023-12-12 00:43:52,739 [using logback-test.xml]  INFO emissary.command.BaseCommand - sample.dat HTML_ESCAPE.HTMLESCAPE.TRANSFORM.http://localhost:8001/HtmlEscapePlace - Setting emissary.node.port to 8001 
2023-12-12 00:43:52,739 [using logback-test.xml]  INFO emissary.command.BaseCommand - sample.dat HTML_ESCAPE.HTMLESCAPE.TRANSFORM.http://localhost:8001/HtmlEscapePlace - Setting emissary.node.scheme to http 
2023-12-12 00:43:52,739 [using logback-test.xml]  WARN emissary.command.BaseCommand - sample.dat HTML_ESCAPE.HTMLESCAPE.TRANSFORM.http://localhost:8001/HtmlEscapePlace - Not using /Users/connor/Projects/work/emissary/target/config/logback.xml, staying with test config file:/Users/connor/Projects/work/emissary/target/test-classes/logback-test.xml
2023-12-12 00:43:52,740 [using logback-test.xml]  INFO emissary.command.BaseCommand - sample.dat HTML_ESCAPE.HTMLESCAPE.TRANSFORM.http://localhost:8001/HtmlEscapePlace - Overriding current emissary.config.flavor null to CLUSTER 
2023-12-12 00:43:52,740 [using logback-test.xml]  INFO emissary.command.BaseCommand - sample.dat HTML_ESCAPE.HTMLESCAPE.TRANSFORM.http://localhost:8001/HtmlEscapePlace - PROJECT_BASE is set to /Users/connor/Projects/work/emissary/target 
2023-12-12 00:43:52,740 [using logback-test.xml]  INFO emissary.command.BaseCommand - sample.dat HTML_ESCAPE.HTMLESCAPE.TRANSFORM.http://localhost:8001/HtmlEscapePlace - Setting emissary.config.dir to /Users/connor/Projects/work/emissary/target/config 
2023-12-12 00:43:52,740 [using logback-test.xml]  INFO emissary.command.BaseCommand - sample.dat HTML_ESCAPE.HTMLESCAPE.TRANSFORM.http://localhost:8001/HtmlEscapePlace - Setting emissary.bin.dir to /Users/connor/Projects/work/emissary/target/bin 
2023-12-12 00:43:52,740 [using logback-test.xml]  INFO emissary.command.BaseCommand - sample.dat HTML_ESCAPE.HTMLESCAPE.TRANSFORM.http://localhost:8001/HtmlEscapePlace - Setting emissary.output.root to /Users/connor/Projects/work/emissary/target/localoutput 
2023-12-12 00:43:52,740 [using logback-test.xml]  INFO emissary.command.BaseCommand - sample.dat HTML_ESCAPE.HTMLESCAPE.TRANSFORM.http://localhost:8001/HtmlEscapePlace - Emissary error dir set to /Users/connor/Projects/work/emissary/target/localerror 
2023-12-12 00:43:52,740 [using logback-test.xml]  INFO emissary.command.BaseCommand - sample.dat HTML_ESCAPE.HTMLESCAPE.TRANSFORM.http://localhost:8001/HtmlEscapePlace - Setting emissary.config.flavor to CLUSTER 
2023-12-12 00:43:52,740 [using logback-test.xml]  INFO emissary.command.BaseCommand - sample.dat HTML_ESCAPE.HTMLESCAPE.TRANSFORM.http://localhost:8001/HtmlEscapePlace - Setting emissary.node.name to localhost 
2023-12-12 00:43:52,740 [using logback-test.xml]  INFO emissary.command.BaseCommand - sample.dat HTML_ESCAPE.HTMLESCAPE.TRANSFORM.http://localhost:8001/HtmlEscapePlace - Setting emissary.node.port to 8001 
2023-12-12 00:43:52,740 [using logback-test.xml]  INFO emissary.command.BaseCommand - sample.dat HTML_ESCAPE.HTMLESCAPE.TRANSFORM.http://localhost:8001/HtmlEscapePlace - Setting emissary.node.scheme to http 
2023-12-12 00:43:52,740 [using logback-test.xml]  WARN emissary.command.BaseCommand - sample.dat HTML_ESCAPE.HTMLESCAPE.TRANSFORM.http://localhost:8001/HtmlEscapePlace - Not using /Users/connor/Projects/work/emissary/target/config/logback.xml, staying with test config file:/Users/connor/Projects/work/emissary/target/test-classes/logback-test.xml
2023-12-12 00:43:52,741 [using logback-test.xml]  INFO emissary.command.BaseCommand - sample.dat HTML_ESCAPE.HTMLESCAPE.TRANSFORM.http://localhost:8001/HtmlEscapePlace - Overriding current emissary.config.flavor CLUSTER to CLUSTER 
2023-12-12 00:43:52,741 [using logback-test.xml] DEBUG emissary.config.ConfigUtil - sample.dat HTML_ESCAPE.HTMLESCAPE.TRANSFORM.http://localhost:8001/HtmlEscapePlace - Attempting flavor merge on <none>-CLUSTER
2023-12-12 00:43:52,742 [using logback-test.xml] DEBUG emissary.config.ConfigUtil - sample.dat HTML_ESCAPE.HTMLESCAPE.TRANSFORM.http://localhost:8001/HtmlEscapePlace - Loading config for (string) <none>-CLUSTER
2023-12-12 00:43:52,742 [using logback-test.xml] DEBUG emissary.config.ConfigUtil - sample.dat HTML_ESCAPE.HTMLESCAPE.TRANSFORM.http://localhost:8001/HtmlEscapePlace - No file config found using new style <none>-CLUSTER
2023-12-12 00:43:52,742 [using logback-test.xml] DEBUG emissary.config.ConfigUtil - sample.dat HTML_ESCAPE.HTMLESCAPE.TRANSFORM.http://localhost:8001/HtmlEscapePlace - No config data as resource for emissary/place/<none>-CLUSTER
2023-12-12 00:43:52,742 [using logback-test.xml] DEBUG emissary.config.ConfigUtil - sample.dat HTML_ESCAPE.HTMLESCAPE.TRANSFORM.http://localhost:8001/HtmlEscapePlace - No config data as resource for <none>-CLUSTER
2023-12-12 00:43:52,742 [using logback-test.xml] DEBUG emissary.config.ConfigUtil - sample.dat HTML_ESCAPE.HTMLESCAPE.TRANSFORM.http://localhost:8001/HtmlEscapePlace - No file config found using old style <none>-CLUSTER.cfg
2023-12-12 00:43:52,742 [using logback-test.xml] DEBUG emissary.config.ConfigUtil - sample.dat HTML_ESCAPE.HTMLESCAPE.TRANSFORM.http://localhost:8001/HtmlEscapePlace - Unable to opt import flavor config <none>-CLUSTER
2023-12-12 00:43:52,742 [using logback-test.xml] DEBUG emissary.config.ConfigUtil - sample.dat HTML_ESCAPE.HTMLESCAPE.TRANSFORM.http://localhost:8001/HtmlEscapePlace - Attempting flavor merge on <none>-CLUSTER
2023-12-12 00:43:52,742 [using logback-test.xml] DEBUG emissary.config.ConfigUtil - sample.dat HTML_ESCAPE.HTMLESCAPE.TRANSFORM.http://localhost:8001/HtmlEscapePlace - Loading config for (string) <none>-CLUSTER
2023-12-12 00:43:52,742 [using logback-test.xml] DEBUG emissary.config.ConfigUtil - sample.dat HTML_ESCAPE.HTMLESCAPE.TRANSFORM.http://localhost:8001/HtmlEscapePlace - No file config found using new style <none>-CLUSTER
2023-12-12 00:43:52,742 [using logback-test.xml] DEBUG emissary.config.ConfigUtil - sample.dat HTML_ESCAPE.HTMLESCAPE.TRANSFORM.http://localhost:8001/HtmlEscapePlace - No config data as resource for emissary/place/<none>-CLUSTER
2023-12-12 00:43:52,742 [using logback-test.xml] DEBUG emissary.config.ConfigUtil - sample.dat HTML_ESCAPE.HTMLESCAPE.TRANSFORM.http://localhost:8001/HtmlEscapePlace - No config data as resource for <none>-CLUSTER
2023-12-12 00:43:52,742 [using logback-test.xml] DEBUG emissary.config.ConfigUtil - sample.dat HTML_ESCAPE.HTMLESCAPE.TRANSFORM.http://localhost:8001/HtmlEscapePlace - No file config found using old style <none>-CLUSTER.cfg
2023-12-12 00:43:52,742 [using logback-test.xml] DEBUG emissary.config.ConfigUtil - sample.dat HTML_ESCAPE.HTMLESCAPE.TRANSFORM.http://localhost:8001/HtmlEscapePlace - Unable to opt import flavor config <none>-CLUSTER
2023-12-12 00:43:52,742 [using logback-test.xml] DEBUG emissary.config.ConfigUtil - sample.dat HTML_ESCAPE.HTMLESCAPE.TRANSFORM.http://localhost:8001/HtmlEscapePlace - Attempting flavor merge on <none>-CLUSTER
2023-12-12 00:43:52,742 [using logback-test.xml] DEBUG emissary.config.ConfigUtil - sample.dat HTML_ESCAPE.HTMLESCAPE.TRANSFORM.http://localhost:8001/HtmlEscapePlace - Loading config for (string) <none>-CLUSTER
2023-12-12 00:43:52,742 [using logback-test.xml] DEBUG emissary.config.ConfigUtil - sample.dat HTML_ESCAPE.HTMLESCAPE.TRANSFORM.http://localhost:8001/HtmlEscapePlace - No file config found using new style <none>-CLUSTER
2023-12-12 00:43:52,742 [using logback-test.xml] DEBUG emissary.config.ConfigUtil - sample.dat HTML_ESCAPE.HTMLESCAPE.TRANSFORM.http://localhost:8001/HtmlEscapePlace - No config data as resource for emissary/place/<none>-CLUSTER
2023-12-12 00:43:52,742 [using logback-test.xml] DEBUG emissary.config.ConfigUtil - sample.dat HTML_ESCAPE.HTMLESCAPE.TRANSFORM.http://localhost:8001/HtmlEscapePlace - No config data as resource for <none>-CLUSTER
2023-12-12 00:43:52,742 [using logback-test.xml] DEBUG emissary.config.ConfigUtil - sample.dat HTML_ESCAPE.HTMLESCAPE.TRANSFORM.http://localhost:8001/HtmlEscapePlace - No file config found using old style <none>-CLUSTER.cfg
2023-12-12 00:43:52,742 [using logback-test.xml] DEBUG emissary.config.ConfigUtil - sample.dat HTML_ESCAPE.HTMLESCAPE.TRANSFORM.http://localhost:8001/HtmlEscapePlace - Unable to opt import flavor config <none>-CLUSTER
2023-12-12 00:43:52,742 [using logback-test.xml] DEBUG emissary.config.ConfigUtil - sample.dat HTML_ESCAPE.HTMLESCAPE.TRANSFORM.http://localhost:8001/HtmlEscapePlace - Configured configDirProperty /Users/connor/Projects/work/emissary/target/config
]]></system-out>
  </testcase>
  <testcase name="testLocOnlyConstructorWithResourceConfigData" classname="emissary.place.ServiceProviderPlaceTest" time="0.004">
    <system-out><![CDATA[2023-12-12 00:43:52,745 [using logback-test.xml]  INFO emissary.command.BaseCommand - sample.dat HTML_ESCAPE.HTMLESCAPE.TRANSFORM.http://localhost:8001/HtmlEscapePlace - PROJECT_BASE is set to /Users/connor/Projects/work/emissary/target 
2023-12-12 00:43:52,745 [using logback-test.xml]  INFO emissary.command.BaseCommand - sample.dat HTML_ESCAPE.HTMLESCAPE.TRANSFORM.http://localhost:8001/HtmlEscapePlace - Setting emissary.config.dir to /Users/connor/Projects/work/emissary/target/config 
2023-12-12 00:43:52,745 [using logback-test.xml]  INFO emissary.command.BaseCommand - sample.dat HTML_ESCAPE.HTMLESCAPE.TRANSFORM.http://localhost:8001/HtmlEscapePlace - Setting emissary.bin.dir to /Users/connor/Projects/work/emissary/target/bin 
2023-12-12 00:43:52,745 [using logback-test.xml]  INFO emissary.command.BaseCommand - sample.dat HTML_ESCAPE.HTMLESCAPE.TRANSFORM.http://localhost:8001/HtmlEscapePlace - Setting emissary.output.root to /Users/connor/Projects/work/emissary/target/localoutput 
2023-12-12 00:43:52,745 [using logback-test.xml]  INFO emissary.command.BaseCommand - sample.dat HTML_ESCAPE.HTMLESCAPE.TRANSFORM.http://localhost:8001/HtmlEscapePlace - Emissary error dir set to /Users/connor/Projects/work/emissary/target/localerror 
2023-12-12 00:43:52,745 [using logback-test.xml]  INFO emissary.command.BaseCommand - sample.dat HTML_ESCAPE.HTMLESCAPE.TRANSFORM.http://localhost:8001/HtmlEscapePlace - Setting emissary.node.name to localhost 
2023-12-12 00:43:52,745 [using logback-test.xml]  INFO emissary.command.BaseCommand - sample.dat HTML_ESCAPE.HTMLESCAPE.TRANSFORM.http://localhost:8001/HtmlEscapePlace - Setting emissary.node.port to 8001 
2023-12-12 00:43:52,745 [using logback-test.xml]  INFO emissary.command.BaseCommand - sample.dat HTML_ESCAPE.HTMLESCAPE.TRANSFORM.http://localhost:8001/HtmlEscapePlace - Setting emissary.node.scheme to http 
2023-12-12 00:43:52,745 [using logback-test.xml]  WARN emissary.command.BaseCommand - sample.dat HTML_ESCAPE.HTMLESCAPE.TRANSFORM.http://localhost:8001/HtmlEscapePlace - Not using /Users/connor/Projects/work/emissary/target/config/logback.xml, staying with test config file:/Users/connor/Projects/work/emissary/target/test-classes/logback-test.xml
2023-12-12 00:43:52,746 [using logback-test.xml]  INFO emissary.command.BaseCommand - sample.dat HTML_ESCAPE.HTMLESCAPE.TRANSFORM.http://localhost:8001/HtmlEscapePlace - Overriding current emissary.config.flavor null to CLUSTER 
2023-12-12 00:43:52,746 [using logback-test.xml]  INFO emissary.command.BaseCommand - sample.dat HTML_ESCAPE.HTMLESCAPE.TRANSFORM.http://localhost:8001/HtmlEscapePlace - PROJECT_BASE is set to /Users/connor/Projects/work/emissary/target 
2023-12-12 00:43:52,746 [using logback-test.xml]  INFO emissary.command.BaseCommand - sample.dat HTML_ESCAPE.HTMLESCAPE.TRANSFORM.http://localhost:8001/HtmlEscapePlace - Setting emissary.config.dir to /Users/connor/Projects/work/emissary/target/config 
2023-12-12 00:43:52,746 [using logback-test.xml]  INFO emissary.command.BaseCommand - sample.dat HTML_ESCAPE.HTMLESCAPE.TRANSFORM.http://localhost:8001/HtmlEscapePlace - Setting emissary.bin.dir to /Users/connor/Projects/work/emissary/target/bin 
2023-12-12 00:43:52,746 [using logback-test.xml]  INFO emissary.command.BaseCommand - sample.dat HTML_ESCAPE.HTMLESCAPE.TRANSFORM.http://localhost:8001/HtmlEscapePlace - Setting emissary.output.root to /Users/connor/Projects/work/emissary/target/localoutput 
2023-12-12 00:43:52,746 [using logback-test.xml]  INFO emissary.command.BaseCommand - sample.dat HTML_ESCAPE.HTMLESCAPE.TRANSFORM.http://localhost:8001/HtmlEscapePlace - Emissary error dir set to /Users/connor/Projects/work/emissary/target/localerror 
2023-12-12 00:43:52,746 [using logback-test.xml]  INFO emissary.command.BaseCommand - sample.dat HTML_ESCAPE.HTMLESCAPE.TRANSFORM.http://localhost:8001/HtmlEscapePlace - Setting emissary.config.flavor to CLUSTER 
2023-12-12 00:43:52,746 [using logback-test.xml]  INFO emissary.command.BaseCommand - sample.dat HTML_ESCAPE.HTMLESCAPE.TRANSFORM.http://localhost:8001/HtmlEscapePlace - Setting emissary.node.name to localhost 
2023-12-12 00:43:52,746 [using logback-test.xml]  INFO emissary.command.BaseCommand - sample.dat HTML_ESCAPE.HTMLESCAPE.TRANSFORM.http://localhost:8001/HtmlEscapePlace - Setting emissary.node.port to 8001 
2023-12-12 00:43:52,746 [using logback-test.xml]  INFO emissary.command.BaseCommand - sample.dat HTML_ESCAPE.HTMLESCAPE.TRANSFORM.http://localhost:8001/HtmlEscapePlace - Setting emissary.node.scheme to http 
2023-12-12 00:43:52,746 [using logback-test.xml]  WARN emissary.command.BaseCommand - sample.dat HTML_ESCAPE.HTMLESCAPE.TRANSFORM.http://localhost:8001/HtmlEscapePlace - Not using /Users/connor/Projects/work/emissary/target/config/logback.xml, staying with test config file:/Users/connor/Projects/work/emissary/target/test-classes/logback-test.xml
2023-12-12 00:43:52,754 [using logback-test.xml]  INFO emissary.command.BaseCommand - sample.dat HTML_ESCAPE.HTMLESCAPE.TRANSFORM.http://localhost:8001/HtmlEscapePlace - Overriding current emissary.config.flavor CLUSTER to CLUSTER 
2023-12-12 00:43:52,756 [using logback-test.xml] DEBUG emissary.config.ConfigUtil - sample.dat HTML_ESCAPE.HTMLESCAPE.TRANSFORM.http://localhost:8001/HtmlEscapePlace - Attempting flavor merge on <none>-CLUSTER
2023-12-12 00:43:52,756 [using logback-test.xml] DEBUG emissary.config.ConfigUtil - sample.dat HTML_ESCAPE.HTMLESCAPE.TRANSFORM.http://localhost:8001/HtmlEscapePlace - Loading config for (string) <none>-CLUSTER
2023-12-12 00:43:52,756 [using logback-test.xml] DEBUG emissary.config.ConfigUtil - sample.dat HTML_ESCAPE.HTMLESCAPE.TRANSFORM.http://localhost:8001/HtmlEscapePlace - No file config found using new style <none>-CLUSTER
2023-12-12 00:43:52,756 [using logback-test.xml] DEBUG emissary.config.ConfigUtil - sample.dat HTML_ESCAPE.HTMLESCAPE.TRANSFORM.http://localhost:8001/HtmlEscapePlace - No config data as resource for emissary/place/<none>-CLUSTER
2023-12-12 00:43:52,756 [using logback-test.xml] DEBUG emissary.config.ConfigUtil - sample.dat HTML_ESCAPE.HTMLESCAPE.TRANSFORM.http://localhost:8001/HtmlEscapePlace - No config data as resource for <none>-CLUSTER
2023-12-12 00:43:52,756 [using logback-test.xml] DEBUG emissary.config.ConfigUtil - sample.dat HTML_ESCAPE.HTMLESCAPE.TRANSFORM.http://localhost:8001/HtmlEscapePlace - No file config found using old style <none>-CLUSTER.cfg
2023-12-12 00:43:52,756 [using logback-test.xml] DEBUG emissary.config.ConfigUtil - sample.dat HTML_ESCAPE.HTMLESCAPE.TRANSFORM.http://localhost:8001/HtmlEscapePlace - Unable to opt import flavor config <none>-CLUSTER
2023-12-12 00:43:52,756 [using logback-test.xml] DEBUG emissary.config.ConfigUtil - sample.dat HTML_ESCAPE.HTMLESCAPE.TRANSFORM.http://localhost:8001/HtmlEscapePlace - Loading config for (string) emissary.place.MyStreamConfigedTestPlace.cfg
2023-12-12 00:43:52,756 [using logback-test.xml] DEBUG emissary.config.ConfigUtil - sample.dat HTML_ESCAPE.HTMLESCAPE.TRANSFORM.http://localhost:8001/HtmlEscapePlace - No file config found using new style emissary.place.MyStreamConfigedTestPlace.cfg
2023-12-12 00:43:52,756 [using logback-test.xml] DEBUG emissary.config.ConfigUtil - sample.dat HTML_ESCAPE.HTMLESCAPE.TRANSFORM.http://localhost:8001/HtmlEscapePlace - No config data as resource for emissary/place/emissary/place/MyStreamConfigedTestPlace.cfg
2023-12-12 00:43:52,756 [using logback-test.xml] DEBUG emissary.config.ConfigUtil - sample.dat HTML_ESCAPE.HTMLESCAPE.TRANSFORM.http://localhost:8001/HtmlEscapePlace - Found config data as resource file:/Users/connor/Projects/work/emissary/target/test-classes/emissary/place/MyStreamConfigedTestPlace.cfg
2023-12-12 00:43:52,757 [using logback-test.xml] DEBUG emissary.config.ConfigUtil - sample.dat HTML_ESCAPE.HTMLESCAPE.TRANSFORM.http://localhost:8001/HtmlEscapePlace - Attempting flavor merge on emissary.place.MyStreamConfigedTestPlace-CLUSTER.cfg
2023-12-12 00:43:52,757 [using logback-test.xml] DEBUG emissary.config.ConfigUtil - sample.dat HTML_ESCAPE.HTMLESCAPE.TRANSFORM.http://localhost:8001/HtmlEscapePlace - Loading config for (string) emissary.place.MyStreamConfigedTestPlace-CLUSTER.cfg
2023-12-12 00:43:52,757 [using logback-test.xml] DEBUG emissary.config.ConfigUtil - sample.dat HTML_ESCAPE.HTMLESCAPE.TRANSFORM.http://localhost:8001/HtmlEscapePlace - No file config found using new style emissary.place.MyStreamConfigedTestPlace-CLUSTER.cfg
2023-12-12 00:43:52,757 [using logback-test.xml] DEBUG emissary.config.ConfigUtil - sample.dat HTML_ESCAPE.HTMLESCAPE.TRANSFORM.http://localhost:8001/HtmlEscapePlace - No config data as resource for emissary/place/emissary/place/MyStreamConfigedTestPlace-CLUSTER.cfg
2023-12-12 00:43:52,757 [using logback-test.xml] DEBUG emissary.config.ConfigUtil - sample.dat HTML_ESCAPE.HTMLESCAPE.TRANSFORM.http://localhost:8001/HtmlEscapePlace - No config data as resource for emissary/place/MyStreamConfigedTestPlace-CLUSTER.cfg
2023-12-12 00:43:52,757 [using logback-test.xml] DEBUG emissary.config.ConfigUtil - sample.dat HTML_ESCAPE.HTMLESCAPE.TRANSFORM.http://localhost:8001/HtmlEscapePlace - No file config found using old style MyStreamConfigedTestPlace-CLUSTER.cfg
2023-12-12 00:43:52,757 [using logback-test.xml] DEBUG emissary.config.ConfigUtil - sample.dat HTML_ESCAPE.HTMLESCAPE.TRANSFORM.http://localhost:8001/HtmlEscapePlace - Unable to opt import flavor config emissary.place.MyStreamConfigedTestPlace-CLUSTER.cfg
2023-12-12 00:43:52,757 [using logback-test.xml] DEBUG emissary.config.ConfigUtil - sample.dat HTML_ESCAPE.HTMLESCAPE.TRANSFORM.http://localhost:8001/HtmlEscapePlace - Configured configDirProperty /Users/connor/Projects/work/emissary/target/config
]]></system-out>
  </testcase>
  <testcase name="testKeyConfigShortPlaceName" classname="emissary.place.ServiceProviderPlaceTest" time="0.002">
    <system-out><![CDATA[2023-12-12 00:43:52,759 [using logback-test.xml]  INFO emissary.command.BaseCommand - sample.dat HTML_ESCAPE.HTMLESCAPE.TRANSFORM.http://localhost:8001/HtmlEscapePlace - PROJECT_BASE is set to /Users/connor/Projects/work/emissary/target 
2023-12-12 00:43:52,759 [using logback-test.xml]  INFO emissary.command.BaseCommand - sample.dat HTML_ESCAPE.HTMLESCAPE.TRANSFORM.http://localhost:8001/HtmlEscapePlace - Setting emissary.config.dir to /Users/connor/Projects/work/emissary/target/config 
2023-12-12 00:43:52,759 [using logback-test.xml]  INFO emissary.command.BaseCommand - sample.dat HTML_ESCAPE.HTMLESCAPE.TRANSFORM.http://localhost:8001/HtmlEscapePlace - Setting emissary.bin.dir to /Users/connor/Projects/work/emissary/target/bin 
2023-12-12 00:43:52,759 [using logback-test.xml]  INFO emissary.command.BaseCommand - sample.dat HTML_ESCAPE.HTMLESCAPE.TRANSFORM.http://localhost:8001/HtmlEscapePlace - Setting emissary.output.root to /Users/connor/Projects/work/emissary/target/localoutput 
2023-12-12 00:43:52,759 [using logback-test.xml]  INFO emissary.command.BaseCommand - sample.dat HTML_ESCAPE.HTMLESCAPE.TRANSFORM.http://localhost:8001/HtmlEscapePlace - Emissary error dir set to /Users/connor/Projects/work/emissary/target/localerror 
2023-12-12 00:43:52,759 [using logback-test.xml]  INFO emissary.command.BaseCommand - sample.dat HTML_ESCAPE.HTMLESCAPE.TRANSFORM.http://localhost:8001/HtmlEscapePlace - Setting emissary.node.name to localhost 
2023-12-12 00:43:52,759 [using logback-test.xml]  INFO emissary.command.BaseCommand - sample.dat HTML_ESCAPE.HTMLESCAPE.TRANSFORM.http://localhost:8001/HtmlEscapePlace - Setting emissary.node.port to 8001 
2023-12-12 00:43:52,759 [using logback-test.xml]  INFO emissary.command.BaseCommand - sample.dat HTML_ESCAPE.HTMLESCAPE.TRANSFORM.http://localhost:8001/HtmlEscapePlace - Setting emissary.node.scheme to http 
2023-12-12 00:43:52,759 [using logback-test.xml]  WARN emissary.command.BaseCommand - sample.dat HTML_ESCAPE.HTMLESCAPE.TRANSFORM.http://localhost:8001/HtmlEscapePlace - Not using /Users/connor/Projects/work/emissary/target/config/logback.xml, staying with test config file:/Users/connor/Projects/work/emissary/target/test-classes/logback-test.xml
2023-12-12 00:43:52,760 [using logback-test.xml]  INFO emissary.command.BaseCommand - sample.dat HTML_ESCAPE.HTMLESCAPE.TRANSFORM.http://localhost:8001/HtmlEscapePlace - Overriding current emissary.config.flavor null to CLUSTER 
2023-12-12 00:43:52,760 [using logback-test.xml]  INFO emissary.command.BaseCommand - sample.dat HTML_ESCAPE.HTMLESCAPE.TRANSFORM.http://localhost:8001/HtmlEscapePlace - PROJECT_BASE is set to /Users/connor/Projects/work/emissary/target 
2023-12-12 00:43:52,760 [using logback-test.xml]  INFO emissary.command.BaseCommand - sample.dat HTML_ESCAPE.HTMLESCAPE.TRANSFORM.http://localhost:8001/HtmlEscapePlace - Setting emissary.config.dir to /Users/connor/Projects/work/emissary/target/config 
2023-12-12 00:43:52,760 [using logback-test.xml]  INFO emissary.command.BaseCommand - sample.dat HTML_ESCAPE.HTMLESCAPE.TRANSFORM.http://localhost:8001/HtmlEscapePlace - Setting emissary.bin.dir to /Users/connor/Projects/work/emissary/target/bin 
2023-12-12 00:43:52,760 [using logback-test.xml]  INFO emissary.command.BaseCommand - sample.dat HTML_ESCAPE.HTMLESCAPE.TRANSFORM.http://localhost:8001/HtmlEscapePlace - Setting emissary.output.root to /Users/connor/Projects/work/emissary/target/localoutput 
2023-12-12 00:43:52,760 [using logback-test.xml]  INFO emissary.command.BaseCommand - sample.dat HTML_ESCAPE.HTMLESCAPE.TRANSFORM.http://localhost:8001/HtmlEscapePlace - Emissary error dir set to /Users/connor/Projects/work/emissary/target/localerror 
2023-12-12 00:43:52,760 [using logback-test.xml]  INFO emissary.command.BaseCommand - sample.dat HTML_ESCAPE.HTMLESCAPE.TRANSFORM.http://localhost:8001/HtmlEscapePlace - Setting emissary.config.flavor to CLUSTER 
2023-12-12 00:43:52,760 [using logback-test.xml]  INFO emissary.command.BaseCommand - sample.dat HTML_ESCAPE.HTMLESCAPE.TRANSFORM.http://localhost:8001/HtmlEscapePlace - Setting emissary.node.name to localhost 
2023-12-12 00:43:52,760 [using logback-test.xml]  INFO emissary.command.BaseCommand - sample.dat HTML_ESCAPE.HTMLESCAPE.TRANSFORM.http://localhost:8001/HtmlEscapePlace - Setting emissary.node.port to 8001 
2023-12-12 00:43:52,760 [using logback-test.xml]  INFO emissary.command.BaseCommand - sample.dat HTML_ESCAPE.HTMLESCAPE.TRANSFORM.http://localhost:8001/HtmlEscapePlace - Setting emissary.node.scheme to http 
2023-12-12 00:43:52,760 [using logback-test.xml]  WARN emissary.command.BaseCommand - sample.dat HTML_ESCAPE.HTMLESCAPE.TRANSFORM.http://localhost:8001/HtmlEscapePlace - Not using /Users/connor/Projects/work/emissary/target/config/logback.xml, staying with test config file:/Users/connor/Projects/work/emissary/target/test-classes/logback-test.xml
2023-12-12 00:43:52,761 [using logback-test.xml]  INFO emissary.command.BaseCommand - sample.dat HTML_ESCAPE.HTMLESCAPE.TRANSFORM.http://localhost:8001/HtmlEscapePlace - Overriding current emissary.config.flavor CLUSTER to CLUSTER 
2023-12-12 00:43:52,761 [using logback-test.xml] DEBUG emissary.config.ConfigUtil - sample.dat HTML_ESCAPE.HTMLESCAPE.TRANSFORM.http://localhost:8001/HtmlEscapePlace - Attempting flavor merge on <none>-CLUSTER
2023-12-12 00:43:52,761 [using logback-test.xml] DEBUG emissary.config.ConfigUtil - sample.dat HTML_ESCAPE.HTMLESCAPE.TRANSFORM.http://localhost:8001/HtmlEscapePlace - Loading config for (string) <none>-CLUSTER
2023-12-12 00:43:52,761 [using logback-test.xml] DEBUG emissary.config.ConfigUtil - sample.dat HTML_ESCAPE.HTMLESCAPE.TRANSFORM.http://localhost:8001/HtmlEscapePlace - No file config found using new style <none>-CLUSTER
2023-12-12 00:43:52,761 [using logback-test.xml] DEBUG emissary.config.ConfigUtil - sample.dat HTML_ESCAPE.HTMLESCAPE.TRANSFORM.http://localhost:8001/HtmlEscapePlace - No config data as resource for emissary/place/<none>-CLUSTER
2023-12-12 00:43:52,761 [using logback-test.xml] DEBUG emissary.config.ConfigUtil - sample.dat HTML_ESCAPE.HTMLESCAPE.TRANSFORM.http://localhost:8001/HtmlEscapePlace - No config data as resource for <none>-CLUSTER
2023-12-12 00:43:52,761 [using logback-test.xml] DEBUG emissary.config.ConfigUtil - sample.dat HTML_ESCAPE.HTMLESCAPE.TRANSFORM.http://localhost:8001/HtmlEscapePlace - No file config found using old style <none>-CLUSTER.cfg
2023-12-12 00:43:52,761 [using logback-test.xml] DEBUG emissary.config.ConfigUtil - sample.dat HTML_ESCAPE.HTMLESCAPE.TRANSFORM.http://localhost:8001/HtmlEscapePlace - Unable to opt import flavor config <none>-CLUSTER
2023-12-12 00:43:52,761 [using logback-test.xml] DEBUG emissary.config.ConfigUtil - sample.dat HTML_ESCAPE.HTMLESCAPE.TRANSFORM.http://localhost:8001/HtmlEscapePlace - Attempting flavor merge on <none>-CLUSTER
2023-12-12 00:43:52,761 [using logback-test.xml] DEBUG emissary.config.ConfigUtil - sample.dat HTML_ESCAPE.HTMLESCAPE.TRANSFORM.http://localhost:8001/HtmlEscapePlace - Loading config for (string) <none>-CLUSTER
2023-12-12 00:43:52,761 [using logback-test.xml] DEBUG emissary.config.ConfigUtil - sample.dat HTML_ESCAPE.HTMLESCAPE.TRANSFORM.http://localhost:8001/HtmlEscapePlace - No file config found using new style <none>-CLUSTER
2023-12-12 00:43:52,761 [using logback-test.xml] DEBUG emissary.config.ConfigUtil - sample.dat HTML_ESCAPE.HTMLESCAPE.TRANSFORM.http://localhost:8001/HtmlEscapePlace - No config data as resource for emissary/place/<none>-CLUSTER
2023-12-12 00:43:52,761 [using logback-test.xml] DEBUG emissary.config.ConfigUtil - sample.dat HTML_ESCAPE.HTMLESCAPE.TRANSFORM.http://localhost:8001/HtmlEscapePlace - No config data as resource for <none>-CLUSTER
2023-12-12 00:43:52,761 [using logback-test.xml] DEBUG emissary.config.ConfigUtil - sample.dat HTML_ESCAPE.HTMLESCAPE.TRANSFORM.http://localhost:8001/HtmlEscapePlace - No file config found using old style <none>-CLUSTER.cfg
2023-12-12 00:43:52,761 [using logback-test.xml] DEBUG emissary.config.ConfigUtil - sample.dat HTML_ESCAPE.HTMLESCAPE.TRANSFORM.http://localhost:8001/HtmlEscapePlace - Unable to opt import flavor config <none>-CLUSTER
2023-12-12 00:43:52,761 [using logback-test.xml] DEBUG emissary.config.ConfigUtil - sample.dat HTML_ESCAPE.HTMLESCAPE.TRANSFORM.http://localhost:8001/HtmlEscapePlace - Configured configDirProperty /Users/connor/Projects/work/emissary/target/config
]]></system-out>
  </testcase>
  <testcase name="testBadKeyInConfig" classname="emissary.place.ServiceProviderPlaceTest" time="0.003">
    <system-out><![CDATA[2023-12-12 00:43:52,764 [using logback-test.xml]  INFO emissary.command.BaseCommand - sample.dat HTML_ESCAPE.HTMLESCAPE.TRANSFORM.http://localhost:8001/HtmlEscapePlace - PROJECT_BASE is set to /Users/connor/Projects/work/emissary/target 
2023-12-12 00:43:52,764 [using logback-test.xml]  INFO emissary.command.BaseCommand - sample.dat HTML_ESCAPE.HTMLESCAPE.TRANSFORM.http://localhost:8001/HtmlEscapePlace - Setting emissary.config.dir to /Users/connor/Projects/work/emissary/target/config 
2023-12-12 00:43:52,764 [using logback-test.xml]  INFO emissary.command.BaseCommand - sample.dat HTML_ESCAPE.HTMLESCAPE.TRANSFORM.http://localhost:8001/HtmlEscapePlace - Setting emissary.bin.dir to /Users/connor/Projects/work/emissary/target/bin 
2023-12-12 00:43:52,764 [using logback-test.xml]  INFO emissary.command.BaseCommand - sample.dat HTML_ESCAPE.HTMLESCAPE.TRANSFORM.http://localhost:8001/HtmlEscapePlace - Setting emissary.output.root to /Users/connor/Projects/work/emissary/target/localoutput 
2023-12-12 00:43:52,764 [using logback-test.xml]  INFO emissary.command.BaseCommand - sample.dat HTML_ESCAPE.HTMLESCAPE.TRANSFORM.http://localhost:8001/HtmlEscapePlace - Emissary error dir set to /Users/connor/Projects/work/emissary/target/localerror 
2023-12-12 00:43:52,764 [using logback-test.xml]  INFO emissary.command.BaseCommand - sample.dat HTML_ESCAPE.HTMLESCAPE.TRANSFORM.http://localhost:8001/HtmlEscapePlace - Setting emissary.node.name to localhost 
2023-12-12 00:43:52,764 [using logback-test.xml]  INFO emissary.command.BaseCommand - sample.dat HTML_ESCAPE.HTMLESCAPE.TRANSFORM.http://localhost:8001/HtmlEscapePlace - Setting emissary.node.port to 8001 
2023-12-12 00:43:52,764 [using logback-test.xml]  INFO emissary.command.BaseCommand - sample.dat HTML_ESCAPE.HTMLESCAPE.TRANSFORM.http://localhost:8001/HtmlEscapePlace - Setting emissary.node.scheme to http 
2023-12-12 00:43:52,764 [using logback-test.xml]  WARN emissary.command.BaseCommand - sample.dat HTML_ESCAPE.HTMLESCAPE.TRANSFORM.http://localhost:8001/HtmlEscapePlace - Not using /Users/connor/Projects/work/emissary/target/config/logback.xml, staying with test config file:/Users/connor/Projects/work/emissary/target/test-classes/logback-test.xml
2023-12-12 00:43:52,765 [using logback-test.xml]  INFO emissary.command.BaseCommand - sample.dat HTML_ESCAPE.HTMLESCAPE.TRANSFORM.http://localhost:8001/HtmlEscapePlace - Overriding current emissary.config.flavor null to CLUSTER 
2023-12-12 00:43:52,765 [using logback-test.xml]  INFO emissary.command.BaseCommand - sample.dat HTML_ESCAPE.HTMLESCAPE.TRANSFORM.http://localhost:8001/HtmlEscapePlace - PROJECT_BASE is set to /Users/connor/Projects/work/emissary/target 
2023-12-12 00:43:52,765 [using logback-test.xml]  INFO emissary.command.BaseCommand - sample.dat HTML_ESCAPE.HTMLESCAPE.TRANSFORM.http://localhost:8001/HtmlEscapePlace - Setting emissary.config.dir to /Users/connor/Projects/work/emissary/target/config 
2023-12-12 00:43:52,765 [using logback-test.xml]  INFO emissary.command.BaseCommand - sample.dat HTML_ESCAPE.HTMLESCAPE.TRANSFORM.http://localhost:8001/HtmlEscapePlace - Setting emissary.bin.dir to /Users/connor/Projects/work/emissary/target/bin 
2023-12-12 00:43:52,765 [using logback-test.xml]  INFO emissary.command.BaseCommand - sample.dat HTML_ESCAPE.HTMLESCAPE.TRANSFORM.http://localhost:8001/HtmlEscapePlace - Setting emissary.output.root to /Users/connor/Projects/work/emissary/target/localoutput 
2023-12-12 00:43:52,765 [using logback-test.xml]  INFO emissary.command.BaseCommand - sample.dat HTML_ESCAPE.HTMLESCAPE.TRANSFORM.http://localhost:8001/HtmlEscapePlace - Emissary error dir set to /Users/connor/Projects/work/emissary/target/localerror 
2023-12-12 00:43:52,765 [using logback-test.xml]  INFO emissary.command.BaseCommand - sample.dat HTML_ESCAPE.HTMLESCAPE.TRANSFORM.http://localhost:8001/HtmlEscapePlace - Setting emissary.config.flavor to CLUSTER 
2023-12-12 00:43:52,765 [using logback-test.xml]  INFO emissary.command.BaseCommand - sample.dat HTML_ESCAPE.HTMLESCAPE.TRANSFORM.http://localhost:8001/HtmlEscapePlace - Setting emissary.node.name to localhost 
2023-12-12 00:43:52,765 [using logback-test.xml]  INFO emissary.command.BaseCommand - sample.dat HTML_ESCAPE.HTMLESCAPE.TRANSFORM.http://localhost:8001/HtmlEscapePlace - Setting emissary.node.port to 8001 
2023-12-12 00:43:52,765 [using logback-test.xml]  INFO emissary.command.BaseCommand - sample.dat HTML_ESCAPE.HTMLESCAPE.TRANSFORM.http://localhost:8001/HtmlEscapePlace - Setting emissary.node.scheme to http 
2023-12-12 00:43:52,765 [using logback-test.xml]  WARN emissary.command.BaseCommand - sample.dat HTML_ESCAPE.HTMLESCAPE.TRANSFORM.http://localhost:8001/HtmlEscapePlace - Not using /Users/connor/Projects/work/emissary/target/config/logback.xml, staying with test config file:/Users/connor/Projects/work/emissary/target/test-classes/logback-test.xml
2023-12-12 00:43:52,766 [using logback-test.xml]  INFO emissary.command.BaseCommand - sample.dat HTML_ESCAPE.HTMLESCAPE.TRANSFORM.http://localhost:8001/HtmlEscapePlace - Overriding current emissary.config.flavor CLUSTER to CLUSTER 
2023-12-12 00:43:52,766 [using logback-test.xml] DEBUG emissary.config.ConfigUtil - sample.dat HTML_ESCAPE.HTMLESCAPE.TRANSFORM.http://localhost:8001/HtmlEscapePlace - Attempting flavor merge on <none>-CLUSTER
2023-12-12 00:43:52,766 [using logback-test.xml] DEBUG emissary.config.ConfigUtil - sample.dat HTML_ESCAPE.HTMLESCAPE.TRANSFORM.http://localhost:8001/HtmlEscapePlace - Loading config for (string) <none>-CLUSTER
2023-12-12 00:43:52,766 [using logback-test.xml] DEBUG emissary.config.ConfigUtil - sample.dat HTML_ESCAPE.HTMLESCAPE.TRANSFORM.http://localhost:8001/HtmlEscapePlace - No file config found using new style <none>-CLUSTER
2023-12-12 00:43:52,766 [using logback-test.xml] DEBUG emissary.config.ConfigUtil - sample.dat HTML_ESCAPE.HTMLESCAPE.TRANSFORM.http://localhost:8001/HtmlEscapePlace - No config data as resource for emissary/place/<none>-CLUSTER
2023-12-12 00:43:52,766 [using logback-test.xml] DEBUG emissary.config.ConfigUtil - sample.dat HTML_ESCAPE.HTMLESCAPE.TRANSFORM.http://localhost:8001/HtmlEscapePlace - No config data as resource for <none>-CLUSTER
2023-12-12 00:43:52,766 [using logback-test.xml] DEBUG emissary.config.ConfigUtil - sample.dat HTML_ESCAPE.HTMLESCAPE.TRANSFORM.http://localhost:8001/HtmlEscapePlace - No file config found using old style <none>-CLUSTER.cfg
2023-12-12 00:43:52,766 [using logback-test.xml] DEBUG emissary.config.ConfigUtil - sample.dat HTML_ESCAPE.HTMLESCAPE.TRANSFORM.http://localhost:8001/HtmlEscapePlace - Unable to opt import flavor config <none>-CLUSTER
2023-12-12 00:43:52,767 [using logback-test.xml] DEBUG emissary.config.ConfigUtil - sample.dat HTML_ESCAPE.HTMLESCAPE.TRANSFORM.http://localhost:8001/HtmlEscapePlace - Attempting flavor merge on <none>-CLUSTER
2023-12-12 00:43:52,767 [using logback-test.xml] DEBUG emissary.config.ConfigUtil - sample.dat HTML_ESCAPE.HTMLESCAPE.TRANSFORM.http://localhost:8001/HtmlEscapePlace - Loading config for (string) <none>-CLUSTER
2023-12-12 00:43:52,767 [using logback-test.xml] DEBUG emissary.config.ConfigUtil - sample.dat HTML_ESCAPE.HTMLESCAPE.TRANSFORM.http://localhost:8001/HtmlEscapePlace - No file config found using new style <none>-CLUSTER
2023-12-12 00:43:52,767 [using logback-test.xml] DEBUG emissary.config.ConfigUtil - sample.dat HTML_ESCAPE.HTMLESCAPE.TRANSFORM.http://localhost:8001/HtmlEscapePlace - No config data as resource for emissary/place/<none>-CLUSTER
2023-12-12 00:43:52,767 [using logback-test.xml] DEBUG emissary.config.ConfigUtil - sample.dat HTML_ESCAPE.HTMLESCAPE.TRANSFORM.http://localhost:8001/HtmlEscapePlace - No config data as resource for <none>-CLUSTER
2023-12-12 00:43:52,767 [using logback-test.xml] DEBUG emissary.config.ConfigUtil - sample.dat HTML_ESCAPE.HTMLESCAPE.TRANSFORM.http://localhost:8001/HtmlEscapePlace - No file config found using old style <none>-CLUSTER.cfg
2023-12-12 00:43:52,767 [using logback-test.xml] DEBUG emissary.config.ConfigUtil - sample.dat HTML_ESCAPE.HTMLESCAPE.TRANSFORM.http://localhost:8001/HtmlEscapePlace - Unable to opt import flavor config <none>-CLUSTER
2023-12-12 00:43:52,767 [using logback-test.xml]  WARN emissary.place.ServiceProviderPlaceTest$PlaceTest - sample.dat HTML_ESCAPE.HTMLESCAPE.TRANSFORM.http://localhost:8001/HtmlEscapePlace - SERVICE_KEY 'TP4.TNAME.http://localhost:8001/TPlaceName$8050' is missing parts and cannot be used
2023-12-12 00:43:52,767 [using logback-test.xml] DEBUG emissary.config.ConfigUtil - sample.dat HTML_ESCAPE.HTMLESCAPE.TRANSFORM.http://localhost:8001/HtmlEscapePlace - Configured configDirProperty /Users/connor/Projects/work/emissary/target/config
]]></system-out>
  </testcase>
  <testcase name="testBogusKeyRemoval" classname="emissary.place.ServiceProviderPlaceTest" time="0.002">
    <system-out><![CDATA[2023-12-12 00:43:52,770 [using logback-test.xml]  INFO emissary.command.BaseCommand - sample.dat HTML_ESCAPE.HTMLESCAPE.TRANSFORM.http://localhost:8001/HtmlEscapePlace - PROJECT_BASE is set to /Users/connor/Projects/work/emissary/target 
2023-12-12 00:43:52,770 [using logback-test.xml]  INFO emissary.command.BaseCommand - sample.dat HTML_ESCAPE.HTMLESCAPE.TRANSFORM.http://localhost:8001/HtmlEscapePlace - Setting emissary.config.dir to /Users/connor/Projects/work/emissary/target/config 
2023-12-12 00:43:52,770 [using logback-test.xml]  INFO emissary.command.BaseCommand - sample.dat HTML_ESCAPE.HTMLESCAPE.TRANSFORM.http://localhost:8001/HtmlEscapePlace - Setting emissary.bin.dir to /Users/connor/Projects/work/emissary/target/bin 
2023-12-12 00:43:52,770 [using logback-test.xml]  INFO emissary.command.BaseCommand - sample.dat HTML_ESCAPE.HTMLESCAPE.TRANSFORM.http://localhost:8001/HtmlEscapePlace - Setting emissary.output.root to /Users/connor/Projects/work/emissary/target/localoutput 
2023-12-12 00:43:52,770 [using logback-test.xml]  INFO emissary.command.BaseCommand - sample.dat HTML_ESCAPE.HTMLESCAPE.TRANSFORM.http://localhost:8001/HtmlEscapePlace - Emissary error dir set to /Users/connor/Projects/work/emissary/target/localerror 
2023-12-12 00:43:52,770 [using logback-test.xml]  INFO emissary.command.BaseCommand - sample.dat HTML_ESCAPE.HTMLESCAPE.TRANSFORM.http://localhost:8001/HtmlEscapePlace - Setting emissary.node.name to localhost 
2023-12-12 00:43:52,770 [using logback-test.xml]  INFO emissary.command.BaseCommand - sample.dat HTML_ESCAPE.HTMLESCAPE.TRANSFORM.http://localhost:8001/HtmlEscapePlace - Setting emissary.node.port to 8001 
2023-12-12 00:43:52,770 [using logback-test.xml]  INFO emissary.command.BaseCommand - sample.dat HTML_ESCAPE.HTMLESCAPE.TRANSFORM.http://localhost:8001/HtmlEscapePlace - Setting emissary.node.scheme to http 
2023-12-12 00:43:52,770 [using logback-test.xml]  WARN emissary.command.BaseCommand - sample.dat HTML_ESCAPE.HTMLESCAPE.TRANSFORM.http://localhost:8001/HtmlEscapePlace - Not using /Users/connor/Projects/work/emissary/target/config/logback.xml, staying with test config file:/Users/connor/Projects/work/emissary/target/test-classes/logback-test.xml
2023-12-12 00:43:52,771 [using logback-test.xml]  INFO emissary.command.BaseCommand - sample.dat HTML_ESCAPE.HTMLESCAPE.TRANSFORM.http://localhost:8001/HtmlEscapePlace - Overriding current emissary.config.flavor null to CLUSTER 
2023-12-12 00:43:52,771 [using logback-test.xml]  INFO emissary.command.BaseCommand - sample.dat HTML_ESCAPE.HTMLESCAPE.TRANSFORM.http://localhost:8001/HtmlEscapePlace - PROJECT_BASE is set to /Users/connor/Projects/work/emissary/target 
2023-12-12 00:43:52,771 [using logback-test.xml]  INFO emissary.command.BaseCommand - sample.dat HTML_ESCAPE.HTMLESCAPE.TRANSFORM.http://localhost:8001/HtmlEscapePlace - Setting emissary.config.dir to /Users/connor/Projects/work/emissary/target/config 
2023-12-12 00:43:52,771 [using logback-test.xml]  INFO emissary.command.BaseCommand - sample.dat HTML_ESCAPE.HTMLESCAPE.TRANSFORM.http://localhost:8001/HtmlEscapePlace - Setting emissary.bin.dir to /Users/connor/Projects/work/emissary/target/bin 
2023-12-12 00:43:52,771 [using logback-test.xml]  INFO emissary.command.BaseCommand - sample.dat HTML_ESCAPE.HTMLESCAPE.TRANSFORM.http://localhost:8001/HtmlEscapePlace - Setting emissary.output.root to /Users/connor/Projects/work/emissary/target/localoutput 
2023-12-12 00:43:52,771 [using logback-test.xml]  INFO emissary.command.BaseCommand - sample.dat HTML_ESCAPE.HTMLESCAPE.TRANSFORM.http://localhost:8001/HtmlEscapePlace - Emissary error dir set to /Users/connor/Projects/work/emissary/target/localerror 
2023-12-12 00:43:52,771 [using logback-test.xml]  INFO emissary.command.BaseCommand - sample.dat HTML_ESCAPE.HTMLESCAPE.TRANSFORM.http://localhost:8001/HtmlEscapePlace - Setting emissary.config.flavor to CLUSTER 
2023-12-12 00:43:52,771 [using logback-test.xml]  INFO emissary.command.BaseCommand - sample.dat HTML_ESCAPE.HTMLESCAPE.TRANSFORM.http://localhost:8001/HtmlEscapePlace - Setting emissary.node.name to localhost 
2023-12-12 00:43:52,771 [using logback-test.xml]  INFO emissary.command.BaseCommand - sample.dat HTML_ESCAPE.HTMLESCAPE.TRANSFORM.http://localhost:8001/HtmlEscapePlace - Setting emissary.node.port to 8001 
2023-12-12 00:43:52,771 [using logback-test.xml]  INFO emissary.command.BaseCommand - sample.dat HTML_ESCAPE.HTMLESCAPE.TRANSFORM.http://localhost:8001/HtmlEscapePlace - Setting emissary.node.scheme to http 
2023-12-12 00:43:52,771 [using logback-test.xml]  WARN emissary.command.BaseCommand - sample.dat HTML_ESCAPE.HTMLESCAPE.TRANSFORM.http://localhost:8001/HtmlEscapePlace - Not using /Users/connor/Projects/work/emissary/target/config/logback.xml, staying with test config file:/Users/connor/Projects/work/emissary/target/test-classes/logback-test.xml
2023-12-12 00:43:52,773 [using logback-test.xml]  INFO emissary.command.BaseCommand - sample.dat HTML_ESCAPE.HTMLESCAPE.TRANSFORM.http://localhost:8001/HtmlEscapePlace - Overriding current emissary.config.flavor CLUSTER to CLUSTER 
2023-12-12 00:43:52,774 [using logback-test.xml] DEBUG emissary.config.ConfigUtil - sample.dat HTML_ESCAPE.HTMLESCAPE.TRANSFORM.http://localhost:8001/HtmlEscapePlace - Attempting flavor merge on <none>-CLUSTER
2023-12-12 00:43:52,774 [using logback-test.xml] DEBUG emissary.config.ConfigUtil - sample.dat HTML_ESCAPE.HTMLESCAPE.TRANSFORM.http://localhost:8001/HtmlEscapePlace - Loading config for (string) <none>-CLUSTER
2023-12-12 00:43:52,774 [using logback-test.xml] DEBUG emissary.config.ConfigUtil - sample.dat HTML_ESCAPE.HTMLESCAPE.TRANSFORM.http://localhost:8001/HtmlEscapePlace - No file config found using new style <none>-CLUSTER
2023-12-12 00:43:52,775 [using logback-test.xml] DEBUG emissary.config.ConfigUtil - sample.dat HTML_ESCAPE.HTMLESCAPE.TRANSFORM.http://localhost:8001/HtmlEscapePlace - No config data as resource for emissary/place/<none>-CLUSTER
2023-12-12 00:43:52,775 [using logback-test.xml] DEBUG emissary.config.ConfigUtil - sample.dat HTML_ESCAPE.HTMLESCAPE.TRANSFORM.http://localhost:8001/HtmlEscapePlace - No config data as resource for <none>-CLUSTER
2023-12-12 00:43:52,775 [using logback-test.xml] DEBUG emissary.config.ConfigUtil - sample.dat HTML_ESCAPE.HTMLESCAPE.TRANSFORM.http://localhost:8001/HtmlEscapePlace - No file config found using old style <none>-CLUSTER.cfg
2023-12-12 00:43:52,775 [using logback-test.xml] DEBUG emissary.config.ConfigUtil - sample.dat HTML_ESCAPE.HTMLESCAPE.TRANSFORM.http://localhost:8001/HtmlEscapePlace - Unable to opt import flavor config <none>-CLUSTER
2023-12-12 00:43:52,775 [using logback-test.xml] DEBUG emissary.config.ConfigUtil - sample.dat HTML_ESCAPE.HTMLESCAPE.TRANSFORM.http://localhost:8001/HtmlEscapePlace - Attempting flavor merge on <none>-CLUSTER
2023-12-12 00:43:52,775 [using logback-test.xml] DEBUG emissary.config.ConfigUtil - sample.dat HTML_ESCAPE.HTMLESCAPE.TRANSFORM.http://localhost:8001/HtmlEscapePlace - Loading config for (string) <none>-CLUSTER
2023-12-12 00:43:52,775 [using logback-test.xml] DEBUG emissary.config.ConfigUtil - sample.dat HTML_ESCAPE.HTMLESCAPE.TRANSFORM.http://localhost:8001/HtmlEscapePlace - No file config found using new style <none>-CLUSTER
2023-12-12 00:43:52,775 [using logback-test.xml] DEBUG emissary.config.ConfigUtil - sample.dat HTML_ESCAPE.HTMLESCAPE.TRANSFORM.http://localhost:8001/HtmlEscapePlace - No config data as resource for emissary/place/<none>-CLUSTER
2023-12-12 00:43:52,775 [using logback-test.xml] DEBUG emissary.config.ConfigUtil - sample.dat HTML_ESCAPE.HTMLESCAPE.TRANSFORM.http://localhost:8001/HtmlEscapePlace - No config data as resource for <none>-CLUSTER
2023-12-12 00:43:52,775 [using logback-test.xml] DEBUG emissary.config.ConfigUtil - sample.dat HTML_ESCAPE.HTMLESCAPE.TRANSFORM.http://localhost:8001/HtmlEscapePlace - No file config found using old style <none>-CLUSTER.cfg
2023-12-12 00:43:52,775 [using logback-test.xml] DEBUG emissary.config.ConfigUtil - sample.dat HTML_ESCAPE.HTMLESCAPE.TRANSFORM.http://localhost:8001/HtmlEscapePlace - Unable to opt import flavor config <none>-CLUSTER
2023-12-12 00:43:52,775 [using logback-test.xml] DEBUG emissary.config.ConfigUtil - sample.dat HTML_ESCAPE.HTMLESCAPE.TRANSFORM.http://localhost:8001/HtmlEscapePlace - Configured configDirProperty /Users/connor/Projects/work/emissary/target/config
]]></system-out>
  </testcase>
</testsuite>