<?xml version="1.0" encoding="UTF-8"?>
<testsuite xmlns:xsi="http://www.w3.org/2001/XMLSchema-instance" xsi:noNamespaceSchemaLocation="https://maven.apache.org/surefire/maven-surefire-plugin/xsd/surefire-test-report-3.0.xsd" version="3.0" name="emissary.server.mvc.internal.RegisterPeerActionTest" time="0.939" tests="10" errors="0" skipped="0" failures="0">
  <properties>
    <property name="git.tags" value="8.0.0-M10"/>
    <property name="java.specification.version" value="17"/>
    <property name="sun.jnu.encoding" value="UTF-8"/>
    <property name="git.build.version" value="8.0.0-M10"/>
    <property name="java.class.path" value="/Users/connor/Projects/work/emissary/target/test-classes:/Users/connor/Projects/work/emissary/target/classes:/Users/connor/.m2/repository/ch/qos/logback/logback-classic/1.3.12/logback-classic-1.3.12.jar:/Users/connor/.m2/repository/ch/qos/logback/logback-core/1.3.12/logback-core-1.3.12.jar:/Users/connor/.m2/repository/com/fasterxml/jackson/core/jackson-databind/2.13.4.2/jackson-databind-2.13.4.2.jar:/Users/connor/.m2/repository/com/fasterxml/jackson/core/jackson-annotations/2.13.4/jackson-annotations-2.13.4.jar:/Users/connor/.m2/repository/com/fasterxml/jackson/core/jackson-core/2.13.4/jackson-core-2.13.4.jar:/Users/connor/.m2/repository/com/github/spullara/mustache/java/compiler/0.9.10/compiler-0.9.10.jar:/Users/connor/.m2/repository/com/google/code/gson/gson/2.8.9/gson-2.8.9.jar:/Users/connor/.m2/repository/com/google/guava/guava/32.0.0-jre/guava-32.0.0-jre.jar:/Users/connor/.m2/repository/com/google/guava/failureaccess/1.0.1/failureaccess-1.0.1.jar:/Users/connor/.m2/repository/com/google/guava/listenablefuture/9999.0-empty-to-avoid-conflict-with-guava/listenablefuture-9999.0-empty-to-avoid-conflict-with-guava.jar:/Users/connor/.m2/repository/com/google/code/findbugs/jsr305/3.0.2/jsr305-3.0.2.jar:/Users/connor/.m2/repository/org/checkerframework/checker-qual/3.33.0/checker-qual-3.33.0.jar:/Users/connor/.m2/repository/com/google/errorprone/error_prone_annotations/2.18.0/error_prone_annotations-2.18.0.jar:/Users/connor/.m2/repository/com/google/j2objc/j2objc-annotations/2.8/j2objc-annotations-2.8.jar:/Users/connor/.m2/repository/commons-cli/commons-cli/1.5.0/commons-cli-1.5.0.jar:/Users/connor/.m2/repository/commons-codec/commons-codec/1.15/commons-codec-1.15.jar:/Users/connor/.m2/repository/commons-io/commons-io/2.11.0/commons-io-2.11.0.jar:/Users/connor/.m2/repository/info/picocli/picocli/4.7.4/picocli-4.7.4.jar:/Users/connor/.m2/repository/io/dropwizard/metrics/metrics-graphite/4.2.4/metrics-graphite-4.2.4.jar:/Users/connor/.m2/repository/io/dropwizard/metrics/metrics-core/4.2.4/metrics-core-4.2.4.jar:/Users/connor/.m2/repository/com/rabbitmq/amqp-client/5.13.1/amqp-client-5.13.1.jar:/Users/connor/.m2/repository/io/dropwizard/metrics/metrics-healthchecks/4.2.4/metrics-healthchecks-4.2.4.jar:/Users/connor/.m2/repository/io/dropwizard/metrics/metrics-jmx/4.2.4/metrics-jmx-4.2.4.jar:/Users/connor/.m2/repository/io/dropwizard/metrics/metrics-jvm/4.2.4/metrics-jvm-4.2.4.jar:/Users/connor/.m2/repository/io/dropwizard/metrics/metrics-servlets/4.2.4/metrics-servlets-4.2.4.jar:/Users/connor/.m2/repository/io/dropwizard/metrics/metrics-json/4.2.4/metrics-json-4.2.4.jar:/Users/connor/.m2/repository/com/helger/profiler/1.1.1/profiler-1.1.1.jar:/Users/connor/.m2/repository/jakarta/activation/jakarta.activation-api/1.2.2/jakarta.activation-api-1.2.2.jar:/Users/connor/.m2/repository/jakarta/servlet/jakarta.servlet-api/4.0.3/jakarta.servlet-api-4.0.3.jar:/Users/connor/.m2/repository/jakarta/xml/bind/jakarta.xml.bind-api/2.3.3/jakarta.xml.bind-api-2.3.3.jar:/Users/connor/.m2/repository/net/logstash/logback/logstash-logback-encoder/7.2/logstash-logback-encoder-7.2.jar:/Users/connor/.m2/repository/net/spy/spymemcached/2.12.3/spymemcached-2.12.3.jar:/Users/connor/.m2/repository/org/apache/commons/commons-collections4/4.4/commons-collections4-4.4.jar:/Users/connor/.m2/repository/org/apache/commons/commons-compress/1.21/commons-compress-1.21.jar:/Users/connor/.m2/repository/org/apache/commons/commons-exec/1.3/commons-exec-1.3.jar:/Users/connor/.m2/repository/org/apache/commons/commons-lang3/3.12.0/commons-lang3-3.12.0.jar:/Users/connor/.m2/repository/org/apache/commons/commons-pool2/2.11.1/commons-pool2-2.11.1.jar:/Users/connor/.m2/repository/org/apache/httpcomponents/client5/httpclient5/5.2.1/httpclient5-5.2.1.jar:/Users/connor/.m2/repository/org/apache/httpcomponents/core5/httpcore5/5.2.1/httpcore5-5.2.1.jar:/Users/connor/.m2/repository/org/apache/httpcomponents/core5/httpcore5-h2/5.2/httpcore5-h2-5.2.jar:/Users/connor/.m2/repository/org/codehaus/janino/janino/3.1.7/janino-3.1.7.jar:/Users/connor/.m2/repository/org/codehaus/janino/commons-compiler/3.1.7/commons-compiler-3.1.7.jar:/Users/connor/.m2/repository/org/eclipse/jetty/jetty-plus/10.0.15/jetty-plus-10.0.15.jar:/Users/connor/.m2/repository/jakarta/transaction/jakarta.transaction-api/1.3.3/jakarta.transaction-api-1.3.3.jar:/Users/connor/.m2/repository/org/eclipse/jetty/jetty-jndi/10.0.15/jetty-jndi-10.0.15.jar:/Users/connor/.m2/repository/org/eclipse/jetty/jetty-security/10.0.15/jetty-security-10.0.15.jar:/Users/connor/.m2/repository/org/eclipse/jetty/jetty-server/10.0.15/jetty-server-10.0.15.jar:/Users/connor/.m2/repository/org/eclipse/jetty/jetty-http/10.0.15/jetty-http-10.0.15.jar:/Users/connor/.m2/repository/org/eclipse/jetty/jetty-io/10.0.15/jetty-io-10.0.15.jar:/Users/connor/.m2/repository/org/eclipse/jetty/jetty-util/10.0.15/jetty-util-10.0.15.jar:/Users/connor/.m2/repository/org/eclipse/jetty/jetty-webapp/10.0.15/jetty-webapp-10.0.15.jar:/Users/connor/.m2/repository/org/eclipse/jetty/jetty-servlet/10.0.15/jetty-servlet-10.0.15.jar:/Users/connor/.m2/repository/org/eclipse/jetty/jetty-xml/10.0.15/jetty-xml-10.0.15.jar:/Users/connor/.m2/repository/org/glassfish/jaxb/jaxb-runtime/2.3.8/jaxb-runtime-2.3.8.jar:/Users/connor/.m2/repository/org/glassfish/jaxb/txw2/2.3.8/txw2-2.3.8.jar:/Users/connor/.m2/repository/com/sun/istack/istack-commons-runtime/3.0.12/istack-commons-runtime-3.0.12.jar:/Users/connor/.m2/repository/com/sun/activation/jakarta.activation/1.2.2/jakarta.activation-1.2.2.jar:/Users/connor/.m2/repository/org/glassfish/jersey/containers/jersey-container-jetty-http/2.40/jersey-container-jetty-http-2.40.jar:/Users/connor/.m2/repository/org/glassfish/hk2/external/jakarta.inject/2.6.1/jakarta.inject-2.6.1.jar:/Users/connor/.m2/repository/org/eclipse/jetty/jetty-continuation/9.4.51.v20230217/jetty-continuation-9.4.51.v20230217.jar:/Users/connor/.m2/repository/jakarta/ws/rs/jakarta.ws.rs-api/2.1.6/jakarta.ws.rs-api-2.1.6.jar:/Users/connor/.m2/repository/org/glassfish/jersey/containers/jersey-container-servlet-core/2.40/jersey-container-servlet-core-2.40.jar:/Users/connor/.m2/repository/org/glassfish/jersey/core/jersey-common/2.40/jersey-common-2.40.jar:/Users/connor/.m2/repository/jakarta/annotation/jakarta.annotation-api/1.3.5/jakarta.annotation-api-1.3.5.jar:/Users/connor/.m2/repository/org/glassfish/hk2/osgi-resource-locator/1.0.3/osgi-resource-locator-1.0.3.jar:/Users/connor/.m2/repository/org/glassfish/jersey/core/jersey-server/2.40/jersey-server-2.40.jar:/Users/connor/.m2/repository/org/glassfish/jersey/core/jersey-client/2.40/jersey-client-2.40.jar:/Users/connor/.m2/repository/jakarta/validation/jakarta.validation-api/2.0.2/jakarta.validation-api-2.0.2.jar:/Users/connor/.m2/repository/org/glassfish/jersey/ext/jersey-mvc/2.40/jersey-mvc-2.40.jar:/Users/connor/.m2/repository/org/glassfish/jersey/ext/jersey-mvc-mustache/2.40/jersey-mvc-mustache-2.40.jar:/Users/connor/.m2/repository/org/glassfish/jersey/inject/jersey-hk2/2.40/jersey-hk2-2.40.jar:/Users/connor/.m2/repository/org/glassfish/hk2/hk2-locator/2.6.1/hk2-locator-2.6.1.jar:/Users/connor/.m2/repository/org/glassfish/hk2/external/aopalliance-repackaged/2.6.1/aopalliance-repackaged-2.6.1.jar:/Users/connor/.m2/repository/org/glassfish/hk2/hk2-api/2.6.1/hk2-api-2.6.1.jar:/Users/connor/.m2/repository/org/glassfish/hk2/hk2-utils/2.6.1/hk2-utils-2.6.1.jar:/Users/connor/.m2/repository/org/javassist/javassist/3.29.2-GA/javassist-3.29.2-GA.jar:/Users/connor/.m2/repository/org/glassfish/jersey/media/jersey-media-json-jackson/2.40/jersey-media-json-jackson-2.40.jar:/Users/connor/.m2/repository/org/glassfish/jersey/ext/jersey-entity-filtering/2.40/jersey-entity-filtering-2.40.jar:/Users/connor/.m2/repository/com/fasterxml/jackson/module/jackson-module-jaxb-annotations/2.13.4/jackson-module-jaxb-annotations-2.13.4.jar:/Users/connor/.m2/repository/org/glassfish/jersey/media/jersey-media-multipart/2.40/jersey-media-multipart-2.40.jar:/Users/connor/.m2/repository/org/jvnet/mimepull/mimepull/1.9.15/mimepull-1.9.15.jar:/Users/connor/.m2/repository/org/jdom/jdom2/2.0.6.1/jdom2-2.0.6.1.jar:/Users/connor/.m2/repository/org/slf4j/log4j-over-slf4j/2.0.7/log4j-over-slf4j-2.0.7.jar:/Users/connor/.m2/repository/org/slf4j/slf4j-api/2.0.7/slf4j-api-2.0.7.jar:/Users/connor/.m2/repository/org/glassfish/jersey/test-framework/providers/jersey-test-framework-provider-jetty/2.40/jersey-test-framework-provider-jetty-2.40.jar:/Users/connor/.m2/repository/org/glassfish/jersey/test-framework/jersey-test-framework-core/2.40/jersey-test-framework-core-2.40.jar:/Users/connor/.m2/repository/org/glassfish/jersey/media/jersey-media-jaxb/2.40/jersey-media-jaxb-2.40.jar:/Users/connor/.m2/repository/org/hamcrest/hamcrest/2.2/hamcrest-2.2.jar:/Users/connor/.m2/repository/org/junit/jupiter/junit-jupiter/5.8.2/junit-jupiter-5.8.2.jar:/Users/connor/.m2/repository/org/junit/jupiter/junit-jupiter-api/5.8.2/junit-jupiter-api-5.8.2.jar:/Users/connor/.m2/repository/org/opentest4j/opentest4j/1.2.0/opentest4j-1.2.0.jar:/Users/connor/.m2/repository/org/junit/platform/junit-platform-commons/1.8.2/junit-platform-commons-1.8.2.jar:/Users/connor/.m2/repository/org/junit/jupiter/junit-jupiter-params/5.8.2/junit-jupiter-params-5.8.2.jar:/Users/connor/.m2/repository/org/junit/jupiter/junit-jupiter-engine/5.8.2/junit-jupiter-engine-5.8.2.jar:/Users/connor/.m2/repository/org/junit/vintage/junit-vintage-engine/5.8.2/junit-vintage-engine-5.8.2.jar:/Users/connor/.m2/repository/org/junit/platform/junit-platform-engine/1.8.2/junit-platform-engine-1.8.2.jar:/Users/connor/.m2/repository/junit/junit/4.13.2/junit-4.13.2.jar:/Users/connor/.m2/repository/org/apiguardian/apiguardian-api/1.1.2/apiguardian-api-1.1.2.jar:/Users/connor/.m2/repository/org/mockito/mockito-core/5.4.0/mockito-core-5.4.0.jar:/Users/connor/.m2/repository/net/bytebuddy/byte-buddy/1.14.5/byte-buddy-1.14.5.jar:/Users/connor/.m2/repository/net/bytebuddy/byte-buddy-agent/1.14.5/byte-buddy-agent-1.14.5.jar:/Users/connor/.m2/repository/org/objenesis/objenesis/3.3/objenesis-3.3.jar:/Users/connor/.m2/repository/org/mockito/mockito-junit-jupiter/5.4.0/mockito-junit-jupiter-5.4.0.jar:"/>
    <property name="git.branch" value="ff82d3005ccb4ef8091d2c5b0fd31b049ef697ab"/>
    <property name="git.build.host" value="Connors-MacBook-Pro.local"/>
    <property name="java.vm.vendor" value="Azul Systems, Inc."/>
    <property name="sun.arch.data.model" value="64"/>
    <property name="emissary.config.pkg" value="emissary.place"/>
    <property name="java.vendor.url" value="http://www.azul.com/"/>
    <property name="java.locale.providers" value="COMPAT"/>
    <property name="user.timezone" value="GMT"/>
    <property name="java.vm.specification.version" value="17"/>
    <property name="os.name" value="Mac OS X"/>
    <property name="git.commit.author.time" value="2023-12-04T14:17:17-0500"/>
    <property name="sun.java.launcher" value="SUN_STANDARD"/>
    <property name="user.country" value="US"/>
    <property name="git.build.user.name" value="Connor Koehler"/>
    <property name="sun.boot.library.path" value="/Users/connor/.sdkman/candidates/java/17.0.3.fx-zulu/zulu-17.jdk/Contents/Home/lib"/>
    <property name="sun.java.command" value="/Users/connor/Projects/work/emissary/target/surefire/surefirebooter-20231211194348699_12.jar /Users/connor/Projects/work/emissary/target/surefire 2023-12-11T19-43-48_360-jvmRun5 surefire-20231211194348699_3tmp surefire_2-20231211194348699_7tmp"/>
    <property name="http.nonProxyHosts" value="local|*.local|169.254/16|*.169.254/16"/>
    <property name="jdk.debug" value="release"/>
    <property name="surefire.test.class.path" value="/Users/connor/Projects/work/emissary/target/test-classes:/Users/connor/Projects/work/emissary/target/classes:/Users/connor/.m2/repository/ch/qos/logback/logback-classic/1.3.12/logback-classic-1.3.12.jar:/Users/connor/.m2/repository/ch/qos/logback/logback-core/1.3.12/logback-core-1.3.12.jar:/Users/connor/.m2/repository/com/fasterxml/jackson/core/jackson-databind/2.13.4.2/jackson-databind-2.13.4.2.jar:/Users/connor/.m2/repository/com/fasterxml/jackson/core/jackson-annotations/2.13.4/jackson-annotations-2.13.4.jar:/Users/connor/.m2/repository/com/fasterxml/jackson/core/jackson-core/2.13.4/jackson-core-2.13.4.jar:/Users/connor/.m2/repository/com/github/spullara/mustache/java/compiler/0.9.10/compiler-0.9.10.jar:/Users/connor/.m2/repository/com/google/code/gson/gson/2.8.9/gson-2.8.9.jar:/Users/connor/.m2/repository/com/google/guava/guava/32.0.0-jre/guava-32.0.0-jre.jar:/Users/connor/.m2/repository/com/google/guava/failureaccess/1.0.1/failureaccess-1.0.1.jar:/Users/connor/.m2/repository/com/google/guava/listenablefuture/9999.0-empty-to-avoid-conflict-with-guava/listenablefuture-9999.0-empty-to-avoid-conflict-with-guava.jar:/Users/connor/.m2/repository/com/google/code/findbugs/jsr305/3.0.2/jsr305-3.0.2.jar:/Users/connor/.m2/repository/org/checkerframework/checker-qual/3.33.0/checker-qual-3.33.0.jar:/Users/connor/.m2/repository/com/google/errorprone/error_prone_annotations/2.18.0/error_prone_annotations-2.18.0.jar:/Users/connor/.m2/repository/com/google/j2objc/j2objc-annotations/2.8/j2objc-annotations-2.8.jar:/Users/connor/.m2/repository/commons-cli/commons-cli/1.5.0/commons-cli-1.5.0.jar:/Users/connor/.m2/repository/commons-codec/commons-codec/1.15/commons-codec-1.15.jar:/Users/connor/.m2/repository/commons-io/commons-io/2.11.0/commons-io-2.11.0.jar:/Users/connor/.m2/repository/info/picocli/picocli/4.7.4/picocli-4.7.4.jar:/Users/connor/.m2/repository/io/dropwizard/metrics/metrics-graphite/4.2.4/metrics-graphite-4.2.4.jar:/Users/connor/.m2/repository/io/dropwizard/metrics/metrics-core/4.2.4/metrics-core-4.2.4.jar:/Users/connor/.m2/repository/com/rabbitmq/amqp-client/5.13.1/amqp-client-5.13.1.jar:/Users/connor/.m2/repository/io/dropwizard/metrics/metrics-healthchecks/4.2.4/metrics-healthchecks-4.2.4.jar:/Users/connor/.m2/repository/io/dropwizard/metrics/metrics-jmx/4.2.4/metrics-jmx-4.2.4.jar:/Users/connor/.m2/repository/io/dropwizard/metrics/metrics-jvm/4.2.4/metrics-jvm-4.2.4.jar:/Users/connor/.m2/repository/io/dropwizard/metrics/metrics-servlets/4.2.4/metrics-servlets-4.2.4.jar:/Users/connor/.m2/repository/io/dropwizard/metrics/metrics-json/4.2.4/metrics-json-4.2.4.jar:/Users/connor/.m2/repository/com/helger/profiler/1.1.1/profiler-1.1.1.jar:/Users/connor/.m2/repository/jakarta/activation/jakarta.activation-api/1.2.2/jakarta.activation-api-1.2.2.jar:/Users/connor/.m2/repository/jakarta/servlet/jakarta.servlet-api/4.0.3/jakarta.servlet-api-4.0.3.jar:/Users/connor/.m2/repository/jakarta/xml/bind/jakarta.xml.bind-api/2.3.3/jakarta.xml.bind-api-2.3.3.jar:/Users/connor/.m2/repository/net/logstash/logback/logstash-logback-encoder/7.2/logstash-logback-encoder-7.2.jar:/Users/connor/.m2/repository/net/spy/spymemcached/2.12.3/spymemcached-2.12.3.jar:/Users/connor/.m2/repository/org/apache/commons/commons-collections4/4.4/commons-collections4-4.4.jar:/Users/connor/.m2/repository/org/apache/commons/commons-compress/1.21/commons-compress-1.21.jar:/Users/connor/.m2/repository/org/apache/commons/commons-exec/1.3/commons-exec-1.3.jar:/Users/connor/.m2/repository/org/apache/commons/commons-lang3/3.12.0/commons-lang3-3.12.0.jar:/Users/connor/.m2/repository/org/apache/commons/commons-pool2/2.11.1/commons-pool2-2.11.1.jar:/Users/connor/.m2/repository/org/apache/httpcomponents/client5/httpclient5/5.2.1/httpclient5-5.2.1.jar:/Users/connor/.m2/repository/org/apache/httpcomponents/core5/httpcore5/5.2.1/httpcore5-5.2.1.jar:/Users/connor/.m2/repository/org/apache/httpcomponents/core5/httpcore5-h2/5.2/httpcore5-h2-5.2.jar:/Users/connor/.m2/repository/org/codehaus/janino/janino/3.1.7/janino-3.1.7.jar:/Users/connor/.m2/repository/org/codehaus/janino/commons-compiler/3.1.7/commons-compiler-3.1.7.jar:/Users/connor/.m2/repository/org/eclipse/jetty/jetty-plus/10.0.15/jetty-plus-10.0.15.jar:/Users/connor/.m2/repository/jakarta/transaction/jakarta.transaction-api/1.3.3/jakarta.transaction-api-1.3.3.jar:/Users/connor/.m2/repository/org/eclipse/jetty/jetty-jndi/10.0.15/jetty-jndi-10.0.15.jar:/Users/connor/.m2/repository/org/eclipse/jetty/jetty-security/10.0.15/jetty-security-10.0.15.jar:/Users/connor/.m2/repository/org/eclipse/jetty/jetty-server/10.0.15/jetty-server-10.0.15.jar:/Users/connor/.m2/repository/org/eclipse/jetty/jetty-http/10.0.15/jetty-http-10.0.15.jar:/Users/connor/.m2/repository/org/eclipse/jetty/jetty-io/10.0.15/jetty-io-10.0.15.jar:/Users/connor/.m2/repository/org/eclipse/jetty/jetty-util/10.0.15/jetty-util-10.0.15.jar:/Users/connor/.m2/repository/org/eclipse/jetty/jetty-webapp/10.0.15/jetty-webapp-10.0.15.jar:/Users/connor/.m2/repository/org/eclipse/jetty/jetty-servlet/10.0.15/jetty-servlet-10.0.15.jar:/Users/connor/.m2/repository/org/eclipse/jetty/jetty-xml/10.0.15/jetty-xml-10.0.15.jar:/Users/connor/.m2/repository/org/glassfish/jaxb/jaxb-runtime/2.3.8/jaxb-runtime-2.3.8.jar:/Users/connor/.m2/repository/org/glassfish/jaxb/txw2/2.3.8/txw2-2.3.8.jar:/Users/connor/.m2/repository/com/sun/istack/istack-commons-runtime/3.0.12/istack-commons-runtime-3.0.12.jar:/Users/connor/.m2/repository/com/sun/activation/jakarta.activation/1.2.2/jakarta.activation-1.2.2.jar:/Users/connor/.m2/repository/org/glassfish/jersey/containers/jersey-container-jetty-http/2.40/jersey-container-jetty-http-2.40.jar:/Users/connor/.m2/repository/org/glassfish/hk2/external/jakarta.inject/2.6.1/jakarta.inject-2.6.1.jar:/Users/connor/.m2/repository/org/eclipse/jetty/jetty-continuation/9.4.51.v20230217/jetty-continuation-9.4.51.v20230217.jar:/Users/connor/.m2/repository/jakarta/ws/rs/jakarta.ws.rs-api/2.1.6/jakarta.ws.rs-api-2.1.6.jar:/Users/connor/.m2/repository/org/glassfish/jersey/containers/jersey-container-servlet-core/2.40/jersey-container-servlet-core-2.40.jar:/Users/connor/.m2/repository/org/glassfish/jersey/core/jersey-common/2.40/jersey-common-2.40.jar:/Users/connor/.m2/repository/jakarta/annotation/jakarta.annotation-api/1.3.5/jakarta.annotation-api-1.3.5.jar:/Users/connor/.m2/repository/org/glassfish/hk2/osgi-resource-locator/1.0.3/osgi-resource-locator-1.0.3.jar:/Users/connor/.m2/repository/org/glassfish/jersey/core/jersey-server/2.40/jersey-server-2.40.jar:/Users/connor/.m2/repository/org/glassfish/jersey/core/jersey-client/2.40/jersey-client-2.40.jar:/Users/connor/.m2/repository/jakarta/validation/jakarta.validation-api/2.0.2/jakarta.validation-api-2.0.2.jar:/Users/connor/.m2/repository/org/glassfish/jersey/ext/jersey-mvc/2.40/jersey-mvc-2.40.jar:/Users/connor/.m2/repository/org/glassfish/jersey/ext/jersey-mvc-mustache/2.40/jersey-mvc-mustache-2.40.jar:/Users/connor/.m2/repository/org/glassfish/jersey/inject/jersey-hk2/2.40/jersey-hk2-2.40.jar:/Users/connor/.m2/repository/org/glassfish/hk2/hk2-locator/2.6.1/hk2-locator-2.6.1.jar:/Users/connor/.m2/repository/org/glassfish/hk2/external/aopalliance-repackaged/2.6.1/aopalliance-repackaged-2.6.1.jar:/Users/connor/.m2/repository/org/glassfish/hk2/hk2-api/2.6.1/hk2-api-2.6.1.jar:/Users/connor/.m2/repository/org/glassfish/hk2/hk2-utils/2.6.1/hk2-utils-2.6.1.jar:/Users/connor/.m2/repository/org/javassist/javassist/3.29.2-GA/javassist-3.29.2-GA.jar:/Users/connor/.m2/repository/org/glassfish/jersey/media/jersey-media-json-jackson/2.40/jersey-media-json-jackson-2.40.jar:/Users/connor/.m2/repository/org/glassfish/jersey/ext/jersey-entity-filtering/2.40/jersey-entity-filtering-2.40.jar:/Users/connor/.m2/repository/com/fasterxml/jackson/module/jackson-module-jaxb-annotations/2.13.4/jackson-module-jaxb-annotations-2.13.4.jar:/Users/connor/.m2/repository/org/glassfish/jersey/media/jersey-media-multipart/2.40/jersey-media-multipart-2.40.jar:/Users/connor/.m2/repository/org/jvnet/mimepull/mimepull/1.9.15/mimepull-1.9.15.jar:/Users/connor/.m2/repository/org/jdom/jdom2/2.0.6.1/jdom2-2.0.6.1.jar:/Users/connor/.m2/repository/org/slf4j/log4j-over-slf4j/2.0.7/log4j-over-slf4j-2.0.7.jar:/Users/connor/.m2/repository/org/slf4j/slf4j-api/2.0.7/slf4j-api-2.0.7.jar:/Users/connor/.m2/repository/org/glassfish/jersey/test-framework/providers/jersey-test-framework-provider-jetty/2.40/jersey-test-framework-provider-jetty-2.40.jar:/Users/connor/.m2/repository/org/glassfish/jersey/test-framework/jersey-test-framework-core/2.40/jersey-test-framework-core-2.40.jar:/Users/connor/.m2/repository/org/glassfish/jersey/media/jersey-media-jaxb/2.40/jersey-media-jaxb-2.40.jar:/Users/connor/.m2/repository/org/hamcrest/hamcrest/2.2/hamcrest-2.2.jar:/Users/connor/.m2/repository/org/junit/jupiter/junit-jupiter/5.8.2/junit-jupiter-5.8.2.jar:/Users/connor/.m2/repository/org/junit/jupiter/junit-jupiter-api/5.8.2/junit-jupiter-api-5.8.2.jar:/Users/connor/.m2/repository/org/opentest4j/opentest4j/1.2.0/opentest4j-1.2.0.jar:/Users/connor/.m2/repository/org/junit/platform/junit-platform-commons/1.8.2/junit-platform-commons-1.8.2.jar:/Users/connor/.m2/repository/org/junit/jupiter/junit-jupiter-params/5.8.2/junit-jupiter-params-5.8.2.jar:/Users/connor/.m2/repository/org/junit/jupiter/junit-jupiter-engine/5.8.2/junit-jupiter-engine-5.8.2.jar:/Users/connor/.m2/repository/org/junit/vintage/junit-vintage-engine/5.8.2/junit-vintage-engine-5.8.2.jar:/Users/connor/.m2/repository/org/junit/platform/junit-platform-engine/1.8.2/junit-platform-engine-1.8.2.jar:/Users/connor/.m2/repository/junit/junit/4.13.2/junit-4.13.2.jar:/Users/connor/.m2/repository/org/apiguardian/apiguardian-api/1.1.2/apiguardian-api-1.1.2.jar:/Users/connor/.m2/repository/org/mockito/mockito-core/5.4.0/mockito-core-5.4.0.jar:/Users/connor/.m2/repository/net/bytebuddy/byte-buddy/1.14.5/byte-buddy-1.14.5.jar:/Users/connor/.m2/repository/net/bytebuddy/byte-buddy-agent/1.14.5/byte-buddy-agent-1.14.5.jar:/Users/connor/.m2/repository/org/objenesis/objenesis/3.3/objenesis-3.3.jar:/Users/connor/.m2/repository/org/mockito/mockito-junit-jupiter/5.4.0/mockito-junit-jupiter-5.4.0.jar:"/>
    <property name="sun.cpu.endian" value="little"/>
    <property name="emissary.node.port" value="8001"/>
    <property name="user.home" value="/Users/connor"/>
    <property name="user.language" value="en"/>
    <property name="git.closest.tag.commit.count" value="0"/>
    <property name="emissary.bin.dir" value="/Users/connor/Projects/work/emissary/target/bin"/>
    <property name="java.specification.vendor" value="Oracle Corporation"/>
    <property name="emissary.config.flavor" value="CLUSTER"/>
    <property name="emissary.node.service.type" value="server"/>
    <property name="java.version.date" value="2022-04-19"/>
    <property name="java.home" value="/Users/connor/.sdkman/candidates/java/17.0.3.fx-zulu/zulu-17.jdk/Contents/Home"/>
    <property name="git.total.commit.count" value="623"/>
    <property name="file.separator" value="/"/>
    <property name="basedir" value="/Users/connor/Projects/work/emissary"/>
    <property name="java.vm.compressedOopsMode" value="Zero based"/>
    <property name="line.separator" value="&#10;"/>
    <property name="emissary.node.name" value="localhost"/>
    <property name="git.build.user.email" value="connor@connortech.me"/>
    <property name="git.commit.committer.time" value="2023-12-04T14:17:17-0500"/>
    <property name="java.vm.specification.vendor" value="Oracle Corporation"/>
    <property name="java.specification.name" value="Java Platform API Specification"/>
    <property name="emissary.node.scheme" value="http"/>
    <property name="java.awt.headless" value="true"/>
    <property name="git.commit.id.full" value="ff82d3005ccb4ef8091d2c5b0fd31b049ef697ab"/>
    <property name="git.closest.tag.name" value="8.0.0-M10"/>
    <property name="git.local.branch.ahead" value="NO_REMOTE"/>
    <property name="git.build.time" value="2023-12-11T19:43:39-0500"/>
    <property name="surefire.real.class.path" value="/Users/connor/Projects/work/emissary/target/surefire/surefirebooter-20231211194348699_12.jar"/>
    <property name="logback.configurationFile" value="/Users/connor/Projects/work/emissary/target/test-classes/logback-test.xml"/>
    <property name="git.commit.message.full" value="[github_actions](jpdahlke) release 8.0.0-M10"/>
    <property name="emissary.config.dir" value="/Users/connor/Projects/work/emissary/target/config"/>
    <property name="sun.management.compiler" value="HotSpot 64-Bit Tiered Compilers"/>
    <property name="ftp.nonProxyHosts" value="local|*.local|169.254/16|*.169.254/16"/>
    <property name="java.runtime.version" value="17.0.3+7-LTS"/>
    <property name="java.net.preferIPv4Stack" value="true"/>
    <property name="user.name" value="connor"/>
    <property name="path.separator" value=":"/>
    <property name="os.version" value="14.1.2"/>
    <property name="java.runtime.name" value="OpenJDK Runtime Environment"/>
    <property name="emissary.output.root" value="/Users/connor/Projects/work/emissary/target/localoutput"/>
    <property name="file.encoding" value="UTF-8"/>
    <property name="git.commit.user.email" value="jpdahlke@users.noreply.github.com"/>
    <property name="java.vm.name" value="OpenJDK 64-Bit Server VM"/>
    <property name="java.vendor.version" value="Zulu17.34+19-CA"/>
    <property name="git.local.branch.behind" value="NO_REMOTE"/>
    <property name="git.dirty" value="true"/>
    <property name="localRepository" value="/Users/connor/.m2/repository"/>
    <property name="java.vendor.url.bug" value="http://www.azul.com/support/"/>
    <property name="jetty.git.hash" value="68017dbd00236bb7e187330d7585a059610f661d"/>
    <property name="java.io.tmpdir" value="/var/folders/c5/1cbn13_j3t150_4w0t6rdtd00000gn/T/"/>
    <property name="java.version" value="17.0.3"/>
    <property name="user.dir" value="/Users/connor/Projects/work/emissary"/>
    <property name="os.arch" value="aarch64"/>
    <property name="git.commit.user.name" value="jpdahlke"/>
    <property name="git.commit.id.abbrev" value="ff82d30"/>
    <property name="java.vm.specification.name" value="Java Virtual Machine Specification"/>
    <property name="git.commit.id.describe-short" value="8.0.0-M10-dirty"/>
    <property name="git.commit.id.describe" value="8.0.0-M10-dirty"/>
    <property name="native.encoding" value="UTF-8"/>
    <property name="java.library.path" value="/Users/connor/Library/Java/Extensions:/Library/Java/Extensions:/Network/Library/Java/Extensions:/System/Library/Java/Extensions:/usr/lib/java:."/>
    <property name="git.commit.message.short" value="[github_actions](jpdahlke) release 8.0.0-M10"/>
    <property name="java.vm.info" value="mixed mode, sharing"/>
    <property name="java.vendor" value="Azul Systems, Inc."/>
    <property name="java.vm.version" value="17.0.3+7-LTS"/>
    <property name="sun.io.unicode.encoding" value="UnicodeBig"/>
    <property name="socksNonProxyHosts" value="local|*.local|169.254/16|*.169.254/16"/>
    <property name="java.class.version" value="61.0"/>
    <property name="git.commit.time" value="2023-12-04T14:17:17-0500"/>
    <property name="git.remote.origin.url" value="git@github.com:cfkoehler/emissary.git"/>
  </properties>
  <testcase name="failUnknownPeerRegistration" classname="emissary.server.mvc.internal.RegisterPeerActionTest" time="0.113">
    <system-out><![CDATA[2023-12-12 00:43:55,500 [using logback-test.xml]  INFO emissary.command.BaseCommand - sample.dat HTML_ESCAPE.HTMLESCAPE.TRANSFORM.http://localhost:8001/HtmlEscapePlace - PROJECT_BASE is set to /Users/connor/Projects/work/emissary/target 
2023-12-12 00:43:55,500 [using logback-test.xml]  INFO emissary.command.BaseCommand - sample.dat HTML_ESCAPE.HTMLESCAPE.TRANSFORM.http://localhost:8001/HtmlEscapePlace - Setting emissary.config.dir to /Users/connor/Projects/work/emissary/target/config 
2023-12-12 00:43:55,500 [using logback-test.xml]  INFO emissary.command.BaseCommand - sample.dat HTML_ESCAPE.HTMLESCAPE.TRANSFORM.http://localhost:8001/HtmlEscapePlace - Setting emissary.bin.dir to /Users/connor/Projects/work/emissary/target/bin 
2023-12-12 00:43:55,500 [using logback-test.xml]  INFO emissary.command.BaseCommand - sample.dat HTML_ESCAPE.HTMLESCAPE.TRANSFORM.http://localhost:8001/HtmlEscapePlace - Setting emissary.output.root to /Users/connor/Projects/work/emissary/target/localoutput 
2023-12-12 00:43:55,500 [using logback-test.xml]  INFO emissary.command.BaseCommand - sample.dat HTML_ESCAPE.HTMLESCAPE.TRANSFORM.http://localhost:8001/HtmlEscapePlace - Emissary error dir set to /Users/connor/Projects/work/emissary/target/localerror 
2023-12-12 00:43:55,500 [using logback-test.xml]  INFO emissary.command.BaseCommand - sample.dat HTML_ESCAPE.HTMLESCAPE.TRANSFORM.http://localhost:8001/HtmlEscapePlace - Setting emissary.node.name to localhost 
2023-12-12 00:43:55,500 [using logback-test.xml]  INFO emissary.command.BaseCommand - sample.dat HTML_ESCAPE.HTMLESCAPE.TRANSFORM.http://localhost:8001/HtmlEscapePlace - Setting emissary.node.port to 8001 
2023-12-12 00:43:55,500 [using logback-test.xml]  INFO emissary.command.BaseCommand - sample.dat HTML_ESCAPE.HTMLESCAPE.TRANSFORM.http://localhost:8001/HtmlEscapePlace - Setting emissary.node.scheme to http 
2023-12-12 00:43:55,500 [using logback-test.xml]  WARN emissary.command.BaseCommand - sample.dat HTML_ESCAPE.HTMLESCAPE.TRANSFORM.http://localhost:8001/HtmlEscapePlace - Not using /Users/connor/Projects/work/emissary/target/config/logback.xml, staying with test config file:/Users/connor/Projects/work/emissary/target/test-classes/logback-test.xml
2023-12-12 00:43:55,501 [using logback-test.xml]  INFO emissary.command.BaseCommand - sample.dat HTML_ESCAPE.HTMLESCAPE.TRANSFORM.http://localhost:8001/HtmlEscapePlace - Overriding current emissary.config.flavor null to CLUSTER 
2023-12-12 00:43:55,501 [using logback-test.xml]  INFO emissary.command.BaseCommand - sample.dat HTML_ESCAPE.HTMLESCAPE.TRANSFORM.http://localhost:8001/HtmlEscapePlace - PROJECT_BASE is set to /Users/connor/Projects/work/emissary/target 
2023-12-12 00:43:55,501 [using logback-test.xml]  INFO emissary.command.BaseCommand - sample.dat HTML_ESCAPE.HTMLESCAPE.TRANSFORM.http://localhost:8001/HtmlEscapePlace - Setting emissary.config.dir to /Users/connor/Projects/work/emissary/target/config 
2023-12-12 00:43:55,501 [using logback-test.xml]  INFO emissary.command.BaseCommand - sample.dat HTML_ESCAPE.HTMLESCAPE.TRANSFORM.http://localhost:8001/HtmlEscapePlace - Setting emissary.bin.dir to /Users/connor/Projects/work/emissary/target/bin 
2023-12-12 00:43:55,501 [using logback-test.xml]  INFO emissary.command.BaseCommand - sample.dat HTML_ESCAPE.HTMLESCAPE.TRANSFORM.http://localhost:8001/HtmlEscapePlace - Setting emissary.output.root to /Users/connor/Projects/work/emissary/target/localoutput 
2023-12-12 00:43:55,501 [using logback-test.xml]  INFO emissary.command.BaseCommand - sample.dat HTML_ESCAPE.HTMLESCAPE.TRANSFORM.http://localhost:8001/HtmlEscapePlace - Emissary error dir set to /Users/connor/Projects/work/emissary/target/localerror 
2023-12-12 00:43:55,501 [using logback-test.xml]  INFO emissary.command.BaseCommand - sample.dat HTML_ESCAPE.HTMLESCAPE.TRANSFORM.http://localhost:8001/HtmlEscapePlace - Setting emissary.config.flavor to CLUSTER 
2023-12-12 00:43:55,501 [using logback-test.xml]  INFO emissary.command.BaseCommand - sample.dat HTML_ESCAPE.HTMLESCAPE.TRANSFORM.http://localhost:8001/HtmlEscapePlace - Setting emissary.node.name to localhost 
2023-12-12 00:43:55,501 [using logback-test.xml]  INFO emissary.command.BaseCommand - sample.dat HTML_ESCAPE.HTMLESCAPE.TRANSFORM.http://localhost:8001/HtmlEscapePlace - Setting emissary.node.port to 8001 
2023-12-12 00:43:55,501 [using logback-test.xml]  INFO emissary.command.BaseCommand - sample.dat HTML_ESCAPE.HTMLESCAPE.TRANSFORM.http://localhost:8001/HtmlEscapePlace - Setting emissary.node.scheme to http 
2023-12-12 00:43:55,501 [using logback-test.xml]  WARN emissary.command.BaseCommand - sample.dat HTML_ESCAPE.HTMLESCAPE.TRANSFORM.http://localhost:8001/HtmlEscapePlace - Not using /Users/connor/Projects/work/emissary/target/config/logback.xml, staying with test config file:/Users/connor/Projects/work/emissary/target/test-classes/logback-test.xml
2023-12-12 00:43:55,502 [using logback-test.xml]  INFO emissary.command.BaseCommand - sample.dat HTML_ESCAPE.HTMLESCAPE.TRANSFORM.http://localhost:8001/HtmlEscapePlace - Overriding current emissary.config.flavor CLUSTER to CLUSTER 
2023-12-12 00:43:55,600 [using logback-test.xml] DEBUG emissary.config.ConfigUtil - sample.dat HTML_ESCAPE.HTMLESCAPE.TRANSFORM.http://localhost:8001/HtmlEscapePlace - Loading config for (string) peer-TESTING.cfg
2023-12-12 00:43:55,600 [using logback-test.xml] DEBUG emissary.config.ConfigUtil - sample.dat HTML_ESCAPE.HTMLESCAPE.TRANSFORM.http://localhost:8001/HtmlEscapePlace - No file config found using new style peer-TESTING.cfg
2023-12-12 00:43:55,600 [using logback-test.xml] DEBUG emissary.config.ConfigUtil - sample.dat HTML_ESCAPE.HTMLESCAPE.TRANSFORM.http://localhost:8001/HtmlEscapePlace - No config data as resource for emissary/place/peer-TESTING.cfg
2023-12-12 00:43:55,600 [using logback-test.xml] DEBUG emissary.config.ConfigUtil - sample.dat HTML_ESCAPE.HTMLESCAPE.TRANSFORM.http://localhost:8001/HtmlEscapePlace - Found config data as resource file:/Users/connor/Projects/work/emissary/target/test-classes/peer-TESTING.cfg
2023-12-12 00:43:55,601 [using logback-test.xml] DEBUG emissary.config.ConfigUtil - sample.dat HTML_ESCAPE.HTMLESCAPE.TRANSFORM.http://localhost:8001/HtmlEscapePlace - Attempting flavor merge on peer-TESTING-CLUSTER.cfg
2023-12-12 00:43:55,601 [using logback-test.xml] DEBUG emissary.config.ConfigUtil - sample.dat HTML_ESCAPE.HTMLESCAPE.TRANSFORM.http://localhost:8001/HtmlEscapePlace - Loading config for (string) peer-TESTING-CLUSTER.cfg
2023-12-12 00:43:55,601 [using logback-test.xml] DEBUG emissary.config.ConfigUtil - sample.dat HTML_ESCAPE.HTMLESCAPE.TRANSFORM.http://localhost:8001/HtmlEscapePlace - No file config found using new style peer-TESTING-CLUSTER.cfg
2023-12-12 00:43:55,601 [using logback-test.xml] DEBUG emissary.config.ConfigUtil - sample.dat HTML_ESCAPE.HTMLESCAPE.TRANSFORM.http://localhost:8001/HtmlEscapePlace - No config data as resource for emissary/place/peer-TESTING-CLUSTER.cfg
2023-12-12 00:43:55,601 [using logback-test.xml] DEBUG emissary.config.ConfigUtil - sample.dat HTML_ESCAPE.HTMLESCAPE.TRANSFORM.http://localhost:8001/HtmlEscapePlace - No config data as resource for peer-TESTING-CLUSTER.cfg
2023-12-12 00:43:55,601 [using logback-test.xml] DEBUG emissary.config.ConfigUtil - sample.dat HTML_ESCAPE.HTMLESCAPE.TRANSFORM.http://localhost:8001/HtmlEscapePlace - No file config found using old style peer-TESTING-CLUSTER.cfg
2023-12-12 00:43:55,601 [using logback-test.xml] DEBUG emissary.config.ConfigUtil - sample.dat HTML_ESCAPE.HTMLESCAPE.TRANSFORM.http://localhost:8001/HtmlEscapePlace - Unable to opt import flavor config peer-TESTING-CLUSTER.cfg
2023-12-12 00:43:55,601 [using logback-test.xml] DEBUG emissary.config.ConfigUtil - sample.dat HTML_ESCAPE.HTMLESCAPE.TRANSFORM.http://localhost:8001/HtmlEscapePlace - Loading config for (string) peer-TESTING.cfg
2023-12-12 00:43:55,601 [using logback-test.xml] DEBUG emissary.config.ConfigUtil - sample.dat HTML_ESCAPE.HTMLESCAPE.TRANSFORM.http://localhost:8001/HtmlEscapePlace - No file config found using new style peer-TESTING.cfg
2023-12-12 00:43:55,601 [using logback-test.xml] DEBUG emissary.config.ConfigUtil - sample.dat HTML_ESCAPE.HTMLESCAPE.TRANSFORM.http://localhost:8001/HtmlEscapePlace - No config data as resource for emissary/place/peer-TESTING.cfg
2023-12-12 00:43:55,601 [using logback-test.xml] DEBUG emissary.config.ConfigUtil - sample.dat HTML_ESCAPE.HTMLESCAPE.TRANSFORM.http://localhost:8001/HtmlEscapePlace - Found config data as resource file:/Users/connor/Projects/work/emissary/target/test-classes/peer-TESTING.cfg
2023-12-12 00:43:55,601 [using logback-test.xml] DEBUG emissary.config.ConfigUtil - sample.dat HTML_ESCAPE.HTMLESCAPE.TRANSFORM.http://localhost:8001/HtmlEscapePlace - Attempting flavor merge on peer-TESTING-CLUSTER.cfg
2023-12-12 00:43:55,601 [using logback-test.xml] DEBUG emissary.config.ConfigUtil - sample.dat HTML_ESCAPE.HTMLESCAPE.TRANSFORM.http://localhost:8001/HtmlEscapePlace - Loading config for (string) peer-TESTING-CLUSTER.cfg
2023-12-12 00:43:55,601 [using logback-test.xml] DEBUG emissary.config.ConfigUtil - sample.dat HTML_ESCAPE.HTMLESCAPE.TRANSFORM.http://localhost:8001/HtmlEscapePlace - No file config found using new style peer-TESTING-CLUSTER.cfg
2023-12-12 00:43:55,602 [using logback-test.xml] DEBUG emissary.config.ConfigUtil - sample.dat HTML_ESCAPE.HTMLESCAPE.TRANSFORM.http://localhost:8001/HtmlEscapePlace - No config data as resource for emissary/place/peer-TESTING-CLUSTER.cfg
2023-12-12 00:43:55,602 [using logback-test.xml] DEBUG emissary.config.ConfigUtil - sample.dat HTML_ESCAPE.HTMLESCAPE.TRANSFORM.http://localhost:8001/HtmlEscapePlace - No config data as resource for peer-TESTING-CLUSTER.cfg
2023-12-12 00:43:55,602 [using logback-test.xml] DEBUG emissary.config.ConfigUtil - sample.dat HTML_ESCAPE.HTMLESCAPE.TRANSFORM.http://localhost:8001/HtmlEscapePlace - No file config found using old style peer-TESTING-CLUSTER.cfg
2023-12-12 00:43:55,602 [using logback-test.xml] DEBUG emissary.config.ConfigUtil - sample.dat HTML_ESCAPE.HTMLESCAPE.TRANSFORM.http://localhost:8001/HtmlEscapePlace - Unable to opt import flavor config peer-TESTING-CLUSTER.cfg
2023-12-12 00:43:55,614 [using logback-test.xml]  INFO emissary.server.mvc.internal.RegisterPeerAction -   - Attempting to register peer EMISSARY_DIRECTORY_SERVICES.DIRECTORY.STUDY.http://otherRemoteHost:8888/DirectoryPlace with EMISSARY_DIRECTORY_SERVICES.DIRECTORY.STUDY.http://localhost:9999/DirectoryPlace$5050
2023-12-12 00:43:55,614 [using logback-test.xml]  WARN emissary.server.mvc.internal.RegisterPeerAction -   - Contact attempted from EMISSARY_DIRECTORY_SERVICES.DIRECTORY.STUDY.http://otherRemoteHost:8888/DirectoryPlace but it is not a configured peer
]]></system-out>
    <system-err><![CDATA[Dec 12, 2023 12:43:55 AM org.glassfish.jersey.test.jetty.JettyTestContainerFactory$JettyTestContainer <init>
INFO: Creating JettyTestContainer configured at the base URI http://localhost:<AVAILABLE-PORT>/
Dec 12, 2023 12:43:55 AM org.glassfish.jersey.test.jetty.JettyTestContainerFactory$JettyTestContainer start
INFO: Started JettyTestContainer at the base URI http://localhost:64655/
]]></system-err>
  </testcase>
  <testcase name="missingBoundDirectoryPlace" classname="emissary.server.mvc.internal.RegisterPeerActionTest" time="0.068">
    <system-out><![CDATA[2023-12-12 00:43:55,617 [using logback-test.xml]  INFO emissary.command.BaseCommand - sample.dat HTML_ESCAPE.HTMLESCAPE.TRANSFORM.http://localhost:8001/HtmlEscapePlace - PROJECT_BASE is set to /Users/connor/Projects/work/emissary/target 
2023-12-12 00:43:55,617 [using logback-test.xml]  INFO emissary.command.BaseCommand - sample.dat HTML_ESCAPE.HTMLESCAPE.TRANSFORM.http://localhost:8001/HtmlEscapePlace - Setting emissary.config.dir to /Users/connor/Projects/work/emissary/target/config 
2023-12-12 00:43:55,617 [using logback-test.xml]  INFO emissary.command.BaseCommand - sample.dat HTML_ESCAPE.HTMLESCAPE.TRANSFORM.http://localhost:8001/HtmlEscapePlace - Setting emissary.bin.dir to /Users/connor/Projects/work/emissary/target/bin 
2023-12-12 00:43:55,617 [using logback-test.xml]  INFO emissary.command.BaseCommand - sample.dat HTML_ESCAPE.HTMLESCAPE.TRANSFORM.http://localhost:8001/HtmlEscapePlace - Setting emissary.output.root to /Users/connor/Projects/work/emissary/target/localoutput 
2023-12-12 00:43:55,617 [using logback-test.xml]  INFO emissary.command.BaseCommand - sample.dat HTML_ESCAPE.HTMLESCAPE.TRANSFORM.http://localhost:8001/HtmlEscapePlace - Emissary error dir set to /Users/connor/Projects/work/emissary/target/localerror 
2023-12-12 00:43:55,617 [using logback-test.xml]  INFO emissary.command.BaseCommand - sample.dat HTML_ESCAPE.HTMLESCAPE.TRANSFORM.http://localhost:8001/HtmlEscapePlace - Setting emissary.node.name to localhost 
2023-12-12 00:43:55,617 [using logback-test.xml]  INFO emissary.command.BaseCommand - sample.dat HTML_ESCAPE.HTMLESCAPE.TRANSFORM.http://localhost:8001/HtmlEscapePlace - Setting emissary.node.port to 8001 
2023-12-12 00:43:55,617 [using logback-test.xml]  INFO emissary.command.BaseCommand - sample.dat HTML_ESCAPE.HTMLESCAPE.TRANSFORM.http://localhost:8001/HtmlEscapePlace - Setting emissary.node.scheme to http 
2023-12-12 00:43:55,617 [using logback-test.xml]  WARN emissary.command.BaseCommand - sample.dat HTML_ESCAPE.HTMLESCAPE.TRANSFORM.http://localhost:8001/HtmlEscapePlace - Not using /Users/connor/Projects/work/emissary/target/config/logback.xml, staying with test config file:/Users/connor/Projects/work/emissary/target/test-classes/logback-test.xml
2023-12-12 00:43:55,619 [using logback-test.xml]  INFO emissary.command.BaseCommand - sample.dat HTML_ESCAPE.HTMLESCAPE.TRANSFORM.http://localhost:8001/HtmlEscapePlace - Overriding current emissary.config.flavor null to CLUSTER 
2023-12-12 00:43:55,619 [using logback-test.xml]  INFO emissary.command.BaseCommand - sample.dat HTML_ESCAPE.HTMLESCAPE.TRANSFORM.http://localhost:8001/HtmlEscapePlace - PROJECT_BASE is set to /Users/connor/Projects/work/emissary/target 
2023-12-12 00:43:55,619 [using logback-test.xml]  INFO emissary.command.BaseCommand - sample.dat HTML_ESCAPE.HTMLESCAPE.TRANSFORM.http://localhost:8001/HtmlEscapePlace - Setting emissary.config.dir to /Users/connor/Projects/work/emissary/target/config 
2023-12-12 00:43:55,619 [using logback-test.xml]  INFO emissary.command.BaseCommand - sample.dat HTML_ESCAPE.HTMLESCAPE.TRANSFORM.http://localhost:8001/HtmlEscapePlace - Setting emissary.bin.dir to /Users/connor/Projects/work/emissary/target/bin 
2023-12-12 00:43:55,619 [using logback-test.xml]  INFO emissary.command.BaseCommand - sample.dat HTML_ESCAPE.HTMLESCAPE.TRANSFORM.http://localhost:8001/HtmlEscapePlace - Setting emissary.output.root to /Users/connor/Projects/work/emissary/target/localoutput 
2023-12-12 00:43:55,619 [using logback-test.xml]  INFO emissary.command.BaseCommand - sample.dat HTML_ESCAPE.HTMLESCAPE.TRANSFORM.http://localhost:8001/HtmlEscapePlace - Emissary error dir set to /Users/connor/Projects/work/emissary/target/localerror 
2023-12-12 00:43:55,619 [using logback-test.xml]  INFO emissary.command.BaseCommand - sample.dat HTML_ESCAPE.HTMLESCAPE.TRANSFORM.http://localhost:8001/HtmlEscapePlace - Setting emissary.config.flavor to CLUSTER 
2023-12-12 00:43:55,619 [using logback-test.xml]  INFO emissary.command.BaseCommand - sample.dat HTML_ESCAPE.HTMLESCAPE.TRANSFORM.http://localhost:8001/HtmlEscapePlace - Setting emissary.node.name to localhost 
2023-12-12 00:43:55,619 [using logback-test.xml]  INFO emissary.command.BaseCommand - sample.dat HTML_ESCAPE.HTMLESCAPE.TRANSFORM.http://localhost:8001/HtmlEscapePlace - Setting emissary.node.port to 8001 
2023-12-12 00:43:55,619 [using logback-test.xml]  INFO emissary.command.BaseCommand - sample.dat HTML_ESCAPE.HTMLESCAPE.TRANSFORM.http://localhost:8001/HtmlEscapePlace - Setting emissary.node.scheme to http 
2023-12-12 00:43:55,619 [using logback-test.xml]  WARN emissary.command.BaseCommand - sample.dat HTML_ESCAPE.HTMLESCAPE.TRANSFORM.http://localhost:8001/HtmlEscapePlace - Not using /Users/connor/Projects/work/emissary/target/config/logback.xml, staying with test config file:/Users/connor/Projects/work/emissary/target/test-classes/logback-test.xml
2023-12-12 00:43:55,619 [using logback-test.xml]  INFO emissary.command.BaseCommand - sample.dat HTML_ESCAPE.HTMLESCAPE.TRANSFORM.http://localhost:8001/HtmlEscapePlace - Overriding current emissary.config.flavor CLUSTER to CLUSTER 
2023-12-12 00:43:55,674 [using logback-test.xml] DEBUG emissary.config.ConfigUtil - sample.dat HTML_ESCAPE.HTMLESCAPE.TRANSFORM.http://localhost:8001/HtmlEscapePlace - Loading config for (string) peer-TESTING.cfg
2023-12-12 00:43:55,674 [using logback-test.xml] DEBUG emissary.config.ConfigUtil - sample.dat HTML_ESCAPE.HTMLESCAPE.TRANSFORM.http://localhost:8001/HtmlEscapePlace - No file config found using new style peer-TESTING.cfg
2023-12-12 00:43:55,674 [using logback-test.xml] DEBUG emissary.config.ConfigUtil - sample.dat HTML_ESCAPE.HTMLESCAPE.TRANSFORM.http://localhost:8001/HtmlEscapePlace - No config data as resource for emissary/place/peer-TESTING.cfg
2023-12-12 00:43:55,674 [using logback-test.xml] DEBUG emissary.config.ConfigUtil - sample.dat HTML_ESCAPE.HTMLESCAPE.TRANSFORM.http://localhost:8001/HtmlEscapePlace - Found config data as resource file:/Users/connor/Projects/work/emissary/target/test-classes/peer-TESTING.cfg
2023-12-12 00:43:55,675 [using logback-test.xml] DEBUG emissary.config.ConfigUtil - sample.dat HTML_ESCAPE.HTMLESCAPE.TRANSFORM.http://localhost:8001/HtmlEscapePlace - Attempting flavor merge on peer-TESTING-CLUSTER.cfg
2023-12-12 00:43:55,675 [using logback-test.xml] DEBUG emissary.config.ConfigUtil - sample.dat HTML_ESCAPE.HTMLESCAPE.TRANSFORM.http://localhost:8001/HtmlEscapePlace - Loading config for (string) peer-TESTING-CLUSTER.cfg
2023-12-12 00:43:55,675 [using logback-test.xml] DEBUG emissary.config.ConfigUtil - sample.dat HTML_ESCAPE.HTMLESCAPE.TRANSFORM.http://localhost:8001/HtmlEscapePlace - No file config found using new style peer-TESTING-CLUSTER.cfg
2023-12-12 00:43:55,675 [using logback-test.xml] DEBUG emissary.config.ConfigUtil - sample.dat HTML_ESCAPE.HTMLESCAPE.TRANSFORM.http://localhost:8001/HtmlEscapePlace - No config data as resource for emissary/place/peer-TESTING-CLUSTER.cfg
2023-12-12 00:43:55,675 [using logback-test.xml] DEBUG emissary.config.ConfigUtil - sample.dat HTML_ESCAPE.HTMLESCAPE.TRANSFORM.http://localhost:8001/HtmlEscapePlace - No config data as resource for peer-TESTING-CLUSTER.cfg
2023-12-12 00:43:55,675 [using logback-test.xml] DEBUG emissary.config.ConfigUtil - sample.dat HTML_ESCAPE.HTMLESCAPE.TRANSFORM.http://localhost:8001/HtmlEscapePlace - No file config found using old style peer-TESTING-CLUSTER.cfg
2023-12-12 00:43:55,675 [using logback-test.xml] DEBUG emissary.config.ConfigUtil - sample.dat HTML_ESCAPE.HTMLESCAPE.TRANSFORM.http://localhost:8001/HtmlEscapePlace - Unable to opt import flavor config peer-TESTING-CLUSTER.cfg
2023-12-12 00:43:55,675 [using logback-test.xml] DEBUG emissary.config.ConfigUtil - sample.dat HTML_ESCAPE.HTMLESCAPE.TRANSFORM.http://localhost:8001/HtmlEscapePlace - Loading config for (string) peer-TESTING.cfg
2023-12-12 00:43:55,675 [using logback-test.xml] DEBUG emissary.config.ConfigUtil - sample.dat HTML_ESCAPE.HTMLESCAPE.TRANSFORM.http://localhost:8001/HtmlEscapePlace - No file config found using new style peer-TESTING.cfg
2023-12-12 00:43:55,675 [using logback-test.xml] DEBUG emissary.config.ConfigUtil - sample.dat HTML_ESCAPE.HTMLESCAPE.TRANSFORM.http://localhost:8001/HtmlEscapePlace - No config data as resource for emissary/place/peer-TESTING.cfg
2023-12-12 00:43:55,675 [using logback-test.xml] DEBUG emissary.config.ConfigUtil - sample.dat HTML_ESCAPE.HTMLESCAPE.TRANSFORM.http://localhost:8001/HtmlEscapePlace - Found config data as resource file:/Users/connor/Projects/work/emissary/target/test-classes/peer-TESTING.cfg
2023-12-12 00:43:55,675 [using logback-test.xml] DEBUG emissary.config.ConfigUtil - sample.dat HTML_ESCAPE.HTMLESCAPE.TRANSFORM.http://localhost:8001/HtmlEscapePlace - Attempting flavor merge on peer-TESTING-CLUSTER.cfg
2023-12-12 00:43:55,675 [using logback-test.xml] DEBUG emissary.config.ConfigUtil - sample.dat HTML_ESCAPE.HTMLESCAPE.TRANSFORM.http://localhost:8001/HtmlEscapePlace - Loading config for (string) peer-TESTING-CLUSTER.cfg
2023-12-12 00:43:55,675 [using logback-test.xml] DEBUG emissary.config.ConfigUtil - sample.dat HTML_ESCAPE.HTMLESCAPE.TRANSFORM.http://localhost:8001/HtmlEscapePlace - No file config found using new style peer-TESTING-CLUSTER.cfg
2023-12-12 00:43:55,675 [using logback-test.xml] DEBUG emissary.config.ConfigUtil - sample.dat HTML_ESCAPE.HTMLESCAPE.TRANSFORM.http://localhost:8001/HtmlEscapePlace - No config data as resource for emissary/place/peer-TESTING-CLUSTER.cfg
2023-12-12 00:43:55,675 [using logback-test.xml] DEBUG emissary.config.ConfigUtil - sample.dat HTML_ESCAPE.HTMLESCAPE.TRANSFORM.http://localhost:8001/HtmlEscapePlace - No config data as resource for peer-TESTING-CLUSTER.cfg
2023-12-12 00:43:55,675 [using logback-test.xml] DEBUG emissary.config.ConfigUtil - sample.dat HTML_ESCAPE.HTMLESCAPE.TRANSFORM.http://localhost:8001/HtmlEscapePlace - No file config found using old style peer-TESTING-CLUSTER.cfg
2023-12-12 00:43:55,675 [using logback-test.xml] DEBUG emissary.config.ConfigUtil - sample.dat HTML_ESCAPE.HTMLESCAPE.TRANSFORM.http://localhost:8001/HtmlEscapePlace - Unable to opt import flavor config peer-TESTING-CLUSTER.cfg
]]></system-out>
    <system-err><![CDATA[Dec 12, 2023 12:43:55 AM org.glassfish.jersey.test.jetty.JettyTestContainerFactory$JettyTestContainer <init>
INFO: Creating JettyTestContainer configured at the base URI http://localhost:<AVAILABLE-PORT>/
Dec 12, 2023 12:43:55 AM org.glassfish.jersey.test.jetty.JettyTestContainerFactory$JettyTestContainer start
INFO: Started JettyTestContainer at the base URI http://localhost:64657/
]]></system-err>
  </testcase>
  <testcase name="registerPeerSuccessfully" classname="emissary.server.mvc.internal.RegisterPeerActionTest" time="0.075">
    <system-out><![CDATA[2023-12-12 00:43:55,689 [using logback-test.xml]  INFO emissary.command.BaseCommand - sample.dat HTML_ESCAPE.HTMLESCAPE.TRANSFORM.http://localhost:8001/HtmlEscapePlace - PROJECT_BASE is set to /Users/connor/Projects/work/emissary/target 
2023-12-12 00:43:55,689 [using logback-test.xml]  INFO emissary.command.BaseCommand - sample.dat HTML_ESCAPE.HTMLESCAPE.TRANSFORM.http://localhost:8001/HtmlEscapePlace - Setting emissary.config.dir to /Users/connor/Projects/work/emissary/target/config 
2023-12-12 00:43:55,689 [using logback-test.xml]  INFO emissary.command.BaseCommand - sample.dat HTML_ESCAPE.HTMLESCAPE.TRANSFORM.http://localhost:8001/HtmlEscapePlace - Setting emissary.bin.dir to /Users/connor/Projects/work/emissary/target/bin 
2023-12-12 00:43:55,689 [using logback-test.xml]  INFO emissary.command.BaseCommand - sample.dat HTML_ESCAPE.HTMLESCAPE.TRANSFORM.http://localhost:8001/HtmlEscapePlace - Setting emissary.output.root to /Users/connor/Projects/work/emissary/target/localoutput 
2023-12-12 00:43:55,689 [using logback-test.xml]  INFO emissary.command.BaseCommand - sample.dat HTML_ESCAPE.HTMLESCAPE.TRANSFORM.http://localhost:8001/HtmlEscapePlace - Emissary error dir set to /Users/connor/Projects/work/emissary/target/localerror 
2023-12-12 00:43:55,689 [using logback-test.xml]  INFO emissary.command.BaseCommand - sample.dat HTML_ESCAPE.HTMLESCAPE.TRANSFORM.http://localhost:8001/HtmlEscapePlace - Setting emissary.node.name to localhost 
2023-12-12 00:43:55,689 [using logback-test.xml]  INFO emissary.command.BaseCommand - sample.dat HTML_ESCAPE.HTMLESCAPE.TRANSFORM.http://localhost:8001/HtmlEscapePlace - Setting emissary.node.port to 8001 
2023-12-12 00:43:55,689 [using logback-test.xml]  INFO emissary.command.BaseCommand - sample.dat HTML_ESCAPE.HTMLESCAPE.TRANSFORM.http://localhost:8001/HtmlEscapePlace - Setting emissary.node.scheme to http 
2023-12-12 00:43:55,689 [using logback-test.xml]  WARN emissary.command.BaseCommand - sample.dat HTML_ESCAPE.HTMLESCAPE.TRANSFORM.http://localhost:8001/HtmlEscapePlace - Not using /Users/connor/Projects/work/emissary/target/config/logback.xml, staying with test config file:/Users/connor/Projects/work/emissary/target/test-classes/logback-test.xml
2023-12-12 00:43:55,691 [using logback-test.xml]  INFO emissary.command.BaseCommand - sample.dat HTML_ESCAPE.HTMLESCAPE.TRANSFORM.http://localhost:8001/HtmlEscapePlace - Overriding current emissary.config.flavor null to CLUSTER 
2023-12-12 00:43:55,691 [using logback-test.xml]  INFO emissary.command.BaseCommand - sample.dat HTML_ESCAPE.HTMLESCAPE.TRANSFORM.http://localhost:8001/HtmlEscapePlace - PROJECT_BASE is set to /Users/connor/Projects/work/emissary/target 
2023-12-12 00:43:55,691 [using logback-test.xml]  INFO emissary.command.BaseCommand - sample.dat HTML_ESCAPE.HTMLESCAPE.TRANSFORM.http://localhost:8001/HtmlEscapePlace - Setting emissary.config.dir to /Users/connor/Projects/work/emissary/target/config 
2023-12-12 00:43:55,691 [using logback-test.xml]  INFO emissary.command.BaseCommand - sample.dat HTML_ESCAPE.HTMLESCAPE.TRANSFORM.http://localhost:8001/HtmlEscapePlace - Setting emissary.bin.dir to /Users/connor/Projects/work/emissary/target/bin 
2023-12-12 00:43:55,691 [using logback-test.xml]  INFO emissary.command.BaseCommand - sample.dat HTML_ESCAPE.HTMLESCAPE.TRANSFORM.http://localhost:8001/HtmlEscapePlace - Setting emissary.output.root to /Users/connor/Projects/work/emissary/target/localoutput 
2023-12-12 00:43:55,691 [using logback-test.xml]  INFO emissary.command.BaseCommand - sample.dat HTML_ESCAPE.HTMLESCAPE.TRANSFORM.http://localhost:8001/HtmlEscapePlace - Emissary error dir set to /Users/connor/Projects/work/emissary/target/localerror 
2023-12-12 00:43:55,691 [using logback-test.xml]  INFO emissary.command.BaseCommand - sample.dat HTML_ESCAPE.HTMLESCAPE.TRANSFORM.http://localhost:8001/HtmlEscapePlace - Setting emissary.config.flavor to CLUSTER 
2023-12-12 00:43:55,691 [using logback-test.xml]  INFO emissary.command.BaseCommand - sample.dat HTML_ESCAPE.HTMLESCAPE.TRANSFORM.http://localhost:8001/HtmlEscapePlace - Setting emissary.node.name to localhost 
2023-12-12 00:43:55,691 [using logback-test.xml]  INFO emissary.command.BaseCommand - sample.dat HTML_ESCAPE.HTMLESCAPE.TRANSFORM.http://localhost:8001/HtmlEscapePlace - Setting emissary.node.port to 8001 
2023-12-12 00:43:55,691 [using logback-test.xml]  INFO emissary.command.BaseCommand - sample.dat HTML_ESCAPE.HTMLESCAPE.TRANSFORM.http://localhost:8001/HtmlEscapePlace - Setting emissary.node.scheme to http 
2023-12-12 00:43:55,691 [using logback-test.xml]  WARN emissary.command.BaseCommand - sample.dat HTML_ESCAPE.HTMLESCAPE.TRANSFORM.http://localhost:8001/HtmlEscapePlace - Not using /Users/connor/Projects/work/emissary/target/config/logback.xml, staying with test config file:/Users/connor/Projects/work/emissary/target/test-classes/logback-test.xml
2023-12-12 00:43:55,691 [using logback-test.xml]  INFO emissary.command.BaseCommand - sample.dat HTML_ESCAPE.HTMLESCAPE.TRANSFORM.http://localhost:8001/HtmlEscapePlace - Overriding current emissary.config.flavor CLUSTER to CLUSTER 
2023-12-12 00:43:55,741 [using logback-test.xml] DEBUG emissary.config.ConfigUtil - sample.dat HTML_ESCAPE.HTMLESCAPE.TRANSFORM.http://localhost:8001/HtmlEscapePlace - Loading config for (string) peer-TESTING.cfg
2023-12-12 00:43:55,741 [using logback-test.xml] DEBUG emissary.config.ConfigUtil - sample.dat HTML_ESCAPE.HTMLESCAPE.TRANSFORM.http://localhost:8001/HtmlEscapePlace - No file config found using new style peer-TESTING.cfg
2023-12-12 00:43:55,741 [using logback-test.xml] DEBUG emissary.config.ConfigUtil - sample.dat HTML_ESCAPE.HTMLESCAPE.TRANSFORM.http://localhost:8001/HtmlEscapePlace - No config data as resource for emissary/place/peer-TESTING.cfg
2023-12-12 00:43:55,741 [using logback-test.xml] DEBUG emissary.config.ConfigUtil - sample.dat HTML_ESCAPE.HTMLESCAPE.TRANSFORM.http://localhost:8001/HtmlEscapePlace - Found config data as resource file:/Users/connor/Projects/work/emissary/target/test-classes/peer-TESTING.cfg
2023-12-12 00:43:55,741 [using logback-test.xml] DEBUG emissary.config.ConfigUtil - sample.dat HTML_ESCAPE.HTMLESCAPE.TRANSFORM.http://localhost:8001/HtmlEscapePlace - Attempting flavor merge on peer-TESTING-CLUSTER.cfg
2023-12-12 00:43:55,741 [using logback-test.xml] DEBUG emissary.config.ConfigUtil - sample.dat HTML_ESCAPE.HTMLESCAPE.TRANSFORM.http://localhost:8001/HtmlEscapePlace - Loading config for (string) peer-TESTING-CLUSTER.cfg
2023-12-12 00:43:55,741 [using logback-test.xml] DEBUG emissary.config.ConfigUtil - sample.dat HTML_ESCAPE.HTMLESCAPE.TRANSFORM.http://localhost:8001/HtmlEscapePlace - No file config found using new style peer-TESTING-CLUSTER.cfg
2023-12-12 00:43:55,741 [using logback-test.xml] DEBUG emissary.config.ConfigUtil - sample.dat HTML_ESCAPE.HTMLESCAPE.TRANSFORM.http://localhost:8001/HtmlEscapePlace - No config data as resource for emissary/place/peer-TESTING-CLUSTER.cfg
2023-12-12 00:43:55,741 [using logback-test.xml] DEBUG emissary.config.ConfigUtil - sample.dat HTML_ESCAPE.HTMLESCAPE.TRANSFORM.http://localhost:8001/HtmlEscapePlace - No config data as resource for peer-TESTING-CLUSTER.cfg
2023-12-12 00:43:55,741 [using logback-test.xml] DEBUG emissary.config.ConfigUtil - sample.dat HTML_ESCAPE.HTMLESCAPE.TRANSFORM.http://localhost:8001/HtmlEscapePlace - No file config found using old style peer-TESTING-CLUSTER.cfg
2023-12-12 00:43:55,741 [using logback-test.xml] DEBUG emissary.config.ConfigUtil - sample.dat HTML_ESCAPE.HTMLESCAPE.TRANSFORM.http://localhost:8001/HtmlEscapePlace - Unable to opt import flavor config peer-TESTING-CLUSTER.cfg
2023-12-12 00:43:55,741 [using logback-test.xml] DEBUG emissary.config.ConfigUtil - sample.dat HTML_ESCAPE.HTMLESCAPE.TRANSFORM.http://localhost:8001/HtmlEscapePlace - Loading config for (string) peer-TESTING.cfg
2023-12-12 00:43:55,741 [using logback-test.xml] DEBUG emissary.config.ConfigUtil - sample.dat HTML_ESCAPE.HTMLESCAPE.TRANSFORM.http://localhost:8001/HtmlEscapePlace - No file config found using new style peer-TESTING.cfg
2023-12-12 00:43:55,741 [using logback-test.xml] DEBUG emissary.config.ConfigUtil - sample.dat HTML_ESCAPE.HTMLESCAPE.TRANSFORM.http://localhost:8001/HtmlEscapePlace - No config data as resource for emissary/place/peer-TESTING.cfg
2023-12-12 00:43:55,741 [using logback-test.xml] DEBUG emissary.config.ConfigUtil - sample.dat HTML_ESCAPE.HTMLESCAPE.TRANSFORM.http://localhost:8001/HtmlEscapePlace - Found config data as resource file:/Users/connor/Projects/work/emissary/target/test-classes/peer-TESTING.cfg
2023-12-12 00:43:55,741 [using logback-test.xml] DEBUG emissary.config.ConfigUtil - sample.dat HTML_ESCAPE.HTMLESCAPE.TRANSFORM.http://localhost:8001/HtmlEscapePlace - Attempting flavor merge on peer-TESTING-CLUSTER.cfg
2023-12-12 00:43:55,741 [using logback-test.xml] DEBUG emissary.config.ConfigUtil - sample.dat HTML_ESCAPE.HTMLESCAPE.TRANSFORM.http://localhost:8001/HtmlEscapePlace - Loading config for (string) peer-TESTING-CLUSTER.cfg
2023-12-12 00:43:55,741 [using logback-test.xml] DEBUG emissary.config.ConfigUtil - sample.dat HTML_ESCAPE.HTMLESCAPE.TRANSFORM.http://localhost:8001/HtmlEscapePlace - No file config found using new style peer-TESTING-CLUSTER.cfg
2023-12-12 00:43:55,741 [using logback-test.xml] DEBUG emissary.config.ConfigUtil - sample.dat HTML_ESCAPE.HTMLESCAPE.TRANSFORM.http://localhost:8001/HtmlEscapePlace - No config data as resource for emissary/place/peer-TESTING-CLUSTER.cfg
2023-12-12 00:43:55,741 [using logback-test.xml] DEBUG emissary.config.ConfigUtil - sample.dat HTML_ESCAPE.HTMLESCAPE.TRANSFORM.http://localhost:8001/HtmlEscapePlace - No config data as resource for peer-TESTING-CLUSTER.cfg
2023-12-12 00:43:55,741 [using logback-test.xml] DEBUG emissary.config.ConfigUtil - sample.dat HTML_ESCAPE.HTMLESCAPE.TRANSFORM.http://localhost:8001/HtmlEscapePlace - No file config found using old style peer-TESTING-CLUSTER.cfg
2023-12-12 00:43:55,741 [using logback-test.xml] DEBUG emissary.config.ConfigUtil - sample.dat HTML_ESCAPE.HTMLESCAPE.TRANSFORM.http://localhost:8001/HtmlEscapePlace - Unable to opt import flavor config peer-TESTING-CLUSTER.cfg
2023-12-12 00:43:55,755 [using logback-test.xml]  INFO emissary.server.mvc.internal.RegisterPeerAction -   - Attempting to register peer EMISSARY_DIRECTORY_SERVICES.DIRECTORY.STUDY.http://remoteHost:8888/DirectoryPlace with EMISSARY_DIRECTORY_SERVICES.DIRECTORY.STUDY.http://localhost:9999/DirectoryPlace$5050
2023-12-12 00:43:55,755 [using logback-test.xml] DEBUG org.apache.hc.client5.http.impl.classic.InternalHttpClient -  http://localhost:9999/DirectoryPlace - ex-0000000009 preparing request execution
2023-12-12 00:43:55,755 [using logback-test.xml] DEBUG org.apache.hc.client5.http.impl.classic.ProtocolExec -  http://localhost:9999/DirectoryPlace - ex-0000000009 target auth state: UNCHALLENGED
2023-12-12 00:43:55,756 [using logback-test.xml] DEBUG org.apache.hc.client5.http.impl.classic.ProtocolExec -  http://localhost:9999/DirectoryPlace - ex-0000000009 proxy auth state: UNCHALLENGED
2023-12-12 00:43:55,756 [using logback-test.xml] DEBUG org.apache.hc.client5.http.impl.classic.ConnectExec -  http://localhost:9999/DirectoryPlace - ex-0000000009 acquiring connection with route {}->http://remoteHost:8888
2023-12-12 00:43:55,756 [using logback-test.xml] DEBUG org.apache.hc.client5.http.impl.classic.InternalHttpClient -  http://localhost:9999/DirectoryPlace - ex-0000000009 acquiring endpoint (300000 MILLISECONDS)
2023-12-12 00:43:55,756 [using logback-test.xml] DEBUG org.apache.hc.client5.http.impl.io.PoolingHttpClientConnectionManager -  http://localhost:9999/DirectoryPlace - ex-0000000009 endpoint lease request (300000 MILLISECONDS) [route: {}->http://remoteHost:8888][total available: 0; route allocated: 0 of 5; total allocated: 0 of 200]
2023-12-12 00:43:55,756 [using logback-test.xml] DEBUG org.apache.hc.client5.http.impl.io.PoolingHttpClientConnectionManager -  http://localhost:9999/DirectoryPlace - ex-0000000009 endpoint leased [route: {}->http://remoteHost:8888][total available: 0; route allocated: 1 of 5; total allocated: 1 of 200]
2023-12-12 00:43:55,756 [using logback-test.xml] DEBUG org.apache.hc.client5.http.impl.io.PoolingHttpClientConnectionManager -  http://localhost:9999/DirectoryPlace - ex-0000000009 acquired ep-0000000009
2023-12-12 00:43:55,756 [using logback-test.xml] DEBUG org.apache.hc.client5.http.impl.classic.InternalHttpClient -  http://localhost:9999/DirectoryPlace - ex-0000000009 acquired endpoint ep-0000000009
2023-12-12 00:43:55,756 [using logback-test.xml] DEBUG org.apache.hc.client5.http.impl.classic.ConnectExec -  http://localhost:9999/DirectoryPlace - ex-0000000009 opening connection {}->http://remoteHost:8888
2023-12-12 00:43:55,756 [using logback-test.xml] DEBUG org.apache.hc.client5.http.impl.classic.InternalHttpClient -  http://localhost:9999/DirectoryPlace - ep-0000000009 connecting endpoint (null)
2023-12-12 00:43:55,756 [using logback-test.xml] DEBUG org.apache.hc.client5.http.impl.io.PoolingHttpClientConnectionManager -  http://localhost:9999/DirectoryPlace - ep-0000000009 connecting endpoint to http://remoteHost:8888 (600000 MILLISECONDS)
2023-12-12 00:43:55,756 [using logback-test.xml] DEBUG org.apache.hc.client5.http.impl.io.DefaultHttpClientConnectionOperator -  http://localhost:9999/DirectoryPlace - remoteHost resolving remote address
2023-12-12 00:43:55,764 [using logback-test.xml] DEBUG org.apache.hc.client5.http.impl.io.DefaultManagedHttpClientConnection -  http://localhost:9999/DirectoryPlace - http-outgoing-8 close connection IMMEDIATE
2023-12-12 00:43:55,765 [using logback-test.xml] DEBUG org.apache.hc.client5.http.impl.classic.InternalHttpClient -  http://localhost:9999/DirectoryPlace - ep-0000000009 endpoint closed
2023-12-12 00:43:55,765 [using logback-test.xml] DEBUG org.apache.hc.client5.http.impl.classic.InternalHttpClient -  http://localhost:9999/DirectoryPlace - ep-0000000009 discarding endpoint
2023-12-12 00:43:55,765 [using logback-test.xml] DEBUG org.apache.hc.client5.http.impl.io.PoolingHttpClientConnectionManager -  http://localhost:9999/DirectoryPlace - ep-0000000009 releasing endpoint
2023-12-12 00:43:55,765 [using logback-test.xml] DEBUG org.apache.hc.client5.http.impl.io.PoolingHttpClientConnectionManager -  http://localhost:9999/DirectoryPlace - ep-0000000009 connection is not kept alive
2023-12-12 00:43:55,765 [using logback-test.xml] DEBUG org.apache.hc.client5.http.impl.io.PoolingHttpClientConnectionManager -  http://localhost:9999/DirectoryPlace - ep-0000000009 connection released [route: {}->http://remoteHost:8888][total available: 0; route allocated: 0 of 5; total allocated: 0 of 200]
2023-12-12 00:43:55,765 [using logback-test.xml]  INFO emissary.directory.DirectoryPlace -  http://localhost:9999/DirectoryPlace - Unable to zone transfer with *.*.*.http://remoteHost:8888/DirectoryPlace
2023-12-12 00:43:55,765 [using logback-test.xml]  INFO emissary.server.mvc.internal.RegisterPeerAction -   - Registered peer EMISSARY_DIRECTORY_SERVICES.DIRECTORY.STUDY.http://remoteHost:8888/DirectoryPlace
]]></system-out>
    <system-err><![CDATA[Dec 12, 2023 12:43:55 AM org.glassfish.jersey.test.jetty.JettyTestContainerFactory$JettyTestContainer <init>
INFO: Creating JettyTestContainer configured at the base URI http://localhost:<AVAILABLE-PORT>/
Dec 12, 2023 12:43:55 AM org.glassfish.jersey.test.jetty.JettyTestContainerFactory$JettyTestContainer start
INFO: Started JettyTestContainer at the base URI http://localhost:64659/
]]></system-err>
  </testcase>
  <testcase name="cleanParams(String)[1]" classname="emissary.server.mvc.internal.RegisterPeerActionTest" time="0.079">
    <system-out><![CDATA[2023-12-12 00:43:55,770 [using logback-test.xml]  INFO emissary.command.BaseCommand - sample.dat HTML_ESCAPE.HTMLESCAPE.TRANSFORM.http://localhost:8001/HtmlEscapePlace - PROJECT_BASE is set to /Users/connor/Projects/work/emissary/target 
2023-12-12 00:43:55,770 [using logback-test.xml]  INFO emissary.command.BaseCommand - sample.dat HTML_ESCAPE.HTMLESCAPE.TRANSFORM.http://localhost:8001/HtmlEscapePlace - Setting emissary.config.dir to /Users/connor/Projects/work/emissary/target/config 
2023-12-12 00:43:55,770 [using logback-test.xml]  INFO emissary.command.BaseCommand - sample.dat HTML_ESCAPE.HTMLESCAPE.TRANSFORM.http://localhost:8001/HtmlEscapePlace - Setting emissary.bin.dir to /Users/connor/Projects/work/emissary/target/bin 
2023-12-12 00:43:55,770 [using logback-test.xml]  INFO emissary.command.BaseCommand - sample.dat HTML_ESCAPE.HTMLESCAPE.TRANSFORM.http://localhost:8001/HtmlEscapePlace - Setting emissary.output.root to /Users/connor/Projects/work/emissary/target/localoutput 
2023-12-12 00:43:55,770 [using logback-test.xml]  INFO emissary.command.BaseCommand - sample.dat HTML_ESCAPE.HTMLESCAPE.TRANSFORM.http://localhost:8001/HtmlEscapePlace - Emissary error dir set to /Users/connor/Projects/work/emissary/target/localerror 
2023-12-12 00:43:55,770 [using logback-test.xml]  INFO emissary.command.BaseCommand - sample.dat HTML_ESCAPE.HTMLESCAPE.TRANSFORM.http://localhost:8001/HtmlEscapePlace - Setting emissary.node.name to localhost 
2023-12-12 00:43:55,770 [using logback-test.xml]  INFO emissary.command.BaseCommand - sample.dat HTML_ESCAPE.HTMLESCAPE.TRANSFORM.http://localhost:8001/HtmlEscapePlace - Setting emissary.node.port to 8001 
2023-12-12 00:43:55,770 [using logback-test.xml]  INFO emissary.command.BaseCommand - sample.dat HTML_ESCAPE.HTMLESCAPE.TRANSFORM.http://localhost:8001/HtmlEscapePlace - Setting emissary.node.scheme to http 
2023-12-12 00:43:55,770 [using logback-test.xml]  WARN emissary.command.BaseCommand - sample.dat HTML_ESCAPE.HTMLESCAPE.TRANSFORM.http://localhost:8001/HtmlEscapePlace - Not using /Users/connor/Projects/work/emissary/target/config/logback.xml, staying with test config file:/Users/connor/Projects/work/emissary/target/test-classes/logback-test.xml
2023-12-12 00:43:55,771 [using logback-test.xml]  INFO emissary.command.BaseCommand - sample.dat HTML_ESCAPE.HTMLESCAPE.TRANSFORM.http://localhost:8001/HtmlEscapePlace - Overriding current emissary.config.flavor null to CLUSTER 
2023-12-12 00:43:55,771 [using logback-test.xml]  INFO emissary.command.BaseCommand - sample.dat HTML_ESCAPE.HTMLESCAPE.TRANSFORM.http://localhost:8001/HtmlEscapePlace - PROJECT_BASE is set to /Users/connor/Projects/work/emissary/target 
2023-12-12 00:43:55,771 [using logback-test.xml]  INFO emissary.command.BaseCommand - sample.dat HTML_ESCAPE.HTMLESCAPE.TRANSFORM.http://localhost:8001/HtmlEscapePlace - Setting emissary.config.dir to /Users/connor/Projects/work/emissary/target/config 
2023-12-12 00:43:55,771 [using logback-test.xml]  INFO emissary.command.BaseCommand - sample.dat HTML_ESCAPE.HTMLESCAPE.TRANSFORM.http://localhost:8001/HtmlEscapePlace - Setting emissary.bin.dir to /Users/connor/Projects/work/emissary/target/bin 
2023-12-12 00:43:55,771 [using logback-test.xml]  INFO emissary.command.BaseCommand - sample.dat HTML_ESCAPE.HTMLESCAPE.TRANSFORM.http://localhost:8001/HtmlEscapePlace - Setting emissary.output.root to /Users/connor/Projects/work/emissary/target/localoutput 
2023-12-12 00:43:55,771 [using logback-test.xml]  INFO emissary.command.BaseCommand - sample.dat HTML_ESCAPE.HTMLESCAPE.TRANSFORM.http://localhost:8001/HtmlEscapePlace - Emissary error dir set to /Users/connor/Projects/work/emissary/target/localerror 
2023-12-12 00:43:55,771 [using logback-test.xml]  INFO emissary.command.BaseCommand - sample.dat HTML_ESCAPE.HTMLESCAPE.TRANSFORM.http://localhost:8001/HtmlEscapePlace - Setting emissary.config.flavor to CLUSTER 
2023-12-12 00:43:55,771 [using logback-test.xml]  INFO emissary.command.BaseCommand - sample.dat HTML_ESCAPE.HTMLESCAPE.TRANSFORM.http://localhost:8001/HtmlEscapePlace - Setting emissary.node.name to localhost 
2023-12-12 00:43:55,771 [using logback-test.xml]  INFO emissary.command.BaseCommand - sample.dat HTML_ESCAPE.HTMLESCAPE.TRANSFORM.http://localhost:8001/HtmlEscapePlace - Setting emissary.node.port to 8001 
2023-12-12 00:43:55,771 [using logback-test.xml]  INFO emissary.command.BaseCommand - sample.dat HTML_ESCAPE.HTMLESCAPE.TRANSFORM.http://localhost:8001/HtmlEscapePlace - Setting emissary.node.scheme to http 
2023-12-12 00:43:55,771 [using logback-test.xml]  WARN emissary.command.BaseCommand - sample.dat HTML_ESCAPE.HTMLESCAPE.TRANSFORM.http://localhost:8001/HtmlEscapePlace - Not using /Users/connor/Projects/work/emissary/target/config/logback.xml, staying with test config file:/Users/connor/Projects/work/emissary/target/test-classes/logback-test.xml
2023-12-12 00:43:55,772 [using logback-test.xml]  INFO emissary.command.BaseCommand - sample.dat HTML_ESCAPE.HTMLESCAPE.TRANSFORM.http://localhost:8001/HtmlEscapePlace - Overriding current emissary.config.flavor CLUSTER to CLUSTER 
2023-12-12 00:43:55,837 [using logback-test.xml] DEBUG emissary.config.ConfigUtil - sample.dat HTML_ESCAPE.HTMLESCAPE.TRANSFORM.http://localhost:8001/HtmlEscapePlace - Loading config for (string) peer-TESTING.cfg
2023-12-12 00:43:55,837 [using logback-test.xml] DEBUG emissary.config.ConfigUtil - sample.dat HTML_ESCAPE.HTMLESCAPE.TRANSFORM.http://localhost:8001/HtmlEscapePlace - No file config found using new style peer-TESTING.cfg
2023-12-12 00:43:55,837 [using logback-test.xml] DEBUG emissary.config.ConfigUtil - sample.dat HTML_ESCAPE.HTMLESCAPE.TRANSFORM.http://localhost:8001/HtmlEscapePlace - No config data as resource for emissary/place/peer-TESTING.cfg
2023-12-12 00:43:55,837 [using logback-test.xml] DEBUG emissary.config.ConfigUtil - sample.dat HTML_ESCAPE.HTMLESCAPE.TRANSFORM.http://localhost:8001/HtmlEscapePlace - Found config data as resource file:/Users/connor/Projects/work/emissary/target/test-classes/peer-TESTING.cfg
2023-12-12 00:43:55,837 [using logback-test.xml] DEBUG emissary.config.ConfigUtil - sample.dat HTML_ESCAPE.HTMLESCAPE.TRANSFORM.http://localhost:8001/HtmlEscapePlace - Attempting flavor merge on peer-TESTING-CLUSTER.cfg
2023-12-12 00:43:55,837 [using logback-test.xml] DEBUG emissary.config.ConfigUtil - sample.dat HTML_ESCAPE.HTMLESCAPE.TRANSFORM.http://localhost:8001/HtmlEscapePlace - Loading config for (string) peer-TESTING-CLUSTER.cfg
2023-12-12 00:43:55,837 [using logback-test.xml] DEBUG emissary.config.ConfigUtil - sample.dat HTML_ESCAPE.HTMLESCAPE.TRANSFORM.http://localhost:8001/HtmlEscapePlace - No file config found using new style peer-TESTING-CLUSTER.cfg
2023-12-12 00:43:55,837 [using logback-test.xml] DEBUG emissary.config.ConfigUtil - sample.dat HTML_ESCAPE.HTMLESCAPE.TRANSFORM.http://localhost:8001/HtmlEscapePlace - No config data as resource for emissary/place/peer-TESTING-CLUSTER.cfg
2023-12-12 00:43:55,837 [using logback-test.xml] DEBUG emissary.config.ConfigUtil - sample.dat HTML_ESCAPE.HTMLESCAPE.TRANSFORM.http://localhost:8001/HtmlEscapePlace - No config data as resource for peer-TESTING-CLUSTER.cfg
2023-12-12 00:43:55,837 [using logback-test.xml] DEBUG emissary.config.ConfigUtil - sample.dat HTML_ESCAPE.HTMLESCAPE.TRANSFORM.http://localhost:8001/HtmlEscapePlace - No file config found using old style peer-TESTING-CLUSTER.cfg
2023-12-12 00:43:55,837 [using logback-test.xml] DEBUG emissary.config.ConfigUtil - sample.dat HTML_ESCAPE.HTMLESCAPE.TRANSFORM.http://localhost:8001/HtmlEscapePlace - Unable to opt import flavor config peer-TESTING-CLUSTER.cfg
2023-12-12 00:43:55,837 [using logback-test.xml] DEBUG emissary.config.ConfigUtil - sample.dat HTML_ESCAPE.HTMLESCAPE.TRANSFORM.http://localhost:8001/HtmlEscapePlace - Loading config for (string) peer-TESTING.cfg
2023-12-12 00:43:55,837 [using logback-test.xml] DEBUG emissary.config.ConfigUtil - sample.dat HTML_ESCAPE.HTMLESCAPE.TRANSFORM.http://localhost:8001/HtmlEscapePlace - No file config found using new style peer-TESTING.cfg
2023-12-12 00:43:55,837 [using logback-test.xml] DEBUG emissary.config.ConfigUtil - sample.dat HTML_ESCAPE.HTMLESCAPE.TRANSFORM.http://localhost:8001/HtmlEscapePlace - No config data as resource for emissary/place/peer-TESTING.cfg
2023-12-12 00:43:55,837 [using logback-test.xml] DEBUG emissary.config.ConfigUtil - sample.dat HTML_ESCAPE.HTMLESCAPE.TRANSFORM.http://localhost:8001/HtmlEscapePlace - Found config data as resource file:/Users/connor/Projects/work/emissary/target/test-classes/peer-TESTING.cfg
2023-12-12 00:43:55,837 [using logback-test.xml] DEBUG emissary.config.ConfigUtil - sample.dat HTML_ESCAPE.HTMLESCAPE.TRANSFORM.http://localhost:8001/HtmlEscapePlace - Attempting flavor merge on peer-TESTING-CLUSTER.cfg
2023-12-12 00:43:55,837 [using logback-test.xml] DEBUG emissary.config.ConfigUtil - sample.dat HTML_ESCAPE.HTMLESCAPE.TRANSFORM.http://localhost:8001/HtmlEscapePlace - Loading config for (string) peer-TESTING-CLUSTER.cfg
2023-12-12 00:43:55,837 [using logback-test.xml] DEBUG emissary.config.ConfigUtil - sample.dat HTML_ESCAPE.HTMLESCAPE.TRANSFORM.http://localhost:8001/HtmlEscapePlace - No file config found using new style peer-TESTING-CLUSTER.cfg
2023-12-12 00:43:55,837 [using logback-test.xml] DEBUG emissary.config.ConfigUtil - sample.dat HTML_ESCAPE.HTMLESCAPE.TRANSFORM.http://localhost:8001/HtmlEscapePlace - No config data as resource for emissary/place/peer-TESTING-CLUSTER.cfg
2023-12-12 00:43:55,838 [using logback-test.xml] DEBUG emissary.config.ConfigUtil - sample.dat HTML_ESCAPE.HTMLESCAPE.TRANSFORM.http://localhost:8001/HtmlEscapePlace - No config data as resource for peer-TESTING-CLUSTER.cfg
2023-12-12 00:43:55,838 [using logback-test.xml] DEBUG emissary.config.ConfigUtil - sample.dat HTML_ESCAPE.HTMLESCAPE.TRANSFORM.http://localhost:8001/HtmlEscapePlace - No file config found using old style peer-TESTING-CLUSTER.cfg
2023-12-12 00:43:55,838 [using logback-test.xml] DEBUG emissary.config.ConfigUtil - sample.dat HTML_ESCAPE.HTMLESCAPE.TRANSFORM.http://localhost:8001/HtmlEscapePlace - Unable to opt import flavor config peer-TESTING-CLUSTER.cfg
]]></system-out>
    <system-err><![CDATA[Dec 12, 2023 12:43:55 AM org.glassfish.jersey.test.jetty.JettyTestContainerFactory$JettyTestContainer <init>
INFO: Creating JettyTestContainer configured at the base URI http://localhost:<AVAILABLE-PORT>/
Dec 12, 2023 12:43:55 AM org.glassfish.jersey.test.jetty.JettyTestContainerFactory$JettyTestContainer start
INFO: Started JettyTestContainer at the base URI http://localhost:64661/
]]></system-err>
  </testcase>
  <testcase name="cleanParams(String)[2]" classname="emissary.server.mvc.internal.RegisterPeerActionTest" time="0.157">
    <system-out><![CDATA[2023-12-12 00:43:55,853 [using logback-test.xml]  INFO emissary.command.BaseCommand - sample.dat HTML_ESCAPE.HTMLESCAPE.TRANSFORM.http://localhost:8001/HtmlEscapePlace - PROJECT_BASE is set to /Users/connor/Projects/work/emissary/target 
2023-12-12 00:43:55,853 [using logback-test.xml]  INFO emissary.command.BaseCommand - sample.dat HTML_ESCAPE.HTMLESCAPE.TRANSFORM.http://localhost:8001/HtmlEscapePlace - Setting emissary.config.dir to /Users/connor/Projects/work/emissary/target/config 
2023-12-12 00:43:55,853 [using logback-test.xml]  INFO emissary.command.BaseCommand - sample.dat HTML_ESCAPE.HTMLESCAPE.TRANSFORM.http://localhost:8001/HtmlEscapePlace - Setting emissary.bin.dir to /Users/connor/Projects/work/emissary/target/bin 
2023-12-12 00:43:55,853 [using logback-test.xml]  INFO emissary.command.BaseCommand - sample.dat HTML_ESCAPE.HTMLESCAPE.TRANSFORM.http://localhost:8001/HtmlEscapePlace - Setting emissary.output.root to /Users/connor/Projects/work/emissary/target/localoutput 
2023-12-12 00:43:55,853 [using logback-test.xml]  INFO emissary.command.BaseCommand - sample.dat HTML_ESCAPE.HTMLESCAPE.TRANSFORM.http://localhost:8001/HtmlEscapePlace - Emissary error dir set to /Users/connor/Projects/work/emissary/target/localerror 
2023-12-12 00:43:55,853 [using logback-test.xml]  INFO emissary.command.BaseCommand - sample.dat HTML_ESCAPE.HTMLESCAPE.TRANSFORM.http://localhost:8001/HtmlEscapePlace - Setting emissary.node.name to localhost 
2023-12-12 00:43:55,853 [using logback-test.xml]  INFO emissary.command.BaseCommand - sample.dat HTML_ESCAPE.HTMLESCAPE.TRANSFORM.http://localhost:8001/HtmlEscapePlace - Setting emissary.node.port to 8001 
2023-12-12 00:43:55,853 [using logback-test.xml]  INFO emissary.command.BaseCommand - sample.dat HTML_ESCAPE.HTMLESCAPE.TRANSFORM.http://localhost:8001/HtmlEscapePlace - Setting emissary.node.scheme to http 
2023-12-12 00:43:55,853 [using logback-test.xml]  WARN emissary.command.BaseCommand - sample.dat HTML_ESCAPE.HTMLESCAPE.TRANSFORM.http://localhost:8001/HtmlEscapePlace - Not using /Users/connor/Projects/work/emissary/target/config/logback.xml, staying with test config file:/Users/connor/Projects/work/emissary/target/test-classes/logback-test.xml
2023-12-12 00:43:55,854 [using logback-test.xml]  INFO emissary.command.BaseCommand - sample.dat HTML_ESCAPE.HTMLESCAPE.TRANSFORM.http://localhost:8001/HtmlEscapePlace - Overriding current emissary.config.flavor null to CLUSTER 
2023-12-12 00:43:55,854 [using logback-test.xml]  INFO emissary.command.BaseCommand - sample.dat HTML_ESCAPE.HTMLESCAPE.TRANSFORM.http://localhost:8001/HtmlEscapePlace - PROJECT_BASE is set to /Users/connor/Projects/work/emissary/target 
2023-12-12 00:43:55,854 [using logback-test.xml]  INFO emissary.command.BaseCommand - sample.dat HTML_ESCAPE.HTMLESCAPE.TRANSFORM.http://localhost:8001/HtmlEscapePlace - Setting emissary.config.dir to /Users/connor/Projects/work/emissary/target/config 
2023-12-12 00:43:55,854 [using logback-test.xml]  INFO emissary.command.BaseCommand - sample.dat HTML_ESCAPE.HTMLESCAPE.TRANSFORM.http://localhost:8001/HtmlEscapePlace - Setting emissary.bin.dir to /Users/connor/Projects/work/emissary/target/bin 
2023-12-12 00:43:55,854 [using logback-test.xml]  INFO emissary.command.BaseCommand - sample.dat HTML_ESCAPE.HTMLESCAPE.TRANSFORM.http://localhost:8001/HtmlEscapePlace - Setting emissary.output.root to /Users/connor/Projects/work/emissary/target/localoutput 
2023-12-12 00:43:55,854 [using logback-test.xml]  INFO emissary.command.BaseCommand - sample.dat HTML_ESCAPE.HTMLESCAPE.TRANSFORM.http://localhost:8001/HtmlEscapePlace - Emissary error dir set to /Users/connor/Projects/work/emissary/target/localerror 
2023-12-12 00:43:55,854 [using logback-test.xml]  INFO emissary.command.BaseCommand - sample.dat HTML_ESCAPE.HTMLESCAPE.TRANSFORM.http://localhost:8001/HtmlEscapePlace - Setting emissary.config.flavor to CLUSTER 
2023-12-12 00:43:55,854 [using logback-test.xml]  INFO emissary.command.BaseCommand - sample.dat HTML_ESCAPE.HTMLESCAPE.TRANSFORM.http://localhost:8001/HtmlEscapePlace - Setting emissary.node.name to localhost 
2023-12-12 00:43:55,854 [using logback-test.xml]  INFO emissary.command.BaseCommand - sample.dat HTML_ESCAPE.HTMLESCAPE.TRANSFORM.http://localhost:8001/HtmlEscapePlace - Setting emissary.node.port to 8001 
2023-12-12 00:43:55,854 [using logback-test.xml]  INFO emissary.command.BaseCommand - sample.dat HTML_ESCAPE.HTMLESCAPE.TRANSFORM.http://localhost:8001/HtmlEscapePlace - Setting emissary.node.scheme to http 
2023-12-12 00:43:55,854 [using logback-test.xml]  WARN emissary.command.BaseCommand - sample.dat HTML_ESCAPE.HTMLESCAPE.TRANSFORM.http://localhost:8001/HtmlEscapePlace - Not using /Users/connor/Projects/work/emissary/target/config/logback.xml, staying with test config file:/Users/connor/Projects/work/emissary/target/test-classes/logback-test.xml
2023-12-12 00:43:55,855 [using logback-test.xml]  INFO emissary.command.BaseCommand - sample.dat HTML_ESCAPE.HTMLESCAPE.TRANSFORM.http://localhost:8001/HtmlEscapePlace - Overriding current emissary.config.flavor CLUSTER to CLUSTER 
2023-12-12 00:43:55,996 [using logback-test.xml] DEBUG emissary.config.ConfigUtil - sample.dat HTML_ESCAPE.HTMLESCAPE.TRANSFORM.http://localhost:8001/HtmlEscapePlace - Loading config for (string) peer-TESTING.cfg
2023-12-12 00:43:55,997 [using logback-test.xml] DEBUG emissary.config.ConfigUtil - sample.dat HTML_ESCAPE.HTMLESCAPE.TRANSFORM.http://localhost:8001/HtmlEscapePlace - No file config found using new style peer-TESTING.cfg
2023-12-12 00:43:55,997 [using logback-test.xml] DEBUG emissary.config.ConfigUtil - sample.dat HTML_ESCAPE.HTMLESCAPE.TRANSFORM.http://localhost:8001/HtmlEscapePlace - No config data as resource for emissary/place/peer-TESTING.cfg
2023-12-12 00:43:55,997 [using logback-test.xml] DEBUG emissary.config.ConfigUtil - sample.dat HTML_ESCAPE.HTMLESCAPE.TRANSFORM.http://localhost:8001/HtmlEscapePlace - Found config data as resource file:/Users/connor/Projects/work/emissary/target/test-classes/peer-TESTING.cfg
2023-12-12 00:43:55,998 [using logback-test.xml] DEBUG emissary.config.ConfigUtil - sample.dat HTML_ESCAPE.HTMLESCAPE.TRANSFORM.http://localhost:8001/HtmlEscapePlace - Attempting flavor merge on peer-TESTING-CLUSTER.cfg
2023-12-12 00:43:55,998 [using logback-test.xml] DEBUG emissary.config.ConfigUtil - sample.dat HTML_ESCAPE.HTMLESCAPE.TRANSFORM.http://localhost:8001/HtmlEscapePlace - Loading config for (string) peer-TESTING-CLUSTER.cfg
2023-12-12 00:43:55,998 [using logback-test.xml] DEBUG emissary.config.ConfigUtil - sample.dat HTML_ESCAPE.HTMLESCAPE.TRANSFORM.http://localhost:8001/HtmlEscapePlace - No file config found using new style peer-TESTING-CLUSTER.cfg
2023-12-12 00:43:55,998 [using logback-test.xml] DEBUG emissary.config.ConfigUtil - sample.dat HTML_ESCAPE.HTMLESCAPE.TRANSFORM.http://localhost:8001/HtmlEscapePlace - No config data as resource for emissary/place/peer-TESTING-CLUSTER.cfg
2023-12-12 00:43:55,998 [using logback-test.xml] DEBUG emissary.config.ConfigUtil - sample.dat HTML_ESCAPE.HTMLESCAPE.TRANSFORM.http://localhost:8001/HtmlEscapePlace - No config data as resource for peer-TESTING-CLUSTER.cfg
2023-12-12 00:43:55,998 [using logback-test.xml] DEBUG emissary.config.ConfigUtil - sample.dat HTML_ESCAPE.HTMLESCAPE.TRANSFORM.http://localhost:8001/HtmlEscapePlace - No file config found using old style peer-TESTING-CLUSTER.cfg
2023-12-12 00:43:55,998 [using logback-test.xml] DEBUG emissary.config.ConfigUtil - sample.dat HTML_ESCAPE.HTMLESCAPE.TRANSFORM.http://localhost:8001/HtmlEscapePlace - Unable to opt import flavor config peer-TESTING-CLUSTER.cfg
2023-12-12 00:43:55,998 [using logback-test.xml] DEBUG emissary.config.ConfigUtil - sample.dat HTML_ESCAPE.HTMLESCAPE.TRANSFORM.http://localhost:8001/HtmlEscapePlace - Loading config for (string) peer-TESTING.cfg
2023-12-12 00:43:55,998 [using logback-test.xml] DEBUG emissary.config.ConfigUtil - sample.dat HTML_ESCAPE.HTMLESCAPE.TRANSFORM.http://localhost:8001/HtmlEscapePlace - No file config found using new style peer-TESTING.cfg
2023-12-12 00:43:55,998 [using logback-test.xml] DEBUG emissary.config.ConfigUtil - sample.dat HTML_ESCAPE.HTMLESCAPE.TRANSFORM.http://localhost:8001/HtmlEscapePlace - No config data as resource for emissary/place/peer-TESTING.cfg
2023-12-12 00:43:55,998 [using logback-test.xml] DEBUG emissary.config.ConfigUtil - sample.dat HTML_ESCAPE.HTMLESCAPE.TRANSFORM.http://localhost:8001/HtmlEscapePlace - Found config data as resource file:/Users/connor/Projects/work/emissary/target/test-classes/peer-TESTING.cfg
2023-12-12 00:43:55,998 [using logback-test.xml] DEBUG emissary.config.ConfigUtil - sample.dat HTML_ESCAPE.HTMLESCAPE.TRANSFORM.http://localhost:8001/HtmlEscapePlace - Attempting flavor merge on peer-TESTING-CLUSTER.cfg
2023-12-12 00:43:55,998 [using logback-test.xml] DEBUG emissary.config.ConfigUtil - sample.dat HTML_ESCAPE.HTMLESCAPE.TRANSFORM.http://localhost:8001/HtmlEscapePlace - Loading config for (string) peer-TESTING-CLUSTER.cfg
2023-12-12 00:43:55,998 [using logback-test.xml] DEBUG emissary.config.ConfigUtil - sample.dat HTML_ESCAPE.HTMLESCAPE.TRANSFORM.http://localhost:8001/HtmlEscapePlace - No file config found using new style peer-TESTING-CLUSTER.cfg
2023-12-12 00:43:55,998 [using logback-test.xml] DEBUG emissary.config.ConfigUtil - sample.dat HTML_ESCAPE.HTMLESCAPE.TRANSFORM.http://localhost:8001/HtmlEscapePlace - No config data as resource for emissary/place/peer-TESTING-CLUSTER.cfg
2023-12-12 00:43:55,998 [using logback-test.xml] DEBUG emissary.config.ConfigUtil - sample.dat HTML_ESCAPE.HTMLESCAPE.TRANSFORM.http://localhost:8001/HtmlEscapePlace - No config data as resource for peer-TESTING-CLUSTER.cfg
2023-12-12 00:43:55,998 [using logback-test.xml] DEBUG emissary.config.ConfigUtil - sample.dat HTML_ESCAPE.HTMLESCAPE.TRANSFORM.http://localhost:8001/HtmlEscapePlace - No file config found using old style peer-TESTING-CLUSTER.cfg
2023-12-12 00:43:55,998 [using logback-test.xml] DEBUG emissary.config.ConfigUtil - sample.dat HTML_ESCAPE.HTMLESCAPE.TRANSFORM.http://localhost:8001/HtmlEscapePlace - Unable to opt import flavor config peer-TESTING-CLUSTER.cfg
]]></system-out>
    <system-err><![CDATA[Dec 12, 2023 12:43:55 AM org.glassfish.jersey.test.jetty.JettyTestContainerFactory$JettyTestContainer <init>
INFO: Creating JettyTestContainer configured at the base URI http://localhost:<AVAILABLE-PORT>/
Dec 12, 2023 12:43:55 AM org.glassfish.jersey.test.jetty.JettyTestContainerFactory$JettyTestContainer start
INFO: Started JettyTestContainer at the base URI http://localhost:64663/
]]></system-err>
  </testcase>
  <testcase name="cleanParams(String)[3]" classname="emissary.server.mvc.internal.RegisterPeerActionTest" time="0.081">
    <system-out><![CDATA[2023-12-12 00:43:56,017 [using logback-test.xml]  INFO emissary.command.BaseCommand - sample.dat HTML_ESCAPE.HTMLESCAPE.TRANSFORM.http://localhost:8001/HtmlEscapePlace - PROJECT_BASE is set to /Users/connor/Projects/work/emissary/target 
2023-12-12 00:43:56,017 [using logback-test.xml]  INFO emissary.command.BaseCommand - sample.dat HTML_ESCAPE.HTMLESCAPE.TRANSFORM.http://localhost:8001/HtmlEscapePlace - Setting emissary.config.dir to /Users/connor/Projects/work/emissary/target/config 
2023-12-12 00:43:56,017 [using logback-test.xml]  INFO emissary.command.BaseCommand - sample.dat HTML_ESCAPE.HTMLESCAPE.TRANSFORM.http://localhost:8001/HtmlEscapePlace - Setting emissary.bin.dir to /Users/connor/Projects/work/emissary/target/bin 
2023-12-12 00:43:56,017 [using logback-test.xml]  INFO emissary.command.BaseCommand - sample.dat HTML_ESCAPE.HTMLESCAPE.TRANSFORM.http://localhost:8001/HtmlEscapePlace - Setting emissary.output.root to /Users/connor/Projects/work/emissary/target/localoutput 
2023-12-12 00:43:56,017 [using logback-test.xml]  INFO emissary.command.BaseCommand - sample.dat HTML_ESCAPE.HTMLESCAPE.TRANSFORM.http://localhost:8001/HtmlEscapePlace - Emissary error dir set to /Users/connor/Projects/work/emissary/target/localerror 
2023-12-12 00:43:56,017 [using logback-test.xml]  INFO emissary.command.BaseCommand - sample.dat HTML_ESCAPE.HTMLESCAPE.TRANSFORM.http://localhost:8001/HtmlEscapePlace - Setting emissary.node.name to localhost 
2023-12-12 00:43:56,017 [using logback-test.xml]  INFO emissary.command.BaseCommand - sample.dat HTML_ESCAPE.HTMLESCAPE.TRANSFORM.http://localhost:8001/HtmlEscapePlace - Setting emissary.node.port to 8001 
2023-12-12 00:43:56,017 [using logback-test.xml]  INFO emissary.command.BaseCommand - sample.dat HTML_ESCAPE.HTMLESCAPE.TRANSFORM.http://localhost:8001/HtmlEscapePlace - Setting emissary.node.scheme to http 
2023-12-12 00:43:56,017 [using logback-test.xml]  WARN emissary.command.BaseCommand - sample.dat HTML_ESCAPE.HTMLESCAPE.TRANSFORM.http://localhost:8001/HtmlEscapePlace - Not using /Users/connor/Projects/work/emissary/target/config/logback.xml, staying with test config file:/Users/connor/Projects/work/emissary/target/test-classes/logback-test.xml
2023-12-12 00:43:56,018 [using logback-test.xml]  INFO emissary.command.BaseCommand - sample.dat HTML_ESCAPE.HTMLESCAPE.TRANSFORM.http://localhost:8001/HtmlEscapePlace - Overriding current emissary.config.flavor null to CLUSTER 
2023-12-12 00:43:56,018 [using logback-test.xml]  INFO emissary.command.BaseCommand - sample.dat HTML_ESCAPE.HTMLESCAPE.TRANSFORM.http://localhost:8001/HtmlEscapePlace - PROJECT_BASE is set to /Users/connor/Projects/work/emissary/target 
2023-12-12 00:43:56,018 [using logback-test.xml]  INFO emissary.command.BaseCommand - sample.dat HTML_ESCAPE.HTMLESCAPE.TRANSFORM.http://localhost:8001/HtmlEscapePlace - Setting emissary.config.dir to /Users/connor/Projects/work/emissary/target/config 
2023-12-12 00:43:56,018 [using logback-test.xml]  INFO emissary.command.BaseCommand - sample.dat HTML_ESCAPE.HTMLESCAPE.TRANSFORM.http://localhost:8001/HtmlEscapePlace - Setting emissary.bin.dir to /Users/connor/Projects/work/emissary/target/bin 
2023-12-12 00:43:56,018 [using logback-test.xml]  INFO emissary.command.BaseCommand - sample.dat HTML_ESCAPE.HTMLESCAPE.TRANSFORM.http://localhost:8001/HtmlEscapePlace - Setting emissary.output.root to /Users/connor/Projects/work/emissary/target/localoutput 
2023-12-12 00:43:56,018 [using logback-test.xml]  INFO emissary.command.BaseCommand - sample.dat HTML_ESCAPE.HTMLESCAPE.TRANSFORM.http://localhost:8001/HtmlEscapePlace - Emissary error dir set to /Users/connor/Projects/work/emissary/target/localerror 
2023-12-12 00:43:56,018 [using logback-test.xml]  INFO emissary.command.BaseCommand - sample.dat HTML_ESCAPE.HTMLESCAPE.TRANSFORM.http://localhost:8001/HtmlEscapePlace - Setting emissary.config.flavor to CLUSTER 
2023-12-12 00:43:56,018 [using logback-test.xml]  INFO emissary.command.BaseCommand - sample.dat HTML_ESCAPE.HTMLESCAPE.TRANSFORM.http://localhost:8001/HtmlEscapePlace - Setting emissary.node.name to localhost 
2023-12-12 00:43:56,018 [using logback-test.xml]  INFO emissary.command.BaseCommand - sample.dat HTML_ESCAPE.HTMLESCAPE.TRANSFORM.http://localhost:8001/HtmlEscapePlace - Setting emissary.node.port to 8001 
2023-12-12 00:43:56,018 [using logback-test.xml]  INFO emissary.command.BaseCommand - sample.dat HTML_ESCAPE.HTMLESCAPE.TRANSFORM.http://localhost:8001/HtmlEscapePlace - Setting emissary.node.scheme to http 
2023-12-12 00:43:56,018 [using logback-test.xml]  WARN emissary.command.BaseCommand - sample.dat HTML_ESCAPE.HTMLESCAPE.TRANSFORM.http://localhost:8001/HtmlEscapePlace - Not using /Users/connor/Projects/work/emissary/target/config/logback.xml, staying with test config file:/Users/connor/Projects/work/emissary/target/test-classes/logback-test.xml
2023-12-12 00:43:56,019 [using logback-test.xml]  INFO emissary.command.BaseCommand - sample.dat HTML_ESCAPE.HTMLESCAPE.TRANSFORM.http://localhost:8001/HtmlEscapePlace - Overriding current emissary.config.flavor CLUSTER to CLUSTER 
2023-12-12 00:43:56,059 [using logback-test.xml] DEBUG emissary.config.ConfigUtil - sample.dat HTML_ESCAPE.HTMLESCAPE.TRANSFORM.http://localhost:8001/HtmlEscapePlace - Loading config for (string) peer-TESTING.cfg
2023-12-12 00:43:56,059 [using logback-test.xml] DEBUG emissary.config.ConfigUtil - sample.dat HTML_ESCAPE.HTMLESCAPE.TRANSFORM.http://localhost:8001/HtmlEscapePlace - No file config found using new style peer-TESTING.cfg
2023-12-12 00:43:56,059 [using logback-test.xml] DEBUG emissary.config.ConfigUtil - sample.dat HTML_ESCAPE.HTMLESCAPE.TRANSFORM.http://localhost:8001/HtmlEscapePlace - No config data as resource for emissary/place/peer-TESTING.cfg
2023-12-12 00:43:56,059 [using logback-test.xml] DEBUG emissary.config.ConfigUtil - sample.dat HTML_ESCAPE.HTMLESCAPE.TRANSFORM.http://localhost:8001/HtmlEscapePlace - Found config data as resource file:/Users/connor/Projects/work/emissary/target/test-classes/peer-TESTING.cfg
2023-12-12 00:43:56,060 [using logback-test.xml] DEBUG emissary.config.ConfigUtil - sample.dat HTML_ESCAPE.HTMLESCAPE.TRANSFORM.http://localhost:8001/HtmlEscapePlace - Attempting flavor merge on peer-TESTING-CLUSTER.cfg
2023-12-12 00:43:56,060 [using logback-test.xml] DEBUG emissary.config.ConfigUtil - sample.dat HTML_ESCAPE.HTMLESCAPE.TRANSFORM.http://localhost:8001/HtmlEscapePlace - Loading config for (string) peer-TESTING-CLUSTER.cfg
2023-12-12 00:43:56,060 [using logback-test.xml] DEBUG emissary.config.ConfigUtil - sample.dat HTML_ESCAPE.HTMLESCAPE.TRANSFORM.http://localhost:8001/HtmlEscapePlace - No file config found using new style peer-TESTING-CLUSTER.cfg
2023-12-12 00:43:56,060 [using logback-test.xml] DEBUG emissary.config.ConfigUtil - sample.dat HTML_ESCAPE.HTMLESCAPE.TRANSFORM.http://localhost:8001/HtmlEscapePlace - No config data as resource for emissary/place/peer-TESTING-CLUSTER.cfg
2023-12-12 00:43:56,060 [using logback-test.xml] DEBUG emissary.config.ConfigUtil - sample.dat HTML_ESCAPE.HTMLESCAPE.TRANSFORM.http://localhost:8001/HtmlEscapePlace - No config data as resource for peer-TESTING-CLUSTER.cfg
2023-12-12 00:43:56,060 [using logback-test.xml] DEBUG emissary.config.ConfigUtil - sample.dat HTML_ESCAPE.HTMLESCAPE.TRANSFORM.http://localhost:8001/HtmlEscapePlace - No file config found using old style peer-TESTING-CLUSTER.cfg
2023-12-12 00:43:56,060 [using logback-test.xml] DEBUG emissary.config.ConfigUtil - sample.dat HTML_ESCAPE.HTMLESCAPE.TRANSFORM.http://localhost:8001/HtmlEscapePlace - Unable to opt import flavor config peer-TESTING-CLUSTER.cfg
2023-12-12 00:43:56,060 [using logback-test.xml] DEBUG emissary.config.ConfigUtil - sample.dat HTML_ESCAPE.HTMLESCAPE.TRANSFORM.http://localhost:8001/HtmlEscapePlace - Loading config for (string) peer-TESTING.cfg
2023-12-12 00:43:56,060 [using logback-test.xml] DEBUG emissary.config.ConfigUtil - sample.dat HTML_ESCAPE.HTMLESCAPE.TRANSFORM.http://localhost:8001/HtmlEscapePlace - No file config found using new style peer-TESTING.cfg
2023-12-12 00:43:56,060 [using logback-test.xml] DEBUG emissary.config.ConfigUtil - sample.dat HTML_ESCAPE.HTMLESCAPE.TRANSFORM.http://localhost:8001/HtmlEscapePlace - No config data as resource for emissary/place/peer-TESTING.cfg
2023-12-12 00:43:56,060 [using logback-test.xml] DEBUG emissary.config.ConfigUtil - sample.dat HTML_ESCAPE.HTMLESCAPE.TRANSFORM.http://localhost:8001/HtmlEscapePlace - Found config data as resource file:/Users/connor/Projects/work/emissary/target/test-classes/peer-TESTING.cfg
2023-12-12 00:43:56,060 [using logback-test.xml] DEBUG emissary.config.ConfigUtil - sample.dat HTML_ESCAPE.HTMLESCAPE.TRANSFORM.http://localhost:8001/HtmlEscapePlace - Attempting flavor merge on peer-TESTING-CLUSTER.cfg
2023-12-12 00:43:56,060 [using logback-test.xml] DEBUG emissary.config.ConfigUtil - sample.dat HTML_ESCAPE.HTMLESCAPE.TRANSFORM.http://localhost:8001/HtmlEscapePlace - Loading config for (string) peer-TESTING-CLUSTER.cfg
2023-12-12 00:43:56,060 [using logback-test.xml] DEBUG emissary.config.ConfigUtil - sample.dat HTML_ESCAPE.HTMLESCAPE.TRANSFORM.http://localhost:8001/HtmlEscapePlace - No file config found using new style peer-TESTING-CLUSTER.cfg
2023-12-12 00:43:56,060 [using logback-test.xml] DEBUG emissary.config.ConfigUtil - sample.dat HTML_ESCAPE.HTMLESCAPE.TRANSFORM.http://localhost:8001/HtmlEscapePlace - No config data as resource for emissary/place/peer-TESTING-CLUSTER.cfg
2023-12-12 00:43:56,060 [using logback-test.xml] DEBUG emissary.config.ConfigUtil - sample.dat HTML_ESCAPE.HTMLESCAPE.TRANSFORM.http://localhost:8001/HtmlEscapePlace - No config data as resource for peer-TESTING-CLUSTER.cfg
2023-12-12 00:43:56,060 [using logback-test.xml] DEBUG emissary.config.ConfigUtil - sample.dat HTML_ESCAPE.HTMLESCAPE.TRANSFORM.http://localhost:8001/HtmlEscapePlace - No file config found using old style peer-TESTING-CLUSTER.cfg
2023-12-12 00:43:56,060 [using logback-test.xml] DEBUG emissary.config.ConfigUtil - sample.dat HTML_ESCAPE.HTMLESCAPE.TRANSFORM.http://localhost:8001/HtmlEscapePlace - Unable to opt import flavor config peer-TESTING-CLUSTER.cfg
]]></system-out>
    <system-err><![CDATA[Dec 12, 2023 12:43:56 AM org.glassfish.jersey.test.jetty.JettyTestContainerFactory$JettyTestContainer <init>
INFO: Creating JettyTestContainer configured at the base URI http://localhost:<AVAILABLE-PORT>/
Dec 12, 2023 12:43:56 AM org.glassfish.jersey.test.jetty.JettyTestContainerFactory$JettyTestContainer start
INFO: Started JettyTestContainer at the base URI http://localhost:64665/
]]></system-err>
  </testcase>
  <testcase name="badParamValues(String)[1]" classname="emissary.server.mvc.internal.RegisterPeerActionTest" time="0.098">
    <system-out><![CDATA[2023-12-12 00:43:56,104 [using logback-test.xml]  INFO emissary.command.BaseCommand - sample.dat HTML_ESCAPE.HTMLESCAPE.TRANSFORM.http://localhost:8001/HtmlEscapePlace - PROJECT_BASE is set to /Users/connor/Projects/work/emissary/target 
2023-12-12 00:43:56,104 [using logback-test.xml]  INFO emissary.command.BaseCommand - sample.dat HTML_ESCAPE.HTMLESCAPE.TRANSFORM.http://localhost:8001/HtmlEscapePlace - Setting emissary.config.dir to /Users/connor/Projects/work/emissary/target/config 
2023-12-12 00:43:56,104 [using logback-test.xml]  INFO emissary.command.BaseCommand - sample.dat HTML_ESCAPE.HTMLESCAPE.TRANSFORM.http://localhost:8001/HtmlEscapePlace - Setting emissary.bin.dir to /Users/connor/Projects/work/emissary/target/bin 
2023-12-12 00:43:56,104 [using logback-test.xml]  INFO emissary.command.BaseCommand - sample.dat HTML_ESCAPE.HTMLESCAPE.TRANSFORM.http://localhost:8001/HtmlEscapePlace - Setting emissary.output.root to /Users/connor/Projects/work/emissary/target/localoutput 
2023-12-12 00:43:56,104 [using logback-test.xml]  INFO emissary.command.BaseCommand - sample.dat HTML_ESCAPE.HTMLESCAPE.TRANSFORM.http://localhost:8001/HtmlEscapePlace - Emissary error dir set to /Users/connor/Projects/work/emissary/target/localerror 
2023-12-12 00:43:56,104 [using logback-test.xml]  INFO emissary.command.BaseCommand - sample.dat HTML_ESCAPE.HTMLESCAPE.TRANSFORM.http://localhost:8001/HtmlEscapePlace - Setting emissary.node.name to localhost 
2023-12-12 00:43:56,104 [using logback-test.xml]  INFO emissary.command.BaseCommand - sample.dat HTML_ESCAPE.HTMLESCAPE.TRANSFORM.http://localhost:8001/HtmlEscapePlace - Setting emissary.node.port to 8001 
2023-12-12 00:43:56,104 [using logback-test.xml]  INFO emissary.command.BaseCommand - sample.dat HTML_ESCAPE.HTMLESCAPE.TRANSFORM.http://localhost:8001/HtmlEscapePlace - Setting emissary.node.scheme to http 
2023-12-12 00:43:56,104 [using logback-test.xml]  WARN emissary.command.BaseCommand - sample.dat HTML_ESCAPE.HTMLESCAPE.TRANSFORM.http://localhost:8001/HtmlEscapePlace - Not using /Users/connor/Projects/work/emissary/target/config/logback.xml, staying with test config file:/Users/connor/Projects/work/emissary/target/test-classes/logback-test.xml
2023-12-12 00:43:56,107 [using logback-test.xml]  INFO emissary.command.BaseCommand - sample.dat HTML_ESCAPE.HTMLESCAPE.TRANSFORM.http://localhost:8001/HtmlEscapePlace - Overriding current emissary.config.flavor null to CLUSTER 
2023-12-12 00:43:56,107 [using logback-test.xml]  INFO emissary.command.BaseCommand - sample.dat HTML_ESCAPE.HTMLESCAPE.TRANSFORM.http://localhost:8001/HtmlEscapePlace - PROJECT_BASE is set to /Users/connor/Projects/work/emissary/target 
2023-12-12 00:43:56,107 [using logback-test.xml]  INFO emissary.command.BaseCommand - sample.dat HTML_ESCAPE.HTMLESCAPE.TRANSFORM.http://localhost:8001/HtmlEscapePlace - Setting emissary.config.dir to /Users/connor/Projects/work/emissary/target/config 
2023-12-12 00:43:56,107 [using logback-test.xml]  INFO emissary.command.BaseCommand - sample.dat HTML_ESCAPE.HTMLESCAPE.TRANSFORM.http://localhost:8001/HtmlEscapePlace - Setting emissary.bin.dir to /Users/connor/Projects/work/emissary/target/bin 
2023-12-12 00:43:56,107 [using logback-test.xml]  INFO emissary.command.BaseCommand - sample.dat HTML_ESCAPE.HTMLESCAPE.TRANSFORM.http://localhost:8001/HtmlEscapePlace - Setting emissary.output.root to /Users/connor/Projects/work/emissary/target/localoutput 
2023-12-12 00:43:56,107 [using logback-test.xml]  INFO emissary.command.BaseCommand - sample.dat HTML_ESCAPE.HTMLESCAPE.TRANSFORM.http://localhost:8001/HtmlEscapePlace - Emissary error dir set to /Users/connor/Projects/work/emissary/target/localerror 
2023-12-12 00:43:56,107 [using logback-test.xml]  INFO emissary.command.BaseCommand - sample.dat HTML_ESCAPE.HTMLESCAPE.TRANSFORM.http://localhost:8001/HtmlEscapePlace - Setting emissary.config.flavor to CLUSTER 
2023-12-12 00:43:56,107 [using logback-test.xml]  INFO emissary.command.BaseCommand - sample.dat HTML_ESCAPE.HTMLESCAPE.TRANSFORM.http://localhost:8001/HtmlEscapePlace - Setting emissary.node.name to localhost 
2023-12-12 00:43:56,107 [using logback-test.xml]  INFO emissary.command.BaseCommand - sample.dat HTML_ESCAPE.HTMLESCAPE.TRANSFORM.http://localhost:8001/HtmlEscapePlace - Setting emissary.node.port to 8001 
2023-12-12 00:43:56,107 [using logback-test.xml]  INFO emissary.command.BaseCommand - sample.dat HTML_ESCAPE.HTMLESCAPE.TRANSFORM.http://localhost:8001/HtmlEscapePlace - Setting emissary.node.scheme to http 
2023-12-12 00:43:56,107 [using logback-test.xml]  WARN emissary.command.BaseCommand - sample.dat HTML_ESCAPE.HTMLESCAPE.TRANSFORM.http://localhost:8001/HtmlEscapePlace - Not using /Users/connor/Projects/work/emissary/target/config/logback.xml, staying with test config file:/Users/connor/Projects/work/emissary/target/test-classes/logback-test.xml
2023-12-12 00:43:56,108 [using logback-test.xml]  INFO emissary.command.BaseCommand - sample.dat HTML_ESCAPE.HTMLESCAPE.TRANSFORM.http://localhost:8001/HtmlEscapePlace - Overriding current emissary.config.flavor CLUSTER to CLUSTER 
2023-12-12 00:43:56,189 [using logback-test.xml] DEBUG emissary.config.ConfigUtil - sample.dat HTML_ESCAPE.HTMLESCAPE.TRANSFORM.http://localhost:8001/HtmlEscapePlace - Loading config for (string) peer-TESTING.cfg
2023-12-12 00:43:56,189 [using logback-test.xml] DEBUG emissary.config.ConfigUtil - sample.dat HTML_ESCAPE.HTMLESCAPE.TRANSFORM.http://localhost:8001/HtmlEscapePlace - No file config found using new style peer-TESTING.cfg
2023-12-12 00:43:56,189 [using logback-test.xml] DEBUG emissary.config.ConfigUtil - sample.dat HTML_ESCAPE.HTMLESCAPE.TRANSFORM.http://localhost:8001/HtmlEscapePlace - No config data as resource for emissary/place/peer-TESTING.cfg
2023-12-12 00:43:56,189 [using logback-test.xml] DEBUG emissary.config.ConfigUtil - sample.dat HTML_ESCAPE.HTMLESCAPE.TRANSFORM.http://localhost:8001/HtmlEscapePlace - Found config data as resource file:/Users/connor/Projects/work/emissary/target/test-classes/peer-TESTING.cfg
2023-12-12 00:43:56,189 [using logback-test.xml] DEBUG emissary.config.ConfigUtil - sample.dat HTML_ESCAPE.HTMLESCAPE.TRANSFORM.http://localhost:8001/HtmlEscapePlace - Attempting flavor merge on peer-TESTING-CLUSTER.cfg
2023-12-12 00:43:56,189 [using logback-test.xml] DEBUG emissary.config.ConfigUtil - sample.dat HTML_ESCAPE.HTMLESCAPE.TRANSFORM.http://localhost:8001/HtmlEscapePlace - Loading config for (string) peer-TESTING-CLUSTER.cfg
2023-12-12 00:43:56,189 [using logback-test.xml] DEBUG emissary.config.ConfigUtil - sample.dat HTML_ESCAPE.HTMLESCAPE.TRANSFORM.http://localhost:8001/HtmlEscapePlace - No file config found using new style peer-TESTING-CLUSTER.cfg
2023-12-12 00:43:56,189 [using logback-test.xml] DEBUG emissary.config.ConfigUtil - sample.dat HTML_ESCAPE.HTMLESCAPE.TRANSFORM.http://localhost:8001/HtmlEscapePlace - No config data as resource for emissary/place/peer-TESTING-CLUSTER.cfg
2023-12-12 00:43:56,189 [using logback-test.xml] DEBUG emissary.config.ConfigUtil - sample.dat HTML_ESCAPE.HTMLESCAPE.TRANSFORM.http://localhost:8001/HtmlEscapePlace - No config data as resource for peer-TESTING-CLUSTER.cfg
2023-12-12 00:43:56,189 [using logback-test.xml] DEBUG emissary.config.ConfigUtil - sample.dat HTML_ESCAPE.HTMLESCAPE.TRANSFORM.http://localhost:8001/HtmlEscapePlace - No file config found using old style peer-TESTING-CLUSTER.cfg
2023-12-12 00:43:56,189 [using logback-test.xml] DEBUG emissary.config.ConfigUtil - sample.dat HTML_ESCAPE.HTMLESCAPE.TRANSFORM.http://localhost:8001/HtmlEscapePlace - Unable to opt import flavor config peer-TESTING-CLUSTER.cfg
2023-12-12 00:43:56,189 [using logback-test.xml] DEBUG emissary.config.ConfigUtil - sample.dat HTML_ESCAPE.HTMLESCAPE.TRANSFORM.http://localhost:8001/HtmlEscapePlace - Loading config for (string) peer-TESTING.cfg
2023-12-12 00:43:56,189 [using logback-test.xml] DEBUG emissary.config.ConfigUtil - sample.dat HTML_ESCAPE.HTMLESCAPE.TRANSFORM.http://localhost:8001/HtmlEscapePlace - No file config found using new style peer-TESTING.cfg
2023-12-12 00:43:56,189 [using logback-test.xml] DEBUG emissary.config.ConfigUtil - sample.dat HTML_ESCAPE.HTMLESCAPE.TRANSFORM.http://localhost:8001/HtmlEscapePlace - No config data as resource for emissary/place/peer-TESTING.cfg
2023-12-12 00:43:56,189 [using logback-test.xml] DEBUG emissary.config.ConfigUtil - sample.dat HTML_ESCAPE.HTMLESCAPE.TRANSFORM.http://localhost:8001/HtmlEscapePlace - Found config data as resource file:/Users/connor/Projects/work/emissary/target/test-classes/peer-TESTING.cfg
2023-12-12 00:43:56,189 [using logback-test.xml] DEBUG emissary.config.ConfigUtil - sample.dat HTML_ESCAPE.HTMLESCAPE.TRANSFORM.http://localhost:8001/HtmlEscapePlace - Attempting flavor merge on peer-TESTING-CLUSTER.cfg
2023-12-12 00:43:56,189 [using logback-test.xml] DEBUG emissary.config.ConfigUtil - sample.dat HTML_ESCAPE.HTMLESCAPE.TRANSFORM.http://localhost:8001/HtmlEscapePlace - Loading config for (string) peer-TESTING-CLUSTER.cfg
2023-12-12 00:43:56,189 [using logback-test.xml] DEBUG emissary.config.ConfigUtil - sample.dat HTML_ESCAPE.HTMLESCAPE.TRANSFORM.http://localhost:8001/HtmlEscapePlace - No file config found using new style peer-TESTING-CLUSTER.cfg
2023-12-12 00:43:56,189 [using logback-test.xml] DEBUG emissary.config.ConfigUtil - sample.dat HTML_ESCAPE.HTMLESCAPE.TRANSFORM.http://localhost:8001/HtmlEscapePlace - No config data as resource for emissary/place/peer-TESTING-CLUSTER.cfg
2023-12-12 00:43:56,189 [using logback-test.xml] DEBUG emissary.config.ConfigUtil - sample.dat HTML_ESCAPE.HTMLESCAPE.TRANSFORM.http://localhost:8001/HtmlEscapePlace - No config data as resource for peer-TESTING-CLUSTER.cfg
2023-12-12 00:43:56,189 [using logback-test.xml] DEBUG emissary.config.ConfigUtil - sample.dat HTML_ESCAPE.HTMLESCAPE.TRANSFORM.http://localhost:8001/HtmlEscapePlace - No file config found using old style peer-TESTING-CLUSTER.cfg
2023-12-12 00:43:56,189 [using logback-test.xml] DEBUG emissary.config.ConfigUtil - sample.dat HTML_ESCAPE.HTMLESCAPE.TRANSFORM.http://localhost:8001/HtmlEscapePlace - Unable to opt import flavor config peer-TESTING-CLUSTER.cfg
]]></system-out>
    <system-err><![CDATA[Dec 12, 2023 12:43:56 AM org.glassfish.jersey.test.jetty.JettyTestContainerFactory$JettyTestContainer <init>
INFO: Creating JettyTestContainer configured at the base URI http://localhost:<AVAILABLE-PORT>/
Dec 12, 2023 12:43:56 AM org.glassfish.jersey.test.jetty.JettyTestContainerFactory$JettyTestContainer start
INFO: Started JettyTestContainer at the base URI http://localhost:64667/
]]></system-err>
  </testcase>
  <testcase name="badParamValues(String)[2]" classname="emissary.server.mvc.internal.RegisterPeerActionTest" time="0.067">
    <system-out><![CDATA[2023-12-12 00:43:56,207 [using logback-test.xml]  INFO emissary.command.BaseCommand - sample.dat HTML_ESCAPE.HTMLESCAPE.TRANSFORM.http://localhost:8001/HtmlEscapePlace - PROJECT_BASE is set to /Users/connor/Projects/work/emissary/target 
2023-12-12 00:43:56,208 [using logback-test.xml]  INFO emissary.command.BaseCommand - sample.dat HTML_ESCAPE.HTMLESCAPE.TRANSFORM.http://localhost:8001/HtmlEscapePlace - Setting emissary.config.dir to /Users/connor/Projects/work/emissary/target/config 
2023-12-12 00:43:56,208 [using logback-test.xml]  INFO emissary.command.BaseCommand - sample.dat HTML_ESCAPE.HTMLESCAPE.TRANSFORM.http://localhost:8001/HtmlEscapePlace - Setting emissary.bin.dir to /Users/connor/Projects/work/emissary/target/bin 
2023-12-12 00:43:56,208 [using logback-test.xml]  INFO emissary.command.BaseCommand - sample.dat HTML_ESCAPE.HTMLESCAPE.TRANSFORM.http://localhost:8001/HtmlEscapePlace - Setting emissary.output.root to /Users/connor/Projects/work/emissary/target/localoutput 
2023-12-12 00:43:56,208 [using logback-test.xml]  INFO emissary.command.BaseCommand - sample.dat HTML_ESCAPE.HTMLESCAPE.TRANSFORM.http://localhost:8001/HtmlEscapePlace - Emissary error dir set to /Users/connor/Projects/work/emissary/target/localerror 
2023-12-12 00:43:56,208 [using logback-test.xml]  INFO emissary.command.BaseCommand - sample.dat HTML_ESCAPE.HTMLESCAPE.TRANSFORM.http://localhost:8001/HtmlEscapePlace - Setting emissary.node.name to localhost 
2023-12-12 00:43:56,208 [using logback-test.xml]  INFO emissary.command.BaseCommand - sample.dat HTML_ESCAPE.HTMLESCAPE.TRANSFORM.http://localhost:8001/HtmlEscapePlace - Setting emissary.node.port to 8001 
2023-12-12 00:43:56,208 [using logback-test.xml]  INFO emissary.command.BaseCommand - sample.dat HTML_ESCAPE.HTMLESCAPE.TRANSFORM.http://localhost:8001/HtmlEscapePlace - Setting emissary.node.scheme to http 
2023-12-12 00:43:56,208 [using logback-test.xml]  WARN emissary.command.BaseCommand - sample.dat HTML_ESCAPE.HTMLESCAPE.TRANSFORM.http://localhost:8001/HtmlEscapePlace - Not using /Users/connor/Projects/work/emissary/target/config/logback.xml, staying with test config file:/Users/connor/Projects/work/emissary/target/test-classes/logback-test.xml
2023-12-12 00:43:56,209 [using logback-test.xml]  INFO emissary.command.BaseCommand - sample.dat HTML_ESCAPE.HTMLESCAPE.TRANSFORM.http://localhost:8001/HtmlEscapePlace - Overriding current emissary.config.flavor null to CLUSTER 
2023-12-12 00:43:56,209 [using logback-test.xml]  INFO emissary.command.BaseCommand - sample.dat HTML_ESCAPE.HTMLESCAPE.TRANSFORM.http://localhost:8001/HtmlEscapePlace - PROJECT_BASE is set to /Users/connor/Projects/work/emissary/target 
2023-12-12 00:43:56,209 [using logback-test.xml]  INFO emissary.command.BaseCommand - sample.dat HTML_ESCAPE.HTMLESCAPE.TRANSFORM.http://localhost:8001/HtmlEscapePlace - Setting emissary.config.dir to /Users/connor/Projects/work/emissary/target/config 
2023-12-12 00:43:56,209 [using logback-test.xml]  INFO emissary.command.BaseCommand - sample.dat HTML_ESCAPE.HTMLESCAPE.TRANSFORM.http://localhost:8001/HtmlEscapePlace - Setting emissary.bin.dir to /Users/connor/Projects/work/emissary/target/bin 
2023-12-12 00:43:56,209 [using logback-test.xml]  INFO emissary.command.BaseCommand - sample.dat HTML_ESCAPE.HTMLESCAPE.TRANSFORM.http://localhost:8001/HtmlEscapePlace - Setting emissary.output.root to /Users/connor/Projects/work/emissary/target/localoutput 
2023-12-12 00:43:56,209 [using logback-test.xml]  INFO emissary.command.BaseCommand - sample.dat HTML_ESCAPE.HTMLESCAPE.TRANSFORM.http://localhost:8001/HtmlEscapePlace - Emissary error dir set to /Users/connor/Projects/work/emissary/target/localerror 
2023-12-12 00:43:56,209 [using logback-test.xml]  INFO emissary.command.BaseCommand - sample.dat HTML_ESCAPE.HTMLESCAPE.TRANSFORM.http://localhost:8001/HtmlEscapePlace - Setting emissary.config.flavor to CLUSTER 
2023-12-12 00:43:56,209 [using logback-test.xml]  INFO emissary.command.BaseCommand - sample.dat HTML_ESCAPE.HTMLESCAPE.TRANSFORM.http://localhost:8001/HtmlEscapePlace - Setting emissary.node.name to localhost 
2023-12-12 00:43:56,209 [using logback-test.xml]  INFO emissary.command.BaseCommand - sample.dat HTML_ESCAPE.HTMLESCAPE.TRANSFORM.http://localhost:8001/HtmlEscapePlace - Setting emissary.node.port to 8001 
2023-12-12 00:43:56,209 [using logback-test.xml]  INFO emissary.command.BaseCommand - sample.dat HTML_ESCAPE.HTMLESCAPE.TRANSFORM.http://localhost:8001/HtmlEscapePlace - Setting emissary.node.scheme to http 
2023-12-12 00:43:56,209 [using logback-test.xml]  WARN emissary.command.BaseCommand - sample.dat HTML_ESCAPE.HTMLESCAPE.TRANSFORM.http://localhost:8001/HtmlEscapePlace - Not using /Users/connor/Projects/work/emissary/target/config/logback.xml, staying with test config file:/Users/connor/Projects/work/emissary/target/test-classes/logback-test.xml
2023-12-12 00:43:56,209 [using logback-test.xml]  INFO emissary.command.BaseCommand - sample.dat HTML_ESCAPE.HTMLESCAPE.TRANSFORM.http://localhost:8001/HtmlEscapePlace - Overriding current emissary.config.flavor CLUSTER to CLUSTER 
2023-12-12 00:43:56,262 [using logback-test.xml] DEBUG emissary.config.ConfigUtil - sample.dat HTML_ESCAPE.HTMLESCAPE.TRANSFORM.http://localhost:8001/HtmlEscapePlace - Loading config for (string) peer-TESTING.cfg
2023-12-12 00:43:56,262 [using logback-test.xml] DEBUG emissary.config.ConfigUtil - sample.dat HTML_ESCAPE.HTMLESCAPE.TRANSFORM.http://localhost:8001/HtmlEscapePlace - No file config found using new style peer-TESTING.cfg
2023-12-12 00:43:56,262 [using logback-test.xml] DEBUG emissary.config.ConfigUtil - sample.dat HTML_ESCAPE.HTMLESCAPE.TRANSFORM.http://localhost:8001/HtmlEscapePlace - No config data as resource for emissary/place/peer-TESTING.cfg
2023-12-12 00:43:56,262 [using logback-test.xml] DEBUG emissary.config.ConfigUtil - sample.dat HTML_ESCAPE.HTMLESCAPE.TRANSFORM.http://localhost:8001/HtmlEscapePlace - Found config data as resource file:/Users/connor/Projects/work/emissary/target/test-classes/peer-TESTING.cfg
2023-12-12 00:43:56,262 [using logback-test.xml] DEBUG emissary.config.ConfigUtil - sample.dat HTML_ESCAPE.HTMLESCAPE.TRANSFORM.http://localhost:8001/HtmlEscapePlace - Attempting flavor merge on peer-TESTING-CLUSTER.cfg
2023-12-12 00:43:56,262 [using logback-test.xml] DEBUG emissary.config.ConfigUtil - sample.dat HTML_ESCAPE.HTMLESCAPE.TRANSFORM.http://localhost:8001/HtmlEscapePlace - Loading config for (string) peer-TESTING-CLUSTER.cfg
2023-12-12 00:43:56,262 [using logback-test.xml] DEBUG emissary.config.ConfigUtil - sample.dat HTML_ESCAPE.HTMLESCAPE.TRANSFORM.http://localhost:8001/HtmlEscapePlace - No file config found using new style peer-TESTING-CLUSTER.cfg
2023-12-12 00:43:56,262 [using logback-test.xml] DEBUG emissary.config.ConfigUtil - sample.dat HTML_ESCAPE.HTMLESCAPE.TRANSFORM.http://localhost:8001/HtmlEscapePlace - No config data as resource for emissary/place/peer-TESTING-CLUSTER.cfg
2023-12-12 00:43:56,262 [using logback-test.xml] DEBUG emissary.config.ConfigUtil - sample.dat HTML_ESCAPE.HTMLESCAPE.TRANSFORM.http://localhost:8001/HtmlEscapePlace - No config data as resource for peer-TESTING-CLUSTER.cfg
2023-12-12 00:43:56,262 [using logback-test.xml] DEBUG emissary.config.ConfigUtil - sample.dat HTML_ESCAPE.HTMLESCAPE.TRANSFORM.http://localhost:8001/HtmlEscapePlace - No file config found using old style peer-TESTING-CLUSTER.cfg
2023-12-12 00:43:56,262 [using logback-test.xml] DEBUG emissary.config.ConfigUtil - sample.dat HTML_ESCAPE.HTMLESCAPE.TRANSFORM.http://localhost:8001/HtmlEscapePlace - Unable to opt import flavor config peer-TESTING-CLUSTER.cfg
2023-12-12 00:43:56,262 [using logback-test.xml] DEBUG emissary.config.ConfigUtil - sample.dat HTML_ESCAPE.HTMLESCAPE.TRANSFORM.http://localhost:8001/HtmlEscapePlace - Loading config for (string) peer-TESTING.cfg
2023-12-12 00:43:56,262 [using logback-test.xml] DEBUG emissary.config.ConfigUtil - sample.dat HTML_ESCAPE.HTMLESCAPE.TRANSFORM.http://localhost:8001/HtmlEscapePlace - No file config found using new style peer-TESTING.cfg
2023-12-12 00:43:56,262 [using logback-test.xml] DEBUG emissary.config.ConfigUtil - sample.dat HTML_ESCAPE.HTMLESCAPE.TRANSFORM.http://localhost:8001/HtmlEscapePlace - No config data as resource for emissary/place/peer-TESTING.cfg
2023-12-12 00:43:56,262 [using logback-test.xml] DEBUG emissary.config.ConfigUtil - sample.dat HTML_ESCAPE.HTMLESCAPE.TRANSFORM.http://localhost:8001/HtmlEscapePlace - Found config data as resource file:/Users/connor/Projects/work/emissary/target/test-classes/peer-TESTING.cfg
2023-12-12 00:43:56,262 [using logback-test.xml] DEBUG emissary.config.ConfigUtil - sample.dat HTML_ESCAPE.HTMLESCAPE.TRANSFORM.http://localhost:8001/HtmlEscapePlace - Attempting flavor merge on peer-TESTING-CLUSTER.cfg
2023-12-12 00:43:56,262 [using logback-test.xml] DEBUG emissary.config.ConfigUtil - sample.dat HTML_ESCAPE.HTMLESCAPE.TRANSFORM.http://localhost:8001/HtmlEscapePlace - Loading config for (string) peer-TESTING-CLUSTER.cfg
2023-12-12 00:43:56,262 [using logback-test.xml] DEBUG emissary.config.ConfigUtil - sample.dat HTML_ESCAPE.HTMLESCAPE.TRANSFORM.http://localhost:8001/HtmlEscapePlace - No file config found using new style peer-TESTING-CLUSTER.cfg
2023-12-12 00:43:56,262 [using logback-test.xml] DEBUG emissary.config.ConfigUtil - sample.dat HTML_ESCAPE.HTMLESCAPE.TRANSFORM.http://localhost:8001/HtmlEscapePlace - No config data as resource for emissary/place/peer-TESTING-CLUSTER.cfg
2023-12-12 00:43:56,262 [using logback-test.xml] DEBUG emissary.config.ConfigUtil - sample.dat HTML_ESCAPE.HTMLESCAPE.TRANSFORM.http://localhost:8001/HtmlEscapePlace - No config data as resource for peer-TESTING-CLUSTER.cfg
2023-12-12 00:43:56,262 [using logback-test.xml] DEBUG emissary.config.ConfigUtil - sample.dat HTML_ESCAPE.HTMLESCAPE.TRANSFORM.http://localhost:8001/HtmlEscapePlace - No file config found using old style peer-TESTING-CLUSTER.cfg
2023-12-12 00:43:56,262 [using logback-test.xml] DEBUG emissary.config.ConfigUtil - sample.dat HTML_ESCAPE.HTMLESCAPE.TRANSFORM.http://localhost:8001/HtmlEscapePlace - Unable to opt import flavor config peer-TESTING-CLUSTER.cfg
]]></system-out>
    <system-err><![CDATA[Dec 12, 2023 12:43:56 AM org.glassfish.jersey.test.jetty.JettyTestContainerFactory$JettyTestContainer <init>
INFO: Creating JettyTestContainer configured at the base URI http://localhost:<AVAILABLE-PORT>/
Dec 12, 2023 12:43:56 AM org.glassfish.jersey.test.jetty.JettyTestContainerFactory$JettyTestContainer start
INFO: Started JettyTestContainer at the base URI http://localhost:64669/
]]></system-err>
  </testcase>
  <testcase name="badParamValues(String)[3]" classname="emissary.server.mvc.internal.RegisterPeerActionTest" time="0.098">
    <system-out><![CDATA[2023-12-12 00:43:56,278 [using logback-test.xml]  INFO emissary.command.BaseCommand - sample.dat HTML_ESCAPE.HTMLESCAPE.TRANSFORM.http://localhost:8001/HtmlEscapePlace - PROJECT_BASE is set to /Users/connor/Projects/work/emissary/target 
2023-12-12 00:43:56,278 [using logback-test.xml]  INFO emissary.command.BaseCommand - sample.dat HTML_ESCAPE.HTMLESCAPE.TRANSFORM.http://localhost:8001/HtmlEscapePlace - Setting emissary.config.dir to /Users/connor/Projects/work/emissary/target/config 
2023-12-12 00:43:56,278 [using logback-test.xml]  INFO emissary.command.BaseCommand - sample.dat HTML_ESCAPE.HTMLESCAPE.TRANSFORM.http://localhost:8001/HtmlEscapePlace - Setting emissary.bin.dir to /Users/connor/Projects/work/emissary/target/bin 
2023-12-12 00:43:56,278 [using logback-test.xml]  INFO emissary.command.BaseCommand - sample.dat HTML_ESCAPE.HTMLESCAPE.TRANSFORM.http://localhost:8001/HtmlEscapePlace - Setting emissary.output.root to /Users/connor/Projects/work/emissary/target/localoutput 
2023-12-12 00:43:56,278 [using logback-test.xml]  INFO emissary.command.BaseCommand - sample.dat HTML_ESCAPE.HTMLESCAPE.TRANSFORM.http://localhost:8001/HtmlEscapePlace - Emissary error dir set to /Users/connor/Projects/work/emissary/target/localerror 
2023-12-12 00:43:56,278 [using logback-test.xml]  INFO emissary.command.BaseCommand - sample.dat HTML_ESCAPE.HTMLESCAPE.TRANSFORM.http://localhost:8001/HtmlEscapePlace - Setting emissary.node.name to localhost 
2023-12-12 00:43:56,278 [using logback-test.xml]  INFO emissary.command.BaseCommand - sample.dat HTML_ESCAPE.HTMLESCAPE.TRANSFORM.http://localhost:8001/HtmlEscapePlace - Setting emissary.node.port to 8001 
2023-12-12 00:43:56,278 [using logback-test.xml]  INFO emissary.command.BaseCommand - sample.dat HTML_ESCAPE.HTMLESCAPE.TRANSFORM.http://localhost:8001/HtmlEscapePlace - Setting emissary.node.scheme to http 
2023-12-12 00:43:56,278 [using logback-test.xml]  WARN emissary.command.BaseCommand - sample.dat HTML_ESCAPE.HTMLESCAPE.TRANSFORM.http://localhost:8001/HtmlEscapePlace - Not using /Users/connor/Projects/work/emissary/target/config/logback.xml, staying with test config file:/Users/connor/Projects/work/emissary/target/test-classes/logback-test.xml
2023-12-12 00:43:56,280 [using logback-test.xml]  INFO emissary.command.BaseCommand - sample.dat HTML_ESCAPE.HTMLESCAPE.TRANSFORM.http://localhost:8001/HtmlEscapePlace - Overriding current emissary.config.flavor null to CLUSTER 
2023-12-12 00:43:56,280 [using logback-test.xml]  INFO emissary.command.BaseCommand - sample.dat HTML_ESCAPE.HTMLESCAPE.TRANSFORM.http://localhost:8001/HtmlEscapePlace - PROJECT_BASE is set to /Users/connor/Projects/work/emissary/target 
2023-12-12 00:43:56,280 [using logback-test.xml]  INFO emissary.command.BaseCommand - sample.dat HTML_ESCAPE.HTMLESCAPE.TRANSFORM.http://localhost:8001/HtmlEscapePlace - Setting emissary.config.dir to /Users/connor/Projects/work/emissary/target/config 
2023-12-12 00:43:56,280 [using logback-test.xml]  INFO emissary.command.BaseCommand - sample.dat HTML_ESCAPE.HTMLESCAPE.TRANSFORM.http://localhost:8001/HtmlEscapePlace - Setting emissary.bin.dir to /Users/connor/Projects/work/emissary/target/bin 
2023-12-12 00:43:56,280 [using logback-test.xml]  INFO emissary.command.BaseCommand - sample.dat HTML_ESCAPE.HTMLESCAPE.TRANSFORM.http://localhost:8001/HtmlEscapePlace - Setting emissary.output.root to /Users/connor/Projects/work/emissary/target/localoutput 
2023-12-12 00:43:56,280 [using logback-test.xml]  INFO emissary.command.BaseCommand - sample.dat HTML_ESCAPE.HTMLESCAPE.TRANSFORM.http://localhost:8001/HtmlEscapePlace - Emissary error dir set to /Users/connor/Projects/work/emissary/target/localerror 
2023-12-12 00:43:56,280 [using logback-test.xml]  INFO emissary.command.BaseCommand - sample.dat HTML_ESCAPE.HTMLESCAPE.TRANSFORM.http://localhost:8001/HtmlEscapePlace - Setting emissary.config.flavor to CLUSTER 
2023-12-12 00:43:56,280 [using logback-test.xml]  INFO emissary.command.BaseCommand - sample.dat HTML_ESCAPE.HTMLESCAPE.TRANSFORM.http://localhost:8001/HtmlEscapePlace - Setting emissary.node.name to localhost 
2023-12-12 00:43:56,280 [using logback-test.xml]  INFO emissary.command.BaseCommand - sample.dat HTML_ESCAPE.HTMLESCAPE.TRANSFORM.http://localhost:8001/HtmlEscapePlace - Setting emissary.node.port to 8001 
2023-12-12 00:43:56,280 [using logback-test.xml]  INFO emissary.command.BaseCommand - sample.dat HTML_ESCAPE.HTMLESCAPE.TRANSFORM.http://localhost:8001/HtmlEscapePlace - Setting emissary.node.scheme to http 
2023-12-12 00:43:56,280 [using logback-test.xml]  WARN emissary.command.BaseCommand - sample.dat HTML_ESCAPE.HTMLESCAPE.TRANSFORM.http://localhost:8001/HtmlEscapePlace - Not using /Users/connor/Projects/work/emissary/target/config/logback.xml, staying with test config file:/Users/connor/Projects/work/emissary/target/test-classes/logback-test.xml
2023-12-12 00:43:56,281 [using logback-test.xml]  INFO emissary.command.BaseCommand - sample.dat HTML_ESCAPE.HTMLESCAPE.TRANSFORM.http://localhost:8001/HtmlEscapePlace - Overriding current emissary.config.flavor CLUSTER to CLUSTER 
2023-12-12 00:43:56,367 [using logback-test.xml] DEBUG emissary.config.ConfigUtil - sample.dat HTML_ESCAPE.HTMLESCAPE.TRANSFORM.http://localhost:8001/HtmlEscapePlace - Loading config for (string) peer-TESTING.cfg
2023-12-12 00:43:56,367 [using logback-test.xml] DEBUG emissary.config.ConfigUtil - sample.dat HTML_ESCAPE.HTMLESCAPE.TRANSFORM.http://localhost:8001/HtmlEscapePlace - No file config found using new style peer-TESTING.cfg
2023-12-12 00:43:56,367 [using logback-test.xml] DEBUG emissary.config.ConfigUtil - sample.dat HTML_ESCAPE.HTMLESCAPE.TRANSFORM.http://localhost:8001/HtmlEscapePlace - No config data as resource for emissary/place/peer-TESTING.cfg
2023-12-12 00:43:56,367 [using logback-test.xml] DEBUG emissary.config.ConfigUtil - sample.dat HTML_ESCAPE.HTMLESCAPE.TRANSFORM.http://localhost:8001/HtmlEscapePlace - Found config data as resource file:/Users/connor/Projects/work/emissary/target/test-classes/peer-TESTING.cfg
2023-12-12 00:43:56,367 [using logback-test.xml] DEBUG emissary.config.ConfigUtil - sample.dat HTML_ESCAPE.HTMLESCAPE.TRANSFORM.http://localhost:8001/HtmlEscapePlace - Attempting flavor merge on peer-TESTING-CLUSTER.cfg
2023-12-12 00:43:56,367 [using logback-test.xml] DEBUG emissary.config.ConfigUtil - sample.dat HTML_ESCAPE.HTMLESCAPE.TRANSFORM.http://localhost:8001/HtmlEscapePlace - Loading config for (string) peer-TESTING-CLUSTER.cfg
2023-12-12 00:43:56,367 [using logback-test.xml] DEBUG emissary.config.ConfigUtil - sample.dat HTML_ESCAPE.HTMLESCAPE.TRANSFORM.http://localhost:8001/HtmlEscapePlace - No file config found using new style peer-TESTING-CLUSTER.cfg
2023-12-12 00:43:56,367 [using logback-test.xml] DEBUG emissary.config.ConfigUtil - sample.dat HTML_ESCAPE.HTMLESCAPE.TRANSFORM.http://localhost:8001/HtmlEscapePlace - No config data as resource for emissary/place/peer-TESTING-CLUSTER.cfg
2023-12-12 00:43:56,367 [using logback-test.xml] DEBUG emissary.config.ConfigUtil - sample.dat HTML_ESCAPE.HTMLESCAPE.TRANSFORM.http://localhost:8001/HtmlEscapePlace - No config data as resource for peer-TESTING-CLUSTER.cfg
2023-12-12 00:43:56,367 [using logback-test.xml] DEBUG emissary.config.ConfigUtil - sample.dat HTML_ESCAPE.HTMLESCAPE.TRANSFORM.http://localhost:8001/HtmlEscapePlace - No file config found using old style peer-TESTING-CLUSTER.cfg
2023-12-12 00:43:56,367 [using logback-test.xml] DEBUG emissary.config.ConfigUtil - sample.dat HTML_ESCAPE.HTMLESCAPE.TRANSFORM.http://localhost:8001/HtmlEscapePlace - Unable to opt import flavor config peer-TESTING-CLUSTER.cfg
2023-12-12 00:43:56,367 [using logback-test.xml] DEBUG emissary.config.ConfigUtil - sample.dat HTML_ESCAPE.HTMLESCAPE.TRANSFORM.http://localhost:8001/HtmlEscapePlace - Loading config for (string) peer-TESTING.cfg
2023-12-12 00:43:56,367 [using logback-test.xml] DEBUG emissary.config.ConfigUtil - sample.dat HTML_ESCAPE.HTMLESCAPE.TRANSFORM.http://localhost:8001/HtmlEscapePlace - No file config found using new style peer-TESTING.cfg
2023-12-12 00:43:56,367 [using logback-test.xml] DEBUG emissary.config.ConfigUtil - sample.dat HTML_ESCAPE.HTMLESCAPE.TRANSFORM.http://localhost:8001/HtmlEscapePlace - No config data as resource for emissary/place/peer-TESTING.cfg
2023-12-12 00:43:56,367 [using logback-test.xml] DEBUG emissary.config.ConfigUtil - sample.dat HTML_ESCAPE.HTMLESCAPE.TRANSFORM.http://localhost:8001/HtmlEscapePlace - Found config data as resource file:/Users/connor/Projects/work/emissary/target/test-classes/peer-TESTING.cfg
2023-12-12 00:43:56,368 [using logback-test.xml] DEBUG emissary.config.ConfigUtil - sample.dat HTML_ESCAPE.HTMLESCAPE.TRANSFORM.http://localhost:8001/HtmlEscapePlace - Attempting flavor merge on peer-TESTING-CLUSTER.cfg
2023-12-12 00:43:56,368 [using logback-test.xml] DEBUG emissary.config.ConfigUtil - sample.dat HTML_ESCAPE.HTMLESCAPE.TRANSFORM.http://localhost:8001/HtmlEscapePlace - Loading config for (string) peer-TESTING-CLUSTER.cfg
2023-12-12 00:43:56,368 [using logback-test.xml] DEBUG emissary.config.ConfigUtil - sample.dat HTML_ESCAPE.HTMLESCAPE.TRANSFORM.http://localhost:8001/HtmlEscapePlace - No file config found using new style peer-TESTING-CLUSTER.cfg
2023-12-12 00:43:56,368 [using logback-test.xml] DEBUG emissary.config.ConfigUtil - sample.dat HTML_ESCAPE.HTMLESCAPE.TRANSFORM.http://localhost:8001/HtmlEscapePlace - No config data as resource for emissary/place/peer-TESTING-CLUSTER.cfg
2023-12-12 00:43:56,368 [using logback-test.xml] DEBUG emissary.config.ConfigUtil - sample.dat HTML_ESCAPE.HTMLESCAPE.TRANSFORM.http://localhost:8001/HtmlEscapePlace - No config data as resource for peer-TESTING-CLUSTER.cfg
2023-12-12 00:43:56,368 [using logback-test.xml] DEBUG emissary.config.ConfigUtil - sample.dat HTML_ESCAPE.HTMLESCAPE.TRANSFORM.http://localhost:8001/HtmlEscapePlace - No file config found using old style peer-TESTING-CLUSTER.cfg
2023-12-12 00:43:56,368 [using logback-test.xml] DEBUG emissary.config.ConfigUtil - sample.dat HTML_ESCAPE.HTMLESCAPE.TRANSFORM.http://localhost:8001/HtmlEscapePlace - Unable to opt import flavor config peer-TESTING-CLUSTER.cfg
]]></system-out>
    <system-err><![CDATA[Dec 12, 2023 12:43:56 AM org.glassfish.jersey.test.jetty.JettyTestContainerFactory$JettyTestContainer <init>
INFO: Creating JettyTestContainer configured at the base URI http://localhost:<AVAILABLE-PORT>/
Dec 12, 2023 12:43:56 AM org.glassfish.jersey.test.jetty.JettyTestContainerFactory$JettyTestContainer start
INFO: Started JettyTestContainer at the base URI http://localhost:64671/
]]></system-err>
  </testcase>
  <testcase name="badParamValues(String)[4]" classname="emissary.server.mvc.internal.RegisterPeerActionTest" time="0.054">
    <system-out><![CDATA[2023-12-12 00:43:56,381 [using logback-test.xml]  INFO emissary.command.BaseCommand - sample.dat HTML_ESCAPE.HTMLESCAPE.TRANSFORM.http://localhost:8001/HtmlEscapePlace - PROJECT_BASE is set to /Users/connor/Projects/work/emissary/target 
2023-12-12 00:43:56,381 [using logback-test.xml]  INFO emissary.command.BaseCommand - sample.dat HTML_ESCAPE.HTMLESCAPE.TRANSFORM.http://localhost:8001/HtmlEscapePlace - Setting emissary.config.dir to /Users/connor/Projects/work/emissary/target/config 
2023-12-12 00:43:56,381 [using logback-test.xml]  INFO emissary.command.BaseCommand - sample.dat HTML_ESCAPE.HTMLESCAPE.TRANSFORM.http://localhost:8001/HtmlEscapePlace - Setting emissary.bin.dir to /Users/connor/Projects/work/emissary/target/bin 
2023-12-12 00:43:56,381 [using logback-test.xml]  INFO emissary.command.BaseCommand - sample.dat HTML_ESCAPE.HTMLESCAPE.TRANSFORM.http://localhost:8001/HtmlEscapePlace - Setting emissary.output.root to /Users/connor/Projects/work/emissary/target/localoutput 
2023-12-12 00:43:56,381 [using logback-test.xml]  INFO emissary.command.BaseCommand - sample.dat HTML_ESCAPE.HTMLESCAPE.TRANSFORM.http://localhost:8001/HtmlEscapePlace - Emissary error dir set to /Users/connor/Projects/work/emissary/target/localerror 
2023-12-12 00:43:56,381 [using logback-test.xml]  INFO emissary.command.BaseCommand - sample.dat HTML_ESCAPE.HTMLESCAPE.TRANSFORM.http://localhost:8001/HtmlEscapePlace - Setting emissary.node.name to localhost 
2023-12-12 00:43:56,381 [using logback-test.xml]  INFO emissary.command.BaseCommand - sample.dat HTML_ESCAPE.HTMLESCAPE.TRANSFORM.http://localhost:8001/HtmlEscapePlace - Setting emissary.node.port to 8001 
2023-12-12 00:43:56,381 [using logback-test.xml]  INFO emissary.command.BaseCommand - sample.dat HTML_ESCAPE.HTMLESCAPE.TRANSFORM.http://localhost:8001/HtmlEscapePlace - Setting emissary.node.scheme to http 
2023-12-12 00:43:56,381 [using logback-test.xml]  WARN emissary.command.BaseCommand - sample.dat HTML_ESCAPE.HTMLESCAPE.TRANSFORM.http://localhost:8001/HtmlEscapePlace - Not using /Users/connor/Projects/work/emissary/target/config/logback.xml, staying with test config file:/Users/connor/Projects/work/emissary/target/test-classes/logback-test.xml
2023-12-12 00:43:56,383 [using logback-test.xml]  INFO emissary.command.BaseCommand - sample.dat HTML_ESCAPE.HTMLESCAPE.TRANSFORM.http://localhost:8001/HtmlEscapePlace - Overriding current emissary.config.flavor null to CLUSTER 
2023-12-12 00:43:56,383 [using logback-test.xml]  INFO emissary.command.BaseCommand - sample.dat HTML_ESCAPE.HTMLESCAPE.TRANSFORM.http://localhost:8001/HtmlEscapePlace - PROJECT_BASE is set to /Users/connor/Projects/work/emissary/target 
2023-12-12 00:43:56,383 [using logback-test.xml]  INFO emissary.command.BaseCommand - sample.dat HTML_ESCAPE.HTMLESCAPE.TRANSFORM.http://localhost:8001/HtmlEscapePlace - Setting emissary.config.dir to /Users/connor/Projects/work/emissary/target/config 
2023-12-12 00:43:56,383 [using logback-test.xml]  INFO emissary.command.BaseCommand - sample.dat HTML_ESCAPE.HTMLESCAPE.TRANSFORM.http://localhost:8001/HtmlEscapePlace - Setting emissary.bin.dir to /Users/connor/Projects/work/emissary/target/bin 
2023-12-12 00:43:56,383 [using logback-test.xml]  INFO emissary.command.BaseCommand - sample.dat HTML_ESCAPE.HTMLESCAPE.TRANSFORM.http://localhost:8001/HtmlEscapePlace - Setting emissary.output.root to /Users/connor/Projects/work/emissary/target/localoutput 
2023-12-12 00:43:56,383 [using logback-test.xml]  INFO emissary.command.BaseCommand - sample.dat HTML_ESCAPE.HTMLESCAPE.TRANSFORM.http://localhost:8001/HtmlEscapePlace - Emissary error dir set to /Users/connor/Projects/work/emissary/target/localerror 
2023-12-12 00:43:56,383 [using logback-test.xml]  INFO emissary.command.BaseCommand - sample.dat HTML_ESCAPE.HTMLESCAPE.TRANSFORM.http://localhost:8001/HtmlEscapePlace - Setting emissary.config.flavor to CLUSTER 
2023-12-12 00:43:56,383 [using logback-test.xml]  INFO emissary.command.BaseCommand - sample.dat HTML_ESCAPE.HTMLESCAPE.TRANSFORM.http://localhost:8001/HtmlEscapePlace - Setting emissary.node.name to localhost 
2023-12-12 00:43:56,383 [using logback-test.xml]  INFO emissary.command.BaseCommand - sample.dat HTML_ESCAPE.HTMLESCAPE.TRANSFORM.http://localhost:8001/HtmlEscapePlace - Setting emissary.node.port to 8001 
2023-12-12 00:43:56,383 [using logback-test.xml]  INFO emissary.command.BaseCommand - sample.dat HTML_ESCAPE.HTMLESCAPE.TRANSFORM.http://localhost:8001/HtmlEscapePlace - Setting emissary.node.scheme to http 
2023-12-12 00:43:56,383 [using logback-test.xml]  WARN emissary.command.BaseCommand - sample.dat HTML_ESCAPE.HTMLESCAPE.TRANSFORM.http://localhost:8001/HtmlEscapePlace - Not using /Users/connor/Projects/work/emissary/target/config/logback.xml, staying with test config file:/Users/connor/Projects/work/emissary/target/test-classes/logback-test.xml
2023-12-12 00:43:56,384 [using logback-test.xml]  INFO emissary.command.BaseCommand - sample.dat HTML_ESCAPE.HTMLESCAPE.TRANSFORM.http://localhost:8001/HtmlEscapePlace - Overriding current emissary.config.flavor CLUSTER to CLUSTER 
2023-12-12 00:43:56,426 [using logback-test.xml] DEBUG emissary.config.ConfigUtil - sample.dat HTML_ESCAPE.HTMLESCAPE.TRANSFORM.http://localhost:8001/HtmlEscapePlace - Loading config for (string) peer-TESTING.cfg
2023-12-12 00:43:56,426 [using logback-test.xml] DEBUG emissary.config.ConfigUtil - sample.dat HTML_ESCAPE.HTMLESCAPE.TRANSFORM.http://localhost:8001/HtmlEscapePlace - No file config found using new style peer-TESTING.cfg
2023-12-12 00:43:56,426 [using logback-test.xml] DEBUG emissary.config.ConfigUtil - sample.dat HTML_ESCAPE.HTMLESCAPE.TRANSFORM.http://localhost:8001/HtmlEscapePlace - No config data as resource for emissary/place/peer-TESTING.cfg
2023-12-12 00:43:56,426 [using logback-test.xml] DEBUG emissary.config.ConfigUtil - sample.dat HTML_ESCAPE.HTMLESCAPE.TRANSFORM.http://localhost:8001/HtmlEscapePlace - Found config data as resource file:/Users/connor/Projects/work/emissary/target/test-classes/peer-TESTING.cfg
2023-12-12 00:43:56,427 [using logback-test.xml] DEBUG emissary.config.ConfigUtil - sample.dat HTML_ESCAPE.HTMLESCAPE.TRANSFORM.http://localhost:8001/HtmlEscapePlace - Attempting flavor merge on peer-TESTING-CLUSTER.cfg
2023-12-12 00:43:56,427 [using logback-test.xml] DEBUG emissary.config.ConfigUtil - sample.dat HTML_ESCAPE.HTMLESCAPE.TRANSFORM.http://localhost:8001/HtmlEscapePlace - Loading config for (string) peer-TESTING-CLUSTER.cfg
2023-12-12 00:43:56,427 [using logback-test.xml] DEBUG emissary.config.ConfigUtil - sample.dat HTML_ESCAPE.HTMLESCAPE.TRANSFORM.http://localhost:8001/HtmlEscapePlace - No file config found using new style peer-TESTING-CLUSTER.cfg
2023-12-12 00:43:56,427 [using logback-test.xml] DEBUG emissary.config.ConfigUtil - sample.dat HTML_ESCAPE.HTMLESCAPE.TRANSFORM.http://localhost:8001/HtmlEscapePlace - No config data as resource for emissary/place/peer-TESTING-CLUSTER.cfg
2023-12-12 00:43:56,427 [using logback-test.xml] DEBUG emissary.config.ConfigUtil - sample.dat HTML_ESCAPE.HTMLESCAPE.TRANSFORM.http://localhost:8001/HtmlEscapePlace - No config data as resource for peer-TESTING-CLUSTER.cfg
2023-12-12 00:43:56,427 [using logback-test.xml] DEBUG emissary.config.ConfigUtil - sample.dat HTML_ESCAPE.HTMLESCAPE.TRANSFORM.http://localhost:8001/HtmlEscapePlace - No file config found using old style peer-TESTING-CLUSTER.cfg
2023-12-12 00:43:56,427 [using logback-test.xml] DEBUG emissary.config.ConfigUtil - sample.dat HTML_ESCAPE.HTMLESCAPE.TRANSFORM.http://localhost:8001/HtmlEscapePlace - Unable to opt import flavor config peer-TESTING-CLUSTER.cfg
2023-12-12 00:43:56,427 [using logback-test.xml] DEBUG emissary.config.ConfigUtil - sample.dat HTML_ESCAPE.HTMLESCAPE.TRANSFORM.http://localhost:8001/HtmlEscapePlace - Loading config for (string) peer-TESTING.cfg
2023-12-12 00:43:56,427 [using logback-test.xml] DEBUG emissary.config.ConfigUtil - sample.dat HTML_ESCAPE.HTMLESCAPE.TRANSFORM.http://localhost:8001/HtmlEscapePlace - No file config found using new style peer-TESTING.cfg
2023-12-12 00:43:56,427 [using logback-test.xml] DEBUG emissary.config.ConfigUtil - sample.dat HTML_ESCAPE.HTMLESCAPE.TRANSFORM.http://localhost:8001/HtmlEscapePlace - No config data as resource for emissary/place/peer-TESTING.cfg
2023-12-12 00:43:56,427 [using logback-test.xml] DEBUG emissary.config.ConfigUtil - sample.dat HTML_ESCAPE.HTMLESCAPE.TRANSFORM.http://localhost:8001/HtmlEscapePlace - Found config data as resource file:/Users/connor/Projects/work/emissary/target/test-classes/peer-TESTING.cfg
2023-12-12 00:43:56,427 [using logback-test.xml] DEBUG emissary.config.ConfigUtil - sample.dat HTML_ESCAPE.HTMLESCAPE.TRANSFORM.http://localhost:8001/HtmlEscapePlace - Attempting flavor merge on peer-TESTING-CLUSTER.cfg
2023-12-12 00:43:56,427 [using logback-test.xml] DEBUG emissary.config.ConfigUtil - sample.dat HTML_ESCAPE.HTMLESCAPE.TRANSFORM.http://localhost:8001/HtmlEscapePlace - Loading config for (string) peer-TESTING-CLUSTER.cfg
2023-12-12 00:43:56,427 [using logback-test.xml] DEBUG emissary.config.ConfigUtil - sample.dat HTML_ESCAPE.HTMLESCAPE.TRANSFORM.http://localhost:8001/HtmlEscapePlace - No file config found using new style peer-TESTING-CLUSTER.cfg
2023-12-12 00:43:56,427 [using logback-test.xml] DEBUG emissary.config.ConfigUtil - sample.dat HTML_ESCAPE.HTMLESCAPE.TRANSFORM.http://localhost:8001/HtmlEscapePlace - No config data as resource for emissary/place/peer-TESTING-CLUSTER.cfg
2023-12-12 00:43:56,427 [using logback-test.xml] DEBUG emissary.config.ConfigUtil - sample.dat HTML_ESCAPE.HTMLESCAPE.TRANSFORM.http://localhost:8001/HtmlEscapePlace - No config data as resource for peer-TESTING-CLUSTER.cfg
2023-12-12 00:43:56,427 [using logback-test.xml] DEBUG emissary.config.ConfigUtil - sample.dat HTML_ESCAPE.HTMLESCAPE.TRANSFORM.http://localhost:8001/HtmlEscapePlace - No file config found using old style peer-TESTING-CLUSTER.cfg
2023-12-12 00:43:56,427 [using logback-test.xml] DEBUG emissary.config.ConfigUtil - sample.dat HTML_ESCAPE.HTMLESCAPE.TRANSFORM.http://localhost:8001/HtmlEscapePlace - Unable to opt import flavor config peer-TESTING-CLUSTER.cfg
]]></system-out>
    <system-err><![CDATA[Dec 12, 2023 12:43:56 AM org.glassfish.jersey.test.jetty.JettyTestContainerFactory$JettyTestContainer <init>
INFO: Creating JettyTestContainer configured at the base URI http://localhost:<AVAILABLE-PORT>/
Dec 12, 2023 12:43:56 AM org.glassfish.jersey.test.jetty.JettyTestContainerFactory$JettyTestContainer start
INFO: Started JettyTestContainer at the base URI http://localhost:64673/
]]></system-err>
  </testcase>
</testsuite>