<?xml version="1.0" encoding="UTF-8"?>
<testsuite xmlns:xsi="http://www.w3.org/2001/XMLSchema-instance" xsi:noNamespaceSchemaLocation="https://maven.apache.org/surefire/maven-surefire-plugin/xsd/surefire-test-report-3.0.xsd" version="3.0" name="emissary.directory.RoutingAlgorithmTest" time="0.184" tests="25" errors="0" skipped="0" failures="0">
  <properties>
    <property name="git.tags" value="8.0.0-M10"/>
    <property name="java.specification.version" value="17"/>
    <property name="sun.jnu.encoding" value="UTF-8"/>
    <property name="git.build.version" value="8.0.0-M10"/>
    <property name="java.class.path" value="/Users/connor/Projects/work/emissary/target/test-classes:/Users/connor/Projects/work/emissary/target/classes:/Users/connor/.m2/repository/ch/qos/logback/logback-classic/1.3.12/logback-classic-1.3.12.jar:/Users/connor/.m2/repository/ch/qos/logback/logback-core/1.3.12/logback-core-1.3.12.jar:/Users/connor/.m2/repository/com/fasterxml/jackson/core/jackson-databind/2.13.4.2/jackson-databind-2.13.4.2.jar:/Users/connor/.m2/repository/com/fasterxml/jackson/core/jackson-annotations/2.13.4/jackson-annotations-2.13.4.jar:/Users/connor/.m2/repository/com/fasterxml/jackson/core/jackson-core/2.13.4/jackson-core-2.13.4.jar:/Users/connor/.m2/repository/com/github/spullara/mustache/java/compiler/0.9.10/compiler-0.9.10.jar:/Users/connor/.m2/repository/com/google/code/gson/gson/2.8.9/gson-2.8.9.jar:/Users/connor/.m2/repository/com/google/guava/guava/32.0.0-jre/guava-32.0.0-jre.jar:/Users/connor/.m2/repository/com/google/guava/failureaccess/1.0.1/failureaccess-1.0.1.jar:/Users/connor/.m2/repository/com/google/guava/listenablefuture/9999.0-empty-to-avoid-conflict-with-guava/listenablefuture-9999.0-empty-to-avoid-conflict-with-guava.jar:/Users/connor/.m2/repository/com/google/code/findbugs/jsr305/3.0.2/jsr305-3.0.2.jar:/Users/connor/.m2/repository/org/checkerframework/checker-qual/3.33.0/checker-qual-3.33.0.jar:/Users/connor/.m2/repository/com/google/errorprone/error_prone_annotations/2.18.0/error_prone_annotations-2.18.0.jar:/Users/connor/.m2/repository/com/google/j2objc/j2objc-annotations/2.8/j2objc-annotations-2.8.jar:/Users/connor/.m2/repository/commons-cli/commons-cli/1.5.0/commons-cli-1.5.0.jar:/Users/connor/.m2/repository/commons-codec/commons-codec/1.15/commons-codec-1.15.jar:/Users/connor/.m2/repository/commons-io/commons-io/2.11.0/commons-io-2.11.0.jar:/Users/connor/.m2/repository/info/picocli/picocli/4.7.4/picocli-4.7.4.jar:/Users/connor/.m2/repository/io/dropwizard/metrics/metrics-graphite/4.2.4/metrics-graphite-4.2.4.jar:/Users/connor/.m2/repository/io/dropwizard/metrics/metrics-core/4.2.4/metrics-core-4.2.4.jar:/Users/connor/.m2/repository/com/rabbitmq/amqp-client/5.13.1/amqp-client-5.13.1.jar:/Users/connor/.m2/repository/io/dropwizard/metrics/metrics-healthchecks/4.2.4/metrics-healthchecks-4.2.4.jar:/Users/connor/.m2/repository/io/dropwizard/metrics/metrics-jmx/4.2.4/metrics-jmx-4.2.4.jar:/Users/connor/.m2/repository/io/dropwizard/metrics/metrics-jvm/4.2.4/metrics-jvm-4.2.4.jar:/Users/connor/.m2/repository/io/dropwizard/metrics/metrics-servlets/4.2.4/metrics-servlets-4.2.4.jar:/Users/connor/.m2/repository/io/dropwizard/metrics/metrics-json/4.2.4/metrics-json-4.2.4.jar:/Users/connor/.m2/repository/com/helger/profiler/1.1.1/profiler-1.1.1.jar:/Users/connor/.m2/repository/jakarta/activation/jakarta.activation-api/1.2.2/jakarta.activation-api-1.2.2.jar:/Users/connor/.m2/repository/jakarta/servlet/jakarta.servlet-api/4.0.3/jakarta.servlet-api-4.0.3.jar:/Users/connor/.m2/repository/jakarta/xml/bind/jakarta.xml.bind-api/2.3.3/jakarta.xml.bind-api-2.3.3.jar:/Users/connor/.m2/repository/net/logstash/logback/logstash-logback-encoder/7.2/logstash-logback-encoder-7.2.jar:/Users/connor/.m2/repository/net/spy/spymemcached/2.12.3/spymemcached-2.12.3.jar:/Users/connor/.m2/repository/org/apache/commons/commons-collections4/4.4/commons-collections4-4.4.jar:/Users/connor/.m2/repository/org/apache/commons/commons-compress/1.21/commons-compress-1.21.jar:/Users/connor/.m2/repository/org/apache/commons/commons-exec/1.3/commons-exec-1.3.jar:/Users/connor/.m2/repository/org/apache/commons/commons-lang3/3.12.0/commons-lang3-3.12.0.jar:/Users/connor/.m2/repository/org/apache/commons/commons-pool2/2.11.1/commons-pool2-2.11.1.jar:/Users/connor/.m2/repository/org/apache/httpcomponents/client5/httpclient5/5.2.1/httpclient5-5.2.1.jar:/Users/connor/.m2/repository/org/apache/httpcomponents/core5/httpcore5/5.2.1/httpcore5-5.2.1.jar:/Users/connor/.m2/repository/org/apache/httpcomponents/core5/httpcore5-h2/5.2/httpcore5-h2-5.2.jar:/Users/connor/.m2/repository/org/codehaus/janino/janino/3.1.7/janino-3.1.7.jar:/Users/connor/.m2/repository/org/codehaus/janino/commons-compiler/3.1.7/commons-compiler-3.1.7.jar:/Users/connor/.m2/repository/org/eclipse/jetty/jetty-plus/10.0.15/jetty-plus-10.0.15.jar:/Users/connor/.m2/repository/jakarta/transaction/jakarta.transaction-api/1.3.3/jakarta.transaction-api-1.3.3.jar:/Users/connor/.m2/repository/org/eclipse/jetty/jetty-jndi/10.0.15/jetty-jndi-10.0.15.jar:/Users/connor/.m2/repository/org/eclipse/jetty/jetty-security/10.0.15/jetty-security-10.0.15.jar:/Users/connor/.m2/repository/org/eclipse/jetty/jetty-server/10.0.15/jetty-server-10.0.15.jar:/Users/connor/.m2/repository/org/eclipse/jetty/jetty-http/10.0.15/jetty-http-10.0.15.jar:/Users/connor/.m2/repository/org/eclipse/jetty/jetty-io/10.0.15/jetty-io-10.0.15.jar:/Users/connor/.m2/repository/org/eclipse/jetty/jetty-util/10.0.15/jetty-util-10.0.15.jar:/Users/connor/.m2/repository/org/eclipse/jetty/jetty-webapp/10.0.15/jetty-webapp-10.0.15.jar:/Users/connor/.m2/repository/org/eclipse/jetty/jetty-servlet/10.0.15/jetty-servlet-10.0.15.jar:/Users/connor/.m2/repository/org/eclipse/jetty/jetty-xml/10.0.15/jetty-xml-10.0.15.jar:/Users/connor/.m2/repository/org/glassfish/jaxb/jaxb-runtime/2.3.8/jaxb-runtime-2.3.8.jar:/Users/connor/.m2/repository/org/glassfish/jaxb/txw2/2.3.8/txw2-2.3.8.jar:/Users/connor/.m2/repository/com/sun/istack/istack-commons-runtime/3.0.12/istack-commons-runtime-3.0.12.jar:/Users/connor/.m2/repository/com/sun/activation/jakarta.activation/1.2.2/jakarta.activation-1.2.2.jar:/Users/connor/.m2/repository/org/glassfish/jersey/containers/jersey-container-jetty-http/2.40/jersey-container-jetty-http-2.40.jar:/Users/connor/.m2/repository/org/glassfish/hk2/external/jakarta.inject/2.6.1/jakarta.inject-2.6.1.jar:/Users/connor/.m2/repository/org/eclipse/jetty/jetty-continuation/9.4.51.v20230217/jetty-continuation-9.4.51.v20230217.jar:/Users/connor/.m2/repository/jakarta/ws/rs/jakarta.ws.rs-api/2.1.6/jakarta.ws.rs-api-2.1.6.jar:/Users/connor/.m2/repository/org/glassfish/jersey/containers/jersey-container-servlet-core/2.40/jersey-container-servlet-core-2.40.jar:/Users/connor/.m2/repository/org/glassfish/jersey/core/jersey-common/2.40/jersey-common-2.40.jar:/Users/connor/.m2/repository/jakarta/annotation/jakarta.annotation-api/1.3.5/jakarta.annotation-api-1.3.5.jar:/Users/connor/.m2/repository/org/glassfish/hk2/osgi-resource-locator/1.0.3/osgi-resource-locator-1.0.3.jar:/Users/connor/.m2/repository/org/glassfish/jersey/core/jersey-server/2.40/jersey-server-2.40.jar:/Users/connor/.m2/repository/org/glassfish/jersey/core/jersey-client/2.40/jersey-client-2.40.jar:/Users/connor/.m2/repository/jakarta/validation/jakarta.validation-api/2.0.2/jakarta.validation-api-2.0.2.jar:/Users/connor/.m2/repository/org/glassfish/jersey/ext/jersey-mvc/2.40/jersey-mvc-2.40.jar:/Users/connor/.m2/repository/org/glassfish/jersey/ext/jersey-mvc-mustache/2.40/jersey-mvc-mustache-2.40.jar:/Users/connor/.m2/repository/org/glassfish/jersey/inject/jersey-hk2/2.40/jersey-hk2-2.40.jar:/Users/connor/.m2/repository/org/glassfish/hk2/hk2-locator/2.6.1/hk2-locator-2.6.1.jar:/Users/connor/.m2/repository/org/glassfish/hk2/external/aopalliance-repackaged/2.6.1/aopalliance-repackaged-2.6.1.jar:/Users/connor/.m2/repository/org/glassfish/hk2/hk2-api/2.6.1/hk2-api-2.6.1.jar:/Users/connor/.m2/repository/org/glassfish/hk2/hk2-utils/2.6.1/hk2-utils-2.6.1.jar:/Users/connor/.m2/repository/org/javassist/javassist/3.29.2-GA/javassist-3.29.2-GA.jar:/Users/connor/.m2/repository/org/glassfish/jersey/media/jersey-media-json-jackson/2.40/jersey-media-json-jackson-2.40.jar:/Users/connor/.m2/repository/org/glassfish/jersey/ext/jersey-entity-filtering/2.40/jersey-entity-filtering-2.40.jar:/Users/connor/.m2/repository/com/fasterxml/jackson/module/jackson-module-jaxb-annotations/2.13.4/jackson-module-jaxb-annotations-2.13.4.jar:/Users/connor/.m2/repository/org/glassfish/jersey/media/jersey-media-multipart/2.40/jersey-media-multipart-2.40.jar:/Users/connor/.m2/repository/org/jvnet/mimepull/mimepull/1.9.15/mimepull-1.9.15.jar:/Users/connor/.m2/repository/org/jdom/jdom2/2.0.6.1/jdom2-2.0.6.1.jar:/Users/connor/.m2/repository/org/slf4j/log4j-over-slf4j/2.0.7/log4j-over-slf4j-2.0.7.jar:/Users/connor/.m2/repository/org/slf4j/slf4j-api/2.0.7/slf4j-api-2.0.7.jar:/Users/connor/.m2/repository/org/glassfish/jersey/test-framework/providers/jersey-test-framework-provider-jetty/2.40/jersey-test-framework-provider-jetty-2.40.jar:/Users/connor/.m2/repository/org/glassfish/jersey/test-framework/jersey-test-framework-core/2.40/jersey-test-framework-core-2.40.jar:/Users/connor/.m2/repository/org/glassfish/jersey/media/jersey-media-jaxb/2.40/jersey-media-jaxb-2.40.jar:/Users/connor/.m2/repository/org/hamcrest/hamcrest/2.2/hamcrest-2.2.jar:/Users/connor/.m2/repository/org/junit/jupiter/junit-jupiter/5.8.2/junit-jupiter-5.8.2.jar:/Users/connor/.m2/repository/org/junit/jupiter/junit-jupiter-api/5.8.2/junit-jupiter-api-5.8.2.jar:/Users/connor/.m2/repository/org/opentest4j/opentest4j/1.2.0/opentest4j-1.2.0.jar:/Users/connor/.m2/repository/org/junit/platform/junit-platform-commons/1.8.2/junit-platform-commons-1.8.2.jar:/Users/connor/.m2/repository/org/junit/jupiter/junit-jupiter-params/5.8.2/junit-jupiter-params-5.8.2.jar:/Users/connor/.m2/repository/org/junit/jupiter/junit-jupiter-engine/5.8.2/junit-jupiter-engine-5.8.2.jar:/Users/connor/.m2/repository/org/junit/vintage/junit-vintage-engine/5.8.2/junit-vintage-engine-5.8.2.jar:/Users/connor/.m2/repository/org/junit/platform/junit-platform-engine/1.8.2/junit-platform-engine-1.8.2.jar:/Users/connor/.m2/repository/junit/junit/4.13.2/junit-4.13.2.jar:/Users/connor/.m2/repository/org/apiguardian/apiguardian-api/1.1.2/apiguardian-api-1.1.2.jar:/Users/connor/.m2/repository/org/mockito/mockito-core/5.4.0/mockito-core-5.4.0.jar:/Users/connor/.m2/repository/net/bytebuddy/byte-buddy/1.14.5/byte-buddy-1.14.5.jar:/Users/connor/.m2/repository/net/bytebuddy/byte-buddy-agent/1.14.5/byte-buddy-agent-1.14.5.jar:/Users/connor/.m2/repository/org/objenesis/objenesis/3.3/objenesis-3.3.jar:/Users/connor/.m2/repository/org/mockito/mockito-junit-jupiter/5.4.0/mockito-junit-jupiter-5.4.0.jar:"/>
    <property name="git.branch" value="ff82d3005ccb4ef8091d2c5b0fd31b049ef697ab"/>
    <property name="git.build.host" value="Connors-MacBook-Pro.local"/>
    <property name="java.vm.vendor" value="Azul Systems, Inc."/>
    <property name="sun.arch.data.model" value="64"/>
    <property name="emissary.config.pkg" value="emissary.util"/>
    <property name="java.vendor.url" value="http://www.azul.com/"/>
    <property name="java.locale.providers" value="COMPAT"/>
    <property name="user.timezone" value="GMT"/>
    <property name="java.vm.specification.version" value="17"/>
    <property name="os.name" value="Mac OS X"/>
    <property name="git.commit.author.time" value="2023-12-04T14:17:17-0500"/>
    <property name="sun.java.launcher" value="SUN_STANDARD"/>
    <property name="user.country" value="US"/>
    <property name="git.build.user.name" value="Connor Koehler"/>
    <property name="sun.boot.library.path" value="/Users/connor/.sdkman/candidates/java/17.0.3.fx-zulu/zulu-17.jdk/Contents/Home/lib"/>
    <property name="sun.java.command" value="/Users/connor/Projects/work/emissary/target/surefire/surefirebooter-20231211194348699_13.jar /Users/connor/Projects/work/emissary/target/surefire 2023-12-11T19-43-48_360-jvmRun2 surefire-20231211194348699_2tmp surefire_0-20231211194348699_6tmp"/>
    <property name="http.nonProxyHosts" value="local|*.local|169.254/16|*.169.254/16"/>
    <property name="jdk.debug" value="release"/>
    <property name="surefire.test.class.path" value="/Users/connor/Projects/work/emissary/target/test-classes:/Users/connor/Projects/work/emissary/target/classes:/Users/connor/.m2/repository/ch/qos/logback/logback-classic/1.3.12/logback-classic-1.3.12.jar:/Users/connor/.m2/repository/ch/qos/logback/logback-core/1.3.12/logback-core-1.3.12.jar:/Users/connor/.m2/repository/com/fasterxml/jackson/core/jackson-databind/2.13.4.2/jackson-databind-2.13.4.2.jar:/Users/connor/.m2/repository/com/fasterxml/jackson/core/jackson-annotations/2.13.4/jackson-annotations-2.13.4.jar:/Users/connor/.m2/repository/com/fasterxml/jackson/core/jackson-core/2.13.4/jackson-core-2.13.4.jar:/Users/connor/.m2/repository/com/github/spullara/mustache/java/compiler/0.9.10/compiler-0.9.10.jar:/Users/connor/.m2/repository/com/google/code/gson/gson/2.8.9/gson-2.8.9.jar:/Users/connor/.m2/repository/com/google/guava/guava/32.0.0-jre/guava-32.0.0-jre.jar:/Users/connor/.m2/repository/com/google/guava/failureaccess/1.0.1/failureaccess-1.0.1.jar:/Users/connor/.m2/repository/com/google/guava/listenablefuture/9999.0-empty-to-avoid-conflict-with-guava/listenablefuture-9999.0-empty-to-avoid-conflict-with-guava.jar:/Users/connor/.m2/repository/com/google/code/findbugs/jsr305/3.0.2/jsr305-3.0.2.jar:/Users/connor/.m2/repository/org/checkerframework/checker-qual/3.33.0/checker-qual-3.33.0.jar:/Users/connor/.m2/repository/com/google/errorprone/error_prone_annotations/2.18.0/error_prone_annotations-2.18.0.jar:/Users/connor/.m2/repository/com/google/j2objc/j2objc-annotations/2.8/j2objc-annotations-2.8.jar:/Users/connor/.m2/repository/commons-cli/commons-cli/1.5.0/commons-cli-1.5.0.jar:/Users/connor/.m2/repository/commons-codec/commons-codec/1.15/commons-codec-1.15.jar:/Users/connor/.m2/repository/commons-io/commons-io/2.11.0/commons-io-2.11.0.jar:/Users/connor/.m2/repository/info/picocli/picocli/4.7.4/picocli-4.7.4.jar:/Users/connor/.m2/repository/io/dropwizard/metrics/metrics-graphite/4.2.4/metrics-graphite-4.2.4.jar:/Users/connor/.m2/repository/io/dropwizard/metrics/metrics-core/4.2.4/metrics-core-4.2.4.jar:/Users/connor/.m2/repository/com/rabbitmq/amqp-client/5.13.1/amqp-client-5.13.1.jar:/Users/connor/.m2/repository/io/dropwizard/metrics/metrics-healthchecks/4.2.4/metrics-healthchecks-4.2.4.jar:/Users/connor/.m2/repository/io/dropwizard/metrics/metrics-jmx/4.2.4/metrics-jmx-4.2.4.jar:/Users/connor/.m2/repository/io/dropwizard/metrics/metrics-jvm/4.2.4/metrics-jvm-4.2.4.jar:/Users/connor/.m2/repository/io/dropwizard/metrics/metrics-servlets/4.2.4/metrics-servlets-4.2.4.jar:/Users/connor/.m2/repository/io/dropwizard/metrics/metrics-json/4.2.4/metrics-json-4.2.4.jar:/Users/connor/.m2/repository/com/helger/profiler/1.1.1/profiler-1.1.1.jar:/Users/connor/.m2/repository/jakarta/activation/jakarta.activation-api/1.2.2/jakarta.activation-api-1.2.2.jar:/Users/connor/.m2/repository/jakarta/servlet/jakarta.servlet-api/4.0.3/jakarta.servlet-api-4.0.3.jar:/Users/connor/.m2/repository/jakarta/xml/bind/jakarta.xml.bind-api/2.3.3/jakarta.xml.bind-api-2.3.3.jar:/Users/connor/.m2/repository/net/logstash/logback/logstash-logback-encoder/7.2/logstash-logback-encoder-7.2.jar:/Users/connor/.m2/repository/net/spy/spymemcached/2.12.3/spymemcached-2.12.3.jar:/Users/connor/.m2/repository/org/apache/commons/commons-collections4/4.4/commons-collections4-4.4.jar:/Users/connor/.m2/repository/org/apache/commons/commons-compress/1.21/commons-compress-1.21.jar:/Users/connor/.m2/repository/org/apache/commons/commons-exec/1.3/commons-exec-1.3.jar:/Users/connor/.m2/repository/org/apache/commons/commons-lang3/3.12.0/commons-lang3-3.12.0.jar:/Users/connor/.m2/repository/org/apache/commons/commons-pool2/2.11.1/commons-pool2-2.11.1.jar:/Users/connor/.m2/repository/org/apache/httpcomponents/client5/httpclient5/5.2.1/httpclient5-5.2.1.jar:/Users/connor/.m2/repository/org/apache/httpcomponents/core5/httpcore5/5.2.1/httpcore5-5.2.1.jar:/Users/connor/.m2/repository/org/apache/httpcomponents/core5/httpcore5-h2/5.2/httpcore5-h2-5.2.jar:/Users/connor/.m2/repository/org/codehaus/janino/janino/3.1.7/janino-3.1.7.jar:/Users/connor/.m2/repository/org/codehaus/janino/commons-compiler/3.1.7/commons-compiler-3.1.7.jar:/Users/connor/.m2/repository/org/eclipse/jetty/jetty-plus/10.0.15/jetty-plus-10.0.15.jar:/Users/connor/.m2/repository/jakarta/transaction/jakarta.transaction-api/1.3.3/jakarta.transaction-api-1.3.3.jar:/Users/connor/.m2/repository/org/eclipse/jetty/jetty-jndi/10.0.15/jetty-jndi-10.0.15.jar:/Users/connor/.m2/repository/org/eclipse/jetty/jetty-security/10.0.15/jetty-security-10.0.15.jar:/Users/connor/.m2/repository/org/eclipse/jetty/jetty-server/10.0.15/jetty-server-10.0.15.jar:/Users/connor/.m2/repository/org/eclipse/jetty/jetty-http/10.0.15/jetty-http-10.0.15.jar:/Users/connor/.m2/repository/org/eclipse/jetty/jetty-io/10.0.15/jetty-io-10.0.15.jar:/Users/connor/.m2/repository/org/eclipse/jetty/jetty-util/10.0.15/jetty-util-10.0.15.jar:/Users/connor/.m2/repository/org/eclipse/jetty/jetty-webapp/10.0.15/jetty-webapp-10.0.15.jar:/Users/connor/.m2/repository/org/eclipse/jetty/jetty-servlet/10.0.15/jetty-servlet-10.0.15.jar:/Users/connor/.m2/repository/org/eclipse/jetty/jetty-xml/10.0.15/jetty-xml-10.0.15.jar:/Users/connor/.m2/repository/org/glassfish/jaxb/jaxb-runtime/2.3.8/jaxb-runtime-2.3.8.jar:/Users/connor/.m2/repository/org/glassfish/jaxb/txw2/2.3.8/txw2-2.3.8.jar:/Users/connor/.m2/repository/com/sun/istack/istack-commons-runtime/3.0.12/istack-commons-runtime-3.0.12.jar:/Users/connor/.m2/repository/com/sun/activation/jakarta.activation/1.2.2/jakarta.activation-1.2.2.jar:/Users/connor/.m2/repository/org/glassfish/jersey/containers/jersey-container-jetty-http/2.40/jersey-container-jetty-http-2.40.jar:/Users/connor/.m2/repository/org/glassfish/hk2/external/jakarta.inject/2.6.1/jakarta.inject-2.6.1.jar:/Users/connor/.m2/repository/org/eclipse/jetty/jetty-continuation/9.4.51.v20230217/jetty-continuation-9.4.51.v20230217.jar:/Users/connor/.m2/repository/jakarta/ws/rs/jakarta.ws.rs-api/2.1.6/jakarta.ws.rs-api-2.1.6.jar:/Users/connor/.m2/repository/org/glassfish/jersey/containers/jersey-container-servlet-core/2.40/jersey-container-servlet-core-2.40.jar:/Users/connor/.m2/repository/org/glassfish/jersey/core/jersey-common/2.40/jersey-common-2.40.jar:/Users/connor/.m2/repository/jakarta/annotation/jakarta.annotation-api/1.3.5/jakarta.annotation-api-1.3.5.jar:/Users/connor/.m2/repository/org/glassfish/hk2/osgi-resource-locator/1.0.3/osgi-resource-locator-1.0.3.jar:/Users/connor/.m2/repository/org/glassfish/jersey/core/jersey-server/2.40/jersey-server-2.40.jar:/Users/connor/.m2/repository/org/glassfish/jersey/core/jersey-client/2.40/jersey-client-2.40.jar:/Users/connor/.m2/repository/jakarta/validation/jakarta.validation-api/2.0.2/jakarta.validation-api-2.0.2.jar:/Users/connor/.m2/repository/org/glassfish/jersey/ext/jersey-mvc/2.40/jersey-mvc-2.40.jar:/Users/connor/.m2/repository/org/glassfish/jersey/ext/jersey-mvc-mustache/2.40/jersey-mvc-mustache-2.40.jar:/Users/connor/.m2/repository/org/glassfish/jersey/inject/jersey-hk2/2.40/jersey-hk2-2.40.jar:/Users/connor/.m2/repository/org/glassfish/hk2/hk2-locator/2.6.1/hk2-locator-2.6.1.jar:/Users/connor/.m2/repository/org/glassfish/hk2/external/aopalliance-repackaged/2.6.1/aopalliance-repackaged-2.6.1.jar:/Users/connor/.m2/repository/org/glassfish/hk2/hk2-api/2.6.1/hk2-api-2.6.1.jar:/Users/connor/.m2/repository/org/glassfish/hk2/hk2-utils/2.6.1/hk2-utils-2.6.1.jar:/Users/connor/.m2/repository/org/javassist/javassist/3.29.2-GA/javassist-3.29.2-GA.jar:/Users/connor/.m2/repository/org/glassfish/jersey/media/jersey-media-json-jackson/2.40/jersey-media-json-jackson-2.40.jar:/Users/connor/.m2/repository/org/glassfish/jersey/ext/jersey-entity-filtering/2.40/jersey-entity-filtering-2.40.jar:/Users/connor/.m2/repository/com/fasterxml/jackson/module/jackson-module-jaxb-annotations/2.13.4/jackson-module-jaxb-annotations-2.13.4.jar:/Users/connor/.m2/repository/org/glassfish/jersey/media/jersey-media-multipart/2.40/jersey-media-multipart-2.40.jar:/Users/connor/.m2/repository/org/jvnet/mimepull/mimepull/1.9.15/mimepull-1.9.15.jar:/Users/connor/.m2/repository/org/jdom/jdom2/2.0.6.1/jdom2-2.0.6.1.jar:/Users/connor/.m2/repository/org/slf4j/log4j-over-slf4j/2.0.7/log4j-over-slf4j-2.0.7.jar:/Users/connor/.m2/repository/org/slf4j/slf4j-api/2.0.7/slf4j-api-2.0.7.jar:/Users/connor/.m2/repository/org/glassfish/jersey/test-framework/providers/jersey-test-framework-provider-jetty/2.40/jersey-test-framework-provider-jetty-2.40.jar:/Users/connor/.m2/repository/org/glassfish/jersey/test-framework/jersey-test-framework-core/2.40/jersey-test-framework-core-2.40.jar:/Users/connor/.m2/repository/org/glassfish/jersey/media/jersey-media-jaxb/2.40/jersey-media-jaxb-2.40.jar:/Users/connor/.m2/repository/org/hamcrest/hamcrest/2.2/hamcrest-2.2.jar:/Users/connor/.m2/repository/org/junit/jupiter/junit-jupiter/5.8.2/junit-jupiter-5.8.2.jar:/Users/connor/.m2/repository/org/junit/jupiter/junit-jupiter-api/5.8.2/junit-jupiter-api-5.8.2.jar:/Users/connor/.m2/repository/org/opentest4j/opentest4j/1.2.0/opentest4j-1.2.0.jar:/Users/connor/.m2/repository/org/junit/platform/junit-platform-commons/1.8.2/junit-platform-commons-1.8.2.jar:/Users/connor/.m2/repository/org/junit/jupiter/junit-jupiter-params/5.8.2/junit-jupiter-params-5.8.2.jar:/Users/connor/.m2/repository/org/junit/jupiter/junit-jupiter-engine/5.8.2/junit-jupiter-engine-5.8.2.jar:/Users/connor/.m2/repository/org/junit/vintage/junit-vintage-engine/5.8.2/junit-vintage-engine-5.8.2.jar:/Users/connor/.m2/repository/org/junit/platform/junit-platform-engine/1.8.2/junit-platform-engine-1.8.2.jar:/Users/connor/.m2/repository/junit/junit/4.13.2/junit-4.13.2.jar:/Users/connor/.m2/repository/org/apiguardian/apiguardian-api/1.1.2/apiguardian-api-1.1.2.jar:/Users/connor/.m2/repository/org/mockito/mockito-core/5.4.0/mockito-core-5.4.0.jar:/Users/connor/.m2/repository/net/bytebuddy/byte-buddy/1.14.5/byte-buddy-1.14.5.jar:/Users/connor/.m2/repository/net/bytebuddy/byte-buddy-agent/1.14.5/byte-buddy-agent-1.14.5.jar:/Users/connor/.m2/repository/org/objenesis/objenesis/3.3/objenesis-3.3.jar:/Users/connor/.m2/repository/org/mockito/mockito-junit-jupiter/5.4.0/mockito-junit-jupiter-5.4.0.jar:"/>
    <property name="sun.cpu.endian" value="little"/>
    <property name="emissary.node.port" value="8001"/>
    <property name="user.home" value="/Users/connor"/>
    <property name="user.language" value="en"/>
    <property name="git.closest.tag.commit.count" value="0"/>
    <property name="emissary.bin.dir" value="/Users/connor/Projects/work/emissary/target/bin"/>
    <property name="java.specification.vendor" value="Oracle Corporation"/>
    <property name="emissary.config.flavor" value="CLUSTER"/>
    <property name="emissary.node.service.type" value="server"/>
    <property name="java.version.date" value="2022-04-19"/>
    <property name="java.home" value="/Users/connor/.sdkman/candidates/java/17.0.3.fx-zulu/zulu-17.jdk/Contents/Home"/>
    <property name="git.total.commit.count" value="623"/>
    <property name="file.separator" value="/"/>
    <property name="basedir" value="/Users/connor/Projects/work/emissary"/>
    <property name="java.vm.compressedOopsMode" value="Zero based"/>
    <property name="line.separator" value="&#10;"/>
    <property name="emissary.node.name" value="localhost"/>
    <property name="git.build.user.email" value="connor@connortech.me"/>
    <property name="git.commit.committer.time" value="2023-12-04T14:17:17-0500"/>
    <property name="java.vm.specification.vendor" value="Oracle Corporation"/>
    <property name="java.specification.name" value="Java Platform API Specification"/>
    <property name="emissary.node.scheme" value="http"/>
    <property name="java.awt.headless" value="true"/>
    <property name="git.commit.id.full" value="ff82d3005ccb4ef8091d2c5b0fd31b049ef697ab"/>
    <property name="git.closest.tag.name" value="8.0.0-M10"/>
    <property name="git.local.branch.ahead" value="NO_REMOTE"/>
    <property name="git.build.time" value="2023-12-11T19:43:39-0500"/>
    <property name="surefire.real.class.path" value="/Users/connor/Projects/work/emissary/target/surefire/surefirebooter-20231211194348699_13.jar"/>
    <property name="logback.configurationFile" value="/Users/connor/Projects/work/emissary/target/test-classes/logback-test.xml"/>
    <property name="git.commit.message.full" value="[github_actions](jpdahlke) release 8.0.0-M10"/>
    <property name="emissary.config.dir" value="/Users/connor/Projects/work/emissary/target/config"/>
    <property name="sun.management.compiler" value="HotSpot 64-Bit Tiered Compilers"/>
    <property name="ftp.nonProxyHosts" value="local|*.local|169.254/16|*.169.254/16"/>
    <property name="java.runtime.version" value="17.0.3+7-LTS"/>
    <property name="java.net.preferIPv4Stack" value="true"/>
    <property name="user.name" value="connor"/>
    <property name="path.separator" value=":"/>
    <property name="os.version" value="14.1.2"/>
    <property name="java.runtime.name" value="OpenJDK Runtime Environment"/>
    <property name="emissary.output.root" value="/Users/connor/Projects/work/emissary/target/localoutput"/>
    <property name="file.encoding" value="UTF-8"/>
    <property name="git.commit.user.email" value="jpdahlke@users.noreply.github.com"/>
    <property name="java.vm.name" value="OpenJDK 64-Bit Server VM"/>
    <property name="java.vendor.version" value="Zulu17.34+19-CA"/>
    <property name="git.local.branch.behind" value="NO_REMOTE"/>
    <property name="git.dirty" value="true"/>
    <property name="localRepository" value="/Users/connor/.m2/repository"/>
    <property name="java.vendor.url.bug" value="http://www.azul.com/support/"/>
    <property name="jetty.git.hash" value="68017dbd00236bb7e187330d7585a059610f661d"/>
    <property name="java.io.tmpdir" value="/var/folders/c5/1cbn13_j3t150_4w0t6rdtd00000gn/T/"/>
    <property name="java.version" value="17.0.3"/>
    <property name="user.dir" value="/Users/connor/Projects/work/emissary"/>
    <property name="os.arch" value="aarch64"/>
    <property name="git.commit.user.name" value="jpdahlke"/>
    <property name="git.commit.id.abbrev" value="ff82d30"/>
    <property name="java.vm.specification.name" value="Java Virtual Machine Specification"/>
    <property name="git.commit.id.describe-short" value="8.0.0-M10-dirty"/>
    <property name="git.commit.id.describe" value="8.0.0-M10-dirty"/>
    <property name="native.encoding" value="UTF-8"/>
    <property name="java.library.path" value="/Users/connor/Library/Java/Extensions:/Library/Java/Extensions:/Network/Library/Java/Extensions:/System/Library/Java/Extensions:/usr/lib/java:."/>
    <property name="git.commit.message.short" value="[github_actions](jpdahlke) release 8.0.0-M10"/>
    <property name="java.vm.info" value="mixed mode, sharing"/>
    <property name="java.vendor" value="Azul Systems, Inc."/>
    <property name="java.vm.version" value="17.0.3+7-LTS"/>
    <property name="sun.io.unicode.encoding" value="UnicodeBig"/>
    <property name="socksNonProxyHosts" value="local|*.local|169.254/16|*.169.254/16"/>
    <property name="java.class.version" value="61.0"/>
    <property name="git.commit.time" value="2023-12-04T14:17:17-0500"/>
    <property name="git.remote.origin.url" value="git@github.com:cfkoehler/emissary.git"/>
  </properties>
  <testcase name="testErrorHandlingPopsCurrentForms" classname="emissary.directory.RoutingAlgorithmTest" time="0.007">
    <system-out><![CDATA[2023-12-12 00:43:53,953 [using logback-test.xml]  INFO emissary.command.BaseCommand -   - PROJECT_BASE is set to /Users/connor/Projects/work/emissary/target 
2023-12-12 00:43:53,953 [using logback-test.xml]  INFO emissary.command.BaseCommand -   - Setting emissary.config.dir to /Users/connor/Projects/work/emissary/target/config 
2023-12-12 00:43:53,953 [using logback-test.xml]  INFO emissary.command.BaseCommand -   - Setting emissary.bin.dir to /Users/connor/Projects/work/emissary/target/bin 
2023-12-12 00:43:53,953 [using logback-test.xml]  INFO emissary.command.BaseCommand -   - Setting emissary.output.root to /Users/connor/Projects/work/emissary/target/localoutput 
2023-12-12 00:43:53,953 [using logback-test.xml]  INFO emissary.command.BaseCommand -   - Emissary error dir set to /Users/connor/Projects/work/emissary/target/localerror 
2023-12-12 00:43:53,953 [using logback-test.xml]  INFO emissary.command.BaseCommand -   - Setting emissary.node.name to localhost 
2023-12-12 00:43:53,953 [using logback-test.xml]  INFO emissary.command.BaseCommand -   - Setting emissary.node.port to 8001 
2023-12-12 00:43:53,953 [using logback-test.xml]  INFO emissary.command.BaseCommand -   - Setting emissary.node.scheme to http 
2023-12-12 00:43:53,953 [using logback-test.xml]  WARN emissary.command.BaseCommand -   - Not using /Users/connor/Projects/work/emissary/target/config/logback.xml, staying with test config file:/Users/connor/Projects/work/emissary/target/test-classes/logback-test.xml
2023-12-12 00:43:53,955 [using logback-test.xml]  INFO emissary.command.BaseCommand -   - Overriding current emissary.config.flavor null to CLUSTER 
2023-12-12 00:43:53,955 [using logback-test.xml]  INFO emissary.command.BaseCommand -   - PROJECT_BASE is set to /Users/connor/Projects/work/emissary/target 
2023-12-12 00:43:53,955 [using logback-test.xml]  INFO emissary.command.BaseCommand -   - Setting emissary.config.dir to /Users/connor/Projects/work/emissary/target/config 
2023-12-12 00:43:53,955 [using logback-test.xml]  INFO emissary.command.BaseCommand -   - Setting emissary.bin.dir to /Users/connor/Projects/work/emissary/target/bin 
2023-12-12 00:43:53,955 [using logback-test.xml]  INFO emissary.command.BaseCommand -   - Setting emissary.output.root to /Users/connor/Projects/work/emissary/target/localoutput 
2023-12-12 00:43:53,955 [using logback-test.xml]  INFO emissary.command.BaseCommand -   - Emissary error dir set to /Users/connor/Projects/work/emissary/target/localerror 
2023-12-12 00:43:53,955 [using logback-test.xml]  INFO emissary.command.BaseCommand -   - Setting emissary.config.flavor to CLUSTER 
2023-12-12 00:43:53,955 [using logback-test.xml]  INFO emissary.command.BaseCommand -   - Setting emissary.node.name to localhost 
2023-12-12 00:43:53,955 [using logback-test.xml]  INFO emissary.command.BaseCommand -   - Setting emissary.node.port to 8001 
2023-12-12 00:43:53,955 [using logback-test.xml]  INFO emissary.command.BaseCommand -   - Setting emissary.node.scheme to http 
2023-12-12 00:43:53,955 [using logback-test.xml]  WARN emissary.command.BaseCommand -   - Not using /Users/connor/Projects/work/emissary/target/config/logback.xml, staying with test config file:/Users/connor/Projects/work/emissary/target/test-classes/logback-test.xml
2023-12-12 00:43:53,956 [using logback-test.xml]  INFO emissary.command.BaseCommand -   - Overriding current emissary.config.flavor CLUSTER to CLUSTER 
2023-12-12 00:43:53,956 [using logback-test.xml] DEBUG emissary.config.ConfigUtil -   - Loading config for (string) emissary.directory.MyDirectoryPlace.cfg
2023-12-12 00:43:53,956 [using logback-test.xml] DEBUG emissary.config.ConfigUtil -   - No file config found using new style emissary.directory.MyDirectoryPlace.cfg
2023-12-12 00:43:53,956 [using logback-test.xml] DEBUG emissary.config.ConfigUtil -   - No config data as resource for emissary/util/emissary/directory/MyDirectoryPlace.cfg
2023-12-12 00:43:53,956 [using logback-test.xml] DEBUG emissary.config.ConfigUtil -   - Found config data as resource file:/Users/connor/Projects/work/emissary/target/test-classes/emissary/directory/MyDirectoryPlace.cfg
2023-12-12 00:43:53,957 [using logback-test.xml] DEBUG emissary.config.ConfigUtil -   - Attempting flavor merge on emissary.directory.MyDirectoryPlace-CLUSTER.cfg
2023-12-12 00:43:53,957 [using logback-test.xml] DEBUG emissary.config.ConfigUtil -   - Loading config for (string) emissary.directory.MyDirectoryPlace-CLUSTER.cfg
2023-12-12 00:43:53,957 [using logback-test.xml] DEBUG emissary.config.ConfigUtil -   - No file config found using new style emissary.directory.MyDirectoryPlace-CLUSTER.cfg
2023-12-12 00:43:53,957 [using logback-test.xml] DEBUG emissary.config.ConfigUtil -   - No config data as resource for emissary/util/emissary/directory/MyDirectoryPlace-CLUSTER.cfg
2023-12-12 00:43:53,957 [using logback-test.xml] DEBUG emissary.config.ConfigUtil -   - No config data as resource for emissary/directory/MyDirectoryPlace-CLUSTER.cfg
2023-12-12 00:43:53,957 [using logback-test.xml] DEBUG emissary.config.ConfigUtil -   - No file config found using old style MyDirectoryPlace-CLUSTER.cfg
2023-12-12 00:43:53,957 [using logback-test.xml] DEBUG emissary.config.ConfigUtil -   - Unable to opt import flavor config emissary.directory.MyDirectoryPlace-CLUSTER.cfg
2023-12-12 00:43:53,961 [using logback-test.xml]  WARN emissary.core.MobileAgent -   - Got current form of ERROR, clearing form stack on testpayload: [ERROR, BAZ, BAR, FOO]
2023-12-12 00:43:53,962 [using logback-test.xml] DEBUG emissary.config.ConfigUtil -   - Configured configDirProperty /Users/connor/Projects/work/emissary/target/config
2023-12-12 00:43:53,963 [using logback-test.xml]  INFO emissary.directory.RoutingAlgorithmTest$MyDirectoryPlace -   - Done shutting down DirectoryPlace
]]></system-out>
  </testcase>
  <testcase name="testCannotProceedPastMaxItinerarySteps" classname="emissary.directory.RoutingAlgorithmTest" time="0.003">
    <system-out><![CDATA[2023-12-12 00:43:53,964 [using logback-test.xml]  INFO emissary.command.BaseCommand -   - PROJECT_BASE is set to /Users/connor/Projects/work/emissary/target 
2023-12-12 00:43:53,964 [using logback-test.xml]  INFO emissary.command.BaseCommand -   - Setting emissary.config.dir to /Users/connor/Projects/work/emissary/target/config 
2023-12-12 00:43:53,964 [using logback-test.xml]  INFO emissary.command.BaseCommand -   - Setting emissary.bin.dir to /Users/connor/Projects/work/emissary/target/bin 
2023-12-12 00:43:53,964 [using logback-test.xml]  INFO emissary.command.BaseCommand -   - Setting emissary.output.root to /Users/connor/Projects/work/emissary/target/localoutput 
2023-12-12 00:43:53,964 [using logback-test.xml]  INFO emissary.command.BaseCommand -   - Emissary error dir set to /Users/connor/Projects/work/emissary/target/localerror 
2023-12-12 00:43:53,964 [using logback-test.xml]  INFO emissary.command.BaseCommand -   - Setting emissary.node.name to localhost 
2023-12-12 00:43:53,964 [using logback-test.xml]  INFO emissary.command.BaseCommand -   - Setting emissary.node.port to 8001 
2023-12-12 00:43:53,964 [using logback-test.xml]  INFO emissary.command.BaseCommand -   - Setting emissary.node.scheme to http 
2023-12-12 00:43:53,964 [using logback-test.xml]  WARN emissary.command.BaseCommand -   - Not using /Users/connor/Projects/work/emissary/target/config/logback.xml, staying with test config file:/Users/connor/Projects/work/emissary/target/test-classes/logback-test.xml
2023-12-12 00:43:53,966 [using logback-test.xml]  INFO emissary.command.BaseCommand -   - Overriding current emissary.config.flavor null to CLUSTER 
2023-12-12 00:43:53,966 [using logback-test.xml]  INFO emissary.command.BaseCommand -   - PROJECT_BASE is set to /Users/connor/Projects/work/emissary/target 
2023-12-12 00:43:53,966 [using logback-test.xml]  INFO emissary.command.BaseCommand -   - Setting emissary.config.dir to /Users/connor/Projects/work/emissary/target/config 
2023-12-12 00:43:53,966 [using logback-test.xml]  INFO emissary.command.BaseCommand -   - Setting emissary.bin.dir to /Users/connor/Projects/work/emissary/target/bin 
2023-12-12 00:43:53,966 [using logback-test.xml]  INFO emissary.command.BaseCommand -   - Setting emissary.output.root to /Users/connor/Projects/work/emissary/target/localoutput 
2023-12-12 00:43:53,966 [using logback-test.xml]  INFO emissary.command.BaseCommand -   - Emissary error dir set to /Users/connor/Projects/work/emissary/target/localerror 
2023-12-12 00:43:53,966 [using logback-test.xml]  INFO emissary.command.BaseCommand -   - Setting emissary.config.flavor to CLUSTER 
2023-12-12 00:43:53,966 [using logback-test.xml]  INFO emissary.command.BaseCommand -   - Setting emissary.node.name to localhost 
2023-12-12 00:43:53,966 [using logback-test.xml]  INFO emissary.command.BaseCommand -   - Setting emissary.node.port to 8001 
2023-12-12 00:43:53,966 [using logback-test.xml]  INFO emissary.command.BaseCommand -   - Setting emissary.node.scheme to http 
2023-12-12 00:43:53,966 [using logback-test.xml]  WARN emissary.command.BaseCommand -   - Not using /Users/connor/Projects/work/emissary/target/config/logback.xml, staying with test config file:/Users/connor/Projects/work/emissary/target/test-classes/logback-test.xml
2023-12-12 00:43:53,967 [using logback-test.xml]  INFO emissary.command.BaseCommand -   - Overriding current emissary.config.flavor CLUSTER to CLUSTER 
2023-12-12 00:43:53,967 [using logback-test.xml] DEBUG emissary.config.ConfigUtil -   - Loading config for (string) emissary.directory.MyDirectoryPlace.cfg
2023-12-12 00:43:53,967 [using logback-test.xml] DEBUG emissary.config.ConfigUtil -   - No file config found using new style emissary.directory.MyDirectoryPlace.cfg
2023-12-12 00:43:53,967 [using logback-test.xml] DEBUG emissary.config.ConfigUtil -   - No config data as resource for emissary/util/emissary/directory/MyDirectoryPlace.cfg
2023-12-12 00:43:53,967 [using logback-test.xml] DEBUG emissary.config.ConfigUtil -   - Found config data as resource file:/Users/connor/Projects/work/emissary/target/test-classes/emissary/directory/MyDirectoryPlace.cfg
2023-12-12 00:43:53,967 [using logback-test.xml] DEBUG emissary.config.ConfigUtil -   - Attempting flavor merge on emissary.directory.MyDirectoryPlace-CLUSTER.cfg
2023-12-12 00:43:53,967 [using logback-test.xml] DEBUG emissary.config.ConfigUtil -   - Loading config for (string) emissary.directory.MyDirectoryPlace-CLUSTER.cfg
2023-12-12 00:43:53,967 [using logback-test.xml] DEBUG emissary.config.ConfigUtil -   - No file config found using new style emissary.directory.MyDirectoryPlace-CLUSTER.cfg
2023-12-12 00:43:53,967 [using logback-test.xml] DEBUG emissary.config.ConfigUtil -   - No config data as resource for emissary/util/emissary/directory/MyDirectoryPlace-CLUSTER.cfg
2023-12-12 00:43:53,967 [using logback-test.xml] DEBUG emissary.config.ConfigUtil -   - No config data as resource for emissary/directory/MyDirectoryPlace-CLUSTER.cfg
2023-12-12 00:43:53,967 [using logback-test.xml] DEBUG emissary.config.ConfigUtil -   - No file config found using old style MyDirectoryPlace-CLUSTER.cfg
2023-12-12 00:43:53,967 [using logback-test.xml] DEBUG emissary.config.ConfigUtil -   - Unable to opt import flavor config emissary.directory.MyDirectoryPlace-CLUSTER.cfg
2023-12-12 00:43:53,968 [using logback-test.xml] DEBUG emissary.config.ConfigUtil -   - Configured configDirProperty /Users/connor/Projects/work/emissary/target/config
2023-12-12 00:43:53,970 [using logback-test.xml]  INFO emissary.directory.RoutingAlgorithmTest$MyDirectoryPlace -   - Done shutting down DirectoryPlace
]]></system-out>
  </testcase>
  <testcase name="testIdsInOrderGettingLastPlaceOnList" classname="emissary.directory.RoutingAlgorithmTest" time="0.004">
    <system-out><![CDATA[2023-12-12 00:43:53,972 [using logback-test.xml]  INFO emissary.command.BaseCommand -   - PROJECT_BASE is set to /Users/connor/Projects/work/emissary/target 
2023-12-12 00:43:53,972 [using logback-test.xml]  INFO emissary.command.BaseCommand -   - Setting emissary.config.dir to /Users/connor/Projects/work/emissary/target/config 
2023-12-12 00:43:53,972 [using logback-test.xml]  INFO emissary.command.BaseCommand -   - Setting emissary.bin.dir to /Users/connor/Projects/work/emissary/target/bin 
2023-12-12 00:43:53,972 [using logback-test.xml]  INFO emissary.command.BaseCommand -   - Setting emissary.output.root to /Users/connor/Projects/work/emissary/target/localoutput 
2023-12-12 00:43:53,972 [using logback-test.xml]  INFO emissary.command.BaseCommand -   - Emissary error dir set to /Users/connor/Projects/work/emissary/target/localerror 
2023-12-12 00:43:53,972 [using logback-test.xml]  INFO emissary.command.BaseCommand -   - Setting emissary.node.name to localhost 
2023-12-12 00:43:53,972 [using logback-test.xml]  INFO emissary.command.BaseCommand -   - Setting emissary.node.port to 8001 
2023-12-12 00:43:53,972 [using logback-test.xml]  INFO emissary.command.BaseCommand -   - Setting emissary.node.scheme to http 
2023-12-12 00:43:53,972 [using logback-test.xml]  WARN emissary.command.BaseCommand -   - Not using /Users/connor/Projects/work/emissary/target/config/logback.xml, staying with test config file:/Users/connor/Projects/work/emissary/target/test-classes/logback-test.xml
2023-12-12 00:43:53,973 [using logback-test.xml]  INFO emissary.command.BaseCommand -   - Overriding current emissary.config.flavor null to CLUSTER 
2023-12-12 00:43:53,973 [using logback-test.xml]  INFO emissary.command.BaseCommand -   - PROJECT_BASE is set to /Users/connor/Projects/work/emissary/target 
2023-12-12 00:43:53,973 [using logback-test.xml]  INFO emissary.command.BaseCommand -   - Setting emissary.config.dir to /Users/connor/Projects/work/emissary/target/config 
2023-12-12 00:43:53,973 [using logback-test.xml]  INFO emissary.command.BaseCommand -   - Setting emissary.bin.dir to /Users/connor/Projects/work/emissary/target/bin 
2023-12-12 00:43:53,973 [using logback-test.xml]  INFO emissary.command.BaseCommand -   - Setting emissary.output.root to /Users/connor/Projects/work/emissary/target/localoutput 
2023-12-12 00:43:53,973 [using logback-test.xml]  INFO emissary.command.BaseCommand -   - Emissary error dir set to /Users/connor/Projects/work/emissary/target/localerror 
2023-12-12 00:43:53,973 [using logback-test.xml]  INFO emissary.command.BaseCommand -   - Setting emissary.config.flavor to CLUSTER 
2023-12-12 00:43:53,973 [using logback-test.xml]  INFO emissary.command.BaseCommand -   - Setting emissary.node.name to localhost 
2023-12-12 00:43:53,973 [using logback-test.xml]  INFO emissary.command.BaseCommand -   - Setting emissary.node.port to 8001 
2023-12-12 00:43:53,973 [using logback-test.xml]  INFO emissary.command.BaseCommand -   - Setting emissary.node.scheme to http 
2023-12-12 00:43:53,973 [using logback-test.xml]  WARN emissary.command.BaseCommand -   - Not using /Users/connor/Projects/work/emissary/target/config/logback.xml, staying with test config file:/Users/connor/Projects/work/emissary/target/test-classes/logback-test.xml
2023-12-12 00:43:53,974 [using logback-test.xml]  INFO emissary.command.BaseCommand -   - Overriding current emissary.config.flavor CLUSTER to CLUSTER 
2023-12-12 00:43:53,975 [using logback-test.xml] DEBUG emissary.config.ConfigUtil -   - Loading config for (string) emissary.directory.MyDirectoryPlace.cfg
2023-12-12 00:43:53,975 [using logback-test.xml] DEBUG emissary.config.ConfigUtil -   - No file config found using new style emissary.directory.MyDirectoryPlace.cfg
2023-12-12 00:43:53,975 [using logback-test.xml] DEBUG emissary.config.ConfigUtil -   - No config data as resource for emissary/util/emissary/directory/MyDirectoryPlace.cfg
2023-12-12 00:43:53,975 [using logback-test.xml] DEBUG emissary.config.ConfigUtil -   - Found config data as resource file:/Users/connor/Projects/work/emissary/target/test-classes/emissary/directory/MyDirectoryPlace.cfg
2023-12-12 00:43:53,975 [using logback-test.xml] DEBUG emissary.config.ConfigUtil -   - Attempting flavor merge on emissary.directory.MyDirectoryPlace-CLUSTER.cfg
2023-12-12 00:43:53,975 [using logback-test.xml] DEBUG emissary.config.ConfigUtil -   - Loading config for (string) emissary.directory.MyDirectoryPlace-CLUSTER.cfg
2023-12-12 00:43:53,975 [using logback-test.xml] DEBUG emissary.config.ConfigUtil -   - No file config found using new style emissary.directory.MyDirectoryPlace-CLUSTER.cfg
2023-12-12 00:43:53,975 [using logback-test.xml] DEBUG emissary.config.ConfigUtil -   - No config data as resource for emissary/util/emissary/directory/MyDirectoryPlace-CLUSTER.cfg
2023-12-12 00:43:53,975 [using logback-test.xml] DEBUG emissary.config.ConfigUtil -   - No config data as resource for emissary/directory/MyDirectoryPlace-CLUSTER.cfg
2023-12-12 00:43:53,975 [using logback-test.xml] DEBUG emissary.config.ConfigUtil -   - No file config found using old style MyDirectoryPlace-CLUSTER.cfg
2023-12-12 00:43:53,975 [using logback-test.xml] DEBUG emissary.config.ConfigUtil -   - Unable to opt import flavor config emissary.directory.MyDirectoryPlace-CLUSTER.cfg
2023-12-12 00:43:53,976 [using logback-test.xml] DEBUG emissary.config.ConfigUtil -   - Configured configDirProperty /Users/connor/Projects/work/emissary/target/config
2023-12-12 00:43:53,978 [using logback-test.xml]  INFO emissary.directory.RoutingAlgorithmTest$MyDirectoryPlace -   - Done shutting down DirectoryPlace
]]></system-out>
  </testcase>
  <testcase name="testBackToIdPhaseAfterTransform" classname="emissary.directory.RoutingAlgorithmTest" time="0.003">
    <system-out><![CDATA[2023-12-12 00:43:53,979 [using logback-test.xml]  INFO emissary.command.BaseCommand -   - PROJECT_BASE is set to /Users/connor/Projects/work/emissary/target 
2023-12-12 00:43:53,979 [using logback-test.xml]  INFO emissary.command.BaseCommand -   - Setting emissary.config.dir to /Users/connor/Projects/work/emissary/target/config 
2023-12-12 00:43:53,979 [using logback-test.xml]  INFO emissary.command.BaseCommand -   - Setting emissary.bin.dir to /Users/connor/Projects/work/emissary/target/bin 
2023-12-12 00:43:53,979 [using logback-test.xml]  INFO emissary.command.BaseCommand -   - Setting emissary.output.root to /Users/connor/Projects/work/emissary/target/localoutput 
2023-12-12 00:43:53,979 [using logback-test.xml]  INFO emissary.command.BaseCommand -   - Emissary error dir set to /Users/connor/Projects/work/emissary/target/localerror 
2023-12-12 00:43:53,979 [using logback-test.xml]  INFO emissary.command.BaseCommand -   - Setting emissary.node.name to localhost 
2023-12-12 00:43:53,979 [using logback-test.xml]  INFO emissary.command.BaseCommand -   - Setting emissary.node.port to 8001 
2023-12-12 00:43:53,979 [using logback-test.xml]  INFO emissary.command.BaseCommand -   - Setting emissary.node.scheme to http 
2023-12-12 00:43:53,979 [using logback-test.xml]  WARN emissary.command.BaseCommand -   - Not using /Users/connor/Projects/work/emissary/target/config/logback.xml, staying with test config file:/Users/connor/Projects/work/emissary/target/test-classes/logback-test.xml
2023-12-12 00:43:53,980 [using logback-test.xml]  INFO emissary.command.BaseCommand -   - Overriding current emissary.config.flavor null to CLUSTER 
2023-12-12 00:43:53,980 [using logback-test.xml]  INFO emissary.command.BaseCommand -   - PROJECT_BASE is set to /Users/connor/Projects/work/emissary/target 
2023-12-12 00:43:53,980 [using logback-test.xml]  INFO emissary.command.BaseCommand -   - Setting emissary.config.dir to /Users/connor/Projects/work/emissary/target/config 
2023-12-12 00:43:53,980 [using logback-test.xml]  INFO emissary.command.BaseCommand -   - Setting emissary.bin.dir to /Users/connor/Projects/work/emissary/target/bin 
2023-12-12 00:43:53,980 [using logback-test.xml]  INFO emissary.command.BaseCommand -   - Setting emissary.output.root to /Users/connor/Projects/work/emissary/target/localoutput 
2023-12-12 00:43:53,980 [using logback-test.xml]  INFO emissary.command.BaseCommand -   - Emissary error dir set to /Users/connor/Projects/work/emissary/target/localerror 
2023-12-12 00:43:53,980 [using logback-test.xml]  INFO emissary.command.BaseCommand -   - Setting emissary.config.flavor to CLUSTER 
2023-12-12 00:43:53,980 [using logback-test.xml]  INFO emissary.command.BaseCommand -   - Setting emissary.node.name to localhost 
2023-12-12 00:43:53,980 [using logback-test.xml]  INFO emissary.command.BaseCommand -   - Setting emissary.node.port to 8001 
2023-12-12 00:43:53,980 [using logback-test.xml]  INFO emissary.command.BaseCommand -   - Setting emissary.node.scheme to http 
2023-12-12 00:43:53,980 [using logback-test.xml]  WARN emissary.command.BaseCommand -   - Not using /Users/connor/Projects/work/emissary/target/config/logback.xml, staying with test config file:/Users/connor/Projects/work/emissary/target/test-classes/logback-test.xml
2023-12-12 00:43:53,981 [using logback-test.xml]  INFO emissary.command.BaseCommand -   - Overriding current emissary.config.flavor CLUSTER to CLUSTER 
2023-12-12 00:43:53,982 [using logback-test.xml] DEBUG emissary.config.ConfigUtil -   - Loading config for (string) emissary.directory.MyDirectoryPlace.cfg
2023-12-12 00:43:53,982 [using logback-test.xml] DEBUG emissary.config.ConfigUtil -   - No file config found using new style emissary.directory.MyDirectoryPlace.cfg
2023-12-12 00:43:53,982 [using logback-test.xml] DEBUG emissary.config.ConfigUtil -   - No config data as resource for emissary/util/emissary/directory/MyDirectoryPlace.cfg
2023-12-12 00:43:53,982 [using logback-test.xml] DEBUG emissary.config.ConfigUtil -   - Found config data as resource file:/Users/connor/Projects/work/emissary/target/test-classes/emissary/directory/MyDirectoryPlace.cfg
2023-12-12 00:43:53,982 [using logback-test.xml] DEBUG emissary.config.ConfigUtil -   - Attempting flavor merge on emissary.directory.MyDirectoryPlace-CLUSTER.cfg
2023-12-12 00:43:53,982 [using logback-test.xml] DEBUG emissary.config.ConfigUtil -   - Loading config for (string) emissary.directory.MyDirectoryPlace-CLUSTER.cfg
2023-12-12 00:43:53,982 [using logback-test.xml] DEBUG emissary.config.ConfigUtil -   - No file config found using new style emissary.directory.MyDirectoryPlace-CLUSTER.cfg
2023-12-12 00:43:53,982 [using logback-test.xml] DEBUG emissary.config.ConfigUtil -   - No config data as resource for emissary/util/emissary/directory/MyDirectoryPlace-CLUSTER.cfg
2023-12-12 00:43:53,982 [using logback-test.xml] DEBUG emissary.config.ConfigUtil -   - No config data as resource for emissary/directory/MyDirectoryPlace-CLUSTER.cfg
2023-12-12 00:43:53,982 [using logback-test.xml] DEBUG emissary.config.ConfigUtil -   - No file config found using old style MyDirectoryPlace-CLUSTER.cfg
2023-12-12 00:43:53,982 [using logback-test.xml] DEBUG emissary.config.ConfigUtil -   - Unable to opt import flavor config emissary.directory.MyDirectoryPlace-CLUSTER.cfg
2023-12-12 00:43:53,982 [using logback-test.xml] DEBUG emissary.config.ConfigUtil -   - Configured configDirProperty /Users/connor/Projects/work/emissary/target/config
2023-12-12 00:43:53,984 [using logback-test.xml]  INFO emissary.directory.RoutingAlgorithmTest$MyDirectoryPlace -   - Done shutting down DirectoryPlace
]]></system-out>
  </testcase>
  <testcase name="testWildCardProxyHonorsDenyList" classname="emissary.directory.RoutingAlgorithmTest" time="0.004">
    <system-out><![CDATA[2023-12-12 00:43:53,985 [using logback-test.xml]  INFO emissary.command.BaseCommand -   - PROJECT_BASE is set to /Users/connor/Projects/work/emissary/target 
2023-12-12 00:43:53,985 [using logback-test.xml]  INFO emissary.command.BaseCommand -   - Setting emissary.config.dir to /Users/connor/Projects/work/emissary/target/config 
2023-12-12 00:43:53,985 [using logback-test.xml]  INFO emissary.command.BaseCommand -   - Setting emissary.bin.dir to /Users/connor/Projects/work/emissary/target/bin 
2023-12-12 00:43:53,985 [using logback-test.xml]  INFO emissary.command.BaseCommand -   - Setting emissary.output.root to /Users/connor/Projects/work/emissary/target/localoutput 
2023-12-12 00:43:53,985 [using logback-test.xml]  INFO emissary.command.BaseCommand -   - Emissary error dir set to /Users/connor/Projects/work/emissary/target/localerror 
2023-12-12 00:43:53,985 [using logback-test.xml]  INFO emissary.command.BaseCommand -   - Setting emissary.node.name to localhost 
2023-12-12 00:43:53,985 [using logback-test.xml]  INFO emissary.command.BaseCommand -   - Setting emissary.node.port to 8001 
2023-12-12 00:43:53,985 [using logback-test.xml]  INFO emissary.command.BaseCommand -   - Setting emissary.node.scheme to http 
2023-12-12 00:43:53,985 [using logback-test.xml]  WARN emissary.command.BaseCommand -   - Not using /Users/connor/Projects/work/emissary/target/config/logback.xml, staying with test config file:/Users/connor/Projects/work/emissary/target/test-classes/logback-test.xml
2023-12-12 00:43:53,986 [using logback-test.xml]  INFO emissary.command.BaseCommand -   - Overriding current emissary.config.flavor null to CLUSTER 
2023-12-12 00:43:53,986 [using logback-test.xml]  INFO emissary.command.BaseCommand -   - PROJECT_BASE is set to /Users/connor/Projects/work/emissary/target 
2023-12-12 00:43:53,986 [using logback-test.xml]  INFO emissary.command.BaseCommand -   - Setting emissary.config.dir to /Users/connor/Projects/work/emissary/target/config 
2023-12-12 00:43:53,986 [using logback-test.xml]  INFO emissary.command.BaseCommand -   - Setting emissary.bin.dir to /Users/connor/Projects/work/emissary/target/bin 
2023-12-12 00:43:53,986 [using logback-test.xml]  INFO emissary.command.BaseCommand -   - Setting emissary.output.root to /Users/connor/Projects/work/emissary/target/localoutput 
2023-12-12 00:43:53,986 [using logback-test.xml]  INFO emissary.command.BaseCommand -   - Emissary error dir set to /Users/connor/Projects/work/emissary/target/localerror 
2023-12-12 00:43:53,986 [using logback-test.xml]  INFO emissary.command.BaseCommand -   - Setting emissary.config.flavor to CLUSTER 
2023-12-12 00:43:53,986 [using logback-test.xml]  INFO emissary.command.BaseCommand -   - Setting emissary.node.name to localhost 
2023-12-12 00:43:53,986 [using logback-test.xml]  INFO emissary.command.BaseCommand -   - Setting emissary.node.port to 8001 
2023-12-12 00:43:53,986 [using logback-test.xml]  INFO emissary.command.BaseCommand -   - Setting emissary.node.scheme to http 
2023-12-12 00:43:53,986 [using logback-test.xml]  WARN emissary.command.BaseCommand -   - Not using /Users/connor/Projects/work/emissary/target/config/logback.xml, staying with test config file:/Users/connor/Projects/work/emissary/target/test-classes/logback-test.xml
2023-12-12 00:43:53,987 [using logback-test.xml]  INFO emissary.command.BaseCommand -   - Overriding current emissary.config.flavor CLUSTER to CLUSTER 
2023-12-12 00:43:53,988 [using logback-test.xml] DEBUG emissary.config.ConfigUtil -   - Loading config for (string) emissary.directory.MyDirectoryPlace.cfg
2023-12-12 00:43:53,988 [using logback-test.xml] DEBUG emissary.config.ConfigUtil -   - No file config found using new style emissary.directory.MyDirectoryPlace.cfg
2023-12-12 00:43:53,988 [using logback-test.xml] DEBUG emissary.config.ConfigUtil -   - No config data as resource for emissary/util/emissary/directory/MyDirectoryPlace.cfg
2023-12-12 00:43:53,988 [using logback-test.xml] DEBUG emissary.config.ConfigUtil -   - Found config data as resource file:/Users/connor/Projects/work/emissary/target/test-classes/emissary/directory/MyDirectoryPlace.cfg
2023-12-12 00:43:53,988 [using logback-test.xml] DEBUG emissary.config.ConfigUtil -   - Attempting flavor merge on emissary.directory.MyDirectoryPlace-CLUSTER.cfg
2023-12-12 00:43:53,988 [using logback-test.xml] DEBUG emissary.config.ConfigUtil -   - Loading config for (string) emissary.directory.MyDirectoryPlace-CLUSTER.cfg
2023-12-12 00:43:53,988 [using logback-test.xml] DEBUG emissary.config.ConfigUtil -   - No file config found using new style emissary.directory.MyDirectoryPlace-CLUSTER.cfg
2023-12-12 00:43:53,988 [using logback-test.xml] DEBUG emissary.config.ConfigUtil -   - No config data as resource for emissary/util/emissary/directory/MyDirectoryPlace-CLUSTER.cfg
2023-12-12 00:43:53,988 [using logback-test.xml] DEBUG emissary.config.ConfigUtil -   - No config data as resource for emissary/directory/MyDirectoryPlace-CLUSTER.cfg
2023-12-12 00:43:53,988 [using logback-test.xml] DEBUG emissary.config.ConfigUtil -   - No file config found using old style MyDirectoryPlace-CLUSTER.cfg
2023-12-12 00:43:53,988 [using logback-test.xml] DEBUG emissary.config.ConfigUtil -   - Unable to opt import flavor config emissary.directory.MyDirectoryPlace-CLUSTER.cfg
2023-12-12 00:43:53,989 [using logback-test.xml] DEBUG emissary.config.ConfigUtil -   - Loading config for (string) emissary/place/sample/DelayPlace.cfg
2023-12-12 00:43:53,989 [using logback-test.xml] DEBUG emissary.config.ConfigUtil -   - No file config found using new style DelayPlace.cfg
2023-12-12 00:43:53,989 [using logback-test.xml] DEBUG emissary.config.ConfigUtil -   - No config data as resource for emissary/util/emissary/place/sample/DelayPlace.cfg
2023-12-12 00:43:53,989 [using logback-test.xml] DEBUG emissary.config.ConfigUtil -   - Found config data as resource file:/Users/connor/Projects/work/emissary/target/classes/emissary/place/sample/DelayPlace.cfg
2023-12-12 00:43:53,989 [using logback-test.xml] DEBUG emissary.config.ConfigUtil -   - Attempting flavor merge on emissary/place/sample/DelayPlace-CLUSTER.cfg
2023-12-12 00:43:53,989 [using logback-test.xml] DEBUG emissary.config.ConfigUtil -   - Loading config for (string) emissary/place/sample/DelayPlace-CLUSTER.cfg
2023-12-12 00:43:53,989 [using logback-test.xml] DEBUG emissary.config.ConfigUtil -   - No file config found using new style DelayPlace-CLUSTER.cfg
2023-12-12 00:43:53,989 [using logback-test.xml] DEBUG emissary.config.ConfigUtil -   - No config data as resource for emissary/util/emissary/place/sample/DelayPlace-CLUSTER.cfg
2023-12-12 00:43:53,989 [using logback-test.xml] DEBUG emissary.config.ConfigUtil -   - No config data as resource for emissary/place/sample/DelayPlace-CLUSTER.cfg
2023-12-12 00:43:53,989 [using logback-test.xml] DEBUG emissary.config.ConfigUtil -   - No file config found using old style DelayPlace-CLUSTER.cfg
2023-12-12 00:43:53,989 [using logback-test.xml] DEBUG emissary.config.ConfigUtil -   - Unable to opt import flavor config emissary/place/sample/DelayPlace-CLUSTER.cfg
2023-12-12 00:43:53,989 [using logback-test.xml] DEBUG emissary.config.ConfigUtil -   - Configured configDirProperty /Users/connor/Projects/work/emissary/target/config
2023-12-12 00:43:53,991 [using logback-test.xml]  INFO emissary.directory.RoutingAlgorithmTest$MyDirectoryPlace -   - Done shutting down DirectoryPlace
]]></system-out>
  </testcase>
  <testcase name="testContractWithNextKeysPlace" classname="emissary.directory.RoutingAlgorithmTest" time="0.002">
    <system-out><![CDATA[2023-12-12 00:43:53,992 [using logback-test.xml]  INFO emissary.command.BaseCommand -   - PROJECT_BASE is set to /Users/connor/Projects/work/emissary/target 
2023-12-12 00:43:53,992 [using logback-test.xml]  INFO emissary.command.BaseCommand -   - Setting emissary.config.dir to /Users/connor/Projects/work/emissary/target/config 
2023-12-12 00:43:53,992 [using logback-test.xml]  INFO emissary.command.BaseCommand -   - Setting emissary.bin.dir to /Users/connor/Projects/work/emissary/target/bin 
2023-12-12 00:43:53,992 [using logback-test.xml]  INFO emissary.command.BaseCommand -   - Setting emissary.output.root to /Users/connor/Projects/work/emissary/target/localoutput 
2023-12-12 00:43:53,992 [using logback-test.xml]  INFO emissary.command.BaseCommand -   - Emissary error dir set to /Users/connor/Projects/work/emissary/target/localerror 
2023-12-12 00:43:53,992 [using logback-test.xml]  INFO emissary.command.BaseCommand -   - Setting emissary.node.name to localhost 
2023-12-12 00:43:53,992 [using logback-test.xml]  INFO emissary.command.BaseCommand -   - Setting emissary.node.port to 8001 
2023-12-12 00:43:53,992 [using logback-test.xml]  INFO emissary.command.BaseCommand -   - Setting emissary.node.scheme to http 
2023-12-12 00:43:53,992 [using logback-test.xml]  WARN emissary.command.BaseCommand -   - Not using /Users/connor/Projects/work/emissary/target/config/logback.xml, staying with test config file:/Users/connor/Projects/work/emissary/target/test-classes/logback-test.xml
2023-12-12 00:43:53,993 [using logback-test.xml]  INFO emissary.command.BaseCommand -   - Overriding current emissary.config.flavor null to CLUSTER 
2023-12-12 00:43:53,993 [using logback-test.xml]  INFO emissary.command.BaseCommand -   - PROJECT_BASE is set to /Users/connor/Projects/work/emissary/target 
2023-12-12 00:43:53,993 [using logback-test.xml]  INFO emissary.command.BaseCommand -   - Setting emissary.config.dir to /Users/connor/Projects/work/emissary/target/config 
2023-12-12 00:43:53,993 [using logback-test.xml]  INFO emissary.command.BaseCommand -   - Setting emissary.bin.dir to /Users/connor/Projects/work/emissary/target/bin 
2023-12-12 00:43:53,993 [using logback-test.xml]  INFO emissary.command.BaseCommand -   - Setting emissary.output.root to /Users/connor/Projects/work/emissary/target/localoutput 
2023-12-12 00:43:53,993 [using logback-test.xml]  INFO emissary.command.BaseCommand -   - Emissary error dir set to /Users/connor/Projects/work/emissary/target/localerror 
2023-12-12 00:43:53,993 [using logback-test.xml]  INFO emissary.command.BaseCommand -   - Setting emissary.config.flavor to CLUSTER 
2023-12-12 00:43:53,993 [using logback-test.xml]  INFO emissary.command.BaseCommand -   - Setting emissary.node.name to localhost 
2023-12-12 00:43:53,993 [using logback-test.xml]  INFO emissary.command.BaseCommand -   - Setting emissary.node.port to 8001 
2023-12-12 00:43:53,993 [using logback-test.xml]  INFO emissary.command.BaseCommand -   - Setting emissary.node.scheme to http 
2023-12-12 00:43:53,993 [using logback-test.xml]  WARN emissary.command.BaseCommand -   - Not using /Users/connor/Projects/work/emissary/target/config/logback.xml, staying with test config file:/Users/connor/Projects/work/emissary/target/test-classes/logback-test.xml
2023-12-12 00:43:53,995 [using logback-test.xml]  INFO emissary.command.BaseCommand -   - Overriding current emissary.config.flavor CLUSTER to CLUSTER 
2023-12-12 00:43:53,995 [using logback-test.xml] DEBUG emissary.config.ConfigUtil -   - Loading config for (string) emissary.directory.MyDirectoryPlace.cfg
2023-12-12 00:43:53,995 [using logback-test.xml] DEBUG emissary.config.ConfigUtil -   - No file config found using new style emissary.directory.MyDirectoryPlace.cfg
2023-12-12 00:43:53,995 [using logback-test.xml] DEBUG emissary.config.ConfigUtil -   - No config data as resource for emissary/util/emissary/directory/MyDirectoryPlace.cfg
2023-12-12 00:43:53,995 [using logback-test.xml] DEBUG emissary.config.ConfigUtil -   - Found config data as resource file:/Users/connor/Projects/work/emissary/target/test-classes/emissary/directory/MyDirectoryPlace.cfg
2023-12-12 00:43:53,995 [using logback-test.xml] DEBUG emissary.config.ConfigUtil -   - Attempting flavor merge on emissary.directory.MyDirectoryPlace-CLUSTER.cfg
2023-12-12 00:43:53,995 [using logback-test.xml] DEBUG emissary.config.ConfigUtil -   - Loading config for (string) emissary.directory.MyDirectoryPlace-CLUSTER.cfg
2023-12-12 00:43:53,995 [using logback-test.xml] DEBUG emissary.config.ConfigUtil -   - No file config found using new style emissary.directory.MyDirectoryPlace-CLUSTER.cfg
2023-12-12 00:43:53,995 [using logback-test.xml] DEBUG emissary.config.ConfigUtil -   - No config data as resource for emissary/util/emissary/directory/MyDirectoryPlace-CLUSTER.cfg
2023-12-12 00:43:53,995 [using logback-test.xml] DEBUG emissary.config.ConfigUtil -   - No config data as resource for emissary/directory/MyDirectoryPlace-CLUSTER.cfg
2023-12-12 00:43:53,995 [using logback-test.xml] DEBUG emissary.config.ConfigUtil -   - No file config found using old style MyDirectoryPlace-CLUSTER.cfg
2023-12-12 00:43:53,995 [using logback-test.xml] DEBUG emissary.config.ConfigUtil -   - Unable to opt import flavor config emissary.directory.MyDirectoryPlace-CLUSTER.cfg
2023-12-12 00:43:53,996 [using logback-test.xml]  WARN emissary.core.MobileAgent -   - Null payload or placein getNextKey
2023-12-12 00:43:53,996 [using logback-test.xml] DEBUG emissary.config.ConfigUtil -   - Configured configDirProperty /Users/connor/Projects/work/emissary/target/config
2023-12-12 00:43:53,997 [using logback-test.xml]  INFO emissary.directory.RoutingAlgorithmTest$MyDirectoryPlace -   - Done shutting down DirectoryPlace
]]></system-out>
  </testcase>
  <testcase name="testNotBackToIdPhaseAfterAnalyze" classname="emissary.directory.RoutingAlgorithmTest" time="0.002">
    <system-out><![CDATA[2023-12-12 00:43:53,998 [using logback-test.xml]  INFO emissary.command.BaseCommand -   - PROJECT_BASE is set to /Users/connor/Projects/work/emissary/target 
2023-12-12 00:43:53,999 [using logback-test.xml]  INFO emissary.command.BaseCommand -   - Setting emissary.config.dir to /Users/connor/Projects/work/emissary/target/config 
2023-12-12 00:43:53,999 [using logback-test.xml]  INFO emissary.command.BaseCommand -   - Setting emissary.bin.dir to /Users/connor/Projects/work/emissary/target/bin 
2023-12-12 00:43:53,999 [using logback-test.xml]  INFO emissary.command.BaseCommand -   - Setting emissary.output.root to /Users/connor/Projects/work/emissary/target/localoutput 
2023-12-12 00:43:53,999 [using logback-test.xml]  INFO emissary.command.BaseCommand -   - Emissary error dir set to /Users/connor/Projects/work/emissary/target/localerror 
2023-12-12 00:43:53,999 [using logback-test.xml]  INFO emissary.command.BaseCommand -   - Setting emissary.node.name to localhost 
2023-12-12 00:43:53,999 [using logback-test.xml]  INFO emissary.command.BaseCommand -   - Setting emissary.node.port to 8001 
2023-12-12 00:43:53,999 [using logback-test.xml]  INFO emissary.command.BaseCommand -   - Setting emissary.node.scheme to http 
2023-12-12 00:43:53,999 [using logback-test.xml]  WARN emissary.command.BaseCommand -   - Not using /Users/connor/Projects/work/emissary/target/config/logback.xml, staying with test config file:/Users/connor/Projects/work/emissary/target/test-classes/logback-test.xml
2023-12-12 00:43:54,000 [using logback-test.xml]  INFO emissary.command.BaseCommand -   - Overriding current emissary.config.flavor null to CLUSTER 
2023-12-12 00:43:54,000 [using logback-test.xml]  INFO emissary.command.BaseCommand -   - PROJECT_BASE is set to /Users/connor/Projects/work/emissary/target 
2023-12-12 00:43:54,000 [using logback-test.xml]  INFO emissary.command.BaseCommand -   - Setting emissary.config.dir to /Users/connor/Projects/work/emissary/target/config 
2023-12-12 00:43:54,000 [using logback-test.xml]  INFO emissary.command.BaseCommand -   - Setting emissary.bin.dir to /Users/connor/Projects/work/emissary/target/bin 
2023-12-12 00:43:54,000 [using logback-test.xml]  INFO emissary.command.BaseCommand -   - Setting emissary.output.root to /Users/connor/Projects/work/emissary/target/localoutput 
2023-12-12 00:43:54,000 [using logback-test.xml]  INFO emissary.command.BaseCommand -   - Emissary error dir set to /Users/connor/Projects/work/emissary/target/localerror 
2023-12-12 00:43:54,000 [using logback-test.xml]  INFO emissary.command.BaseCommand -   - Setting emissary.config.flavor to CLUSTER 
2023-12-12 00:43:54,000 [using logback-test.xml]  INFO emissary.command.BaseCommand -   - Setting emissary.node.name to localhost 
2023-12-12 00:43:54,000 [using logback-test.xml]  INFO emissary.command.BaseCommand -   - Setting emissary.node.port to 8001 
2023-12-12 00:43:54,000 [using logback-test.xml]  INFO emissary.command.BaseCommand -   - Setting emissary.node.scheme to http 
2023-12-12 00:43:54,000 [using logback-test.xml]  WARN emissary.command.BaseCommand -   - Not using /Users/connor/Projects/work/emissary/target/config/logback.xml, staying with test config file:/Users/connor/Projects/work/emissary/target/test-classes/logback-test.xml
2023-12-12 00:43:54,000 [using logback-test.xml]  INFO emissary.command.BaseCommand -   - Overriding current emissary.config.flavor CLUSTER to CLUSTER 
2023-12-12 00:43:54,001 [using logback-test.xml] DEBUG emissary.config.ConfigUtil -   - Loading config for (string) emissary.directory.MyDirectoryPlace.cfg
2023-12-12 00:43:54,001 [using logback-test.xml] DEBUG emissary.config.ConfigUtil -   - No file config found using new style emissary.directory.MyDirectoryPlace.cfg
2023-12-12 00:43:54,001 [using logback-test.xml] DEBUG emissary.config.ConfigUtil -   - No config data as resource for emissary/util/emissary/directory/MyDirectoryPlace.cfg
2023-12-12 00:43:54,001 [using logback-test.xml] DEBUG emissary.config.ConfigUtil -   - Found config data as resource file:/Users/connor/Projects/work/emissary/target/test-classes/emissary/directory/MyDirectoryPlace.cfg
2023-12-12 00:43:54,001 [using logback-test.xml] DEBUG emissary.config.ConfigUtil -   - Attempting flavor merge on emissary.directory.MyDirectoryPlace-CLUSTER.cfg
2023-12-12 00:43:54,001 [using logback-test.xml] DEBUG emissary.config.ConfigUtil -   - Loading config for (string) emissary.directory.MyDirectoryPlace-CLUSTER.cfg
2023-12-12 00:43:54,001 [using logback-test.xml] DEBUG emissary.config.ConfigUtil -   - No file config found using new style emissary.directory.MyDirectoryPlace-CLUSTER.cfg
2023-12-12 00:43:54,001 [using logback-test.xml] DEBUG emissary.config.ConfigUtil -   - No config data as resource for emissary/util/emissary/directory/MyDirectoryPlace-CLUSTER.cfg
2023-12-12 00:43:54,001 [using logback-test.xml] DEBUG emissary.config.ConfigUtil -   - No config data as resource for emissary/directory/MyDirectoryPlace-CLUSTER.cfg
2023-12-12 00:43:54,001 [using logback-test.xml] DEBUG emissary.config.ConfigUtil -   - No file config found using old style MyDirectoryPlace-CLUSTER.cfg
2023-12-12 00:43:54,001 [using logback-test.xml] DEBUG emissary.config.ConfigUtil -   - Unable to opt import flavor config emissary.directory.MyDirectoryPlace-CLUSTER.cfg
2023-12-12 00:43:54,002 [using logback-test.xml] DEBUG emissary.config.ConfigUtil -   - Configured configDirProperty /Users/connor/Projects/work/emissary/target/config
2023-12-12 00:43:54,003 [using logback-test.xml]  INFO emissary.directory.RoutingAlgorithmTest$MyDirectoryPlace -   - Done shutting down DirectoryPlace
]]></system-out>
  </testcase>
  <testcase name="testPayloadWithDoneForm" classname="emissary.directory.RoutingAlgorithmTest" time="0.002">
    <system-out><![CDATA[2023-12-12 00:43:54,005 [using logback-test.xml]  INFO emissary.command.BaseCommand -   - PROJECT_BASE is set to /Users/connor/Projects/work/emissary/target 
2023-12-12 00:43:54,005 [using logback-test.xml]  INFO emissary.command.BaseCommand -   - Setting emissary.config.dir to /Users/connor/Projects/work/emissary/target/config 
2023-12-12 00:43:54,005 [using logback-test.xml]  INFO emissary.command.BaseCommand -   - Setting emissary.bin.dir to /Users/connor/Projects/work/emissary/target/bin 
2023-12-12 00:43:54,005 [using logback-test.xml]  INFO emissary.command.BaseCommand -   - Setting emissary.output.root to /Users/connor/Projects/work/emissary/target/localoutput 
2023-12-12 00:43:54,005 [using logback-test.xml]  INFO emissary.command.BaseCommand -   - Emissary error dir set to /Users/connor/Projects/work/emissary/target/localerror 
2023-12-12 00:43:54,005 [using logback-test.xml]  INFO emissary.command.BaseCommand -   - Setting emissary.node.name to localhost 
2023-12-12 00:43:54,005 [using logback-test.xml]  INFO emissary.command.BaseCommand -   - Setting emissary.node.port to 8001 
2023-12-12 00:43:54,005 [using logback-test.xml]  INFO emissary.command.BaseCommand -   - Setting emissary.node.scheme to http 
2023-12-12 00:43:54,005 [using logback-test.xml]  WARN emissary.command.BaseCommand -   - Not using /Users/connor/Projects/work/emissary/target/config/logback.xml, staying with test config file:/Users/connor/Projects/work/emissary/target/test-classes/logback-test.xml
2023-12-12 00:43:54,006 [using logback-test.xml]  INFO emissary.command.BaseCommand -   - Overriding current emissary.config.flavor null to CLUSTER 
2023-12-12 00:43:54,006 [using logback-test.xml]  INFO emissary.command.BaseCommand -   - PROJECT_BASE is set to /Users/connor/Projects/work/emissary/target 
2023-12-12 00:43:54,006 [using logback-test.xml]  INFO emissary.command.BaseCommand -   - Setting emissary.config.dir to /Users/connor/Projects/work/emissary/target/config 
2023-12-12 00:43:54,006 [using logback-test.xml]  INFO emissary.command.BaseCommand -   - Setting emissary.bin.dir to /Users/connor/Projects/work/emissary/target/bin 
2023-12-12 00:43:54,006 [using logback-test.xml]  INFO emissary.command.BaseCommand -   - Setting emissary.output.root to /Users/connor/Projects/work/emissary/target/localoutput 
2023-12-12 00:43:54,006 [using logback-test.xml]  INFO emissary.command.BaseCommand -   - Emissary error dir set to /Users/connor/Projects/work/emissary/target/localerror 
2023-12-12 00:43:54,006 [using logback-test.xml]  INFO emissary.command.BaseCommand -   - Setting emissary.config.flavor to CLUSTER 
2023-12-12 00:43:54,006 [using logback-test.xml]  INFO emissary.command.BaseCommand -   - Setting emissary.node.name to localhost 
2023-12-12 00:43:54,006 [using logback-test.xml]  INFO emissary.command.BaseCommand -   - Setting emissary.node.port to 8001 
2023-12-12 00:43:54,006 [using logback-test.xml]  INFO emissary.command.BaseCommand -   - Setting emissary.node.scheme to http 
2023-12-12 00:43:54,006 [using logback-test.xml]  WARN emissary.command.BaseCommand -   - Not using /Users/connor/Projects/work/emissary/target/config/logback.xml, staying with test config file:/Users/connor/Projects/work/emissary/target/test-classes/logback-test.xml
2023-12-12 00:43:54,007 [using logback-test.xml]  INFO emissary.command.BaseCommand -   - Overriding current emissary.config.flavor CLUSTER to CLUSTER 
2023-12-12 00:43:54,007 [using logback-test.xml] DEBUG emissary.config.ConfigUtil -   - Loading config for (string) emissary.directory.MyDirectoryPlace.cfg
2023-12-12 00:43:54,007 [using logback-test.xml] DEBUG emissary.config.ConfigUtil -   - No file config found using new style emissary.directory.MyDirectoryPlace.cfg
2023-12-12 00:43:54,007 [using logback-test.xml] DEBUG emissary.config.ConfigUtil -   - No config data as resource for emissary/util/emissary/directory/MyDirectoryPlace.cfg
2023-12-12 00:43:54,007 [using logback-test.xml] DEBUG emissary.config.ConfigUtil -   - Found config data as resource file:/Users/connor/Projects/work/emissary/target/test-classes/emissary/directory/MyDirectoryPlace.cfg
2023-12-12 00:43:54,007 [using logback-test.xml] DEBUG emissary.config.ConfigUtil -   - Attempting flavor merge on emissary.directory.MyDirectoryPlace-CLUSTER.cfg
2023-12-12 00:43:54,007 [using logback-test.xml] DEBUG emissary.config.ConfigUtil -   - Loading config for (string) emissary.directory.MyDirectoryPlace-CLUSTER.cfg
2023-12-12 00:43:54,007 [using logback-test.xml] DEBUG emissary.config.ConfigUtil -   - No file config found using new style emissary.directory.MyDirectoryPlace-CLUSTER.cfg
2023-12-12 00:43:54,007 [using logback-test.xml] DEBUG emissary.config.ConfigUtil -   - No config data as resource for emissary/util/emissary/directory/MyDirectoryPlace-CLUSTER.cfg
2023-12-12 00:43:54,007 [using logback-test.xml] DEBUG emissary.config.ConfigUtil -   - No config data as resource for emissary/directory/MyDirectoryPlace-CLUSTER.cfg
2023-12-12 00:43:54,008 [using logback-test.xml] DEBUG emissary.config.ConfigUtil -   - No file config found using old style MyDirectoryPlace-CLUSTER.cfg
2023-12-12 00:43:54,008 [using logback-test.xml] DEBUG emissary.config.ConfigUtil -   - Unable to opt import flavor config emissary.directory.MyDirectoryPlace-CLUSTER.cfg
2023-12-12 00:43:54,008 [using logback-test.xml] DEBUG emissary.config.ConfigUtil -   - Configured configDirProperty /Users/connor/Projects/work/emissary/target/config
2023-12-12 00:43:54,009 [using logback-test.xml]  INFO emissary.directory.RoutingAlgorithmTest$MyDirectoryPlace -   - Done shutting down DirectoryPlace
]]></system-out>
  </testcase>
  <testcase name="testIdsInOrderGettingNoResultAtEndOfList" classname="emissary.directory.RoutingAlgorithmTest" time="0.004">
    <system-out><![CDATA[2023-12-12 00:43:54,010 [using logback-test.xml]  INFO emissary.command.BaseCommand -   - PROJECT_BASE is set to /Users/connor/Projects/work/emissary/target 
2023-12-12 00:43:54,011 [using logback-test.xml]  INFO emissary.command.BaseCommand -   - Setting emissary.config.dir to /Users/connor/Projects/work/emissary/target/config 
2023-12-12 00:43:54,011 [using logback-test.xml]  INFO emissary.command.BaseCommand -   - Setting emissary.bin.dir to /Users/connor/Projects/work/emissary/target/bin 
2023-12-12 00:43:54,011 [using logback-test.xml]  INFO emissary.command.BaseCommand -   - Setting emissary.output.root to /Users/connor/Projects/work/emissary/target/localoutput 
2023-12-12 00:43:54,011 [using logback-test.xml]  INFO emissary.command.BaseCommand -   - Emissary error dir set to /Users/connor/Projects/work/emissary/target/localerror 
2023-12-12 00:43:54,011 [using logback-test.xml]  INFO emissary.command.BaseCommand -   - Setting emissary.node.name to localhost 
2023-12-12 00:43:54,011 [using logback-test.xml]  INFO emissary.command.BaseCommand -   - Setting emissary.node.port to 8001 
2023-12-12 00:43:54,011 [using logback-test.xml]  INFO emissary.command.BaseCommand -   - Setting emissary.node.scheme to http 
2023-12-12 00:43:54,011 [using logback-test.xml]  WARN emissary.command.BaseCommand -   - Not using /Users/connor/Projects/work/emissary/target/config/logback.xml, staying with test config file:/Users/connor/Projects/work/emissary/target/test-classes/logback-test.xml
2023-12-12 00:43:54,012 [using logback-test.xml]  INFO emissary.command.BaseCommand -   - Overriding current emissary.config.flavor null to CLUSTER 
2023-12-12 00:43:54,012 [using logback-test.xml]  INFO emissary.command.BaseCommand -   - PROJECT_BASE is set to /Users/connor/Projects/work/emissary/target 
2023-12-12 00:43:54,012 [using logback-test.xml]  INFO emissary.command.BaseCommand -   - Setting emissary.config.dir to /Users/connor/Projects/work/emissary/target/config 
2023-12-12 00:43:54,012 [using logback-test.xml]  INFO emissary.command.BaseCommand -   - Setting emissary.bin.dir to /Users/connor/Projects/work/emissary/target/bin 
2023-12-12 00:43:54,012 [using logback-test.xml]  INFO emissary.command.BaseCommand -   - Setting emissary.output.root to /Users/connor/Projects/work/emissary/target/localoutput 
2023-12-12 00:43:54,012 [using logback-test.xml]  INFO emissary.command.BaseCommand -   - Emissary error dir set to /Users/connor/Projects/work/emissary/target/localerror 
2023-12-12 00:43:54,012 [using logback-test.xml]  INFO emissary.command.BaseCommand -   - Setting emissary.config.flavor to CLUSTER 
2023-12-12 00:43:54,012 [using logback-test.xml]  INFO emissary.command.BaseCommand -   - Setting emissary.node.name to localhost 
2023-12-12 00:43:54,012 [using logback-test.xml]  INFO emissary.command.BaseCommand -   - Setting emissary.node.port to 8001 
2023-12-12 00:43:54,012 [using logback-test.xml]  INFO emissary.command.BaseCommand -   - Setting emissary.node.scheme to http 
2023-12-12 00:43:54,012 [using logback-test.xml]  WARN emissary.command.BaseCommand -   - Not using /Users/connor/Projects/work/emissary/target/config/logback.xml, staying with test config file:/Users/connor/Projects/work/emissary/target/test-classes/logback-test.xml
2023-12-12 00:43:54,013 [using logback-test.xml]  INFO emissary.command.BaseCommand -   - Overriding current emissary.config.flavor CLUSTER to CLUSTER 
2023-12-12 00:43:54,013 [using logback-test.xml] DEBUG emissary.config.ConfigUtil -   - Loading config for (string) emissary.directory.MyDirectoryPlace.cfg
2023-12-12 00:43:54,013 [using logback-test.xml] DEBUG emissary.config.ConfigUtil -   - No file config found using new style emissary.directory.MyDirectoryPlace.cfg
2023-12-12 00:43:54,013 [using logback-test.xml] DEBUG emissary.config.ConfigUtil -   - No config data as resource for emissary/util/emissary/directory/MyDirectoryPlace.cfg
2023-12-12 00:43:54,013 [using logback-test.xml] DEBUG emissary.config.ConfigUtil -   - Found config data as resource file:/Users/connor/Projects/work/emissary/target/test-classes/emissary/directory/MyDirectoryPlace.cfg
2023-12-12 00:43:54,013 [using logback-test.xml] DEBUG emissary.config.ConfigUtil -   - Attempting flavor merge on emissary.directory.MyDirectoryPlace-CLUSTER.cfg
2023-12-12 00:43:54,013 [using logback-test.xml] DEBUG emissary.config.ConfigUtil -   - Loading config for (string) emissary.directory.MyDirectoryPlace-CLUSTER.cfg
2023-12-12 00:43:54,013 [using logback-test.xml] DEBUG emissary.config.ConfigUtil -   - No file config found using new style emissary.directory.MyDirectoryPlace-CLUSTER.cfg
2023-12-12 00:43:54,013 [using logback-test.xml] DEBUG emissary.config.ConfigUtil -   - No config data as resource for emissary/util/emissary/directory/MyDirectoryPlace-CLUSTER.cfg
2023-12-12 00:43:54,013 [using logback-test.xml] DEBUG emissary.config.ConfigUtil -   - No config data as resource for emissary/directory/MyDirectoryPlace-CLUSTER.cfg
2023-12-12 00:43:54,013 [using logback-test.xml] DEBUG emissary.config.ConfigUtil -   - No file config found using old style MyDirectoryPlace-CLUSTER.cfg
2023-12-12 00:43:54,013 [using logback-test.xml] DEBUG emissary.config.ConfigUtil -   - Unable to opt import flavor config emissary.directory.MyDirectoryPlace-CLUSTER.cfg
2023-12-12 00:43:54,014 [using logback-test.xml] DEBUG emissary.config.ConfigUtil -   - Configured configDirProperty /Users/connor/Projects/work/emissary/target/config
2023-12-12 00:43:54,016 [using logback-test.xml]  INFO emissary.directory.RoutingAlgorithmTest$MyDirectoryPlace -   - Done shutting down DirectoryPlace
]]></system-out>
  </testcase>
  <testcase name="testNoRepeatWhenTransformAddsFormButDoesNotRemoveOwnProxyAndIsntEvenOnTop" classname="emissary.directory.RoutingAlgorithmTest" time="0.005">
    <system-out><![CDATA[2023-12-12 00:43:54,018 [using logback-test.xml]  INFO emissary.command.BaseCommand -   - PROJECT_BASE is set to /Users/connor/Projects/work/emissary/target 
2023-12-12 00:43:54,018 [using logback-test.xml]  INFO emissary.command.BaseCommand -   - Setting emissary.config.dir to /Users/connor/Projects/work/emissary/target/config 
2023-12-12 00:43:54,018 [using logback-test.xml]  INFO emissary.command.BaseCommand -   - Setting emissary.bin.dir to /Users/connor/Projects/work/emissary/target/bin 
2023-12-12 00:43:54,018 [using logback-test.xml]  INFO emissary.command.BaseCommand -   - Setting emissary.output.root to /Users/connor/Projects/work/emissary/target/localoutput 
2023-12-12 00:43:54,018 [using logback-test.xml]  INFO emissary.command.BaseCommand -   - Emissary error dir set to /Users/connor/Projects/work/emissary/target/localerror 
2023-12-12 00:43:54,018 [using logback-test.xml]  INFO emissary.command.BaseCommand -   - Setting emissary.node.name to localhost 
2023-12-12 00:43:54,018 [using logback-test.xml]  INFO emissary.command.BaseCommand -   - Setting emissary.node.port to 8001 
2023-12-12 00:43:54,018 [using logback-test.xml]  INFO emissary.command.BaseCommand -   - Setting emissary.node.scheme to http 
2023-12-12 00:43:54,018 [using logback-test.xml]  WARN emissary.command.BaseCommand -   - Not using /Users/connor/Projects/work/emissary/target/config/logback.xml, staying with test config file:/Users/connor/Projects/work/emissary/target/test-classes/logback-test.xml
2023-12-12 00:43:54,019 [using logback-test.xml]  INFO emissary.command.BaseCommand -   - Overriding current emissary.config.flavor null to CLUSTER 
2023-12-12 00:43:54,019 [using logback-test.xml]  INFO emissary.command.BaseCommand -   - PROJECT_BASE is set to /Users/connor/Projects/work/emissary/target 
2023-12-12 00:43:54,019 [using logback-test.xml]  INFO emissary.command.BaseCommand -   - Setting emissary.config.dir to /Users/connor/Projects/work/emissary/target/config 
2023-12-12 00:43:54,019 [using logback-test.xml]  INFO emissary.command.BaseCommand -   - Setting emissary.bin.dir to /Users/connor/Projects/work/emissary/target/bin 
2023-12-12 00:43:54,019 [using logback-test.xml]  INFO emissary.command.BaseCommand -   - Setting emissary.output.root to /Users/connor/Projects/work/emissary/target/localoutput 
2023-12-12 00:43:54,019 [using logback-test.xml]  INFO emissary.command.BaseCommand -   - Emissary error dir set to /Users/connor/Projects/work/emissary/target/localerror 
2023-12-12 00:43:54,019 [using logback-test.xml]  INFO emissary.command.BaseCommand -   - Setting emissary.config.flavor to CLUSTER 
2023-12-12 00:43:54,019 [using logback-test.xml]  INFO emissary.command.BaseCommand -   - Setting emissary.node.name to localhost 
2023-12-12 00:43:54,019 [using logback-test.xml]  INFO emissary.command.BaseCommand -   - Setting emissary.node.port to 8001 
2023-12-12 00:43:54,019 [using logback-test.xml]  INFO emissary.command.BaseCommand -   - Setting emissary.node.scheme to http 
2023-12-12 00:43:54,019 [using logback-test.xml]  WARN emissary.command.BaseCommand -   - Not using /Users/connor/Projects/work/emissary/target/config/logback.xml, staying with test config file:/Users/connor/Projects/work/emissary/target/test-classes/logback-test.xml
2023-12-12 00:43:54,020 [using logback-test.xml]  INFO emissary.command.BaseCommand -   - Overriding current emissary.config.flavor CLUSTER to CLUSTER 
2023-12-12 00:43:54,020 [using logback-test.xml] DEBUG emissary.config.ConfigUtil -   - Loading config for (string) emissary.directory.MyDirectoryPlace.cfg
2023-12-12 00:43:54,020 [using logback-test.xml] DEBUG emissary.config.ConfigUtil -   - No file config found using new style emissary.directory.MyDirectoryPlace.cfg
2023-12-12 00:43:54,020 [using logback-test.xml] DEBUG emissary.config.ConfigUtil -   - No config data as resource for emissary/util/emissary/directory/MyDirectoryPlace.cfg
2023-12-12 00:43:54,021 [using logback-test.xml] DEBUG emissary.config.ConfigUtil -   - Found config data as resource file:/Users/connor/Projects/work/emissary/target/test-classes/emissary/directory/MyDirectoryPlace.cfg
2023-12-12 00:43:54,021 [using logback-test.xml] DEBUG emissary.config.ConfigUtil -   - Attempting flavor merge on emissary.directory.MyDirectoryPlace-CLUSTER.cfg
2023-12-12 00:43:54,021 [using logback-test.xml] DEBUG emissary.config.ConfigUtil -   - Loading config for (string) emissary.directory.MyDirectoryPlace-CLUSTER.cfg
2023-12-12 00:43:54,021 [using logback-test.xml] DEBUG emissary.config.ConfigUtil -   - No file config found using new style emissary.directory.MyDirectoryPlace-CLUSTER.cfg
2023-12-12 00:43:54,021 [using logback-test.xml] DEBUG emissary.config.ConfigUtil -   - No config data as resource for emissary/util/emissary/directory/MyDirectoryPlace-CLUSTER.cfg
2023-12-12 00:43:54,021 [using logback-test.xml] DEBUG emissary.config.ConfigUtil -   - No config data as resource for emissary/directory/MyDirectoryPlace-CLUSTER.cfg
2023-12-12 00:43:54,021 [using logback-test.xml] DEBUG emissary.config.ConfigUtil -   - No file config found using old style MyDirectoryPlace-CLUSTER.cfg
2023-12-12 00:43:54,021 [using logback-test.xml] DEBUG emissary.config.ConfigUtil -   - Unable to opt import flavor config emissary.directory.MyDirectoryPlace-CLUSTER.cfg
2023-12-12 00:43:54,022 [using logback-test.xml] DEBUG emissary.config.ConfigUtil -   - Configured configDirProperty /Users/connor/Projects/work/emissary/target/config
2023-12-12 00:43:54,024 [using logback-test.xml]  INFO emissary.directory.RoutingAlgorithmTest$MyDirectoryPlace -   - Done shutting down DirectoryPlace
]]></system-out>
  </testcase>
  <testcase name="testNextKeyFromQueue" classname="emissary.directory.RoutingAlgorithmTest" time="0.004">
    <system-out><![CDATA[2023-12-12 00:43:54,026 [using logback-test.xml]  INFO emissary.command.BaseCommand -   - PROJECT_BASE is set to /Users/connor/Projects/work/emissary/target 
2023-12-12 00:43:54,026 [using logback-test.xml]  INFO emissary.command.BaseCommand -   - Setting emissary.config.dir to /Users/connor/Projects/work/emissary/target/config 
2023-12-12 00:43:54,026 [using logback-test.xml]  INFO emissary.command.BaseCommand -   - Setting emissary.bin.dir to /Users/connor/Projects/work/emissary/target/bin 
2023-12-12 00:43:54,026 [using logback-test.xml]  INFO emissary.command.BaseCommand -   - Setting emissary.output.root to /Users/connor/Projects/work/emissary/target/localoutput 
2023-12-12 00:43:54,026 [using logback-test.xml]  INFO emissary.command.BaseCommand -   - Emissary error dir set to /Users/connor/Projects/work/emissary/target/localerror 
2023-12-12 00:43:54,026 [using logback-test.xml]  INFO emissary.command.BaseCommand -   - Setting emissary.node.name to localhost 
2023-12-12 00:43:54,026 [using logback-test.xml]  INFO emissary.command.BaseCommand -   - Setting emissary.node.port to 8001 
2023-12-12 00:43:54,026 [using logback-test.xml]  INFO emissary.command.BaseCommand -   - Setting emissary.node.scheme to http 
2023-12-12 00:43:54,026 [using logback-test.xml]  WARN emissary.command.BaseCommand -   - Not using /Users/connor/Projects/work/emissary/target/config/logback.xml, staying with test config file:/Users/connor/Projects/work/emissary/target/test-classes/logback-test.xml
2023-12-12 00:43:54,027 [using logback-test.xml]  INFO emissary.command.BaseCommand -   - Overriding current emissary.config.flavor null to CLUSTER 
2023-12-12 00:43:54,027 [using logback-test.xml]  INFO emissary.command.BaseCommand -   - PROJECT_BASE is set to /Users/connor/Projects/work/emissary/target 
2023-12-12 00:43:54,027 [using logback-test.xml]  INFO emissary.command.BaseCommand -   - Setting emissary.config.dir to /Users/connor/Projects/work/emissary/target/config 
2023-12-12 00:43:54,027 [using logback-test.xml]  INFO emissary.command.BaseCommand -   - Setting emissary.bin.dir to /Users/connor/Projects/work/emissary/target/bin 
2023-12-12 00:43:54,027 [using logback-test.xml]  INFO emissary.command.BaseCommand -   - Setting emissary.output.root to /Users/connor/Projects/work/emissary/target/localoutput 
2023-12-12 00:43:54,027 [using logback-test.xml]  INFO emissary.command.BaseCommand -   - Emissary error dir set to /Users/connor/Projects/work/emissary/target/localerror 
2023-12-12 00:43:54,027 [using logback-test.xml]  INFO emissary.command.BaseCommand -   - Setting emissary.config.flavor to CLUSTER 
2023-12-12 00:43:54,027 [using logback-test.xml]  INFO emissary.command.BaseCommand -   - Setting emissary.node.name to localhost 
2023-12-12 00:43:54,027 [using logback-test.xml]  INFO emissary.command.BaseCommand -   - Setting emissary.node.port to 8001 
2023-12-12 00:43:54,027 [using logback-test.xml]  INFO emissary.command.BaseCommand -   - Setting emissary.node.scheme to http 
2023-12-12 00:43:54,027 [using logback-test.xml]  WARN emissary.command.BaseCommand -   - Not using /Users/connor/Projects/work/emissary/target/config/logback.xml, staying with test config file:/Users/connor/Projects/work/emissary/target/test-classes/logback-test.xml
2023-12-12 00:43:54,028 [using logback-test.xml]  INFO emissary.command.BaseCommand -   - Overriding current emissary.config.flavor CLUSTER to CLUSTER 
2023-12-12 00:43:54,028 [using logback-test.xml] DEBUG emissary.config.ConfigUtil -   - Loading config for (string) emissary.directory.MyDirectoryPlace.cfg
2023-12-12 00:43:54,028 [using logback-test.xml] DEBUG emissary.config.ConfigUtil -   - No file config found using new style emissary.directory.MyDirectoryPlace.cfg
2023-12-12 00:43:54,028 [using logback-test.xml] DEBUG emissary.config.ConfigUtil -   - No config data as resource for emissary/util/emissary/directory/MyDirectoryPlace.cfg
2023-12-12 00:43:54,028 [using logback-test.xml] DEBUG emissary.config.ConfigUtil -   - Found config data as resource file:/Users/connor/Projects/work/emissary/target/test-classes/emissary/directory/MyDirectoryPlace.cfg
2023-12-12 00:43:54,028 [using logback-test.xml] DEBUG emissary.config.ConfigUtil -   - Attempting flavor merge on emissary.directory.MyDirectoryPlace-CLUSTER.cfg
2023-12-12 00:43:54,028 [using logback-test.xml] DEBUG emissary.config.ConfigUtil -   - Loading config for (string) emissary.directory.MyDirectoryPlace-CLUSTER.cfg
2023-12-12 00:43:54,028 [using logback-test.xml] DEBUG emissary.config.ConfigUtil -   - No file config found using new style emissary.directory.MyDirectoryPlace-CLUSTER.cfg
2023-12-12 00:43:54,029 [using logback-test.xml] DEBUG emissary.config.ConfigUtil -   - No config data as resource for emissary/util/emissary/directory/MyDirectoryPlace-CLUSTER.cfg
2023-12-12 00:43:54,029 [using logback-test.xml] DEBUG emissary.config.ConfigUtil -   - No config data as resource for emissary/directory/MyDirectoryPlace-CLUSTER.cfg
2023-12-12 00:43:54,029 [using logback-test.xml] DEBUG emissary.config.ConfigUtil -   - No file config found using old style MyDirectoryPlace-CLUSTER.cfg
2023-12-12 00:43:54,029 [using logback-test.xml] DEBUG emissary.config.ConfigUtil -   - Unable to opt import flavor config emissary.directory.MyDirectoryPlace-CLUSTER.cfg
2023-12-12 00:43:54,030 [using logback-test.xml] DEBUG emissary.config.ConfigUtil -   - Configured configDirProperty /Users/connor/Projects/work/emissary/target/config
2023-12-12 00:43:54,032 [using logback-test.xml]  INFO emissary.directory.RoutingAlgorithmTest$MyDirectoryPlace -   - Done shutting down DirectoryPlace
]]></system-out>
  </testcase>
  <testcase name="testNoRepeatWhenTransformAddsFormButDoesNotRemoveOwnProxy" classname="emissary.directory.RoutingAlgorithmTest" time="0.004">
    <system-out><![CDATA[2023-12-12 00:43:54,033 [using logback-test.xml]  INFO emissary.command.BaseCommand -   - PROJECT_BASE is set to /Users/connor/Projects/work/emissary/target 
2023-12-12 00:43:54,033 [using logback-test.xml]  INFO emissary.command.BaseCommand -   - Setting emissary.config.dir to /Users/connor/Projects/work/emissary/target/config 
2023-12-12 00:43:54,033 [using logback-test.xml]  INFO emissary.command.BaseCommand -   - Setting emissary.bin.dir to /Users/connor/Projects/work/emissary/target/bin 
2023-12-12 00:43:54,033 [using logback-test.xml]  INFO emissary.command.BaseCommand -   - Setting emissary.output.root to /Users/connor/Projects/work/emissary/target/localoutput 
2023-12-12 00:43:54,033 [using logback-test.xml]  INFO emissary.command.BaseCommand -   - Emissary error dir set to /Users/connor/Projects/work/emissary/target/localerror 
2023-12-12 00:43:54,033 [using logback-test.xml]  INFO emissary.command.BaseCommand -   - Setting emissary.node.name to localhost 
2023-12-12 00:43:54,033 [using logback-test.xml]  INFO emissary.command.BaseCommand -   - Setting emissary.node.port to 8001 
2023-12-12 00:43:54,033 [using logback-test.xml]  INFO emissary.command.BaseCommand -   - Setting emissary.node.scheme to http 
2023-12-12 00:43:54,033 [using logback-test.xml]  WARN emissary.command.BaseCommand -   - Not using /Users/connor/Projects/work/emissary/target/config/logback.xml, staying with test config file:/Users/connor/Projects/work/emissary/target/test-classes/logback-test.xml
2023-12-12 00:43:54,034 [using logback-test.xml]  INFO emissary.command.BaseCommand -   - Overriding current emissary.config.flavor null to CLUSTER 
2023-12-12 00:43:54,034 [using logback-test.xml]  INFO emissary.command.BaseCommand -   - PROJECT_BASE is set to /Users/connor/Projects/work/emissary/target 
2023-12-12 00:43:54,034 [using logback-test.xml]  INFO emissary.command.BaseCommand -   - Setting emissary.config.dir to /Users/connor/Projects/work/emissary/target/config 
2023-12-12 00:43:54,034 [using logback-test.xml]  INFO emissary.command.BaseCommand -   - Setting emissary.bin.dir to /Users/connor/Projects/work/emissary/target/bin 
2023-12-12 00:43:54,034 [using logback-test.xml]  INFO emissary.command.BaseCommand -   - Setting emissary.output.root to /Users/connor/Projects/work/emissary/target/localoutput 
2023-12-12 00:43:54,034 [using logback-test.xml]  INFO emissary.command.BaseCommand -   - Emissary error dir set to /Users/connor/Projects/work/emissary/target/localerror 
2023-12-12 00:43:54,034 [using logback-test.xml]  INFO emissary.command.BaseCommand -   - Setting emissary.config.flavor to CLUSTER 
2023-12-12 00:43:54,034 [using logback-test.xml]  INFO emissary.command.BaseCommand -   - Setting emissary.node.name to localhost 
2023-12-12 00:43:54,034 [using logback-test.xml]  INFO emissary.command.BaseCommand -   - Setting emissary.node.port to 8001 
2023-12-12 00:43:54,034 [using logback-test.xml]  INFO emissary.command.BaseCommand -   - Setting emissary.node.scheme to http 
2023-12-12 00:43:54,034 [using logback-test.xml]  WARN emissary.command.BaseCommand -   - Not using /Users/connor/Projects/work/emissary/target/config/logback.xml, staying with test config file:/Users/connor/Projects/work/emissary/target/test-classes/logback-test.xml
2023-12-12 00:43:54,035 [using logback-test.xml]  INFO emissary.command.BaseCommand -   - Overriding current emissary.config.flavor CLUSTER to CLUSTER 
2023-12-12 00:43:54,035 [using logback-test.xml] DEBUG emissary.config.ConfigUtil -   - Loading config for (string) emissary.directory.MyDirectoryPlace.cfg
2023-12-12 00:43:54,035 [using logback-test.xml] DEBUG emissary.config.ConfigUtil -   - No file config found using new style emissary.directory.MyDirectoryPlace.cfg
2023-12-12 00:43:54,035 [using logback-test.xml] DEBUG emissary.config.ConfigUtil -   - No config data as resource for emissary/util/emissary/directory/MyDirectoryPlace.cfg
2023-12-12 00:43:54,035 [using logback-test.xml] DEBUG emissary.config.ConfigUtil -   - Found config data as resource file:/Users/connor/Projects/work/emissary/target/test-classes/emissary/directory/MyDirectoryPlace.cfg
2023-12-12 00:43:54,036 [using logback-test.xml] DEBUG emissary.config.ConfigUtil -   - Attempting flavor merge on emissary.directory.MyDirectoryPlace-CLUSTER.cfg
2023-12-12 00:43:54,036 [using logback-test.xml] DEBUG emissary.config.ConfigUtil -   - Loading config for (string) emissary.directory.MyDirectoryPlace-CLUSTER.cfg
2023-12-12 00:43:54,036 [using logback-test.xml] DEBUG emissary.config.ConfigUtil -   - No file config found using new style emissary.directory.MyDirectoryPlace-CLUSTER.cfg
2023-12-12 00:43:54,036 [using logback-test.xml] DEBUG emissary.config.ConfigUtil -   - No config data as resource for emissary/util/emissary/directory/MyDirectoryPlace-CLUSTER.cfg
2023-12-12 00:43:54,036 [using logback-test.xml] DEBUG emissary.config.ConfigUtil -   - No config data as resource for emissary/directory/MyDirectoryPlace-CLUSTER.cfg
2023-12-12 00:43:54,036 [using logback-test.xml] DEBUG emissary.config.ConfigUtil -   - No file config found using old style MyDirectoryPlace-CLUSTER.cfg
2023-12-12 00:43:54,036 [using logback-test.xml] DEBUG emissary.config.ConfigUtil -   - Unable to opt import flavor config emissary.directory.MyDirectoryPlace-CLUSTER.cfg
2023-12-12 00:43:54,036 [using logback-test.xml] DEBUG emissary.config.ConfigUtil -   - Configured configDirProperty /Users/connor/Projects/work/emissary/target/config
2023-12-12 00:43:54,039 [using logback-test.xml]  INFO emissary.directory.RoutingAlgorithmTest$MyDirectoryPlace -   - Done shutting down DirectoryPlace
]]></system-out>
  </testcase>
  <testcase name="testVisitedPlaceNoRepeatListForAnalyzeStage" classname="emissary.directory.RoutingAlgorithmTest" time="0.003">
    <system-out><![CDATA[2023-12-12 00:43:54,040 [using logback-test.xml]  INFO emissary.command.BaseCommand -   - PROJECT_BASE is set to /Users/connor/Projects/work/emissary/target 
2023-12-12 00:43:54,040 [using logback-test.xml]  INFO emissary.command.BaseCommand -   - Setting emissary.config.dir to /Users/connor/Projects/work/emissary/target/config 
2023-12-12 00:43:54,040 [using logback-test.xml]  INFO emissary.command.BaseCommand -   - Setting emissary.bin.dir to /Users/connor/Projects/work/emissary/target/bin 
2023-12-12 00:43:54,040 [using logback-test.xml]  INFO emissary.command.BaseCommand -   - Setting emissary.output.root to /Users/connor/Projects/work/emissary/target/localoutput 
2023-12-12 00:43:54,041 [using logback-test.xml]  INFO emissary.command.BaseCommand -   - Emissary error dir set to /Users/connor/Projects/work/emissary/target/localerror 
2023-12-12 00:43:54,041 [using logback-test.xml]  INFO emissary.command.BaseCommand -   - Setting emissary.node.name to localhost 
2023-12-12 00:43:54,041 [using logback-test.xml]  INFO emissary.command.BaseCommand -   - Setting emissary.node.port to 8001 
2023-12-12 00:43:54,041 [using logback-test.xml]  INFO emissary.command.BaseCommand -   - Setting emissary.node.scheme to http 
2023-12-12 00:43:54,041 [using logback-test.xml]  WARN emissary.command.BaseCommand -   - Not using /Users/connor/Projects/work/emissary/target/config/logback.xml, staying with test config file:/Users/connor/Projects/work/emissary/target/test-classes/logback-test.xml
2023-12-12 00:43:54,042 [using logback-test.xml]  INFO emissary.command.BaseCommand -   - Overriding current emissary.config.flavor null to CLUSTER 
2023-12-12 00:43:54,042 [using logback-test.xml]  INFO emissary.command.BaseCommand -   - PROJECT_BASE is set to /Users/connor/Projects/work/emissary/target 
2023-12-12 00:43:54,042 [using logback-test.xml]  INFO emissary.command.BaseCommand -   - Setting emissary.config.dir to /Users/connor/Projects/work/emissary/target/config 
2023-12-12 00:43:54,042 [using logback-test.xml]  INFO emissary.command.BaseCommand -   - Setting emissary.bin.dir to /Users/connor/Projects/work/emissary/target/bin 
2023-12-12 00:43:54,042 [using logback-test.xml]  INFO emissary.command.BaseCommand -   - Setting emissary.output.root to /Users/connor/Projects/work/emissary/target/localoutput 
2023-12-12 00:43:54,042 [using logback-test.xml]  INFO emissary.command.BaseCommand -   - Emissary error dir set to /Users/connor/Projects/work/emissary/target/localerror 
2023-12-12 00:43:54,042 [using logback-test.xml]  INFO emissary.command.BaseCommand -   - Setting emissary.config.flavor to CLUSTER 
2023-12-12 00:43:54,042 [using logback-test.xml]  INFO emissary.command.BaseCommand -   - Setting emissary.node.name to localhost 
2023-12-12 00:43:54,042 [using logback-test.xml]  INFO emissary.command.BaseCommand -   - Setting emissary.node.port to 8001 
2023-12-12 00:43:54,042 [using logback-test.xml]  INFO emissary.command.BaseCommand -   - Setting emissary.node.scheme to http 
2023-12-12 00:43:54,042 [using logback-test.xml]  WARN emissary.command.BaseCommand -   - Not using /Users/connor/Projects/work/emissary/target/config/logback.xml, staying with test config file:/Users/connor/Projects/work/emissary/target/test-classes/logback-test.xml
2023-12-12 00:43:54,043 [using logback-test.xml]  INFO emissary.command.BaseCommand -   - Overriding current emissary.config.flavor CLUSTER to CLUSTER 
2023-12-12 00:43:54,043 [using logback-test.xml] DEBUG emissary.config.ConfigUtil -   - Loading config for (string) emissary.directory.MyDirectoryPlace.cfg
2023-12-12 00:43:54,043 [using logback-test.xml] DEBUG emissary.config.ConfigUtil -   - No file config found using new style emissary.directory.MyDirectoryPlace.cfg
2023-12-12 00:43:54,043 [using logback-test.xml] DEBUG emissary.config.ConfigUtil -   - No config data as resource for emissary/util/emissary/directory/MyDirectoryPlace.cfg
2023-12-12 00:43:54,043 [using logback-test.xml] DEBUG emissary.config.ConfigUtil -   - Found config data as resource file:/Users/connor/Projects/work/emissary/target/test-classes/emissary/directory/MyDirectoryPlace.cfg
2023-12-12 00:43:54,043 [using logback-test.xml] DEBUG emissary.config.ConfigUtil -   - Attempting flavor merge on emissary.directory.MyDirectoryPlace-CLUSTER.cfg
2023-12-12 00:43:54,043 [using logback-test.xml] DEBUG emissary.config.ConfigUtil -   - Loading config for (string) emissary.directory.MyDirectoryPlace-CLUSTER.cfg
2023-12-12 00:43:54,043 [using logback-test.xml] DEBUG emissary.config.ConfigUtil -   - No file config found using new style emissary.directory.MyDirectoryPlace-CLUSTER.cfg
2023-12-12 00:43:54,043 [using logback-test.xml] DEBUG emissary.config.ConfigUtil -   - No config data as resource for emissary/util/emissary/directory/MyDirectoryPlace-CLUSTER.cfg
2023-12-12 00:43:54,043 [using logback-test.xml] DEBUG emissary.config.ConfigUtil -   - No config data as resource for emissary/directory/MyDirectoryPlace-CLUSTER.cfg
2023-12-12 00:43:54,043 [using logback-test.xml] DEBUG emissary.config.ConfigUtil -   - No file config found using old style MyDirectoryPlace-CLUSTER.cfg
2023-12-12 00:43:54,043 [using logback-test.xml] DEBUG emissary.config.ConfigUtil -   - Unable to opt import flavor config emissary.directory.MyDirectoryPlace-CLUSTER.cfg
2023-12-12 00:43:54,044 [using logback-test.xml] DEBUG emissary.config.ConfigUtil -   - Configured configDirProperty /Users/connor/Projects/work/emissary/target/config
2023-12-12 00:43:54,045 [using logback-test.xml]  INFO emissary.directory.RoutingAlgorithmTest$MyDirectoryPlace -   - Done shutting down DirectoryPlace
]]></system-out>
  </testcase>
  <testcase name="testIdsInOrderWithCheaperLastPlace" classname="emissary.directory.RoutingAlgorithmTest" time="0.002">
    <system-out><![CDATA[2023-12-12 00:43:54,047 [using logback-test.xml]  INFO emissary.command.BaseCommand -   - PROJECT_BASE is set to /Users/connor/Projects/work/emissary/target 
2023-12-12 00:43:54,047 [using logback-test.xml]  INFO emissary.command.BaseCommand -   - Setting emissary.config.dir to /Users/connor/Projects/work/emissary/target/config 
2023-12-12 00:43:54,047 [using logback-test.xml]  INFO emissary.command.BaseCommand -   - Setting emissary.bin.dir to /Users/connor/Projects/work/emissary/target/bin 
2023-12-12 00:43:54,047 [using logback-test.xml]  INFO emissary.command.BaseCommand -   - Setting emissary.output.root to /Users/connor/Projects/work/emissary/target/localoutput 
2023-12-12 00:43:54,047 [using logback-test.xml]  INFO emissary.command.BaseCommand -   - Emissary error dir set to /Users/connor/Projects/work/emissary/target/localerror 
2023-12-12 00:43:54,047 [using logback-test.xml]  INFO emissary.command.BaseCommand -   - Setting emissary.node.name to localhost 
2023-12-12 00:43:54,047 [using logback-test.xml]  INFO emissary.command.BaseCommand -   - Setting emissary.node.port to 8001 
2023-12-12 00:43:54,047 [using logback-test.xml]  INFO emissary.command.BaseCommand -   - Setting emissary.node.scheme to http 
2023-12-12 00:43:54,047 [using logback-test.xml]  WARN emissary.command.BaseCommand -   - Not using /Users/connor/Projects/work/emissary/target/config/logback.xml, staying with test config file:/Users/connor/Projects/work/emissary/target/test-classes/logback-test.xml
2023-12-12 00:43:54,048 [using logback-test.xml]  INFO emissary.command.BaseCommand -   - Overriding current emissary.config.flavor null to CLUSTER 
2023-12-12 00:43:54,048 [using logback-test.xml]  INFO emissary.command.BaseCommand -   - PROJECT_BASE is set to /Users/connor/Projects/work/emissary/target 
2023-12-12 00:43:54,048 [using logback-test.xml]  INFO emissary.command.BaseCommand -   - Setting emissary.config.dir to /Users/connor/Projects/work/emissary/target/config 
2023-12-12 00:43:54,048 [using logback-test.xml]  INFO emissary.command.BaseCommand -   - Setting emissary.bin.dir to /Users/connor/Projects/work/emissary/target/bin 
2023-12-12 00:43:54,048 [using logback-test.xml]  INFO emissary.command.BaseCommand -   - Setting emissary.output.root to /Users/connor/Projects/work/emissary/target/localoutput 
2023-12-12 00:43:54,048 [using logback-test.xml]  INFO emissary.command.BaseCommand -   - Emissary error dir set to /Users/connor/Projects/work/emissary/target/localerror 
2023-12-12 00:43:54,048 [using logback-test.xml]  INFO emissary.command.BaseCommand -   - Setting emissary.config.flavor to CLUSTER 
2023-12-12 00:43:54,048 [using logback-test.xml]  INFO emissary.command.BaseCommand -   - Setting emissary.node.name to localhost 
2023-12-12 00:43:54,048 [using logback-test.xml]  INFO emissary.command.BaseCommand -   - Setting emissary.node.port to 8001 
2023-12-12 00:43:54,048 [using logback-test.xml]  INFO emissary.command.BaseCommand -   - Setting emissary.node.scheme to http 
2023-12-12 00:43:54,048 [using logback-test.xml]  WARN emissary.command.BaseCommand -   - Not using /Users/connor/Projects/work/emissary/target/config/logback.xml, staying with test config file:/Users/connor/Projects/work/emissary/target/test-classes/logback-test.xml
2023-12-12 00:43:54,048 [using logback-test.xml]  INFO emissary.command.BaseCommand -   - Overriding current emissary.config.flavor CLUSTER to CLUSTER 
2023-12-12 00:43:54,049 [using logback-test.xml] DEBUG emissary.config.ConfigUtil -   - Loading config for (string) emissary.directory.MyDirectoryPlace.cfg
2023-12-12 00:43:54,049 [using logback-test.xml] DEBUG emissary.config.ConfigUtil -   - No file config found using new style emissary.directory.MyDirectoryPlace.cfg
2023-12-12 00:43:54,049 [using logback-test.xml] DEBUG emissary.config.ConfigUtil -   - No config data as resource for emissary/util/emissary/directory/MyDirectoryPlace.cfg
2023-12-12 00:43:54,049 [using logback-test.xml] DEBUG emissary.config.ConfigUtil -   - Found config data as resource file:/Users/connor/Projects/work/emissary/target/test-classes/emissary/directory/MyDirectoryPlace.cfg
2023-12-12 00:43:54,049 [using logback-test.xml] DEBUG emissary.config.ConfigUtil -   - Attempting flavor merge on emissary.directory.MyDirectoryPlace-CLUSTER.cfg
2023-12-12 00:43:54,049 [using logback-test.xml] DEBUG emissary.config.ConfigUtil -   - Loading config for (string) emissary.directory.MyDirectoryPlace-CLUSTER.cfg
2023-12-12 00:43:54,049 [using logback-test.xml] DEBUG emissary.config.ConfigUtil -   - No file config found using new style emissary.directory.MyDirectoryPlace-CLUSTER.cfg
2023-12-12 00:43:54,049 [using logback-test.xml] DEBUG emissary.config.ConfigUtil -   - No config data as resource for emissary/util/emissary/directory/MyDirectoryPlace-CLUSTER.cfg
2023-12-12 00:43:54,049 [using logback-test.xml] DEBUG emissary.config.ConfigUtil -   - No config data as resource for emissary/directory/MyDirectoryPlace-CLUSTER.cfg
2023-12-12 00:43:54,049 [using logback-test.xml] DEBUG emissary.config.ConfigUtil -   - No file config found using old style MyDirectoryPlace-CLUSTER.cfg
2023-12-12 00:43:54,049 [using logback-test.xml] DEBUG emissary.config.ConfigUtil -   - Unable to opt import flavor config emissary.directory.MyDirectoryPlace-CLUSTER.cfg
2023-12-12 00:43:54,050 [using logback-test.xml] DEBUG emissary.config.ConfigUtil -   - Configured configDirProperty /Users/connor/Projects/work/emissary/target/config
2023-12-12 00:43:54,051 [using logback-test.xml]  INFO emissary.directory.RoutingAlgorithmTest$MyDirectoryPlace -   - Done shutting down DirectoryPlace
]]></system-out>
  </testcase>
  <testcase name="testCannotProceedPastMaxItineraryStepsWithSetValue" classname="emissary.directory.RoutingAlgorithmTest" time="0.002">
    <system-out><![CDATA[2023-12-12 00:43:54,052 [using logback-test.xml]  INFO emissary.command.BaseCommand -   - PROJECT_BASE is set to /Users/connor/Projects/work/emissary/target 
2023-12-12 00:43:54,052 [using logback-test.xml]  INFO emissary.command.BaseCommand -   - Setting emissary.config.dir to /Users/connor/Projects/work/emissary/target/config 
2023-12-12 00:43:54,052 [using logback-test.xml]  INFO emissary.command.BaseCommand -   - Setting emissary.bin.dir to /Users/connor/Projects/work/emissary/target/bin 
2023-12-12 00:43:54,052 [using logback-test.xml]  INFO emissary.command.BaseCommand -   - Setting emissary.output.root to /Users/connor/Projects/work/emissary/target/localoutput 
2023-12-12 00:43:54,052 [using logback-test.xml]  INFO emissary.command.BaseCommand -   - Emissary error dir set to /Users/connor/Projects/work/emissary/target/localerror 
2023-12-12 00:43:54,052 [using logback-test.xml]  INFO emissary.command.BaseCommand -   - Setting emissary.node.name to localhost 
2023-12-12 00:43:54,052 [using logback-test.xml]  INFO emissary.command.BaseCommand -   - Setting emissary.node.port to 8001 
2023-12-12 00:43:54,052 [using logback-test.xml]  INFO emissary.command.BaseCommand -   - Setting emissary.node.scheme to http 
2023-12-12 00:43:54,052 [using logback-test.xml]  WARN emissary.command.BaseCommand -   - Not using /Users/connor/Projects/work/emissary/target/config/logback.xml, staying with test config file:/Users/connor/Projects/work/emissary/target/test-classes/logback-test.xml
2023-12-12 00:43:54,054 [using logback-test.xml]  INFO emissary.command.BaseCommand -   - Overriding current emissary.config.flavor null to CLUSTER 
2023-12-12 00:43:54,054 [using logback-test.xml]  INFO emissary.command.BaseCommand -   - PROJECT_BASE is set to /Users/connor/Projects/work/emissary/target 
2023-12-12 00:43:54,054 [using logback-test.xml]  INFO emissary.command.BaseCommand -   - Setting emissary.config.dir to /Users/connor/Projects/work/emissary/target/config 
2023-12-12 00:43:54,054 [using logback-test.xml]  INFO emissary.command.BaseCommand -   - Setting emissary.bin.dir to /Users/connor/Projects/work/emissary/target/bin 
2023-12-12 00:43:54,054 [using logback-test.xml]  INFO emissary.command.BaseCommand -   - Setting emissary.output.root to /Users/connor/Projects/work/emissary/target/localoutput 
2023-12-12 00:43:54,054 [using logback-test.xml]  INFO emissary.command.BaseCommand -   - Emissary error dir set to /Users/connor/Projects/work/emissary/target/localerror 
2023-12-12 00:43:54,054 [using logback-test.xml]  INFO emissary.command.BaseCommand -   - Setting emissary.config.flavor to CLUSTER 
2023-12-12 00:43:54,054 [using logback-test.xml]  INFO emissary.command.BaseCommand -   - Setting emissary.node.name to localhost 
2023-12-12 00:43:54,054 [using logback-test.xml]  INFO emissary.command.BaseCommand -   - Setting emissary.node.port to 8001 
2023-12-12 00:43:54,054 [using logback-test.xml]  INFO emissary.command.BaseCommand -   - Setting emissary.node.scheme to http 
2023-12-12 00:43:54,054 [using logback-test.xml]  WARN emissary.command.BaseCommand -   - Not using /Users/connor/Projects/work/emissary/target/config/logback.xml, staying with test config file:/Users/connor/Projects/work/emissary/target/test-classes/logback-test.xml
2023-12-12 00:43:54,054 [using logback-test.xml]  INFO emissary.command.BaseCommand -   - Overriding current emissary.config.flavor CLUSTER to CLUSTER 
2023-12-12 00:43:54,055 [using logback-test.xml] DEBUG emissary.config.ConfigUtil -   - Loading config for (string) emissary.directory.MyDirectoryPlace.cfg
2023-12-12 00:43:54,055 [using logback-test.xml] DEBUG emissary.config.ConfigUtil -   - No file config found using new style emissary.directory.MyDirectoryPlace.cfg
2023-12-12 00:43:54,055 [using logback-test.xml] DEBUG emissary.config.ConfigUtil -   - No config data as resource for emissary/util/emissary/directory/MyDirectoryPlace.cfg
2023-12-12 00:43:54,055 [using logback-test.xml] DEBUG emissary.config.ConfigUtil -   - Found config data as resource file:/Users/connor/Projects/work/emissary/target/test-classes/emissary/directory/MyDirectoryPlace.cfg
2023-12-12 00:43:54,055 [using logback-test.xml] DEBUG emissary.config.ConfigUtil -   - Attempting flavor merge on emissary.directory.MyDirectoryPlace-CLUSTER.cfg
2023-12-12 00:43:54,055 [using logback-test.xml] DEBUG emissary.config.ConfigUtil -   - Loading config for (string) emissary.directory.MyDirectoryPlace-CLUSTER.cfg
2023-12-12 00:43:54,055 [using logback-test.xml] DEBUG emissary.config.ConfigUtil -   - No file config found using new style emissary.directory.MyDirectoryPlace-CLUSTER.cfg
2023-12-12 00:43:54,055 [using logback-test.xml] DEBUG emissary.config.ConfigUtil -   - No config data as resource for emissary/util/emissary/directory/MyDirectoryPlace-CLUSTER.cfg
2023-12-12 00:43:54,055 [using logback-test.xml] DEBUG emissary.config.ConfigUtil -   - No config data as resource for emissary/directory/MyDirectoryPlace-CLUSTER.cfg
2023-12-12 00:43:54,055 [using logback-test.xml] DEBUG emissary.config.ConfigUtil -   - No file config found using old style MyDirectoryPlace-CLUSTER.cfg
2023-12-12 00:43:54,055 [using logback-test.xml] DEBUG emissary.config.ConfigUtil -   - Unable to opt import flavor config emissary.directory.MyDirectoryPlace-CLUSTER.cfg
2023-12-12 00:43:54,056 [using logback-test.xml] DEBUG emissary.config.ConfigUtil -   - Configured configDirProperty /Users/connor/Projects/work/emissary/target/config
2023-12-12 00:43:54,057 [using logback-test.xml]  INFO emissary.directory.RoutingAlgorithmTest$MyDirectoryPlace -   - Done shutting down DirectoryPlace
]]></system-out>
  </testcase>
  <testcase name="testHighestIdWithAllEntriesLoaded" classname="emissary.directory.RoutingAlgorithmTest" time="0.005">
    <system-out><![CDATA[2023-12-12 00:43:54,059 [using logback-test.xml]  INFO emissary.command.BaseCommand -   - PROJECT_BASE is set to /Users/connor/Projects/work/emissary/target 
2023-12-12 00:43:54,059 [using logback-test.xml]  INFO emissary.command.BaseCommand -   - Setting emissary.config.dir to /Users/connor/Projects/work/emissary/target/config 
2023-12-12 00:43:54,059 [using logback-test.xml]  INFO emissary.command.BaseCommand -   - Setting emissary.bin.dir to /Users/connor/Projects/work/emissary/target/bin 
2023-12-12 00:43:54,059 [using logback-test.xml]  INFO emissary.command.BaseCommand -   - Setting emissary.output.root to /Users/connor/Projects/work/emissary/target/localoutput 
2023-12-12 00:43:54,059 [using logback-test.xml]  INFO emissary.command.BaseCommand -   - Emissary error dir set to /Users/connor/Projects/work/emissary/target/localerror 
2023-12-12 00:43:54,059 [using logback-test.xml]  INFO emissary.command.BaseCommand -   - Setting emissary.node.name to localhost 
2023-12-12 00:43:54,059 [using logback-test.xml]  INFO emissary.command.BaseCommand -   - Setting emissary.node.port to 8001 
2023-12-12 00:43:54,059 [using logback-test.xml]  INFO emissary.command.BaseCommand -   - Setting emissary.node.scheme to http 
2023-12-12 00:43:54,059 [using logback-test.xml]  WARN emissary.command.BaseCommand -   - Not using /Users/connor/Projects/work/emissary/target/config/logback.xml, staying with test config file:/Users/connor/Projects/work/emissary/target/test-classes/logback-test.xml
2023-12-12 00:43:54,060 [using logback-test.xml]  INFO emissary.command.BaseCommand -   - Overriding current emissary.config.flavor null to CLUSTER 
2023-12-12 00:43:54,060 [using logback-test.xml]  INFO emissary.command.BaseCommand -   - PROJECT_BASE is set to /Users/connor/Projects/work/emissary/target 
2023-12-12 00:43:54,060 [using logback-test.xml]  INFO emissary.command.BaseCommand -   - Setting emissary.config.dir to /Users/connor/Projects/work/emissary/target/config 
2023-12-12 00:43:54,060 [using logback-test.xml]  INFO emissary.command.BaseCommand -   - Setting emissary.bin.dir to /Users/connor/Projects/work/emissary/target/bin 
2023-12-12 00:43:54,060 [using logback-test.xml]  INFO emissary.command.BaseCommand -   - Setting emissary.output.root to /Users/connor/Projects/work/emissary/target/localoutput 
2023-12-12 00:43:54,060 [using logback-test.xml]  INFO emissary.command.BaseCommand -   - Emissary error dir set to /Users/connor/Projects/work/emissary/target/localerror 
2023-12-12 00:43:54,060 [using logback-test.xml]  INFO emissary.command.BaseCommand -   - Setting emissary.config.flavor to CLUSTER 
2023-12-12 00:43:54,060 [using logback-test.xml]  INFO emissary.command.BaseCommand -   - Setting emissary.node.name to localhost 
2023-12-12 00:43:54,060 [using logback-test.xml]  INFO emissary.command.BaseCommand -   - Setting emissary.node.port to 8001 
2023-12-12 00:43:54,060 [using logback-test.xml]  INFO emissary.command.BaseCommand -   - Setting emissary.node.scheme to http 
2023-12-12 00:43:54,060 [using logback-test.xml]  WARN emissary.command.BaseCommand -   - Not using /Users/connor/Projects/work/emissary/target/config/logback.xml, staying with test config file:/Users/connor/Projects/work/emissary/target/test-classes/logback-test.xml
2023-12-12 00:43:54,061 [using logback-test.xml]  INFO emissary.command.BaseCommand -   - Overriding current emissary.config.flavor CLUSTER to CLUSTER 
2023-12-12 00:43:54,062 [using logback-test.xml] DEBUG emissary.config.ConfigUtil -   - Loading config for (string) emissary.directory.MyDirectoryPlace.cfg
2023-12-12 00:43:54,062 [using logback-test.xml] DEBUG emissary.config.ConfigUtil -   - No file config found using new style emissary.directory.MyDirectoryPlace.cfg
2023-12-12 00:43:54,062 [using logback-test.xml] DEBUG emissary.config.ConfigUtil -   - No config data as resource for emissary/util/emissary/directory/MyDirectoryPlace.cfg
2023-12-12 00:43:54,062 [using logback-test.xml] DEBUG emissary.config.ConfigUtil -   - Found config data as resource file:/Users/connor/Projects/work/emissary/target/test-classes/emissary/directory/MyDirectoryPlace.cfg
2023-12-12 00:43:54,062 [using logback-test.xml] DEBUG emissary.config.ConfigUtil -   - Attempting flavor merge on emissary.directory.MyDirectoryPlace-CLUSTER.cfg
2023-12-12 00:43:54,062 [using logback-test.xml] DEBUG emissary.config.ConfigUtil -   - Loading config for (string) emissary.directory.MyDirectoryPlace-CLUSTER.cfg
2023-12-12 00:43:54,062 [using logback-test.xml] DEBUG emissary.config.ConfigUtil -   - No file config found using new style emissary.directory.MyDirectoryPlace-CLUSTER.cfg
2023-12-12 00:43:54,062 [using logback-test.xml] DEBUG emissary.config.ConfigUtil -   - No config data as resource for emissary/util/emissary/directory/MyDirectoryPlace-CLUSTER.cfg
2023-12-12 00:43:54,062 [using logback-test.xml] DEBUG emissary.config.ConfigUtil -   - No config data as resource for emissary/directory/MyDirectoryPlace-CLUSTER.cfg
2023-12-12 00:43:54,062 [using logback-test.xml] DEBUG emissary.config.ConfigUtil -   - No file config found using old style MyDirectoryPlace-CLUSTER.cfg
2023-12-12 00:43:54,062 [using logback-test.xml] DEBUG emissary.config.ConfigUtil -   - Unable to opt import flavor config emissary.directory.MyDirectoryPlace-CLUSTER.cfg
2023-12-12 00:43:54,064 [using logback-test.xml] DEBUG emissary.config.ConfigUtil -   - Configured configDirProperty /Users/connor/Projects/work/emissary/target/config
2023-12-12 00:43:54,066 [using logback-test.xml]  INFO emissary.directory.RoutingAlgorithmTest$MyDirectoryPlace -   - Done shutting down DirectoryPlace
]]></system-out>
  </testcase>
  <testcase name="testCheckTransformProxyWithTwoFormsDoesNotRepeat" classname="emissary.directory.RoutingAlgorithmTest" time="0.005">
    <system-out><![CDATA[2023-12-12 00:43:54,067 [using logback-test.xml]  INFO emissary.command.BaseCommand -   - PROJECT_BASE is set to /Users/connor/Projects/work/emissary/target 
2023-12-12 00:43:54,067 [using logback-test.xml]  INFO emissary.command.BaseCommand -   - Setting emissary.config.dir to /Users/connor/Projects/work/emissary/target/config 
2023-12-12 00:43:54,067 [using logback-test.xml]  INFO emissary.command.BaseCommand -   - Setting emissary.bin.dir to /Users/connor/Projects/work/emissary/target/bin 
2023-12-12 00:43:54,067 [using logback-test.xml]  INFO emissary.command.BaseCommand -   - Setting emissary.output.root to /Users/connor/Projects/work/emissary/target/localoutput 
2023-12-12 00:43:54,067 [using logback-test.xml]  INFO emissary.command.BaseCommand -   - Emissary error dir set to /Users/connor/Projects/work/emissary/target/localerror 
2023-12-12 00:43:54,067 [using logback-test.xml]  INFO emissary.command.BaseCommand -   - Setting emissary.node.name to localhost 
2023-12-12 00:43:54,067 [using logback-test.xml]  INFO emissary.command.BaseCommand -   - Setting emissary.node.port to 8001 
2023-12-12 00:43:54,067 [using logback-test.xml]  INFO emissary.command.BaseCommand -   - Setting emissary.node.scheme to http 
2023-12-12 00:43:54,067 [using logback-test.xml]  WARN emissary.command.BaseCommand -   - Not using /Users/connor/Projects/work/emissary/target/config/logback.xml, staying with test config file:/Users/connor/Projects/work/emissary/target/test-classes/logback-test.xml
2023-12-12 00:43:54,068 [using logback-test.xml]  INFO emissary.command.BaseCommand -   - Overriding current emissary.config.flavor null to CLUSTER 
2023-12-12 00:43:54,068 [using logback-test.xml]  INFO emissary.command.BaseCommand -   - PROJECT_BASE is set to /Users/connor/Projects/work/emissary/target 
2023-12-12 00:43:54,068 [using logback-test.xml]  INFO emissary.command.BaseCommand -   - Setting emissary.config.dir to /Users/connor/Projects/work/emissary/target/config 
2023-12-12 00:43:54,068 [using logback-test.xml]  INFO emissary.command.BaseCommand -   - Setting emissary.bin.dir to /Users/connor/Projects/work/emissary/target/bin 
2023-12-12 00:43:54,068 [using logback-test.xml]  INFO emissary.command.BaseCommand -   - Setting emissary.output.root to /Users/connor/Projects/work/emissary/target/localoutput 
2023-12-12 00:43:54,068 [using logback-test.xml]  INFO emissary.command.BaseCommand -   - Emissary error dir set to /Users/connor/Projects/work/emissary/target/localerror 
2023-12-12 00:43:54,068 [using logback-test.xml]  INFO emissary.command.BaseCommand -   - Setting emissary.config.flavor to CLUSTER 
2023-12-12 00:43:54,068 [using logback-test.xml]  INFO emissary.command.BaseCommand -   - Setting emissary.node.name to localhost 
2023-12-12 00:43:54,068 [using logback-test.xml]  INFO emissary.command.BaseCommand -   - Setting emissary.node.port to 8001 
2023-12-12 00:43:54,068 [using logback-test.xml]  INFO emissary.command.BaseCommand -   - Setting emissary.node.scheme to http 
2023-12-12 00:43:54,069 [using logback-test.xml]  WARN emissary.command.BaseCommand -   - Not using /Users/connor/Projects/work/emissary/target/config/logback.xml, staying with test config file:/Users/connor/Projects/work/emissary/target/test-classes/logback-test.xml
2023-12-12 00:43:54,069 [using logback-test.xml]  INFO emissary.command.BaseCommand -   - Overriding current emissary.config.flavor CLUSTER to CLUSTER 
2023-12-12 00:43:54,070 [using logback-test.xml] DEBUG emissary.config.ConfigUtil -   - Loading config for (string) emissary.directory.MyDirectoryPlace.cfg
2023-12-12 00:43:54,070 [using logback-test.xml] DEBUG emissary.config.ConfigUtil -   - No file config found using new style emissary.directory.MyDirectoryPlace.cfg
2023-12-12 00:43:54,070 [using logback-test.xml] DEBUG emissary.config.ConfigUtil -   - No config data as resource for emissary/util/emissary/directory/MyDirectoryPlace.cfg
2023-12-12 00:43:54,070 [using logback-test.xml] DEBUG emissary.config.ConfigUtil -   - Found config data as resource file:/Users/connor/Projects/work/emissary/target/test-classes/emissary/directory/MyDirectoryPlace.cfg
2023-12-12 00:43:54,070 [using logback-test.xml] DEBUG emissary.config.ConfigUtil -   - Attempting flavor merge on emissary.directory.MyDirectoryPlace-CLUSTER.cfg
2023-12-12 00:43:54,070 [using logback-test.xml] DEBUG emissary.config.ConfigUtil -   - Loading config for (string) emissary.directory.MyDirectoryPlace-CLUSTER.cfg
2023-12-12 00:43:54,070 [using logback-test.xml] DEBUG emissary.config.ConfigUtil -   - No file config found using new style emissary.directory.MyDirectoryPlace-CLUSTER.cfg
2023-12-12 00:43:54,070 [using logback-test.xml] DEBUG emissary.config.ConfigUtil -   - No config data as resource for emissary/util/emissary/directory/MyDirectoryPlace-CLUSTER.cfg
2023-12-12 00:43:54,070 [using logback-test.xml] DEBUG emissary.config.ConfigUtil -   - No config data as resource for emissary/directory/MyDirectoryPlace-CLUSTER.cfg
2023-12-12 00:43:54,070 [using logback-test.xml] DEBUG emissary.config.ConfigUtil -   - No file config found using old style MyDirectoryPlace-CLUSTER.cfg
2023-12-12 00:43:54,070 [using logback-test.xml] DEBUG emissary.config.ConfigUtil -   - Unable to opt import flavor config emissary.directory.MyDirectoryPlace-CLUSTER.cfg
2023-12-12 00:43:54,072 [using logback-test.xml] DEBUG emissary.config.ConfigUtil -   - Configured configDirProperty /Users/connor/Projects/work/emissary/target/config
2023-12-12 00:43:54,075 [using logback-test.xml]  INFO emissary.directory.RoutingAlgorithmTest$MyDirectoryPlace -   - Done shutting down DirectoryPlace
]]></system-out>
  </testcase>
  <testcase name="testBackToIdPhaseAfterCoordinate" classname="emissary.directory.RoutingAlgorithmTest" time="0.005">
    <system-out><![CDATA[2023-12-12 00:43:54,076 [using logback-test.xml]  INFO emissary.command.BaseCommand -   - PROJECT_BASE is set to /Users/connor/Projects/work/emissary/target 
2023-12-12 00:43:54,076 [using logback-test.xml]  INFO emissary.command.BaseCommand -   - Setting emissary.config.dir to /Users/connor/Projects/work/emissary/target/config 
2023-12-12 00:43:54,076 [using logback-test.xml]  INFO emissary.command.BaseCommand -   - Setting emissary.bin.dir to /Users/connor/Projects/work/emissary/target/bin 
2023-12-12 00:43:54,076 [using logback-test.xml]  INFO emissary.command.BaseCommand -   - Setting emissary.output.root to /Users/connor/Projects/work/emissary/target/localoutput 
2023-12-12 00:43:54,076 [using logback-test.xml]  INFO emissary.command.BaseCommand -   - Emissary error dir set to /Users/connor/Projects/work/emissary/target/localerror 
2023-12-12 00:43:54,076 [using logback-test.xml]  INFO emissary.command.BaseCommand -   - Setting emissary.node.name to localhost 
2023-12-12 00:43:54,076 [using logback-test.xml]  INFO emissary.command.BaseCommand -   - Setting emissary.node.port to 8001 
2023-12-12 00:43:54,076 [using logback-test.xml]  INFO emissary.command.BaseCommand -   - Setting emissary.node.scheme to http 
2023-12-12 00:43:54,076 [using logback-test.xml]  WARN emissary.command.BaseCommand -   - Not using /Users/connor/Projects/work/emissary/target/config/logback.xml, staying with test config file:/Users/connor/Projects/work/emissary/target/test-classes/logback-test.xml
2023-12-12 00:43:54,077 [using logback-test.xml]  INFO emissary.command.BaseCommand -   - Overriding current emissary.config.flavor null to CLUSTER 
2023-12-12 00:43:54,077 [using logback-test.xml]  INFO emissary.command.BaseCommand -   - PROJECT_BASE is set to /Users/connor/Projects/work/emissary/target 
2023-12-12 00:43:54,077 [using logback-test.xml]  INFO emissary.command.BaseCommand -   - Setting emissary.config.dir to /Users/connor/Projects/work/emissary/target/config 
2023-12-12 00:43:54,077 [using logback-test.xml]  INFO emissary.command.BaseCommand -   - Setting emissary.bin.dir to /Users/connor/Projects/work/emissary/target/bin 
2023-12-12 00:43:54,077 [using logback-test.xml]  INFO emissary.command.BaseCommand -   - Setting emissary.output.root to /Users/connor/Projects/work/emissary/target/localoutput 
2023-12-12 00:43:54,077 [using logback-test.xml]  INFO emissary.command.BaseCommand -   - Emissary error dir set to /Users/connor/Projects/work/emissary/target/localerror 
2023-12-12 00:43:54,077 [using logback-test.xml]  INFO emissary.command.BaseCommand -   - Setting emissary.config.flavor to CLUSTER 
2023-12-12 00:43:54,077 [using logback-test.xml]  INFO emissary.command.BaseCommand -   - Setting emissary.node.name to localhost 
2023-12-12 00:43:54,077 [using logback-test.xml]  INFO emissary.command.BaseCommand -   - Setting emissary.node.port to 8001 
2023-12-12 00:43:54,077 [using logback-test.xml]  INFO emissary.command.BaseCommand -   - Setting emissary.node.scheme to http 
2023-12-12 00:43:54,077 [using logback-test.xml]  WARN emissary.command.BaseCommand -   - Not using /Users/connor/Projects/work/emissary/target/config/logback.xml, staying with test config file:/Users/connor/Projects/work/emissary/target/test-classes/logback-test.xml
2023-12-12 00:43:54,086 [using logback-test.xml]  INFO emissary.command.BaseCommand -   - Overriding current emissary.config.flavor CLUSTER to CLUSTER 
2023-12-12 00:43:54,087 [using logback-test.xml] DEBUG emissary.config.ConfigUtil -   - Loading config for (string) emissary.directory.MyDirectoryPlace.cfg
2023-12-12 00:43:54,087 [using logback-test.xml] DEBUG emissary.config.ConfigUtil -   - No file config found using new style emissary.directory.MyDirectoryPlace.cfg
2023-12-12 00:43:54,087 [using logback-test.xml] DEBUG emissary.config.ConfigUtil -   - No config data as resource for emissary/util/emissary/directory/MyDirectoryPlace.cfg
2023-12-12 00:43:54,087 [using logback-test.xml] DEBUG emissary.config.ConfigUtil -   - Found config data as resource file:/Users/connor/Projects/work/emissary/target/test-classes/emissary/directory/MyDirectoryPlace.cfg
2023-12-12 00:43:54,087 [using logback-test.xml] DEBUG emissary.config.ConfigUtil -   - Attempting flavor merge on emissary.directory.MyDirectoryPlace-CLUSTER.cfg
2023-12-12 00:43:54,087 [using logback-test.xml] DEBUG emissary.config.ConfigUtil -   - Loading config for (string) emissary.directory.MyDirectoryPlace-CLUSTER.cfg
2023-12-12 00:43:54,087 [using logback-test.xml] DEBUG emissary.config.ConfigUtil -   - No file config found using new style emissary.directory.MyDirectoryPlace-CLUSTER.cfg
2023-12-12 00:43:54,087 [using logback-test.xml] DEBUG emissary.config.ConfigUtil -   - No config data as resource for emissary/util/emissary/directory/MyDirectoryPlace-CLUSTER.cfg
2023-12-12 00:43:54,087 [using logback-test.xml] DEBUG emissary.config.ConfigUtil -   - No config data as resource for emissary/directory/MyDirectoryPlace-CLUSTER.cfg
2023-12-12 00:43:54,087 [using logback-test.xml] DEBUG emissary.config.ConfigUtil -   - No file config found using old style MyDirectoryPlace-CLUSTER.cfg
2023-12-12 00:43:54,087 [using logback-test.xml] DEBUG emissary.config.ConfigUtil -   - Unable to opt import flavor config emissary.directory.MyDirectoryPlace-CLUSTER.cfg
2023-12-12 00:43:54,088 [using logback-test.xml] DEBUG emissary.config.ConfigUtil -   - Configured configDirProperty /Users/connor/Projects/work/emissary/target/config
2023-12-12 00:43:54,091 [using logback-test.xml]  INFO emissary.directory.RoutingAlgorithmTest$MyDirectoryPlace -   - Done shutting down DirectoryPlace
]]></system-out>
  </testcase>
  <testcase name="testIdsInOrderWithNullLastPlace" classname="emissary.directory.RoutingAlgorithmTest" time="0.003">
    <system-out><![CDATA[2023-12-12 00:43:54,092 [using logback-test.xml]  INFO emissary.command.BaseCommand -   - PROJECT_BASE is set to /Users/connor/Projects/work/emissary/target 
2023-12-12 00:43:54,092 [using logback-test.xml]  INFO emissary.command.BaseCommand -   - Setting emissary.config.dir to /Users/connor/Projects/work/emissary/target/config 
2023-12-12 00:43:54,092 [using logback-test.xml]  INFO emissary.command.BaseCommand -   - Setting emissary.bin.dir to /Users/connor/Projects/work/emissary/target/bin 
2023-12-12 00:43:54,092 [using logback-test.xml]  INFO emissary.command.BaseCommand -   - Setting emissary.output.root to /Users/connor/Projects/work/emissary/target/localoutput 
2023-12-12 00:43:54,092 [using logback-test.xml]  INFO emissary.command.BaseCommand -   - Emissary error dir set to /Users/connor/Projects/work/emissary/target/localerror 
2023-12-12 00:43:54,092 [using logback-test.xml]  INFO emissary.command.BaseCommand -   - Setting emissary.node.name to localhost 
2023-12-12 00:43:54,092 [using logback-test.xml]  INFO emissary.command.BaseCommand -   - Setting emissary.node.port to 8001 
2023-12-12 00:43:54,092 [using logback-test.xml]  INFO emissary.command.BaseCommand -   - Setting emissary.node.scheme to http 
2023-12-12 00:43:54,092 [using logback-test.xml]  WARN emissary.command.BaseCommand -   - Not using /Users/connor/Projects/work/emissary/target/config/logback.xml, staying with test config file:/Users/connor/Projects/work/emissary/target/test-classes/logback-test.xml
2023-12-12 00:43:54,093 [using logback-test.xml]  INFO emissary.command.BaseCommand -   - Overriding current emissary.config.flavor null to CLUSTER 
2023-12-12 00:43:54,093 [using logback-test.xml]  INFO emissary.command.BaseCommand -   - PROJECT_BASE is set to /Users/connor/Projects/work/emissary/target 
2023-12-12 00:43:54,093 [using logback-test.xml]  INFO emissary.command.BaseCommand -   - Setting emissary.config.dir to /Users/connor/Projects/work/emissary/target/config 
2023-12-12 00:43:54,093 [using logback-test.xml]  INFO emissary.command.BaseCommand -   - Setting emissary.bin.dir to /Users/connor/Projects/work/emissary/target/bin 
2023-12-12 00:43:54,093 [using logback-test.xml]  INFO emissary.command.BaseCommand -   - Setting emissary.output.root to /Users/connor/Projects/work/emissary/target/localoutput 
2023-12-12 00:43:54,093 [using logback-test.xml]  INFO emissary.command.BaseCommand -   - Emissary error dir set to /Users/connor/Projects/work/emissary/target/localerror 
2023-12-12 00:43:54,093 [using logback-test.xml]  INFO emissary.command.BaseCommand -   - Setting emissary.config.flavor to CLUSTER 
2023-12-12 00:43:54,093 [using logback-test.xml]  INFO emissary.command.BaseCommand -   - Setting emissary.node.name to localhost 
2023-12-12 00:43:54,093 [using logback-test.xml]  INFO emissary.command.BaseCommand -   - Setting emissary.node.port to 8001 
2023-12-12 00:43:54,093 [using logback-test.xml]  INFO emissary.command.BaseCommand -   - Setting emissary.node.scheme to http 
2023-12-12 00:43:54,093 [using logback-test.xml]  WARN emissary.command.BaseCommand -   - Not using /Users/connor/Projects/work/emissary/target/config/logback.xml, staying with test config file:/Users/connor/Projects/work/emissary/target/test-classes/logback-test.xml
2023-12-12 00:43:54,094 [using logback-test.xml]  INFO emissary.command.BaseCommand -   - Overriding current emissary.config.flavor CLUSTER to CLUSTER 
2023-12-12 00:43:54,094 [using logback-test.xml] DEBUG emissary.config.ConfigUtil -   - Loading config for (string) emissary.directory.MyDirectoryPlace.cfg
2023-12-12 00:43:54,094 [using logback-test.xml] DEBUG emissary.config.ConfigUtil -   - No file config found using new style emissary.directory.MyDirectoryPlace.cfg
2023-12-12 00:43:54,095 [using logback-test.xml] DEBUG emissary.config.ConfigUtil -   - No config data as resource for emissary/util/emissary/directory/MyDirectoryPlace.cfg
2023-12-12 00:43:54,095 [using logback-test.xml] DEBUG emissary.config.ConfigUtil -   - Found config data as resource file:/Users/connor/Projects/work/emissary/target/test-classes/emissary/directory/MyDirectoryPlace.cfg
2023-12-12 00:43:54,095 [using logback-test.xml] DEBUG emissary.config.ConfigUtil -   - Attempting flavor merge on emissary.directory.MyDirectoryPlace-CLUSTER.cfg
2023-12-12 00:43:54,095 [using logback-test.xml] DEBUG emissary.config.ConfigUtil -   - Loading config for (string) emissary.directory.MyDirectoryPlace-CLUSTER.cfg
2023-12-12 00:43:54,095 [using logback-test.xml] DEBUG emissary.config.ConfigUtil -   - No file config found using new style emissary.directory.MyDirectoryPlace-CLUSTER.cfg
2023-12-12 00:43:54,095 [using logback-test.xml] DEBUG emissary.config.ConfigUtil -   - No config data as resource for emissary/util/emissary/directory/MyDirectoryPlace-CLUSTER.cfg
2023-12-12 00:43:54,095 [using logback-test.xml] DEBUG emissary.config.ConfigUtil -   - No config data as resource for emissary/directory/MyDirectoryPlace-CLUSTER.cfg
2023-12-12 00:43:54,095 [using logback-test.xml] DEBUG emissary.config.ConfigUtil -   - No file config found using old style MyDirectoryPlace-CLUSTER.cfg
2023-12-12 00:43:54,095 [using logback-test.xml] DEBUG emissary.config.ConfigUtil -   - Unable to opt import flavor config emissary.directory.MyDirectoryPlace-CLUSTER.cfg
2023-12-12 00:43:54,095 [using logback-test.xml] DEBUG emissary.config.ConfigUtil -   - Configured configDirProperty /Users/connor/Projects/work/emissary/target/config
2023-12-12 00:43:54,097 [using logback-test.xml]  INFO emissary.directory.RoutingAlgorithmTest$MyDirectoryPlace -   - Done shutting down DirectoryPlace
]]></system-out>
  </testcase>
  <testcase name="testPayloadWithNoCurrentForm" classname="emissary.directory.RoutingAlgorithmTest" time="0.002">
    <system-out><![CDATA[2023-12-12 00:43:54,098 [using logback-test.xml]  INFO emissary.command.BaseCommand -   - PROJECT_BASE is set to /Users/connor/Projects/work/emissary/target 
2023-12-12 00:43:54,098 [using logback-test.xml]  INFO emissary.command.BaseCommand -   - Setting emissary.config.dir to /Users/connor/Projects/work/emissary/target/config 
2023-12-12 00:43:54,098 [using logback-test.xml]  INFO emissary.command.BaseCommand -   - Setting emissary.bin.dir to /Users/connor/Projects/work/emissary/target/bin 
2023-12-12 00:43:54,098 [using logback-test.xml]  INFO emissary.command.BaseCommand -   - Setting emissary.output.root to /Users/connor/Projects/work/emissary/target/localoutput 
2023-12-12 00:43:54,098 [using logback-test.xml]  INFO emissary.command.BaseCommand -   - Emissary error dir set to /Users/connor/Projects/work/emissary/target/localerror 
2023-12-12 00:43:54,098 [using logback-test.xml]  INFO emissary.command.BaseCommand -   - Setting emissary.node.name to localhost 
2023-12-12 00:43:54,098 [using logback-test.xml]  INFO emissary.command.BaseCommand -   - Setting emissary.node.port to 8001 
2023-12-12 00:43:54,098 [using logback-test.xml]  INFO emissary.command.BaseCommand -   - Setting emissary.node.scheme to http 
2023-12-12 00:43:54,098 [using logback-test.xml]  WARN emissary.command.BaseCommand -   - Not using /Users/connor/Projects/work/emissary/target/config/logback.xml, staying with test config file:/Users/connor/Projects/work/emissary/target/test-classes/logback-test.xml
2023-12-12 00:43:54,099 [using logback-test.xml]  INFO emissary.command.BaseCommand -   - Overriding current emissary.config.flavor null to CLUSTER 
2023-12-12 00:43:54,099 [using logback-test.xml]  INFO emissary.command.BaseCommand -   - PROJECT_BASE is set to /Users/connor/Projects/work/emissary/target 
2023-12-12 00:43:54,099 [using logback-test.xml]  INFO emissary.command.BaseCommand -   - Setting emissary.config.dir to /Users/connor/Projects/work/emissary/target/config 
2023-12-12 00:43:54,099 [using logback-test.xml]  INFO emissary.command.BaseCommand -   - Setting emissary.bin.dir to /Users/connor/Projects/work/emissary/target/bin 
2023-12-12 00:43:54,099 [using logback-test.xml]  INFO emissary.command.BaseCommand -   - Setting emissary.output.root to /Users/connor/Projects/work/emissary/target/localoutput 
2023-12-12 00:43:54,099 [using logback-test.xml]  INFO emissary.command.BaseCommand -   - Emissary error dir set to /Users/connor/Projects/work/emissary/target/localerror 
2023-12-12 00:43:54,099 [using logback-test.xml]  INFO emissary.command.BaseCommand -   - Setting emissary.config.flavor to CLUSTER 
2023-12-12 00:43:54,099 [using logback-test.xml]  INFO emissary.command.BaseCommand -   - Setting emissary.node.name to localhost 
2023-12-12 00:43:54,099 [using logback-test.xml]  INFO emissary.command.BaseCommand -   - Setting emissary.node.port to 8001 
2023-12-12 00:43:54,099 [using logback-test.xml]  INFO emissary.command.BaseCommand -   - Setting emissary.node.scheme to http 
2023-12-12 00:43:54,099 [using logback-test.xml]  WARN emissary.command.BaseCommand -   - Not using /Users/connor/Projects/work/emissary/target/config/logback.xml, staying with test config file:/Users/connor/Projects/work/emissary/target/test-classes/logback-test.xml
2023-12-12 00:43:54,100 [using logback-test.xml]  INFO emissary.command.BaseCommand -   - Overriding current emissary.config.flavor CLUSTER to CLUSTER 
2023-12-12 00:43:54,100 [using logback-test.xml] DEBUG emissary.config.ConfigUtil -   - Loading config for (string) emissary.directory.MyDirectoryPlace.cfg
2023-12-12 00:43:54,100 [using logback-test.xml] DEBUG emissary.config.ConfigUtil -   - No file config found using new style emissary.directory.MyDirectoryPlace.cfg
2023-12-12 00:43:54,100 [using logback-test.xml] DEBUG emissary.config.ConfigUtil -   - No config data as resource for emissary/util/emissary/directory/MyDirectoryPlace.cfg
2023-12-12 00:43:54,100 [using logback-test.xml] DEBUG emissary.config.ConfigUtil -   - Found config data as resource file:/Users/connor/Projects/work/emissary/target/test-classes/emissary/directory/MyDirectoryPlace.cfg
2023-12-12 00:43:54,100 [using logback-test.xml] DEBUG emissary.config.ConfigUtil -   - Attempting flavor merge on emissary.directory.MyDirectoryPlace-CLUSTER.cfg
2023-12-12 00:43:54,100 [using logback-test.xml] DEBUG emissary.config.ConfigUtil -   - Loading config for (string) emissary.directory.MyDirectoryPlace-CLUSTER.cfg
2023-12-12 00:43:54,100 [using logback-test.xml] DEBUG emissary.config.ConfigUtil -   - No file config found using new style emissary.directory.MyDirectoryPlace-CLUSTER.cfg
2023-12-12 00:43:54,100 [using logback-test.xml] DEBUG emissary.config.ConfigUtil -   - No config data as resource for emissary/util/emissary/directory/MyDirectoryPlace-CLUSTER.cfg
2023-12-12 00:43:54,100 [using logback-test.xml] DEBUG emissary.config.ConfigUtil -   - No config data as resource for emissary/directory/MyDirectoryPlace-CLUSTER.cfg
2023-12-12 00:43:54,100 [using logback-test.xml] DEBUG emissary.config.ConfigUtil -   - No file config found using old style MyDirectoryPlace-CLUSTER.cfg
2023-12-12 00:43:54,100 [using logback-test.xml] DEBUG emissary.config.ConfigUtil -   - Unable to opt import flavor config emissary.directory.MyDirectoryPlace-CLUSTER.cfg
2023-12-12 00:43:54,101 [using logback-test.xml] DEBUG emissary.config.ConfigUtil -   - Configured configDirProperty /Users/connor/Projects/work/emissary/target/config
2023-12-12 00:43:54,102 [using logback-test.xml]  INFO emissary.directory.RoutingAlgorithmTest$MyDirectoryPlace -   - Done shutting down DirectoryPlace
]]></system-out>
  </testcase>
  <testcase name="testFindsBuriedCurrentFormAndPullsToTop" classname="emissary.directory.RoutingAlgorithmTest" time="0.004">
    <system-out><![CDATA[2023-12-12 00:43:54,103 [using logback-test.xml]  INFO emissary.command.BaseCommand -   - PROJECT_BASE is set to /Users/connor/Projects/work/emissary/target 
2023-12-12 00:43:54,103 [using logback-test.xml]  INFO emissary.command.BaseCommand -   - Setting emissary.config.dir to /Users/connor/Projects/work/emissary/target/config 
2023-12-12 00:43:54,103 [using logback-test.xml]  INFO emissary.command.BaseCommand -   - Setting emissary.bin.dir to /Users/connor/Projects/work/emissary/target/bin 
2023-12-12 00:43:54,103 [using logback-test.xml]  INFO emissary.command.BaseCommand -   - Setting emissary.output.root to /Users/connor/Projects/work/emissary/target/localoutput 
2023-12-12 00:43:54,103 [using logback-test.xml]  INFO emissary.command.BaseCommand -   - Emissary error dir set to /Users/connor/Projects/work/emissary/target/localerror 
2023-12-12 00:43:54,103 [using logback-test.xml]  INFO emissary.command.BaseCommand -   - Setting emissary.node.name to localhost 
2023-12-12 00:43:54,103 [using logback-test.xml]  INFO emissary.command.BaseCommand -   - Setting emissary.node.port to 8001 
2023-12-12 00:43:54,103 [using logback-test.xml]  INFO emissary.command.BaseCommand -   - Setting emissary.node.scheme to http 
2023-12-12 00:43:54,103 [using logback-test.xml]  WARN emissary.command.BaseCommand -   - Not using /Users/connor/Projects/work/emissary/target/config/logback.xml, staying with test config file:/Users/connor/Projects/work/emissary/target/test-classes/logback-test.xml
2023-12-12 00:43:54,104 [using logback-test.xml]  INFO emissary.command.BaseCommand -   - Overriding current emissary.config.flavor null to CLUSTER 
2023-12-12 00:43:54,104 [using logback-test.xml]  INFO emissary.command.BaseCommand -   - PROJECT_BASE is set to /Users/connor/Projects/work/emissary/target 
2023-12-12 00:43:54,104 [using logback-test.xml]  INFO emissary.command.BaseCommand -   - Setting emissary.config.dir to /Users/connor/Projects/work/emissary/target/config 
2023-12-12 00:43:54,104 [using logback-test.xml]  INFO emissary.command.BaseCommand -   - Setting emissary.bin.dir to /Users/connor/Projects/work/emissary/target/bin 
2023-12-12 00:43:54,104 [using logback-test.xml]  INFO emissary.command.BaseCommand -   - Setting emissary.output.root to /Users/connor/Projects/work/emissary/target/localoutput 
2023-12-12 00:43:54,104 [using logback-test.xml]  INFO emissary.command.BaseCommand -   - Emissary error dir set to /Users/connor/Projects/work/emissary/target/localerror 
2023-12-12 00:43:54,104 [using logback-test.xml]  INFO emissary.command.BaseCommand -   - Setting emissary.config.flavor to CLUSTER 
2023-12-12 00:43:54,104 [using logback-test.xml]  INFO emissary.command.BaseCommand -   - Setting emissary.node.name to localhost 
2023-12-12 00:43:54,104 [using logback-test.xml]  INFO emissary.command.BaseCommand -   - Setting emissary.node.port to 8001 
2023-12-12 00:43:54,104 [using logback-test.xml]  INFO emissary.command.BaseCommand -   - Setting emissary.node.scheme to http 
2023-12-12 00:43:54,104 [using logback-test.xml]  WARN emissary.command.BaseCommand -   - Not using /Users/connor/Projects/work/emissary/target/config/logback.xml, staying with test config file:/Users/connor/Projects/work/emissary/target/test-classes/logback-test.xml
2023-12-12 00:43:54,105 [using logback-test.xml]  INFO emissary.command.BaseCommand -   - Overriding current emissary.config.flavor CLUSTER to CLUSTER 
2023-12-12 00:43:54,106 [using logback-test.xml] DEBUG emissary.config.ConfigUtil -   - Loading config for (string) emissary.directory.MyDirectoryPlace.cfg
2023-12-12 00:43:54,106 [using logback-test.xml] DEBUG emissary.config.ConfigUtil -   - No file config found using new style emissary.directory.MyDirectoryPlace.cfg
2023-12-12 00:43:54,106 [using logback-test.xml] DEBUG emissary.config.ConfigUtil -   - No config data as resource for emissary/util/emissary/directory/MyDirectoryPlace.cfg
2023-12-12 00:43:54,106 [using logback-test.xml] DEBUG emissary.config.ConfigUtil -   - Found config data as resource file:/Users/connor/Projects/work/emissary/target/test-classes/emissary/directory/MyDirectoryPlace.cfg
2023-12-12 00:43:54,106 [using logback-test.xml] DEBUG emissary.config.ConfigUtil -   - Attempting flavor merge on emissary.directory.MyDirectoryPlace-CLUSTER.cfg
2023-12-12 00:43:54,106 [using logback-test.xml] DEBUG emissary.config.ConfigUtil -   - Loading config for (string) emissary.directory.MyDirectoryPlace-CLUSTER.cfg
2023-12-12 00:43:54,106 [using logback-test.xml] DEBUG emissary.config.ConfigUtil -   - No file config found using new style emissary.directory.MyDirectoryPlace-CLUSTER.cfg
2023-12-12 00:43:54,106 [using logback-test.xml] DEBUG emissary.config.ConfigUtil -   - No config data as resource for emissary/util/emissary/directory/MyDirectoryPlace-CLUSTER.cfg
2023-12-12 00:43:54,106 [using logback-test.xml] DEBUG emissary.config.ConfigUtil -   - No config data as resource for emissary/directory/MyDirectoryPlace-CLUSTER.cfg
2023-12-12 00:43:54,106 [using logback-test.xml] DEBUG emissary.config.ConfigUtil -   - No file config found using old style MyDirectoryPlace-CLUSTER.cfg
2023-12-12 00:43:54,106 [using logback-test.xml] DEBUG emissary.config.ConfigUtil -   - Unable to opt import flavor config emissary.directory.MyDirectoryPlace-CLUSTER.cfg
2023-12-12 00:43:54,107 [using logback-test.xml] DEBUG emissary.config.ConfigUtil -   - Configured configDirProperty /Users/connor/Projects/work/emissary/target/config
2023-12-12 00:43:54,109 [using logback-test.xml]  INFO emissary.directory.RoutingAlgorithmTest$MyDirectoryPlace -   - Done shutting down DirectoryPlace
]]></system-out>
  </testcase>
  <testcase name="testErrorHandlingErrorPopsAllCurrentForms" classname="emissary.directory.RoutingAlgorithmTest" time="0.004">
    <system-out><![CDATA[2023-12-12 00:43:54,110 [using logback-test.xml]  INFO emissary.command.BaseCommand -   - PROJECT_BASE is set to /Users/connor/Projects/work/emissary/target 
2023-12-12 00:43:54,110 [using logback-test.xml]  INFO emissary.command.BaseCommand -   - Setting emissary.config.dir to /Users/connor/Projects/work/emissary/target/config 
2023-12-12 00:43:54,110 [using logback-test.xml]  INFO emissary.command.BaseCommand -   - Setting emissary.bin.dir to /Users/connor/Projects/work/emissary/target/bin 
2023-12-12 00:43:54,110 [using logback-test.xml]  INFO emissary.command.BaseCommand -   - Setting emissary.output.root to /Users/connor/Projects/work/emissary/target/localoutput 
2023-12-12 00:43:54,110 [using logback-test.xml]  INFO emissary.command.BaseCommand -   - Emissary error dir set to /Users/connor/Projects/work/emissary/target/localerror 
2023-12-12 00:43:54,110 [using logback-test.xml]  INFO emissary.command.BaseCommand -   - Setting emissary.node.name to localhost 
2023-12-12 00:43:54,110 [using logback-test.xml]  INFO emissary.command.BaseCommand -   - Setting emissary.node.port to 8001 
2023-12-12 00:43:54,110 [using logback-test.xml]  INFO emissary.command.BaseCommand -   - Setting emissary.node.scheme to http 
2023-12-12 00:43:54,110 [using logback-test.xml]  WARN emissary.command.BaseCommand -   - Not using /Users/connor/Projects/work/emissary/target/config/logback.xml, staying with test config file:/Users/connor/Projects/work/emissary/target/test-classes/logback-test.xml
2023-12-12 00:43:54,111 [using logback-test.xml]  INFO emissary.command.BaseCommand -   - Overriding current emissary.config.flavor null to CLUSTER 
2023-12-12 00:43:54,111 [using logback-test.xml]  INFO emissary.command.BaseCommand -   - PROJECT_BASE is set to /Users/connor/Projects/work/emissary/target 
2023-12-12 00:43:54,111 [using logback-test.xml]  INFO emissary.command.BaseCommand -   - Setting emissary.config.dir to /Users/connor/Projects/work/emissary/target/config 
2023-12-12 00:43:54,111 [using logback-test.xml]  INFO emissary.command.BaseCommand -   - Setting emissary.bin.dir to /Users/connor/Projects/work/emissary/target/bin 
2023-12-12 00:43:54,111 [using logback-test.xml]  INFO emissary.command.BaseCommand -   - Setting emissary.output.root to /Users/connor/Projects/work/emissary/target/localoutput 
2023-12-12 00:43:54,111 [using logback-test.xml]  INFO emissary.command.BaseCommand -   - Emissary error dir set to /Users/connor/Projects/work/emissary/target/localerror 
2023-12-12 00:43:54,111 [using logback-test.xml]  INFO emissary.command.BaseCommand -   - Setting emissary.config.flavor to CLUSTER 
2023-12-12 00:43:54,111 [using logback-test.xml]  INFO emissary.command.BaseCommand -   - Setting emissary.node.name to localhost 
2023-12-12 00:43:54,111 [using logback-test.xml]  INFO emissary.command.BaseCommand -   - Setting emissary.node.port to 8001 
2023-12-12 00:43:54,111 [using logback-test.xml]  INFO emissary.command.BaseCommand -   - Setting emissary.node.scheme to http 
2023-12-12 00:43:54,111 [using logback-test.xml]  WARN emissary.command.BaseCommand -   - Not using /Users/connor/Projects/work/emissary/target/config/logback.xml, staying with test config file:/Users/connor/Projects/work/emissary/target/test-classes/logback-test.xml
2023-12-12 00:43:54,112 [using logback-test.xml]  INFO emissary.command.BaseCommand -   - Overriding current emissary.config.flavor CLUSTER to CLUSTER 
2023-12-12 00:43:54,112 [using logback-test.xml] DEBUG emissary.config.ConfigUtil -   - Loading config for (string) emissary.directory.MyDirectoryPlace.cfg
2023-12-12 00:43:54,113 [using logback-test.xml] DEBUG emissary.config.ConfigUtil -   - No file config found using new style emissary.directory.MyDirectoryPlace.cfg
2023-12-12 00:43:54,113 [using logback-test.xml] DEBUG emissary.config.ConfigUtil -   - No config data as resource for emissary/util/emissary/directory/MyDirectoryPlace.cfg
2023-12-12 00:43:54,113 [using logback-test.xml] DEBUG emissary.config.ConfigUtil -   - Found config data as resource file:/Users/connor/Projects/work/emissary/target/test-classes/emissary/directory/MyDirectoryPlace.cfg
2023-12-12 00:43:54,113 [using logback-test.xml] DEBUG emissary.config.ConfigUtil -   - Attempting flavor merge on emissary.directory.MyDirectoryPlace-CLUSTER.cfg
2023-12-12 00:43:54,113 [using logback-test.xml] DEBUG emissary.config.ConfigUtil -   - Loading config for (string) emissary.directory.MyDirectoryPlace-CLUSTER.cfg
2023-12-12 00:43:54,113 [using logback-test.xml] DEBUG emissary.config.ConfigUtil -   - No file config found using new style emissary.directory.MyDirectoryPlace-CLUSTER.cfg
2023-12-12 00:43:54,113 [using logback-test.xml] DEBUG emissary.config.ConfigUtil -   - No config data as resource for emissary/util/emissary/directory/MyDirectoryPlace-CLUSTER.cfg
2023-12-12 00:43:54,113 [using logback-test.xml] DEBUG emissary.config.ConfigUtil -   - No config data as resource for emissary/directory/MyDirectoryPlace-CLUSTER.cfg
2023-12-12 00:43:54,113 [using logback-test.xml] DEBUG emissary.config.ConfigUtil -   - No file config found using old style MyDirectoryPlace-CLUSTER.cfg
2023-12-12 00:43:54,113 [using logback-test.xml] DEBUG emissary.config.ConfigUtil -   - Unable to opt import flavor config emissary.directory.MyDirectoryPlace-CLUSTER.cfg
2023-12-12 00:43:54,113 [using logback-test.xml]  INFO emissary.core.BaseDataObject -   - Duplicate form ERROR being added through BaseDataObject.pushCurrentForm
2023-12-12 00:43:54,113 [using logback-test.xml]  INFO emissary.core.BaseDataObject -   - Duplicate form ERROR being added through BaseDataObject.addCurrentFormAt
2023-12-12 00:43:54,113 [using logback-test.xml]  INFO emissary.core.BaseDataObject -   - Duplicate form ERROR being added through BaseDataObject.pushCurrentForm
2023-12-12 00:43:54,113 [using logback-test.xml]  INFO emissary.core.BaseDataObject -   - Duplicate form ERROR being added through BaseDataObject.addCurrentFormAt
2023-12-12 00:43:54,113 [using logback-test.xml] ERROR emissary.core.MobileAgent -   - ERROR handling place produced an error, purging all current forms
2023-12-12 00:43:54,113 [using logback-test.xml] DEBUG emissary.config.ConfigUtil -   - Configured configDirProperty /Users/connor/Projects/work/emissary/target/config
2023-12-12 00:43:54,116 [using logback-test.xml]  INFO emissary.directory.RoutingAlgorithmTest$MyDirectoryPlace -   - Done shutting down DirectoryPlace
]]></system-out>
  </testcase>
  <testcase name="testCompleteKeyRouting" classname="emissary.directory.RoutingAlgorithmTest" time="0.003">
    <system-out><![CDATA[2023-12-12 00:43:54,117 [using logback-test.xml]  INFO emissary.command.BaseCommand -   - PROJECT_BASE is set to /Users/connor/Projects/work/emissary/target 
2023-12-12 00:43:54,117 [using logback-test.xml]  INFO emissary.command.BaseCommand -   - Setting emissary.config.dir to /Users/connor/Projects/work/emissary/target/config 
2023-12-12 00:43:54,117 [using logback-test.xml]  INFO emissary.command.BaseCommand -   - Setting emissary.bin.dir to /Users/connor/Projects/work/emissary/target/bin 
2023-12-12 00:43:54,117 [using logback-test.xml]  INFO emissary.command.BaseCommand -   - Setting emissary.output.root to /Users/connor/Projects/work/emissary/target/localoutput 
2023-12-12 00:43:54,117 [using logback-test.xml]  INFO emissary.command.BaseCommand -   - Emissary error dir set to /Users/connor/Projects/work/emissary/target/localerror 
2023-12-12 00:43:54,117 [using logback-test.xml]  INFO emissary.command.BaseCommand -   - Setting emissary.node.name to localhost 
2023-12-12 00:43:54,117 [using logback-test.xml]  INFO emissary.command.BaseCommand -   - Setting emissary.node.port to 8001 
2023-12-12 00:43:54,117 [using logback-test.xml]  INFO emissary.command.BaseCommand -   - Setting emissary.node.scheme to http 
2023-12-12 00:43:54,117 [using logback-test.xml]  WARN emissary.command.BaseCommand -   - Not using /Users/connor/Projects/work/emissary/target/config/logback.xml, staying with test config file:/Users/connor/Projects/work/emissary/target/test-classes/logback-test.xml
2023-12-12 00:43:54,118 [using logback-test.xml]  INFO emissary.command.BaseCommand -   - Overriding current emissary.config.flavor null to CLUSTER 
2023-12-12 00:43:54,118 [using logback-test.xml]  INFO emissary.command.BaseCommand -   - PROJECT_BASE is set to /Users/connor/Projects/work/emissary/target 
2023-12-12 00:43:54,118 [using logback-test.xml]  INFO emissary.command.BaseCommand -   - Setting emissary.config.dir to /Users/connor/Projects/work/emissary/target/config 
2023-12-12 00:43:54,118 [using logback-test.xml]  INFO emissary.command.BaseCommand -   - Setting emissary.bin.dir to /Users/connor/Projects/work/emissary/target/bin 
2023-12-12 00:43:54,118 [using logback-test.xml]  INFO emissary.command.BaseCommand -   - Setting emissary.output.root to /Users/connor/Projects/work/emissary/target/localoutput 
2023-12-12 00:43:54,118 [using logback-test.xml]  INFO emissary.command.BaseCommand -   - Emissary error dir set to /Users/connor/Projects/work/emissary/target/localerror 
2023-12-12 00:43:54,118 [using logback-test.xml]  INFO emissary.command.BaseCommand -   - Setting emissary.config.flavor to CLUSTER 
2023-12-12 00:43:54,118 [using logback-test.xml]  INFO emissary.command.BaseCommand -   - Setting emissary.node.name to localhost 
2023-12-12 00:43:54,118 [using logback-test.xml]  INFO emissary.command.BaseCommand -   - Setting emissary.node.port to 8001 
2023-12-12 00:43:54,118 [using logback-test.xml]  INFO emissary.command.BaseCommand -   - Setting emissary.node.scheme to http 
2023-12-12 00:43:54,118 [using logback-test.xml]  WARN emissary.command.BaseCommand -   - Not using /Users/connor/Projects/work/emissary/target/config/logback.xml, staying with test config file:/Users/connor/Projects/work/emissary/target/test-classes/logback-test.xml
2023-12-12 00:43:54,119 [using logback-test.xml]  INFO emissary.command.BaseCommand -   - Overriding current emissary.config.flavor CLUSTER to CLUSTER 
2023-12-12 00:43:54,119 [using logback-test.xml] DEBUG emissary.config.ConfigUtil -   - Loading config for (string) emissary.directory.MyDirectoryPlace.cfg
2023-12-12 00:43:54,119 [using logback-test.xml] DEBUG emissary.config.ConfigUtil -   - No file config found using new style emissary.directory.MyDirectoryPlace.cfg
2023-12-12 00:43:54,119 [using logback-test.xml] DEBUG emissary.config.ConfigUtil -   - No config data as resource for emissary/util/emissary/directory/MyDirectoryPlace.cfg
2023-12-12 00:43:54,119 [using logback-test.xml] DEBUG emissary.config.ConfigUtil -   - Found config data as resource file:/Users/connor/Projects/work/emissary/target/test-classes/emissary/directory/MyDirectoryPlace.cfg
2023-12-12 00:43:54,119 [using logback-test.xml] DEBUG emissary.config.ConfigUtil -   - Attempting flavor merge on emissary.directory.MyDirectoryPlace-CLUSTER.cfg
2023-12-12 00:43:54,119 [using logback-test.xml] DEBUG emissary.config.ConfigUtil -   - Loading config for (string) emissary.directory.MyDirectoryPlace-CLUSTER.cfg
2023-12-12 00:43:54,119 [using logback-test.xml] DEBUG emissary.config.ConfigUtil -   - No file config found using new style emissary.directory.MyDirectoryPlace-CLUSTER.cfg
2023-12-12 00:43:54,119 [using logback-test.xml] DEBUG emissary.config.ConfigUtil -   - No config data as resource for emissary/util/emissary/directory/MyDirectoryPlace-CLUSTER.cfg
2023-12-12 00:43:54,119 [using logback-test.xml] DEBUG emissary.config.ConfigUtil -   - No config data as resource for emissary/directory/MyDirectoryPlace-CLUSTER.cfg
2023-12-12 00:43:54,119 [using logback-test.xml] DEBUG emissary.config.ConfigUtil -   - No file config found using old style MyDirectoryPlace-CLUSTER.cfg
2023-12-12 00:43:54,119 [using logback-test.xml] DEBUG emissary.config.ConfigUtil -   - Unable to opt import flavor config emissary.directory.MyDirectoryPlace-CLUSTER.cfg
2023-12-12 00:43:54,120 [using logback-test.xml] ERROR emissary.core.BaseDataObject -   - INVALID FORM: The form can only contain a-z, A-Z, 0-9, '-', '_', '()', '/', '+'. Given form: FOO.s3.TRANSFORM.http://example.com:9999/T
2023-12-12 00:43:54,120 [using logback-test.xml] DEBUG emissary.config.ConfigUtil -   - Configured configDirProperty /Users/connor/Projects/work/emissary/target/config
2023-12-12 00:43:54,122 [using logback-test.xml]  INFO emissary.directory.RoutingAlgorithmTest$MyDirectoryPlace -   - Done shutting down DirectoryPlace
]]></system-out>
  </testcase>
  <testcase name="testWildCardProxyWithDeniedEntry" classname="emissary.directory.RoutingAlgorithmTest" time="0.005">
    <system-out><![CDATA[2023-12-12 00:43:54,123 [using logback-test.xml]  INFO emissary.command.BaseCommand -   - PROJECT_BASE is set to /Users/connor/Projects/work/emissary/target 
2023-12-12 00:43:54,123 [using logback-test.xml]  INFO emissary.command.BaseCommand -   - Setting emissary.config.dir to /Users/connor/Projects/work/emissary/target/config 
2023-12-12 00:43:54,123 [using logback-test.xml]  INFO emissary.command.BaseCommand -   - Setting emissary.bin.dir to /Users/connor/Projects/work/emissary/target/bin 
2023-12-12 00:43:54,123 [using logback-test.xml]  INFO emissary.command.BaseCommand -   - Setting emissary.output.root to /Users/connor/Projects/work/emissary/target/localoutput 
2023-12-12 00:43:54,123 [using logback-test.xml]  INFO emissary.command.BaseCommand -   - Emissary error dir set to /Users/connor/Projects/work/emissary/target/localerror 
2023-12-12 00:43:54,123 [using logback-test.xml]  INFO emissary.command.BaseCommand -   - Setting emissary.node.name to localhost 
2023-12-12 00:43:54,123 [using logback-test.xml]  INFO emissary.command.BaseCommand -   - Setting emissary.node.port to 8001 
2023-12-12 00:43:54,123 [using logback-test.xml]  INFO emissary.command.BaseCommand -   - Setting emissary.node.scheme to http 
2023-12-12 00:43:54,123 [using logback-test.xml]  WARN emissary.command.BaseCommand -   - Not using /Users/connor/Projects/work/emissary/target/config/logback.xml, staying with test config file:/Users/connor/Projects/work/emissary/target/test-classes/logback-test.xml
2023-12-12 00:43:54,124 [using logback-test.xml]  INFO emissary.command.BaseCommand -   - Overriding current emissary.config.flavor null to CLUSTER 
2023-12-12 00:43:54,124 [using logback-test.xml]  INFO emissary.command.BaseCommand -   - PROJECT_BASE is set to /Users/connor/Projects/work/emissary/target 
2023-12-12 00:43:54,124 [using logback-test.xml]  INFO emissary.command.BaseCommand -   - Setting emissary.config.dir to /Users/connor/Projects/work/emissary/target/config 
2023-12-12 00:43:54,124 [using logback-test.xml]  INFO emissary.command.BaseCommand -   - Setting emissary.bin.dir to /Users/connor/Projects/work/emissary/target/bin 
2023-12-12 00:43:54,124 [using logback-test.xml]  INFO emissary.command.BaseCommand -   - Setting emissary.output.root to /Users/connor/Projects/work/emissary/target/localoutput 
2023-12-12 00:43:54,124 [using logback-test.xml]  INFO emissary.command.BaseCommand -   - Emissary error dir set to /Users/connor/Projects/work/emissary/target/localerror 
2023-12-12 00:43:54,124 [using logback-test.xml]  INFO emissary.command.BaseCommand -   - Setting emissary.config.flavor to CLUSTER 
2023-12-12 00:43:54,124 [using logback-test.xml]  INFO emissary.command.BaseCommand -   - Setting emissary.node.name to localhost 
2023-12-12 00:43:54,124 [using logback-test.xml]  INFO emissary.command.BaseCommand -   - Setting emissary.node.port to 8001 
2023-12-12 00:43:54,124 [using logback-test.xml]  INFO emissary.command.BaseCommand -   - Setting emissary.node.scheme to http 
2023-12-12 00:43:54,124 [using logback-test.xml]  WARN emissary.command.BaseCommand -   - Not using /Users/connor/Projects/work/emissary/target/config/logback.xml, staying with test config file:/Users/connor/Projects/work/emissary/target/test-classes/logback-test.xml
2023-12-12 00:43:54,125 [using logback-test.xml]  INFO emissary.command.BaseCommand -   - Overriding current emissary.config.flavor CLUSTER to CLUSTER 
2023-12-12 00:43:54,125 [using logback-test.xml] DEBUG emissary.config.ConfigUtil -   - Loading config for (string) emissary.directory.MyDirectoryPlace.cfg
2023-12-12 00:43:54,125 [using logback-test.xml] DEBUG emissary.config.ConfigUtil -   - No file config found using new style emissary.directory.MyDirectoryPlace.cfg
2023-12-12 00:43:54,125 [using logback-test.xml] DEBUG emissary.config.ConfigUtil -   - No config data as resource for emissary/util/emissary/directory/MyDirectoryPlace.cfg
2023-12-12 00:43:54,125 [using logback-test.xml] DEBUG emissary.config.ConfigUtil -   - Found config data as resource file:/Users/connor/Projects/work/emissary/target/test-classes/emissary/directory/MyDirectoryPlace.cfg
2023-12-12 00:43:54,126 [using logback-test.xml] DEBUG emissary.config.ConfigUtil -   - Attempting flavor merge on emissary.directory.MyDirectoryPlace-CLUSTER.cfg
2023-12-12 00:43:54,126 [using logback-test.xml] DEBUG emissary.config.ConfigUtil -   - Loading config for (string) emissary.directory.MyDirectoryPlace-CLUSTER.cfg
2023-12-12 00:43:54,126 [using logback-test.xml] DEBUG emissary.config.ConfigUtil -   - No file config found using new style emissary.directory.MyDirectoryPlace-CLUSTER.cfg
2023-12-12 00:43:54,126 [using logback-test.xml] DEBUG emissary.config.ConfigUtil -   - No config data as resource for emissary/util/emissary/directory/MyDirectoryPlace-CLUSTER.cfg
2023-12-12 00:43:54,126 [using logback-test.xml] DEBUG emissary.config.ConfigUtil -   - No config data as resource for emissary/directory/MyDirectoryPlace-CLUSTER.cfg
2023-12-12 00:43:54,126 [using logback-test.xml] DEBUG emissary.config.ConfigUtil -   - No file config found using old style MyDirectoryPlace-CLUSTER.cfg
2023-12-12 00:43:54,126 [using logback-test.xml] DEBUG emissary.config.ConfigUtil -   - Unable to opt import flavor config emissary.directory.MyDirectoryPlace-CLUSTER.cfg
2023-12-12 00:43:54,126 [using logback-test.xml] DEBUG emissary.config.ConfigUtil -   - Loading config for (string) emissary/place/sample/DelayPlace.cfg
2023-12-12 00:43:54,126 [using logback-test.xml] DEBUG emissary.config.ConfigUtil -   - No file config found using new style DelayPlace.cfg
2023-12-12 00:43:54,126 [using logback-test.xml] DEBUG emissary.config.ConfigUtil -   - No config data as resource for emissary/util/emissary/place/sample/DelayPlace.cfg
2023-12-12 00:43:54,126 [using logback-test.xml] DEBUG emissary.config.ConfigUtil -   - Found config data as resource file:/Users/connor/Projects/work/emissary/target/classes/emissary/place/sample/DelayPlace.cfg
2023-12-12 00:43:54,126 [using logback-test.xml] DEBUG emissary.config.ConfigUtil -   - Attempting flavor merge on emissary/place/sample/DelayPlace-CLUSTER.cfg
2023-12-12 00:43:54,126 [using logback-test.xml] DEBUG emissary.config.ConfigUtil -   - Loading config for (string) emissary/place/sample/DelayPlace-CLUSTER.cfg
2023-12-12 00:43:54,126 [using logback-test.xml] DEBUG emissary.config.ConfigUtil -   - No file config found using new style DelayPlace-CLUSTER.cfg
2023-12-12 00:43:54,126 [using logback-test.xml] DEBUG emissary.config.ConfigUtil -   - No config data as resource for emissary/util/emissary/place/sample/DelayPlace-CLUSTER.cfg
2023-12-12 00:43:54,126 [using logback-test.xml] DEBUG emissary.config.ConfigUtil -   - No config data as resource for emissary/place/sample/DelayPlace-CLUSTER.cfg
2023-12-12 00:43:54,126 [using logback-test.xml] DEBUG emissary.config.ConfigUtil -   - No file config found using old style DelayPlace-CLUSTER.cfg
2023-12-12 00:43:54,126 [using logback-test.xml] DEBUG emissary.config.ConfigUtil -   - Unable to opt import flavor config emissary/place/sample/DelayPlace-CLUSTER.cfg
2023-12-12 00:43:54,127 [using logback-test.xml] DEBUG emissary.config.ConfigUtil -   - Configured configDirProperty /Users/connor/Projects/work/emissary/target/config
2023-12-12 00:43:54,130 [using logback-test.xml]  INFO emissary.directory.RoutingAlgorithmTest$MyDirectoryPlace -   - Done shutting down DirectoryPlace
]]></system-out>
  </testcase>
  <testcase name="testContractWithNextKeysPayload" classname="emissary.directory.RoutingAlgorithmTest" time="0.002">
    <system-out><![CDATA[2023-12-12 00:43:54,131 [using logback-test.xml]  INFO emissary.command.BaseCommand -   - PROJECT_BASE is set to /Users/connor/Projects/work/emissary/target 
2023-12-12 00:43:54,131 [using logback-test.xml]  INFO emissary.command.BaseCommand -   - Setting emissary.config.dir to /Users/connor/Projects/work/emissary/target/config 
2023-12-12 00:43:54,131 [using logback-test.xml]  INFO emissary.command.BaseCommand -   - Setting emissary.bin.dir to /Users/connor/Projects/work/emissary/target/bin 
2023-12-12 00:43:54,131 [using logback-test.xml]  INFO emissary.command.BaseCommand -   - Setting emissary.output.root to /Users/connor/Projects/work/emissary/target/localoutput 
2023-12-12 00:43:54,131 [using logback-test.xml]  INFO emissary.command.BaseCommand -   - Emissary error dir set to /Users/connor/Projects/work/emissary/target/localerror 
2023-12-12 00:43:54,131 [using logback-test.xml]  INFO emissary.command.BaseCommand -   - Setting emissary.node.name to localhost 
2023-12-12 00:43:54,131 [using logback-test.xml]  INFO emissary.command.BaseCommand -   - Setting emissary.node.port to 8001 
2023-12-12 00:43:54,131 [using logback-test.xml]  INFO emissary.command.BaseCommand -   - Setting emissary.node.scheme to http 
2023-12-12 00:43:54,131 [using logback-test.xml]  WARN emissary.command.BaseCommand -   - Not using /Users/connor/Projects/work/emissary/target/config/logback.xml, staying with test config file:/Users/connor/Projects/work/emissary/target/test-classes/logback-test.xml
2023-12-12 00:43:54,133 [using logback-test.xml]  INFO emissary.command.BaseCommand -   - Overriding current emissary.config.flavor null to CLUSTER 
2023-12-12 00:43:54,133 [using logback-test.xml]  INFO emissary.command.BaseCommand -   - PROJECT_BASE is set to /Users/connor/Projects/work/emissary/target 
2023-12-12 00:43:54,133 [using logback-test.xml]  INFO emissary.command.BaseCommand -   - Setting emissary.config.dir to /Users/connor/Projects/work/emissary/target/config 
2023-12-12 00:43:54,133 [using logback-test.xml]  INFO emissary.command.BaseCommand -   - Setting emissary.bin.dir to /Users/connor/Projects/work/emissary/target/bin 
2023-12-12 00:43:54,133 [using logback-test.xml]  INFO emissary.command.BaseCommand -   - Setting emissary.output.root to /Users/connor/Projects/work/emissary/target/localoutput 
2023-12-12 00:43:54,133 [using logback-test.xml]  INFO emissary.command.BaseCommand -   - Emissary error dir set to /Users/connor/Projects/work/emissary/target/localerror 
2023-12-12 00:43:54,133 [using logback-test.xml]  INFO emissary.command.BaseCommand -   - Setting emissary.config.flavor to CLUSTER 
2023-12-12 00:43:54,133 [using logback-test.xml]  INFO emissary.command.BaseCommand -   - Setting emissary.node.name to localhost 
2023-12-12 00:43:54,133 [using logback-test.xml]  INFO emissary.command.BaseCommand -   - Setting emissary.node.port to 8001 
2023-12-12 00:43:54,133 [using logback-test.xml]  INFO emissary.command.BaseCommand -   - Setting emissary.node.scheme to http 
2023-12-12 00:43:54,133 [using logback-test.xml]  WARN emissary.command.BaseCommand -   - Not using /Users/connor/Projects/work/emissary/target/config/logback.xml, staying with test config file:/Users/connor/Projects/work/emissary/target/test-classes/logback-test.xml
2023-12-12 00:43:54,133 [using logback-test.xml]  INFO emissary.command.BaseCommand -   - Overriding current emissary.config.flavor CLUSTER to CLUSTER 
2023-12-12 00:43:54,134 [using logback-test.xml] DEBUG emissary.config.ConfigUtil -   - Loading config for (string) emissary.directory.MyDirectoryPlace.cfg
2023-12-12 00:43:54,134 [using logback-test.xml] DEBUG emissary.config.ConfigUtil -   - No file config found using new style emissary.directory.MyDirectoryPlace.cfg
2023-12-12 00:43:54,134 [using logback-test.xml] DEBUG emissary.config.ConfigUtil -   - No config data as resource for emissary/util/emissary/directory/MyDirectoryPlace.cfg
2023-12-12 00:43:54,134 [using logback-test.xml] DEBUG emissary.config.ConfigUtil -   - Found config data as resource file:/Users/connor/Projects/work/emissary/target/test-classes/emissary/directory/MyDirectoryPlace.cfg
2023-12-12 00:43:54,134 [using logback-test.xml] DEBUG emissary.config.ConfigUtil -   - Attempting flavor merge on emissary.directory.MyDirectoryPlace-CLUSTER.cfg
2023-12-12 00:43:54,134 [using logback-test.xml] DEBUG emissary.config.ConfigUtil -   - Loading config for (string) emissary.directory.MyDirectoryPlace-CLUSTER.cfg
2023-12-12 00:43:54,134 [using logback-test.xml] DEBUG emissary.config.ConfigUtil -   - No file config found using new style emissary.directory.MyDirectoryPlace-CLUSTER.cfg
2023-12-12 00:43:54,134 [using logback-test.xml] DEBUG emissary.config.ConfigUtil -   - No config data as resource for emissary/util/emissary/directory/MyDirectoryPlace-CLUSTER.cfg
2023-12-12 00:43:54,134 [using logback-test.xml] DEBUG emissary.config.ConfigUtil -   - No config data as resource for emissary/directory/MyDirectoryPlace-CLUSTER.cfg
2023-12-12 00:43:54,134 [using logback-test.xml] DEBUG emissary.config.ConfigUtil -   - No file config found using old style MyDirectoryPlace-CLUSTER.cfg
2023-12-12 00:43:54,134 [using logback-test.xml] DEBUG emissary.config.ConfigUtil -   - Unable to opt import flavor config emissary.directory.MyDirectoryPlace-CLUSTER.cfg
2023-12-12 00:43:54,134 [using logback-test.xml]  WARN emissary.core.MobileAgent -   - Null payload or placein getNextKey
2023-12-12 00:43:54,135 [using logback-test.xml] DEBUG emissary.config.ConfigUtil -   - Configured configDirProperty /Users/connor/Projects/work/emissary/target/config
2023-12-12 00:43:54,136 [using logback-test.xml]  INFO emissary.directory.RoutingAlgorithmTest$MyDirectoryPlace -   - Done shutting down DirectoryPlace
]]></system-out>
  </testcase>
</testsuite>